{'task_id': 5, 'batchnorm_momentum': 0.0, 'mode': {'min_error': 0, 'name': 'classic', 'max_epochs': 25000}, 'learning_rate': 0.002, 'batchnorm': True}
{'tr': {'minibatch_size': 200, 'in_seq_len': 20, 'minibatch_mode': False, 'max_truncation': 5}, 'te': {'minibatch_size': 200, 'in_seq_len': 20, 'minibatch_mode': False, 'max_truncation': 5}, 'dataset': 'timit_s', 'va': {'in_seq_len': 20, 'minbatch_size': 200, 'minibatch_mode': False, 'max_truncation': 5}}
{'layer_configs': [{'layer_type': 'input'}, {'regularization': {'state_zo_prob': 0.1, 'output_zo_prob': 0.0, 'mode': 'zoneout'}, 'var_scope': 'lstm_0', 'layer_type': 'lstm', 'init_config': {'i': {'w': 'xavier', 'b': 'all_zero'}, 'f': {'w': 'xavier', 'b': 'all_one'}, 'o': {'w': 'xavier', 'b': 'all_zero'}, 'c': {'w': 'xavier', 'b': 'all_zero'}}}, {'regularization': {'state_zo_prob': 0.1, 'output_zo_prob': 0.0, 'mode': 'zoneout'}, 'var_scope': 'lstm_1', 'layer_type': 'lstm', 'init_config': {'i': {'w': 'xavier', 'b': 'all_zero'}, 'f': {'w': 'xavier', 'b': 'all_one'}, 'o': {'w': 'xavier', 'b': 'all_zero'}, 'c': {'w': 'xavier', 'b': 'all_zero'}}}, {'regularization': {'strength': 0.03, 'mode': 'l2'}, 'var_scope': 'output_layer', 'layer_type': 'fc', 'init_config': {'w': 'xavier', 'b': 'all_zero'}}], 'layout': [13, 90, 90, 54], 'output_type': 'classification', 'gradient_clip_value': 0.5}
{'include_out': False, 'include_pred': False, 'calc_performance_every': 1}

=============================
CONFIG FILE

RNN CONFIG
{'batchnorm': True,
 'batchnorm_momentum': 0.0,
 'learning_rate': 0.002,
 'mode': {'max_epochs': 25000, 'min_error': 0, 'name': 'classic'},
 'task_id': 5}

DATA CONFIG
{'dataset': 'timit_s',
 'te': {'in_seq_len': 20,
        'max_truncation': 5,
        'minibatch_mode': False,
        'minibatch_size': 200},
 'tr': {'in_seq_len': 20,
        'max_truncation': 5,
        'minibatch_mode': False,
        'minibatch_size': 200},
 'va': {'in_seq_len': 20,
        'max_truncation': 5,
        'minbatch_size': 200,
        'minibatch_mode': False}}

TRAINING CONFIG
{'gradient_clip_value': 0.5,
 'layer_configs': [{'layer_type': 'input'},
                   {'init_config': {'c': {'b': 'all_zero', 'w': 'xavier'},
                                    'f': {'b': 'all_one', 'w': 'xavier'},
                                    'i': {'b': 'all_zero', 'w': 'xavier'},
                                    'o': {'b': 'all_zero', 'w': 'xavier'}},
                    'layer_type': 'lstm',
                    'regularization': {'mode': 'zoneout',
                                       'output_zo_prob': 0.0,
                                       'state_zo_prob': 0.1},
                    'var_scope': 'lstm_0'},
                   {'init_config': {'c': {'b': 'all_zero', 'w': 'xavier'},
                                    'f': {'b': 'all_one', 'w': 'xavier'},
                                    'i': {'b': 'all_zero', 'w': 'xavier'},
                                    'o': {'b': 'all_zero', 'w': 'xavier'}},
                    'layer_type': 'lstm',
                    'regularization': {'mode': 'zoneout',
                                       'output_zo_prob': 0.0,
                                       'state_zo_prob': 0.1},
                    'var_scope': 'lstm_1'},
                   {'init_config': {'b': 'all_zero', 'w': 'xavier'},
                    'layer_type': 'fc',
                    'regularization': {'mode': 'l2', 'strength': 0.03},
                    'var_scope': 'output_layer'}],
 'layout': [13, 90, 90, 54],
 'output_type': 'classification'}
==============================


92
26
47
33
(29677, 13, 20)
(7417, 13, 20)
(18526, 13, 20)
