{'batchnorm_momentum': 0.0, 'batchnorm': 'fc', 'mode': {'name': 'classic', 'min_error': 0, 'max_epochs': 20000}, 'learning_rate': 0.002, 'task_id': 1}
{'dataset': 'penstroke', 'tr': {'minibatch_mode': False, 'max_truncation': 5, 'in_seq_len': 40, 'minibatch_size': 200}, 'va': {'minbatch_size': 200, 'minibatch_mode': False, 'max_truncation': 5, 'in_seq_len': 40}, 'te': {'minibatch_mode': False, 'max_truncation': 5, 'in_seq_len': 40, 'minibatch_size': 200}}
{'layout': [4, 45, 45, 10], 'gradient_clip_value': 0.5, 'layer_configs': [{'layer_type': 'input'}, {'layer_type': 'lstm', 'var_scope': 'lstm_0', 'init_config': {'f': {'w': 'xavier', 'b': 'all_one'}, 'c': {'w': 'xavier', 'b': 'all_zero'}, 'i': {'w': 'xavier', 'b': 'all_zero'}, 'o': {'w': 'xavier', 'b': 'all_zero'}}, 'regularization': {'mode': 'zoneout', 'state_zo_prob': 0.1, 'output_zo_prob': 0.01}}, {'layer_type': 'lstm', 'var_scope': 'lstm_1', 'init_config': {'f': {'w': 'xavier', 'b': 'all_one'}, 'i': {'w': 'xavier', 'b': 'all_zero'}, 'o': {'w': 'xavier', 'b': 'all_zero'}, 'c': {'w': 'xavier', 'b': 'all_zero'}}, 'regularization': {'mode': 'zoneout', 'state_zo_prob': 0.1, 'output_zo_prob': 0.01}}, {'layer_type': 'fc', 'var_scope': 'output_layer', 'init_config': {'w': 'xavier', 'b': 'all_zero'}, 'regularization': {'mode': 'l2', 'strength': 0.03}}], 'output_type': 'classification'}
{'include_pred': False, 'calc_performance_every': 1, 'include_out': False}

=============================
CONFIG FILE

RNN CONFIG
{'batchnorm': 'fc',
 'batchnorm_momentum': 0.0,
 'learning_rate': 0.002,
 'mode': {'max_epochs': 20000, 'min_error': 0, 'name': 'classic'},
 'task_id': 1}

DATA CONFIG
{'dataset': 'penstroke',
 'te': {'in_seq_len': 40,
        'max_truncation': 5,
        'minibatch_mode': False,
        'minibatch_size': 200},
 'tr': {'in_seq_len': 40,
        'max_truncation': 5,
        'minibatch_mode': False,
        'minibatch_size': 200},
 'va': {'in_seq_len': 40,
        'max_truncation': 5,
        'minbatch_size': 200,
        'minibatch_mode': False}}

TRAINING CONFIG
{'gradient_clip_value': 0.5,
 'layer_configs': [{'layer_type': 'input'},
                   {'init_config': {'c': {'b': 'all_zero', 'w': 'xavier'},
                                    'f': {'b': 'all_one', 'w': 'xavier'},
                                    'i': {'b': 'all_zero', 'w': 'xavier'},
                                    'o': {'b': 'all_zero', 'w': 'xavier'}},
                    'layer_type': 'lstm',
                    'regularization': {'mode': 'zoneout',
                                       'output_zo_prob': 0.01,
                                       'state_zo_prob': 0.1},
                    'var_scope': 'lstm_0'},
                   {'init_config': {'c': {'b': 'all_zero', 'w': 'xavier'},
                                    'f': {'b': 'all_one', 'w': 'xavier'},
                                    'i': {'b': 'all_zero', 'w': 'xavier'},
                                    'o': {'b': 'all_zero', 'w': 'xavier'}},
                    'layer_type': 'lstm',
                    'regularization': {'mode': 'zoneout',
                                       'output_zo_prob': 0.01,
                                       'state_zo_prob': 0.1},
                    'var_scope': 'lstm_1'},
                   {'init_config': {'b': 'all_zero', 'w': 'xavier'},
                    'layer_type': 'fc',
                    'regularization': {'mode': 'l2', 'strength': 0.03},
                    'var_scope': 'output_layer'}],
 'layout': [4, 45, 45, 10],
 'output_type': 'classification'}
==============================


14022
tr
(9940, 4, 40)
2801
va
(2120, 4, 40)
2565
te
(1780, 4, 40)
