{'batchnorm_momentum': 0.0, 'batchnorm': True, 'mode': {'name': 'classic', 'min_error': 0, 'max_epochs': 35000}, 'learning_rate': 0.002, 'task_id': 2}
{'tr': {'minibatch_mode': False, 'in_seq_len': 20, 'minibatch_size': 200, 'max_truncation': 5}, 'va': {'minibatch_mode': False, 'in_seq_len': 20, 'max_truncation': 5, 'minbatch_size': 200}, 'dataset': 'timit_s', 'te': {'minibatch_mode': False, 'in_seq_len': 20, 'minibatch_size': 200, 'max_truncation': 5}}
{'output_type': 'classification', 'layer_configs': [{'layer_type': 'input'}, {'layer_type': 'lstm', 'var_scope': 'lstm_0', 'regularization': {'mode': 'zoneout', 'output_zo_prob': 0.0, 'state_zo_prob': 0.0}, 'init_config': {'c': {'b': 'all_zero', 'w': 'xavier'}, 'i': {'b': 'all_zero', 'w': 'xavier'}, 'f': {'b': 'all_one', 'w': 'xavier'}, 'o': {'b': 'all_zero', 'w': 'xavier'}}}, {'layer_type': 'lstm', 'var_scope': 'lstm_1', 'regularization': {'mode': 'zoneout', 'output_zo_prob': 0.0, 'state_zo_prob': 0.0}, 'init_config': {'c': {'b': 'all_zero', 'w': 'xavier'}, 'o': {'b': 'all_zero', 'w': 'xavier'}, 'f': {'b': 'all_one', 'w': 'xavier'}, 'i': {'b': 'all_zero', 'w': 'xavier'}}}, {'layer_type': 'fc', 'var_scope': 'output_layer', 'regularization': {'mode': 'l2', 'strength': 0.1}, 'init_config': {'b': 'all_zero', 'w': 'xavier'}}], 'gradient_clip_value': 0.1, 'layout': [13, 80, 80, 54]}
{'calc_performance_every': 1, 'include_out': False, 'include_pred': False}

=============================
CONFIG FILE

RNN CONFIG
{'batchnorm': True,
 'batchnorm_momentum': 0.0,
 'learning_rate': 0.002,
 'mode': {'max_epochs': 35000, 'min_error': 0, 'name': 'classic'},
 'task_id': 2}

DATA CONFIG
{'dataset': 'timit_s',
 'te': {'in_seq_len': 20,
        'max_truncation': 5,
        'minibatch_mode': False,
        'minibatch_size': 200},
 'tr': {'in_seq_len': 20,
        'max_truncation': 5,
        'minibatch_mode': False,
        'minibatch_size': 200},
 'va': {'in_seq_len': 20,
        'max_truncation': 5,
        'minbatch_size': 200,
        'minibatch_mode': False}}

TRAINING CONFIG
{'gradient_clip_value': 0.1,
 'layer_configs': [{'layer_type': 'input'},
                   {'init_config': {'c': {'b': 'all_zero', 'w': 'xavier'},
                                    'f': {'b': 'all_one', 'w': 'xavier'},
                                    'i': {'b': 'all_zero', 'w': 'xavier'},
                                    'o': {'b': 'all_zero', 'w': 'xavier'}},
                    'layer_type': 'lstm',
                    'regularization': {'mode': 'zoneout',
                                       'output_zo_prob': 0.0,
                                       'state_zo_prob': 0.0},
                    'var_scope': 'lstm_0'},
                   {'init_config': {'c': {'b': 'all_zero', 'w': 'xavier'},
                                    'f': {'b': 'all_one', 'w': 'xavier'},
                                    'i': {'b': 'all_zero', 'w': 'xavier'},
                                    'o': {'b': 'all_zero', 'w': 'xavier'}},
                    'layer_type': 'lstm',
                    'regularization': {'mode': 'zoneout',
                                       'output_zo_prob': 0.0,
                                       'state_zo_prob': 0.0},
                    'var_scope': 'lstm_1'},
                   {'init_config': {'b': 'all_zero', 'w': 'xavier'},
                    'layer_type': 'fc',
                    'regularization': {'mode': 'l2', 'strength': 0.1},
                    'var_scope': 'output_layer'}],
 'layout': [13, 80, 80, 54],
 'output_type': 'classification'}
==============================


96
22
47
33
(29673, 13, 20)
(7421, 13, 20)
(18526, 13, 20)
