2019-09-13 15:14:16.352315: I tensorflow/core/platform/cpu_feature_guard.cc:141] Your CPU supports instructions that this TensorFlow binary was not compiled to use: SSE4.1 SSE4.2 AVX AVX2 FMA
2019-09-13 15:14:16.437754: I tensorflow/stream_executor/cuda/cuda_gpu_executor.cc:897] successful NUMA node read from SysFS had negative value (-1), but there must be at least one NUMA node, so returning NUMA node zero
2019-09-13 15:14:16.438277: I tensorflow/core/common_runtime/gpu/gpu_device.cc:1405] Found device 0 with properties: 
name: GeForce GT 1030 major: 6 minor: 1 memoryClockRate(GHz): 1.468
pciBusID: 0000:41:00.0
totalMemory: 1.95GiB freeMemory: 1.11GiB
2019-09-13 15:14:16.438327: I tensorflow/core/common_runtime/gpu/gpu_device.cc:1484] Adding visible gpu devices: 0
2019-09-13 15:14:17.829332: I tensorflow/core/common_runtime/gpu/gpu_device.cc:965] Device interconnect StreamExecutor with strength 1 edge matrix:
2019-09-13 15:14:17.829443: I tensorflow/core/common_runtime/gpu/gpu_device.cc:971]      0 
2019-09-13 15:14:17.829508: I tensorflow/core/common_runtime/gpu/gpu_device.cc:984] 0:   N 
2019-09-13 15:14:17.829813: I tensorflow/core/common_runtime/gpu/gpu_device.cc:1097] Created TensorFlow device (/job:localhost/replica:0/task:0/device:GPU:0 with 604 MB memory) -> physical GPU (device: 0, name: GeForce GT 1030, pci bus id: 0000:41:00.0, compute capability: 6.1)
2019-09-13 15:14:17.833142: E tensorflow/stream_executor/cuda/cuda_driver.cc:903] failed to allocate 604.81M (634191872 bytes) from device: CUDA_ERROR_OUT_OF_MEMORY
2019-09-13 15:14:17.833459: E tensorflow/stream_executor/cuda/cuda_driver.cc:903] failed to allocate 544.33M (570772736 bytes) from device: CUDA_ERROR_OUT_OF_MEMORY
2019-09-13 15:14:17.833673: E tensorflow/stream_executor/cuda/cuda_driver.cc:903] failed to allocate 489.90M (513695488 bytes) from device: CUDA_ERROR_OUT_OF_MEMORY
2019-09-13 15:14:17.833902: E tensorflow/stream_executor/cuda/cuda_driver.cc:903] failed to allocate 440.91M (462326016 bytes) from device: CUDA_ERROR_OUT_OF_MEMORY
2019-09-13 15:14:17.834228: E tensorflow/stream_executor/cuda/cuda_driver.cc:903] failed to allocate 396.82M (416093440 bytes) from device: CUDA_ERROR_OUT_OF_MEMORY
2019-09-13 15:14:17.834638: E tensorflow/stream_executor/cuda/cuda_driver.cc:903] failed to allocate 357.14M (374484224 bytes) from device: CUDA_ERROR_OUT_OF_MEMORY
2019-09-13 15:14:17.834873: E tensorflow/stream_executor/cuda/cuda_driver.cc:903] failed to allocate 321.42M (337036032 bytes) from device: CUDA_ERROR_OUT_OF_MEMORY
2019-09-13 15:14:17.835117: E tensorflow/stream_executor/cuda/cuda_driver.cc:903] failed to allocate 289.28M (303332608 bytes) from device: CUDA_ERROR_OUT_OF_MEMORY
2019-09-13 15:14:17.835325: E tensorflow/stream_executor/cuda/cuda_driver.cc:903] failed to allocate 260.35M (272999424 bytes) from device: CUDA_ERROR_OUT_OF_MEMORY
2019-09-13 15:14:17.835542: E tensorflow/stream_executor/cuda/cuda_driver.cc:903] failed to allocate 234.32M (245699584 bytes) from device: CUDA_ERROR_OUT_OF_MEMORY
2019-09-13 15:14:17.835753: E tensorflow/stream_executor/cuda/cuda_driver.cc:903] failed to allocate 210.89M (221129728 bytes) from device: CUDA_ERROR_OUT_OF_MEMORY
2019-09-13 15:14:17.835962: E tensorflow/stream_executor/cuda/cuda_driver.cc:903] failed to allocate 189.80M (199016960 bytes) from device: CUDA_ERROR_OUT_OF_MEMORY
2019-09-13 15:14:17.836197: E tensorflow/stream_executor/cuda/cuda_driver.cc:903] failed to allocate 170.82M (179115264 bytes) from device: CUDA_ERROR_OUT_OF_MEMORY
2019-09-13 15:14:17.836408: E tensorflow/stream_executor/cuda/cuda_driver.cc:903] failed to allocate 153.74M (161203968 bytes) from device: CUDA_ERROR_OUT_OF_MEMORY
2019-09-13 15:14:17.836813: E tensorflow/stream_executor/cuda/cuda_driver.cc:903] failed to allocate 138.36M (145083648 bytes) from device: CUDA_ERROR_OUT_OF_MEMORY
2019-09-13 15:14:17.837024: E tensorflow/stream_executor/cuda/cuda_driver.cc:903] failed to allocate 124.53M (130575360 bytes) from device: CUDA_ERROR_OUT_OF_MEMORY
2019-09-13 15:14:17.837275: E tensorflow/stream_executor/cuda/cuda_driver.cc:903] failed to allocate 112.07M (117517824 bytes) from device: CUDA_ERROR_OUT_OF_MEMORY
2019-09-13 15:14:17.837521: E tensorflow/stream_executor/cuda/cuda_driver.cc:903] failed to allocate 100.87M (105766144 bytes) from device: CUDA_ERROR_OUT_OF_MEMORY
2019-09-13 15:14:17.837749: E tensorflow/stream_executor/cuda/cuda_driver.cc:903] failed to allocate 90.78M (95189760 bytes) from device: CUDA_ERROR_OUT_OF_MEMORY
2019-09-13 15:14:17.838141: E tensorflow/stream_executor/cuda/cuda_driver.cc:903] failed to allocate 81.70M (85670912 bytes) from device: CUDA_ERROR_OUT_OF_MEMORY
2019-09-13 15:14:17.838345: E tensorflow/stream_executor/cuda/cuda_driver.cc:903] failed to allocate 73.53M (77103872 bytes) from device: CUDA_ERROR_OUT_OF_MEMORY
2019-09-13 15:14:17.838577: E tensorflow/stream_executor/cuda/cuda_driver.cc:903] failed to allocate 66.18M (69393664 bytes) from device: CUDA_ERROR_OUT_OF_MEMORY
2019-09-13 15:14:17.838856: E tensorflow/stream_executor/cuda/cuda_driver.cc:903] failed to allocate 59.56M (62454528 bytes) from device: CUDA_ERROR_OUT_OF_MEMORY
2019-09-13 15:14:17.839072: E tensorflow/stream_executor/cuda/cuda_driver.cc:903] failed to allocate 53.60M (56209152 bytes) from device: CUDA_ERROR_OUT_OF_MEMORY
2019-09-13 15:14:17.839290: E tensorflow/stream_executor/cuda/cuda_driver.cc:903] failed to allocate 48.24M (50588416 bytes) from device: CUDA_ERROR_OUT_OF_MEMORY
2019-09-13 15:14:17.839500: E tensorflow/stream_executor/cuda/cuda_driver.cc:903] failed to allocate 43.42M (45529600 bytes) from device: CUDA_ERROR_OUT_OF_MEMORY
2019-09-13 15:14:17.839749: E tensorflow/stream_executor/cuda/cuda_driver.cc:903] failed to allocate 39.08M (40976640 bytes) from device: CUDA_ERROR_OUT_OF_MEMORY
2019-09-13 15:14:17.839979: E tensorflow/stream_executor/cuda/cuda_driver.cc:903] failed to allocate 35.17M (36879104 bytes) from device: CUDA_ERROR_OUT_OF_MEMORY
2019-09-13 15:14:17.840235: E tensorflow/stream_executor/cuda/cuda_driver.cc:903] failed to allocate 31.65M (33191424 bytes) from device: CUDA_ERROR_OUT_OF_MEMORY
2019-09-13 15:14:17.840454: E tensorflow/stream_executor/cuda/cuda_driver.cc:903] failed to allocate 28.49M (29872384 bytes) from device: CUDA_ERROR_OUT_OF_MEMORY
2019-09-13 15:14:17.840663: E tensorflow/stream_executor/cuda/cuda_driver.cc:903] failed to allocate 25.64M (26885376 bytes) from device: CUDA_ERROR_OUT_OF_MEMORY
2019-09-13 15:14:17.840954: E tensorflow/stream_executor/cuda/cuda_driver.cc:903] failed to allocate 23.08M (24196864 bytes) from device: CUDA_ERROR_OUT_OF_MEMORY
2019-09-13 15:14:17.841223: E tensorflow/stream_executor/cuda/cuda_driver.cc:903] failed to allocate 20.77M (21777408 bytes) from device: CUDA_ERROR_OUT_OF_MEMORY
2019-09-13 15:14:17.841614: E tensorflow/stream_executor/cuda/cuda_driver.cc:903] failed to allocate 18.69M (19599872 bytes) from device: CUDA_ERROR_OUT_OF_MEMORY
2019-09-13 15:14:17.841884: E tensorflow/stream_executor/cuda/cuda_driver.cc:903] failed to allocate 16.82M (17639936 bytes) from device: CUDA_ERROR_OUT_OF_MEMORY
2019-09-13 15:14:17.842146: E tensorflow/stream_executor/cuda/cuda_driver.cc:903] failed to allocate 15.14M (15876096 bytes) from device: CUDA_ERROR_OUT_OF_MEMORY
2019-09-13 15:14:17.842451: E tensorflow/stream_executor/cuda/cuda_driver.cc:903] failed to allocate 13.63M (14288640 bytes) from device: CUDA_ERROR_OUT_OF_MEMORY
2019-09-13 15:14:17.842739: E tensorflow/stream_executor/cuda/cuda_driver.cc:903] failed to allocate 12.26M (12859904 bytes) from device: CUDA_ERROR_OUT_OF_MEMORY
2019-09-13 15:14:17.843093: E tensorflow/stream_executor/cuda/cuda_driver.cc:903] failed to allocate 11.04M (11574016 bytes) from device: CUDA_ERROR_OUT_OF_MEMORY
2019-09-13 15:14:17.843384: E tensorflow/stream_executor/cuda/cuda_driver.cc:903] failed to allocate 9.93M (10416640 bytes) from device: CUDA_ERROR_OUT_OF_MEMORY
2019-09-13 15:14:17.843656: E tensorflow/stream_executor/cuda/cuda_driver.cc:903] failed to allocate 8.94M (9374976 bytes) from device: CUDA_ERROR_OUT_OF_MEMORY
2019-09-13 15:14:17.843974: E tensorflow/stream_executor/cuda/cuda_driver.cc:903] failed to allocate 8.05M (8437504 bytes) from device: CUDA_ERROR_OUT_OF_MEMORY
2019-09-13 15:14:18.564745: E tensorflow/stream_executor/cuda/cuda_driver.cc:903] failed to allocate 597.57M (626597888 bytes) from device: CUDA_ERROR_OUT_OF_MEMORY
2019-09-13 15:14:18.565220: E tensorflow/stream_executor/cuda/cuda_driver.cc:903] failed to allocate 597.57M (626597888 bytes) from device: CUDA_ERROR_OUT_OF_MEMORY
/clusterFS/home/student/kopp13/miniconda3/envs/tensorflow/lib/python3.5/site-packages/numpy/core/_methods.py:140: RuntimeWarning: Degrees of freedom <= 0 for slice
  keepdims=keepdims)
/clusterFS/home/student/kopp13/miniconda3/envs/tensorflow/lib/python3.5/site-packages/numpy/core/_methods.py:132: RuntimeWarning: invalid value encountered in true_divide
  ret = ret.dtype.type(ret / rcount)
