{'mode': {'name': 'classic', 'max_epochs': 600, 'min_error': 0}, 'learning_rate': 0.1, 'task_id': 0}
{'tr': {'zero_padding': 0, 'out_seq_len': 1, 'extract_seqs': False, 'batch_size': 5000, 'in_seq_len': 40, 'mini_batch_mode': False}, 'dataset': 'penstroke', 'va': {'zero_padding': 0, 'out_seq_len': 1, 'extract_seqs': False, 'batch_size': 5000, 'in_seq_len': 40, 'mini_batch_mode': False}}
{'gradient_clip_value': 0.5, 'output_type': 'classification', 'layer_configs': [{'layer_type': 'input'}, {'layer_type': 'lstm', 'is_output': False, 'init_config': {'o': {'b': 'all_zero', 'w': 'xavier'}, 'i': {'b': 'all_zero', 'w': 'xavier'}, 'f': {'b': 'all_one', 'w': 'all_zero'}, 'c': {'b': 'all_zero', 'w': 'xavier'}}, 'var_scope': 'lstm_0', 'is_recurrent': True, 'regularization': {'mode': 'zoneout', 'output_zo_prob': 0.05, 'state_zo_prob': 0.3}}, {'var_scope': 'lstm_1', 'is_output': False, 'layer_type': 'lstm', 'is_recurrent': True, 'init_config': {'o': {'b': 'all_zero', 'w': 'xavier'}, 'i': {'b': 'all_zero', 'w': 'xavier'}, 'f': {'b': 'all_one', 'w': 'all_zero'}, 'c': {'b': 'all_zero', 'w': 'xavier'}}, 'regularization': {'mode': 'zoneout', 'output_zo_prob': 0.05, 'state_zo_prob': 0.3}}, {'var_scope': 'output_layer', 'is_output': True, 'layer_type': 'fc', 'is_recurrent': False, 'init_config': {'b': 'all_zero', 'w': 'xavier'}, 'regularization': {'mode': 'l2', 'strength': 0.003}}], 'layout': [4, 60, 60, 10]}
{'include_out': False, 'include_pred': False, 'calc_performance_every': 1}

=============================
CONFIG FILE

RNN CONFIG
{'gradient_clip_value': 0.5,
 'layer_configs': [{'layer_type': 'input'},
                   {'init_config': {'c': {'b': 'all_zero', 'w': 'xavier'},
                                    'f': {'b': 'all_one', 'w': 'all_zero'},
                                    'i': {'b': 'all_zero', 'w': 'xavier'},
                                    'o': {'b': 'all_zero', 'w': 'xavier'}},
                    'is_output': False,
                    'is_recurrent': True,
                    'layer_type': 'lstm',
                    'regularization': {'mode': 'zoneout',
                                       'output_zo_prob': 0.05,
                                       'state_zo_prob': 0.3},
                    'var_scope': 'lstm_0'},
                   {'init_config': {'c': {'b': 'all_zero', 'w': 'xavier'},
                                    'f': {'b': 'all_one', 'w': 'all_zero'},
                                    'i': {'b': 'all_zero', 'w': 'xavier'},
                                    'o': {'b': 'all_zero', 'w': 'xavier'}},
                    'is_output': False,
                    'is_recurrent': True,
                    'layer_type': 'lstm',
                    'regularization': {'mode': 'zoneout',
                                       'output_zo_prob': 0.05,
                                       'state_zo_prob': 0.3},
                    'var_scope': 'lstm_1'},
                   {'init_config': {'b': 'all_zero', 'w': 'xavier'},
                    'is_output': True,
                    'is_recurrent': False,
                    'layer_type': 'fc',
                    'regularization': {'mode': 'l2', 'strength': 0.003},
                    'var_scope': 'output_layer'}],
 'layout': [4, 60, 60, 10],
 'output_type': 'classification'}

DATA CONFIG
{'dataset': 'penstroke',
 'tr': {'batch_size': 5000,
        'extract_seqs': False,
        'in_seq_len': 40,
        'mini_batch_mode': False,
        'out_seq_len': 1,
        'zero_padding': 0},
 'va': {'batch_size': 5000,
        'extract_seqs': False,
        'in_seq_len': 40,
        'mini_batch_mode': False,
        'out_seq_len': 1,
        'zero_padding': 0}}

TRAINING CONFIG
{'learning_rate': 0.1,
 'mode': {'max_epochs': 600, 'min_error': 0, 'name': 'classic'},
 'task_id': 0}
==============================


  0,  0 | TrAcc: 0.0906, TrLoss:  2.31640, VaAcc: 0.1365, VaLoss:  2.29934
  1,  0 | TrAcc: 0.2317, TrLoss:  3.52210, VaAcc: 0.2131, VaLoss:  3.61514
  2,  0 | TrAcc: 0.1025, TrLoss:  2.58495, VaAcc: 0.1032, VaLoss:  2.56133
  3,  0 | TrAcc: 0.1198, TrLoss:  2.58470, VaAcc: 0.0260, VaLoss:  2.38601
  4,  0 | TrAcc: 0.2212, TrLoss:  2.21114, VaAcc: 0.0234, VaLoss:  2.42123
  5,  0 | TrAcc: 0.0695, TrLoss:  2.59617, VaAcc: 0.2485, VaLoss:  2.14733
  6,  0 | TrAcc: 0.2077, TrLoss:  2.29749, VaAcc: 0.2092, VaLoss:  2.28935
  7,  0 | TrAcc: 0.2074, TrLoss:  2.25903, VaAcc: 0.2082, VaLoss:  2.22666
  8,  0 | TrAcc: 0.2979, TrLoss:  2.29208, VaAcc: 0.2873, VaLoss:  2.29866
  9,  0 | TrAcc: 0.0859, TrLoss:  2.26177, VaAcc: 0.0772, VaLoss:  2.26621
 10,  0 | TrAcc: 0.2095, TrLoss:  2.20158, VaAcc: 0.2107, VaLoss:  2.19846
 11,  0 | TrAcc: 0.1797, TrLoss:  2.21541, VaAcc: 0.1831, VaLoss:  2.20847
 12,  0 | TrAcc: 0.2150, TrLoss:  2.23522, VaAcc: 0.2199, VaLoss:  2.22810
 13,  0 | TrAcc: 0.2091, TrLoss:  2.20905, VaAcc: 0.2118, VaLoss:  2.20524
 14,  0 | TrAcc: 0.1649, TrLoss:  2.20876, VaAcc: 0.1652, VaLoss:  2.20858
 15,  0 | TrAcc: 0.2927, TrLoss:  2.15404, VaAcc: 0.2927, VaLoss:  2.15288
 16,  0 | TrAcc: 0.2177, TrLoss:  2.14818, VaAcc: 0.2161, VaLoss:  2.14523
 17,  0 | TrAcc: 0.2653, TrLoss:  2.12082, VaAcc: 0.2678, VaLoss:  2.11929
 18,  0 | TrAcc: 0.2607, TrLoss:  2.10686, VaAcc: 0.2599, VaLoss:  2.10416
 19,  0 | TrAcc: 0.3145, TrLoss:  2.07530, VaAcc: 0.3066, VaLoss:  2.07251
 20,  0 | TrAcc: 0.3158, TrLoss:  2.06279, VaAcc: 0.3073, VaLoss:  2.06283
 21,  0 | TrAcc: 0.3003, TrLoss:  2.05297, VaAcc: 0.2938, VaLoss:  2.05446
 22,  0 | TrAcc: 0.3113, TrLoss:  2.02850, VaAcc: 0.3051, VaLoss:  2.03401
 23,  0 | TrAcc: 0.3106, TrLoss:  2.00875, VaAcc: 0.3047, VaLoss:  2.01754
 24,  0 | TrAcc: 0.3137, TrLoss:  1.98186, VaAcc: 0.3077, VaLoss:  1.99034
 25,  0 | TrAcc: 0.2827, TrLoss:  1.98031, VaAcc: 0.2828, VaLoss:  1.97139
 26,  0 | TrAcc: 0.3337, TrLoss:  2.03332, VaAcc: 0.3300, VaLoss:  2.03612
 27,  0 | TrAcc: 0.3186, TrLoss:  2.05220, VaAcc: 0.3092, VaLoss:  2.05221
 28,  0 | TrAcc: 0.2776, TrLoss:  1.96134, VaAcc: 0.2710, VaLoss:  1.97474
 29,  0 | TrAcc: 0.2090, TrLoss:  2.24485, VaAcc: 0.2084, VaLoss:  2.23590
 30,  0 | TrAcc: 0.3148, TrLoss:  1.99624, VaAcc: 0.3062, VaLoss:  2.00376
 31,  0 | TrAcc: 0.3056, TrLoss:  2.16560, VaAcc: 0.3017, VaLoss:  2.16049
 32,  0 | TrAcc: 0.2733, TrLoss:  2.16763, VaAcc: 0.2884, VaLoss:  2.14873
 33,  0 | TrAcc: 0.2874, TrLoss:  2.08249, VaAcc: 0.2948, VaLoss:  2.07141
 34,  0 | TrAcc: 0.3089, TrLoss:  2.05883, VaAcc: 0.3056, VaLoss:  2.06927
 35,  0 | TrAcc: 0.3224, TrLoss:  2.10012, VaAcc: 0.3174, VaLoss:  2.12814
 36,  0 | TrAcc: 0.2799, TrLoss:  2.11982, VaAcc: 0.2727, VaLoss:  2.15510
 37,  0 | TrAcc: 0.2790, TrLoss:  2.06230, VaAcc: 0.2730, VaLoss:  2.08556
 38,  0 | TrAcc: 0.2764, TrLoss:  2.03084, VaAcc: 0.2738, VaLoss:  2.04168
 39,  0 | TrAcc: 0.3128, TrLoss:  2.01319, VaAcc: 0.3099, VaLoss:  2.02132
 40,  0 | TrAcc: 0.3166, TrLoss:  1.96688, VaAcc: 0.3107, VaLoss:  1.98555
 41,  0 | TrAcc: 0.3195, TrLoss:  1.96918, VaAcc: 0.3124, VaLoss:  1.99300
 42,  0 | TrAcc: 0.3162, TrLoss:  1.95665, VaAcc: 0.3079, VaLoss:  1.97690
 43,  0 | TrAcc: 0.3226, TrLoss:  1.94538, VaAcc: 0.3124, VaLoss:  1.96430
 44,  0 | TrAcc: 0.3310, TrLoss:  1.94802, VaAcc: 0.3225, VaLoss:  1.96125
 45,  0 | TrAcc: 0.3269, TrLoss:  1.92549, VaAcc: 0.3228, VaLoss:  1.93557
 46,  0 | TrAcc: 0.2819, TrLoss:  1.91082, VaAcc: 0.2749, VaLoss:  1.91147
 47,  0 | TrAcc: 0.2801, TrLoss:  1.88099, VaAcc: 0.2719, VaLoss:  1.88725
 48,  0 | TrAcc: 0.3173, TrLoss:  1.87178, VaAcc: 0.3152, VaLoss:  1.88440
 49,  0 | TrAcc: 0.3163, TrLoss:  1.85065, VaAcc: 0.3139, VaLoss:  1.85633
 50,  0 | TrAcc: 0.3133, TrLoss:  1.84048, VaAcc: 0.3092, VaLoss:  1.84676
 51,  0 | TrAcc: 0.3158, TrLoss:  1.84174, VaAcc: 0.3088, VaLoss:  1.86272
 52,  0 | TrAcc: 0.3155, TrLoss:  1.81704, VaAcc: 0.3107, VaLoss:  1.82904
 53,  0 | TrAcc: 0.2793, TrLoss:  1.84641, VaAcc: 0.3049, VaLoss:  1.82134
 54,  0 | TrAcc: 0.2825, TrLoss:  1.83688, VaAcc: 0.2713, VaLoss:  1.85379
 55,  0 | TrAcc: 0.3319, TrLoss:  1.85443, VaAcc: 0.3247, VaLoss:  1.86917
 56,  0 | TrAcc: 0.3222, TrLoss:  1.82508, VaAcc: 0.3161, VaLoss:  1.84094
 57,  0 | TrAcc: 0.3170, TrLoss:  1.85409, VaAcc: 0.3140, VaLoss:  1.86436
 58,  0 | TrAcc: 0.3169, TrLoss:  1.83384, VaAcc: 0.3125, VaLoss:  1.84854
 59,  0 | TrAcc: 0.3176, TrLoss:  1.83780, VaAcc: 0.3118, VaLoss:  1.85500
 60,  0 | TrAcc: 0.3206, TrLoss:  1.81202, VaAcc: 0.3193, VaLoss:  1.82495
 61,  0 | TrAcc: 0.2919, TrLoss:  1.79340, VaAcc: 0.2792, VaLoss:  1.80238
 62,  0 | TrAcc: 0.2821, TrLoss:  1.79708, VaAcc: 0.2708, VaLoss:  1.80659
 63,  0 | TrAcc: 0.2898, TrLoss:  1.78549, VaAcc: 0.2792, VaLoss:  1.79739
 64,  0 | TrAcc: 0.3321, TrLoss:  1.77336, VaAcc: 0.3273, VaLoss:  1.78760
 65,  0 | TrAcc: 0.3295, TrLoss:  1.77010, VaAcc: 0.3230, VaLoss:  1.78129
 66,  0 | TrAcc: 0.3242, TrLoss:  1.75509, VaAcc: 0.3212, VaLoss:  1.76349
 67,  0 | TrAcc: 0.3225, TrLoss:  1.75252, VaAcc: 0.3234, VaLoss:  1.75117
 68,  0 | TrAcc: 0.3284, TrLoss:  1.73040, VaAcc: 0.3287, VaLoss:  1.73049
 69,  0 | TrAcc: 0.3327, TrLoss:  1.73727, VaAcc: 0.3335, VaLoss:  1.73650
 70,  0 | TrAcc: 0.3315, TrLoss:  1.72445, VaAcc: 0.3296, VaLoss:  1.72942
 71,  0 | TrAcc: 0.3298, TrLoss:  1.72390, VaAcc: 0.3294, VaLoss:  1.72409
 72,  0 | TrAcc: 0.3310, TrLoss:  1.70856, VaAcc: 0.3318, VaLoss:  1.71466
 73,  0 | TrAcc: 0.3360, TrLoss:  1.70622, VaAcc: 0.3316, VaLoss:  1.71643
 74,  0 | TrAcc: 0.3427, TrLoss:  1.70094, VaAcc: 0.3380, VaLoss:  1.71004
 75,  0 | TrAcc: 0.3424, TrLoss:  1.69361, VaAcc: 0.3391, VaLoss:  1.70629
 76,  0 | TrAcc: 0.3442, TrLoss:  1.68846, VaAcc: 0.3421, VaLoss:  1.70473
 77,  0 | TrAcc: 0.3591, TrLoss:  1.67596, VaAcc: 0.3552, VaLoss:  1.68957
 78,  0 | TrAcc: 0.3589, TrLoss:  1.66441, VaAcc: 0.3524, VaLoss:  1.68068
 79,  0 | TrAcc: 0.3212, TrLoss:  1.82683, VaAcc: 0.3669, VaLoss:  1.72776
 80,  0 | TrAcc: 0.3207, TrLoss:  2.27503, VaAcc: 0.3154, VaLoss:  2.23686
 81,  0 | TrAcc: 0.3166, TrLoss:  2.35209, VaAcc: 0.3155, VaLoss:  2.31653
 82,  0 | TrAcc: 0.3160, TrLoss:  1.99711, VaAcc: 0.3079, VaLoss:  2.00776
 83,  0 | TrAcc: 0.3193, TrLoss:  1.91317, VaAcc: 0.3116, VaLoss:  1.95707
 84,  0 | TrAcc: 0.1428, TrLoss:  2.10123, VaAcc: 0.1345, VaLoss:  2.13488
 85,  0 | TrAcc: 0.1512, TrLoss:  2.14447, VaAcc: 0.1470, VaLoss:  2.15963
 86,  0 | TrAcc: 0.1768, TrLoss:  2.03179, VaAcc: 0.1710, VaLoss:  2.04484
 87,  0 | TrAcc: 0.2703, TrLoss:  1.91418, VaAcc: 0.2625, VaLoss:  1.92654
 88,  0 | TrAcc: 0.2794, TrLoss:  1.94660, VaAcc: 0.2609, VaLoss:  1.95685
 89,  0 | TrAcc: 0.3144, TrLoss:  1.97082, VaAcc: 0.3109, VaLoss:  1.97743
 90,  0 | TrAcc: 0.3121, TrLoss:  1.94339, VaAcc: 0.3125, VaLoss:  1.95040
 91,  0 | TrAcc: 0.3045, TrLoss:  1.95250, VaAcc: 0.3021, VaLoss:  1.95440
 92,  0 | TrAcc: 0.3492, TrLoss:  1.92713, VaAcc: 0.3567, VaLoss:  1.92173
 93,  0 | TrAcc: 0.3355, TrLoss:  1.86036, VaAcc: 0.3279, VaLoss:  1.87014
 94,  0 | TrAcc: 0.3200, TrLoss:  1.81798, VaAcc: 0.3146, VaLoss:  1.83140
 95,  0 | TrAcc: 0.3201, TrLoss:  1.83759, VaAcc: 0.3169, VaLoss:  1.84865
 96,  0 | TrAcc: 0.2801, TrLoss:  1.87011, VaAcc: 0.2728, VaLoss:  1.87836
 97,  0 | TrAcc: 0.3142, TrLoss:  1.83560, VaAcc: 0.3112, VaLoss:  1.84366
 98,  0 | TrAcc: 0.3226, TrLoss:  1.81443, VaAcc: 0.3238, VaLoss:  1.81153
 99,  0 | TrAcc: 0.3397, TrLoss:  1.82109, VaAcc: 0.3356, VaLoss:  1.81363
100,  0 | TrAcc: 0.3146, TrLoss:  1.80271, VaAcc: 0.3071, VaLoss:  1.80652
101,  0 | TrAcc: 0.3150, TrLoss:  1.79353, VaAcc: 0.3077, VaLoss:  1.80696
102,  0 | TrAcc: 0.3141, TrLoss:  1.79050, VaAcc: 0.3097, VaLoss:  1.80608
103,  0 | TrAcc: 0.3169, TrLoss:  1.79157, VaAcc: 0.3081, VaLoss:  1.79590
104,  0 | TrAcc: 0.3750, TrLoss:  1.76715, VaAcc: 0.3712, VaLoss:  1.76969
105,  0 | TrAcc: 0.3748, TrLoss:  1.76228, VaAcc: 0.3734, VaLoss:  1.76472
106,  0 | TrAcc: 0.3699, TrLoss:  1.76285, VaAcc: 0.3687, VaLoss:  1.77116
107,  0 | TrAcc: 0.3400, TrLoss:  1.75988, VaAcc: 0.3303, VaLoss:  1.77107
108,  0 | TrAcc: 0.3333, TrLoss:  1.76538, VaAcc: 0.3316, VaLoss:  1.75799
109,  0 | TrAcc: 0.3588, TrLoss:  1.74109, VaAcc: 0.3522, VaLoss:  1.75193
110,  0 | TrAcc: 0.3769, TrLoss:  1.73513, VaAcc: 0.3775, VaLoss:  1.73924
111,  0 | TrAcc: 0.3781, TrLoss:  1.72330, VaAcc: 0.3773, VaLoss:  1.72667
112,  0 | TrAcc: 0.3481, TrLoss:  1.74219, VaAcc: 0.3316, VaLoss:  1.76802
113,  0 | TrAcc: 0.3780, TrLoss:  1.70247, VaAcc: 0.3772, VaLoss:  1.70902
114,  0 | TrAcc: 0.3780, TrLoss:  1.69688, VaAcc: 0.3790, VaLoss:  1.70038
115,  0 | TrAcc: 0.3786, TrLoss:  1.68704, VaAcc: 0.3815, VaLoss:  1.69168
116,  0 | TrAcc: 0.3790, TrLoss:  1.67860, VaAcc: 0.3841, VaLoss:  1.68051
117,  0 | TrAcc: 0.3808, TrLoss:  1.66681, VaAcc: 0.3869, VaLoss:  1.66725
118,  0 | TrAcc: 0.3820, TrLoss:  1.65132, VaAcc: 0.3818, VaLoss:  1.65396
119,  0 | TrAcc: 0.3874, TrLoss:  1.64533, VaAcc: 0.3843, VaLoss:  1.64541
120,  0 | TrAcc: 0.3762, TrLoss:  1.66167, VaAcc: 0.3910, VaLoss:  1.64191
121,  0 | TrAcc: 0.3843, TrLoss:  1.62871, VaAcc: 0.3899, VaLoss:  1.62923
122,  0 | TrAcc: 0.3823, TrLoss:  1.62910, VaAcc: 0.3757, VaLoss:  1.64207
123,  0 | TrAcc: 0.3864, TrLoss:  1.61003, VaAcc: 0.3880, VaLoss:  1.61571
124,  0 | TrAcc: 0.3853, TrLoss:  1.59370, VaAcc: 0.3968, VaLoss:  1.59250
125,  0 | TrAcc: 0.3919, TrLoss:  1.59626, VaAcc: 0.3914, VaLoss:  1.57801
126,  0 | TrAcc: 0.3879, TrLoss:  1.57213, VaAcc: 0.3925, VaLoss:  1.56832
127,  0 | TrAcc: 0.3770, TrLoss:  1.58415, VaAcc: 0.3768, VaLoss:  1.58882
128,  0 | TrAcc: 0.3796, TrLoss:  1.57296, VaAcc: 0.3781, VaLoss:  1.56789
129,  0 | TrAcc: 0.3845, TrLoss:  1.55573, VaAcc: 0.3910, VaLoss:  1.53738
130,  0 | TrAcc: 0.3933, TrLoss:  1.56109, VaAcc: 0.3976, VaLoss:  1.53872
131,  0 | TrAcc: 0.3601, TrLoss:  1.61233, VaAcc: 0.3863, VaLoss:  1.55471
132,  0 | TrAcc: 0.3750, TrLoss:  1.58513, VaAcc: 0.3742, VaLoss:  1.59820
133,  0 | TrAcc: 0.3824, TrLoss:  1.55876, VaAcc: 0.3843, VaLoss:  1.56725
134,  0 | TrAcc: 0.3769, TrLoss:  1.57406, VaAcc: 0.3863, VaLoss:  1.56105
135,  0 | TrAcc: 0.3730, TrLoss:  1.59021, VaAcc: 0.3788, VaLoss:  1.56634
136,  0 | TrAcc: 0.3824, TrLoss:  1.55904, VaAcc: 0.3843, VaLoss:  1.56105
137,  0 | TrAcc: 0.3778, TrLoss:  1.66012, VaAcc: 0.3751, VaLoss:  1.65956
138,  0 | TrAcc: 0.3521, TrLoss:  1.67770, VaAcc: 0.3708, VaLoss:  1.60247
139,  0 | TrAcc: 0.3372, TrLoss:  1.73574, VaAcc: 0.3575, VaLoss:  1.66041
140,  0 | TrAcc: 0.3696, TrLoss:  1.60605, VaAcc: 0.3753, VaLoss:  1.59737
141,  0 | TrAcc: 0.3594, TrLoss:  1.64397, VaAcc: 0.3599, VaLoss:  1.67763
142,  0 | TrAcc: 0.3632, TrLoss:  1.61330, VaAcc: 0.3610, VaLoss:  1.63893
143,  0 | TrAcc: 0.3949, TrLoss:  1.53956, VaAcc: 0.3936, VaLoss:  1.54620
144,  0 | TrAcc: 0.3906, TrLoss:  1.57780, VaAcc: 0.4007, VaLoss:  1.54303
145,  0 | TrAcc: 0.3909, TrLoss:  1.58208, VaAcc: 0.4019, VaLoss:  1.54175
146,  0 | TrAcc: 0.3968, TrLoss:  1.52453, VaAcc: 0.4056, VaLoss:  1.50387
147,  0 | TrAcc: 0.3973, TrLoss:  1.53464, VaAcc: 0.3987, VaLoss:  1.54172
148,  0 | TrAcc: 0.3901, TrLoss:  1.53600, VaAcc: 0.3891, VaLoss:  1.53695
149,  0 | TrAcc: 0.4028, TrLoss:  1.50290, VaAcc: 0.3994, VaLoss:  1.49805
150,  0 | TrAcc: 0.3929, TrLoss:  1.49884, VaAcc: 0.3974, VaLoss:  1.48087
151,  0 | TrAcc: 0.3924, TrLoss:  1.50434, VaAcc: 0.3968, VaLoss:  1.47585
152,  0 | TrAcc: 0.3981, TrLoss:  1.48823, VaAcc: 0.4045, VaLoss:  1.46109
153,  0 | TrAcc: 0.4157, TrLoss:  1.47214, VaAcc: 0.4294, VaLoss:  1.45638
154,  0 | TrAcc: 0.3975, TrLoss:  1.47143, VaAcc: 0.3996, VaLoss:  1.46332
155,  0 | TrAcc: 0.3980, TrLoss:  1.46388, VaAcc: 0.4011, VaLoss:  1.45740
156,  0 | TrAcc: 0.3997, TrLoss:  1.45413, VaAcc: 0.3970, VaLoss:  1.44574
157,  0 | TrAcc: 0.4013, TrLoss:  1.45692, VaAcc: 0.3983, VaLoss:  1.44238
158,  0 | TrAcc: 0.4037, TrLoss:  1.45464, VaAcc: 0.4030, VaLoss:  1.43674
159,  0 | TrAcc: 0.4162, TrLoss:  1.44638, VaAcc: 0.4165, VaLoss:  1.42884
160,  0 | TrAcc: 0.4137, TrLoss:  1.44086, VaAcc: 0.4127, VaLoss:  1.43005
161,  0 | TrAcc: 0.4209, TrLoss:  1.43832, VaAcc: 0.4195, VaLoss:  1.42574
162,  0 | TrAcc: 0.4279, TrLoss:  1.43129, VaAcc: 0.4316, VaLoss:  1.41414
163,  0 | TrAcc: 0.4095, TrLoss:  1.42817, VaAcc: 0.4122, VaLoss:  1.40478
164,  0 | TrAcc: 0.4167, TrLoss:  1.42513, VaAcc: 0.4165, VaLoss:  1.40562
165,  0 | TrAcc: 0.4190, TrLoss:  1.42048, VaAcc: 0.4139, VaLoss:  1.40293
166,  0 | TrAcc: 0.4309, TrLoss:  1.41132, VaAcc: 0.4288, VaLoss:  1.40075
167,  0 | TrAcc: 0.4246, TrLoss:  1.40934, VaAcc: 0.4215, VaLoss:  1.39430
168,  0 | TrAcc: 0.4286, TrLoss:  1.40246, VaAcc: 0.4316, VaLoss:  1.38838
169,  0 | TrAcc: 0.4351, TrLoss:  1.39652, VaAcc: 0.4391, VaLoss:  1.38494
170,  0 | TrAcc: 0.4533, TrLoss:  1.39090, VaAcc: 0.4567, VaLoss:  1.38461
171,  0 | TrAcc: 0.4372, TrLoss:  1.38855, VaAcc: 0.4335, VaLoss:  1.37505
172,  0 | TrAcc: 0.4432, TrLoss:  1.38443, VaAcc: 0.4406, VaLoss:  1.36572
173,  0 | TrAcc: 0.4530, TrLoss:  1.37906, VaAcc: 0.4534, VaLoss:  1.36767
174,  0 | TrAcc: 0.4538, TrLoss:  1.37167, VaAcc: 0.4504, VaLoss:  1.36293
175,  0 | TrAcc: 0.4534, TrLoss:  1.36997, VaAcc: 0.4507, VaLoss:  1.35850
176,  0 | TrAcc: 0.4542, TrLoss:  1.36920, VaAcc: 0.4556, VaLoss:  1.35926
177,  0 | TrAcc: 0.4521, TrLoss:  1.36652, VaAcc: 0.4500, VaLoss:  1.35637
178,  0 | TrAcc: 0.4546, TrLoss:  1.36326, VaAcc: 0.4507, VaLoss:  1.35321
179,  0 | TrAcc: 0.4548, TrLoss:  1.35947, VaAcc: 0.4474, VaLoss:  1.35045
180,  0 | TrAcc: 0.4638, TrLoss:  1.35590, VaAcc: 0.4610, VaLoss:  1.34546
181,  0 | TrAcc: 0.4615, TrLoss:  1.35020, VaAcc: 0.4607, VaLoss:  1.34328
182,  0 | TrAcc: 0.4605, TrLoss:  1.35215, VaAcc: 0.4596, VaLoss:  1.34052
183,  0 | TrAcc: 0.4598, TrLoss:  1.34458, VaAcc: 0.4596, VaLoss:  1.33364
184,  0 | TrAcc: 0.4701, TrLoss:  1.33928, VaAcc: 0.4678, VaLoss:  1.33360
185,  0 | TrAcc: 0.4616, TrLoss:  1.33510, VaAcc: 0.4607, VaLoss:  1.32489
186,  0 | TrAcc: 0.4798, TrLoss:  1.33258, VaAcc: 0.4790, VaLoss:  1.31754
187,  0 | TrAcc: 0.4758, TrLoss:  1.32894, VaAcc: 0.4772, VaLoss:  1.31357
188,  0 | TrAcc: 0.4731, TrLoss:  1.32923, VaAcc: 0.4704, VaLoss:  1.31533
189,  0 | TrAcc: 0.4734, TrLoss:  1.32148, VaAcc: 0.4674, VaLoss:  1.31184
190,  0 | TrAcc: 0.4774, TrLoss:  1.31767, VaAcc: 0.4712, VaLoss:  1.30641
191,  0 | TrAcc: 0.4846, TrLoss:  1.31379, VaAcc: 0.4777, VaLoss:  1.30366
192,  0 | TrAcc: 0.4895, TrLoss:  1.31391, VaAcc: 0.4809, VaLoss:  1.29777
193,  0 | TrAcc: 0.4885, TrLoss:  1.31125, VaAcc: 0.4833, VaLoss:  1.29661
194,  0 | TrAcc: 0.4870, TrLoss:  1.30548, VaAcc: 0.4809, VaLoss:  1.28995
195,  0 | TrAcc: 0.4876, TrLoss:  1.30146, VaAcc: 0.4820, VaLoss:  1.28705
196,  0 | TrAcc: 0.4855, TrLoss:  1.30092, VaAcc: 0.4813, VaLoss:  1.28697
197,  0 | TrAcc: 0.4861, TrLoss:  1.29617, VaAcc: 0.4807, VaLoss:  1.28593
198,  0 | TrAcc: 0.4935, TrLoss:  1.29692, VaAcc: 0.4880, VaLoss:  1.28539
199,  0 | TrAcc: 0.5067, TrLoss:  1.28990, VaAcc: 0.5058, VaLoss:  1.28041
200,  0 | TrAcc: 0.5013, TrLoss:  1.28637, VaAcc: 0.4979, VaLoss:  1.27735
201,  0 | TrAcc: 0.4986, TrLoss:  1.28535, VaAcc: 0.4981, VaLoss:  1.27425
202,  0 | TrAcc: 0.4933, TrLoss:  1.28176, VaAcc: 0.4934, VaLoss:  1.27181
203,  0 | TrAcc: 0.5039, TrLoss:  1.28387, VaAcc: 0.5013, VaLoss:  1.27020
204,  0 | TrAcc: 0.5170, TrLoss:  1.28057, VaAcc: 0.5180, VaLoss:  1.26874
205,  0 | TrAcc: 0.4893, TrLoss:  1.28239, VaAcc: 0.4843, VaLoss:  1.26676
206,  0 | TrAcc: 0.5177, TrLoss:  1.27648, VaAcc: 0.5215, VaLoss:  1.26588
207,  0 | TrAcc: 0.5078, TrLoss:  1.27826, VaAcc: 0.5056, VaLoss:  1.26865
208,  0 | TrAcc: 0.4960, TrLoss:  1.27616, VaAcc: 0.4951, VaLoss:  1.26269
209,  0 | TrAcc: 0.5031, TrLoss:  1.27152, VaAcc: 0.5019, VaLoss:  1.26109
210,  0 | TrAcc: 0.5148, TrLoss:  1.26972, VaAcc: 0.5146, VaLoss:  1.26657
211,  0 | TrAcc: 0.5046, TrLoss:  1.27325, VaAcc: 0.5058, VaLoss:  1.25988
212,  0 | TrAcc: 0.5115, TrLoss:  1.26794, VaAcc: 0.5110, VaLoss:  1.25749
213,  0 | TrAcc: 0.5145, TrLoss:  1.27377, VaAcc: 0.5131, VaLoss:  1.27251
214,  0 | TrAcc: 0.4933, TrLoss:  1.27093, VaAcc: 0.4891, VaLoss:  1.26157
215,  0 | TrAcc: 0.4950, TrLoss:  1.26954, VaAcc: 0.4946, VaLoss:  1.25661
216,  0 | TrAcc: 0.5212, TrLoss:  1.27032, VaAcc: 0.5165, VaLoss:  1.26937
217,  0 | TrAcc: 0.5228, TrLoss:  1.25846, VaAcc: 0.5238, VaLoss:  1.24851
218,  0 | TrAcc: 0.5164, TrLoss:  1.25784, VaAcc: 0.5127, VaLoss:  1.24798
219,  0 | TrAcc: 0.5160, TrLoss:  1.25642, VaAcc: 0.5142, VaLoss:  1.24972
220,  0 | TrAcc: 0.5206, TrLoss:  1.25400, VaAcc: 0.5163, VaLoss:  1.24954
221,  0 | TrAcc: 0.5133, TrLoss:  1.25642, VaAcc: 0.5105, VaLoss:  1.24450
222,  0 | TrAcc: 0.5173, TrLoss:  1.24910, VaAcc: 0.5135, VaLoss:  1.24304
223,  0 | TrAcc: 0.5298, TrLoss:  1.25106, VaAcc: 0.5270, VaLoss:  1.24398
224,  0 | TrAcc: 0.5355, TrLoss:  1.24801, VaAcc: 0.5296, VaLoss:  1.23975
225,  0 | TrAcc: 0.5386, TrLoss:  1.24841, VaAcc: 0.5427, VaLoss:  1.23522
226,  0 | TrAcc: 0.5404, TrLoss:  1.23872, VaAcc: 0.5384, VaLoss:  1.22833
227,  0 | TrAcc: 0.5377, TrLoss:  1.23979, VaAcc: 0.5324, VaLoss:  1.23464
228,  0 | TrAcc: 0.5431, TrLoss:  1.23704, VaAcc: 0.5543, VaLoss:  1.22262
229,  0 | TrAcc: 0.5676, TrLoss:  1.22025, VaAcc: 0.5772, VaLoss:  1.20926
230,  0 | TrAcc: 0.5748, TrLoss:  1.22489, VaAcc: 0.5910, VaLoss:  1.21006
231,  0 | TrAcc: 0.5910, TrLoss:  1.21394, VaAcc: 0.6015, VaLoss:  1.19447
232,  0 | TrAcc: 0.5923, TrLoss:  1.20198, VaAcc: 0.6032, VaLoss:  1.18541
233,  0 | TrAcc: 0.5914, TrLoss:  1.20286, VaAcc: 0.6026, VaLoss:  1.18965
234,  0 | TrAcc: 0.6022, TrLoss:  1.18825, VaAcc: 0.6139, VaLoss:  1.17027
235,  0 | TrAcc: 0.6041, TrLoss:  1.18454, VaAcc: 0.6146, VaLoss:  1.16046
236,  0 | TrAcc: 0.6104, TrLoss:  1.17248, VaAcc: 0.6184, VaLoss:  1.15622
237,  0 | TrAcc: 0.6084, TrLoss:  1.17617, VaAcc: 0.6202, VaLoss:  1.14981
238,  0 | TrAcc: 0.5647, TrLoss:  1.22049, VaAcc: 0.5772, VaLoss:  1.19901
239,  0 | TrAcc: 0.5967, TrLoss:  1.18094, VaAcc: 0.6096, VaLoss:  1.14875
240,  0 | TrAcc: 0.6057, TrLoss:  1.17768, VaAcc: 0.6122, VaLoss:  1.15734
241,  0 | TrAcc: 0.5973, TrLoss:  1.17391, VaAcc: 0.6015, VaLoss:  1.16047
242,  0 | TrAcc: 0.6000, TrLoss:  1.16244, VaAcc: 0.6006, VaLoss:  1.15558
243,  0 | TrAcc: 0.6065, TrLoss:  1.14816, VaAcc: 0.6114, VaLoss:  1.13743
244,  0 | TrAcc: 0.6069, TrLoss:  1.14247, VaAcc: 0.6157, VaLoss:  1.12188
245,  0 | TrAcc: 0.6143, TrLoss:  1.12560, VaAcc: 0.6195, VaLoss:  1.10963
246,  0 | TrAcc: 0.6121, TrLoss:  1.13339, VaAcc: 0.6174, VaLoss:  1.12276
247,  0 | TrAcc: 0.6156, TrLoss:  1.12200, VaAcc: 0.6174, VaLoss:  1.11644
248,  0 | TrAcc: 0.6167, TrLoss:  1.10800, VaAcc: 0.6238, VaLoss:  1.09241
249,  0 | TrAcc: 0.6157, TrLoss:  1.11067, VaAcc: 0.6221, VaLoss:  1.09284
250,  0 | TrAcc: 0.6229, TrLoss:  1.09750, VaAcc: 0.6238, VaLoss:  1.09436
251,  0 | TrAcc: 0.6242, TrLoss:  1.09084, VaAcc: 0.6253, VaLoss:  1.08747
252,  0 | TrAcc: 0.6233, TrLoss:  1.09525, VaAcc: 0.6287, VaLoss:  1.08718
253,  0 | TrAcc: 0.6256, TrLoss:  1.08466, VaAcc: 0.6311, VaLoss:  1.07666
254,  0 | TrAcc: 0.6228, TrLoss:  1.08309, VaAcc: 0.6277, VaLoss:  1.07694
255,  0 | TrAcc: 0.6249, TrLoss:  1.08013, VaAcc: 0.6296, VaLoss:  1.06758
256,  0 | TrAcc: 0.6304, TrLoss:  1.07104, VaAcc: 0.6333, VaLoss:  1.06494
257,  0 | TrAcc: 0.6297, TrLoss:  1.07376, VaAcc: 0.6316, VaLoss:  1.06829
258,  0 | TrAcc: 0.6281, TrLoss:  1.07075, VaAcc: 0.6277, VaLoss:  1.06671
259,  0 | TrAcc: 0.6295, TrLoss:  1.06997, VaAcc: 0.6272, VaLoss:  1.06918
260,  0 | TrAcc: 0.6324, TrLoss:  1.06146, VaAcc: 0.6305, VaLoss:  1.05798
261,  0 | TrAcc: 0.6358, TrLoss:  1.05782, VaAcc: 0.6382, VaLoss:  1.05204
262,  0 | TrAcc: 0.6400, TrLoss:  1.05468, VaAcc: 0.6463, VaLoss:  1.04635
263,  0 | TrAcc: 0.6396, TrLoss:  1.04913, VaAcc: 0.6431, VaLoss:  1.04333
264,  0 | TrAcc: 0.6313, TrLoss:  1.05221, VaAcc: 0.6262, VaLoss:  1.04780
265,  0 | TrAcc: 0.6310, TrLoss:  1.04028, VaAcc: 0.6273, VaLoss:  1.03435
266,  0 | TrAcc: 0.6315, TrLoss:  1.04245, VaAcc: 0.6290, VaLoss:  1.03489
267,  0 | TrAcc: 0.6408, TrLoss:  1.03276, VaAcc: 0.6433, VaLoss:  1.02732
268,  0 | TrAcc: 0.6449, TrLoss:  1.02985, VaAcc: 0.6489, VaLoss:  1.02847
269,  0 | TrAcc: 0.6479, TrLoss:  1.02685, VaAcc: 0.6493, VaLoss:  1.03120
270,  0 | TrAcc: 0.6404, TrLoss:  1.02610, VaAcc: 0.6401, VaLoss:  1.02872
271,  0 | TrAcc: 0.6332, TrLoss:  1.02106, VaAcc: 0.6303, VaLoss:  1.02230
272,  0 | TrAcc: 0.6353, TrLoss:  1.01386, VaAcc: 0.6292, VaLoss:  1.01048
273,  0 | TrAcc: 0.6364, TrLoss:  1.00986, VaAcc: 0.6305, VaLoss:  1.00904
274,  0 | TrAcc: 0.6419, TrLoss:  1.00924, VaAcc: 0.6376, VaLoss:  1.00423
275,  0 | TrAcc: 0.6506, TrLoss:  1.00748, VaAcc: 0.6391, VaLoss:  1.00806
276,  0 | TrAcc: 0.6464, TrLoss:  1.00202, VaAcc: 0.6386, VaLoss:  0.99659
277,  0 | TrAcc: 0.6384, TrLoss:  1.00654, VaAcc: 0.6316, VaLoss:  0.99809
278,  0 | TrAcc: 0.6356, TrLoss:  1.00145, VaAcc: 0.6316, VaLoss:  0.99961
279,  0 | TrAcc: 0.6365, TrLoss:  0.99919, VaAcc: 0.6320, VaLoss:  1.00301
280,  0 | TrAcc: 0.6403, TrLoss:  0.99689, VaAcc: 0.6358, VaLoss:  0.99376
281,  0 | TrAcc: 0.6422, TrLoss:  0.98600, VaAcc: 0.6373, VaLoss:  0.99180
282,  0 | TrAcc: 0.6416, TrLoss:  0.98810, VaAcc: 0.6382, VaLoss:  0.99254
283,  0 | TrAcc: 0.6426, TrLoss:  0.98368, VaAcc: 0.6395, VaLoss:  0.98477
284,  0 | TrAcc: 0.6424, TrLoss:  0.98378, VaAcc: 0.6403, VaLoss:  0.97705
285,  0 | TrAcc: 0.6444, TrLoss:  0.97688, VaAcc: 0.6433, VaLoss:  0.97552
286,  0 | TrAcc: 0.6524, TrLoss:  0.97848, VaAcc: 0.6478, VaLoss:  0.98399
287,  0 | TrAcc: 0.6670, TrLoss:  0.96680, VaAcc: 0.6680, VaLoss:  0.96916
288,  0 | TrAcc: 0.6500, TrLoss:  0.97023, VaAcc: 0.6444, VaLoss:  0.96572
289,  0 | TrAcc: 0.6465, TrLoss:  0.96312, VaAcc: 0.6429, VaLoss:  0.96687
290,  0 | TrAcc: 0.6449, TrLoss:  0.96385, VaAcc: 0.6403, VaLoss:  0.96343
291,  0 | TrAcc: 0.6486, TrLoss:  0.96260, VaAcc: 0.6451, VaLoss:  0.96632
292,  0 | TrAcc: 0.6576, TrLoss:  0.95949, VaAcc: 0.6532, VaLoss:  0.96484
293,  0 | TrAcc: 0.6555, TrLoss:  0.95671, VaAcc: 0.6627, VaLoss:  0.95209
294,  0 | TrAcc: 0.6522, TrLoss:  0.95900, VaAcc: 0.6528, VaLoss:  0.94461
295,  0 | TrAcc: 0.6632, TrLoss:  0.95201, VaAcc: 0.6624, VaLoss:  0.95044
296,  0 | TrAcc: 0.6684, TrLoss:  0.94713, VaAcc: 0.6607, VaLoss:  0.94679
297,  0 | TrAcc: 0.6600, TrLoss:  0.94770, VaAcc: 0.6575, VaLoss:  0.95430
298,  0 | TrAcc: 0.6653, TrLoss:  0.94748, VaAcc: 0.6669, VaLoss:  0.94516
299,  0 | TrAcc: 0.6767, TrLoss:  0.94252, VaAcc: 0.6813, VaLoss:  0.94518
300,  0 | TrAcc: 0.6707, TrLoss:  0.94498, VaAcc: 0.6725, VaLoss:  0.94343
301,  0 | TrAcc: 0.6760, TrLoss:  0.94270, VaAcc: 0.6749, VaLoss:  0.95331
302,  0 | TrAcc: 0.6826, TrLoss:  0.93463, VaAcc: 0.6878, VaLoss:  0.94235
303,  0 | TrAcc: 0.6923, TrLoss:  0.93076, VaAcc: 0.6938, VaLoss:  0.93974
304,  0 | TrAcc: 0.6919, TrLoss:  0.93104, VaAcc: 0.6923, VaLoss:  0.94369
305,  0 | TrAcc: 0.6902, TrLoss:  0.92781, VaAcc: 0.6910, VaLoss:  0.93178
306,  0 | TrAcc: 0.6895, TrLoss:  0.92308, VaAcc: 0.6875, VaLoss:  0.93987
307,  0 | TrAcc: 0.6897, TrLoss:  0.91889, VaAcc: 0.6873, VaLoss:  0.92830
308,  0 | TrAcc: 0.6907, TrLoss:  0.91761, VaAcc: 0.6899, VaLoss:  0.91979
309,  0 | TrAcc: 0.6958, TrLoss:  0.91077, VaAcc: 0.6989, VaLoss:  0.92301
310,  0 | TrAcc: 0.7025, TrLoss:  0.90711, VaAcc: 0.7075, VaLoss:  0.92214
311,  0 | TrAcc: 0.7036, TrLoss:  0.90763, VaAcc: 0.7081, VaLoss:  0.91795
312,  0 | TrAcc: 0.7046, TrLoss:  0.90275, VaAcc: 0.7073, VaLoss:  0.91337
313,  0 | TrAcc: 0.7033, TrLoss:  0.89886, VaAcc: 0.7079, VaLoss:  0.90968
314,  0 | TrAcc: 0.7055, TrLoss:  0.89013, VaAcc: 0.7088, VaLoss:  0.89662
315,  0 | TrAcc: 0.7285, TrLoss:  0.88299, VaAcc: 0.7335, VaLoss:  0.90209
316,  0 | TrAcc: 0.8129, TrLoss:  0.86446, VaAcc: 0.8419, VaLoss:  0.85303
317,  0 | TrAcc: 0.8361, TrLoss:  0.83957, VaAcc: 0.8230, VaLoss:  0.85991
318,  0 | TrAcc: 0.8293, TrLoss:  0.85391, VaAcc: 0.8732, VaLoss:  0.79930
319,  0 | TrAcc: 0.7059, TrLoss:  0.91056, VaAcc: 0.7124, VaLoss:  0.91515
320,  0 | TrAcc: 0.8493, TrLoss:  0.83656, VaAcc: 0.8414, VaLoss:  0.84694
321,  0 | TrAcc: 0.8158, TrLoss:  0.85747, VaAcc: 0.8702, VaLoss:  0.78043
322,  0 | TrAcc: 0.7732, TrLoss:  0.93072, VaAcc: 0.7609, VaLoss:  0.91803
323,  0 | TrAcc: 0.7759, TrLoss:  0.90493, VaAcc: 0.7727, VaLoss:  0.88472
324,  0 | TrAcc: 0.7990, TrLoss:  0.90951, VaAcc: 0.8232, VaLoss:  0.87306
325,  0 | TrAcc: 0.8234, TrLoss:  0.84002, VaAcc: 0.8356, VaLoss:  0.80973
326,  0 | TrAcc: 0.8310, TrLoss:  0.82505, VaAcc: 0.8639, VaLoss:  0.76081
327,  0 | TrAcc: 0.8349, TrLoss:  0.81560, VaAcc: 0.8455, VaLoss:  0.79705
328,  0 | TrAcc: 0.8192, TrLoss:  0.82179, VaAcc: 0.8227, VaLoss:  0.81990
329,  0 | TrAcc: 0.8251, TrLoss:  0.82669, VaAcc: 0.8281, VaLoss:  0.82190
330,  0 | TrAcc: 0.8245, TrLoss:  0.83212, VaAcc: 0.8404, VaLoss:  0.80654
331,  0 | TrAcc: 0.8284, TrLoss:  0.80797, VaAcc: 0.8410, VaLoss:  0.77318
332,  0 | TrAcc: 0.8375, TrLoss:  0.76995, VaAcc: 0.8427, VaLoss:  0.74855
333,  0 | TrAcc: 0.8371, TrLoss:  0.77512, VaAcc: 0.8388, VaLoss:  0.76319
334,  0 | TrAcc: 0.8459, TrLoss:  0.75725, VaAcc: 0.8491, VaLoss:  0.74109
335,  0 | TrAcc: 0.8548, TrLoss:  0.74148, VaAcc: 0.8579, VaLoss:  0.72113
336,  0 | TrAcc: 0.8506, TrLoss:  0.73511, VaAcc: 0.8584, VaLoss:  0.71297
337,  0 | TrAcc: 0.8496, TrLoss:  0.74103, VaAcc: 0.8579, VaLoss:  0.71586
338,  0 | TrAcc: 0.8547, TrLoss:  0.73040, VaAcc: 0.8627, VaLoss:  0.70167
339,  0 | TrAcc: 0.8602, TrLoss:  0.71533, VaAcc: 0.8682, VaLoss:  0.68414
340,  0 | TrAcc: 0.8606, TrLoss:  0.70284, VaAcc: 0.8684, VaLoss:  0.67921
341,  0 | TrAcc: 0.8635, TrLoss:  0.69940, VaAcc: 0.8723, VaLoss:  0.68438
342,  0 | TrAcc: 0.8720, TrLoss:  0.69219, VaAcc: 0.8751, VaLoss:  0.68614
343,  0 | TrAcc: 0.8731, TrLoss:  0.68769, VaAcc: 0.8807, VaLoss:  0.67477
344,  0 | TrAcc: 0.8686, TrLoss:  0.68354, VaAcc: 0.8773, VaLoss:  0.66486
345,  0 | TrAcc: 0.8685, TrLoss:  0.67574, VaAcc: 0.8773, VaLoss:  0.65504
346,  0 | TrAcc: 0.8693, TrLoss:  0.67264, VaAcc: 0.8758, VaLoss:  0.65473
347,  0 | TrAcc: 0.8700, TrLoss:  0.67103, VaAcc: 0.8762, VaLoss:  0.65339
348,  0 | TrAcc: 0.8719, TrLoss:  0.66098, VaAcc: 0.8770, VaLoss:  0.64665
349,  0 | TrAcc: 0.8741, TrLoss:  0.65829, VaAcc: 0.8805, VaLoss:  0.64213
350,  0 | TrAcc: 0.8797, TrLoss:  0.65465, VaAcc: 0.8861, VaLoss:  0.63988
351,  0 | TrAcc: 0.8778, TrLoss:  0.65862, VaAcc: 0.8856, VaLoss:  0.63874
352,  0 | TrAcc: 0.8734, TrLoss:  0.65113, VaAcc: 0.8798, VaLoss:  0.63833
353,  0 | TrAcc: 0.8724, TrLoss:  0.64914, VaAcc: 0.8798, VaLoss:  0.63524
354,  0 | TrAcc: 0.8715, TrLoss:  0.64706, VaAcc: 0.8796, VaLoss:  0.63019
355,  0 | TrAcc: 0.8724, TrLoss:  0.64297, VaAcc: 0.8777, VaLoss:  0.62752
356,  0 | TrAcc: 0.8738, TrLoss:  0.63984, VaAcc: 0.8777, VaLoss:  0.62713
357,  0 | TrAcc: 0.8806, TrLoss:  0.63674, VaAcc: 0.8852, VaLoss:  0.62632
358,  0 | TrAcc: 0.8828, TrLoss:  0.63429, VaAcc: 0.8884, VaLoss:  0.62209
359,  0 | TrAcc: 0.8833, TrLoss:  0.62809, VaAcc: 0.8897, VaLoss:  0.61860
360,  0 | TrAcc: 0.8865, TrLoss:  0.62386, VaAcc: 0.8910, VaLoss:  0.61708
361,  0 | TrAcc: 0.8811, TrLoss:  0.62547, VaAcc: 0.8843, VaLoss:  0.61785
362,  0 | TrAcc: 0.8813, TrLoss:  0.62101, VaAcc: 0.8843, VaLoss:  0.61925
363,  0 | TrAcc: 0.8857, TrLoss:  0.61686, VaAcc: 0.8933, VaLoss:  0.61455
364,  0 | TrAcc: 0.8895, TrLoss:  0.61121, VaAcc: 0.8964, VaLoss:  0.60052
365,  0 | TrAcc: 0.8899, TrLoss:  0.61134, VaAcc: 0.8944, VaLoss:  0.59872
366,  0 | TrAcc: 0.8907, TrLoss:  0.61222, VaAcc: 0.8927, VaLoss:  0.60594
367,  0 | TrAcc: 0.8876, TrLoss:  0.61239, VaAcc: 0.8927, VaLoss:  0.60476
368,  0 | TrAcc: 0.8874, TrLoss:  0.60741, VaAcc: 0.8929, VaLoss:  0.59586
369,  0 | TrAcc: 0.8890, TrLoss:  0.60379, VaAcc: 0.8951, VaLoss:  0.59137
370,  0 | TrAcc: 0.8910, TrLoss:  0.59813, VaAcc: 0.8942, VaLoss:  0.59575
371,  0 | TrAcc: 0.8933, TrLoss:  0.59813, VaAcc: 0.8942, VaLoss:  0.59677
372,  0 | TrAcc: 0.8918, TrLoss:  0.59902, VaAcc: 0.8970, VaLoss:  0.58702
373,  0 | TrAcc: 0.8924, TrLoss:  0.58992, VaAcc: 0.9002, VaLoss:  0.57557
374,  0 | TrAcc: 0.8912, TrLoss:  0.58875, VaAcc: 0.8993, VaLoss:  0.57211
375,  0 | TrAcc: 0.8927, TrLoss:  0.58637, VaAcc: 0.8974, VaLoss:  0.58023
376,  0 | TrAcc: 0.8934, TrLoss:  0.58061, VaAcc: 0.8964, VaLoss:  0.58328
377,  0 | TrAcc: 0.8940, TrLoss:  0.57681, VaAcc: 0.8979, VaLoss:  0.57175
378,  0 | TrAcc: 0.8926, TrLoss:  0.57303, VaAcc: 0.8983, VaLoss:  0.56837
379,  0 | TrAcc: 0.8939, TrLoss:  0.57397, VaAcc: 0.8953, VaLoss:  0.57732
380,  0 | TrAcc: 0.8943, TrLoss:  0.57207, VaAcc: 0.8946, VaLoss:  0.57606
381,  0 | TrAcc: 0.8941, TrLoss:  0.56524, VaAcc: 0.8976, VaLoss:  0.56534
382,  0 | TrAcc: 0.8902, TrLoss:  0.57566, VaAcc: 0.8940, VaLoss:  0.56338
383,  0 | TrAcc: 0.8962, TrLoss:  0.56966, VaAcc: 0.8929, VaLoss:  0.57747
384,  0 | TrAcc: 0.8975, TrLoss:  0.56245, VaAcc: 0.8987, VaLoss:  0.56089
385,  0 | TrAcc: 0.8939, TrLoss:  0.57142, VaAcc: 0.8996, VaLoss:  0.55719
386,  0 | TrAcc: 0.8960, TrLoss:  0.56735, VaAcc: 0.8961, VaLoss:  0.57077
387,  0 | TrAcc: 0.8964, TrLoss:  0.56847, VaAcc: 0.8936, VaLoss:  0.58597
388,  0 | TrAcc: 0.8963, TrLoss:  0.55790, VaAcc: 0.9011, VaLoss:  0.55840
389,  0 | TrAcc: 0.8978, TrLoss:  0.55737, VaAcc: 0.9036, VaLoss:  0.54469
390,  0 | TrAcc: 0.8975, TrLoss:  0.55540, VaAcc: 0.9019, VaLoss:  0.55454
391,  0 | TrAcc: 0.8978, TrLoss:  0.55579, VaAcc: 0.8949, VaLoss:  0.56757
392,  0 | TrAcc: 0.8987, TrLoss:  0.55049, VaAcc: 0.8991, VaLoss:  0.55938
393,  0 | TrAcc: 0.8978, TrLoss:  0.54984, VaAcc: 0.9004, VaLoss:  0.55429
394,  0 | TrAcc: 0.8979, TrLoss:  0.54336, VaAcc: 0.8981, VaLoss:  0.55673
395,  0 | TrAcc: 0.8996, TrLoss:  0.54147, VaAcc: 0.8953, VaLoss:  0.56865
396,  0 | TrAcc: 0.9016, TrLoss:  0.53531, VaAcc: 0.8989, VaLoss:  0.55088
397,  0 | TrAcc: 0.9006, TrLoss:  0.53676, VaAcc: 0.9030, VaLoss:  0.53701
398,  0 | TrAcc: 0.9018, TrLoss:  0.52808, VaAcc: 0.9017, VaLoss:  0.53842
399,  0 | TrAcc: 0.8995, TrLoss:  0.52932, VaAcc: 0.8976, VaLoss:  0.54695
400,  0 | TrAcc: 0.9006, TrLoss:  0.52866, VaAcc: 0.9022, VaLoss:  0.52534
401,  0 | TrAcc: 0.9009, TrLoss:  0.52277, VaAcc: 0.9015, VaLoss:  0.52386
402,  0 | TrAcc: 0.9025, TrLoss:  0.51751, VaAcc: 0.8998, VaLoss:  0.52863
403,  0 | TrAcc: 0.9013, TrLoss:  0.51574, VaAcc: 0.9037, VaLoss:  0.51875
404,  0 | TrAcc: 0.9031, TrLoss:  0.51019, VaAcc: 0.9060, VaLoss:  0.50941
405,  0 | TrAcc: 0.9051, TrLoss:  0.50543, VaAcc: 0.9039, VaLoss:  0.51123
406,  0 | TrAcc: 0.9030, TrLoss:  0.50643, VaAcc: 0.9009, VaLoss:  0.52118
407,  0 | TrAcc: 0.9028, TrLoss:  0.50688, VaAcc: 0.8993, VaLoss:  0.52181
408,  0 | TrAcc: 0.9045, TrLoss:  0.50423, VaAcc: 0.9047, VaLoss:  0.50826
409,  0 | TrAcc: 0.9050, TrLoss:  0.49720, VaAcc: 0.9032, VaLoss:  0.50977
410,  0 | TrAcc: 0.9056, TrLoss:  0.49748, VaAcc: 0.9026, VaLoss:  0.50588
411,  0 | TrAcc: 0.9060, TrLoss:  0.49500, VaAcc: 0.9054, VaLoss:  0.49860
412,  0 | TrAcc: 0.9097, TrLoss:  0.48699, VaAcc: 0.9090, VaLoss:  0.49425
413,  0 | TrAcc: 0.9089, TrLoss:  0.48838, VaAcc: 0.9094, VaLoss:  0.49408
414,  0 | TrAcc: 0.9095, TrLoss:  0.48262, VaAcc: 0.9071, VaLoss:  0.48915
415,  0 | TrAcc: 0.9084, TrLoss:  0.48273, VaAcc: 0.9075, VaLoss:  0.48620
416,  0 | TrAcc: 0.9082, TrLoss:  0.48028, VaAcc: 0.9103, VaLoss:  0.48341
417,  0 | TrAcc: 0.9076, TrLoss:  0.47435, VaAcc: 0.9054, VaLoss:  0.48754
418,  0 | TrAcc: 0.9084, TrLoss:  0.47665, VaAcc: 0.9071, VaLoss:  0.48090
419,  0 | TrAcc: 0.9093, TrLoss:  0.47228, VaAcc: 0.9086, VaLoss:  0.47527
420,  0 | TrAcc: 0.9091, TrLoss:  0.47077, VaAcc: 0.9051, VaLoss:  0.48442
421,  0 | TrAcc: 0.9096, TrLoss:  0.46830, VaAcc: 0.9051, VaLoss:  0.48157
422,  0 | TrAcc: 0.9107, TrLoss:  0.46530, VaAcc: 0.9088, VaLoss:  0.47089
423,  0 | TrAcc: 0.9093, TrLoss:  0.46696, VaAcc: 0.9096, VaLoss:  0.47445
424,  0 | TrAcc: 0.9118, TrLoss:  0.46313, VaAcc: 0.9073, VaLoss:  0.47853
425,  0 | TrAcc: 0.9101, TrLoss:  0.46048, VaAcc: 0.9088, VaLoss:  0.47454
426,  0 | TrAcc: 0.9122, TrLoss:  0.45929, VaAcc: 0.9120, VaLoss:  0.46169
427,  0 | TrAcc: 0.9125, TrLoss:  0.45738, VaAcc: 0.9112, VaLoss:  0.46330
428,  0 | TrAcc: 0.9110, TrLoss:  0.46067, VaAcc: 0.9120, VaLoss:  0.46436
429,  0 | TrAcc: 0.9136, TrLoss:  0.45715, VaAcc: 0.9152, VaLoss:  0.45169
430,  0 | TrAcc: 0.9134, TrLoss:  0.45354, VaAcc: 0.9152, VaLoss:  0.45170
431,  0 | TrAcc: 0.9122, TrLoss:  0.45406, VaAcc: 0.9092, VaLoss:  0.46331
432,  0 | TrAcc: 0.9153, TrLoss:  0.44916, VaAcc: 0.9135, VaLoss:  0.45590
433,  0 | TrAcc: 0.9132, TrLoss:  0.45119, VaAcc: 0.9090, VaLoss:  0.47064
434,  0 | TrAcc: 0.9142, TrLoss:  0.44725, VaAcc: 0.9150, VaLoss:  0.45369
435,  0 | TrAcc: 0.9125, TrLoss:  0.44985, VaAcc: 0.9114, VaLoss:  0.46085
436,  0 | TrAcc: 0.9137, TrLoss:  0.44900, VaAcc: 0.9105, VaLoss:  0.45508
437,  0 | TrAcc: 0.9149, TrLoss:  0.44628, VaAcc: 0.9140, VaLoss:  0.45220
438,  0 | TrAcc: 0.9153, TrLoss:  0.44730, VaAcc: 0.9155, VaLoss:  0.45184
439,  0 | TrAcc: 0.9156, TrLoss:  0.44206, VaAcc: 0.9174, VaLoss:  0.44631
440,  0 | TrAcc: 0.9153, TrLoss:  0.44143, VaAcc: 0.9169, VaLoss:  0.44463
441,  0 | TrAcc: 0.9167, TrLoss:  0.43666, VaAcc: 0.9165, VaLoss:  0.44795
442,  0 | TrAcc: 0.9173, TrLoss:  0.43906, VaAcc: 0.9163, VaLoss:  0.44652
443,  0 | TrAcc: 0.9169, TrLoss:  0.43660, VaAcc: 0.9187, VaLoss:  0.43919
444,  0 | TrAcc: 0.9185, TrLoss:  0.43514, VaAcc: 0.9167, VaLoss:  0.44373
445,  0 | TrAcc: 0.9173, TrLoss:  0.43535, VaAcc: 0.9159, VaLoss:  0.44347
446,  0 | TrAcc: 0.9183, TrLoss:  0.42662, VaAcc: 0.9174, VaLoss:  0.44702
447,  0 | TrAcc: 0.9187, TrLoss:  0.43038, VaAcc: 0.9172, VaLoss:  0.44069
448,  0 | TrAcc: 0.9196, TrLoss:  0.42812, VaAcc: 0.9157, VaLoss:  0.44370
449,  0 | TrAcc: 0.9197, TrLoss:  0.42462, VaAcc: 0.9189, VaLoss:  0.43643
450,  0 | TrAcc: 0.9189, TrLoss:  0.42804, VaAcc: 0.9189, VaLoss:  0.43238
451,  0 | TrAcc: 0.9188, TrLoss:  0.42839, VaAcc: 0.9129, VaLoss:  0.45029
452,  0 | TrAcc: 0.9214, TrLoss:  0.42238, VaAcc: 0.9217, VaLoss:  0.42892
453,  0 | TrAcc: 0.9221, TrLoss:  0.41538, VaAcc: 0.9197, VaLoss:  0.43259
454,  0 | TrAcc: 0.9214, TrLoss:  0.42267, VaAcc: 0.9163, VaLoss:  0.44022
455,  0 | TrAcc: 0.9216, TrLoss:  0.41846, VaAcc: 0.9185, VaLoss:  0.43795
456,  0 | TrAcc: 0.9240, TrLoss:  0.41383, VaAcc: 0.9210, VaLoss:  0.43151
457,  0 | TrAcc: 0.9206, TrLoss:  0.41627, VaAcc: 0.9178, VaLoss:  0.43861
458,  0 | TrAcc: 0.9222, TrLoss:  0.41315, VaAcc: 0.9225, VaLoss:  0.42071
459,  0 | TrAcc: 0.9231, TrLoss:  0.41066, VaAcc: 0.9187, VaLoss:  0.42616
460,  0 | TrAcc: 0.9230, TrLoss:  0.41060, VaAcc: 0.9193, VaLoss:  0.42638
461,  0 | TrAcc: 0.9243, TrLoss:  0.40587, VaAcc: 0.9215, VaLoss:  0.42253
462,  0 | TrAcc: 0.9249, TrLoss:  0.40645, VaAcc: 0.9217, VaLoss:  0.41826
463,  0 | TrAcc: 0.9244, TrLoss:  0.40662, VaAcc: 0.9238, VaLoss:  0.41134
464,  0 | TrAcc: 0.9250, TrLoss:  0.40441, VaAcc: 0.9225, VaLoss:  0.41066
465,  0 | TrAcc: 0.9263, TrLoss:  0.40156, VaAcc: 0.9199, VaLoss:  0.42304
466,  0 | TrAcc: 0.9266, TrLoss:  0.39968, VaAcc: 0.9199, VaLoss:  0.41783
467,  0 | TrAcc: 0.9251, TrLoss:  0.40182, VaAcc: 0.9236, VaLoss:  0.40862
468,  0 | TrAcc: 0.9270, TrLoss:  0.39527, VaAcc: 0.9210, VaLoss:  0.41466
469,  0 | TrAcc: 0.9261, TrLoss:  0.39756, VaAcc: 0.9200, VaLoss:  0.41506
470,  0 | TrAcc: 0.9273, TrLoss:  0.39451, VaAcc: 0.9232, VaLoss:  0.40780
471,  0 | TrAcc: 0.9278, TrLoss:  0.39761, VaAcc: 0.9243, VaLoss:  0.40537
472,  0 | TrAcc: 0.9241, TrLoss:  0.40420, VaAcc: 0.9204, VaLoss:  0.41251
473,  0 | TrAcc: 0.9253, TrLoss:  0.39731, VaAcc: 0.9206, VaLoss:  0.40829
474,  0 | TrAcc: 0.9262, TrLoss:  0.39562, VaAcc: 0.9247, VaLoss:  0.39675
475,  0 | TrAcc: 0.9281, TrLoss:  0.39282, VaAcc: 0.9227, VaLoss:  0.40383
476,  0 | TrAcc: 0.9286, TrLoss:  0.39129, VaAcc: 0.9212, VaLoss:  0.40763
477,  0 | TrAcc: 0.9279, TrLoss:  0.38947, VaAcc: 0.9234, VaLoss:  0.40495
478,  0 | TrAcc: 0.9282, TrLoss:  0.39067, VaAcc: 0.9247, VaLoss:  0.40120
479,  0 | TrAcc: 0.9296, TrLoss:  0.38743, VaAcc: 0.9245, VaLoss:  0.40093
480,  0 | TrAcc: 0.9302, TrLoss:  0.38937, VaAcc: 0.9238, VaLoss:  0.40849
481,  0 | TrAcc: 0.9298, TrLoss:  0.38655, VaAcc: 0.9301, VaLoss:  0.39115
482,  0 | TrAcc: 0.9301, TrLoss:  0.38579, VaAcc: 0.9258, VaLoss:  0.40372
483,  0 | TrAcc: 0.9297, TrLoss:  0.38078, VaAcc: 0.9279, VaLoss:  0.40049
484,  0 | TrAcc: 0.9298, TrLoss:  0.38545, VaAcc: 0.9292, VaLoss:  0.39320
485,  0 | TrAcc: 0.9291, TrLoss:  0.38439, VaAcc: 0.9230, VaLoss:  0.40352
486,  0 | TrAcc: 0.9316, TrLoss:  0.37682, VaAcc: 0.9270, VaLoss:  0.39438
487,  0 | TrAcc: 0.9293, TrLoss:  0.38397, VaAcc: 0.9273, VaLoss:  0.39790
488,  0 | TrAcc: 0.9311, TrLoss:  0.37430, VaAcc: 0.9298, VaLoss:  0.39062
489,  0 | TrAcc: 0.9332, TrLoss:  0.37161, VaAcc: 0.9272, VaLoss:  0.39339
490,  0 | TrAcc: 0.9340, TrLoss:  0.37268, VaAcc: 0.9277, VaLoss:  0.39307
491,  0 | TrAcc: 0.9333, TrLoss:  0.37208, VaAcc: 0.9300, VaLoss:  0.38444
492,  0 | TrAcc: 0.9326, TrLoss:  0.37585, VaAcc: 0.9300, VaLoss:  0.39273
493,  0 | TrAcc: 0.9326, TrLoss:  0.37728, VaAcc: 0.9279, VaLoss:  0.39358
494,  0 | TrAcc: 0.9314, TrLoss:  0.37523, VaAcc: 0.9301, VaLoss:  0.38457
495,  0 | TrAcc: 0.9328, TrLoss:  0.37404, VaAcc: 0.9268, VaLoss:  0.39385
496,  0 | TrAcc: 0.9299, TrLoss:  0.38415, VaAcc: 0.9242, VaLoss:  0.40203
497,  0 | TrAcc: 0.9338, TrLoss:  0.37065, VaAcc: 0.9339, VaLoss:  0.37601
498,  0 | TrAcc: 0.9339, TrLoss:  0.37068, VaAcc: 0.9341, VaLoss:  0.37465
499,  0 | TrAcc: 0.9340, TrLoss:  0.37006, VaAcc: 0.9301, VaLoss:  0.38939
500,  0 | TrAcc: 0.9344, TrLoss:  0.37061, VaAcc: 0.9253, VaLoss:  0.40105
501,  0 | TrAcc: 0.9347, TrLoss:  0.36645, VaAcc: 0.9335, VaLoss:  0.37913
502,  0 | TrAcc: 0.9310, TrLoss:  0.37770, VaAcc: 0.9281, VaLoss:  0.40279
503,  0 | TrAcc: 0.9242, TrLoss:  0.40025, VaAcc: 0.8974, VaLoss:  0.50684
504,  0 | TrAcc: 0.9152, TrLoss:  0.44008, VaAcc: 0.9210, VaLoss:  0.44225
505,  0 | TrAcc: 0.9127, TrLoss:  0.44227, VaAcc: 0.9125, VaLoss:  0.43661
506,  0 | TrAcc: 0.9157, TrLoss:  0.42532, VaAcc: 0.9167, VaLoss:  0.42367
507,  0 | TrAcc: 0.9173, TrLoss:  0.42606, VaAcc: 0.9210, VaLoss:  0.41888
508,  0 | TrAcc: 0.9216, TrLoss:  0.41084, VaAcc: 0.9236, VaLoss:  0.41859
509,  0 | TrAcc: 0.9216, TrLoss:  0.41923, VaAcc: 0.9148, VaLoss:  0.44280
510,  0 | TrAcc: 0.9242, TrLoss:  0.40559, VaAcc: 0.9225, VaLoss:  0.41750
511,  0 | TrAcc: 0.9231, TrLoss:  0.40522, VaAcc: 0.9204, VaLoss:  0.42261
512,  0 | TrAcc: 0.9210, TrLoss:  0.40971, VaAcc: 0.9195, VaLoss:  0.42399
513,  0 | TrAcc: 0.9228, TrLoss:  0.40186, VaAcc: 0.9197, VaLoss:  0.41593
514,  0 | TrAcc: 0.9261, TrLoss:  0.39745, VaAcc: 0.9240, VaLoss:  0.40918
515,  0 | TrAcc: 0.9282, TrLoss:  0.39782, VaAcc: 0.9258, VaLoss:  0.40855
516,  0 | TrAcc: 0.9287, TrLoss:  0.38948, VaAcc: 0.9273, VaLoss:  0.39503
517,  0 | TrAcc: 0.9291, TrLoss:  0.38642, VaAcc: 0.9264, VaLoss:  0.39675
518,  0 | TrAcc: 0.9303, TrLoss:  0.38553, VaAcc: 0.9238, VaLoss:  0.40118
519,  0 | TrAcc: 0.9297, TrLoss:  0.38151, VaAcc: 0.9253, VaLoss:  0.40230
520,  0 | TrAcc: 0.9316, TrLoss:  0.37741, VaAcc: 0.9266, VaLoss:  0.39721
521,  0 | TrAcc: 0.9322, TrLoss:  0.37618, VaAcc: 0.9257, VaLoss:  0.39473
522,  0 | TrAcc: 0.9319, TrLoss:  0.37534, VaAcc: 0.9255, VaLoss:  0.38976
523,  0 | TrAcc: 0.9319, TrLoss:  0.37429, VaAcc: 0.9277, VaLoss:  0.38691
524,  0 | TrAcc: 0.9321, TrLoss:  0.37127, VaAcc: 0.9273, VaLoss:  0.38872
525,  0 | TrAcc: 0.9343, TrLoss:  0.36455, VaAcc: 0.9287, VaLoss:  0.38015
526,  0 | TrAcc: 0.9346, TrLoss:  0.36577, VaAcc: 0.9309, VaLoss:  0.37696
527,  0 | TrAcc: 0.9368, TrLoss:  0.35755, VaAcc: 0.9305, VaLoss:  0.37556
528,  0 | TrAcc: 0.9350, TrLoss:  0.35668, VaAcc: 0.9290, VaLoss:  0.37568
529,  0 | TrAcc: 0.9366, TrLoss:  0.35585, VaAcc: 0.9294, VaLoss:  0.37529
530,  0 | TrAcc: 0.9363, TrLoss:  0.36008, VaAcc: 0.9301, VaLoss:  0.37101
531,  0 | TrAcc: 0.9359, TrLoss:  0.35613, VaAcc: 0.9320, VaLoss:  0.36400
532,  0 | TrAcc: 0.9373, TrLoss:  0.34759, VaAcc: 0.9326, VaLoss:  0.36077
533,  0 | TrAcc: 0.9378, TrLoss:  0.34848, VaAcc: 0.9328, VaLoss:  0.36010
534,  0 | TrAcc: 0.9378, TrLoss:  0.34700, VaAcc: 0.9356, VaLoss:  0.35539
535,  0 | TrAcc: 0.9385, TrLoss:  0.34579, VaAcc: 0.9363, VaLoss:  0.35442
536,  0 | TrAcc: 0.9387, TrLoss:  0.34794, VaAcc: 0.9371, VaLoss:  0.35581
537,  0 | TrAcc: 0.9382, TrLoss:  0.34858, VaAcc: 0.9361, VaLoss:  0.36198
538,  0 | TrAcc: 0.9395, TrLoss:  0.34263, VaAcc: 0.9352, VaLoss:  0.36348
539,  0 | TrAcc: 0.9395, TrLoss:  0.34402, VaAcc: 0.9348, VaLoss:  0.36294
540,  0 | TrAcc: 0.9401, TrLoss:  0.34165, VaAcc: 0.9363, VaLoss:  0.35703
541,  0 | TrAcc: 0.9388, TrLoss:  0.34302, VaAcc: 0.9382, VaLoss:  0.35357
542,  0 | TrAcc: 0.9389, TrLoss:  0.34091, VaAcc: 0.9350, VaLoss:  0.35963
543,  0 | TrAcc: 0.9401, TrLoss:  0.33893, VaAcc: 0.9343, VaLoss:  0.36564
544,  0 | TrAcc: 0.9405, TrLoss:  0.33793, VaAcc: 0.9350, VaLoss:  0.36174
545,  0 | TrAcc: 0.9402, TrLoss:  0.33660, VaAcc: 0.9369, VaLoss:  0.35511
546,  0 | TrAcc: 0.9410, TrLoss:  0.33554, VaAcc: 0.9373, VaLoss:  0.35209
547,  0 | TrAcc: 0.9421, TrLoss:  0.33142, VaAcc: 0.9358, VaLoss:  0.35469
548,  0 | TrAcc: 0.9416, TrLoss:  0.33468, VaAcc: 0.9337, VaLoss:  0.36282
549,  0 | TrAcc: 0.9415, TrLoss:  0.33159, VaAcc: 0.9345, VaLoss:  0.36097
550,  0 | TrAcc: 0.9415, TrLoss:  0.32909, VaAcc: 0.9386, VaLoss:  0.34971
551,  0 | TrAcc: 0.9424, TrLoss:  0.33090, VaAcc: 0.9395, VaLoss:  0.34610
552,  0 | TrAcc: 0.9419, TrLoss:  0.32991, VaAcc: 0.9375, VaLoss:  0.35201
553,  0 | TrAcc: 0.9420, TrLoss:  0.33037, VaAcc: 0.9371, VaLoss:  0.35394
554,  0 | TrAcc: 0.9429, TrLoss:  0.32843, VaAcc: 0.9373, VaLoss:  0.34977
555,  0 | TrAcc: 0.9441, TrLoss:  0.32483, VaAcc: 0.9378, VaLoss:  0.34412
556,  0 | TrAcc: 0.9437, TrLoss:  0.32697, VaAcc: 0.9395, VaLoss:  0.34511
557,  0 | TrAcc: 0.9442, TrLoss:  0.32529, VaAcc: 0.9380, VaLoss:  0.34686
558,  0 | TrAcc: 0.9432, TrLoss:  0.32631, VaAcc: 0.9404, VaLoss:  0.34015
559,  0 | TrAcc: 0.9437, TrLoss:  0.32473, VaAcc: 0.9410, VaLoss:  0.33909
560,  0 | TrAcc: 0.9447, TrLoss:  0.32320, VaAcc: 0.9386, VaLoss:  0.34739
561,  0 | TrAcc: 0.9451, TrLoss:  0.32370, VaAcc: 0.9354, VaLoss:  0.35551
562,  0 | TrAcc: 0.9430, TrLoss:  0.32569, VaAcc: 0.9363, VaLoss:  0.35189
563,  0 | TrAcc: 0.9440, TrLoss:  0.32194, VaAcc: 0.9354, VaLoss:  0.35005
564,  0 | TrAcc: 0.9436, TrLoss:  0.32480, VaAcc: 0.9369, VaLoss:  0.34772
565,  0 | TrAcc: 0.9445, TrLoss:  0.32313, VaAcc: 0.9361, VaLoss:  0.35199
566,  0 | TrAcc: 0.9428, TrLoss:  0.32409, VaAcc: 0.9354, VaLoss:  0.35623
567,  0 | TrAcc: 0.9443, TrLoss:  0.31908, VaAcc: 0.9378, VaLoss:  0.34365
568,  0 | TrAcc: 0.9443, TrLoss:  0.31986, VaAcc: 0.9371, VaLoss:  0.34419
569,  0 | TrAcc: 0.9452, TrLoss:  0.32003, VaAcc: 0.9376, VaLoss:  0.34577
570,  0 | TrAcc: 0.9448, TrLoss:  0.31771, VaAcc: 0.9354, VaLoss:  0.35062
571,  0 | TrAcc: 0.9454, TrLoss:  0.32048, VaAcc: 0.9369, VaLoss:  0.35062
572,  0 | TrAcc: 0.9465, TrLoss:  0.31784, VaAcc: 0.9371, VaLoss:  0.34760
573,  0 | TrAcc: 0.9458, TrLoss:  0.31433, VaAcc: 0.9418, VaLoss:  0.33927
574,  0 | TrAcc: 0.9460, TrLoss:  0.31590, VaAcc: 0.9414, VaLoss:  0.33411
575,  0 | TrAcc: 0.9462, TrLoss:  0.31775, VaAcc: 0.9404, VaLoss:  0.33600
576,  0 | TrAcc: 0.9440, TrLoss:  0.31961, VaAcc: 0.9399, VaLoss:  0.33873
577,  0 | TrAcc: 0.9454, TrLoss:  0.31673, VaAcc: 0.9369, VaLoss:  0.34876
578,  0 | TrAcc: 0.9468, TrLoss:  0.31434, VaAcc: 0.9384, VaLoss:  0.34666
579,  0 | TrAcc: 0.9469, TrLoss:  0.31281, VaAcc: 0.9408, VaLoss:  0.33550
580,  0 | TrAcc: 0.9468, TrLoss:  0.31416, VaAcc: 0.9416, VaLoss:  0.33437
581,  0 | TrAcc: 0.9470, TrLoss:  0.31414, VaAcc: 0.9404, VaLoss:  0.33596
582,  0 | TrAcc: 0.9474, TrLoss:  0.31042, VaAcc: 0.9421, VaLoss:  0.33590
583,  0 | TrAcc: 0.9478, TrLoss:  0.31044, VaAcc: 0.9429, VaLoss:  0.33445
584,  0 | TrAcc: 0.9468, TrLoss:  0.31115, VaAcc: 0.9431, VaLoss:  0.32882
585,  0 | TrAcc: 0.9480, TrLoss:  0.30884, VaAcc: 0.9438, VaLoss:  0.32653
586,  0 | TrAcc: 0.9476, TrLoss:  0.30973, VaAcc: 0.9412, VaLoss:  0.33112
587,  0 | TrAcc: 0.9474, TrLoss:  0.30942, VaAcc: 0.9399, VaLoss:  0.33823
588,  0 | TrAcc: 0.9478, TrLoss:  0.30970, VaAcc: 0.9412, VaLoss:  0.33855
589,  0 | TrAcc: 0.9479, TrLoss:  0.31123, VaAcc: 0.9406, VaLoss:  0.33892
590,  0 | TrAcc: 0.9484, TrLoss:  0.30810, VaAcc: 0.9404, VaLoss:  0.33665
591,  0 | TrAcc: 0.9485, TrLoss:  0.30755, VaAcc: 0.9421, VaLoss:  0.33576
592,  0 | TrAcc: 0.9486, TrLoss:  0.30727, VaAcc: 0.9399, VaLoss:  0.33663
593,  0 | TrAcc: 0.9480, TrLoss:  0.30776, VaAcc: 0.9406, VaLoss:  0.33220
594,  0 | TrAcc: 0.9474, TrLoss:  0.30913, VaAcc: 0.9410, VaLoss:  0.33223
595,  0 | TrAcc: 0.9467, TrLoss:  0.30786, VaAcc: 0.9421, VaLoss:  0.33220
596,  0 | TrAcc: 0.9494, TrLoss:  0.30573, VaAcc: 0.9423, VaLoss:  0.33251
597,  0 | TrAcc: 0.9483, TrLoss:  0.30579, VaAcc: 0.9427, VaLoss:  0.33081
598,  0 | TrAcc: 0.9480, TrLoss:  0.30590, VaAcc: 0.9433, VaLoss:  0.33493
599,  0 | TrAcc: 0.9500, TrLoss:  0.30495, VaAcc: 0.9404, VaLoss:  0.34137
----------------------------
Final Tr Acc   :   0.94995 +-     nan
Final Va Acc   :   0.94045 +-     nan
Final Tr Loss  :   0.30495 +-     nan
Final Va Loss  :   0.34137 +-     nan
