2024-06-18 13:03:58.145780: I tensorflow/core/platform/cpu_feature_guard.cc:141] Your CPU supports instructions that this TensorFlow binary was not compiled to use: SSE4.1 SSE4.2 AVX AVX2 FMA
2024-06-18 13:03:58.287405: I tensorflow/core/common_runtime/gpu/gpu_device.cc:1405] Found device 0 with properties: 
name: GeForce RTX 2080 Ti major: 7 minor: 5 memoryClockRate(GHz): 1.545
pciBusID: 0000:03:00.0
totalMemory: 10.76GiB freeMemory: 10.61GiB
2024-06-18 13:03:58.287980: I tensorflow/core/common_runtime/gpu/gpu_device.cc:1484] Adding visible gpu devices: 0
2024-06-18 13:04:00.620850: I tensorflow/core/common_runtime/gpu/gpu_device.cc:965] Device interconnect StreamExecutor with strength 1 edge matrix:
2024-06-18 13:04:00.621365: I tensorflow/core/common_runtime/gpu/gpu_device.cc:971]      0 
2024-06-18 13:04:00.623104: I tensorflow/core/common_runtime/gpu/gpu_device.cc:984] 0:   N 
2024-06-18 13:04:00.623607: I tensorflow/core/common_runtime/gpu/gpu_device.cc:1097] Created TensorFlow device (/job:localhost/replica:0/task:0/device:GPU:0 with 10237 MB memory) -> physical GPU (device: 0, name: GeForce RTX 2080 Ti, pci bus id: 0000:03:00.0, compute capability: 7.5)
2024-06-18 13:34:36.926827: I tensorflow/core/common_runtime/gpu/gpu_device.cc:1484] Adding visible gpu devices: 0
2024-06-18 13:34:36.927314: I tensorflow/core/common_runtime/gpu/gpu_device.cc:965] Device interconnect StreamExecutor with strength 1 edge matrix:
2024-06-18 13:34:36.927550: I tensorflow/core/common_runtime/gpu/gpu_device.cc:971]      0 
2024-06-18 13:34:36.927802: I tensorflow/core/common_runtime/gpu/gpu_device.cc:984] 0:   N 
2024-06-18 13:34:36.928056: I tensorflow/core/common_runtime/gpu/gpu_device.cc:1097] Created TensorFlow device (/job:localhost/replica:0/task:0/device:GPU:0 with 10237 MB memory) -> physical GPU (device: 0, name: GeForce RTX 2080 Ti, pci bus id: 0000:03:00.0, compute capability: 7.5)
2024-06-18 14:05:02.986337: I tensorflow/core/common_runtime/gpu/gpu_device.cc:1484] Adding visible gpu devices: 0
2024-06-18 14:05:02.986970: I tensorflow/core/common_runtime/gpu/gpu_device.cc:965] Device interconnect StreamExecutor with strength 1 edge matrix:
2024-06-18 14:05:02.988795: I tensorflow/core/common_runtime/gpu/gpu_device.cc:971]      0 
2024-06-18 14:05:02.989233: I tensorflow/core/common_runtime/gpu/gpu_device.cc:984] 0:   N 
2024-06-18 14:05:02.989865: I tensorflow/core/common_runtime/gpu/gpu_device.cc:1097] Created TensorFlow device (/job:localhost/replica:0/task:0/device:GPU:0 with 10237 MB memory) -> physical GPU (device: 0, name: GeForce RTX 2080 Ti, pci bus id: 0000:03:00.0, compute capability: 7.5)
