2024-06-17 19:54:28.780854: I tensorflow/core/platform/cpu_feature_guard.cc:141] Your CPU supports instructions that this TensorFlow binary was not compiled to use: SSE4.1 SSE4.2 AVX AVX2 FMA
2024-06-17 19:54:28.941327: I tensorflow/core/common_runtime/gpu/gpu_device.cc:1405] Found device 0 with properties: 
name: GeForce RTX 2080 Ti major: 7 minor: 5 memoryClockRate(GHz): 1.545
pciBusID: 0000:03:00.0
totalMemory: 10.76GiB freeMemory: 10.61GiB
2024-06-17 19:54:28.942311: I tensorflow/core/common_runtime/gpu/gpu_device.cc:1484] Adding visible gpu devices: 0
2024-06-17 19:54:31.525161: I tensorflow/core/common_runtime/gpu/gpu_device.cc:965] Device interconnect StreamExecutor with strength 1 edge matrix:
2024-06-17 19:54:31.525724: I tensorflow/core/common_runtime/gpu/gpu_device.cc:971]      0 
2024-06-17 19:54:31.526160: I tensorflow/core/common_runtime/gpu/gpu_device.cc:984] 0:   N 
2024-06-17 19:54:31.526620: I tensorflow/core/common_runtime/gpu/gpu_device.cc:1097] Created TensorFlow device (/job:localhost/replica:0/task:0/device:GPU:0 with 10237 MB memory) -> physical GPU (device: 0, name: GeForce RTX 2080 Ti, pci bus id: 0000:03:00.0, compute capability: 7.5)
2024-06-17 20:18:00.386903: I tensorflow/core/common_runtime/gpu/gpu_device.cc:1484] Adding visible gpu devices: 0
2024-06-17 20:18:00.387461: I tensorflow/core/common_runtime/gpu/gpu_device.cc:965] Device interconnect StreamExecutor with strength 1 edge matrix:
2024-06-17 20:18:00.387743: I tensorflow/core/common_runtime/gpu/gpu_device.cc:971]      0 
2024-06-17 20:18:00.388088: I tensorflow/core/common_runtime/gpu/gpu_device.cc:984] 0:   N 
2024-06-17 20:18:00.388569: I tensorflow/core/common_runtime/gpu/gpu_device.cc:1097] Created TensorFlow device (/job:localhost/replica:0/task:0/device:GPU:0 with 10237 MB memory) -> physical GPU (device: 0, name: GeForce RTX 2080 Ti, pci bus id: 0000:03:00.0, compute capability: 7.5)
2024-06-17 20:41:41.205007: I tensorflow/core/common_runtime/gpu/gpu_device.cc:1484] Adding visible gpu devices: 0
2024-06-17 20:41:41.205947: I tensorflow/core/common_runtime/gpu/gpu_device.cc:965] Device interconnect StreamExecutor with strength 1 edge matrix:
2024-06-17 20:41:41.206270: I tensorflow/core/common_runtime/gpu/gpu_device.cc:971]      0 
2024-06-17 20:41:41.206591: I tensorflow/core/common_runtime/gpu/gpu_device.cc:984] 0:   N 
2024-06-17 20:41:41.207040: I tensorflow/core/common_runtime/gpu/gpu_device.cc:1097] Created TensorFlow device (/job:localhost/replica:0/task:0/device:GPU:0 with 10237 MB memory) -> physical GPU (device: 0, name: GeForce RTX 2080 Ti, pci bus id: 0000:03:00.0, compute capability: 7.5)
