2024-06-13 23:22:14.406103: I tensorflow/core/platform/cpu_feature_guard.cc:141] Your CPU supports instructions that this TensorFlow binary was not compiled to use: SSE4.1 SSE4.2 AVX AVX2 FMA
2024-06-13 23:22:14.556214: I tensorflow/core/common_runtime/gpu/gpu_device.cc:1405] Found device 0 with properties: 
name: GeForce RTX 2080 Ti major: 7 minor: 5 memoryClockRate(GHz): 1.545
pciBusID: 0000:03:00.0
totalMemory: 10.76GiB freeMemory: 10.61GiB
2024-06-13 23:22:14.556761: I tensorflow/core/common_runtime/gpu/gpu_device.cc:1484] Adding visible gpu devices: 0
2024-06-13 23:22:16.245536: I tensorflow/core/common_runtime/gpu/gpu_device.cc:965] Device interconnect StreamExecutor with strength 1 edge matrix:
2024-06-13 23:22:16.246128: I tensorflow/core/common_runtime/gpu/gpu_device.cc:971]      0 
2024-06-13 23:22:16.246397: I tensorflow/core/common_runtime/gpu/gpu_device.cc:984] 0:   N 
2024-06-13 23:22:16.246900: I tensorflow/core/common_runtime/gpu/gpu_device.cc:1097] Created TensorFlow device (/job:localhost/replica:0/task:0/device:GPU:0 with 10237 MB memory) -> physical GPU (device: 0, name: GeForce RTX 2080 Ti, pci bus id: 0000:03:00.0, compute capability: 7.5)
2024-06-13 23:52:26.266422: I tensorflow/core/common_runtime/gpu/gpu_device.cc:1484] Adding visible gpu devices: 0
2024-06-13 23:52:26.266989: I tensorflow/core/common_runtime/gpu/gpu_device.cc:965] Device interconnect StreamExecutor with strength 1 edge matrix:
2024-06-13 23:52:26.267269: I tensorflow/core/common_runtime/gpu/gpu_device.cc:971]      0 
2024-06-13 23:52:26.267463: I tensorflow/core/common_runtime/gpu/gpu_device.cc:984] 0:   N 
2024-06-13 23:52:26.267754: I tensorflow/core/common_runtime/gpu/gpu_device.cc:1097] Created TensorFlow device (/job:localhost/replica:0/task:0/device:GPU:0 with 10237 MB memory) -> physical GPU (device: 0, name: GeForce RTX 2080 Ti, pci bus id: 0000:03:00.0, compute capability: 7.5)
2024-06-14 00:22:17.960880: I tensorflow/core/common_runtime/gpu/gpu_device.cc:1484] Adding visible gpu devices: 0
2024-06-14 00:22:17.962218: I tensorflow/core/common_runtime/gpu/gpu_device.cc:965] Device interconnect StreamExecutor with strength 1 edge matrix:
2024-06-14 00:22:17.962551: I tensorflow/core/common_runtime/gpu/gpu_device.cc:971]      0 
2024-06-14 00:22:17.962835: I tensorflow/core/common_runtime/gpu/gpu_device.cc:984] 0:   N 
2024-06-14 00:22:17.963274: I tensorflow/core/common_runtime/gpu/gpu_device.cc:1097] Created TensorFlow device (/job:localhost/replica:0/task:0/device:GPU:0 with 10237 MB memory) -> physical GPU (device: 0, name: GeForce RTX 2080 Ti, pci bus id: 0000:03:00.0, compute capability: 7.5)
