{'task_id': 0, 'batchnorm': {'momentum': 0.98, 'tau': 5, 'modes': [], 'type': 'none'}, 'learning_rate_tau': 1000, 'learning_rate': 0.001, 'mode': {'name': 'classic', 'max_epochs': 600, 'min_error': 0}}
{'dataset': 'penstroke', 'remove_bias': True, 'va': {'minibatch_mode': False, 'max_truncation': 5, 'in_seq_len': 40, 'minibatch_size': 500}, 'tr': {'minibatch_mode': True, 'max_truncation': 5, 'in_seq_len': 40, 'minibatch_size': 1000}, 'te': {'minibatch_mode': False, 'max_truncation': 5, 'in_seq_len': 40, 'minibatch_size': 500}}
{'discrete_acts': [], 'layer_configs': [{'layer_type': 'input'}, {'var_scope': 'lstm_0', 'layer_type': 'lstm', 'regularization': {'mode': 'zoneout', 'output_zo_prob': 0.01, 'state_zo_prob': 0.05}, 'init_config': {'o': {'b': 'all_zero', 'w': 'xavier'}, 'c': {'b': 'all_zero', 'w': 'xavier'}, 'f': {'b': 'all_one', 'w': 'xavier'}, 'i': {'b': 'all_zero', 'w': 'xavier'}}}, {'var_scope': 'lstm_1', 'layer_type': 'lstm', 'regularization': {'mode': 'zoneout', 'output_zo_prob': 0.01, 'state_zo_prob': 0.05}, 'init_config': {'o': {'b': 'all_zero', 'w': 'xavier'}, 'c': {'b': 'all_zero', 'w': 'xavier'}, 'f': {'b': 'all_one', 'w': 'xavier'}, 'i': {'b': 'all_zero', 'w': 'xavier'}}}, {'var_scope': 'output_layer', 'layer_type': 'fc', 'regularization': {'strength': 0.03, 'mode': 'l2'}, 'init_config': {'b': 'all_zero', 'w': 'xavier'}}], 'n_bins': 2.0, 'gradient_clip_value': 0.5, 'weight_type': 'continuous', 'output_type': 'classification', 'layout': [4, 40, 60, 10]}
{'save_model': {'path': '../tr_models/m_model', 'enabled': True}, 'include_pred': False, 'include_out': False, 'calc_performance_every': 1}

=============================
CONFIG FILE

RNN CONFIG
{'batchnorm': {'modes': [], 'momentum': 0.98, 'tau': 5, 'type': 'none'},
 'learning_rate': 0.001,
 'learning_rate_tau': 1000,
 'mode': {'max_epochs': 600, 'min_error': 0, 'name': 'classic'},
 'task_id': 0}

DATA CONFIG
{'dataset': 'penstroke',
 'remove_bias': True,
 'te': {'in_seq_len': 40,
        'max_truncation': 5,
        'minibatch_mode': False,
        'minibatch_size': 500},
 'tr': {'in_seq_len': 40,
        'max_truncation': 5,
        'minibatch_mode': True,
        'minibatch_size': 1000},
 'va': {'in_seq_len': 40,
        'max_truncation': 5,
        'minibatch_mode': False,
        'minibatch_size': 500}}

TRAINING CONFIG
{'discrete_acts': [],
 'gradient_clip_value': 0.5,
 'layer_configs': [{'layer_type': 'input'},
                   {'init_config': {'c': {'b': 'all_zero', 'w': 'xavier'},
                                    'f': {'b': 'all_one', 'w': 'xavier'},
                                    'i': {'b': 'all_zero', 'w': 'xavier'},
                                    'o': {'b': 'all_zero', 'w': 'xavier'}},
                    'layer_type': 'lstm',
                    'regularization': {'mode': 'zoneout',
                                       'output_zo_prob': 0.01,
                                       'state_zo_prob': 0.05},
                    'var_scope': 'lstm_0'},
                   {'init_config': {'c': {'b': 'all_zero', 'w': 'xavier'},
                                    'f': {'b': 'all_one', 'w': 'xavier'},
                                    'i': {'b': 'all_zero', 'w': 'xavier'},
                                    'o': {'b': 'all_zero', 'w': 'xavier'}},
                    'layer_type': 'lstm',
                    'regularization': {'mode': 'zoneout',
                                       'output_zo_prob': 0.01,
                                       'state_zo_prob': 0.05},
                    'var_scope': 'lstm_1'},
                   {'init_config': {'b': 'all_zero', 'w': 'xavier'},
                    'layer_type': 'fc',
                    'regularization': {'mode': 'l2', 'strength': 0.03},
                    'var_scope': 'output_layer'}],
 'layout': [4, 40, 60, 10],
 'n_bins': 2.0,
 'output_type': 'classification',
 'weight_type': 'continuous'}
==============================


tr
(9940, 4, 40)
va
(2120, 4, 40)
te
(1780, 4, 40)
  0,  0 | TrAcc: 0.0285, TrLoss:  3.40284, VaAcc: 0.0259, VaLoss:  3.37950
  1,  0 | TrAcc: 0.2892, TrLoss:  2.42733, VaAcc: 0.2825, VaLoss:  2.42267
  2,  0 | TrAcc: 0.4187, TrLoss:  2.07915, VaAcc: 0.4443, VaLoss:  2.07136
  3,  0 | TrAcc: 0.4139, TrLoss:  1.94852, VaAcc: 0.4212, VaLoss:  1.94090
  4,  0 | TrAcc: 0.4944, TrLoss:  1.82365, VaAcc: 0.4769, VaLoss:  1.83084
  5,  0 | TrAcc: 0.5158, TrLoss:  1.74004, VaAcc: 0.5175, VaLoss:  1.73537
  6,  0 | TrAcc: 0.5874, TrLoss:  1.63618, VaAcc: 0.5802, VaLoss:  1.64667
  7,  0 | TrAcc: 0.6078, TrLoss:  1.54010, VaAcc: 0.5995, VaLoss:  1.54490
  8,  0 | TrAcc: 0.6786, TrLoss:  1.40533, VaAcc: 0.6604, VaLoss:  1.43747
  9,  0 | TrAcc: 0.7014, TrLoss:  1.30698, VaAcc: 0.6925, VaLoss:  1.34506
 10,  0 | TrAcc: 0.7327, TrLoss:  1.23509, VaAcc: 0.7340, VaLoss:  1.27199
 11,  0 | TrAcc: 0.7557, TrLoss:  1.17226, VaAcc: 0.7448, VaLoss:  1.21224
 12,  0 | TrAcc: 0.7984, TrLoss:  1.09610, VaAcc: 0.7854, VaLoss:  1.14738
 13,  0 | TrAcc: 0.8140, TrLoss:  1.03602, VaAcc: 0.7958, VaLoss:  1.09682
 14,  0 | TrAcc: 0.8262, TrLoss:  0.98393, VaAcc: 0.8184, VaLoss:  1.04842
 15,  0 | TrAcc: 0.8450, TrLoss:  0.93083, VaAcc: 0.8377, VaLoss:  1.00183
 16,  0 | TrAcc: 0.8611, TrLoss:  0.88302, VaAcc: 0.8519, VaLoss:  0.96178
 17,  0 | TrAcc: 0.8706, TrLoss:  0.82283, VaAcc: 0.8590, VaLoss:  0.91519
 18,  0 | TrAcc: 0.8776, TrLoss:  0.77846, VaAcc: 0.8660, VaLoss:  0.87614
 19,  0 | TrAcc: 0.8791, TrLoss:  0.75105, VaAcc: 0.8693, VaLoss:  0.85104
 20,  0 | TrAcc: 0.8798, TrLoss:  0.71906, VaAcc: 0.8722, VaLoss:  0.82464
 21,  0 | TrAcc: 0.8843, TrLoss:  0.69367, VaAcc: 0.8764, VaLoss:  0.79997
 22,  0 | TrAcc: 0.8905, TrLoss:  0.65756, VaAcc: 0.8797, VaLoss:  0.78334
 23,  0 | TrAcc: 0.8908, TrLoss:  0.64619, VaAcc: 0.8802, VaLoss:  0.76972
 24,  0 | TrAcc: 0.8927, TrLoss:  0.62503, VaAcc: 0.8844, VaLoss:  0.74728
 25,  0 | TrAcc: 0.9043, TrLoss:  0.58367, VaAcc: 0.8896, VaLoss:  0.72626
 26,  0 | TrAcc: 0.9089, TrLoss:  0.56731, VaAcc: 0.8981, VaLoss:  0.71225
 27,  0 | TrAcc: 0.9070, TrLoss:  0.55496, VaAcc: 0.9009, VaLoss:  0.69581
 28,  0 | TrAcc: 0.9109, TrLoss:  0.53741, VaAcc: 0.9061, VaLoss:  0.67731
 29,  0 | TrAcc: 0.9161, TrLoss:  0.50826, VaAcc: 0.9099, VaLoss:  0.66315
 30,  0 | TrAcc: 0.9169, TrLoss:  0.49844, VaAcc: 0.9113, VaLoss:  0.65362
 31,  0 | TrAcc: 0.9233, TrLoss:  0.47935, VaAcc: 0.9142, VaLoss:  0.63606
 32,  0 | TrAcc: 0.9279, TrLoss:  0.46209, VaAcc: 0.9165, VaLoss:  0.62354
 33,  0 | TrAcc: 0.9270, TrLoss:  0.45479, VaAcc: 0.9189, VaLoss:  0.61620
 34,  0 | TrAcc: 0.9243, TrLoss:  0.44878, VaAcc: 0.9175, VaLoss:  0.61416
 35,  0 | TrAcc: 0.9321, TrLoss:  0.41778, VaAcc: 0.9241, VaLoss:  0.59065
 36,  0 | TrAcc: 0.9349, TrLoss:  0.41246, VaAcc: 0.9255, VaLoss:  0.59530
 37,  0 | TrAcc: 0.9376, TrLoss:  0.39726, VaAcc: 0.9321, VaLoss:  0.57577
 38,  0 | TrAcc: 0.9355, TrLoss:  0.39038, VaAcc: 0.9302, VaLoss:  0.57086
 39,  0 | TrAcc: 0.9389, TrLoss:  0.37743, VaAcc: 0.9316, VaLoss:  0.56546
 40,  0 | TrAcc: 0.9410, TrLoss:  0.37106, VaAcc: 0.9349, VaLoss:  0.56281
 41,  0 | TrAcc: 0.9401, TrLoss:  0.36340, VaAcc: 0.9349, VaLoss:  0.55593
 42,  0 | TrAcc: 0.9408, TrLoss:  0.35812, VaAcc: 0.9340, VaLoss:  0.55253
 43,  0 | TrAcc: 0.9420, TrLoss:  0.35110, VaAcc: 0.9387, VaLoss:  0.54757
 44,  0 | TrAcc: 0.9437, TrLoss:  0.33872, VaAcc: 0.9392, VaLoss:  0.53726
 45,  0 | TrAcc: 0.9429, TrLoss:  0.33321, VaAcc: 0.9396, VaLoss:  0.52872
 46,  0 | TrAcc: 0.9462, TrLoss:  0.32530, VaAcc: 0.9434, VaLoss:  0.52460
 47,  0 | TrAcc: 0.9474, TrLoss:  0.31566, VaAcc: 0.9448, VaLoss:  0.52483
 48,  0 | TrAcc: 0.9438, TrLoss:  0.31488, VaAcc: 0.9439, VaLoss:  0.51958
 49,  0 | TrAcc: 0.9488, TrLoss:  0.30311, VaAcc: 0.9443, VaLoss:  0.51391
 50,  0 | TrAcc: 0.9527, TrLoss:  0.29003, VaAcc: 0.9453, VaLoss:  0.50962
 51,  0 | TrAcc: 0.9489, TrLoss:  0.29063, VaAcc: 0.9458, VaLoss:  0.50312
 52,  0 | TrAcc: 0.9536, TrLoss:  0.28479, VaAcc: 0.9467, VaLoss:  0.50846
 53,  0 | TrAcc: 0.9500, TrLoss:  0.28449, VaAcc: 0.9476, VaLoss:  0.50021
 54,  0 | TrAcc: 0.9547, TrLoss:  0.27426, VaAcc: 0.9505, VaLoss:  0.49892
 55,  0 | TrAcc: 0.9564, TrLoss:  0.26214, VaAcc: 0.9500, VaLoss:  0.49269
 56,  0 | TrAcc: 0.9551, TrLoss:  0.26135, VaAcc: 0.9458, VaLoss:  0.49213
 57,  0 | TrAcc: 0.9584, TrLoss:  0.25509, VaAcc: 0.9481, VaLoss:  0.48853
 58,  0 | TrAcc: 0.9602, TrLoss:  0.24656, VaAcc: 0.9528, VaLoss:  0.48978
 59,  0 | TrAcc: 0.9592, TrLoss:  0.24852, VaAcc: 0.9491, VaLoss:  0.48923
 60,  0 | TrAcc: 0.9576, TrLoss:  0.24416, VaAcc: 0.9491, VaLoss:  0.48279
 61,  0 | TrAcc: 0.9600, TrLoss:  0.24576, VaAcc: 0.9519, VaLoss:  0.48386
 62,  0 | TrAcc: 0.9575, TrLoss:  0.24280, VaAcc: 0.9509, VaLoss:  0.48232
 63,  0 | TrAcc: 0.9602, TrLoss:  0.23333, VaAcc: 0.9472, VaLoss:  0.47941
 64,  0 | TrAcc: 0.9587, TrLoss:  0.23640, VaAcc: 0.9500, VaLoss:  0.48210
 65,  0 | TrAcc: 0.9572, TrLoss:  0.23332, VaAcc: 0.9476, VaLoss:  0.47943
 66,  0 | TrAcc: 0.9580, TrLoss:  0.23205, VaAcc: 0.9505, VaLoss:  0.47824
 67,  0 | TrAcc: 0.9667, TrLoss:  0.20595, VaAcc: 0.9505, VaLoss:  0.47526
 68,  0 | TrAcc: 0.9644, TrLoss:  0.21593, VaAcc: 0.9519, VaLoss:  0.47522
 69,  0 | TrAcc: 0.9619, TrLoss:  0.21704, VaAcc: 0.9495, VaLoss:  0.47392
 70,  0 | TrAcc: 0.9628, TrLoss:  0.21555, VaAcc: 0.9495, VaLoss:  0.47554
 71,  0 | TrAcc: 0.9682, TrLoss:  0.20387, VaAcc: 0.9533, VaLoss:  0.46718
 72,  0 | TrAcc: 0.9650, TrLoss:  0.19911, VaAcc: 0.9514, VaLoss:  0.47194
 73,  0 | TrAcc: 0.9657, TrLoss:  0.20304, VaAcc: 0.9547, VaLoss:  0.46528
 74,  0 | TrAcc: 0.9658, TrLoss:  0.19766, VaAcc: 0.9524, VaLoss:  0.46495
 75,  0 | TrAcc: 0.9664, TrLoss:  0.19983, VaAcc: 0.9557, VaLoss:  0.45910
 76,  0 | TrAcc: 0.9694, TrLoss:  0.18875, VaAcc: 0.9547, VaLoss:  0.45534
 77,  0 | TrAcc: 0.9668, TrLoss:  0.18904, VaAcc: 0.9524, VaLoss:  0.46686
 78,  0 | TrAcc: 0.9671, TrLoss:  0.18723, VaAcc: 0.9566, VaLoss:  0.45817
 79,  0 | TrAcc: 0.9675, TrLoss:  0.18159, VaAcc: 0.9590, VaLoss:  0.45214
 80,  0 | TrAcc: 0.9681, TrLoss:  0.18288, VaAcc: 0.9557, VaLoss:  0.45779
 81,  0 | TrAcc: 0.9681, TrLoss:  0.17813, VaAcc: 0.9585, VaLoss:  0.45135
 82,  0 | TrAcc: 0.9670, TrLoss:  0.18020, VaAcc: 0.9575, VaLoss:  0.45400
 83,  0 | TrAcc: 0.9670, TrLoss:  0.18030, VaAcc: 0.9552, VaLoss:  0.45692
 84,  0 | TrAcc: 0.9724, TrLoss:  0.16879, VaAcc: 0.9585, VaLoss:  0.44775
 85,  0 | TrAcc: 0.9685, TrLoss:  0.17376, VaAcc: 0.9571, VaLoss:  0.45329
 86,  0 | TrAcc: 0.9706, TrLoss:  0.17035, VaAcc: 0.9599, VaLoss:  0.44606
 87,  0 | TrAcc: 0.9686, TrLoss:  0.17595, VaAcc: 0.9557, VaLoss:  0.45982
 88,  0 | TrAcc: 0.9697, TrLoss:  0.16813, VaAcc: 0.9533, VaLoss:  0.45350
 89,  0 | TrAcc: 0.9709, TrLoss:  0.16575, VaAcc: 0.9533, VaLoss:  0.45363
 90,  0 | TrAcc: 0.9704, TrLoss:  0.16521, VaAcc: 0.9575, VaLoss:  0.45641
 91,  0 | TrAcc: 0.9706, TrLoss:  0.15968, VaAcc: 0.9557, VaLoss:  0.44499
 92,  0 | TrAcc: 0.9747, TrLoss:  0.14992, VaAcc: 0.9533, VaLoss:  0.44513
 93,  0 | TrAcc: 0.9728, TrLoss:  0.15666, VaAcc: 0.9590, VaLoss:  0.44835
 94,  0 | TrAcc: 0.9728, TrLoss:  0.15546, VaAcc: 0.9571, VaLoss:  0.44325
 95,  0 | TrAcc: 0.9761, TrLoss:  0.14835, VaAcc: 0.9557, VaLoss:  0.44537
 96,  0 | TrAcc: 0.9726, TrLoss:  0.15449, VaAcc: 0.9552, VaLoss:  0.45323
 97,  0 | TrAcc: 0.9753, TrLoss:  0.14370, VaAcc: 0.9571, VaLoss:  0.44227
 98,  0 | TrAcc: 0.9758, TrLoss:  0.14442, VaAcc: 0.9566, VaLoss:  0.44454
 99,  0 | TrAcc: 0.9747, TrLoss:  0.14367, VaAcc: 0.9594, VaLoss:  0.43661
100,  0 | TrAcc: 0.9734, TrLoss:  0.14688, VaAcc: 0.9585, VaLoss:  0.43665
101,  0 | TrAcc: 0.9773, TrLoss:  0.13966, VaAcc: 0.9590, VaLoss:  0.43657
102,  0 | TrAcc: 0.9780, TrLoss:  0.13543, VaAcc: 0.9604, VaLoss:  0.43530
103,  0 | TrAcc: 0.9763, TrLoss:  0.13972, VaAcc: 0.9599, VaLoss:  0.43671
104,  0 | TrAcc: 0.9767, TrLoss:  0.13761, VaAcc: 0.9604, VaLoss:  0.43793
105,  0 | TrAcc: 0.9785, TrLoss:  0.13079, VaAcc: 0.9608, VaLoss:  0.43658
106,  0 | TrAcc: 0.9771, TrLoss:  0.13280, VaAcc: 0.9590, VaLoss:  0.43946
107,  0 | TrAcc: 0.9777, TrLoss:  0.12979, VaAcc: 0.9580, VaLoss:  0.43257
108,  0 | TrAcc: 0.9785, TrLoss:  0.12945, VaAcc: 0.9580, VaLoss:  0.43752
109,  0 | TrAcc: 0.9745, TrLoss:  0.13264, VaAcc: 0.9599, VaLoss:  0.43408
110,  0 | TrAcc: 0.9778, TrLoss:  0.13150, VaAcc: 0.9566, VaLoss:  0.43808
111,  0 | TrAcc: 0.9782, TrLoss:  0.12501, VaAcc: 0.9557, VaLoss:  0.44075
112,  0 | TrAcc: 0.9769, TrLoss:  0.12507, VaAcc: 0.9580, VaLoss:  0.43958
113,  0 | TrAcc: 0.9763, TrLoss:  0.12505, VaAcc: 0.9580, VaLoss:  0.42888
114,  0 | TrAcc: 0.9790, TrLoss:  0.12290, VaAcc: 0.9599, VaLoss:  0.42881
115,  0 | TrAcc: 0.9757, TrLoss:  0.12719, VaAcc: 0.9608, VaLoss:  0.43943
116,  0 | TrAcc: 0.9806, TrLoss:  0.11554, VaAcc: 0.9580, VaLoss:  0.43493
117,  0 | TrAcc: 0.9799, TrLoss:  0.11690, VaAcc: 0.9580, VaLoss:  0.42877
118,  0 | TrAcc: 0.9765, TrLoss:  0.12851, VaAcc: 0.9571, VaLoss:  0.43322
119,  0 | TrAcc: 0.9799, TrLoss:  0.11258, VaAcc: 0.9580, VaLoss:  0.43132
120,  0 | TrAcc: 0.9794, TrLoss:  0.11848, VaAcc: 0.9590, VaLoss:  0.43798
121,  0 | TrAcc: 0.9789, TrLoss:  0.11810, VaAcc: 0.9566, VaLoss:  0.43650
122,  0 | TrAcc: 0.9792, TrLoss:  0.11970, VaAcc: 0.9613, VaLoss:  0.43777
123,  0 | TrAcc: 0.9822, TrLoss:  0.10930, VaAcc: 0.9613, VaLoss:  0.43374
124,  0 | TrAcc: 0.9813, TrLoss:  0.11130, VaAcc: 0.9580, VaLoss:  0.43092
125,  0 | TrAcc: 0.9815, TrLoss:  0.10885, VaAcc: 0.9608, VaLoss:  0.42988
126,  0 | TrAcc: 0.9818, TrLoss:  0.10880, VaAcc: 0.9533, VaLoss:  0.43937
127,  0 | TrAcc: 0.9812, TrLoss:  0.10926, VaAcc: 0.9590, VaLoss:  0.43130
128,  0 | TrAcc: 0.9790, TrLoss:  0.11910, VaAcc: 0.9557, VaLoss:  0.44154
129,  0 | TrAcc: 0.9800, TrLoss:  0.11032, VaAcc: 0.9594, VaLoss:  0.43666
130,  0 | TrAcc: 0.9801, TrLoss:  0.11603, VaAcc: 0.9571, VaLoss:  0.43062
131,  0 | TrAcc: 0.9842, TrLoss:  0.09875, VaAcc: 0.9561, VaLoss:  0.42953
132,  0 | TrAcc: 0.9820, TrLoss:  0.10275, VaAcc: 0.9575, VaLoss:  0.42609
133,  0 | TrAcc: 0.9828, TrLoss:  0.10387, VaAcc: 0.9604, VaLoss:  0.43489
134,  0 | TrAcc: 0.9798, TrLoss:  0.10782, VaAcc: 0.9585, VaLoss:  0.42932
135,  0 | TrAcc: 0.9819, TrLoss:  0.10548, VaAcc: 0.9557, VaLoss:  0.43388
136,  0 | TrAcc: 0.9807, TrLoss:  0.10492, VaAcc: 0.9538, VaLoss:  0.43643
137,  0 | TrAcc: 0.9836, TrLoss:  0.09918, VaAcc: 0.9590, VaLoss:  0.42806
138,  0 | TrAcc: 0.9834, TrLoss:  0.09921, VaAcc: 0.9604, VaLoss:  0.42497
139,  0 | TrAcc: 0.9809, TrLoss:  0.10332, VaAcc: 0.9585, VaLoss:  0.42989
140,  0 | TrAcc: 0.9832, TrLoss:  0.09456, VaAcc: 0.9613, VaLoss:  0.42723
141,  0 | TrAcc: 0.9809, TrLoss:  0.10063, VaAcc: 0.9613, VaLoss:  0.43090
142,  0 | TrAcc: 0.9827, TrLoss:  0.09934, VaAcc: 0.9599, VaLoss:  0.43477
143,  0 | TrAcc: 0.9804, TrLoss:  0.10316, VaAcc: 0.9604, VaLoss:  0.42985
144,  0 | TrAcc: 0.9812, TrLoss:  0.09668, VaAcc: 0.9580, VaLoss:  0.42568
145,  0 | TrAcc: 0.9837, TrLoss:  0.09593, VaAcc: 0.9604, VaLoss:  0.43177
146,  0 | TrAcc: 0.9833, TrLoss:  0.09323, VaAcc: 0.9590, VaLoss:  0.43238
147,  0 | TrAcc: 0.9842, TrLoss:  0.09083, VaAcc: 0.9566, VaLoss:  0.42952
148,  0 | TrAcc: 0.9812, TrLoss:  0.09478, VaAcc: 0.9594, VaLoss:  0.42942
149,  0 | TrAcc: 0.9827, TrLoss:  0.09452, VaAcc: 0.9571, VaLoss:  0.42541
150,  0 | TrAcc: 0.9851, TrLoss:  0.08596, VaAcc: 0.9604, VaLoss:  0.42786
151,  0 | TrAcc: 0.9824, TrLoss:  0.09131, VaAcc: 0.9608, VaLoss:  0.42538
152,  0 | TrAcc: 0.9848, TrLoss:  0.08380, VaAcc: 0.9604, VaLoss:  0.42096
153,  0 | TrAcc: 0.9851, TrLoss:  0.08480, VaAcc: 0.9608, VaLoss:  0.42251
154,  0 | TrAcc: 0.9855, TrLoss:  0.08446, VaAcc: 0.9608, VaLoss:  0.42894
155,  0 | TrAcc: 0.9857, TrLoss:  0.08430, VaAcc: 0.9594, VaLoss:  0.42292
156,  0 | TrAcc: 0.9844, TrLoss:  0.08748, VaAcc: 0.9608, VaLoss:  0.42975
157,  0 | TrAcc: 0.9870, TrLoss:  0.08278, VaAcc: 0.9599, VaLoss:  0.42169
158,  0 | TrAcc: 0.9818, TrLoss:  0.09407, VaAcc: 0.9575, VaLoss:  0.43063
159,  0 | TrAcc: 0.9845, TrLoss:  0.08722, VaAcc: 0.9571, VaLoss:  0.43167
160,  0 | TrAcc: 0.9831, TrLoss:  0.08884, VaAcc: 0.9580, VaLoss:  0.43331
161,  0 | TrAcc: 0.9856, TrLoss:  0.08297, VaAcc: 0.9590, VaLoss:  0.42458
162,  0 | TrAcc: 0.9870, TrLoss:  0.07647, VaAcc: 0.9590, VaLoss:  0.42695
163,  0 | TrAcc: 0.9878, TrLoss:  0.07105, VaAcc: 0.9613, VaLoss:  0.42116
164,  0 | TrAcc: 0.9875, TrLoss:  0.07854, VaAcc: 0.9599, VaLoss:  0.42916
165,  0 | TrAcc: 0.9824, TrLoss:  0.09062, VaAcc: 0.9590, VaLoss:  0.43296
166,  0 | TrAcc: 0.9878, TrLoss:  0.07825, VaAcc: 0.9580, VaLoss:  0.42984
167,  0 | TrAcc: 0.9885, TrLoss:  0.07297, VaAcc: 0.9608, VaLoss:  0.42969
168,  0 | TrAcc: 0.9858, TrLoss:  0.07922, VaAcc: 0.9590, VaLoss:  0.42161
169,  0 | TrAcc: 0.9860, TrLoss:  0.07674, VaAcc: 0.9571, VaLoss:  0.42318
170,  0 | TrAcc: 0.9845, TrLoss:  0.08257, VaAcc: 0.9613, VaLoss:  0.42642
171,  0 | TrAcc: 0.9863, TrLoss:  0.07746, VaAcc: 0.9599, VaLoss:  0.42548
172,  0 | TrAcc: 0.9862, TrLoss:  0.07803, VaAcc: 0.9613, VaLoss:  0.42912
173,  0 | TrAcc: 0.9834, TrLoss:  0.08625, VaAcc: 0.9590, VaLoss:  0.42624
174,  0 | TrAcc: 0.9874, TrLoss:  0.07631, VaAcc: 0.9580, VaLoss:  0.42449
175,  0 | TrAcc: 0.9873, TrLoss:  0.07200, VaAcc: 0.9618, VaLoss:  0.42174
176,  0 | TrAcc: 0.9871, TrLoss:  0.07631, VaAcc: 0.9637, VaLoss:  0.41956
177,  0 | TrAcc: 0.9864, TrLoss:  0.07229, VaAcc: 0.9590, VaLoss:  0.42409
178,  0 | TrAcc: 0.9865, TrLoss:  0.07163, VaAcc: 0.9585, VaLoss:  0.42469
179,  0 | TrAcc: 0.9854, TrLoss:  0.07242, VaAcc: 0.9585, VaLoss:  0.42984
180,  0 | TrAcc: 0.9882, TrLoss:  0.07056, VaAcc: 0.9627, VaLoss:  0.42963
181,  0 | TrAcc: 0.9894, TrLoss:  0.06584, VaAcc: 0.9608, VaLoss:  0.41958
182,  0 | TrAcc: 0.9889, TrLoss:  0.06989, VaAcc: 0.9590, VaLoss:  0.42880
183,  0 | TrAcc: 0.9890, TrLoss:  0.06662, VaAcc: 0.9627, VaLoss:  0.42275
184,  0 | TrAcc: 0.9860, TrLoss:  0.07202, VaAcc: 0.9594, VaLoss:  0.42226
185,  0 | TrAcc: 0.9894, TrLoss:  0.06785, VaAcc: 0.9599, VaLoss:  0.43037
186,  0 | TrAcc: 0.9858, TrLoss:  0.07234, VaAcc: 0.9580, VaLoss:  0.42469
187,  0 | TrAcc: 0.9901, TrLoss:  0.06336, VaAcc: 0.9590, VaLoss:  0.42255
188,  0 | TrAcc: 0.9888, TrLoss:  0.06304, VaAcc: 0.9585, VaLoss:  0.42177
189,  0 | TrAcc: 0.9828, TrLoss:  0.08021, VaAcc: 0.9590, VaLoss:  0.42648
190,  0 | TrAcc: 0.9827, TrLoss:  0.08021, VaAcc: 0.9575, VaLoss:  0.42707
191,  0 | TrAcc: 0.9879, TrLoss:  0.06416, VaAcc: 0.9618, VaLoss:  0.41829
192,  0 | TrAcc: 0.9870, TrLoss:  0.06726, VaAcc: 0.9580, VaLoss:  0.42794
193,  0 | TrAcc: 0.9872, TrLoss:  0.06639, VaAcc: 0.9632, VaLoss:  0.42099
194,  0 | TrAcc: 0.9863, TrLoss:  0.07085, VaAcc: 0.9590, VaLoss:  0.42580
195,  0 | TrAcc: 0.9890, TrLoss:  0.06306, VaAcc: 0.9608, VaLoss:  0.43210
196,  0 | TrAcc: 0.9886, TrLoss:  0.06588, VaAcc: 0.9604, VaLoss:  0.42567
197,  0 | TrAcc: 0.9866, TrLoss:  0.06876, VaAcc: 0.9585, VaLoss:  0.42703
198,  0 | TrAcc: 0.9891, TrLoss:  0.06300, VaAcc: 0.9571, VaLoss:  0.42546
199,  0 | TrAcc: 0.9866, TrLoss:  0.07186, VaAcc: 0.9599, VaLoss:  0.42268
200,  0 | TrAcc: 0.9858, TrLoss:  0.06989, VaAcc: 0.9585, VaLoss:  0.42228
201,  0 | TrAcc: 0.9905, TrLoss:  0.05875, VaAcc: 0.9618, VaLoss:  0.42747
202,  0 | TrAcc: 0.9887, TrLoss:  0.06099, VaAcc: 0.9571, VaLoss:  0.42005
203,  0 | TrAcc: 0.9886, TrLoss:  0.06296, VaAcc: 0.9585, VaLoss:  0.42850
204,  0 | TrAcc: 0.9891, TrLoss:  0.06137, VaAcc: 0.9575, VaLoss:  0.42320
205,  0 | TrAcc: 0.9892, TrLoss:  0.05847, VaAcc: 0.9566, VaLoss:  0.43385
206,  0 | TrAcc: 0.9882, TrLoss:  0.06179, VaAcc: 0.9590, VaLoss:  0.42422
207,  0 | TrAcc: 0.9889, TrLoss:  0.06021, VaAcc: 0.9594, VaLoss:  0.43175
208,  0 | TrAcc: 0.9903, TrLoss:  0.05668, VaAcc: 0.9632, VaLoss:  0.42132
209,  0 | TrAcc: 0.9888, TrLoss:  0.06020, VaAcc: 0.9561, VaLoss:  0.42920
210,  0 | TrAcc: 0.9900, TrLoss:  0.05860, VaAcc: 0.9604, VaLoss:  0.42543
211,  0 | TrAcc: 0.9876, TrLoss:  0.06236, VaAcc: 0.9580, VaLoss:  0.42412
212,  0 | TrAcc: 0.9893, TrLoss:  0.06109, VaAcc: 0.9594, VaLoss:  0.42528
213,  0 | TrAcc: 0.9897, TrLoss:  0.05641, VaAcc: 0.9632, VaLoss:  0.41790
214,  0 | TrAcc: 0.9888, TrLoss:  0.05758, VaAcc: 0.9585, VaLoss:  0.42095
215,  0 | TrAcc: 0.9919, TrLoss:  0.05120, VaAcc: 0.9613, VaLoss:  0.42261
216,  0 | TrAcc: 0.9903, TrLoss:  0.05551, VaAcc: 0.9575, VaLoss:  0.42675
217,  0 | TrAcc: 0.9895, TrLoss:  0.05441, VaAcc: 0.9618, VaLoss:  0.42099
218,  0 | TrAcc: 0.9915, TrLoss:  0.05126, VaAcc: 0.9623, VaLoss:  0.41568
219,  0 | TrAcc: 0.9878, TrLoss:  0.06151, VaAcc: 0.9623, VaLoss:  0.42809
220,  0 | TrAcc: 0.9878, TrLoss:  0.05951, VaAcc: 0.9585, VaLoss:  0.42188
221,  0 | TrAcc: 0.9883, TrLoss:  0.05718, VaAcc: 0.9599, VaLoss:  0.42873
222,  0 | TrAcc: 0.9903, TrLoss:  0.05384, VaAcc: 0.9604, VaLoss:  0.42427
223,  0 | TrAcc: 0.9912, TrLoss:  0.05162, VaAcc: 0.9599, VaLoss:  0.42282
224,  0 | TrAcc: 0.9892, TrLoss:  0.05788, VaAcc: 0.9613, VaLoss:  0.42248
225,  0 | TrAcc: 0.9901, TrLoss:  0.05233, VaAcc: 0.9604, VaLoss:  0.41664
226,  0 | TrAcc: 0.9896, TrLoss:  0.05236, VaAcc: 0.9599, VaLoss:  0.42823
227,  0 | TrAcc: 0.9913, TrLoss:  0.05079, VaAcc: 0.9590, VaLoss:  0.42378
228,  0 | TrAcc: 0.9877, TrLoss:  0.05854, VaAcc: 0.9599, VaLoss:  0.43757
229,  0 | TrAcc: 0.9908, TrLoss:  0.05114, VaAcc: 0.9604, VaLoss:  0.42518
230,  0 | TrAcc: 0.9909, TrLoss:  0.05093, VaAcc: 0.9613, VaLoss:  0.42318
231,  0 | TrAcc: 0.9916, TrLoss:  0.05188, VaAcc: 0.9604, VaLoss:  0.42151
232,  0 | TrAcc: 0.9904, TrLoss:  0.04855, VaAcc: 0.9594, VaLoss:  0.41935
233,  0 | TrAcc: 0.9900, TrLoss:  0.05207, VaAcc: 0.9580, VaLoss:  0.42529
234,  0 | TrAcc: 0.9896, TrLoss:  0.05255, VaAcc: 0.9613, VaLoss:  0.42310
235,  0 | TrAcc: 0.9909, TrLoss:  0.05068, VaAcc: 0.9590, VaLoss:  0.42809
236,  0 | TrAcc: 0.9904, TrLoss:  0.04988, VaAcc: 0.9575, VaLoss:  0.42233
237,  0 | TrAcc: 0.9904, TrLoss:  0.05036, VaAcc: 0.9613, VaLoss:  0.42340
238,  0 | TrAcc: 0.9914, TrLoss:  0.04524, VaAcc: 0.9590, VaLoss:  0.42109
239,  0 | TrAcc: 0.9907, TrLoss:  0.05003, VaAcc: 0.9575, VaLoss:  0.42333
240,  0 | TrAcc: 0.9912, TrLoss:  0.04520, VaAcc: 0.9585, VaLoss:  0.42658
241,  0 | TrAcc: 0.9910, TrLoss:  0.04872, VaAcc: 0.9585, VaLoss:  0.42543
242,  0 | TrAcc: 0.9927, TrLoss:  0.04448, VaAcc: 0.9608, VaLoss:  0.42803
243,  0 | TrAcc: 0.9918, TrLoss:  0.04418, VaAcc: 0.9585, VaLoss:  0.42914
244,  0 | TrAcc: 0.9920, TrLoss:  0.04799, VaAcc: 0.9580, VaLoss:  0.42125
245,  0 | TrAcc: 0.9896, TrLoss:  0.05336, VaAcc: 0.9580, VaLoss:  0.42461
246,  0 | TrAcc: 0.9908, TrLoss:  0.04714, VaAcc: 0.9608, VaLoss:  0.42115
247,  0 | TrAcc: 0.9915, TrLoss:  0.04819, VaAcc: 0.9604, VaLoss:  0.42846
248,  0 | TrAcc: 0.9908, TrLoss:  0.04708, VaAcc: 0.9618, VaLoss:  0.41802
249,  0 | TrAcc: 0.9908, TrLoss:  0.04870, VaAcc: 0.9590, VaLoss:  0.42563
250,  0 | TrAcc: 0.9929, TrLoss:  0.04153, VaAcc: 0.9590, VaLoss:  0.42822
251,  0 | TrAcc: 0.9908, TrLoss:  0.04360, VaAcc: 0.9585, VaLoss:  0.42301
252,  0 | TrAcc: 0.9900, TrLoss:  0.05030, VaAcc: 0.9599, VaLoss:  0.41658
253,  0 | TrAcc: 0.9881, TrLoss:  0.05302, VaAcc: 0.9590, VaLoss:  0.42633
254,  0 | TrAcc: 0.9909, TrLoss:  0.04412, VaAcc: 0.9590, VaLoss:  0.41955
255,  0 | TrAcc: 0.9924, TrLoss:  0.04281, VaAcc: 0.9604, VaLoss:  0.42579
256,  0 | TrAcc: 0.9931, TrLoss:  0.03999, VaAcc: 0.9566, VaLoss:  0.42628
257,  0 | TrAcc: 0.9921, TrLoss:  0.04224, VaAcc: 0.9623, VaLoss:  0.42703
258,  0 | TrAcc: 0.9930, TrLoss:  0.03905, VaAcc: 0.9604, VaLoss:  0.42032
259,  0 | TrAcc: 0.9921, TrLoss:  0.04566, VaAcc: 0.9599, VaLoss:  0.42432
260,  0 | TrAcc: 0.9913, TrLoss:  0.04330, VaAcc: 0.9623, VaLoss:  0.42383
261,  0 | TrAcc: 0.9898, TrLoss:  0.04874, VaAcc: 0.9547, VaLoss:  0.43486
262,  0 | TrAcc: 0.9922, TrLoss:  0.04153, VaAcc: 0.9599, VaLoss:  0.42870
263,  0 | TrAcc: 0.9933, TrLoss:  0.04021, VaAcc: 0.9604, VaLoss:  0.42457
264,  0 | TrAcc: 0.9923, TrLoss:  0.04061, VaAcc: 0.9594, VaLoss:  0.42803
265,  0 | TrAcc: 0.9912, TrLoss:  0.04221, VaAcc: 0.9608, VaLoss:  0.41674
266,  0 | TrAcc: 0.9925, TrLoss:  0.04033, VaAcc: 0.9575, VaLoss:  0.42538
267,  0 | TrAcc: 0.9917, TrLoss:  0.04277, VaAcc: 0.9608, VaLoss:  0.42013
268,  0 | TrAcc: 0.9925, TrLoss:  0.04140, VaAcc: 0.9613, VaLoss:  0.42053
269,  0 | TrAcc: 0.9932, TrLoss:  0.03904, VaAcc: 0.9590, VaLoss:  0.41854
270,  0 | TrAcc: 0.9925, TrLoss:  0.03749, VaAcc: 0.9608, VaLoss:  0.41817
271,  0 | TrAcc: 0.9924, TrLoss:  0.04068, VaAcc: 0.9590, VaLoss:  0.42425
272,  0 | TrAcc: 0.9943, TrLoss:  0.03501, VaAcc: 0.9585, VaLoss:  0.42417
273,  0 | TrAcc: 0.9925, TrLoss:  0.03690, VaAcc: 0.9585, VaLoss:  0.42569
274,  0 | TrAcc: 0.9926, TrLoss:  0.03710, VaAcc: 0.9580, VaLoss:  0.42584
275,  0 | TrAcc: 0.9924, TrLoss:  0.03793, VaAcc: 0.9590, VaLoss:  0.42335
276,  0 | TrAcc: 0.9926, TrLoss:  0.03895, VaAcc: 0.9575, VaLoss:  0.42473
277,  0 | TrAcc: 0.9921, TrLoss:  0.03901, VaAcc: 0.9594, VaLoss:  0.42308
278,  0 | TrAcc: 0.9948, TrLoss:  0.03291, VaAcc: 0.9594, VaLoss:  0.42292
279,  0 | TrAcc: 0.9936, TrLoss:  0.03584, VaAcc: 0.9585, VaLoss:  0.42551
280,  0 | TrAcc: 0.9942, TrLoss:  0.03613, VaAcc: 0.9575, VaLoss:  0.42220
281,  0 | TrAcc: 0.9935, TrLoss:  0.03473, VaAcc: 0.9604, VaLoss:  0.42498
282,  0 | TrAcc: 0.9928, TrLoss:  0.03503, VaAcc: 0.9580, VaLoss:  0.42354
283,  0 | TrAcc: 0.9934, TrLoss:  0.03680, VaAcc: 0.9566, VaLoss:  0.42136
284,  0 | TrAcc: 0.9926, TrLoss:  0.03710, VaAcc: 0.9580, VaLoss:  0.42271
285,  0 | TrAcc: 0.9939, TrLoss:  0.03435, VaAcc: 0.9613, VaLoss:  0.42420
286,  0 | TrAcc: 0.9936, TrLoss:  0.03391, VaAcc: 0.9599, VaLoss:  0.42165
287,  0 | TrAcc: 0.9921, TrLoss:  0.03600, VaAcc: 0.9608, VaLoss:  0.42104
288,  0 | TrAcc: 0.9955, TrLoss:  0.03058, VaAcc: 0.9561, VaLoss:  0.42092
289,  0 | TrAcc: 0.9945, TrLoss:  0.03345, VaAcc: 0.9599, VaLoss:  0.42841
290,  0 | TrAcc: 0.9922, TrLoss:  0.03741, VaAcc: 0.9542, VaLoss:  0.43291
291,  0 | TrAcc: 0.9946, TrLoss:  0.03106, VaAcc: 0.9623, VaLoss:  0.42099
292,  0 | TrAcc: 0.9935, TrLoss:  0.03170, VaAcc: 0.9608, VaLoss:  0.42037
293,  0 | TrAcc: 0.9922, TrLoss:  0.03633, VaAcc: 0.9547, VaLoss:  0.42736
294,  0 | TrAcc: 0.9926, TrLoss:  0.03809, VaAcc: 0.9590, VaLoss:  0.42673
295,  0 | TrAcc: 0.9937, TrLoss:  0.03537, VaAcc: 0.9571, VaLoss:  0.42031
296,  0 | TrAcc: 0.9943, TrLoss:  0.03075, VaAcc: 0.9585, VaLoss:  0.42191
297,  0 | TrAcc: 0.9944, TrLoss:  0.03349, VaAcc: 0.9623, VaLoss:  0.42149
298,  0 | TrAcc: 0.9939, TrLoss:  0.03343, VaAcc: 0.9608, VaLoss:  0.42339
299,  0 | TrAcc: 0.9925, TrLoss:  0.03716, VaAcc: 0.9547, VaLoss:  0.43261
300,  0 | TrAcc: 0.9938, TrLoss:  0.03134, VaAcc: 0.9561, VaLoss:  0.42282
301,  0 | TrAcc: 0.9934, TrLoss:  0.03463, VaAcc: 0.9557, VaLoss:  0.43364
302,  0 | TrAcc: 0.9924, TrLoss:  0.03513, VaAcc: 0.9542, VaLoss:  0.44042
303,  0 | TrAcc: 0.9920, TrLoss:  0.04231, VaAcc: 0.9557, VaLoss:  0.43236
304,  0 | TrAcc: 0.9938, TrLoss:  0.03359, VaAcc: 0.9575, VaLoss:  0.42457
305,  0 | TrAcc: 0.9918, TrLoss:  0.03859, VaAcc: 0.9561, VaLoss:  0.43096
306,  0 | TrAcc: 0.9940, TrLoss:  0.03429, VaAcc: 0.9599, VaLoss:  0.42367
307,  0 | TrAcc: 0.9950, TrLoss:  0.03052, VaAcc: 0.9599, VaLoss:  0.41170
308,  0 | TrAcc: 0.9909, TrLoss:  0.03871, VaAcc: 0.9575, VaLoss:  0.42038
309,  0 | TrAcc: 0.9925, TrLoss:  0.03669, VaAcc: 0.9608, VaLoss:  0.41621
310,  0 | TrAcc: 0.9939, TrLoss:  0.03068, VaAcc: 0.9599, VaLoss:  0.42140
311,  0 | TrAcc: 0.9949, TrLoss:  0.03038, VaAcc: 0.9561, VaLoss:  0.41959
312,  0 | TrAcc: 0.9953, TrLoss:  0.02970, VaAcc: 0.9604, VaLoss:  0.42232
313,  0 | TrAcc: 0.9958, TrLoss:  0.02734, VaAcc: 0.9575, VaLoss:  0.42005
314,  0 | TrAcc: 0.9962, TrLoss:  0.02622, VaAcc: 0.9608, VaLoss:  0.42400
315,  0 | TrAcc: 0.9957, TrLoss:  0.02658, VaAcc: 0.9575, VaLoss:  0.42225
316,  0 | TrAcc: 0.9955, TrLoss:  0.02729, VaAcc: 0.9571, VaLoss:  0.42078
317,  0 | TrAcc: 0.9945, TrLoss:  0.02782, VaAcc: 0.9623, VaLoss:  0.41928
318,  0 | TrAcc: 0.9947, TrLoss:  0.02797, VaAcc: 0.9585, VaLoss:  0.41962
319,  0 | TrAcc: 0.9950, TrLoss:  0.02834, VaAcc: 0.9594, VaLoss:  0.41927
320,  0 | TrAcc: 0.9954, TrLoss:  0.02529, VaAcc: 0.9618, VaLoss:  0.41524
321,  0 | TrAcc: 0.9958, TrLoss:  0.02638, VaAcc: 0.9590, VaLoss:  0.42346
322,  0 | TrAcc: 0.9920, TrLoss:  0.03771, VaAcc: 0.9566, VaLoss:  0.43328
323,  0 | TrAcc: 0.9925, TrLoss:  0.03454, VaAcc: 0.9571, VaLoss:  0.42706
324,  0 | TrAcc: 0.9943, TrLoss:  0.03122, VaAcc: 0.9585, VaLoss:  0.41993
325,  0 | TrAcc: 0.9963, TrLoss:  0.02454, VaAcc: 0.9590, VaLoss:  0.42327
326,  0 | TrAcc: 0.9972, TrLoss:  0.02199, VaAcc: 0.9604, VaLoss:  0.41866
327,  0 | TrAcc: 0.9955, TrLoss:  0.02673, VaAcc: 0.9618, VaLoss:  0.42508
328,  0 | TrAcc: 0.9958, TrLoss:  0.02603, VaAcc: 0.9557, VaLoss:  0.43034
329,  0 | TrAcc: 0.9967, TrLoss:  0.02314, VaAcc: 0.9599, VaLoss:  0.41928
330,  0 | TrAcc: 0.9944, TrLoss:  0.02860, VaAcc: 0.9566, VaLoss:  0.43068
331,  0 | TrAcc: 0.9936, TrLoss:  0.03143, VaAcc: 0.9618, VaLoss:  0.42226
332,  0 | TrAcc: 0.9941, TrLoss:  0.02803, VaAcc: 0.9599, VaLoss:  0.42443
333,  0 | TrAcc: 0.9954, TrLoss:  0.02727, VaAcc: 0.9580, VaLoss:  0.42077
334,  0 | TrAcc: 0.9959, TrLoss:  0.02560, VaAcc: 0.9594, VaLoss:  0.42574
335,  0 | TrAcc: 0.9956, TrLoss:  0.02783, VaAcc: 0.9613, VaLoss:  0.42378
336,  0 | TrAcc: 0.9956, TrLoss:  0.02802, VaAcc: 0.9585, VaLoss:  0.42068
337,  0 | TrAcc: 0.9965, TrLoss:  0.02355, VaAcc: 0.9571, VaLoss:  0.42420
338,  0 | TrAcc: 0.9959, TrLoss:  0.02393, VaAcc: 0.9637, VaLoss:  0.42071
339,  0 | TrAcc: 0.9947, TrLoss:  0.02570, VaAcc: 0.9599, VaLoss:  0.41492
340,  0 | TrAcc: 0.9960, TrLoss:  0.02542, VaAcc: 0.9585, VaLoss:  0.42239
341,  0 | TrAcc: 0.9947, TrLoss:  0.03064, VaAcc: 0.9561, VaLoss:  0.42856
342,  0 | TrAcc: 0.9945, TrLoss:  0.02920, VaAcc: 0.9594, VaLoss:  0.42784
343,  0 | TrAcc: 0.9940, TrLoss:  0.02801, VaAcc: 0.9608, VaLoss:  0.42566
344,  0 | TrAcc: 0.9961, TrLoss:  0.02350, VaAcc: 0.9594, VaLoss:  0.42680
345,  0 | TrAcc: 0.9956, TrLoss:  0.02399, VaAcc: 0.9580, VaLoss:  0.42192
346,  0 | TrAcc: 0.9965, TrLoss:  0.02274, VaAcc: 0.9623, VaLoss:  0.41811
347,  0 | TrAcc: 0.9946, TrLoss:  0.02787, VaAcc: 0.9575, VaLoss:  0.42403
348,  0 | TrAcc: 0.9965, TrLoss:  0.02202, VaAcc: 0.9613, VaLoss:  0.41947
349,  0 | TrAcc: 0.9970, TrLoss:  0.01989, VaAcc: 0.9599, VaLoss:  0.41936
350,  0 | TrAcc: 0.9965, TrLoss:  0.02303, VaAcc: 0.9608, VaLoss:  0.41666
351,  0 | TrAcc: 0.9977, TrLoss:  0.02091, VaAcc: 0.9585, VaLoss:  0.42073
352,  0 | TrAcc: 0.9978, TrLoss:  0.01772, VaAcc: 0.9608, VaLoss:  0.42109
353,  0 | TrAcc: 0.9965, TrLoss:  0.02149, VaAcc: 0.9580, VaLoss:  0.42337
354,  0 | TrAcc: 0.9965, TrLoss:  0.02182, VaAcc: 0.9594, VaLoss:  0.42265
355,  0 | TrAcc: 0.9967, TrLoss:  0.02027, VaAcc: 0.9604, VaLoss:  0.41794
356,  0 | TrAcc: 0.9964, TrLoss:  0.02035, VaAcc: 0.9613, VaLoss:  0.41850
357,  0 | TrAcc: 0.9967, TrLoss:  0.02029, VaAcc: 0.9608, VaLoss:  0.41952
358,  0 | TrAcc: 0.9959, TrLoss:  0.02206, VaAcc: 0.9613, VaLoss:  0.41959
359,  0 | TrAcc: 0.9966, TrLoss:  0.02051, VaAcc: 0.9613, VaLoss:  0.41550
360,  0 | TrAcc: 0.9958, TrLoss:  0.02438, VaAcc: 0.9608, VaLoss:  0.42404
361,  0 | TrAcc: 0.9968, TrLoss:  0.02139, VaAcc: 0.9571, VaLoss:  0.42098
362,  0 | TrAcc: 0.9964, TrLoss:  0.02006, VaAcc: 0.9590, VaLoss:  0.42688
363,  0 | TrAcc: 0.9960, TrLoss:  0.02141, VaAcc: 0.9623, VaLoss:  0.41605
364,  0 | TrAcc: 0.9951, TrLoss:  0.02569, VaAcc: 0.9585, VaLoss:  0.41947
365,  0 | TrAcc: 0.9953, TrLoss:  0.02432, VaAcc: 0.9580, VaLoss:  0.42480
366,  0 | TrAcc: 0.9953, TrLoss:  0.02358, VaAcc: 0.9585, VaLoss:  0.41872
367,  0 | TrAcc: 0.9958, TrLoss:  0.02200, VaAcc: 0.9585, VaLoss:  0.42239
368,  0 | TrAcc: 0.9954, TrLoss:  0.02362, VaAcc: 0.9580, VaLoss:  0.42266
369,  0 | TrAcc: 0.9964, TrLoss:  0.02103, VaAcc: 0.9618, VaLoss:  0.41970
370,  0 | TrAcc: 0.9957, TrLoss:  0.02244, VaAcc: 0.9590, VaLoss:  0.41762
371,  0 | TrAcc: 0.9966, TrLoss:  0.02052, VaAcc: 0.9599, VaLoss:  0.41796
372,  0 | TrAcc: 0.9955, TrLoss:  0.02252, VaAcc: 0.9594, VaLoss:  0.42520
373,  0 | TrAcc: 0.9974, TrLoss:  0.01811, VaAcc: 0.9590, VaLoss:  0.41910
374,  0 | TrAcc: 0.9950, TrLoss:  0.02330, VaAcc: 0.9608, VaLoss:  0.42160
375,  0 | TrAcc: 0.9972, TrLoss:  0.01947, VaAcc: 0.9604, VaLoss:  0.41538
376,  0 | TrAcc: 0.9972, TrLoss:  0.01922, VaAcc: 0.9571, VaLoss:  0.41788
377,  0 | TrAcc: 0.9968, TrLoss:  0.02042, VaAcc: 0.9594, VaLoss:  0.41639
378,  0 | TrAcc: 0.9972, TrLoss:  0.01935, VaAcc: 0.9575, VaLoss:  0.42048
379,  0 | TrAcc: 0.9966, TrLoss:  0.01916, VaAcc: 0.9608, VaLoss:  0.41604
380,  0 | TrAcc: 0.9958, TrLoss:  0.02297, VaAcc: 0.9599, VaLoss:  0.42189
381,  0 | TrAcc: 0.9959, TrLoss:  0.02177, VaAcc: 0.9552, VaLoss:  0.43205
382,  0 | TrAcc: 0.9959, TrLoss:  0.02209, VaAcc: 0.9604, VaLoss:  0.42891
383,  0 | TrAcc: 0.9979, TrLoss:  0.01606, VaAcc: 0.9585, VaLoss:  0.41779
384,  0 | TrAcc: 0.9965, TrLoss:  0.01936, VaAcc: 0.9575, VaLoss:  0.42519
385,  0 | TrAcc: 0.9966, TrLoss:  0.01881, VaAcc: 0.9594, VaLoss:  0.41484
386,  0 | TrAcc: 0.9975, TrLoss:  0.01755, VaAcc: 0.9585, VaLoss:  0.42094
387,  0 | TrAcc: 0.9967, TrLoss:  0.01930, VaAcc: 0.9575, VaLoss:  0.42287
388,  0 | TrAcc: 0.9971, TrLoss:  0.01695, VaAcc: 0.9590, VaLoss:  0.42226
389,  0 | TrAcc: 0.9968, TrLoss:  0.01892, VaAcc: 0.9575, VaLoss:  0.42515
390,  0 | TrAcc: 0.9961, TrLoss:  0.02011, VaAcc: 0.9561, VaLoss:  0.42127
391,  0 | TrAcc: 0.9974, TrLoss:  0.01633, VaAcc: 0.9599, VaLoss:  0.41731
392,  0 | TrAcc: 0.9974, TrLoss:  0.01636, VaAcc: 0.9580, VaLoss:  0.41730
393,  0 | TrAcc: 0.9983, TrLoss:  0.01478, VaAcc: 0.9580, VaLoss:  0.41617
394,  0 | TrAcc: 0.9968, TrLoss:  0.01852, VaAcc: 0.9590, VaLoss:  0.42390
395,  0 | TrAcc: 0.9963, TrLoss:  0.02120, VaAcc: 0.9613, VaLoss:  0.41581
396,  0 | TrAcc: 0.9971, TrLoss:  0.01789, VaAcc: 0.9604, VaLoss:  0.41714
397,  0 | TrAcc: 0.9973, TrLoss:  0.01612, VaAcc: 0.9571, VaLoss:  0.41536
398,  0 | TrAcc: 0.9972, TrLoss:  0.01778, VaAcc: 0.9557, VaLoss:  0.42509
399,  0 | TrAcc: 0.9972, TrLoss:  0.01730, VaAcc: 0.9604, VaLoss:  0.42260
400,  0 | TrAcc: 0.9967, TrLoss:  0.01794, VaAcc: 0.9604, VaLoss:  0.41750
401,  0 | TrAcc: 0.9967, TrLoss:  0.01946, VaAcc: 0.9613, VaLoss:  0.41644
402,  0 | TrAcc: 0.9950, TrLoss:  0.02146, VaAcc: 0.9585, VaLoss:  0.42752
403,  0 | TrAcc: 0.9972, TrLoss:  0.01651, VaAcc: 0.9604, VaLoss:  0.42510
404,  0 | TrAcc: 0.9976, TrLoss:  0.01687, VaAcc: 0.9604, VaLoss:  0.41807
405,  0 | TrAcc: 0.9978, TrLoss:  0.01563, VaAcc: 0.9585, VaLoss:  0.41586
406,  0 | TrAcc: 0.9987, TrLoss:  0.01441, VaAcc: 0.9590, VaLoss:  0.41842
407,  0 | TrAcc: 0.9976, TrLoss:  0.01610, VaAcc: 0.9604, VaLoss:  0.41954
408,  0 | TrAcc: 0.9981, TrLoss:  0.01355, VaAcc: 0.9585, VaLoss:  0.42001
409,  0 | TrAcc: 0.9973, TrLoss:  0.01590, VaAcc: 0.9618, VaLoss:  0.41335
410,  0 | TrAcc: 0.9988, TrLoss:  0.01366, VaAcc: 0.9590, VaLoss:  0.42197
411,  0 | TrAcc: 0.9982, TrLoss:  0.01413, VaAcc: 0.9571, VaLoss:  0.41867
412,  0 | TrAcc: 0.9960, TrLoss:  0.01878, VaAcc: 0.9594, VaLoss:  0.42485
413,  0 | TrAcc: 0.9979, TrLoss:  0.01616, VaAcc: 0.9604, VaLoss:  0.42429
414,  0 | TrAcc: 0.9959, TrLoss:  0.01832, VaAcc: 0.9552, VaLoss:  0.42528
415,  0 | TrAcc: 0.9979, TrLoss:  0.01391, VaAcc: 0.9561, VaLoss:  0.42458
416,  0 | TrAcc: 0.9973, TrLoss:  0.01645, VaAcc: 0.9566, VaLoss:  0.42913
417,  0 | TrAcc: 0.9974, TrLoss:  0.01610, VaAcc: 0.9599, VaLoss:  0.42505
418,  0 | TrAcc: 0.9978, TrLoss:  0.01627, VaAcc: 0.9594, VaLoss:  0.41596
419,  0 | TrAcc: 0.9976, TrLoss:  0.01480, VaAcc: 0.9590, VaLoss:  0.42001
420,  0 | TrAcc: 0.9968, TrLoss:  0.01518, VaAcc: 0.9580, VaLoss:  0.41955
421,  0 | TrAcc: 0.9973, TrLoss:  0.01705, VaAcc: 0.9571, VaLoss:  0.42018
422,  0 | TrAcc: 0.9973, TrLoss:  0.01567, VaAcc: 0.9533, VaLoss:  0.42733
423,  0 | TrAcc: 0.9972, TrLoss:  0.01669, VaAcc: 0.9590, VaLoss:  0.41573
424,  0 | TrAcc: 0.9981, TrLoss:  0.01377, VaAcc: 0.9594, VaLoss:  0.41866
425,  0 | TrAcc: 0.9979, TrLoss:  0.01372, VaAcc: 0.9604, VaLoss:  0.41857
426,  0 | TrAcc: 0.9975, TrLoss:  0.01496, VaAcc: 0.9571, VaLoss:  0.42826
427,  0 | TrAcc: 0.9969, TrLoss:  0.01685, VaAcc: 0.9585, VaLoss:  0.41832
428,  0 | TrAcc: 0.9969, TrLoss:  0.01849, VaAcc: 0.9557, VaLoss:  0.42472
429,  0 | TrAcc: 0.9958, TrLoss:  0.01984, VaAcc: 0.9594, VaLoss:  0.42800
430,  0 | TrAcc: 0.9963, TrLoss:  0.01773, VaAcc: 0.9580, VaLoss:  0.42542
431,  0 | TrAcc: 0.9964, TrLoss:  0.01800, VaAcc: 0.9618, VaLoss:  0.42162
432,  0 | TrAcc: 0.9965, TrLoss:  0.01821, VaAcc: 0.9575, VaLoss:  0.43022
433,  0 | TrAcc: 0.9971, TrLoss:  0.01656, VaAcc: 0.9590, VaLoss:  0.41953
434,  0 | TrAcc: 0.9974, TrLoss:  0.01687, VaAcc: 0.9604, VaLoss:  0.42334
435,  0 | TrAcc: 0.9982, TrLoss:  0.01267, VaAcc: 0.9580, VaLoss:  0.41560
436,  0 | TrAcc: 0.9974, TrLoss:  0.01600, VaAcc: 0.9590, VaLoss:  0.41213
437,  0 | TrAcc: 0.9974, TrLoss:  0.01356, VaAcc: 0.9599, VaLoss:  0.41489
438,  0 | TrAcc: 0.9992, TrLoss:  0.01106, VaAcc: 0.9590, VaLoss:  0.42124
439,  0 | TrAcc: 0.9975, TrLoss:  0.01448, VaAcc: 0.9613, VaLoss:  0.41556
440,  0 | TrAcc: 0.9985, TrLoss:  0.01200, VaAcc: 0.9599, VaLoss:  0.41563
441,  0 | TrAcc: 0.9985, TrLoss:  0.01243, VaAcc: 0.9604, VaLoss:  0.41372
442,  0 | TrAcc: 0.9970, TrLoss:  0.01483, VaAcc: 0.9590, VaLoss:  0.42466
443,  0 | TrAcc: 0.9973, TrLoss:  0.01588, VaAcc: 0.9557, VaLoss:  0.42907
444,  0 | TrAcc: 0.9977, TrLoss:  0.01530, VaAcc: 0.9594, VaLoss:  0.42323
445,  0 | TrAcc: 0.9985, TrLoss:  0.01170, VaAcc: 0.9604, VaLoss:  0.41905
446,  0 | TrAcc: 0.9982, TrLoss:  0.01265, VaAcc: 0.9594, VaLoss:  0.41979
447,  0 | TrAcc: 0.9976, TrLoss:  0.01386, VaAcc: 0.9618, VaLoss:  0.41464
448,  0 | TrAcc: 0.9981, TrLoss:  0.01173, VaAcc: 0.9566, VaLoss:  0.41820
449,  0 | TrAcc: 0.9993, TrLoss:  0.01019, VaAcc: 0.9637, VaLoss:  0.41534
450,  0 | TrAcc: 0.9979, TrLoss:  0.01215, VaAcc: 0.9580, VaLoss:  0.42641
451,  0 | TrAcc: 0.9980, TrLoss:  0.01265, VaAcc: 0.9580, VaLoss:  0.42279
452,  0 | TrAcc: 0.9966, TrLoss:  0.01469, VaAcc: 0.9580, VaLoss:  0.42304
453,  0 | TrAcc: 0.9974, TrLoss:  0.01400, VaAcc: 0.9594, VaLoss:  0.42024
454,  0 | TrAcc: 0.9988, TrLoss:  0.01036, VaAcc: 0.9585, VaLoss:  0.41969
455,  0 | TrAcc: 0.9981, TrLoss:  0.01220, VaAcc: 0.9608, VaLoss:  0.42160
456,  0 | TrAcc: 0.9980, TrLoss:  0.01319, VaAcc: 0.9585, VaLoss:  0.42205
457,  0 | TrAcc: 0.9969, TrLoss:  0.01474, VaAcc: 0.9594, VaLoss:  0.42065
458,  0 | TrAcc: 0.9968, TrLoss:  0.01712, VaAcc: 0.9566, VaLoss:  0.42816
459,  0 | TrAcc: 0.9986, TrLoss:  0.01332, VaAcc: 0.9575, VaLoss:  0.43098
460,  0 | TrAcc: 0.9982, TrLoss:  0.01294, VaAcc: 0.9604, VaLoss:  0.41935
461,  0 | TrAcc: 0.9979, TrLoss:  0.01254, VaAcc: 0.9599, VaLoss:  0.41983
462,  0 | TrAcc: 0.9968, TrLoss:  0.01468, VaAcc: 0.9575, VaLoss:  0.42420
463,  0 | TrAcc: 0.9987, TrLoss:  0.01070, VaAcc: 0.9580, VaLoss:  0.42284
464,  0 | TrAcc: 0.9980, TrLoss:  0.01209, VaAcc: 0.9594, VaLoss:  0.41937
465,  0 | TrAcc: 0.9988, TrLoss:  0.01001, VaAcc: 0.9585, VaLoss:  0.41665
466,  0 | TrAcc: 0.9986, TrLoss:  0.01086, VaAcc: 0.9575, VaLoss:  0.42327
467,  0 | TrAcc: 0.9992, TrLoss:  0.00941, VaAcc: 0.9590, VaLoss:  0.41783
468,  0 | TrAcc: 0.9982, TrLoss:  0.01187, VaAcc: 0.9590, VaLoss:  0.42099
469,  0 | TrAcc: 0.9987, TrLoss:  0.00937, VaAcc: 0.9585, VaLoss:  0.41740
470,  0 | TrAcc: 0.9994, TrLoss:  0.00794, VaAcc: 0.9571, VaLoss:  0.41525
471,  0 | TrAcc: 0.9987, TrLoss:  0.00937, VaAcc: 0.9580, VaLoss:  0.41561
472,  0 | TrAcc: 0.9981, TrLoss:  0.01226, VaAcc: 0.9585, VaLoss:  0.41804
473,  0 | TrAcc: 0.9980, TrLoss:  0.01115, VaAcc: 0.9580, VaLoss:  0.42195
474,  0 | TrAcc: 0.9982, TrLoss:  0.01071, VaAcc: 0.9590, VaLoss:  0.41642
475,  0 | TrAcc: 0.9980, TrLoss:  0.01172, VaAcc: 0.9580, VaLoss:  0.41700
476,  0 | TrAcc: 0.9984, TrLoss:  0.01077, VaAcc: 0.9580, VaLoss:  0.42052
477,  0 | TrAcc: 0.9973, TrLoss:  0.01287, VaAcc: 0.9552, VaLoss:  0.42627
478,  0 | TrAcc: 0.9977, TrLoss:  0.01338, VaAcc: 0.9566, VaLoss:  0.42970
479,  0 | TrAcc: 0.9979, TrLoss:  0.01167, VaAcc: 0.9557, VaLoss:  0.42780
480,  0 | TrAcc: 0.9967, TrLoss:  0.01289, VaAcc: 0.9575, VaLoss:  0.41904
481,  0 | TrAcc: 0.9969, TrLoss:  0.01638, VaAcc: 0.9575, VaLoss:  0.42315
482,  0 | TrAcc: 0.9954, TrLoss:  0.01847, VaAcc: 0.9571, VaLoss:  0.44041
483,  0 | TrAcc: 0.9976, TrLoss:  0.01399, VaAcc: 0.9580, VaLoss:  0.42464
484,  0 | TrAcc: 0.9985, TrLoss:  0.01127, VaAcc: 0.9585, VaLoss:  0.41588
485,  0 | TrAcc: 0.9983, TrLoss:  0.01171, VaAcc: 0.9594, VaLoss:  0.42052
486,  0 | TrAcc: 0.9981, TrLoss:  0.01308, VaAcc: 0.9575, VaLoss:  0.42515
487,  0 | TrAcc: 0.9962, TrLoss:  0.01583, VaAcc: 0.9566, VaLoss:  0.42993
488,  0 | TrAcc: 0.9967, TrLoss:  0.01565, VaAcc: 0.9580, VaLoss:  0.42726
489,  0 | TrAcc: 0.9965, TrLoss:  0.01733, VaAcc: 0.9547, VaLoss:  0.43000
490,  0 | TrAcc: 0.9985, TrLoss:  0.01285, VaAcc: 0.9575, VaLoss:  0.42858
491,  0 | TrAcc: 0.9977, TrLoss:  0.01354, VaAcc: 0.9561, VaLoss:  0.43497
492,  0 | TrAcc: 0.9943, TrLoss:  0.02403, VaAcc: 0.9557, VaLoss:  0.43403
493,  0 | TrAcc: 0.9942, TrLoss:  0.02354, VaAcc: 0.9571, VaLoss:  0.43910
494,  0 | TrAcc: 0.9951, TrLoss:  0.02271, VaAcc: 0.9552, VaLoss:  0.44231
495,  0 | TrAcc: 0.9956, TrLoss:  0.01938, VaAcc: 0.9608, VaLoss:  0.43011
496,  0 | TrAcc: 0.9965, TrLoss:  0.01673, VaAcc: 0.9599, VaLoss:  0.43232
497,  0 | TrAcc: 0.9975, TrLoss:  0.01474, VaAcc: 0.9561, VaLoss:  0.42813
498,  0 | TrAcc: 0.9971, TrLoss:  0.01356, VaAcc: 0.9613, VaLoss:  0.42138
499,  0 | TrAcc: 0.9977, TrLoss:  0.01210, VaAcc: 0.9585, VaLoss:  0.41816
500,  0 | TrAcc: 0.9987, TrLoss:  0.01052, VaAcc: 0.9599, VaLoss:  0.41570
501,  0 | TrAcc: 0.9975, TrLoss:  0.01273, VaAcc: 0.9604, VaLoss:  0.41966
502,  0 | TrAcc: 0.9982, TrLoss:  0.01103, VaAcc: 0.9594, VaLoss:  0.42176
503,  0 | TrAcc: 0.9988, TrLoss:  0.01034, VaAcc: 0.9613, VaLoss:  0.42009
504,  0 | TrAcc: 0.9994, TrLoss:  0.00903, VaAcc: 0.9594, VaLoss:  0.41980
505,  0 | TrAcc: 0.9961, TrLoss:  0.01650, VaAcc: 0.9557, VaLoss:  0.42470
506,  0 | TrAcc: 0.9980, TrLoss:  0.01096, VaAcc: 0.9585, VaLoss:  0.41923
507,  0 | TrAcc: 0.9977, TrLoss:  0.01252, VaAcc: 0.9590, VaLoss:  0.42360
508,  0 | TrAcc: 0.9981, TrLoss:  0.01067, VaAcc: 0.9580, VaLoss:  0.41974
509,  0 | TrAcc: 0.9964, TrLoss:  0.01630, VaAcc: 0.9566, VaLoss:  0.42615
510,  0 | TrAcc: 0.9988, TrLoss:  0.00999, VaAcc: 0.9608, VaLoss:  0.42456
511,  0 | TrAcc: 0.9983, TrLoss:  0.01188, VaAcc: 0.9608, VaLoss:  0.41973
512,  0 | TrAcc: 0.9978, TrLoss:  0.01306, VaAcc: 0.9618, VaLoss:  0.41511
513,  0 | TrAcc: 0.9982, TrLoss:  0.01089, VaAcc: 0.9594, VaLoss:  0.41936
514,  0 | TrAcc: 0.9982, TrLoss:  0.01027, VaAcc: 0.9566, VaLoss:  0.42182
515,  0 | TrAcc: 0.9980, TrLoss:  0.01020, VaAcc: 0.9594, VaLoss:  0.41391
516,  0 | TrAcc: 0.9985, TrLoss:  0.00959, VaAcc: 0.9590, VaLoss:  0.41701
517,  0 | TrAcc: 0.9989, TrLoss:  0.00921, VaAcc: 0.9585, VaLoss:  0.41739
518,  0 | TrAcc: 0.9976, TrLoss:  0.01072, VaAcc: 0.9580, VaLoss:  0.41991
519,  0 | TrAcc: 0.9991, TrLoss:  0.00890, VaAcc: 0.9590, VaLoss:  0.41938
520,  0 | TrAcc: 0.9984, TrLoss:  0.00893, VaAcc: 0.9623, VaLoss:  0.41764
521,  0 | TrAcc: 0.9983, TrLoss:  0.00941, VaAcc: 0.9599, VaLoss:  0.41695
522,  0 | TrAcc: 0.9986, TrLoss:  0.00906, VaAcc: 0.9599, VaLoss:  0.40734
523,  0 | TrAcc: 0.9985, TrLoss:  0.00940, VaAcc: 0.9608, VaLoss:  0.41302
524,  0 | TrAcc: 0.9992, TrLoss:  0.00792, VaAcc: 0.9599, VaLoss:  0.41478
525,  0 | TrAcc: 0.9982, TrLoss:  0.00956, VaAcc: 0.9599, VaLoss:  0.41892
526,  0 | TrAcc: 0.9991, TrLoss:  0.00789, VaAcc: 0.9590, VaLoss:  0.41346
527,  0 | TrAcc: 0.9987, TrLoss:  0.00868, VaAcc: 0.9594, VaLoss:  0.41380
528,  0 | TrAcc: 0.9990, TrLoss:  0.00750, VaAcc: 0.9608, VaLoss:  0.41946
529,  0 | TrAcc: 0.9997, TrLoss:  0.00613, VaAcc: 0.9604, VaLoss:  0.41520
530,  0 | TrAcc: 0.9989, TrLoss:  0.00698, VaAcc: 0.9594, VaLoss:  0.41194
531,  0 | TrAcc: 0.9992, TrLoss:  0.00722, VaAcc: 0.9608, VaLoss:  0.41196
532,  0 | TrAcc: 0.9997, TrLoss:  0.00569, VaAcc: 0.9604, VaLoss:  0.41227
533,  0 | TrAcc: 0.9993, TrLoss:  0.00763, VaAcc: 0.9594, VaLoss:  0.41660
534,  0 | TrAcc: 0.9994, TrLoss:  0.00635, VaAcc: 0.9571, VaLoss:  0.41633
535,  0 | TrAcc: 0.9992, TrLoss:  0.00709, VaAcc: 0.9580, VaLoss:  0.41363
536,  0 | TrAcc: 0.9995, TrLoss:  0.00617, VaAcc: 0.9566, VaLoss:  0.41596
537,  0 | TrAcc: 0.9975, TrLoss:  0.01165, VaAcc: 0.9571, VaLoss:  0.41588
538,  0 | TrAcc: 0.9994, TrLoss:  0.00627, VaAcc: 0.9580, VaLoss:  0.41566
539,  0 | TrAcc: 0.9995, TrLoss:  0.00661, VaAcc: 0.9585, VaLoss:  0.41771
540,  0 | TrAcc: 0.9987, TrLoss:  0.00856, VaAcc: 0.9608, VaLoss:  0.41262
541,  0 | TrAcc: 0.9979, TrLoss:  0.00955, VaAcc: 0.9575, VaLoss:  0.41809
542,  0 | TrAcc: 0.9993, TrLoss:  0.00735, VaAcc: 0.9561, VaLoss:  0.42113
543,  0 | TrAcc: 0.9984, TrLoss:  0.00919, VaAcc: 0.9590, VaLoss:  0.41749
544,  0 | TrAcc: 0.9976, TrLoss:  0.01011, VaAcc: 0.9590, VaLoss:  0.42322
545,  0 | TrAcc: 0.9992, TrLoss:  0.00817, VaAcc: 0.9608, VaLoss:  0.42341
546,  0 | TrAcc: 0.9993, TrLoss:  0.00755, VaAcc: 0.9580, VaLoss:  0.42222
547,  0 | TrAcc: 0.9991, TrLoss:  0.00786, VaAcc: 0.9608, VaLoss:  0.42333
548,  0 | TrAcc: 0.9990, TrLoss:  0.00874, VaAcc: 0.9590, VaLoss:  0.42490
549,  0 | TrAcc: 0.9971, TrLoss:  0.01339, VaAcc: 0.9542, VaLoss:  0.42623
550,  0 | TrAcc: 0.9984, TrLoss:  0.00937, VaAcc: 0.9571, VaLoss:  0.42749
551,  0 | TrAcc: 0.9984, TrLoss:  0.01024, VaAcc: 0.9571, VaLoss:  0.42553
552,  0 | TrAcc: 0.9986, TrLoss:  0.00862, VaAcc: 0.9590, VaLoss:  0.41642
553,  0 | TrAcc: 0.9984, TrLoss:  0.00861, VaAcc: 0.9561, VaLoss:  0.42597
554,  0 | TrAcc: 0.9992, TrLoss:  0.00825, VaAcc: 0.9585, VaLoss:  0.42492
555,  0 | TrAcc: 0.9988, TrLoss:  0.00914, VaAcc: 0.9580, VaLoss:  0.41393
556,  0 | TrAcc: 0.9993, TrLoss:  0.00665, VaAcc: 0.9552, VaLoss:  0.41900
557,  0 | TrAcc: 0.9987, TrLoss:  0.00796, VaAcc: 0.9585, VaLoss:  0.41792
558,  0 | TrAcc: 0.9985, TrLoss:  0.00817, VaAcc: 0.9566, VaLoss:  0.42407
559,  0 | TrAcc: 0.9991, TrLoss:  0.00660, VaAcc: 0.9594, VaLoss:  0.41621
560,  0 | TrAcc: 0.9990, TrLoss:  0.00751, VaAcc: 0.9566, VaLoss:  0.41689
561,  0 | TrAcc: 0.9985, TrLoss:  0.00881, VaAcc: 0.9590, VaLoss:  0.42347
562,  0 | TrAcc: 0.9982, TrLoss:  0.00943, VaAcc: 0.9566, VaLoss:  0.42312
563,  0 | TrAcc: 0.9987, TrLoss:  0.00846, VaAcc: 0.9599, VaLoss:  0.41951
564,  0 | TrAcc: 0.9990, TrLoss:  0.00751, VaAcc: 0.9552, VaLoss:  0.41907
565,  0 | TrAcc: 0.9995, TrLoss:  0.00621, VaAcc: 0.9566, VaLoss:  0.41966
566,  0 | TrAcc: 0.9995, TrLoss:  0.00586, VaAcc: 0.9580, VaLoss:  0.41935
567,  0 | TrAcc: 0.9998, TrLoss:  0.00546, VaAcc: 0.9571, VaLoss:  0.41722
568,  0 | TrAcc: 0.9971, TrLoss:  0.01166, VaAcc: 0.9552, VaLoss:  0.42258
569,  0 | TrAcc: 0.9989, TrLoss:  0.00665, VaAcc: 0.9585, VaLoss:  0.41757
570,  0 | TrAcc: 0.9972, TrLoss:  0.01538, VaAcc: 0.9604, VaLoss:  0.42129
571,  0 | TrAcc: 0.9974, TrLoss:  0.01310, VaAcc: 0.9585, VaLoss:  0.43985
572,  0 | TrAcc: 0.9969, TrLoss:  0.01495, VaAcc: 0.9585, VaLoss:  0.42939
573,  0 | TrAcc: 0.9977, TrLoss:  0.01126, VaAcc: 0.9594, VaLoss:  0.43045
574,  0 | TrAcc: 0.9968, TrLoss:  0.01263, VaAcc: 0.9575, VaLoss:  0.42129
575,  0 | TrAcc: 0.9985, TrLoss:  0.00941, VaAcc: 0.9580, VaLoss:  0.42117
576,  0 | TrAcc: 0.9979, TrLoss:  0.01050, VaAcc: 0.9580, VaLoss:  0.42771
577,  0 | TrAcc: 0.9986, TrLoss:  0.00891, VaAcc: 0.9594, VaLoss:  0.41979
578,  0 | TrAcc: 0.9988, TrLoss:  0.00803, VaAcc: 0.9585, VaLoss:  0.42441
579,  0 | TrAcc: 0.9988, TrLoss:  0.00764, VaAcc: 0.9561, VaLoss:  0.42438
580,  0 | TrAcc: 0.9989, TrLoss:  0.00803, VaAcc: 0.9590, VaLoss:  0.42113
581,  0 | TrAcc: 0.9993, TrLoss:  0.00652, VaAcc: 0.9585, VaLoss:  0.41730
582,  0 | TrAcc: 0.9991, TrLoss:  0.00768, VaAcc: 0.9590, VaLoss:  0.42313
583,  0 | TrAcc: 0.9991, TrLoss:  0.00674, VaAcc: 0.9580, VaLoss:  0.42235
584,  0 | TrAcc: 0.9987, TrLoss:  0.00755, VaAcc: 0.9585, VaLoss:  0.42001
585,  0 | TrAcc: 0.9984, TrLoss:  0.00891, VaAcc: 0.9571, VaLoss:  0.42503
586,  0 | TrAcc: 0.9993, TrLoss:  0.00697, VaAcc: 0.9547, VaLoss:  0.42535
587,  0 | TrAcc: 0.9982, TrLoss:  0.00909, VaAcc: 0.9566, VaLoss:  0.42579
588,  0 | TrAcc: 0.9995, TrLoss:  0.00611, VaAcc: 0.9594, VaLoss:  0.42055
589,  0 | TrAcc: 0.9997, TrLoss:  0.00595, VaAcc: 0.9571, VaLoss:  0.42154
590,  0 | TrAcc: 0.9999, TrLoss:  0.00522, VaAcc: 0.9594, VaLoss:  0.41718
591,  0 | TrAcc: 0.9993, TrLoss:  0.00656, VaAcc: 0.9604, VaLoss:  0.41794
592,  0 | TrAcc: 0.9991, TrLoss:  0.00603, VaAcc: 0.9580, VaLoss:  0.41876
593,  0 | TrAcc: 0.9992, TrLoss:  0.00709, VaAcc: 0.9538, VaLoss:  0.42482
594,  0 | TrAcc: 0.9992, TrLoss:  0.00611, VaAcc: 0.9571, VaLoss:  0.42058
595,  0 | TrAcc: 0.9991, TrLoss:  0.00644, VaAcc: 0.9594, VaLoss:  0.41649
596,  0 | TrAcc: 0.9992, TrLoss:  0.00627, VaAcc: 0.9528, VaLoss:  0.42078
597,  0 | TrAcc: 0.9996, TrLoss:  0.00485, VaAcc: 0.9585, VaLoss:  0.41741
598,  0 | TrAcc: 0.9996, TrLoss:  0.00517, VaAcc: 0.9590, VaLoss:  0.41786
599,  0 | TrAcc: 0.9981, TrLoss:  0.00781, VaAcc: 0.9571, VaLoss:  0.41839
----------------------------
Final Tr Acc   :   0.99810 +-     nan
Final Va Acc   :   0.95708 +-     nan
Final Tr Loss  :   0.00781 +-     nan
Final Va Loss  :   0.41839 +-     nan

TrAcc
Run:  0 | 99.99% in epoch  590

VaAcc
Run:  0 | 96.37% in epoch  176

TeAcc
Run:  0 | 97.08% in epoch  176
(1, 600)
