2024-06-14 01:44:45.827469: I tensorflow/core/platform/cpu_feature_guard.cc:141] Your CPU supports instructions that this TensorFlow binary was not compiled to use: SSE4.1 SSE4.2 AVX AVX2 FMA
2024-06-14 01:44:46.029770: I tensorflow/core/common_runtime/gpu/gpu_device.cc:1405] Found device 0 with properties: 
name: GeForce RTX 2080 Ti major: 7 minor: 5 memoryClockRate(GHz): 1.545
pciBusID: 0000:02:00.0
totalMemory: 10.76GiB freeMemory: 10.61GiB
2024-06-14 01:44:46.030179: I tensorflow/core/common_runtime/gpu/gpu_device.cc:1484] Adding visible gpu devices: 0
2024-06-14 01:44:48.491681: I tensorflow/core/common_runtime/gpu/gpu_device.cc:965] Device interconnect StreamExecutor with strength 1 edge matrix:
2024-06-14 01:44:48.492170: I tensorflow/core/common_runtime/gpu/gpu_device.cc:971]      0 
2024-06-14 01:44:48.492472: I tensorflow/core/common_runtime/gpu/gpu_device.cc:984] 0:   N 
2024-06-14 01:44:48.492927: I tensorflow/core/common_runtime/gpu/gpu_device.cc:1097] Created TensorFlow device (/job:localhost/replica:0/task:0/device:GPU:0 with 10237 MB memory) -> physical GPU (device: 0, name: GeForce RTX 2080 Ti, pci bus id: 0000:02:00.0, compute capability: 7.5)
2024-06-14 02:09:55.339532: I tensorflow/core/common_runtime/gpu/gpu_device.cc:1484] Adding visible gpu devices: 0
2024-06-14 02:09:55.340467: I tensorflow/core/common_runtime/gpu/gpu_device.cc:965] Device interconnect StreamExecutor with strength 1 edge matrix:
2024-06-14 02:09:55.340821: I tensorflow/core/common_runtime/gpu/gpu_device.cc:971]      0 
2024-06-14 02:09:55.341150: I tensorflow/core/common_runtime/gpu/gpu_device.cc:984] 0:   N 
2024-06-14 02:09:55.341719: I tensorflow/core/common_runtime/gpu/gpu_device.cc:1097] Created TensorFlow device (/job:localhost/replica:0/task:0/device:GPU:0 with 10237 MB memory) -> physical GPU (device: 0, name: GeForce RTX 2080 Ti, pci bus id: 0000:02:00.0, compute capability: 7.5)
2024-06-14 02:34:45.500651: I tensorflow/core/common_runtime/gpu/gpu_device.cc:1484] Adding visible gpu devices: 0
2024-06-14 02:34:45.501074: I tensorflow/core/common_runtime/gpu/gpu_device.cc:965] Device interconnect StreamExecutor with strength 1 edge matrix:
2024-06-14 02:34:45.504555: I tensorflow/core/common_runtime/gpu/gpu_device.cc:971]      0 
2024-06-14 02:34:45.504854: I tensorflow/core/common_runtime/gpu/gpu_device.cc:984] 0:   N 
2024-06-14 02:34:45.505141: I tensorflow/core/common_runtime/gpu/gpu_device.cc:1097] Created TensorFlow device (/job:localhost/replica:0/task:0/device:GPU:0 with 10237 MB memory) -> physical GPU (device: 0, name: GeForce RTX 2080 Ti, pci bus id: 0000:02:00.0, compute capability: 7.5)
