2024-06-18 11:40:29.174422: I tensorflow/core/platform/cpu_feature_guard.cc:141] Your CPU supports instructions that this TensorFlow binary was not compiled to use: SSE4.1 SSE4.2 AVX AVX2 FMA
2024-06-18 11:40:29.311302: I tensorflow/core/common_runtime/gpu/gpu_device.cc:1405] Found device 0 with properties: 
name: GeForce RTX 2080 Ti major: 7 minor: 5 memoryClockRate(GHz): 1.545
pciBusID: 0000:02:00.0
totalMemory: 10.76GiB freeMemory: 10.61GiB
2024-06-18 11:40:29.311864: I tensorflow/core/common_runtime/gpu/gpu_device.cc:1484] Adding visible gpu devices: 0
2024-06-18 11:40:30.870626: I tensorflow/core/common_runtime/gpu/gpu_device.cc:965] Device interconnect StreamExecutor with strength 1 edge matrix:
2024-06-18 11:40:30.871115: I tensorflow/core/common_runtime/gpu/gpu_device.cc:971]      0 
2024-06-18 11:40:30.871409: I tensorflow/core/common_runtime/gpu/gpu_device.cc:984] 0:   N 
2024-06-18 11:40:30.871859: I tensorflow/core/common_runtime/gpu/gpu_device.cc:1097] Created TensorFlow device (/job:localhost/replica:0/task:0/device:GPU:0 with 10237 MB memory) -> physical GPU (device: 0, name: GeForce RTX 2080 Ti, pci bus id: 0000:02:00.0, compute capability: 7.5)
2024-06-18 12:12:23.601080: I tensorflow/core/common_runtime/gpu/gpu_device.cc:1484] Adding visible gpu devices: 0
2024-06-18 12:12:23.601598: I tensorflow/core/common_runtime/gpu/gpu_device.cc:965] Device interconnect StreamExecutor with strength 1 edge matrix:
2024-06-18 12:12:23.605507: I tensorflow/core/common_runtime/gpu/gpu_device.cc:971]      0 
2024-06-18 12:12:23.605754: I tensorflow/core/common_runtime/gpu/gpu_device.cc:984] 0:   N 
2024-06-18 12:12:23.606030: I tensorflow/core/common_runtime/gpu/gpu_device.cc:1097] Created TensorFlow device (/job:localhost/replica:0/task:0/device:GPU:0 with 10237 MB memory) -> physical GPU (device: 0, name: GeForce RTX 2080 Ti, pci bus id: 0000:02:00.0, compute capability: 7.5)
2024-06-18 12:44:10.859978: I tensorflow/core/common_runtime/gpu/gpu_device.cc:1484] Adding visible gpu devices: 0
2024-06-18 12:44:10.860585: I tensorflow/core/common_runtime/gpu/gpu_device.cc:965] Device interconnect StreamExecutor with strength 1 edge matrix:
2024-06-18 12:44:10.862421: I tensorflow/core/common_runtime/gpu/gpu_device.cc:971]      0 
2024-06-18 12:44:10.862840: I tensorflow/core/common_runtime/gpu/gpu_device.cc:984] 0:   N 
2024-06-18 12:44:10.863319: I tensorflow/core/common_runtime/gpu/gpu_device.cc:1097] Created TensorFlow device (/job:localhost/replica:0/task:0/device:GPU:0 with 10237 MB memory) -> physical GPU (device: 0, name: GeForce RTX 2080 Ti, pci bus id: 0000:02:00.0, compute capability: 7.5)
