2024-06-17 22:22:24.306535: I tensorflow/core/platform/cpu_feature_guard.cc:141] Your CPU supports instructions that this TensorFlow binary was not compiled to use: SSE4.1 SSE4.2 AVX AVX2 FMA
2024-06-17 22:22:24.455772: I tensorflow/core/common_runtime/gpu/gpu_device.cc:1405] Found device 0 with properties: 
name: GeForce RTX 2080 Ti major: 7 minor: 5 memoryClockRate(GHz): 1.545
pciBusID: 0000:02:00.0
totalMemory: 10.76GiB freeMemory: 10.61GiB
2024-06-17 22:22:24.456293: I tensorflow/core/common_runtime/gpu/gpu_device.cc:1484] Adding visible gpu devices: 0
2024-06-17 22:22:26.065617: I tensorflow/core/common_runtime/gpu/gpu_device.cc:965] Device interconnect StreamExecutor with strength 1 edge matrix:
2024-06-17 22:22:26.066062: I tensorflow/core/common_runtime/gpu/gpu_device.cc:971]      0 
2024-06-17 22:22:26.067761: I tensorflow/core/common_runtime/gpu/gpu_device.cc:984] 0:   N 
2024-06-17 22:22:26.068138: I tensorflow/core/common_runtime/gpu/gpu_device.cc:1097] Created TensorFlow device (/job:localhost/replica:0/task:0/device:GPU:0 with 10237 MB memory) -> physical GPU (device: 0, name: GeForce RTX 2080 Ti, pci bus id: 0000:02:00.0, compute capability: 7.5)
2024-06-17 22:47:46.787384: I tensorflow/core/common_runtime/gpu/gpu_device.cc:1484] Adding visible gpu devices: 0
2024-06-17 22:47:46.787934: I tensorflow/core/common_runtime/gpu/gpu_device.cc:965] Device interconnect StreamExecutor with strength 1 edge matrix:
2024-06-17 22:47:46.789503: I tensorflow/core/common_runtime/gpu/gpu_device.cc:971]      0 
2024-06-17 22:47:46.789933: I tensorflow/core/common_runtime/gpu/gpu_device.cc:984] 0:   N 
2024-06-17 22:47:46.790430: I tensorflow/core/common_runtime/gpu/gpu_device.cc:1097] Created TensorFlow device (/job:localhost/replica:0/task:0/device:GPU:0 with 10237 MB memory) -> physical GPU (device: 0, name: GeForce RTX 2080 Ti, pci bus id: 0000:02:00.0, compute capability: 7.5)
2024-06-17 23:13:10.531642: I tensorflow/core/common_runtime/gpu/gpu_device.cc:1484] Adding visible gpu devices: 0
2024-06-17 23:13:10.532182: I tensorflow/core/common_runtime/gpu/gpu_device.cc:965] Device interconnect StreamExecutor with strength 1 edge matrix:
2024-06-17 23:13:10.532549: I tensorflow/core/common_runtime/gpu/gpu_device.cc:971]      0 
2024-06-17 23:13:10.532901: I tensorflow/core/common_runtime/gpu/gpu_device.cc:984] 0:   N 
2024-06-17 23:13:10.533509: I tensorflow/core/common_runtime/gpu/gpu_device.cc:1097] Created TensorFlow device (/job:localhost/replica:0/task:0/device:GPU:0 with 10237 MB memory) -> physical GPU (device: 0, name: GeForce RTX 2080 Ti, pci bus id: 0000:02:00.0, compute capability: 7.5)
