2024-09-27 09:47:26.873419: I tensorflow/core/platform/cpu_feature_guard.cc:141] Your CPU supports instructions that this TensorFlow binary was not compiled to use: SSE4.1 SSE4.2 AVX AVX2 FMA
2024-09-27 09:47:31.245204: I tensorflow/core/common_runtime/gpu/gpu_device.cc:1405] Found device 0 with properties: 
name: GeForce RTX 2080 Ti major: 7 minor: 5 memoryClockRate(GHz): 1.545
pciBusID: 0000:02:00.0
totalMemory: 10.76GiB freeMemory: 10.61GiB
2024-09-27 09:47:31.245760: I tensorflow/core/common_runtime/gpu/gpu_device.cc:1484] Adding visible gpu devices: 0
2024-09-27 09:47:41.754956: I tensorflow/core/common_runtime/gpu/gpu_device.cc:965] Device interconnect StreamExecutor with strength 1 edge matrix:
2024-09-27 09:47:41.755431: I tensorflow/core/common_runtime/gpu/gpu_device.cc:971]      0 
2024-09-27 09:47:41.755768: I tensorflow/core/common_runtime/gpu/gpu_device.cc:984] 0:   N 
2024-09-27 09:47:41.781029: I tensorflow/core/common_runtime/gpu/gpu_device.cc:1097] Created TensorFlow device (/job:localhost/replica:0/task:0/device:GPU:0 with 10237 MB memory) -> physical GPU (device: 0, name: GeForce RTX 2080 Ti, pci bus id: 0000:02:00.0, compute capability: 7.5)
2024-09-27 09:53:22.684581: I tensorflow/core/common_runtime/gpu/gpu_device.cc:1484] Adding visible gpu devices: 0
2024-09-27 09:53:22.690744: I tensorflow/core/common_runtime/gpu/gpu_device.cc:965] Device interconnect StreamExecutor with strength 1 edge matrix:
2024-09-27 09:53:22.690974: I tensorflow/core/common_runtime/gpu/gpu_device.cc:971]      0 
2024-09-27 09:53:22.691156: I tensorflow/core/common_runtime/gpu/gpu_device.cc:984] 0:   N 
2024-09-27 09:53:22.691461: I tensorflow/core/common_runtime/gpu/gpu_device.cc:1097] Created TensorFlow device (/job:localhost/replica:0/task:0/device:GPU:0 with 10237 MB memory) -> physical GPU (device: 0, name: GeForce RTX 2080 Ti, pci bus id: 0000:02:00.0, compute capability: 7.5)
2024-09-27 09:58:57.551913: I tensorflow/core/common_runtime/gpu/gpu_device.cc:1484] Adding visible gpu devices: 0
2024-09-27 09:58:57.552357: I tensorflow/core/common_runtime/gpu/gpu_device.cc:965] Device interconnect StreamExecutor with strength 1 edge matrix:
2024-09-27 09:58:57.552591: I tensorflow/core/common_runtime/gpu/gpu_device.cc:971]      0 
2024-09-27 09:58:57.552777: I tensorflow/core/common_runtime/gpu/gpu_device.cc:984] 0:   N 
2024-09-27 09:58:57.553029: I tensorflow/core/common_runtime/gpu/gpu_device.cc:1097] Created TensorFlow device (/job:localhost/replica:0/task:0/device:GPU:0 with 10237 MB memory) -> physical GPU (device: 0, name: GeForce RTX 2080 Ti, pci bus id: 0000:02:00.0, compute capability: 7.5)
