2024-06-17 22:18:23.519533: I tensorflow/core/platform/cpu_feature_guard.cc:141] Your CPU supports instructions that this TensorFlow binary was not compiled to use: SSE4.1 SSE4.2 AVX AVX2 FMA
2024-06-17 22:18:23.670557: I tensorflow/core/common_runtime/gpu/gpu_device.cc:1405] Found device 0 with properties: 
name: GeForce RTX 2080 Ti major: 7 minor: 5 memoryClockRate(GHz): 1.545
pciBusID: 0000:03:00.0
totalMemory: 10.76GiB freeMemory: 10.61GiB
2024-06-17 22:18:23.671116: I tensorflow/core/common_runtime/gpu/gpu_device.cc:1484] Adding visible gpu devices: 0
2024-06-17 22:18:26.096673: I tensorflow/core/common_runtime/gpu/gpu_device.cc:965] Device interconnect StreamExecutor with strength 1 edge matrix:
2024-06-17 22:18:26.097210: I tensorflow/core/common_runtime/gpu/gpu_device.cc:971]      0 
2024-06-17 22:18:26.097482: I tensorflow/core/common_runtime/gpu/gpu_device.cc:984] 0:   N 
2024-06-17 22:18:26.097820: I tensorflow/core/common_runtime/gpu/gpu_device.cc:1097] Created TensorFlow device (/job:localhost/replica:0/task:0/device:GPU:0 with 10237 MB memory) -> physical GPU (device: 0, name: GeForce RTX 2080 Ti, pci bus id: 0000:03:00.0, compute capability: 7.5)
2024-06-17 22:43:21.448058: I tensorflow/core/common_runtime/gpu/gpu_device.cc:1484] Adding visible gpu devices: 0
2024-06-17 22:43:21.448604: I tensorflow/core/common_runtime/gpu/gpu_device.cc:965] Device interconnect StreamExecutor with strength 1 edge matrix:
2024-06-17 22:43:21.448927: I tensorflow/core/common_runtime/gpu/gpu_device.cc:971]      0 
2024-06-17 22:43:21.449356: I tensorflow/core/common_runtime/gpu/gpu_device.cc:984] 0:   N 
2024-06-17 22:43:21.449878: I tensorflow/core/common_runtime/gpu/gpu_device.cc:1097] Created TensorFlow device (/job:localhost/replica:0/task:0/device:GPU:0 with 10237 MB memory) -> physical GPU (device: 0, name: GeForce RTX 2080 Ti, pci bus id: 0000:03:00.0, compute capability: 7.5)
2024-06-17 23:08:09.859582: I tensorflow/core/common_runtime/gpu/gpu_device.cc:1484] Adding visible gpu devices: 0
2024-06-17 23:08:09.860106: I tensorflow/core/common_runtime/gpu/gpu_device.cc:965] Device interconnect StreamExecutor with strength 1 edge matrix:
2024-06-17 23:08:09.860560: I tensorflow/core/common_runtime/gpu/gpu_device.cc:971]      0 
2024-06-17 23:08:09.862524: I tensorflow/core/common_runtime/gpu/gpu_device.cc:984] 0:   N 
2024-06-17 23:08:09.863048: I tensorflow/core/common_runtime/gpu/gpu_device.cc:1097] Created TensorFlow device (/job:localhost/replica:0/task:0/device:GPU:0 with 10237 MB memory) -> physical GPU (device: 0, name: GeForce RTX 2080 Ti, pci bus id: 0000:03:00.0, compute capability: 7.5)
