2024-06-18 04:38:47.621046: I tensorflow/core/platform/cpu_feature_guard.cc:141] Your CPU supports instructions that this TensorFlow binary was not compiled to use: SSE4.1 SSE4.2 AVX AVX2 FMA
2024-06-18 04:38:47.768096: I tensorflow/core/common_runtime/gpu/gpu_device.cc:1405] Found device 0 with properties: 
name: GeForce RTX 2080 Ti major: 7 minor: 5 memoryClockRate(GHz): 1.545
pciBusID: 0000:03:00.0
totalMemory: 10.76GiB freeMemory: 10.61GiB
2024-06-18 04:38:47.768681: I tensorflow/core/common_runtime/gpu/gpu_device.cc:1484] Adding visible gpu devices: 0
2024-06-18 04:38:50.065837: I tensorflow/core/common_runtime/gpu/gpu_device.cc:965] Device interconnect StreamExecutor with strength 1 edge matrix:
2024-06-18 04:38:50.066297: I tensorflow/core/common_runtime/gpu/gpu_device.cc:971]      0 
2024-06-18 04:38:50.066528: I tensorflow/core/common_runtime/gpu/gpu_device.cc:984] 0:   N 
2024-06-18 04:38:50.066902: I tensorflow/core/common_runtime/gpu/gpu_device.cc:1097] Created TensorFlow device (/job:localhost/replica:0/task:0/device:GPU:0 with 10237 MB memory) -> physical GPU (device: 0, name: GeForce RTX 2080 Ti, pci bus id: 0000:03:00.0, compute capability: 7.5)
2024-06-18 05:07:30.715328: I tensorflow/core/common_runtime/gpu/gpu_device.cc:1484] Adding visible gpu devices: 0
2024-06-18 05:07:30.715903: I tensorflow/core/common_runtime/gpu/gpu_device.cc:965] Device interconnect StreamExecutor with strength 1 edge matrix:
2024-06-18 05:07:30.716239: I tensorflow/core/common_runtime/gpu/gpu_device.cc:971]      0 
2024-06-18 05:07:30.716494: I tensorflow/core/common_runtime/gpu/gpu_device.cc:984] 0:   N 
2024-06-18 05:07:30.724356: I tensorflow/core/common_runtime/gpu/gpu_device.cc:1097] Created TensorFlow device (/job:localhost/replica:0/task:0/device:GPU:0 with 10237 MB memory) -> physical GPU (device: 0, name: GeForce RTX 2080 Ti, pci bus id: 0000:03:00.0, compute capability: 7.5)
2024-06-18 05:36:13.301881: I tensorflow/core/common_runtime/gpu/gpu_device.cc:1484] Adding visible gpu devices: 0
2024-06-18 05:36:13.302379: I tensorflow/core/common_runtime/gpu/gpu_device.cc:965] Device interconnect StreamExecutor with strength 1 edge matrix:
2024-06-18 05:36:13.306201: I tensorflow/core/common_runtime/gpu/gpu_device.cc:971]      0 
2024-06-18 05:36:13.306576: I tensorflow/core/common_runtime/gpu/gpu_device.cc:984] 0:   N 
2024-06-18 05:36:13.307136: I tensorflow/core/common_runtime/gpu/gpu_device.cc:1097] Created TensorFlow device (/job:localhost/replica:0/task:0/device:GPU:0 with 10237 MB memory) -> physical GPU (device: 0, name: GeForce RTX 2080 Ti, pci bus id: 0000:03:00.0, compute capability: 7.5)
