2024-06-18 08:50:15.295044: I tensorflow/core/platform/cpu_feature_guard.cc:141] Your CPU supports instructions that this TensorFlow binary was not compiled to use: SSE4.1 SSE4.2 AVX AVX2 FMA
2024-06-18 08:50:15.438874: I tensorflow/core/common_runtime/gpu/gpu_device.cc:1405] Found device 0 with properties: 
name: GeForce RTX 2080 Ti major: 7 minor: 5 memoryClockRate(GHz): 1.545
pciBusID: 0000:02:00.0
totalMemory: 10.76GiB freeMemory: 10.61GiB
2024-06-18 08:50:15.439370: I tensorflow/core/common_runtime/gpu/gpu_device.cc:1484] Adding visible gpu devices: 0
2024-06-18 08:50:17.005841: I tensorflow/core/common_runtime/gpu/gpu_device.cc:965] Device interconnect StreamExecutor with strength 1 edge matrix:
2024-06-18 08:50:17.006285: I tensorflow/core/common_runtime/gpu/gpu_device.cc:971]      0 
2024-06-18 08:50:17.006631: I tensorflow/core/common_runtime/gpu/gpu_device.cc:984] 0:   N 
2024-06-18 08:50:17.007059: I tensorflow/core/common_runtime/gpu/gpu_device.cc:1097] Created TensorFlow device (/job:localhost/replica:0/task:0/device:GPU:0 with 10237 MB memory) -> physical GPU (device: 0, name: GeForce RTX 2080 Ti, pci bus id: 0000:02:00.0, compute capability: 7.5)
2024-06-18 09:18:58.683885: I tensorflow/core/common_runtime/gpu/gpu_device.cc:1484] Adding visible gpu devices: 0
2024-06-18 09:18:58.684449: I tensorflow/core/common_runtime/gpu/gpu_device.cc:965] Device interconnect StreamExecutor with strength 1 edge matrix:
2024-06-18 09:18:58.686058: I tensorflow/core/common_runtime/gpu/gpu_device.cc:971]      0 
2024-06-18 09:18:58.686321: I tensorflow/core/common_runtime/gpu/gpu_device.cc:984] 0:   N 
2024-06-18 09:18:58.686866: I tensorflow/core/common_runtime/gpu/gpu_device.cc:1097] Created TensorFlow device (/job:localhost/replica:0/task:0/device:GPU:0 with 10237 MB memory) -> physical GPU (device: 0, name: GeForce RTX 2080 Ti, pci bus id: 0000:02:00.0, compute capability: 7.5)
2024-06-18 09:47:29.323979: I tensorflow/core/common_runtime/gpu/gpu_device.cc:1484] Adding visible gpu devices: 0
2024-06-18 09:47:29.324489: I tensorflow/core/common_runtime/gpu/gpu_device.cc:965] Device interconnect StreamExecutor with strength 1 edge matrix:
2024-06-18 09:47:29.326434: I tensorflow/core/common_runtime/gpu/gpu_device.cc:971]      0 
2024-06-18 09:47:29.326752: I tensorflow/core/common_runtime/gpu/gpu_device.cc:984] 0:   N 
2024-06-18 09:47:29.327281: I tensorflow/core/common_runtime/gpu/gpu_device.cc:1097] Created TensorFlow device (/job:localhost/replica:0/task:0/device:GPU:0 with 10237 MB memory) -> physical GPU (device: 0, name: GeForce RTX 2080 Ti, pci bus id: 0000:02:00.0, compute capability: 7.5)
