2024-06-14 08:02:33.294666: I tensorflow/core/platform/cpu_feature_guard.cc:141] Your CPU supports instructions that this TensorFlow binary was not compiled to use: SSE4.1 SSE4.2 AVX AVX2 FMA
2024-06-14 08:02:33.482390: I tensorflow/core/common_runtime/gpu/gpu_device.cc:1405] Found device 0 with properties: 
name: GeForce RTX 2080 Ti major: 7 minor: 5 memoryClockRate(GHz): 1.545
pciBusID: 0000:02:00.0
totalMemory: 10.76GiB freeMemory: 10.61GiB
2024-06-14 08:02:33.483562: I tensorflow/core/common_runtime/gpu/gpu_device.cc:1484] Adding visible gpu devices: 0
2024-06-14 08:02:35.995920: I tensorflow/core/common_runtime/gpu/gpu_device.cc:965] Device interconnect StreamExecutor with strength 1 edge matrix:
2024-06-14 08:02:35.996516: I tensorflow/core/common_runtime/gpu/gpu_device.cc:971]      0 
2024-06-14 08:02:35.996885: I tensorflow/core/common_runtime/gpu/gpu_device.cc:984] 0:   N 
2024-06-14 08:02:35.997282: I tensorflow/core/common_runtime/gpu/gpu_device.cc:1097] Created TensorFlow device (/job:localhost/replica:0/task:0/device:GPU:0 with 10237 MB memory) -> physical GPU (device: 0, name: GeForce RTX 2080 Ti, pci bus id: 0000:02:00.0, compute capability: 7.5)
2024-06-14 08:29:28.292190: I tensorflow/core/common_runtime/gpu/gpu_device.cc:1484] Adding visible gpu devices: 0
2024-06-14 08:29:28.292684: I tensorflow/core/common_runtime/gpu/gpu_device.cc:965] Device interconnect StreamExecutor with strength 1 edge matrix:
2024-06-14 08:29:28.293109: I tensorflow/core/common_runtime/gpu/gpu_device.cc:971]      0 
2024-06-14 08:29:28.293466: I tensorflow/core/common_runtime/gpu/gpu_device.cc:984] 0:   N 
2024-06-14 08:29:28.294039: I tensorflow/core/common_runtime/gpu/gpu_device.cc:1097] Created TensorFlow device (/job:localhost/replica:0/task:0/device:GPU:0 with 10237 MB memory) -> physical GPU (device: 0, name: GeForce RTX 2080 Ti, pci bus id: 0000:02:00.0, compute capability: 7.5)
2024-06-14 08:56:17.274769: I tensorflow/core/common_runtime/gpu/gpu_device.cc:1484] Adding visible gpu devices: 0
2024-06-14 08:56:17.275260: I tensorflow/core/common_runtime/gpu/gpu_device.cc:965] Device interconnect StreamExecutor with strength 1 edge matrix:
2024-06-14 08:56:17.275526: I tensorflow/core/common_runtime/gpu/gpu_device.cc:971]      0 
2024-06-14 08:56:17.275794: I tensorflow/core/common_runtime/gpu/gpu_device.cc:984] 0:   N 
2024-06-14 08:56:17.276066: I tensorflow/core/common_runtime/gpu/gpu_device.cc:1097] Created TensorFlow device (/job:localhost/replica:0/task:0/device:GPU:0 with 10237 MB memory) -> physical GPU (device: 0, name: GeForce RTX 2080 Ti, pci bus id: 0000:02:00.0, compute capability: 7.5)
