2024-01-23 16:57:54.955716: I tensorflow/core/platform/cpu_feature_guard.cc:141] Your CPU supports instructions that this TensorFlow binary was not compiled to use: SSE4.1 SSE4.2 AVX AVX2 FMA
2024-01-23 16:57:55.075686: I tensorflow/core/common_runtime/gpu/gpu_device.cc:1405] Found device 0 with properties: 
name: GeForce GTX 1060 6GB major: 6 minor: 1 memoryClockRate(GHz): 1.7085
pciBusID: 0000:04:00.0
totalMemory: 5.94GiB freeMemory: 5.87GiB
2024-01-23 16:57:55.076097: I tensorflow/core/common_runtime/gpu/gpu_device.cc:1484] Adding visible gpu devices: 0
2024-01-23 16:57:58.920739: I tensorflow/core/common_runtime/gpu/gpu_device.cc:965] Device interconnect StreamExecutor with strength 1 edge matrix:
2024-01-23 16:57:58.921122: I tensorflow/core/common_runtime/gpu/gpu_device.cc:971]      0 
2024-01-23 16:57:58.923000: I tensorflow/core/common_runtime/gpu/gpu_device.cc:984] 0:   N 
2024-01-23 16:57:58.923395: I tensorflow/core/common_runtime/gpu/gpu_device.cc:1097] Created TensorFlow device (/job:localhost/replica:0/task:0/device:GPU:0 with 5648 MB memory) -> physical GPU (device: 0, name: GeForce GTX 1060 6GB, pci bus id: 0000:04:00.0, compute capability: 6.1)
2024-01-23 17:01:16.352452: I tensorflow/core/common_runtime/gpu/gpu_device.cc:1484] Adding visible gpu devices: 0
2024-01-23 17:01:16.352865: I tensorflow/core/common_runtime/gpu/gpu_device.cc:965] Device interconnect StreamExecutor with strength 1 edge matrix:
2024-01-23 17:01:16.353147: I tensorflow/core/common_runtime/gpu/gpu_device.cc:971]      0 
2024-01-23 17:01:16.353424: I tensorflow/core/common_runtime/gpu/gpu_device.cc:984] 0:   N 
2024-01-23 17:01:16.353729: I tensorflow/core/common_runtime/gpu/gpu_device.cc:1097] Created TensorFlow device (/job:localhost/replica:0/task:0/device:GPU:0 with 5648 MB memory) -> physical GPU (device: 0, name: GeForce GTX 1060 6GB, pci bus id: 0000:04:00.0, compute capability: 6.1)
2024-01-23 17:04:33.995354: I tensorflow/core/common_runtime/gpu/gpu_device.cc:1484] Adding visible gpu devices: 0
2024-01-23 17:04:33.995776: I tensorflow/core/common_runtime/gpu/gpu_device.cc:965] Device interconnect StreamExecutor with strength 1 edge matrix:
2024-01-23 17:04:33.996028: I tensorflow/core/common_runtime/gpu/gpu_device.cc:971]      0 
2024-01-23 17:04:33.996273: I tensorflow/core/common_runtime/gpu/gpu_device.cc:984] 0:   N 
2024-01-23 17:04:33.996612: I tensorflow/core/common_runtime/gpu/gpu_device.cc:1097] Created TensorFlow device (/job:localhost/replica:0/task:0/device:GPU:0 with 5648 MB memory) -> physical GPU (device: 0, name: GeForce GTX 1060 6GB, pci bus id: 0000:04:00.0, compute capability: 6.1)
