2024-06-18 00:54:40.724429: I tensorflow/core/platform/cpu_feature_guard.cc:141] Your CPU supports instructions that this TensorFlow binary was not compiled to use: SSE4.1 SSE4.2 AVX AVX2 FMA
2024-06-18 00:54:40.866602: I tensorflow/core/common_runtime/gpu/gpu_device.cc:1405] Found device 0 with properties: 
name: GeForce RTX 2080 Ti major: 7 minor: 5 memoryClockRate(GHz): 1.545
pciBusID: 0000:02:00.0
totalMemory: 10.76GiB freeMemory: 10.61GiB
2024-06-18 00:54:40.867036: I tensorflow/core/common_runtime/gpu/gpu_device.cc:1484] Adding visible gpu devices: 0
2024-06-18 00:54:42.477035: I tensorflow/core/common_runtime/gpu/gpu_device.cc:965] Device interconnect StreamExecutor with strength 1 edge matrix:
2024-06-18 00:54:42.477589: I tensorflow/core/common_runtime/gpu/gpu_device.cc:971]      0 
2024-06-18 00:54:42.477974: I tensorflow/core/common_runtime/gpu/gpu_device.cc:984] 0:   N 
2024-06-18 00:54:42.478408: I tensorflow/core/common_runtime/gpu/gpu_device.cc:1097] Created TensorFlow device (/job:localhost/replica:0/task:0/device:GPU:0 with 10237 MB memory) -> physical GPU (device: 0, name: GeForce RTX 2080 Ti, pci bus id: 0000:02:00.0, compute capability: 7.5)
2024-06-18 01:18:27.505579: I tensorflow/core/common_runtime/gpu/gpu_device.cc:1484] Adding visible gpu devices: 0
2024-06-18 01:18:27.506159: I tensorflow/core/common_runtime/gpu/gpu_device.cc:965] Device interconnect StreamExecutor with strength 1 edge matrix:
2024-06-18 01:18:27.506595: I tensorflow/core/common_runtime/gpu/gpu_device.cc:971]      0 
2024-06-18 01:18:27.506927: I tensorflow/core/common_runtime/gpu/gpu_device.cc:984] 0:   N 
2024-06-18 01:18:27.507344: I tensorflow/core/common_runtime/gpu/gpu_device.cc:1097] Created TensorFlow device (/job:localhost/replica:0/task:0/device:GPU:0 with 10237 MB memory) -> physical GPU (device: 0, name: GeForce RTX 2080 Ti, pci bus id: 0000:02:00.0, compute capability: 7.5)
2024-06-18 01:41:55.696614: I tensorflow/core/common_runtime/gpu/gpu_device.cc:1484] Adding visible gpu devices: 0
2024-06-18 01:41:55.697108: I tensorflow/core/common_runtime/gpu/gpu_device.cc:965] Device interconnect StreamExecutor with strength 1 edge matrix:
2024-06-18 01:41:55.697382: I tensorflow/core/common_runtime/gpu/gpu_device.cc:971]      0 
2024-06-18 01:41:55.697571: I tensorflow/core/common_runtime/gpu/gpu_device.cc:984] 0:   N 
2024-06-18 01:41:55.697830: I tensorflow/core/common_runtime/gpu/gpu_device.cc:1097] Created TensorFlow device (/job:localhost/replica:0/task:0/device:GPU:0 with 10237 MB memory) -> physical GPU (device: 0, name: GeForce RTX 2080 Ti, pci bus id: 0000:02:00.0, compute capability: 7.5)
