2024-06-14 08:29:25.031131: I tensorflow/core/platform/cpu_feature_guard.cc:141] Your CPU supports instructions that this TensorFlow binary was not compiled to use: SSE4.1 SSE4.2 AVX AVX2 FMA
2024-06-14 08:29:25.189732: I tensorflow/core/common_runtime/gpu/gpu_device.cc:1405] Found device 0 with properties: 
name: GeForce RTX 2080 Ti major: 7 minor: 5 memoryClockRate(GHz): 1.545
pciBusID: 0000:03:00.0
totalMemory: 10.76GiB freeMemory: 10.61GiB
2024-06-14 08:29:25.190174: I tensorflow/core/common_runtime/gpu/gpu_device.cc:1484] Adding visible gpu devices: 0
2024-06-14 08:29:26.768840: I tensorflow/core/common_runtime/gpu/gpu_device.cc:965] Device interconnect StreamExecutor with strength 1 edge matrix:
2024-06-14 08:29:26.769358: I tensorflow/core/common_runtime/gpu/gpu_device.cc:971]      0 
2024-06-14 08:29:26.769654: I tensorflow/core/common_runtime/gpu/gpu_device.cc:984] 0:   N 
2024-06-14 08:29:26.770081: I tensorflow/core/common_runtime/gpu/gpu_device.cc:1097] Created TensorFlow device (/job:localhost/replica:0/task:0/device:GPU:0 with 10237 MB memory) -> physical GPU (device: 0, name: GeForce RTX 2080 Ti, pci bus id: 0000:03:00.0, compute capability: 7.5)
2024-06-14 08:56:38.839220: I tensorflow/core/common_runtime/gpu/gpu_device.cc:1484] Adding visible gpu devices: 0
2024-06-14 08:56:38.839836: I tensorflow/core/common_runtime/gpu/gpu_device.cc:965] Device interconnect StreamExecutor with strength 1 edge matrix:
2024-06-14 08:56:38.840207: I tensorflow/core/common_runtime/gpu/gpu_device.cc:971]      0 
2024-06-14 08:56:38.840544: I tensorflow/core/common_runtime/gpu/gpu_device.cc:984] 0:   N 
2024-06-14 08:56:38.841044: I tensorflow/core/common_runtime/gpu/gpu_device.cc:1097] Created TensorFlow device (/job:localhost/replica:0/task:0/device:GPU:0 with 10237 MB memory) -> physical GPU (device: 0, name: GeForce RTX 2080 Ti, pci bus id: 0000:03:00.0, compute capability: 7.5)
2024-06-14 09:23:34.482354: I tensorflow/core/common_runtime/gpu/gpu_device.cc:1484] Adding visible gpu devices: 0
2024-06-14 09:23:34.482844: I tensorflow/core/common_runtime/gpu/gpu_device.cc:965] Device interconnect StreamExecutor with strength 1 edge matrix:
2024-06-14 09:23:34.485192: I tensorflow/core/common_runtime/gpu/gpu_device.cc:971]      0 
2024-06-14 09:23:34.485609: I tensorflow/core/common_runtime/gpu/gpu_device.cc:984] 0:   N 
2024-06-14 09:23:34.486109: I tensorflow/core/common_runtime/gpu/gpu_device.cc:1097] Created TensorFlow device (/job:localhost/replica:0/task:0/device:GPU:0 with 10237 MB memory) -> physical GPU (device: 0, name: GeForce RTX 2080 Ti, pci bus id: 0000:03:00.0, compute capability: 7.5)
