2024-06-13 20:51:43.738219: I tensorflow/core/platform/cpu_feature_guard.cc:141] Your CPU supports instructions that this TensorFlow binary was not compiled to use: SSE4.1 SSE4.2 AVX AVX2 FMA
2024-06-13 20:51:43.854790: I tensorflow/core/common_runtime/gpu/gpu_device.cc:1405] Found device 0 with properties: 
name: GeForce RTX 2080 Ti major: 7 minor: 5 memoryClockRate(GHz): 1.545
pciBusID: 0000:03:00.0
totalMemory: 10.76GiB freeMemory: 10.61GiB
2024-06-13 20:51:43.855290: I tensorflow/core/common_runtime/gpu/gpu_device.cc:1484] Adding visible gpu devices: 0
2024-06-13 20:51:46.131287: I tensorflow/core/common_runtime/gpu/gpu_device.cc:965] Device interconnect StreamExecutor with strength 1 edge matrix:
2024-06-13 20:51:46.131718: I tensorflow/core/common_runtime/gpu/gpu_device.cc:971]      0 
2024-06-13 20:51:46.131993: I tensorflow/core/common_runtime/gpu/gpu_device.cc:984] 0:   N 
2024-06-13 20:51:46.132392: I tensorflow/core/common_runtime/gpu/gpu_device.cc:1097] Created TensorFlow device (/job:localhost/replica:0/task:0/device:GPU:0 with 10237 MB memory) -> physical GPU (device: 0, name: GeForce RTX 2080 Ti, pci bus id: 0000:03:00.0, compute capability: 7.5)
2024-06-13 21:15:29.895693: I tensorflow/core/common_runtime/gpu/gpu_device.cc:1484] Adding visible gpu devices: 0
2024-06-13 21:15:29.896300: I tensorflow/core/common_runtime/gpu/gpu_device.cc:965] Device interconnect StreamExecutor with strength 1 edge matrix:
2024-06-13 21:15:29.899757: I tensorflow/core/common_runtime/gpu/gpu_device.cc:971]      0 
2024-06-13 21:15:29.900135: I tensorflow/core/common_runtime/gpu/gpu_device.cc:984] 0:   N 
2024-06-13 21:15:29.900737: I tensorflow/core/common_runtime/gpu/gpu_device.cc:1097] Created TensorFlow device (/job:localhost/replica:0/task:0/device:GPU:0 with 10237 MB memory) -> physical GPU (device: 0, name: GeForce RTX 2080 Ti, pci bus id: 0000:03:00.0, compute capability: 7.5)
2024-06-13 21:38:58.550261: I tensorflow/core/common_runtime/gpu/gpu_device.cc:1484] Adding visible gpu devices: 0
2024-06-13 21:38:58.550838: I tensorflow/core/common_runtime/gpu/gpu_device.cc:965] Device interconnect StreamExecutor with strength 1 edge matrix:
2024-06-13 21:38:58.551202: I tensorflow/core/common_runtime/gpu/gpu_device.cc:971]      0 
2024-06-13 21:38:58.551503: I tensorflow/core/common_runtime/gpu/gpu_device.cc:984] 0:   N 
2024-06-13 21:38:58.551902: I tensorflow/core/common_runtime/gpu/gpu_device.cc:1097] Created TensorFlow device (/job:localhost/replica:0/task:0/device:GPU:0 with 10237 MB memory) -> physical GPU (device: 0, name: GeForce RTX 2080 Ti, pci bus id: 0000:03:00.0, compute capability: 7.5)
