2019-10-04 16:35:21.523195: I tensorflow/core/platform/cpu_feature_guard.cc:141] Your CPU supports instructions that this TensorFlow binary was not compiled to use: SSE4.1 SSE4.2 AVX AVX2 FMA
2019-10-04 16:35:21.647227: I tensorflow/stream_executor/cuda/cuda_gpu_executor.cc:897] successful NUMA node read from SysFS had negative value (-1), but there must be at least one NUMA node, so returning NUMA node zero
2019-10-04 16:35:21.648036: I tensorflow/core/common_runtime/gpu/gpu_device.cc:1405] Found device 0 with properties: 
name: GeForce GT 1030 major: 6 minor: 1 memoryClockRate(GHz): 1.468
pciBusID: 0000:41:00.0
totalMemory: 1.95GiB freeMemory: 952.94MiB
2019-10-04 16:35:21.648103: I tensorflow/core/common_runtime/gpu/gpu_device.cc:1484] Adding visible gpu devices: 0
2019-10-04 16:35:28.156090: I tensorflow/core/common_runtime/gpu/gpu_device.cc:965] Device interconnect StreamExecutor with strength 1 edge matrix:
2019-10-04 16:35:28.156187: I tensorflow/core/common_runtime/gpu/gpu_device.cc:971]      0 
2019-10-04 16:35:28.156258: I tensorflow/core/common_runtime/gpu/gpu_device.cc:984] 0:   N 
2019-10-04 16:35:28.157451: I tensorflow/core/common_runtime/gpu/gpu_device.cc:1097] Created TensorFlow device (/job:localhost/replica:0/task:0/device:GPU:0 with 663 MB memory) -> physical GPU (device: 0, name: GeForce GT 1030, pci bus id: 0000:41:00.0, compute capability: 6.1)
2019-10-04 18:59:12.487698: I tensorflow/core/common_runtime/gpu/gpu_device.cc:1484] Adding visible gpu devices: 0
2019-10-04 18:59:12.488073: I tensorflow/core/common_runtime/gpu/gpu_device.cc:965] Device interconnect StreamExecutor with strength 1 edge matrix:
2019-10-04 18:59:12.488239: I tensorflow/core/common_runtime/gpu/gpu_device.cc:971]      0 
2019-10-04 18:59:12.488299: I tensorflow/core/common_runtime/gpu/gpu_device.cc:984] 0:   N 
2019-10-04 18:59:12.488606: I tensorflow/core/common_runtime/gpu/gpu_device.cc:1097] Created TensorFlow device (/job:localhost/replica:0/task:0/device:GPU:0 with 663 MB memory) -> physical GPU (device: 0, name: GeForce GT 1030, pci bus id: 0000:41:00.0, compute capability: 6.1)
2019-10-04 21:22:52.094810: I tensorflow/core/common_runtime/gpu/gpu_device.cc:1484] Adding visible gpu devices: 0
2019-10-04 21:22:52.095425: I tensorflow/core/common_runtime/gpu/gpu_device.cc:965] Device interconnect StreamExecutor with strength 1 edge matrix:
2019-10-04 21:22:52.095507: I tensorflow/core/common_runtime/gpu/gpu_device.cc:971]      0 
2019-10-04 21:22:52.095559: I tensorflow/core/common_runtime/gpu/gpu_device.cc:984] 0:   N 
2019-10-04 21:22:52.095719: I tensorflow/core/common_runtime/gpu/gpu_device.cc:1097] Created TensorFlow device (/job:localhost/replica:0/task:0/device:GPU:0 with 663 MB memory) -> physical GPU (device: 0, name: GeForce GT 1030, pci bus id: 0000:41:00.0, compute capability: 6.1)
