{'batchnorm': {'momentum': 0.98, 'modes': [], 'type': 'none', 'tau': 5}, 'mode': {'min_error': 0, 'name': 'classic', 'max_epochs': 1000}, 'learning_rate_tau': 1000, 'learning_rate': 0.001, 'task_id': 0}
{'dataset': 'syn', 'remove_bias': False, 'tr': {'minibatch_size': 300, 'in_seq_len': 30, 'max_truncation': 0, 'minibatch_mode': False}, 'te': {'minibatch_size': 500, 'in_seq_len': 30, 'max_truncation': 0, 'minibatch_mode': False}, 'va': {'minibatch_size': 500, 'in_seq_len': 30, 'max_truncation': 0, 'minibatch_mode': False}}
{'layer_configs': [{'layer_type': 'input'}, {'regularization': {'output_zo_prob': 0.0, 'state_zo_prob': 0.0, 'mode': 'zoneout'}, 'var_scope': 'lstm_0', 'layer_type': 'lstm', 'init_config': {'o': {'w': 'xavier', 'b': 'all_zero'}, 'c': {'w': 'xavier', 'b': 'all_zero'}, 'f': {'w': 'xavier', 'b': 'all_one'}, 'i': {'w': 'xavier', 'b': 'all_zero'}}}, {'regularization': {'strength': 0.02, 'mode': 'l2'}, 'var_scope': 'output_layer', 'init_config': {'w': 'xavier', 'b': 'all_zero'}, 'layer_type': 'fc'}], 'output_type': 'classification', 'gradient_clip_value': 0.5, 'layout': [1, 15, 6]}
{'calc_performance_every': 1, 'include_out': False, 'include_pred': False, 'save_model': {'enabled': True, 'path': '../tr_models/sy_model'}}

=============================
CONFIG FILE

RNN CONFIG
{'batchnorm': {'modes': [], 'momentum': 0.98, 'tau': 5, 'type': 'none'},
 'learning_rate': 0.001,
 'learning_rate_tau': 1000,
 'mode': {'max_epochs': 1000, 'min_error': 0, 'name': 'classic'},
 'task_id': 0}

DATA CONFIG
{'dataset': 'syn',
 'remove_bias': False,
 'te': {'in_seq_len': 30,
        'max_truncation': 0,
        'minibatch_mode': False,
        'minibatch_size': 500},
 'tr': {'in_seq_len': 30,
        'max_truncation': 0,
        'minibatch_mode': False,
        'minibatch_size': 300},
 'va': {'in_seq_len': 30,
        'max_truncation': 0,
        'minibatch_mode': False,
        'minibatch_size': 500}}

TRAINING CONFIG
{'gradient_clip_value': 0.5,
 'layer_configs': [{'layer_type': 'input'},
                   {'init_config': {'c': {'b': 'all_zero', 'w': 'xavier'},
                                    'f': {'b': 'all_one', 'w': 'xavier'},
                                    'i': {'b': 'all_zero', 'w': 'xavier'},
                                    'o': {'b': 'all_zero', 'w': 'xavier'}},
                    'layer_type': 'lstm',
                    'regularization': {'mode': 'zoneout',
                                       'output_zo_prob': 0.0,
                                       'state_zo_prob': 0.0},
                    'var_scope': 'lstm_0'},
                   {'init_config': {'b': 'all_zero', 'w': 'xavier'},
                    'layer_type': 'fc',
                    'regularization': {'mode': 'l2', 'strength': 0.02},
                    'var_scope': 'output_layer'}],
 'layout': [1, 15, 6],
 'output_type': 'classification'}
==============================


tr
(600, 1, 30)
va
(300, 1, 30)
te
(300, 1, 30)
  0,  0 | TrAcc: 0.1900, TrLoss:  2.15052, VaAcc: 0.1633, VaLoss:  2.25636
  1,  0 | TrAcc: 0.2000, TrLoss:  2.10668, VaAcc: 0.1700, VaLoss:  2.22685
  2,  0 | TrAcc: 0.2150, TrLoss:  2.05674, VaAcc: 0.1667, VaLoss:  2.19256
  3,  0 | TrAcc: 0.2167, TrLoss:  2.00384, VaAcc: 0.1667, VaLoss:  2.15452
  4,  0 | TrAcc: 0.2300, TrLoss:  1.95572, VaAcc: 0.1933, VaLoss:  2.11888
  5,  0 | TrAcc: 0.2467, TrLoss:  1.91602, VaAcc: 0.2033, VaLoss:  2.08810
  6,  0 | TrAcc: 0.2600, TrLoss:  1.88339, VaAcc: 0.2100, VaLoss:  2.06219
  7,  0 | TrAcc: 0.2750, TrLoss:  1.85626, VaAcc: 0.2233, VaLoss:  2.04039
  8,  0 | TrAcc: 0.3017, TrLoss:  1.83358, VaAcc: 0.2500, VaLoss:  2.02195
  9,  0 | TrAcc: 0.3200, TrLoss:  1.81461, VaAcc: 0.2767, VaLoss:  2.00632
 10,  0 | TrAcc: 0.3300, TrLoss:  1.79878, VaAcc: 0.2867, VaLoss:  1.99313
 11,  0 | TrAcc: 0.3483, TrLoss:  1.78562, VaAcc: 0.3133, VaLoss:  1.98211
 12,  0 | TrAcc: 0.3567, TrLoss:  1.77476, VaAcc: 0.3133, VaLoss:  1.97303
 13,  0 | TrAcc: 0.3633, TrLoss:  1.76580, VaAcc: 0.3367, VaLoss:  1.96563
 14,  0 | TrAcc: 0.3767, TrLoss:  1.75836, VaAcc: 0.3433, VaLoss:  1.95964
 15,  0 | TrAcc: 0.3900, TrLoss:  1.75206, VaAcc: 0.3533, VaLoss:  1.95470
 16,  0 | TrAcc: 0.3983, TrLoss:  1.74644, VaAcc: 0.3600, VaLoss:  1.95038
 17,  0 | TrAcc: 0.3950, TrLoss:  1.74108, VaAcc: 0.3533, VaLoss:  1.94624
 18,  0 | TrAcc: 0.3933, TrLoss:  1.73567, VaAcc: 0.3533, VaLoss:  1.94199
 19,  0 | TrAcc: 0.3883, TrLoss:  1.73004, VaAcc: 0.3533, VaLoss:  1.93741
 20,  0 | TrAcc: 0.3883, TrLoss:  1.72410, VaAcc: 0.3500, VaLoss:  1.93237
 21,  0 | TrAcc: 0.3883, TrLoss:  1.71781, VaAcc: 0.3500, VaLoss:  1.92681
 22,  0 | TrAcc: 0.4033, TrLoss:  1.71119, VaAcc: 0.3500, VaLoss:  1.92068
 23,  0 | TrAcc: 0.4100, TrLoss:  1.70427, VaAcc: 0.3533, VaLoss:  1.91399
 24,  0 | TrAcc: 0.4150, TrLoss:  1.69712, VaAcc: 0.3533, VaLoss:  1.90676
 25,  0 | TrAcc: 0.4200, TrLoss:  1.68977, VaAcc: 0.3567, VaLoss:  1.89904
 26,  0 | TrAcc: 0.4233, TrLoss:  1.68229, VaAcc: 0.3567, VaLoss:  1.89086
 27,  0 | TrAcc: 0.4233, TrLoss:  1.67474, VaAcc: 0.3600, VaLoss:  1.88230
 28,  0 | TrAcc: 0.4233, TrLoss:  1.66717, VaAcc: 0.3567, VaLoss:  1.87343
 29,  0 | TrAcc: 0.4250, TrLoss:  1.65967, VaAcc: 0.3567, VaLoss:  1.86437
 30,  0 | TrAcc: 0.4217, TrLoss:  1.65230, VaAcc: 0.3600, VaLoss:  1.85522
 31,  0 | TrAcc: 0.4217, TrLoss:  1.64516, VaAcc: 0.3633, VaLoss:  1.84613
 32,  0 | TrAcc: 0.4150, TrLoss:  1.63831, VaAcc: 0.3600, VaLoss:  1.83720
 33,  0 | TrAcc: 0.4117, TrLoss:  1.63178, VaAcc: 0.3567, VaLoss:  1.82852
 34,  0 | TrAcc: 0.4100, TrLoss:  1.62557, VaAcc: 0.3467, VaLoss:  1.82012
 35,  0 | TrAcc: 0.4067, TrLoss:  1.61961, VaAcc: 0.3633, VaLoss:  1.81200
 36,  0 | TrAcc: 0.4050, TrLoss:  1.61383, VaAcc: 0.3600, VaLoss:  1.80409
 37,  0 | TrAcc: 0.4017, TrLoss:  1.60810, VaAcc: 0.3600, VaLoss:  1.79628
 38,  0 | TrAcc: 0.4033, TrLoss:  1.60232, VaAcc: 0.3567, VaLoss:  1.78848
 39,  0 | TrAcc: 0.4033, TrLoss:  1.59643, VaAcc: 0.3533, VaLoss:  1.78059
 40,  0 | TrAcc: 0.4050, TrLoss:  1.59041, VaAcc: 0.3567, VaLoss:  1.77253
 41,  0 | TrAcc: 0.4050, TrLoss:  1.58427, VaAcc: 0.3567, VaLoss:  1.76429
 42,  0 | TrAcc: 0.4117, TrLoss:  1.57808, VaAcc: 0.3567, VaLoss:  1.75586
 43,  0 | TrAcc: 0.4200, TrLoss:  1.57193, VaAcc: 0.3600, VaLoss:  1.74728
 44,  0 | TrAcc: 0.4267, TrLoss:  1.56588, VaAcc: 0.3600, VaLoss:  1.73859
 45,  0 | TrAcc: 0.4250, TrLoss:  1.56000, VaAcc: 0.3533, VaLoss:  1.72981
 46,  0 | TrAcc: 0.4250, TrLoss:  1.55433, VaAcc: 0.3567, VaLoss:  1.72097
 47,  0 | TrAcc: 0.4267, TrLoss:  1.54886, VaAcc: 0.3567, VaLoss:  1.71210
 48,  0 | TrAcc: 0.4267, TrLoss:  1.54359, VaAcc: 0.3567, VaLoss:  1.70320
 49,  0 | TrAcc: 0.4383, TrLoss:  1.53850, VaAcc: 0.3633, VaLoss:  1.69431
 50,  0 | TrAcc: 0.4417, TrLoss:  1.53356, VaAcc: 0.3633, VaLoss:  1.68544
 51,  0 | TrAcc: 0.4433, TrLoss:  1.52876, VaAcc: 0.3600, VaLoss:  1.67664
 52,  0 | TrAcc: 0.4417, TrLoss:  1.52410, VaAcc: 0.3633, VaLoss:  1.66797
 53,  0 | TrAcc: 0.4400, TrLoss:  1.51959, VaAcc: 0.3667, VaLoss:  1.65948
 54,  0 | TrAcc: 0.4383, TrLoss:  1.51523, VaAcc: 0.3667, VaLoss:  1.65124
 55,  0 | TrAcc: 0.4350, TrLoss:  1.51104, VaAcc: 0.3633, VaLoss:  1.64329
 56,  0 | TrAcc: 0.4400, TrLoss:  1.50705, VaAcc: 0.3633, VaLoss:  1.63569
 57,  0 | TrAcc: 0.4433, TrLoss:  1.50325, VaAcc: 0.3633, VaLoss:  1.62846
 58,  0 | TrAcc: 0.4350, TrLoss:  1.49965, VaAcc: 0.3600, VaLoss:  1.62161
 59,  0 | TrAcc: 0.4400, TrLoss:  1.49623, VaAcc: 0.3633, VaLoss:  1.61515
 60,  0 | TrAcc: 0.4417, TrLoss:  1.49297, VaAcc: 0.3633, VaLoss:  1.60903
 61,  0 | TrAcc: 0.4433, TrLoss:  1.48985, VaAcc: 0.3700, VaLoss:  1.60324
 62,  0 | TrAcc: 0.4500, TrLoss:  1.48684, VaAcc: 0.3767, VaLoss:  1.59774
 63,  0 | TrAcc: 0.4517, TrLoss:  1.48392, VaAcc: 0.3700, VaLoss:  1.59250
 64,  0 | TrAcc: 0.4550, TrLoss:  1.48107, VaAcc: 0.3733, VaLoss:  1.58747
 65,  0 | TrAcc: 0.4533, TrLoss:  1.47827, VaAcc: 0.3733, VaLoss:  1.58264
 66,  0 | TrAcc: 0.4467, TrLoss:  1.47551, VaAcc: 0.3833, VaLoss:  1.57799
 67,  0 | TrAcc: 0.4483, TrLoss:  1.47279, VaAcc: 0.3933, VaLoss:  1.57349
 68,  0 | TrAcc: 0.4550, TrLoss:  1.47008, VaAcc: 0.3933, VaLoss:  1.56913
 69,  0 | TrAcc: 0.4500, TrLoss:  1.46739, VaAcc: 0.3900, VaLoss:  1.56490
 70,  0 | TrAcc: 0.4517, TrLoss:  1.46471, VaAcc: 0.3833, VaLoss:  1.56080
 71,  0 | TrAcc: 0.4533, TrLoss:  1.46204, VaAcc: 0.3900, VaLoss:  1.55682
 72,  0 | TrAcc: 0.4533, TrLoss:  1.45936, VaAcc: 0.3933, VaLoss:  1.55295
 73,  0 | TrAcc: 0.4550, TrLoss:  1.45669, VaAcc: 0.3967, VaLoss:  1.54919
 74,  0 | TrAcc: 0.4550, TrLoss:  1.45402, VaAcc: 0.4000, VaLoss:  1.54554
 75,  0 | TrAcc: 0.4567, TrLoss:  1.45136, VaAcc: 0.4000, VaLoss:  1.54199
 76,  0 | TrAcc: 0.4617, TrLoss:  1.44869, VaAcc: 0.4000, VaLoss:  1.53855
 77,  0 | TrAcc: 0.4650, TrLoss:  1.44604, VaAcc: 0.4000, VaLoss:  1.53522
 78,  0 | TrAcc: 0.4700, TrLoss:  1.44339, VaAcc: 0.4000, VaLoss:  1.53200
 79,  0 | TrAcc: 0.4717, TrLoss:  1.44075, VaAcc: 0.4000, VaLoss:  1.52891
 80,  0 | TrAcc: 0.4783, TrLoss:  1.43814, VaAcc: 0.4033, VaLoss:  1.52597
 81,  0 | TrAcc: 0.4800, TrLoss:  1.43554, VaAcc: 0.4133, VaLoss:  1.52318
 82,  0 | TrAcc: 0.4833, TrLoss:  1.43296, VaAcc: 0.4167, VaLoss:  1.52053
 83,  0 | TrAcc: 0.4883, TrLoss:  1.43039, VaAcc: 0.4200, VaLoss:  1.51800
 84,  0 | TrAcc: 0.4867, TrLoss:  1.42784, VaAcc: 0.4200, VaLoss:  1.51556
 85,  0 | TrAcc: 0.4867, TrLoss:  1.42530, VaAcc: 0.4167, VaLoss:  1.51319
 86,  0 | TrAcc: 0.4900, TrLoss:  1.42276, VaAcc: 0.4133, VaLoss:  1.51085
 87,  0 | TrAcc: 0.4900, TrLoss:  1.42022, VaAcc: 0.4133, VaLoss:  1.50851
 88,  0 | TrAcc: 0.4883, TrLoss:  1.41767, VaAcc: 0.4133, VaLoss:  1.50617
 89,  0 | TrAcc: 0.4867, TrLoss:  1.41512, VaAcc: 0.4167, VaLoss:  1.50382
 90,  0 | TrAcc: 0.4850, TrLoss:  1.41254, VaAcc: 0.4167, VaLoss:  1.50145
 91,  0 | TrAcc: 0.4783, TrLoss:  1.40995, VaAcc: 0.4167, VaLoss:  1.49907
 92,  0 | TrAcc: 0.4800, TrLoss:  1.40734, VaAcc: 0.4200, VaLoss:  1.49667
 93,  0 | TrAcc: 0.4767, TrLoss:  1.40471, VaAcc: 0.4200, VaLoss:  1.49426
 94,  0 | TrAcc: 0.4783, TrLoss:  1.40205, VaAcc: 0.4200, VaLoss:  1.49183
 95,  0 | TrAcc: 0.4800, TrLoss:  1.39936, VaAcc: 0.4167, VaLoss:  1.48937
 96,  0 | TrAcc: 0.4817, TrLoss:  1.39664, VaAcc: 0.4233, VaLoss:  1.48687
 97,  0 | TrAcc: 0.4817, TrLoss:  1.39388, VaAcc: 0.4200, VaLoss:  1.48431
 98,  0 | TrAcc: 0.4833, TrLoss:  1.39109, VaAcc: 0.4233, VaLoss:  1.48170
 99,  0 | TrAcc: 0.4850, TrLoss:  1.38825, VaAcc: 0.4300, VaLoss:  1.47900
100,  0 | TrAcc: 0.4850, TrLoss:  1.38537, VaAcc: 0.4267, VaLoss:  1.47623
101,  0 | TrAcc: 0.4850, TrLoss:  1.38244, VaAcc: 0.4233, VaLoss:  1.47337
102,  0 | TrAcc: 0.4867, TrLoss:  1.37946, VaAcc: 0.4267, VaLoss:  1.47043
103,  0 | TrAcc: 0.4867, TrLoss:  1.37642, VaAcc: 0.4267, VaLoss:  1.46740
104,  0 | TrAcc: 0.4900, TrLoss:  1.37332, VaAcc: 0.4333, VaLoss:  1.46430
105,  0 | TrAcc: 0.4900, TrLoss:  1.37015, VaAcc: 0.4333, VaLoss:  1.46111
106,  0 | TrAcc: 0.4950, TrLoss:  1.36691, VaAcc: 0.4433, VaLoss:  1.45784
107,  0 | TrAcc: 0.4967, TrLoss:  1.36358, VaAcc: 0.4533, VaLoss:  1.45448
108,  0 | TrAcc: 0.4950, TrLoss:  1.36015, VaAcc: 0.4600, VaLoss:  1.45103
109,  0 | TrAcc: 0.4950, TrLoss:  1.35663, VaAcc: 0.4633, VaLoss:  1.44746
110,  0 | TrAcc: 0.5000, TrLoss:  1.35299, VaAcc: 0.4567, VaLoss:  1.44377
111,  0 | TrAcc: 0.5017, TrLoss:  1.34923, VaAcc: 0.4667, VaLoss:  1.43991
112,  0 | TrAcc: 0.4983, TrLoss:  1.34533, VaAcc: 0.4700, VaLoss:  1.43588
113,  0 | TrAcc: 0.5017, TrLoss:  1.34128, VaAcc: 0.4667, VaLoss:  1.43164
114,  0 | TrAcc: 0.5000, TrLoss:  1.33706, VaAcc: 0.4667, VaLoss:  1.42717
115,  0 | TrAcc: 0.5000, TrLoss:  1.33266, VaAcc: 0.4700, VaLoss:  1.42244
116,  0 | TrAcc: 0.5033, TrLoss:  1.32804, VaAcc: 0.4733, VaLoss:  1.41743
117,  0 | TrAcc: 0.5050, TrLoss:  1.32320, VaAcc: 0.4800, VaLoss:  1.41211
118,  0 | TrAcc: 0.5067, TrLoss:  1.31810, VaAcc: 0.4800, VaLoss:  1.40645
119,  0 | TrAcc: 0.5067, TrLoss:  1.31273, VaAcc: 0.4800, VaLoss:  1.40042
120,  0 | TrAcc: 0.5100, TrLoss:  1.30706, VaAcc: 0.4833, VaLoss:  1.39398
121,  0 | TrAcc: 0.5133, TrLoss:  1.30106, VaAcc: 0.4833, VaLoss:  1.38710
122,  0 | TrAcc: 0.5133, TrLoss:  1.29472, VaAcc: 0.4800, VaLoss:  1.37973
123,  0 | TrAcc: 0.5133, TrLoss:  1.28803, VaAcc: 0.4800, VaLoss:  1.37186
124,  0 | TrAcc: 0.5167, TrLoss:  1.28097, VaAcc: 0.4833, VaLoss:  1.36345
125,  0 | TrAcc: 0.5167, TrLoss:  1.27352, VaAcc: 0.4900, VaLoss:  1.35450
126,  0 | TrAcc: 0.5183, TrLoss:  1.26567, VaAcc: 0.4933, VaLoss:  1.34503
127,  0 | TrAcc: 0.5200, TrLoss:  1.25740, VaAcc: 0.4900, VaLoss:  1.33509
128,  0 | TrAcc: 0.5200, TrLoss:  1.24873, VaAcc: 0.4900, VaLoss:  1.32477
129,  0 | TrAcc: 0.5167, TrLoss:  1.23975, VaAcc: 0.4933, VaLoss:  1.31422
130,  0 | TrAcc: 0.5150, TrLoss:  1.23061, VaAcc: 0.4933, VaLoss:  1.30361
131,  0 | TrAcc: 0.5167, TrLoss:  1.22147, VaAcc: 0.4933, VaLoss:  1.29313
132,  0 | TrAcc: 0.5183, TrLoss:  1.21248, VaAcc: 0.4833, VaLoss:  1.28292
133,  0 | TrAcc: 0.5117, TrLoss:  1.20369, VaAcc: 0.4900, VaLoss:  1.27304
134,  0 | TrAcc: 0.5150, TrLoss:  1.19511, VaAcc: 0.4900, VaLoss:  1.26348
135,  0 | TrAcc: 0.5117, TrLoss:  1.18674, VaAcc: 0.4933, VaLoss:  1.25424
136,  0 | TrAcc: 0.5100, TrLoss:  1.17863, VaAcc: 0.4967, VaLoss:  1.24539
137,  0 | TrAcc: 0.5183, TrLoss:  1.17073, VaAcc: 0.4967, VaLoss:  1.23695
138,  0 | TrAcc: 0.5283, TrLoss:  1.16294, VaAcc: 0.5000, VaLoss:  1.22879
139,  0 | TrAcc: 0.5250, TrLoss:  1.15510, VaAcc: 0.5000, VaLoss:  1.22068
140,  0 | TrAcc: 0.5167, TrLoss:  1.14709, VaAcc: 0.5067, VaLoss:  1.21239
141,  0 | TrAcc: 0.5233, TrLoss:  1.13889, VaAcc: 0.5100, VaLoss:  1.20376
142,  0 | TrAcc: 0.5233, TrLoss:  1.13056, VaAcc: 0.5100, VaLoss:  1.19477
143,  0 | TrAcc: 0.5283, TrLoss:  1.12218, VaAcc: 0.5167, VaLoss:  1.18552
144,  0 | TrAcc: 0.5333, TrLoss:  1.11387, VaAcc: 0.5167, VaLoss:  1.17619
145,  0 | TrAcc: 0.5400, TrLoss:  1.10570, VaAcc: 0.5133, VaLoss:  1.16700
146,  0 | TrAcc: 0.5400, TrLoss:  1.09768, VaAcc: 0.5133, VaLoss:  1.15816
147,  0 | TrAcc: 0.5417, TrLoss:  1.08980, VaAcc: 0.5200, VaLoss:  1.14979
148,  0 | TrAcc: 0.5550, TrLoss:  1.08197, VaAcc: 0.5267, VaLoss:  1.14192
149,  0 | TrAcc: 0.5583, TrLoss:  1.07411, VaAcc: 0.5333, VaLoss:  1.13447
150,  0 | TrAcc: 0.5650, TrLoss:  1.06618, VaAcc: 0.5367, VaLoss:  1.12731
151,  0 | TrAcc: 0.5783, TrLoss:  1.05817, VaAcc: 0.5433, VaLoss:  1.12032
152,  0 | TrAcc: 0.5833, TrLoss:  1.05013, VaAcc: 0.5467, VaLoss:  1.11344
153,  0 | TrAcc: 0.5933, TrLoss:  1.04212, VaAcc: 0.5567, VaLoss:  1.10662
154,  0 | TrAcc: 0.6017, TrLoss:  1.03422, VaAcc: 0.5600, VaLoss:  1.09986
155,  0 | TrAcc: 0.6033, TrLoss:  1.02649, VaAcc: 0.5667, VaLoss:  1.09315
156,  0 | TrAcc: 0.6100, TrLoss:  1.01897, VaAcc: 0.5800, VaLoss:  1.08649
157,  0 | TrAcc: 0.6200, TrLoss:  1.01165, VaAcc: 0.5867, VaLoss:  1.07989
158,  0 | TrAcc: 0.6250, TrLoss:  1.00453, VaAcc: 0.5933, VaLoss:  1.07336
159,  0 | TrAcc: 0.6283, TrLoss:  0.99760, VaAcc: 0.6100, VaLoss:  1.06690
160,  0 | TrAcc: 0.6317, TrLoss:  0.99087, VaAcc: 0.6167, VaLoss:  1.06048
161,  0 | TrAcc: 0.6417, TrLoss:  0.98435, VaAcc: 0.6267, VaLoss:  1.05410
162,  0 | TrAcc: 0.6417, TrLoss:  0.97804, VaAcc: 0.6333, VaLoss:  1.04777
163,  0 | TrAcc: 0.6450, TrLoss:  0.97198, VaAcc: 0.6333, VaLoss:  1.04150
164,  0 | TrAcc: 0.6483, TrLoss:  0.96618, VaAcc: 0.6400, VaLoss:  1.03537
165,  0 | TrAcc: 0.6483, TrLoss:  0.96065, VaAcc: 0.6433, VaLoss:  1.02946
166,  0 | TrAcc: 0.6467, TrLoss:  0.95540, VaAcc: 0.6533, VaLoss:  1.02383
167,  0 | TrAcc: 0.6500, TrLoss:  0.95041, VaAcc: 0.6533, VaLoss:  1.01851
168,  0 | TrAcc: 0.6567, TrLoss:  0.94567, VaAcc: 0.6633, VaLoss:  1.01352
169,  0 | TrAcc: 0.6650, TrLoss:  0.94118, VaAcc: 0.6733, VaLoss:  1.00883
170,  0 | TrAcc: 0.6700, TrLoss:  0.93693, VaAcc: 0.6800, VaLoss:  1.00441
171,  0 | TrAcc: 0.6733, TrLoss:  0.93292, VaAcc: 0.6767, VaLoss:  1.00023
172,  0 | TrAcc: 0.6800, TrLoss:  0.92915, VaAcc: 0.6800, VaLoss:  0.99626
173,  0 | TrAcc: 0.6783, TrLoss:  0.92560, VaAcc: 0.6900, VaLoss:  0.99248
174,  0 | TrAcc: 0.6817, TrLoss:  0.92228, VaAcc: 0.6933, VaLoss:  0.98889
175,  0 | TrAcc: 0.6850, TrLoss:  0.91915, VaAcc: 0.6933, VaLoss:  0.98549
176,  0 | TrAcc: 0.6867, TrLoss:  0.91621, VaAcc: 0.7000, VaLoss:  0.98228
177,  0 | TrAcc: 0.6867, TrLoss:  0.91342, VaAcc: 0.7033, VaLoss:  0.97927
178,  0 | TrAcc: 0.6883, TrLoss:  0.91076, VaAcc: 0.7067, VaLoss:  0.97647
179,  0 | TrAcc: 0.6950, TrLoss:  0.90822, VaAcc: 0.7100, VaLoss:  0.97388
180,  0 | TrAcc: 0.7033, TrLoss:  0.90577, VaAcc: 0.7067, VaLoss:  0.97150
181,  0 | TrAcc: 0.7000, TrLoss:  0.90340, VaAcc: 0.7067, VaLoss:  0.96931
182,  0 | TrAcc: 0.7067, TrLoss:  0.90111, VaAcc: 0.7033, VaLoss:  0.96730
183,  0 | TrAcc: 0.7100, TrLoss:  0.89887, VaAcc: 0.7100, VaLoss:  0.96544
184,  0 | TrAcc: 0.7117, TrLoss:  0.89669, VaAcc: 0.7200, VaLoss:  0.96371
185,  0 | TrAcc: 0.7183, TrLoss:  0.89456, VaAcc: 0.7267, VaLoss:  0.96208
186,  0 | TrAcc: 0.7200, TrLoss:  0.89246, VaAcc: 0.7233, VaLoss:  0.96055
187,  0 | TrAcc: 0.7250, TrLoss:  0.89040, VaAcc: 0.7233, VaLoss:  0.95911
188,  0 | TrAcc: 0.7267, TrLoss:  0.88837, VaAcc: 0.7233, VaLoss:  0.95776
189,  0 | TrAcc: 0.7350, TrLoss:  0.88635, VaAcc: 0.7233, VaLoss:  0.95648
190,  0 | TrAcc: 0.7350, TrLoss:  0.88436, VaAcc: 0.7267, VaLoss:  0.95525
191,  0 | TrAcc: 0.7367, TrLoss:  0.88239, VaAcc: 0.7267, VaLoss:  0.95403
192,  0 | TrAcc: 0.7417, TrLoss:  0.88043, VaAcc: 0.7267, VaLoss:  0.95280
193,  0 | TrAcc: 0.7433, TrLoss:  0.87848, VaAcc: 0.7267, VaLoss:  0.95153
194,  0 | TrAcc: 0.7433, TrLoss:  0.87653, VaAcc: 0.7267, VaLoss:  0.95022
195,  0 | TrAcc: 0.7467, TrLoss:  0.87458, VaAcc: 0.7267, VaLoss:  0.94888
196,  0 | TrAcc: 0.7517, TrLoss:  0.87264, VaAcc: 0.7333, VaLoss:  0.94754
197,  0 | TrAcc: 0.7533, TrLoss:  0.87068, VaAcc: 0.7333, VaLoss:  0.94622
198,  0 | TrAcc: 0.7550, TrLoss:  0.86872, VaAcc: 0.7333, VaLoss:  0.94495
199,  0 | TrAcc: 0.7550, TrLoss:  0.86673, VaAcc: 0.7333, VaLoss:  0.94375
200,  0 | TrAcc: 0.7567, TrLoss:  0.86471, VaAcc: 0.7333, VaLoss:  0.94262
201,  0 | TrAcc: 0.7617, TrLoss:  0.86265, VaAcc: 0.7367, VaLoss:  0.94156
202,  0 | TrAcc: 0.7683, TrLoss:  0.86056, VaAcc: 0.7367, VaLoss:  0.94053
203,  0 | TrAcc: 0.7717, TrLoss:  0.85844, VaAcc: 0.7400, VaLoss:  0.93949
204,  0 | TrAcc: 0.7750, TrLoss:  0.85632, VaAcc: 0.7367, VaLoss:  0.93837
205,  0 | TrAcc: 0.7800, TrLoss:  0.85423, VaAcc: 0.7400, VaLoss:  0.93714
206,  0 | TrAcc: 0.7800, TrLoss:  0.85217, VaAcc: 0.7400, VaLoss:  0.93581
207,  0 | TrAcc: 0.7783, TrLoss:  0.85016, VaAcc: 0.7433, VaLoss:  0.93439
208,  0 | TrAcc: 0.7767, TrLoss:  0.84820, VaAcc: 0.7400, VaLoss:  0.93295
209,  0 | TrAcc: 0.7750, TrLoss:  0.84629, VaAcc: 0.7367, VaLoss:  0.93150
210,  0 | TrAcc: 0.7750, TrLoss:  0.84437, VaAcc: 0.7367, VaLoss:  0.93000
211,  0 | TrAcc: 0.7783, TrLoss:  0.84240, VaAcc: 0.7367, VaLoss:  0.92835
212,  0 | TrAcc: 0.7800, TrLoss:  0.84039, VaAcc: 0.7400, VaLoss:  0.92655
213,  0 | TrAcc: 0.7800, TrLoss:  0.83838, VaAcc: 0.7467, VaLoss:  0.92465
214,  0 | TrAcc: 0.7767, TrLoss:  0.83638, VaAcc: 0.7467, VaLoss:  0.92273
215,  0 | TrAcc: 0.7783, TrLoss:  0.83442, VaAcc: 0.7467, VaLoss:  0.92086
216,  0 | TrAcc: 0.7817, TrLoss:  0.83248, VaAcc: 0.7467, VaLoss:  0.91911
217,  0 | TrAcc: 0.7850, TrLoss:  0.83056, VaAcc: 0.7567, VaLoss:  0.91748
218,  0 | TrAcc: 0.7900, TrLoss:  0.82863, VaAcc: 0.7567, VaLoss:  0.91594
219,  0 | TrAcc: 0.7900, TrLoss:  0.82667, VaAcc: 0.7600, VaLoss:  0.91449
220,  0 | TrAcc: 0.7917, TrLoss:  0.82471, VaAcc: 0.7633, VaLoss:  0.91313
221,  0 | TrAcc: 0.7917, TrLoss:  0.82274, VaAcc: 0.7633, VaLoss:  0.91181
222,  0 | TrAcc: 0.7933, TrLoss:  0.82079, VaAcc: 0.7633, VaLoss:  0.91038
223,  0 | TrAcc: 0.7950, TrLoss:  0.81885, VaAcc: 0.7633, VaLoss:  0.90873
224,  0 | TrAcc: 0.7967, TrLoss:  0.81692, VaAcc: 0.7667, VaLoss:  0.90687
225,  0 | TrAcc: 0.7983, TrLoss:  0.81500, VaAcc: 0.7667, VaLoss:  0.90493
226,  0 | TrAcc: 0.7983, TrLoss:  0.81309, VaAcc: 0.7667, VaLoss:  0.90303
227,  0 | TrAcc: 0.7967, TrLoss:  0.81117, VaAcc: 0.7700, VaLoss:  0.90125
228,  0 | TrAcc: 0.7983, TrLoss:  0.80926, VaAcc: 0.7700, VaLoss:  0.89961
229,  0 | TrAcc: 0.7983, TrLoss:  0.80735, VaAcc: 0.7700, VaLoss:  0.89812
230,  0 | TrAcc: 0.8000, TrLoss:  0.80544, VaAcc: 0.7667, VaLoss:  0.89672
231,  0 | TrAcc: 0.8000, TrLoss:  0.80354, VaAcc: 0.7667, VaLoss:  0.89535
232,  0 | TrAcc: 0.8033, TrLoss:  0.80165, VaAcc: 0.7667, VaLoss:  0.89395
233,  0 | TrAcc: 0.8033, TrLoss:  0.79975, VaAcc: 0.7700, VaLoss:  0.89250
234,  0 | TrAcc: 0.8033, TrLoss:  0.79784, VaAcc: 0.7733, VaLoss:  0.89098
235,  0 | TrAcc: 0.8050, TrLoss:  0.79594, VaAcc: 0.7767, VaLoss:  0.88940
236,  0 | TrAcc: 0.8067, TrLoss:  0.79403, VaAcc: 0.7767, VaLoss:  0.88776
237,  0 | TrAcc: 0.8067, TrLoss:  0.79211, VaAcc: 0.7767, VaLoss:  0.88611
238,  0 | TrAcc: 0.8067, TrLoss:  0.79019, VaAcc: 0.7767, VaLoss:  0.88451
239,  0 | TrAcc: 0.8100, TrLoss:  0.78827, VaAcc: 0.7733, VaLoss:  0.88296
240,  0 | TrAcc: 0.8083, TrLoss:  0.78635, VaAcc: 0.7733, VaLoss:  0.88143
241,  0 | TrAcc: 0.8083, TrLoss:  0.78442, VaAcc: 0.7733, VaLoss:  0.87991
242,  0 | TrAcc: 0.8133, TrLoss:  0.78249, VaAcc: 0.7733, VaLoss:  0.87842
243,  0 | TrAcc: 0.8150, TrLoss:  0.78054, VaAcc: 0.7767, VaLoss:  0.87697
244,  0 | TrAcc: 0.8200, TrLoss:  0.77858, VaAcc: 0.7800, VaLoss:  0.87558
245,  0 | TrAcc: 0.8200, TrLoss:  0.77661, VaAcc: 0.7800, VaLoss:  0.87421
246,  0 | TrAcc: 0.8183, TrLoss:  0.77464, VaAcc: 0.7800, VaLoss:  0.87286
247,  0 | TrAcc: 0.8183, TrLoss:  0.77265, VaAcc: 0.7833, VaLoss:  0.87150
248,  0 | TrAcc: 0.8200, TrLoss:  0.77065, VaAcc: 0.7833, VaLoss:  0.87013
249,  0 | TrAcc: 0.8250, TrLoss:  0.76863, VaAcc: 0.7833, VaLoss:  0.86872
250,  0 | TrAcc: 0.8267, TrLoss:  0.76660, VaAcc: 0.7900, VaLoss:  0.86726
251,  0 | TrAcc: 0.8267, TrLoss:  0.76455, VaAcc: 0.7900, VaLoss:  0.86574
252,  0 | TrAcc: 0.8317, TrLoss:  0.76249, VaAcc: 0.7900, VaLoss:  0.86417
253,  0 | TrAcc: 0.8333, TrLoss:  0.76040, VaAcc: 0.7933, VaLoss:  0.86260
254,  0 | TrAcc: 0.8350, TrLoss:  0.75830, VaAcc: 0.7933, VaLoss:  0.86105
255,  0 | TrAcc: 0.8383, TrLoss:  0.75617, VaAcc: 0.7933, VaLoss:  0.85953
256,  0 | TrAcc: 0.8383, TrLoss:  0.75402, VaAcc: 0.7933, VaLoss:  0.85805
257,  0 | TrAcc: 0.8383, TrLoss:  0.75185, VaAcc: 0.7967, VaLoss:  0.85659
258,  0 | TrAcc: 0.8433, TrLoss:  0.74965, VaAcc: 0.7967, VaLoss:  0.85514
259,  0 | TrAcc: 0.8500, TrLoss:  0.74743, VaAcc: 0.7967, VaLoss:  0.85367
260,  0 | TrAcc: 0.8583, TrLoss:  0.74517, VaAcc: 0.8033, VaLoss:  0.85216
261,  0 | TrAcc: 0.8617, TrLoss:  0.74289, VaAcc: 0.8067, VaLoss:  0.85061
262,  0 | TrAcc: 0.8667, TrLoss:  0.74057, VaAcc: 0.8100, VaLoss:  0.84901
263,  0 | TrAcc: 0.8700, TrLoss:  0.73823, VaAcc: 0.8133, VaLoss:  0.84740
264,  0 | TrAcc: 0.8700, TrLoss:  0.73584, VaAcc: 0.8167, VaLoss:  0.84578
265,  0 | TrAcc: 0.8717, TrLoss:  0.73342, VaAcc: 0.8133, VaLoss:  0.84414
266,  0 | TrAcc: 0.8733, TrLoss:  0.73097, VaAcc: 0.8233, VaLoss:  0.84248
267,  0 | TrAcc: 0.8750, TrLoss:  0.72847, VaAcc: 0.8233, VaLoss:  0.84083
268,  0 | TrAcc: 0.8767, TrLoss:  0.72593, VaAcc: 0.8300, VaLoss:  0.83919
269,  0 | TrAcc: 0.8817, TrLoss:  0.72335, VaAcc: 0.8367, VaLoss:  0.83756
270,  0 | TrAcc: 0.8817, TrLoss:  0.72072, VaAcc: 0.8400, VaLoss:  0.83594
271,  0 | TrAcc: 0.8867, TrLoss:  0.71804, VaAcc: 0.8400, VaLoss:  0.83433
272,  0 | TrAcc: 0.8883, TrLoss:  0.71532, VaAcc: 0.8433, VaLoss:  0.83268
273,  0 | TrAcc: 0.8883, TrLoss:  0.71254, VaAcc: 0.8500, VaLoss:  0.83099
274,  0 | TrAcc: 0.8933, TrLoss:  0.70970, VaAcc: 0.8500, VaLoss:  0.82926
275,  0 | TrAcc: 0.8950, TrLoss:  0.70681, VaAcc: 0.8533, VaLoss:  0.82749
276,  0 | TrAcc: 0.8967, TrLoss:  0.70385, VaAcc: 0.8533, VaLoss:  0.82571
277,  0 | TrAcc: 0.8983, TrLoss:  0.70084, VaAcc: 0.8567, VaLoss:  0.82392
278,  0 | TrAcc: 0.8983, TrLoss:  0.69776, VaAcc: 0.8633, VaLoss:  0.82214
279,  0 | TrAcc: 0.8967, TrLoss:  0.69461, VaAcc: 0.8633, VaLoss:  0.82038
280,  0 | TrAcc: 0.8967, TrLoss:  0.69138, VaAcc: 0.8667, VaLoss:  0.81864
281,  0 | TrAcc: 0.8967, TrLoss:  0.68808, VaAcc: 0.8667, VaLoss:  0.81691
282,  0 | TrAcc: 0.8967, TrLoss:  0.68470, VaAcc: 0.8767, VaLoss:  0.81521
283,  0 | TrAcc: 0.8967, TrLoss:  0.68124, VaAcc: 0.8800, VaLoss:  0.81354
284,  0 | TrAcc: 0.8983, TrLoss:  0.67769, VaAcc: 0.8800, VaLoss:  0.81191
285,  0 | TrAcc: 0.9033, TrLoss:  0.67406, VaAcc: 0.8867, VaLoss:  0.81034
286,  0 | TrAcc: 0.9067, TrLoss:  0.67034, VaAcc: 0.8867, VaLoss:  0.80885
287,  0 | TrAcc: 0.9117, TrLoss:  0.66654, VaAcc: 0.8867, VaLoss:  0.80741
288,  0 | TrAcc: 0.9133, TrLoss:  0.66268, VaAcc: 0.8933, VaLoss:  0.80603
289,  0 | TrAcc: 0.9150, TrLoss:  0.65877, VaAcc: 0.8900, VaLoss:  0.80468
290,  0 | TrAcc: 0.9167, TrLoss:  0.65483, VaAcc: 0.8900, VaLoss:  0.80334
291,  0 | TrAcc: 0.9167, TrLoss:  0.65089, VaAcc: 0.8900, VaLoss:  0.80199
292,  0 | TrAcc: 0.9150, TrLoss:  0.64695, VaAcc: 0.8967, VaLoss:  0.80062
293,  0 | TrAcc: 0.9167, TrLoss:  0.64303, VaAcc: 0.8933, VaLoss:  0.79924
294,  0 | TrAcc: 0.9183, TrLoss:  0.63911, VaAcc: 0.8967, VaLoss:  0.79785
295,  0 | TrAcc: 0.9167, TrLoss:  0.63522, VaAcc: 0.8967, VaLoss:  0.79659
296,  0 | TrAcc: 0.9183, TrLoss:  0.63139, VaAcc: 0.9000, VaLoss:  0.79507
297,  0 | TrAcc: 0.9267, TrLoss:  0.62769, VaAcc: 0.9067, VaLoss:  0.79409
298,  0 | TrAcc: 0.9183, TrLoss:  0.62456, VaAcc: 0.8900, VaLoss:  0.79118
299,  0 | TrAcc: 0.9283, TrLoss:  0.62093, VaAcc: 0.9033, VaLoss:  0.79195
300,  0 | TrAcc: 0.9250, TrLoss:  0.61767, VaAcc: 0.9067, VaLoss:  0.78746
301,  0 | TrAcc: 0.9350, TrLoss:  0.61488, VaAcc: 0.9133, VaLoss:  0.78679
302,  0 | TrAcc: 0.9400, TrLoss:  0.61155, VaAcc: 0.9133, VaLoss:  0.78570
303,  0 | TrAcc: 0.9383, TrLoss:  0.60743, VaAcc: 0.9100, VaLoss:  0.78177
304,  0 | TrAcc: 0.9400, TrLoss:  0.60533, VaAcc: 0.9100, VaLoss:  0.78018
305,  0 | TrAcc: 0.9417, TrLoss:  0.60384, VaAcc: 0.9067, VaLoss:  0.78001
306,  0 | TrAcc: 0.9433, TrLoss:  0.59988, VaAcc: 0.9233, VaLoss:  0.77739
307,  0 | TrAcc: 0.9450, TrLoss:  0.59867, VaAcc: 0.9167, VaLoss:  0.77350
308,  0 | TrAcc: 0.9400, TrLoss:  0.59529, VaAcc: 0.9133, VaLoss:  0.77163
309,  0 | TrAcc: 0.9433, TrLoss:  0.59120, VaAcc: 0.9167, VaLoss:  0.77166
310,  0 | TrAcc: 0.9400, TrLoss:  0.59082, VaAcc: 0.9067, VaLoss:  0.77098
311,  0 | TrAcc: 0.9383, TrLoss:  0.58649, VaAcc: 0.9067, VaLoss:  0.76864
312,  0 | TrAcc: 0.9400, TrLoss:  0.58700, VaAcc: 0.9133, VaLoss:  0.76781
313,  0 | TrAcc: 0.9433, TrLoss:  0.58289, VaAcc: 0.9133, VaLoss:  0.76539
314,  0 | TrAcc: 0.9450, TrLoss:  0.58113, VaAcc: 0.9133, VaLoss:  0.76431
315,  0 | TrAcc: 0.9417, TrLoss:  0.57760, VaAcc: 0.9133, VaLoss:  0.76258
316,  0 | TrAcc: 0.9367, TrLoss:  0.57592, VaAcc: 0.9033, VaLoss:  0.76112
317,  0 | TrAcc: 0.9367, TrLoss:  0.57332, VaAcc: 0.9100, VaLoss:  0.76029
318,  0 | TrAcc: 0.9417, TrLoss:  0.57178, VaAcc: 0.9067, VaLoss:  0.76053
319,  0 | TrAcc: 0.9417, TrLoss:  0.56922, VaAcc: 0.9033, VaLoss:  0.75771
320,  0 | TrAcc: 0.9300, TrLoss:  0.56851, VaAcc: 0.9000, VaLoss:  0.75609
321,  0 | TrAcc: 0.9317, TrLoss:  0.56544, VaAcc: 0.9000, VaLoss:  0.75616
322,  0 | TrAcc: 0.9383, TrLoss:  0.56438, VaAcc: 0.9067, VaLoss:  0.75609
323,  0 | TrAcc: 0.9383, TrLoss:  0.56180, VaAcc: 0.9067, VaLoss:  0.75180
324,  0 | TrAcc: 0.9300, TrLoss:  0.55902, VaAcc: 0.9033, VaLoss:  0.74800
325,  0 | TrAcc: 0.9300, TrLoss:  0.55709, VaAcc: 0.9000, VaLoss:  0.75015
326,  0 | TrAcc: 0.9333, TrLoss:  0.55468, VaAcc: 0.9033, VaLoss:  0.75166
327,  0 | TrAcc: 0.9300, TrLoss:  0.55279, VaAcc: 0.9000, VaLoss:  0.74867
328,  0 | TrAcc: 0.9217, TrLoss:  0.55232, VaAcc: 0.8900, VaLoss:  0.74615
329,  0 | TrAcc: 0.9283, TrLoss:  0.54861, VaAcc: 0.8933, VaLoss:  0.74637
330,  0 | TrAcc: 0.9383, TrLoss:  0.54840, VaAcc: 0.9067, VaLoss:  0.74722
331,  0 | TrAcc: 0.9367, TrLoss:  0.54576, VaAcc: 0.9067, VaLoss:  0.74372
332,  0 | TrAcc: 0.9300, TrLoss:  0.54414, VaAcc: 0.8933, VaLoss:  0.74051
333,  0 | TrAcc: 0.9317, TrLoss:  0.54193, VaAcc: 0.8933, VaLoss:  0.74053
334,  0 | TrAcc: 0.9367, TrLoss:  0.54076, VaAcc: 0.9067, VaLoss:  0.74134
335,  0 | TrAcc: 0.9367, TrLoss:  0.53825, VaAcc: 0.9000, VaLoss:  0.73877
336,  0 | TrAcc: 0.9283, TrLoss:  0.53767, VaAcc: 0.8900, VaLoss:  0.73661
337,  0 | TrAcc: 0.9317, TrLoss:  0.53470, VaAcc: 0.8933, VaLoss:  0.73678
338,  0 | TrAcc: 0.9400, TrLoss:  0.53465, VaAcc: 0.9033, VaLoss:  0.73816
339,  0 | TrAcc: 0.9400, TrLoss:  0.53265, VaAcc: 0.9033, VaLoss:  0.73566
340,  0 | TrAcc: 0.9333, TrLoss:  0.52996, VaAcc: 0.8967, VaLoss:  0.73187
341,  0 | TrAcc: 0.9350, TrLoss:  0.52855, VaAcc: 0.8967, VaLoss:  0.73117
342,  0 | TrAcc: 0.9350, TrLoss:  0.52663, VaAcc: 0.9000, VaLoss:  0.73138
343,  0 | TrAcc: 0.9400, TrLoss:  0.52516, VaAcc: 0.9033, VaLoss:  0.72915
344,  0 | TrAcc: 0.9333, TrLoss:  0.52414, VaAcc: 0.9000, VaLoss:  0.72657
345,  0 | TrAcc: 0.9417, TrLoss:  0.52139, VaAcc: 0.9033, VaLoss:  0.72660
346,  0 | TrAcc: 0.9467, TrLoss:  0.52117, VaAcc: 0.9100, VaLoss:  0.72787
347,  0 | TrAcc: 0.9450, TrLoss:  0.51888, VaAcc: 0.9067, VaLoss:  0.72589
348,  0 | TrAcc: 0.9333, TrLoss:  0.51864, VaAcc: 0.9067, VaLoss:  0.72389
349,  0 | TrAcc: 0.9350, TrLoss:  0.51602, VaAcc: 0.9067, VaLoss:  0.72310
350,  0 | TrAcc: 0.9467, TrLoss:  0.51550, VaAcc: 0.9100, VaLoss:  0.72379
351,  0 | TrAcc: 0.9467, TrLoss:  0.51382, VaAcc: 0.9100, VaLoss:  0.72220
352,  0 | TrAcc: 0.9400, TrLoss:  0.51146, VaAcc: 0.9000, VaLoss:  0.71998
353,  0 | TrAcc: 0.9383, TrLoss:  0.51022, VaAcc: 0.9000, VaLoss:  0.71977
354,  0 | TrAcc: 0.9433, TrLoss:  0.50868, VaAcc: 0.9067, VaLoss:  0.71954
355,  0 | TrAcc: 0.9517, TrLoss:  0.50729, VaAcc: 0.9133, VaLoss:  0.71803
356,  0 | TrAcc: 0.9450, TrLoss:  0.50556, VaAcc: 0.9100, VaLoss:  0.71533
357,  0 | TrAcc: 0.9483, TrLoss:  0.50381, VaAcc: 0.9133, VaLoss:  0.71478
358,  0 | TrAcc: 0.9533, TrLoss:  0.50314, VaAcc: 0.9200, VaLoss:  0.71599
359,  0 | TrAcc: 0.9533, TrLoss:  0.50142, VaAcc: 0.9233, VaLoss:  0.71550
360,  0 | TrAcc: 0.9467, TrLoss:  0.50010, VaAcc: 0.9133, VaLoss:  0.71314
361,  0 | TrAcc: 0.9517, TrLoss:  0.49828, VaAcc: 0.9200, VaLoss:  0.71151
362,  0 | TrAcc: 0.9550, TrLoss:  0.49752, VaAcc: 0.9200, VaLoss:  0.71166
363,  0 | TrAcc: 0.9533, TrLoss:  0.49537, VaAcc: 0.9200, VaLoss:  0.71061
364,  0 | TrAcc: 0.9417, TrLoss:  0.49583, VaAcc: 0.9067, VaLoss:  0.71029
365,  0 | TrAcc: 0.9450, TrLoss:  0.49313, VaAcc: 0.9100, VaLoss:  0.70940
366,  0 | TrAcc: 0.9550, TrLoss:  0.49261, VaAcc: 0.9200, VaLoss:  0.70933
367,  0 | TrAcc: 0.9550, TrLoss:  0.49129, VaAcc: 0.9200, VaLoss:  0.70817
368,  0 | TrAcc: 0.9517, TrLoss:  0.48873, VaAcc: 0.9167, VaLoss:  0.70640
369,  0 | TrAcc: 0.9467, TrLoss:  0.48790, VaAcc: 0.9100, VaLoss:  0.70688
370,  0 | TrAcc: 0.9533, TrLoss:  0.48611, VaAcc: 0.9267, VaLoss:  0.70638
371,  0 | TrAcc: 0.9583, TrLoss:  0.48478, VaAcc: 0.9267, VaLoss:  0.70447
372,  0 | TrAcc: 0.9567, TrLoss:  0.48335, VaAcc: 0.9233, VaLoss:  0.70272
373,  0 | TrAcc: 0.9600, TrLoss:  0.48169, VaAcc: 0.9267, VaLoss:  0.70247
374,  0 | TrAcc: 0.9600, TrLoss:  0.48092, VaAcc: 0.9400, VaLoss:  0.70273
375,  0 | TrAcc: 0.9600, TrLoss:  0.47905, VaAcc: 0.9300, VaLoss:  0.70142
376,  0 | TrAcc: 0.9583, TrLoss:  0.47925, VaAcc: 0.9233, VaLoss:  0.69983
377,  0 | TrAcc: 0.9617, TrLoss:  0.47672, VaAcc: 0.9333, VaLoss:  0.69867
378,  0 | TrAcc: 0.9633, TrLoss:  0.47634, VaAcc: 0.9433, VaLoss:  0.69957
379,  0 | TrAcc: 0.9600, TrLoss:  0.47440, VaAcc: 0.9367, VaLoss:  0.69886
380,  0 | TrAcc: 0.9567, TrLoss:  0.47361, VaAcc: 0.9233, VaLoss:  0.69808
381,  0 | TrAcc: 0.9567, TrLoss:  0.47155, VaAcc: 0.9267, VaLoss:  0.69698
382,  0 | TrAcc: 0.9633, TrLoss:  0.47107, VaAcc: 0.9400, VaLoss:  0.69656
383,  0 | TrAcc: 0.9633, TrLoss:  0.46973, VaAcc: 0.9400, VaLoss:  0.69579
384,  0 | TrAcc: 0.9617, TrLoss:  0.46783, VaAcc: 0.9400, VaLoss:  0.69402
385,  0 | TrAcc: 0.9650, TrLoss:  0.46671, VaAcc: 0.9433, VaLoss:  0.69271
386,  0 | TrAcc: 0.9650, TrLoss:  0.46513, VaAcc: 0.9467, VaLoss:  0.69190
387,  0 | TrAcc: 0.9667, TrLoss:  0.46387, VaAcc: 0.9500, VaLoss:  0.69217
388,  0 | TrAcc: 0.9667, TrLoss:  0.46261, VaAcc: 0.9500, VaLoss:  0.69110
389,  0 | TrAcc: 0.9650, TrLoss:  0.46109, VaAcc: 0.9567, VaLoss:  0.68880
390,  0 | TrAcc: 0.9650, TrLoss:  0.46005, VaAcc: 0.9533, VaLoss:  0.68786
391,  0 | TrAcc: 0.9650, TrLoss:  0.45815, VaAcc: 0.9567, VaLoss:  0.68793
392,  0 | TrAcc: 0.9667, TrLoss:  0.45792, VaAcc: 0.9533, VaLoss:  0.68825
393,  0 | TrAcc: 0.9683, TrLoss:  0.45554, VaAcc: 0.9600, VaLoss:  0.68633
394,  0 | TrAcc: 0.9683, TrLoss:  0.45517, VaAcc: 0.9600, VaLoss:  0.68454
395,  0 | TrAcc: 0.9683, TrLoss:  0.45339, VaAcc: 0.9600, VaLoss:  0.68413
396,  0 | TrAcc: 0.9683, TrLoss:  0.45243, VaAcc: 0.9633, VaLoss:  0.68487
397,  0 | TrAcc: 0.9683, TrLoss:  0.45084, VaAcc: 0.9600, VaLoss:  0.68405
398,  0 | TrAcc: 0.9683, TrLoss:  0.44969, VaAcc: 0.9667, VaLoss:  0.68187
399,  0 | TrAcc: 0.9700, TrLoss:  0.44807, VaAcc: 0.9733, VaLoss:  0.68092
400,  0 | TrAcc: 0.9683, TrLoss:  0.44696, VaAcc: 0.9700, VaLoss:  0.68046
401,  0 | TrAcc: 0.9717, TrLoss:  0.44530, VaAcc: 0.9700, VaLoss:  0.67934
402,  0 | TrAcc: 0.9750, TrLoss:  0.44448, VaAcc: 0.9700, VaLoss:  0.67821
403,  0 | TrAcc: 0.9750, TrLoss:  0.44281, VaAcc: 0.9700, VaLoss:  0.67704
404,  0 | TrAcc: 0.9700, TrLoss:  0.44176, VaAcc: 0.9700, VaLoss:  0.67686
405,  0 | TrAcc: 0.9700, TrLoss:  0.44028, VaAcc: 0.9733, VaLoss:  0.67620
406,  0 | TrAcc: 0.9733, TrLoss:  0.43884, VaAcc: 0.9767, VaLoss:  0.67444
407,  0 | TrAcc: 0.9717, TrLoss:  0.43768, VaAcc: 0.9767, VaLoss:  0.67321
408,  0 | TrAcc: 0.9733, TrLoss:  0.43622, VaAcc: 0.9700, VaLoss:  0.67349
409,  0 | TrAcc: 0.9750, TrLoss:  0.43480, VaAcc: 0.9767, VaLoss:  0.67289
410,  0 | TrAcc: 0.9767, TrLoss:  0.43346, VaAcc: 0.9767, VaLoss:  0.67094
411,  0 | TrAcc: 0.9767, TrLoss:  0.43209, VaAcc: 0.9767, VaLoss:  0.66944
412,  0 | TrAcc: 0.9750, TrLoss:  0.43105, VaAcc: 0.9733, VaLoss:  0.66967
413,  0 | TrAcc: 0.9767, TrLoss:  0.42939, VaAcc: 0.9767, VaLoss:  0.66916
414,  0 | TrAcc: 0.9800, TrLoss:  0.42831, VaAcc: 0.9767, VaLoss:  0.66780
415,  0 | TrAcc: 0.9767, TrLoss:  0.42649, VaAcc: 0.9733, VaLoss:  0.66630
416,  0 | TrAcc: 0.9750, TrLoss:  0.42577, VaAcc: 0.9733, VaLoss:  0.66615
417,  0 | TrAcc: 0.9783, TrLoss:  0.42392, VaAcc: 0.9767, VaLoss:  0.66492
418,  0 | TrAcc: 0.9800, TrLoss:  0.42288, VaAcc: 0.9767, VaLoss:  0.66370
419,  0 | TrAcc: 0.9783, TrLoss:  0.42117, VaAcc: 0.9733, VaLoss:  0.66273
420,  0 | TrAcc: 0.9767, TrLoss:  0.42030, VaAcc: 0.9733, VaLoss:  0.66264
421,  0 | TrAcc: 0.9783, TrLoss:  0.41867, VaAcc: 0.9733, VaLoss:  0.66146
422,  0 | TrAcc: 0.9800, TrLoss:  0.41737, VaAcc: 0.9767, VaLoss:  0.66010
423,  0 | TrAcc: 0.9783, TrLoss:  0.41609, VaAcc: 0.9733, VaLoss:  0.65903
424,  0 | TrAcc: 0.9783, TrLoss:  0.41449, VaAcc: 0.9733, VaLoss:  0.65799
425,  0 | TrAcc: 0.9800, TrLoss:  0.41350, VaAcc: 0.9767, VaLoss:  0.65743
426,  0 | TrAcc: 0.9800, TrLoss:  0.41194, VaAcc: 0.9767, VaLoss:  0.65652
427,  0 | TrAcc: 0.9800, TrLoss:  0.41057, VaAcc: 0.9733, VaLoss:  0.65478
428,  0 | TrAcc: 0.9800, TrLoss:  0.40929, VaAcc: 0.9800, VaLoss:  0.65309
429,  0 | TrAcc: 0.9800, TrLoss:  0.40768, VaAcc: 0.9800, VaLoss:  0.65283
430,  0 | TrAcc: 0.9800, TrLoss:  0.40656, VaAcc: 0.9733, VaLoss:  0.65264
431,  0 | TrAcc: 0.9800, TrLoss:  0.40493, VaAcc: 0.9800, VaLoss:  0.65058
432,  0 | TrAcc: 0.9817, TrLoss:  0.40369, VaAcc: 0.9800, VaLoss:  0.64939
433,  0 | TrAcc: 0.9800, TrLoss:  0.40232, VaAcc: 0.9767, VaLoss:  0.64933
434,  0 | TrAcc: 0.9817, TrLoss:  0.40079, VaAcc: 0.9800, VaLoss:  0.64798
435,  0 | TrAcc: 0.9817, TrLoss:  0.39965, VaAcc: 0.9800, VaLoss:  0.64648
436,  0 | TrAcc: 0.9817, TrLoss:  0.39806, VaAcc: 0.9767, VaLoss:  0.64611
437,  0 | TrAcc: 0.9833, TrLoss:  0.39671, VaAcc: 0.9800, VaLoss:  0.64525
438,  0 | TrAcc: 0.9817, TrLoss:  0.39535, VaAcc: 0.9800, VaLoss:  0.64356
439,  0 | TrAcc: 0.9817, TrLoss:  0.39402, VaAcc: 0.9800, VaLoss:  0.64266
440,  0 | TrAcc: 0.9833, TrLoss:  0.39247, VaAcc: 0.9800, VaLoss:  0.64169
441,  0 | TrAcc: 0.9833, TrLoss:  0.39115, VaAcc: 0.9800, VaLoss:  0.64080
442,  0 | TrAcc: 0.9833, TrLoss:  0.38985, VaAcc: 0.9767, VaLoss:  0.63965
443,  0 | TrAcc: 0.9833, TrLoss:  0.38845, VaAcc: 0.9833, VaLoss:  0.63819
444,  0 | TrAcc: 0.9850, TrLoss:  0.38697, VaAcc: 0.9833, VaLoss:  0.63766
445,  0 | TrAcc: 0.9833, TrLoss:  0.38560, VaAcc: 0.9833, VaLoss:  0.63664
446,  0 | TrAcc: 0.9850, TrLoss:  0.38447, VaAcc: 0.9833, VaLoss:  0.63508
447,  0 | TrAcc: 0.9850, TrLoss:  0.38298, VaAcc: 0.9833, VaLoss:  0.63438
448,  0 | TrAcc: 0.9850, TrLoss:  0.38149, VaAcc: 0.9833, VaLoss:  0.63289
449,  0 | TrAcc: 0.9850, TrLoss:  0.38025, VaAcc: 0.9833, VaLoss:  0.63149
450,  0 | TrAcc: 0.9850, TrLoss:  0.37879, VaAcc: 0.9833, VaLoss:  0.63097
451,  0 | TrAcc: 0.9867, TrLoss:  0.37731, VaAcc: 0.9833, VaLoss:  0.62955
452,  0 | TrAcc: 0.9867, TrLoss:  0.37587, VaAcc: 0.9833, VaLoss:  0.62839
453,  0 | TrAcc: 0.9850, TrLoss:  0.37452, VaAcc: 0.9833, VaLoss:  0.62771
454,  0 | TrAcc: 0.9867, TrLoss:  0.37319, VaAcc: 0.9833, VaLoss:  0.62657
455,  0 | TrAcc: 0.9867, TrLoss:  0.37168, VaAcc: 0.9833, VaLoss:  0.62520
456,  0 | TrAcc: 0.9867, TrLoss:  0.37029, VaAcc: 0.9833, VaLoss:  0.62370
457,  0 | TrAcc: 0.9867, TrLoss:  0.36888, VaAcc: 0.9833, VaLoss:  0.62268
458,  0 | TrAcc: 0.9883, TrLoss:  0.36753, VaAcc: 0.9833, VaLoss:  0.62185
459,  0 | TrAcc: 0.9867, TrLoss:  0.36611, VaAcc: 0.9833, VaLoss:  0.62039
460,  0 | TrAcc: 0.9883, TrLoss:  0.36469, VaAcc: 0.9833, VaLoss:  0.61933
461,  0 | TrAcc: 0.9883, TrLoss:  0.36326, VaAcc: 0.9833, VaLoss:  0.61826
462,  0 | TrAcc: 0.9883, TrLoss:  0.36197, VaAcc: 0.9833, VaLoss:  0.61694
463,  0 | TrAcc: 0.9883, TrLoss:  0.36049, VaAcc: 0.9833, VaLoss:  0.61594
464,  0 | TrAcc: 0.9900, TrLoss:  0.35909, VaAcc: 0.9833, VaLoss:  0.61461
465,  0 | TrAcc: 0.9900, TrLoss:  0.35769, VaAcc: 0.9833, VaLoss:  0.61330
466,  0 | TrAcc: 0.9900, TrLoss:  0.35631, VaAcc: 0.9833, VaLoss:  0.61241
467,  0 | TrAcc: 0.9900, TrLoss:  0.35488, VaAcc: 0.9833, VaLoss:  0.61137
468,  0 | TrAcc: 0.9900, TrLoss:  0.35350, VaAcc: 0.9833, VaLoss:  0.60983
469,  0 | TrAcc: 0.9900, TrLoss:  0.35209, VaAcc: 0.9833, VaLoss:  0.60856
470,  0 | TrAcc: 0.9900, TrLoss:  0.35070, VaAcc: 0.9833, VaLoss:  0.60762
471,  0 | TrAcc: 0.9900, TrLoss:  0.34931, VaAcc: 0.9867, VaLoss:  0.60634
472,  0 | TrAcc: 0.9900, TrLoss:  0.34792, VaAcc: 0.9867, VaLoss:  0.60513
473,  0 | TrAcc: 0.9900, TrLoss:  0.34652, VaAcc: 0.9867, VaLoss:  0.60413
474,  0 | TrAcc: 0.9900, TrLoss:  0.34513, VaAcc: 0.9867, VaLoss:  0.60282
475,  0 | TrAcc: 0.9900, TrLoss:  0.34375, VaAcc: 0.9867, VaLoss:  0.60148
476,  0 | TrAcc: 0.9900, TrLoss:  0.34235, VaAcc: 0.9867, VaLoss:  0.60048
477,  0 | TrAcc: 0.9900, TrLoss:  0.34097, VaAcc: 0.9867, VaLoss:  0.59923
478,  0 | TrAcc: 0.9900, TrLoss:  0.33958, VaAcc: 0.9867, VaLoss:  0.59777
479,  0 | TrAcc: 0.9900, TrLoss:  0.33820, VaAcc: 0.9867, VaLoss:  0.59676
480,  0 | TrAcc: 0.9900, TrLoss:  0.33682, VaAcc: 0.9867, VaLoss:  0.59575
481,  0 | TrAcc: 0.9900, TrLoss:  0.33544, VaAcc: 0.9867, VaLoss:  0.59438
482,  0 | TrAcc: 0.9900, TrLoss:  0.33405, VaAcc: 0.9867, VaLoss:  0.59316
483,  0 | TrAcc: 0.9900, TrLoss:  0.33268, VaAcc: 0.9867, VaLoss:  0.59202
484,  0 | TrAcc: 0.9900, TrLoss:  0.33130, VaAcc: 0.9867, VaLoss:  0.59066
485,  0 | TrAcc: 0.9900, TrLoss:  0.32993, VaAcc: 0.9867, VaLoss:  0.58952
486,  0 | TrAcc: 0.9900, TrLoss:  0.32856, VaAcc: 0.9867, VaLoss:  0.58849
487,  0 | TrAcc: 0.9900, TrLoss:  0.32719, VaAcc: 0.9867, VaLoss:  0.58712
488,  0 | TrAcc: 0.9900, TrLoss:  0.32583, VaAcc: 0.9867, VaLoss:  0.58580
489,  0 | TrAcc: 0.9900, TrLoss:  0.32447, VaAcc: 0.9867, VaLoss:  0.58479
490,  0 | TrAcc: 0.9900, TrLoss:  0.32311, VaAcc: 0.9867, VaLoss:  0.58357
491,  0 | TrAcc: 0.9900, TrLoss:  0.32175, VaAcc: 0.9867, VaLoss:  0.58221
492,  0 | TrAcc: 0.9900, TrLoss:  0.32040, VaAcc: 0.9867, VaLoss:  0.58109
493,  0 | TrAcc: 0.9900, TrLoss:  0.31905, VaAcc: 0.9867, VaLoss:  0.57996
494,  0 | TrAcc: 0.9900, TrLoss:  0.31771, VaAcc: 0.9867, VaLoss:  0.57869
495,  0 | TrAcc: 0.9900, TrLoss:  0.31636, VaAcc: 0.9867, VaLoss:  0.57752
496,  0 | TrAcc: 0.9917, TrLoss:  0.31502, VaAcc: 0.9900, VaLoss:  0.57631
497,  0 | TrAcc: 0.9917, TrLoss:  0.31369, VaAcc: 0.9900, VaLoss:  0.57501
498,  0 | TrAcc: 0.9917, TrLoss:  0.31236, VaAcc: 0.9900, VaLoss:  0.57389
499,  0 | TrAcc: 0.9917, TrLoss:  0.31103, VaAcc: 0.9900, VaLoss:  0.57279
500,  0 | TrAcc: 0.9917, TrLoss:  0.30971, VaAcc: 0.9900, VaLoss:  0.57150
501,  0 | TrAcc: 0.9917, TrLoss:  0.30840, VaAcc: 0.9900, VaLoss:  0.57030
502,  0 | TrAcc: 0.9917, TrLoss:  0.30708, VaAcc: 0.9900, VaLoss:  0.56920
503,  0 | TrAcc: 0.9917, TrLoss:  0.30578, VaAcc: 0.9900, VaLoss:  0.56799
504,  0 | TrAcc: 0.9917, TrLoss:  0.30448, VaAcc: 0.9900, VaLoss:  0.56678
505,  0 | TrAcc: 0.9917, TrLoss:  0.30318, VaAcc: 0.9900, VaLoss:  0.56567
506,  0 | TrAcc: 0.9917, TrLoss:  0.30189, VaAcc: 0.9900, VaLoss:  0.56448
507,  0 | TrAcc: 0.9917, TrLoss:  0.30061, VaAcc: 0.9900, VaLoss:  0.56333
508,  0 | TrAcc: 0.9917, TrLoss:  0.29933, VaAcc: 0.9900, VaLoss:  0.56223
509,  0 | TrAcc: 0.9917, TrLoss:  0.29805, VaAcc: 0.9900, VaLoss:  0.56103
510,  0 | TrAcc: 0.9917, TrLoss:  0.29679, VaAcc: 0.9900, VaLoss:  0.55984
511,  0 | TrAcc: 0.9933, TrLoss:  0.29553, VaAcc: 0.9900, VaLoss:  0.55877
512,  0 | TrAcc: 0.9933, TrLoss:  0.29427, VaAcc: 0.9900, VaLoss:  0.55764
513,  0 | TrAcc: 0.9933, TrLoss:  0.29303, VaAcc: 0.9900, VaLoss:  0.55647
514,  0 | TrAcc: 0.9933, TrLoss:  0.29179, VaAcc: 0.9900, VaLoss:  0.55540
515,  0 | TrAcc: 0.9950, TrLoss:  0.29056, VaAcc: 0.9900, VaLoss:  0.55429
516,  0 | TrAcc: 0.9950, TrLoss:  0.28933, VaAcc: 0.9900, VaLoss:  0.55316
517,  0 | TrAcc: 0.9950, TrLoss:  0.28811, VaAcc: 0.9900, VaLoss:  0.55209
518,  0 | TrAcc: 0.9950, TrLoss:  0.28690, VaAcc: 0.9900, VaLoss:  0.55100
519,  0 | TrAcc: 0.9950, TrLoss:  0.28570, VaAcc: 0.9900, VaLoss:  0.54991
520,  0 | TrAcc: 0.9950, TrLoss:  0.28451, VaAcc: 0.9933, VaLoss:  0.54888
521,  0 | TrAcc: 0.9967, TrLoss:  0.28332, VaAcc: 0.9933, VaLoss:  0.54781
522,  0 | TrAcc: 0.9967, TrLoss:  0.28214, VaAcc: 0.9933, VaLoss:  0.54672
523,  0 | TrAcc: 0.9967, TrLoss:  0.28097, VaAcc: 0.9933, VaLoss:  0.54571
524,  0 | TrAcc: 0.9967, TrLoss:  0.27981, VaAcc: 0.9933, VaLoss:  0.54468
525,  0 | TrAcc: 0.9967, TrLoss:  0.27866, VaAcc: 0.9933, VaLoss:  0.54364
526,  0 | TrAcc: 0.9967, TrLoss:  0.27752, VaAcc: 0.9933, VaLoss:  0.54264
527,  0 | TrAcc: 0.9967, TrLoss:  0.27638, VaAcc: 0.9933, VaLoss:  0.54163
528,  0 | TrAcc: 0.9983, TrLoss:  0.27526, VaAcc: 0.9933, VaLoss:  0.54063
529,  0 | TrAcc: 0.9983, TrLoss:  0.27414, VaAcc: 0.9933, VaLoss:  0.53967
530,  0 | TrAcc: 0.9983, TrLoss:  0.27303, VaAcc: 0.9933, VaLoss:  0.53869
531,  0 | TrAcc: 0.9983, TrLoss:  0.27194, VaAcc: 0.9933, VaLoss:  0.53771
532,  0 | TrAcc: 0.9983, TrLoss:  0.27085, VaAcc: 0.9933, VaLoss:  0.53679
533,  0 | TrAcc: 0.9983, TrLoss:  0.26977, VaAcc: 0.9933, VaLoss:  0.53585
534,  0 | TrAcc: 0.9983, TrLoss:  0.26870, VaAcc: 0.9933, VaLoss:  0.53491
535,  0 | TrAcc: 0.9983, TrLoss:  0.26764, VaAcc: 0.9933, VaLoss:  0.53400
536,  0 | TrAcc: 0.9983, TrLoss:  0.26659, VaAcc: 0.9933, VaLoss:  0.53309
537,  0 | TrAcc: 0.9983, TrLoss:  0.26554, VaAcc: 0.9933, VaLoss:  0.53220
538,  0 | TrAcc: 0.9983, TrLoss:  0.26451, VaAcc: 0.9933, VaLoss:  0.53133
539,  0 | TrAcc: 0.9983, TrLoss:  0.26349, VaAcc: 0.9933, VaLoss:  0.53044
540,  0 | TrAcc: 0.9983, TrLoss:  0.26248, VaAcc: 0.9933, VaLoss:  0.52958
541,  0 | TrAcc: 0.9983, TrLoss:  0.26147, VaAcc: 0.9933, VaLoss:  0.52874
542,  0 | TrAcc: 0.9983, TrLoss:  0.26048, VaAcc: 0.9933, VaLoss:  0.52790
543,  0 | TrAcc: 0.9983, TrLoss:  0.25949, VaAcc: 0.9933, VaLoss:  0.52707
544,  0 | TrAcc: 0.9983, TrLoss:  0.25852, VaAcc: 0.9933, VaLoss:  0.52626
545,  0 | TrAcc: 0.9983, TrLoss:  0.25755, VaAcc: 0.9933, VaLoss:  0.52546
546,  0 | TrAcc: 0.9983, TrLoss:  0.25659, VaAcc: 0.9933, VaLoss:  0.52468
547,  0 | TrAcc: 0.9983, TrLoss:  0.25564, VaAcc: 0.9933, VaLoss:  0.52390
548,  0 | TrAcc: 0.9983, TrLoss:  0.25470, VaAcc: 0.9933, VaLoss:  0.52312
549,  0 | TrAcc: 0.9983, TrLoss:  0.25377, VaAcc: 0.9933, VaLoss:  0.52237
550,  0 | TrAcc: 0.9983, TrLoss:  0.25285, VaAcc: 0.9933, VaLoss:  0.52163
551,  0 | TrAcc: 0.9983, TrLoss:  0.25194, VaAcc: 0.9933, VaLoss:  0.52089
552,  0 | TrAcc: 0.9983, TrLoss:  0.25104, VaAcc: 0.9933, VaLoss:  0.52017
553,  0 | TrAcc: 0.9983, TrLoss:  0.25014, VaAcc: 0.9933, VaLoss:  0.51946
554,  0 | TrAcc: 0.9983, TrLoss:  0.24926, VaAcc: 0.9933, VaLoss:  0.51876
555,  0 | TrAcc: 0.9983, TrLoss:  0.24838, VaAcc: 0.9933, VaLoss:  0.51808
556,  0 | TrAcc: 0.9983, TrLoss:  0.24751, VaAcc: 0.9933, VaLoss:  0.51739
557,  0 | TrAcc: 0.9983, TrLoss:  0.24665, VaAcc: 0.9933, VaLoss:  0.51672
558,  0 | TrAcc: 0.9983, TrLoss:  0.24579, VaAcc: 0.9933, VaLoss:  0.51607
559,  0 | TrAcc: 0.9983, TrLoss:  0.24495, VaAcc: 0.9933, VaLoss:  0.51542
560,  0 | TrAcc: 0.9983, TrLoss:  0.24411, VaAcc: 0.9933, VaLoss:  0.51478
561,  0 | TrAcc: 0.9983, TrLoss:  0.24328, VaAcc: 0.9933, VaLoss:  0.51415
562,  0 | TrAcc: 0.9983, TrLoss:  0.24246, VaAcc: 0.9933, VaLoss:  0.51353
563,  0 | TrAcc: 0.9983, TrLoss:  0.24165, VaAcc: 0.9933, VaLoss:  0.51293
564,  0 | TrAcc: 0.9983, TrLoss:  0.24084, VaAcc: 0.9933, VaLoss:  0.51233
565,  0 | TrAcc: 0.9983, TrLoss:  0.24005, VaAcc: 0.9933, VaLoss:  0.51173
566,  0 | TrAcc: 0.9983, TrLoss:  0.23925, VaAcc: 0.9933, VaLoss:  0.51115
567,  0 | TrAcc: 0.9983, TrLoss:  0.23847, VaAcc: 0.9933, VaLoss:  0.51058
568,  0 | TrAcc: 0.9983, TrLoss:  0.23769, VaAcc: 0.9933, VaLoss:  0.51001
569,  0 | TrAcc: 0.9983, TrLoss:  0.23692, VaAcc: 0.9933, VaLoss:  0.50946
570,  0 | TrAcc: 0.9983, TrLoss:  0.23616, VaAcc: 0.9933, VaLoss:  0.50891
571,  0 | TrAcc: 0.9983, TrLoss:  0.23541, VaAcc: 0.9933, VaLoss:  0.50837
572,  0 | TrAcc: 0.9983, TrLoss:  0.23466, VaAcc: 0.9933, VaLoss:  0.50783
573,  0 | TrAcc: 0.9983, TrLoss:  0.23391, VaAcc: 0.9933, VaLoss:  0.50730
574,  0 | TrAcc: 0.9983, TrLoss:  0.23318, VaAcc: 0.9933, VaLoss:  0.50679
575,  0 | TrAcc: 0.9983, TrLoss:  0.23245, VaAcc: 0.9933, VaLoss:  0.50627
576,  0 | TrAcc: 0.9983, TrLoss:  0.23172, VaAcc: 0.9933, VaLoss:  0.50577
577,  0 | TrAcc: 0.9983, TrLoss:  0.23101, VaAcc: 0.9933, VaLoss:  0.50527
578,  0 | TrAcc: 0.9983, TrLoss:  0.23029, VaAcc: 0.9933, VaLoss:  0.50478
579,  0 | TrAcc: 0.9983, TrLoss:  0.22959, VaAcc: 0.9933, VaLoss:  0.50429
580,  0 | TrAcc: 0.9983, TrLoss:  0.22889, VaAcc: 0.9933, VaLoss:  0.50381
581,  0 | TrAcc: 0.9983, TrLoss:  0.22820, VaAcc: 0.9933, VaLoss:  0.50334
582,  0 | TrAcc: 0.9983, TrLoss:  0.22751, VaAcc: 0.9933, VaLoss:  0.50287
583,  0 | TrAcc: 0.9983, TrLoss:  0.22682, VaAcc: 0.9933, VaLoss:  0.50241
584,  0 | TrAcc: 0.9983, TrLoss:  0.22615, VaAcc: 0.9933, VaLoss:  0.50196
585,  0 | TrAcc: 0.9983, TrLoss:  0.22548, VaAcc: 0.9933, VaLoss:  0.50151
586,  0 | TrAcc: 0.9983, TrLoss:  0.22481, VaAcc: 0.9933, VaLoss:  0.50106
587,  0 | TrAcc: 0.9983, TrLoss:  0.22415, VaAcc: 0.9933, VaLoss:  0.50062
588,  0 | TrAcc: 0.9983, TrLoss:  0.22349, VaAcc: 0.9933, VaLoss:  0.50019
589,  0 | TrAcc: 0.9983, TrLoss:  0.22284, VaAcc: 0.9933, VaLoss:  0.49976
590,  0 | TrAcc: 0.9983, TrLoss:  0.22220, VaAcc: 0.9933, VaLoss:  0.49933
591,  0 | TrAcc: 0.9983, TrLoss:  0.22155, VaAcc: 0.9933, VaLoss:  0.49891
592,  0 | TrAcc: 0.9983, TrLoss:  0.22092, VaAcc: 0.9933, VaLoss:  0.49850
593,  0 | TrAcc: 0.9983, TrLoss:  0.22029, VaAcc: 0.9933, VaLoss:  0.49809
594,  0 | TrAcc: 0.9983, TrLoss:  0.21966, VaAcc: 0.9933, VaLoss:  0.49768
595,  0 | TrAcc: 0.9983, TrLoss:  0.21904, VaAcc: 0.9933, VaLoss:  0.49728
596,  0 | TrAcc: 0.9983, TrLoss:  0.21842, VaAcc: 0.9933, VaLoss:  0.49688
597,  0 | TrAcc: 0.9983, TrLoss:  0.21780, VaAcc: 0.9933, VaLoss:  0.49649
598,  0 | TrAcc: 0.9983, TrLoss:  0.21719, VaAcc: 0.9933, VaLoss:  0.49609
599,  0 | TrAcc: 0.9983, TrLoss:  0.21659, VaAcc: 0.9933, VaLoss:  0.49571
600,  0 | TrAcc: 0.9983, TrLoss:  0.21599, VaAcc: 0.9933, VaLoss:  0.49533
601,  0 | TrAcc: 0.9983, TrLoss:  0.21539, VaAcc: 0.9933, VaLoss:  0.49495
602,  0 | TrAcc: 0.9983, TrLoss:  0.21480, VaAcc: 0.9933, VaLoss:  0.49457
603,  0 | TrAcc: 0.9983, TrLoss:  0.21421, VaAcc: 0.9933, VaLoss:  0.49420
604,  0 | TrAcc: 0.9983, TrLoss:  0.21362, VaAcc: 0.9933, VaLoss:  0.49383
605,  0 | TrAcc: 0.9983, TrLoss:  0.21304, VaAcc: 0.9933, VaLoss:  0.49346
606,  0 | TrAcc: 0.9983, TrLoss:  0.21246, VaAcc: 0.9933, VaLoss:  0.49310
607,  0 | TrAcc: 0.9983, TrLoss:  0.21189, VaAcc: 0.9933, VaLoss:  0.49274
608,  0 | TrAcc: 0.9983, TrLoss:  0.21132, VaAcc: 0.9933, VaLoss:  0.49239
609,  0 | TrAcc: 0.9983, TrLoss:  0.21075, VaAcc: 0.9933, VaLoss:  0.49203
610,  0 | TrAcc: 0.9983, TrLoss:  0.21018, VaAcc: 0.9933, VaLoss:  0.49168
611,  0 | TrAcc: 0.9983, TrLoss:  0.20962, VaAcc: 0.9933, VaLoss:  0.49134
612,  0 | TrAcc: 0.9983, TrLoss:  0.20906, VaAcc: 0.9933, VaLoss:  0.49099
613,  0 | TrAcc: 0.9983, TrLoss:  0.20851, VaAcc: 0.9933, VaLoss:  0.49065
614,  0 | TrAcc: 0.9983, TrLoss:  0.20796, VaAcc: 0.9933, VaLoss:  0.49031
615,  0 | TrAcc: 0.9983, TrLoss:  0.20741, VaAcc: 0.9933, VaLoss:  0.48997
616,  0 | TrAcc: 0.9983, TrLoss:  0.20687, VaAcc: 0.9933, VaLoss:  0.48964
617,  0 | TrAcc: 0.9983, TrLoss:  0.20632, VaAcc: 0.9933, VaLoss:  0.48931
618,  0 | TrAcc: 0.9983, TrLoss:  0.20578, VaAcc: 0.9933, VaLoss:  0.48898
619,  0 | TrAcc: 0.9983, TrLoss:  0.20525, VaAcc: 0.9933, VaLoss:  0.48865
620,  0 | TrAcc: 0.9983, TrLoss:  0.20471, VaAcc: 0.9933, VaLoss:  0.48833
621,  0 | TrAcc: 0.9983, TrLoss:  0.20418, VaAcc: 0.9933, VaLoss:  0.48800
622,  0 | TrAcc: 0.9983, TrLoss:  0.20365, VaAcc: 0.9933, VaLoss:  0.48768
623,  0 | TrAcc: 0.9983, TrLoss:  0.20313, VaAcc: 0.9933, VaLoss:  0.48736
624,  0 | TrAcc: 0.9983, TrLoss:  0.20261, VaAcc: 0.9933, VaLoss:  0.48705
625,  0 | TrAcc: 0.9983, TrLoss:  0.20209, VaAcc: 0.9933, VaLoss:  0.48673
626,  0 | TrAcc: 0.9983, TrLoss:  0.20157, VaAcc: 0.9933, VaLoss:  0.48642
627,  0 | TrAcc: 0.9983, TrLoss:  0.20105, VaAcc: 0.9933, VaLoss:  0.48611
628,  0 | TrAcc: 0.9983, TrLoss:  0.20054, VaAcc: 0.9933, VaLoss:  0.48580
629,  0 | TrAcc: 0.9983, TrLoss:  0.20003, VaAcc: 0.9933, VaLoss:  0.48549
630,  0 | TrAcc: 0.9983, TrLoss:  0.19952, VaAcc: 0.9933, VaLoss:  0.48518
631,  0 | TrAcc: 0.9983, TrLoss:  0.19901, VaAcc: 0.9933, VaLoss:  0.48487
632,  0 | TrAcc: 0.9983, TrLoss:  0.19851, VaAcc: 0.9933, VaLoss:  0.48457
633,  0 | TrAcc: 0.9983, TrLoss:  0.19801, VaAcc: 0.9933, VaLoss:  0.48427
634,  0 | TrAcc: 0.9983, TrLoss:  0.19751, VaAcc: 0.9933, VaLoss:  0.48397
635,  0 | TrAcc: 0.9983, TrLoss:  0.19701, VaAcc: 0.9933, VaLoss:  0.48366
636,  0 | TrAcc: 0.9983, TrLoss:  0.19651, VaAcc: 0.9933, VaLoss:  0.48337
637,  0 | TrAcc: 0.9983, TrLoss:  0.19602, VaAcc: 0.9933, VaLoss:  0.48307
638,  0 | TrAcc: 0.9983, TrLoss:  0.19553, VaAcc: 0.9933, VaLoss:  0.48277
639,  0 | TrAcc: 0.9983, TrLoss:  0.19504, VaAcc: 0.9933, VaLoss:  0.48247
640,  0 | TrAcc: 0.9983, TrLoss:  0.19455, VaAcc: 0.9933, VaLoss:  0.48218
641,  0 | TrAcc: 0.9983, TrLoss:  0.19406, VaAcc: 0.9933, VaLoss:  0.48188
642,  0 | TrAcc: 0.9983, TrLoss:  0.19358, VaAcc: 0.9933, VaLoss:  0.48159
643,  0 | TrAcc: 0.9983, TrLoss:  0.19310, VaAcc: 0.9933, VaLoss:  0.48130
644,  0 | TrAcc: 0.9983, TrLoss:  0.19261, VaAcc: 0.9933, VaLoss:  0.48101
645,  0 | TrAcc: 0.9983, TrLoss:  0.19213, VaAcc: 0.9933, VaLoss:  0.48072
646,  0 | TrAcc: 0.9983, TrLoss:  0.19166, VaAcc: 0.9933, VaLoss:  0.48043
647,  0 | TrAcc: 0.9983, TrLoss:  0.19118, VaAcc: 0.9933, VaLoss:  0.48014
648,  0 | TrAcc: 0.9983, TrLoss:  0.19071, VaAcc: 0.9933, VaLoss:  0.47985
649,  0 | TrAcc: 0.9983, TrLoss:  0.19023, VaAcc: 0.9933, VaLoss:  0.47956
650,  0 | TrAcc: 0.9983, TrLoss:  0.18976, VaAcc: 0.9933, VaLoss:  0.47927
651,  0 | TrAcc: 0.9983, TrLoss:  0.18929, VaAcc: 0.9933, VaLoss:  0.47898
652,  0 | TrAcc: 0.9983, TrLoss:  0.18882, VaAcc: 0.9933, VaLoss:  0.47869
653,  0 | TrAcc: 0.9983, TrLoss:  0.18836, VaAcc: 0.9933, VaLoss:  0.47841
654,  0 | TrAcc: 0.9983, TrLoss:  0.18789, VaAcc: 0.9933, VaLoss:  0.47812
655,  0 | TrAcc: 0.9983, TrLoss:  0.18742, VaAcc: 0.9933, VaLoss:  0.47783
656,  0 | TrAcc: 0.9983, TrLoss:  0.18696, VaAcc: 0.9933, VaLoss:  0.47755
657,  0 | TrAcc: 0.9983, TrLoss:  0.18650, VaAcc: 0.9933, VaLoss:  0.47726
658,  0 | TrAcc: 0.9983, TrLoss:  0.18604, VaAcc: 0.9933, VaLoss:  0.47697
659,  0 | TrAcc: 0.9983, TrLoss:  0.18558, VaAcc: 0.9933, VaLoss:  0.47669
660,  0 | TrAcc: 0.9983, TrLoss:  0.18512, VaAcc: 0.9933, VaLoss:  0.47640
661,  0 | TrAcc: 0.9983, TrLoss:  0.18467, VaAcc: 0.9933, VaLoss:  0.47612
662,  0 | TrAcc: 0.9983, TrLoss:  0.18421, VaAcc: 0.9933, VaLoss:  0.47583
663,  0 | TrAcc: 0.9983, TrLoss:  0.18376, VaAcc: 0.9933, VaLoss:  0.47555
664,  0 | TrAcc: 0.9983, TrLoss:  0.18330, VaAcc: 0.9933, VaLoss:  0.47526
665,  0 | TrAcc: 0.9983, TrLoss:  0.18285, VaAcc: 0.9933, VaLoss:  0.47497
666,  0 | TrAcc: 0.9983, TrLoss:  0.18240, VaAcc: 0.9933, VaLoss:  0.47469
667,  0 | TrAcc: 0.9983, TrLoss:  0.18195, VaAcc: 0.9933, VaLoss:  0.47440
668,  0 | TrAcc: 0.9983, TrLoss:  0.18150, VaAcc: 0.9933, VaLoss:  0.47412
669,  0 | TrAcc: 0.9983, TrLoss:  0.18105, VaAcc: 0.9933, VaLoss:  0.47383
670,  0 | TrAcc: 0.9983, TrLoss:  0.18060, VaAcc: 0.9933, VaLoss:  0.47354
671,  0 | TrAcc: 0.9983, TrLoss:  0.18016, VaAcc: 0.9933, VaLoss:  0.47325
672,  0 | TrAcc: 0.9983, TrLoss:  0.17971, VaAcc: 0.9933, VaLoss:  0.47297
673,  0 | TrAcc: 0.9983, TrLoss:  0.17927, VaAcc: 0.9933, VaLoss:  0.47268
674,  0 | TrAcc: 0.9983, TrLoss:  0.17882, VaAcc: 0.9933, VaLoss:  0.47239
675,  0 | TrAcc: 0.9983, TrLoss:  0.17838, VaAcc: 0.9933, VaLoss:  0.47210
676,  0 | TrAcc: 0.9983, TrLoss:  0.17794, VaAcc: 0.9933, VaLoss:  0.47181
677,  0 | TrAcc: 0.9983, TrLoss:  0.17750, VaAcc: 0.9933, VaLoss:  0.47152
678,  0 | TrAcc: 0.9983, TrLoss:  0.17706, VaAcc: 0.9933, VaLoss:  0.47123
679,  0 | TrAcc: 0.9983, TrLoss:  0.17662, VaAcc: 0.9933, VaLoss:  0.47094
680,  0 | TrAcc: 0.9983, TrLoss:  0.17618, VaAcc: 0.9933, VaLoss:  0.47065
681,  0 | TrAcc: 0.9983, TrLoss:  0.17574, VaAcc: 0.9933, VaLoss:  0.47036
682,  0 | TrAcc: 0.9983, TrLoss:  0.17530, VaAcc: 0.9933, VaLoss:  0.47007
683,  0 | TrAcc: 0.9983, TrLoss:  0.17487, VaAcc: 0.9933, VaLoss:  0.46977
684,  0 | TrAcc: 0.9983, TrLoss:  0.17443, VaAcc: 0.9933, VaLoss:  0.46948
685,  0 | TrAcc: 0.9983, TrLoss:  0.17400, VaAcc: 0.9933, VaLoss:  0.46919
686,  0 | TrAcc: 0.9983, TrLoss:  0.17356, VaAcc: 0.9933, VaLoss:  0.46889
687,  0 | TrAcc: 0.9983, TrLoss:  0.17313, VaAcc: 0.9933, VaLoss:  0.46860
688,  0 | TrAcc: 0.9983, TrLoss:  0.17270, VaAcc: 0.9933, VaLoss:  0.46830
689,  0 | TrAcc: 0.9983, TrLoss:  0.17226, VaAcc: 0.9933, VaLoss:  0.46800
690,  0 | TrAcc: 0.9983, TrLoss:  0.17183, VaAcc: 0.9933, VaLoss:  0.46770
691,  0 | TrAcc: 0.9983, TrLoss:  0.17140, VaAcc: 0.9933, VaLoss:  0.46740
692,  0 | TrAcc: 0.9983, TrLoss:  0.17097, VaAcc: 0.9933, VaLoss:  0.46710
693,  0 | TrAcc: 0.9983, TrLoss:  0.17054, VaAcc: 0.9933, VaLoss:  0.46680
694,  0 | TrAcc: 0.9983, TrLoss:  0.17011, VaAcc: 0.9933, VaLoss:  0.46650
695,  0 | TrAcc: 0.9983, TrLoss:  0.16968, VaAcc: 0.9933, VaLoss:  0.46620
696,  0 | TrAcc: 0.9983, TrLoss:  0.16925, VaAcc: 0.9933, VaLoss:  0.46590
697,  0 | TrAcc: 0.9983, TrLoss:  0.16882, VaAcc: 0.9933, VaLoss:  0.46559
698,  0 | TrAcc: 0.9983, TrLoss:  0.16839, VaAcc: 0.9933, VaLoss:  0.46529
699,  0 | TrAcc: 0.9983, TrLoss:  0.16796, VaAcc: 0.9933, VaLoss:  0.46498
700,  0 | TrAcc: 0.9983, TrLoss:  0.16754, VaAcc: 0.9933, VaLoss:  0.46467
701,  0 | TrAcc: 0.9983, TrLoss:  0.16711, VaAcc: 0.9933, VaLoss:  0.46436
702,  0 | TrAcc: 0.9983, TrLoss:  0.16668, VaAcc: 0.9933, VaLoss:  0.46405
703,  0 | TrAcc: 0.9983, TrLoss:  0.16626, VaAcc: 0.9933, VaLoss:  0.46374
704,  0 | TrAcc: 0.9983, TrLoss:  0.16583, VaAcc: 0.9933, VaLoss:  0.46343
705,  0 | TrAcc: 0.9983, TrLoss:  0.16541, VaAcc: 0.9933, VaLoss:  0.46312
706,  0 | TrAcc: 0.9983, TrLoss:  0.16498, VaAcc: 0.9933, VaLoss:  0.46281
707,  0 | TrAcc: 0.9983, TrLoss:  0.16456, VaAcc: 0.9933, VaLoss:  0.46249
708,  0 | TrAcc: 0.9983, TrLoss:  0.16413, VaAcc: 0.9933, VaLoss:  0.46217
709,  0 | TrAcc: 0.9983, TrLoss:  0.16371, VaAcc: 0.9933, VaLoss:  0.46186
710,  0 | TrAcc: 0.9983, TrLoss:  0.16329, VaAcc: 0.9933, VaLoss:  0.46154
711,  0 | TrAcc: 0.9983, TrLoss:  0.16286, VaAcc: 0.9933, VaLoss:  0.46122
712,  0 | TrAcc: 0.9983, TrLoss:  0.16244, VaAcc: 0.9933, VaLoss:  0.46090
713,  0 | TrAcc: 0.9983, TrLoss:  0.16202, VaAcc: 0.9933, VaLoss:  0.46057
714,  0 | TrAcc: 0.9983, TrLoss:  0.16159, VaAcc: 0.9933, VaLoss:  0.46025
715,  0 | TrAcc: 0.9983, TrLoss:  0.16117, VaAcc: 0.9933, VaLoss:  0.45993
716,  0 | TrAcc: 0.9983, TrLoss:  0.16075, VaAcc: 0.9933, VaLoss:  0.45960
717,  0 | TrAcc: 0.9983, TrLoss:  0.16033, VaAcc: 0.9933, VaLoss:  0.45927
718,  0 | TrAcc: 0.9983, TrLoss:  0.15991, VaAcc: 0.9933, VaLoss:  0.45894
719,  0 | TrAcc: 0.9983, TrLoss:  0.15949, VaAcc: 0.9933, VaLoss:  0.45861
720,  0 | TrAcc: 0.9983, TrLoss:  0.15906, VaAcc: 0.9933, VaLoss:  0.45828
721,  0 | TrAcc: 0.9983, TrLoss:  0.15864, VaAcc: 0.9933, VaLoss:  0.45795
722,  0 | TrAcc: 0.9983, TrLoss:  0.15822, VaAcc: 0.9933, VaLoss:  0.45761
723,  0 | TrAcc: 0.9983, TrLoss:  0.15780, VaAcc: 0.9933, VaLoss:  0.45728
724,  0 | TrAcc: 0.9983, TrLoss:  0.15738, VaAcc: 0.9933, VaLoss:  0.45694
725,  0 | TrAcc: 0.9983, TrLoss:  0.15696, VaAcc: 0.9933, VaLoss:  0.45660
726,  0 | TrAcc: 0.9983, TrLoss:  0.15654, VaAcc: 0.9933, VaLoss:  0.45626
727,  0 | TrAcc: 0.9983, TrLoss:  0.15612, VaAcc: 0.9933, VaLoss:  0.45592
728,  0 | TrAcc: 0.9983, TrLoss:  0.15570, VaAcc: 0.9933, VaLoss:  0.45558
729,  0 | TrAcc: 0.9983, TrLoss:  0.15528, VaAcc: 0.9933, VaLoss:  0.45523
730,  0 | TrAcc: 0.9983, TrLoss:  0.15487, VaAcc: 0.9933, VaLoss:  0.45489
731,  0 | TrAcc: 0.9983, TrLoss:  0.15445, VaAcc: 0.9933, VaLoss:  0.45454
732,  0 | TrAcc: 0.9983, TrLoss:  0.15403, VaAcc: 0.9933, VaLoss:  0.45419
733,  0 | TrAcc: 0.9983, TrLoss:  0.15361, VaAcc: 0.9933, VaLoss:  0.45384
734,  0 | TrAcc: 0.9983, TrLoss:  0.15319, VaAcc: 0.9933, VaLoss:  0.45349
735,  0 | TrAcc: 0.9983, TrLoss:  0.15277, VaAcc: 0.9933, VaLoss:  0.45314
736,  0 | TrAcc: 0.9983, TrLoss:  0.15236, VaAcc: 0.9933, VaLoss:  0.45278
737,  0 | TrAcc: 0.9983, TrLoss:  0.15194, VaAcc: 0.9933, VaLoss:  0.45243
738,  0 | TrAcc: 0.9983, TrLoss:  0.15152, VaAcc: 0.9933, VaLoss:  0.45207
739,  0 | TrAcc: 0.9983, TrLoss:  0.15110, VaAcc: 0.9933, VaLoss:  0.45171
740,  0 | TrAcc: 0.9983, TrLoss:  0.15069, VaAcc: 0.9933, VaLoss:  0.45135
741,  0 | TrAcc: 0.9983, TrLoss:  0.15027, VaAcc: 0.9933, VaLoss:  0.45099
742,  0 | TrAcc: 0.9983, TrLoss:  0.14985, VaAcc: 0.9933, VaLoss:  0.45062
743,  0 | TrAcc: 0.9983, TrLoss:  0.14944, VaAcc: 0.9933, VaLoss:  0.45026
744,  0 | TrAcc: 0.9983, TrLoss:  0.14902, VaAcc: 0.9933, VaLoss:  0.44989
745,  0 | TrAcc: 0.9983, TrLoss:  0.14860, VaAcc: 0.9933, VaLoss:  0.44953
746,  0 | TrAcc: 0.9983, TrLoss:  0.14819, VaAcc: 0.9933, VaLoss:  0.44916
747,  0 | TrAcc: 0.9983, TrLoss:  0.14777, VaAcc: 0.9933, VaLoss:  0.44878
748,  0 | TrAcc: 0.9983, TrLoss:  0.14736, VaAcc: 0.9933, VaLoss:  0.44841
749,  0 | TrAcc: 0.9983, TrLoss:  0.14694, VaAcc: 0.9933, VaLoss:  0.44804
750,  0 | TrAcc: 0.9983, TrLoss:  0.14653, VaAcc: 0.9933, VaLoss:  0.44766
751,  0 | TrAcc: 0.9983, TrLoss:  0.14611, VaAcc: 0.9933, VaLoss:  0.44729
752,  0 | TrAcc: 0.9983, TrLoss:  0.14570, VaAcc: 0.9933, VaLoss:  0.44691
753,  0 | TrAcc: 0.9983, TrLoss:  0.14529, VaAcc: 0.9933, VaLoss:  0.44653
754,  0 | TrAcc: 0.9983, TrLoss:  0.14487, VaAcc: 0.9933, VaLoss:  0.44615
755,  0 | TrAcc: 0.9983, TrLoss:  0.14446, VaAcc: 0.9933, VaLoss:  0.44576
756,  0 | TrAcc: 0.9983, TrLoss:  0.14405, VaAcc: 0.9933, VaLoss:  0.44538
757,  0 | TrAcc: 0.9983, TrLoss:  0.14363, VaAcc: 0.9933, VaLoss:  0.44500
758,  0 | TrAcc: 0.9983, TrLoss:  0.14322, VaAcc: 0.9933, VaLoss:  0.44461
759,  0 | TrAcc: 0.9983, TrLoss:  0.14281, VaAcc: 0.9933, VaLoss:  0.44422
760,  0 | TrAcc: 0.9983, TrLoss:  0.14240, VaAcc: 0.9933, VaLoss:  0.44383
761,  0 | TrAcc: 0.9983, TrLoss:  0.14199, VaAcc: 0.9933, VaLoss:  0.44344
762,  0 | TrAcc: 0.9983, TrLoss:  0.14158, VaAcc: 0.9933, VaLoss:  0.44305
763,  0 | TrAcc: 0.9983, TrLoss:  0.14117, VaAcc: 0.9933, VaLoss:  0.44265
764,  0 | TrAcc: 0.9983, TrLoss:  0.14076, VaAcc: 0.9933, VaLoss:  0.44226
765,  0 | TrAcc: 0.9983, TrLoss:  0.14035, VaAcc: 0.9933, VaLoss:  0.44186
766,  0 | TrAcc: 0.9983, TrLoss:  0.13994, VaAcc: 0.9933, VaLoss:  0.44146
767,  0 | TrAcc: 0.9983, TrLoss:  0.13953, VaAcc: 0.9933, VaLoss:  0.44106
768,  0 | TrAcc: 0.9983, TrLoss:  0.13912, VaAcc: 0.9933, VaLoss:  0.44066
769,  0 | TrAcc: 0.9983, TrLoss:  0.13872, VaAcc: 0.9933, VaLoss:  0.44026
770,  0 | TrAcc: 0.9983, TrLoss:  0.13831, VaAcc: 0.9933, VaLoss:  0.43986
771,  0 | TrAcc: 0.9983, TrLoss:  0.13791, VaAcc: 0.9933, VaLoss:  0.43945
772,  0 | TrAcc: 0.9983, TrLoss:  0.13750, VaAcc: 0.9933, VaLoss:  0.43904
773,  0 | TrAcc: 0.9983, TrLoss:  0.13710, VaAcc: 0.9933, VaLoss:  0.43864
774,  0 | TrAcc: 0.9983, TrLoss:  0.13669, VaAcc: 0.9933, VaLoss:  0.43823
775,  0 | TrAcc: 0.9983, TrLoss:  0.13629, VaAcc: 0.9933, VaLoss:  0.43782
776,  0 | TrAcc: 0.9983, TrLoss:  0.13589, VaAcc: 0.9933, VaLoss:  0.43740
777,  0 | TrAcc: 0.9983, TrLoss:  0.13549, VaAcc: 0.9933, VaLoss:  0.43699
778,  0 | TrAcc: 0.9983, TrLoss:  0.13509, VaAcc: 0.9933, VaLoss:  0.43657
779,  0 | TrAcc: 0.9983, TrLoss:  0.13469, VaAcc: 0.9933, VaLoss:  0.43616
780,  0 | TrAcc: 0.9983, TrLoss:  0.13429, VaAcc: 0.9933, VaLoss:  0.43574
781,  0 | TrAcc: 0.9983, TrLoss:  0.13389, VaAcc: 0.9933, VaLoss:  0.43532
782,  0 | TrAcc: 0.9983, TrLoss:  0.13350, VaAcc: 0.9933, VaLoss:  0.43490
783,  0 | TrAcc: 0.9983, TrLoss:  0.13310, VaAcc: 0.9933, VaLoss:  0.43448
784,  0 | TrAcc: 0.9983, TrLoss:  0.13270, VaAcc: 0.9933, VaLoss:  0.43405
785,  0 | TrAcc: 0.9983, TrLoss:  0.13231, VaAcc: 0.9933, VaLoss:  0.43363
786,  0 | TrAcc: 0.9983, TrLoss:  0.13191, VaAcc: 0.9933, VaLoss:  0.43320
787,  0 | TrAcc: 0.9983, TrLoss:  0.13152, VaAcc: 0.9933, VaLoss:  0.43277
788,  0 | TrAcc: 0.9983, TrLoss:  0.13113, VaAcc: 0.9933, VaLoss:  0.43235
789,  0 | TrAcc: 0.9983, TrLoss:  0.13074, VaAcc: 0.9933, VaLoss:  0.43192
790,  0 | TrAcc: 0.9983, TrLoss:  0.13035, VaAcc: 0.9933, VaLoss:  0.43148
791,  0 | TrAcc: 0.9983, TrLoss:  0.12996, VaAcc: 0.9933, VaLoss:  0.43105
792,  0 | TrAcc: 0.9983, TrLoss:  0.12957, VaAcc: 0.9933, VaLoss:  0.43062
793,  0 | TrAcc: 0.9983, TrLoss:  0.12918, VaAcc: 0.9933, VaLoss:  0.43019
794,  0 | TrAcc: 0.9983, TrLoss:  0.12879, VaAcc: 0.9933, VaLoss:  0.42975
795,  0 | TrAcc: 0.9983, TrLoss:  0.12841, VaAcc: 0.9933, VaLoss:  0.42932
796,  0 | TrAcc: 0.9983, TrLoss:  0.12802, VaAcc: 0.9933, VaLoss:  0.42888
797,  0 | TrAcc: 0.9983, TrLoss:  0.12764, VaAcc: 0.9933, VaLoss:  0.42844
798,  0 | TrAcc: 0.9983, TrLoss:  0.12725, VaAcc: 0.9933, VaLoss:  0.42801
799,  0 | TrAcc: 0.9983, TrLoss:  0.12687, VaAcc: 0.9933, VaLoss:  0.42757
800,  0 | TrAcc: 0.9983, TrLoss:  0.12649, VaAcc: 0.9933, VaLoss:  0.42713
801,  0 | TrAcc: 0.9983, TrLoss:  0.12610, VaAcc: 0.9933, VaLoss:  0.42669
802,  0 | TrAcc: 0.9983, TrLoss:  0.12572, VaAcc: 0.9933, VaLoss:  0.42625
803,  0 | TrAcc: 0.9983, TrLoss:  0.12534, VaAcc: 0.9933, VaLoss:  0.42581
804,  0 | TrAcc: 0.9983, TrLoss:  0.12497, VaAcc: 0.9967, VaLoss:  0.42537
805,  0 | TrAcc: 0.9983, TrLoss:  0.12459, VaAcc: 0.9967, VaLoss:  0.42493
806,  0 | TrAcc: 0.9983, TrLoss:  0.12421, VaAcc: 0.9967, VaLoss:  0.42449
807,  0 | TrAcc: 0.9983, TrLoss:  0.12383, VaAcc: 0.9967, VaLoss:  0.42405
808,  0 | TrAcc: 0.9983, TrLoss:  0.12346, VaAcc: 0.9967, VaLoss:  0.42361
809,  0 | TrAcc: 0.9983, TrLoss:  0.12308, VaAcc: 0.9967, VaLoss:  0.42317
810,  0 | TrAcc: 0.9983, TrLoss:  0.12271, VaAcc: 0.9967, VaLoss:  0.42273
811,  0 | TrAcc: 0.9983, TrLoss:  0.12234, VaAcc: 0.9967, VaLoss:  0.42229
812,  0 | TrAcc: 0.9983, TrLoss:  0.12197, VaAcc: 0.9967, VaLoss:  0.42185
813,  0 | TrAcc: 0.9983, TrLoss:  0.12160, VaAcc: 0.9967, VaLoss:  0.42141
814,  0 | TrAcc: 0.9983, TrLoss:  0.12123, VaAcc: 0.9967, VaLoss:  0.42097
815,  0 | TrAcc: 0.9983, TrLoss:  0.12086, VaAcc: 0.9967, VaLoss:  0.42053
816,  0 | TrAcc: 0.9983, TrLoss:  0.12049, VaAcc: 0.9967, VaLoss:  0.42009
817,  0 | TrAcc: 0.9983, TrLoss:  0.12013, VaAcc: 0.9967, VaLoss:  0.41966
818,  0 | TrAcc: 0.9983, TrLoss:  0.11976, VaAcc: 0.9967, VaLoss:  0.41922
819,  0 | TrAcc: 0.9983, TrLoss:  0.11939, VaAcc: 0.9967, VaLoss:  0.41878
820,  0 | TrAcc: 0.9983, TrLoss:  0.11903, VaAcc: 0.9967, VaLoss:  0.41834
821,  0 | TrAcc: 0.9983, TrLoss:  0.11867, VaAcc: 0.9967, VaLoss:  0.41790
822,  0 | TrAcc: 0.9983, TrLoss:  0.11831, VaAcc: 0.9967, VaLoss:  0.41746
823,  0 | TrAcc: 0.9983, TrLoss:  0.11795, VaAcc: 0.9967, VaLoss:  0.41702
824,  0 | TrAcc: 0.9983, TrLoss:  0.11759, VaAcc: 0.9967, VaLoss:  0.41658
825,  0 | TrAcc: 0.9983, TrLoss:  0.11723, VaAcc: 0.9967, VaLoss:  0.41615
826,  0 | TrAcc: 0.9983, TrLoss:  0.11687, VaAcc: 0.9967, VaLoss:  0.41571
827,  0 | TrAcc: 0.9983, TrLoss:  0.11652, VaAcc: 0.9967, VaLoss:  0.41527
828,  0 | TrAcc: 0.9983, TrLoss:  0.11616, VaAcc: 0.9967, VaLoss:  0.41484
829,  0 | TrAcc: 0.9983, TrLoss:  0.11581, VaAcc: 0.9967, VaLoss:  0.41440
830,  0 | TrAcc: 0.9983, TrLoss:  0.11545, VaAcc: 0.9967, VaLoss:  0.41396
831,  0 | TrAcc: 0.9983, TrLoss:  0.11510, VaAcc: 0.9967, VaLoss:  0.41353
832,  0 | TrAcc: 0.9983, TrLoss:  0.11475, VaAcc: 0.9967, VaLoss:  0.41309
833,  0 | TrAcc: 0.9983, TrLoss:  0.11440, VaAcc: 0.9967, VaLoss:  0.41266
834,  0 | TrAcc: 0.9983, TrLoss:  0.11405, VaAcc: 0.9967, VaLoss:  0.41222
835,  0 | TrAcc: 0.9983, TrLoss:  0.11371, VaAcc: 0.9967, VaLoss:  0.41179
836,  0 | TrAcc: 0.9983, TrLoss:  0.11336, VaAcc: 0.9967, VaLoss:  0.41135
837,  0 | TrAcc: 0.9983, TrLoss:  0.11302, VaAcc: 0.9967, VaLoss:  0.41092
838,  0 | TrAcc: 0.9983, TrLoss:  0.11267, VaAcc: 0.9967, VaLoss:  0.41049
839,  0 | TrAcc: 0.9983, TrLoss:  0.11233, VaAcc: 0.9967, VaLoss:  0.41006
840,  0 | TrAcc: 0.9983, TrLoss:  0.11199, VaAcc: 0.9967, VaLoss:  0.40963
841,  0 | TrAcc: 0.9983, TrLoss:  0.11165, VaAcc: 0.9967, VaLoss:  0.40919
842,  0 | TrAcc: 0.9983, TrLoss:  0.11131, VaAcc: 0.9967, VaLoss:  0.40877
843,  0 | TrAcc: 0.9983, TrLoss:  0.11097, VaAcc: 0.9967, VaLoss:  0.40834
844,  0 | TrAcc: 0.9983, TrLoss:  0.11064, VaAcc: 0.9967, VaLoss:  0.40791
845,  0 | TrAcc: 0.9983, TrLoss:  0.11030, VaAcc: 0.9967, VaLoss:  0.40748
846,  0 | TrAcc: 0.9983, TrLoss:  0.10997, VaAcc: 0.9967, VaLoss:  0.40705
847,  0 | TrAcc: 0.9983, TrLoss:  0.10964, VaAcc: 0.9967, VaLoss:  0.40663
848,  0 | TrAcc: 0.9983, TrLoss:  0.10931, VaAcc: 0.9967, VaLoss:  0.40620
849,  0 | TrAcc: 0.9983, TrLoss:  0.10898, VaAcc: 0.9967, VaLoss:  0.40578
850,  0 | TrAcc: 0.9983, TrLoss:  0.10865, VaAcc: 0.9967, VaLoss:  0.40536
851,  0 | TrAcc: 0.9983, TrLoss:  0.10832, VaAcc: 0.9967, VaLoss:  0.40493
852,  0 | TrAcc: 0.9983, TrLoss:  0.10800, VaAcc: 0.9967, VaLoss:  0.40451
853,  0 | TrAcc: 0.9983, TrLoss:  0.10767, VaAcc: 0.9967, VaLoss:  0.40409
854,  0 | TrAcc: 0.9983, TrLoss:  0.10735, VaAcc: 0.9967, VaLoss:  0.40367
855,  0 | TrAcc: 0.9983, TrLoss:  0.10703, VaAcc: 0.9967, VaLoss:  0.40326
856,  0 | TrAcc: 0.9983, TrLoss:  0.10671, VaAcc: 0.9967, VaLoss:  0.40284
857,  0 | TrAcc: 0.9983, TrLoss:  0.10639, VaAcc: 0.9967, VaLoss:  0.40242
858,  0 | TrAcc: 0.9983, TrLoss:  0.10607, VaAcc: 0.9967, VaLoss:  0.40201
859,  0 | TrAcc: 0.9983, TrLoss:  0.10575, VaAcc: 0.9967, VaLoss:  0.40159
860,  0 | TrAcc: 0.9983, TrLoss:  0.10544, VaAcc: 0.9967, VaLoss:  0.40118
861,  0 | TrAcc: 0.9983, TrLoss:  0.10513, VaAcc: 0.9967, VaLoss:  0.40077
862,  0 | TrAcc: 0.9983, TrLoss:  0.10481, VaAcc: 0.9967, VaLoss:  0.40036
863,  0 | TrAcc: 0.9983, TrLoss:  0.10450, VaAcc: 0.9967, VaLoss:  0.39995
864,  0 | TrAcc: 0.9983, TrLoss:  0.10419, VaAcc: 0.9967, VaLoss:  0.39955
865,  0 | TrAcc: 0.9983, TrLoss:  0.10389, VaAcc: 0.9967, VaLoss:  0.39914
866,  0 | TrAcc: 0.9983, TrLoss:  0.10358, VaAcc: 0.9967, VaLoss:  0.39874
867,  0 | TrAcc: 0.9983, TrLoss:  0.10328, VaAcc: 0.9967, VaLoss:  0.39833
868,  0 | TrAcc: 0.9983, TrLoss:  0.10297, VaAcc: 0.9967, VaLoss:  0.39793
869,  0 | TrAcc: 0.9983, TrLoss:  0.10267, VaAcc: 0.9967, VaLoss:  0.39753
870,  0 | TrAcc: 0.9983, TrLoss:  0.10237, VaAcc: 0.9967, VaLoss:  0.39714
871,  0 | TrAcc: 0.9983, TrLoss:  0.10207, VaAcc: 0.9967, VaLoss:  0.39674
872,  0 | TrAcc: 0.9983, TrLoss:  0.10177, VaAcc: 0.9967, VaLoss:  0.39634
873,  0 | TrAcc: 0.9983, TrLoss:  0.10148, VaAcc: 0.9967, VaLoss:  0.39595
874,  0 | TrAcc: 0.9983, TrLoss:  0.10118, VaAcc: 0.9967, VaLoss:  0.39556
875,  0 | TrAcc: 0.9983, TrLoss:  0.10089, VaAcc: 0.9967, VaLoss:  0.39517
876,  0 | TrAcc: 0.9983, TrLoss:  0.10060, VaAcc: 0.9967, VaLoss:  0.39478
877,  0 | TrAcc: 0.9983, TrLoss:  0.10031, VaAcc: 0.9967, VaLoss:  0.39439
878,  0 | TrAcc: 0.9983, TrLoss:  0.10002, VaAcc: 0.9967, VaLoss:  0.39401
879,  0 | TrAcc: 0.9983, TrLoss:  0.09973, VaAcc: 0.9967, VaLoss:  0.39362
880,  0 | TrAcc: 0.9983, TrLoss:  0.09945, VaAcc: 0.9967, VaLoss:  0.39324
881,  0 | TrAcc: 0.9983, TrLoss:  0.09916, VaAcc: 0.9967, VaLoss:  0.39286
882,  0 | TrAcc: 0.9983, TrLoss:  0.09888, VaAcc: 0.9967, VaLoss:  0.39248
883,  0 | TrAcc: 0.9983, TrLoss:  0.09860, VaAcc: 0.9967, VaLoss:  0.39210
884,  0 | TrAcc: 0.9983, TrLoss:  0.09832, VaAcc: 0.9967, VaLoss:  0.39173
885,  0 | TrAcc: 0.9983, TrLoss:  0.09804, VaAcc: 0.9967, VaLoss:  0.39136
886,  0 | TrAcc: 0.9983, TrLoss:  0.09776, VaAcc: 0.9967, VaLoss:  0.39098
887,  0 | TrAcc: 0.9983, TrLoss:  0.09749, VaAcc: 0.9967, VaLoss:  0.39062
888,  0 | TrAcc: 0.9983, TrLoss:  0.09721, VaAcc: 0.9967, VaLoss:  0.39025
889,  0 | TrAcc: 0.9983, TrLoss:  0.09694, VaAcc: 0.9967, VaLoss:  0.38988
890,  0 | TrAcc: 0.9983, TrLoss:  0.09667, VaAcc: 0.9967, VaLoss:  0.38952
891,  0 | TrAcc: 0.9983, TrLoss:  0.09640, VaAcc: 0.9967, VaLoss:  0.38916
892,  0 | TrAcc: 0.9983, TrLoss:  0.09613, VaAcc: 0.9967, VaLoss:  0.38880
893,  0 | TrAcc: 0.9983, TrLoss:  0.09587, VaAcc: 0.9967, VaLoss:  0.38844
894,  0 | TrAcc: 0.9983, TrLoss:  0.09560, VaAcc: 0.9967, VaLoss:  0.38809
895,  0 | TrAcc: 0.9983, TrLoss:  0.09534, VaAcc: 0.9933, VaLoss:  0.38773
896,  0 | TrAcc: 0.9983, TrLoss:  0.09508, VaAcc: 0.9933, VaLoss:  0.38738
897,  0 | TrAcc: 0.9983, TrLoss:  0.09482, VaAcc: 0.9933, VaLoss:  0.38703
898,  0 | TrAcc: 0.9983, TrLoss:  0.09456, VaAcc: 0.9933, VaLoss:  0.38669
899,  0 | TrAcc: 0.9983, TrLoss:  0.09430, VaAcc: 0.9933, VaLoss:  0.38634
900,  0 | TrAcc: 0.9983, TrLoss:  0.09405, VaAcc: 0.9933, VaLoss:  0.38600
901,  0 | TrAcc: 0.9983, TrLoss:  0.09379, VaAcc: 0.9933, VaLoss:  0.38566
902,  0 | TrAcc: 0.9983, TrLoss:  0.09354, VaAcc: 0.9933, VaLoss:  0.38532
903,  0 | TrAcc: 0.9983, TrLoss:  0.09329, VaAcc: 0.9933, VaLoss:  0.38499
904,  0 | TrAcc: 0.9983, TrLoss:  0.09304, VaAcc: 0.9933, VaLoss:  0.38465
905,  0 | TrAcc: 0.9983, TrLoss:  0.09279, VaAcc: 0.9933, VaLoss:  0.38432
906,  0 | TrAcc: 0.9983, TrLoss:  0.09254, VaAcc: 0.9933, VaLoss:  0.38399
907,  0 | TrAcc: 0.9983, TrLoss:  0.09230, VaAcc: 0.9933, VaLoss:  0.38367
908,  0 | TrAcc: 0.9983, TrLoss:  0.09205, VaAcc: 0.9933, VaLoss:  0.38334
909,  0 | TrAcc: 0.9983, TrLoss:  0.09181, VaAcc: 0.9933, VaLoss:  0.38302
910,  0 | TrAcc: 0.9983, TrLoss:  0.09157, VaAcc: 0.9933, VaLoss:  0.38270
911,  0 | TrAcc: 0.9983, TrLoss:  0.09133, VaAcc: 0.9933, VaLoss:  0.38238
912,  0 | TrAcc: 0.9983, TrLoss:  0.09109, VaAcc: 0.9933, VaLoss:  0.38207
913,  0 | TrAcc: 0.9983, TrLoss:  0.09086, VaAcc: 0.9933, VaLoss:  0.38175
914,  0 | TrAcc: 0.9983, TrLoss:  0.09062, VaAcc: 0.9933, VaLoss:  0.38144
915,  0 | TrAcc: 0.9983, TrLoss:  0.09039, VaAcc: 0.9933, VaLoss:  0.38114
916,  0 | TrAcc: 0.9983, TrLoss:  0.09015, VaAcc: 0.9933, VaLoss:  0.38083
917,  0 | TrAcc: 0.9983, TrLoss:  0.08992, VaAcc: 0.9933, VaLoss:  0.38053
918,  0 | TrAcc: 0.9983, TrLoss:  0.08969, VaAcc: 0.9933, VaLoss:  0.38023
919,  0 | TrAcc: 0.9983, TrLoss:  0.08947, VaAcc: 0.9933, VaLoss:  0.37993
920,  0 | TrAcc: 0.9983, TrLoss:  0.08924, VaAcc: 0.9933, VaLoss:  0.37963
921,  0 | TrAcc: 0.9983, TrLoss:  0.08901, VaAcc: 0.9933, VaLoss:  0.37934
922,  0 | TrAcc: 0.9983, TrLoss:  0.08879, VaAcc: 0.9933, VaLoss:  0.37904
923,  0 | TrAcc: 0.9983, TrLoss:  0.08857, VaAcc: 0.9933, VaLoss:  0.37876
924,  0 | TrAcc: 0.9983, TrLoss:  0.08835, VaAcc: 0.9933, VaLoss:  0.37847
925,  0 | TrAcc: 0.9983, TrLoss:  0.08813, VaAcc: 0.9933, VaLoss:  0.37818
926,  0 | TrAcc: 0.9983, TrLoss:  0.08791, VaAcc: 0.9933, VaLoss:  0.37790
927,  0 | TrAcc: 0.9983, TrLoss:  0.08769, VaAcc: 0.9933, VaLoss:  0.37762
928,  0 | TrAcc: 0.9983, TrLoss:  0.08748, VaAcc: 0.9933, VaLoss:  0.37734
929,  0 | TrAcc: 0.9983, TrLoss:  0.08726, VaAcc: 0.9933, VaLoss:  0.37707
930,  0 | TrAcc: 0.9983, TrLoss:  0.08705, VaAcc: 0.9933, VaLoss:  0.37680
931,  0 | TrAcc: 0.9983, TrLoss:  0.08684, VaAcc: 0.9933, VaLoss:  0.37653
932,  0 | TrAcc: 0.9983, TrLoss:  0.08663, VaAcc: 0.9900, VaLoss:  0.37626
933,  0 | TrAcc: 0.9983, TrLoss:  0.08642, VaAcc: 0.9900, VaLoss:  0.37600
934,  0 | TrAcc: 0.9983, TrLoss:  0.08621, VaAcc: 0.9900, VaLoss:  0.37573
935,  0 | TrAcc: 0.9983, TrLoss:  0.08600, VaAcc: 0.9900, VaLoss:  0.37548
936,  0 | TrAcc: 0.9983, TrLoss:  0.08580, VaAcc: 0.9900, VaLoss:  0.37520
937,  0 | TrAcc: 0.9983, TrLoss:  0.08559, VaAcc: 0.9900, VaLoss:  0.37497
938,  0 | TrAcc: 0.9983, TrLoss:  0.08539, VaAcc: 0.9900, VaLoss:  0.37468
939,  0 | TrAcc: 0.9983, TrLoss:  0.08519, VaAcc: 0.9900, VaLoss:  0.37448
940,  0 | TrAcc: 0.9983, TrLoss:  0.08499, VaAcc: 0.9900, VaLoss:  0.37415
941,  0 | TrAcc: 0.9983, TrLoss:  0.08480, VaAcc: 0.9900, VaLoss:  0.37404
942,  0 | TrAcc: 0.9983, TrLoss:  0.08461, VaAcc: 0.9900, VaLoss:  0.37359
943,  0 | TrAcc: 0.9983, TrLoss:  0.08446, VaAcc: 0.9900, VaLoss:  0.37374
944,  0 | TrAcc: 0.9983, TrLoss:  0.08432, VaAcc: 0.9900, VaLoss:  0.37296
945,  0 | TrAcc: 0.9983, TrLoss:  0.08435, VaAcc: 0.9900, VaLoss:  0.37377
946,  0 | TrAcc: 0.9983, TrLoss:  0.08404, VaAcc: 0.9900, VaLoss:  0.37243
947,  0 | TrAcc: 0.9983, TrLoss:  0.08382, VaAcc: 0.9900, VaLoss:  0.37314
948,  0 | TrAcc: 0.9983, TrLoss:  0.08345, VaAcc: 0.9900, VaLoss:  0.37226
949,  0 | TrAcc: 0.9983, TrLoss:  0.08332, VaAcc: 0.9900, VaLoss:  0.37188
950,  0 | TrAcc: 0.9983, TrLoss:  0.08338, VaAcc: 0.9900, VaLoss:  0.37258
951,  0 | TrAcc: 0.9983, TrLoss:  0.08298, VaAcc: 0.9900, VaLoss:  0.37136
952,  0 | TrAcc: 0.9983, TrLoss:  0.08271, VaAcc: 0.9900, VaLoss:  0.37150
953,  0 | TrAcc: 0.9983, TrLoss:  0.08259, VaAcc: 0.9900, VaLoss:  0.37160
954,  0 | TrAcc: 0.9983, TrLoss:  0.08244, VaAcc: 0.9900, VaLoss:  0.37072
955,  0 | TrAcc: 0.9983, TrLoss:  0.08225, VaAcc: 0.9900, VaLoss:  0.37106
956,  0 | TrAcc: 0.9983, TrLoss:  0.08198, VaAcc: 0.9900, VaLoss:  0.37054
957,  0 | TrAcc: 0.9983, TrLoss:  0.08185, VaAcc: 0.9900, VaLoss:  0.37024
958,  0 | TrAcc: 0.9983, TrLoss:  0.08177, VaAcc: 0.9900, VaLoss:  0.37064
959,  0 | TrAcc: 0.9983, TrLoss:  0.08148, VaAcc: 0.9900, VaLoss:  0.36976
960,  0 | TrAcc: 0.9983, TrLoss:  0.08129, VaAcc: 0.9900, VaLoss:  0.36964
961,  0 | TrAcc: 0.9983, TrLoss:  0.08119, VaAcc: 0.9900, VaLoss:  0.36993
962,  0 | TrAcc: 0.9983, TrLoss:  0.08098, VaAcc: 0.9900, VaLoss:  0.36912
963,  0 | TrAcc: 0.9983, TrLoss:  0.08076, VaAcc: 0.9900, VaLoss:  0.36915
964,  0 | TrAcc: 0.9983, TrLoss:  0.08060, VaAcc: 0.9900, VaLoss:  0.36908
965,  0 | TrAcc: 0.9983, TrLoss:  0.08046, VaAcc: 0.9900, VaLoss:  0.36858
966,  0 | TrAcc: 0.9983, TrLoss:  0.08030, VaAcc: 0.9900, VaLoss:  0.36877
967,  0 | TrAcc: 0.9983, TrLoss:  0.08009, VaAcc: 0.9900, VaLoss:  0.36826
968,  0 | TrAcc: 0.9983, TrLoss:  0.07993, VaAcc: 0.9900, VaLoss:  0.36808
969,  0 | TrAcc: 0.9983, TrLoss:  0.07979, VaAcc: 0.9900, VaLoss:  0.36822
970,  0 | TrAcc: 0.9983, TrLoss:  0.07961, VaAcc: 0.9900, VaLoss:  0.36763
971,  0 | TrAcc: 0.9983, TrLoss:  0.07942, VaAcc: 0.9900, VaLoss:  0.36766
972,  0 | TrAcc: 0.9983, TrLoss:  0.07926, VaAcc: 0.9900, VaLoss:  0.36750
973,  0 | TrAcc: 0.9983, TrLoss:  0.07911, VaAcc: 0.9900, VaLoss:  0.36712
974,  0 | TrAcc: 0.9983, TrLoss:  0.07896, VaAcc: 0.9900, VaLoss:  0.36724
975,  0 | TrAcc: 0.9983, TrLoss:  0.07878, VaAcc: 0.9900, VaLoss:  0.36681
976,  0 | TrAcc: 0.9983, TrLoss:  0.07861, VaAcc: 0.9900, VaLoss:  0.36674
977,  0 | TrAcc: 0.9983, TrLoss:  0.07846, VaAcc: 0.9900, VaLoss:  0.36663
978,  0 | TrAcc: 0.9983, TrLoss:  0.07831, VaAcc: 0.9900, VaLoss:  0.36625
979,  0 | TrAcc: 0.9983, TrLoss:  0.07815, VaAcc: 0.9900, VaLoss:  0.36634
980,  0 | TrAcc: 0.9983, TrLoss:  0.07798, VaAcc: 0.9900, VaLoss:  0.36598
981,  0 | TrAcc: 0.9983, TrLoss:  0.07782, VaAcc: 0.9900, VaLoss:  0.36587
982,  0 | TrAcc: 0.9983, TrLoss:  0.07767, VaAcc: 0.9900, VaLoss:  0.36577
983,  0 | TrAcc: 0.9983, TrLoss:  0.07752, VaAcc: 0.9900, VaLoss:  0.36547
984,  0 | TrAcc: 0.9983, TrLoss:  0.07737, VaAcc: 0.9900, VaLoss:  0.36550
985,  0 | TrAcc: 0.9983, TrLoss:  0.07721, VaAcc: 0.9900, VaLoss:  0.36514
986,  0 | TrAcc: 0.9983, TrLoss:  0.07705, VaAcc: 0.9900, VaLoss:  0.36512
987,  0 | TrAcc: 0.9983, TrLoss:  0.07690, VaAcc: 0.9900, VaLoss:  0.36493
988,  0 | TrAcc: 0.9983, TrLoss:  0.07675, VaAcc: 0.9900, VaLoss:  0.36472
989,  0 | TrAcc: 0.9983, TrLoss:  0.07660, VaAcc: 0.9900, VaLoss:  0.36467
990,  0 | TrAcc: 0.9983, TrLoss:  0.07645, VaAcc: 0.9900, VaLoss:  0.36437
991,  0 | TrAcc: 0.9983, TrLoss:  0.07630, VaAcc: 0.9900, VaLoss:  0.36441
992,  0 | TrAcc: 0.9983, TrLoss:  0.07615, VaAcc: 0.9900, VaLoss:  0.36409
993,  0 | TrAcc: 0.9983, TrLoss:  0.07600, VaAcc: 0.9900, VaLoss:  0.36406
994,  0 | TrAcc: 0.9983, TrLoss:  0.07585, VaAcc: 0.9900, VaLoss:  0.36383
995,  0 | TrAcc: 0.9983, TrLoss:  0.07570, VaAcc: 0.9900, VaLoss:  0.36374
996,  0 | TrAcc: 0.9983, TrLoss:  0.07556, VaAcc: 0.9900, VaLoss:  0.36358
997,  0 | TrAcc: 0.9983, TrLoss:  0.07541, VaAcc: 0.9900, VaLoss:  0.36340
998,  0 | TrAcc: 0.9983, TrLoss:  0.07527, VaAcc: 0.9900, VaLoss:  0.36334
999,  0 | TrAcc: 0.9983, TrLoss:  0.07512, VaAcc: 0.9900, VaLoss:  0.36311
----------------------------
Final Tr Acc   :   0.99833 +-     nan
Final Va Acc   :   0.99000 +-     nan
Final Tr Loss  :   0.07512 +-     nan
Final Va Loss  :   0.36311 +-     nan

TrAcc
Run:  0 | 99.83% in epoch  528

VaAcc
Run:  0 | 99.67% in epoch  804

TeAcc
Run:  0 | 100.00% in epoch  804
(1, 1000)
