{'task_id': 16, 'mode': {'name': 'classic', 'min_error': 0, 'max_epochs': 10000}, 'learning_rate_tau': 2000, 'learning_rate': 0.0001, 'batchnorm': {'tau': 1, 'momentum': 0.98, 'type': 'none', 'modes': []}}
{'dataset': 'timit_s', 'te': {'in_seq_len': 40, 'minibatch_mode': True, 'minibatch_size': 500, 'max_truncation': 0}, 'va': {'in_seq_len': 40, 'minibatch_mode': True, 'minibatch_size': 500, 'max_truncation': 0}, 'remove_bias': False, 'tr': {'in_seq_len': 40, 'minibatch_mode': True, 'minibatch_size': 500, 'max_truncation': 0}}
{'layout': [13, 100, 100, 54], 'layer_configs': [{'layer_type': 'input'}, {'layer_type': 'lstm', 'var_scope': 'lstm_0', 'init_config': {'i': {'w': 'xavier', 'b': 'all_zero'}, 'f': {'w': 'xavier', 'b': 'all_one'}, 'c': {'w': 'xavier', 'b': 'all_zero'}, 'o': {'w': 'xavier', 'b': 'all_zero'}}, 'regularization': {'mode': 'zoneout', 'output_zo_prob': 0.01, 'state_zo_prob': 0.05}}, {'layer_type': 'lstm', 'init_config': {'i': {'w': 'xavier', 'b': 'all_zero'}, 'f': {'w': 'xavier', 'b': 'all_one'}, 'c': {'w': 'xavier', 'b': 'all_zero'}, 'o': {'w': 'xavier', 'b': 'all_zero'}}, 'var_scope': 'lstm_1', 'regularization': {'output_zo_prob': 0.01, 'mode': 'zoneout', 'state_zo_prob': 0.05}}, {'layer_type': 'fc', 'init_config': {'w': 'xavier', 'b': 'all_zero'}, 'var_scope': 'output_layer', 'regularization': {'mode': 'l2', 'strength': 0.002}}], 'gradient_clip_value': 0.1, 'output_type': 'classification'}
{'save_model': {'path': '../tr_models/t_model16', 'enabled': False}, 'calc_performance_every': 1, 'include_out': False, 'include_pred': False}

=============================
CONFIG FILE

RNN CONFIG
{'batchnorm': {'modes': [], 'momentum': 0.98, 'tau': 1, 'type': 'none'},
 'learning_rate': 0.0001,
 'learning_rate_tau': 2000,
 'mode': {'max_epochs': 10000, 'min_error': 0, 'name': 'classic'},
 'task_id': 16}

DATA CONFIG
{'dataset': 'timit_s',
 'remove_bias': False,
 'te': {'in_seq_len': 40,
        'max_truncation': 0,
        'minibatch_mode': True,
        'minibatch_size': 500},
 'tr': {'in_seq_len': 40,
        'max_truncation': 0,
        'minibatch_mode': True,
        'minibatch_size': 500},
 'va': {'in_seq_len': 40,
        'max_truncation': 0,
        'minibatch_mode': True,
        'minibatch_size': 500}}

TRAINING CONFIG
{'gradient_clip_value': 0.1,
 'layer_configs': [{'layer_type': 'input'},
                   {'init_config': {'c': {'b': 'all_zero', 'w': 'xavier'},
                                    'f': {'b': 'all_one', 'w': 'xavier'},
                                    'i': {'b': 'all_zero', 'w': 'xavier'},
                                    'o': {'b': 'all_zero', 'w': 'xavier'}},
                    'layer_type': 'lstm',
                    'regularization': {'mode': 'zoneout',
                                       'output_zo_prob': 0.01,
                                       'state_zo_prob': 0.05},
                    'var_scope': 'lstm_0'},
                   {'init_config': {'c': {'b': 'all_zero', 'w': 'xavier'},
                                    'f': {'b': 'all_one', 'w': 'xavier'},
                                    'i': {'b': 'all_zero', 'w': 'xavier'},
                                    'o': {'b': 'all_zero', 'w': 'xavier'}},
                    'layer_type': 'lstm',
                    'regularization': {'mode': 'zoneout',
                                       'output_zo_prob': 0.01,
                                       'state_zo_prob': 0.05},
                    'var_scope': 'lstm_1'},
                   {'init_config': {'b': 'all_zero', 'w': 'xavier'},
                    'layer_type': 'fc',
                    'regularization': {'mode': 'l2', 'strength': 0.002},
                    'var_scope': 'output_layer'}],
 'layout': [13, 100, 100, 54],
 'output_type': 'classification'}
==============================


0
1
2
3
4
here
now
now2
(37128, 13, 40)
(9287, 13, 40)
(18588, 13, 40)
now3
  0,  0 | TrAcc: 0.0207, TrLoss:  4.42074, VaAcc: 0.0244, VaLoss:  4.43100
  1,  0 | TrAcc: 0.1819, TrLoss:  3.44990, VaAcc: 0.1742, VaLoss:  3.47172
  2,  0 | TrAcc: 0.2579, TrLoss:  3.04808, VaAcc: 0.2458, VaLoss:  3.06378
  3,  0 | TrAcc: 0.2945, TrLoss:  2.82235, VaAcc: 0.2845, VaLoss:  2.84406
  4,  0 | TrAcc: 0.3257, TrLoss:  2.67687, VaAcc: 0.3037, VaLoss:  2.70327
  5,  0 | TrAcc: 0.3423, TrLoss:  2.56215, VaAcc: 0.3252, VaLoss:  2.61653
  6,  0 | TrAcc: 0.3485, TrLoss:  2.50041, VaAcc: 0.3374, VaLoss:  2.52434
  7,  0 | TrAcc: 0.3572, TrLoss:  2.44338, VaAcc: 0.3488, VaLoss:  2.46862
  8,  0 | TrAcc: 0.3654, TrLoss:  2.38440, VaAcc: 0.3543, VaLoss:  2.41978
  9,  0 | TrAcc: 0.3750, TrLoss:  2.33646, VaAcc: 0.3618, VaLoss:  2.38425
 10,  0 | TrAcc: 0.3832, TrLoss:  2.29558, VaAcc: 0.3729, VaLoss:  2.34360
 11,  0 | TrAcc: 0.3869, TrLoss:  2.26155, VaAcc: 0.3739, VaLoss:  2.33386
 12,  0 | TrAcc: 0.3955, TrLoss:  2.22995, VaAcc: 0.3848, VaLoss:  2.28242
 13,  0 | TrAcc: 0.3986, TrLoss:  2.21107, VaAcc: 0.3761, VaLoss:  2.31361
 14,  0 | TrAcc: 0.4058, TrLoss:  2.17310, VaAcc: 0.3858, VaLoss:  2.26804
 15,  0 | TrAcc: 0.4155, TrLoss:  2.14749, VaAcc: 0.3856, VaLoss:  2.25095
 16,  0 | TrAcc: 0.4146, TrLoss:  2.13065, VaAcc: 0.4044, VaLoss:  2.21628
 17,  0 | TrAcc: 0.4157, TrLoss:  2.11572, VaAcc: 0.4027, VaLoss:  2.20945
 18,  0 | TrAcc: 0.4221, TrLoss:  2.09915, VaAcc: 0.4193, VaLoss:  2.16990
 19,  0 | TrAcc: 0.4240, TrLoss:  2.07826, VaAcc: 0.4035, VaLoss:  2.20319
 20,  0 | TrAcc: 0.4333, TrLoss:  2.04444, VaAcc: 0.4187, VaLoss:  2.16155
 21,  0 | TrAcc: 0.4393, TrLoss:  2.02742, VaAcc: 0.4200, VaLoss:  2.15780
 22,  0 | TrAcc: 0.4367, TrLoss:  2.01465, VaAcc: 0.4157, VaLoss:  2.16161
 23,  0 | TrAcc: 0.4465, TrLoss:  1.98530, VaAcc: 0.4269, VaLoss:  2.14106
 24,  0 | TrAcc: 0.4440, TrLoss:  1.99055, VaAcc: 0.4296, VaLoss:  2.11165
 25,  0 | TrAcc: 0.4471, TrLoss:  1.97734, VaAcc: 0.4284, VaLoss:  2.14237
 26,  0 | TrAcc: 0.4495, TrLoss:  1.95931, VaAcc: 0.4335, VaLoss:  2.10610
 27,  0 | TrAcc: 0.4619, TrLoss:  1.92844, VaAcc: 0.4341, VaLoss:  2.11883
 28,  0 | TrAcc: 0.4578, TrLoss:  1.92519, VaAcc: 0.4320, VaLoss:  2.10663
 29,  0 | TrAcc: 0.4588, TrLoss:  1.91852, VaAcc: 0.4441, VaLoss:  2.08014
 30,  0 | TrAcc: 0.4667, TrLoss:  1.90145, VaAcc: 0.4356, VaLoss:  2.09684
 31,  0 | TrAcc: 0.4682, TrLoss:  1.88365, VaAcc: 0.4459, VaLoss:  2.07288
 32,  0 | TrAcc: 0.4719, TrLoss:  1.87299, VaAcc: 0.4420, VaLoss:  2.07448
 33,  0 | TrAcc: 0.4767, TrLoss:  1.85728, VaAcc: 0.4518, VaLoss:  2.06702
 34,  0 | TrAcc: 0.4774, TrLoss:  1.84877, VaAcc: 0.4562, VaLoss:  2.04864
 35,  0 | TrAcc: 0.4829, TrLoss:  1.84288, VaAcc: 0.4533, VaLoss:  2.04531
 36,  0 | TrAcc: 0.4805, TrLoss:  1.82788, VaAcc: 0.4574, VaLoss:  2.02911
 37,  0 | TrAcc: 0.4872, TrLoss:  1.81606, VaAcc: 0.4642, VaLoss:  2.01041
 38,  0 | TrAcc: 0.4875, TrLoss:  1.80218, VaAcc: 0.4546, VaLoss:  2.04623
 39,  0 | TrAcc: 0.4885, TrLoss:  1.80487, VaAcc: 0.4617, VaLoss:  2.02691
 40,  0 | TrAcc: 0.4954, TrLoss:  1.78299, VaAcc: 0.4649, VaLoss:  2.02156
 41,  0 | TrAcc: 0.5014, TrLoss:  1.77146, VaAcc: 0.4646, VaLoss:  2.01265
 42,  0 | TrAcc: 0.5005, TrLoss:  1.76178, VaAcc: 0.4733, VaLoss:  1.99132
 43,  0 | TrAcc: 0.5027, TrLoss:  1.74945, VaAcc: 0.4755, VaLoss:  2.00034
 44,  0 | TrAcc: 0.5023, TrLoss:  1.75207, VaAcc: 0.4649, VaLoss:  2.00952
 45,  0 | TrAcc: 0.5079, TrLoss:  1.73783, VaAcc: 0.4648, VaLoss:  2.00584
 46,  0 | TrAcc: 0.5085, TrLoss:  1.73525, VaAcc: 0.4667, VaLoss:  1.98942
 47,  0 | TrAcc: 0.5079, TrLoss:  1.72249, VaAcc: 0.4752, VaLoss:  1.98315
 48,  0 | TrAcc: 0.5126, TrLoss:  1.70967, VaAcc: 0.4702, VaLoss:  1.98321
 49,  0 | TrAcc: 0.5113, TrLoss:  1.70320, VaAcc: 0.4702, VaLoss:  1.99469
 50,  0 | TrAcc: 0.5140, TrLoss:  1.69421, VaAcc: 0.4685, VaLoss:  1.98240
 51,  0 | TrAcc: 0.5198, TrLoss:  1.68573, VaAcc: 0.4801, VaLoss:  1.97220
 52,  0 | TrAcc: 0.5245, TrLoss:  1.67464, VaAcc: 0.4674, VaLoss:  1.99311
 53,  0 | TrAcc: 0.5267, TrLoss:  1.66108, VaAcc: 0.4732, VaLoss:  1.97263
 54,  0 | TrAcc: 0.5248, TrLoss:  1.65990, VaAcc: 0.4823, VaLoss:  1.96002
 55,  0 | TrAcc: 0.5281, TrLoss:  1.65602, VaAcc: 0.4794, VaLoss:  1.96697
 56,  0 | TrAcc: 0.5342, TrLoss:  1.63249, VaAcc: 0.4777, VaLoss:  1.96233
 57,  0 | TrAcc: 0.5297, TrLoss:  1.64630, VaAcc: 0.4773, VaLoss:  1.97354
 58,  0 | TrAcc: 0.5343, TrLoss:  1.62680, VaAcc: 0.4833, VaLoss:  1.95669
 59,  0 | TrAcc: 0.5330, TrLoss:  1.62769, VaAcc: 0.4688, VaLoss:  1.97238
 60,  0 | TrAcc: 0.5350, TrLoss:  1.61801, VaAcc: 0.4826, VaLoss:  1.93670
 61,  0 | TrAcc: 0.5364, TrLoss:  1.60480, VaAcc: 0.4765, VaLoss:  1.95780
 62,  0 | TrAcc: 0.5303, TrLoss:  1.62441, VaAcc: 0.4860, VaLoss:  1.94965
 63,  0 | TrAcc: 0.5422, TrLoss:  1.59323, VaAcc: 0.4791, VaLoss:  1.96344
 64,  0 | TrAcc: 0.5473, TrLoss:  1.57643, VaAcc: 0.4851, VaLoss:  1.94198
 65,  0 | TrAcc: 0.5432, TrLoss:  1.59019, VaAcc: 0.4866, VaLoss:  1.93736
 66,  0 | TrAcc: 0.5491, TrLoss:  1.56939, VaAcc: 0.4818, VaLoss:  1.93301
 67,  0 | TrAcc: 0.5441, TrLoss:  1.56351, VaAcc: 0.4752, VaLoss:  1.94770
 68,  0 | TrAcc: 0.5502, TrLoss:  1.55780, VaAcc: 0.4932, VaLoss:  1.91987
 69,  0 | TrAcc: 0.5533, TrLoss:  1.54445, VaAcc: 0.4864, VaLoss:  1.91880
 70,  0 | TrAcc: 0.5519, TrLoss:  1.54551, VaAcc: 0.4938, VaLoss:  1.93659
 71,  0 | TrAcc: 0.5545, TrLoss:  1.53823, VaAcc: 0.4827, VaLoss:  1.94474
 72,  0 | TrAcc: 0.5565, TrLoss:  1.53191, VaAcc: 0.4920, VaLoss:  1.92153
 73,  0 | TrAcc: 0.5613, TrLoss:  1.52192, VaAcc: 0.4924, VaLoss:  1.93745
 74,  0 | TrAcc: 0.5593, TrLoss:  1.52283, VaAcc: 0.4903, VaLoss:  1.92151
 75,  0 | TrAcc: 0.5602, TrLoss:  1.52669, VaAcc: 0.4816, VaLoss:  1.94484
 76,  0 | TrAcc: 0.5621, TrLoss:  1.50900, VaAcc: 0.4955, VaLoss:  1.90492
 77,  0 | TrAcc: 0.5645, TrLoss:  1.50283, VaAcc: 0.4836, VaLoss:  1.92253
 78,  0 | TrAcc: 0.5649, TrLoss:  1.50602, VaAcc: 0.5026, VaLoss:  1.89876
 79,  0 | TrAcc: 0.5659, TrLoss:  1.49925, VaAcc: 0.4934, VaLoss:  1.92881
 80,  0 | TrAcc: 0.5667, TrLoss:  1.48858, VaAcc: 0.4958, VaLoss:  1.90145
 81,  0 | TrAcc: 0.5702, TrLoss:  1.49054, VaAcc: 0.4886, VaLoss:  1.92869
 82,  0 | TrAcc: 0.5732, TrLoss:  1.47734, VaAcc: 0.4874, VaLoss:  1.90692
 83,  0 | TrAcc: 0.5690, TrLoss:  1.47443, VaAcc: 0.4875, VaLoss:  1.91079
 84,  0 | TrAcc: 0.5690, TrLoss:  1.47800, VaAcc: 0.4785, VaLoss:  1.94815
 85,  0 | TrAcc: 0.5689, TrLoss:  1.47679, VaAcc: 0.4939, VaLoss:  1.90860
 86,  0 | TrAcc: 0.5746, TrLoss:  1.46093, VaAcc: 0.4884, VaLoss:  1.91083
 87,  0 | TrAcc: 0.5772, TrLoss:  1.44580, VaAcc: 0.4936, VaLoss:  1.91216
 88,  0 | TrAcc: 0.5728, TrLoss:  1.45133, VaAcc: 0.4941, VaLoss:  1.91014
 89,  0 | TrAcc: 0.5771, TrLoss:  1.44867, VaAcc: 0.4898, VaLoss:  1.92094
 90,  0 | TrAcc: 0.5778, TrLoss:  1.44863, VaAcc: 0.4948, VaLoss:  1.89968
 91,  0 | TrAcc: 0.5789, TrLoss:  1.44101, VaAcc: 0.4862, VaLoss:  1.91608
 92,  0 | TrAcc: 0.5834, TrLoss:  1.42077, VaAcc: 0.4881, VaLoss:  1.91814
 93,  0 | TrAcc: 0.5846, TrLoss:  1.42016, VaAcc: 0.4871, VaLoss:  1.92043
 94,  0 | TrAcc: 0.5822, TrLoss:  1.42753, VaAcc: 0.4939, VaLoss:  1.90208
 95,  0 | TrAcc: 0.5921, TrLoss:  1.39746, VaAcc: 0.4921, VaLoss:  1.90949
 96,  0 | TrAcc: 0.5819, TrLoss:  1.41628, VaAcc: 0.4982, VaLoss:  1.88852
 97,  0 | TrAcc: 0.5889, TrLoss:  1.40713, VaAcc: 0.5020, VaLoss:  1.88787
 98,  0 | TrAcc: 0.5890, TrLoss:  1.40222, VaAcc: 0.4969, VaLoss:  1.90074
 99,  0 | TrAcc: 0.5894, TrLoss:  1.39321, VaAcc: 0.4892, VaLoss:  1.91476
100,  0 | TrAcc: 0.5905, TrLoss:  1.39613, VaAcc: 0.4926, VaLoss:  1.90282
101,  0 | TrAcc: 0.5932, TrLoss:  1.39321, VaAcc: 0.4924, VaLoss:  1.90327
102,  0 | TrAcc: 0.5953, TrLoss:  1.38530, VaAcc: 0.4962, VaLoss:  1.88680
103,  0 | TrAcc: 0.5935, TrLoss:  1.38835, VaAcc: 0.5002, VaLoss:  1.89442
104,  0 | TrAcc: 0.5998, TrLoss:  1.36560, VaAcc: 0.4986, VaLoss:  1.89512
105,  0 | TrAcc: 0.6011, TrLoss:  1.37451, VaAcc: 0.4909, VaLoss:  1.90722
106,  0 | TrAcc: 0.5979, TrLoss:  1.35848, VaAcc: 0.5019, VaLoss:  1.88272
107,  0 | TrAcc: 0.5996, TrLoss:  1.37344, VaAcc: 0.4946, VaLoss:  1.90932
108,  0 | TrAcc: 0.6023, TrLoss:  1.35590, VaAcc: 0.4995, VaLoss:  1.89705
109,  0 | TrAcc: 0.5988, TrLoss:  1.35723, VaAcc: 0.5029, VaLoss:  1.89650
110,  0 | TrAcc: 0.6038, TrLoss:  1.35331, VaAcc: 0.5028, VaLoss:  1.89313
111,  0 | TrAcc: 0.6033, TrLoss:  1.34951, VaAcc: 0.5037, VaLoss:  1.89312
112,  0 | TrAcc: 0.6058, TrLoss:  1.34296, VaAcc: 0.4920, VaLoss:  1.92002
113,  0 | TrAcc: 0.6138, TrLoss:  1.32558, VaAcc: 0.5064, VaLoss:  1.87444
114,  0 | TrAcc: 0.6062, TrLoss:  1.33361, VaAcc: 0.4987, VaLoss:  1.90607
115,  0 | TrAcc: 0.6068, TrLoss:  1.33705, VaAcc: 0.4957, VaLoss:  1.89481
116,  0 | TrAcc: 0.6052, TrLoss:  1.33538, VaAcc: 0.4941, VaLoss:  1.89931
117,  0 | TrAcc: 0.6129, TrLoss:  1.31430, VaAcc: 0.4959, VaLoss:  1.88545
118,  0 | TrAcc: 0.6118, TrLoss:  1.32631, VaAcc: 0.5062, VaLoss:  1.87930
119,  0 | TrAcc: 0.6159, TrLoss:  1.31337, VaAcc: 0.4961, VaLoss:  1.89459
120,  0 | TrAcc: 0.6105, TrLoss:  1.31887, VaAcc: 0.4940, VaLoss:  1.89494
121,  0 | TrAcc: 0.6153, TrLoss:  1.30542, VaAcc: 0.5058, VaLoss:  1.87577
122,  0 | TrAcc: 0.6164, TrLoss:  1.30530, VaAcc: 0.5072, VaLoss:  1.88144
123,  0 | TrAcc: 0.6164, TrLoss:  1.30310, VaAcc: 0.5051, VaLoss:  1.88275
124,  0 | TrAcc: 0.6216, TrLoss:  1.28715, VaAcc: 0.4934, VaLoss:  1.91327
125,  0 | TrAcc: 0.6179, TrLoss:  1.29508, VaAcc: 0.4992, VaLoss:  1.88915
126,  0 | TrAcc: 0.6169, TrLoss:  1.29207, VaAcc: 0.4981, VaLoss:  1.90106
127,  0 | TrAcc: 0.6235, TrLoss:  1.28277, VaAcc: 0.4941, VaLoss:  1.89413
128,  0 | TrAcc: 0.6256, TrLoss:  1.27479, VaAcc: 0.4993, VaLoss:  1.89015
129,  0 | TrAcc: 0.6195, TrLoss:  1.28276, VaAcc: 0.5017, VaLoss:  1.88105
130,  0 | TrAcc: 0.6243, TrLoss:  1.27123, VaAcc: 0.5066, VaLoss:  1.88216
131,  0 | TrAcc: 0.6222, TrLoss:  1.27416, VaAcc: 0.5068, VaLoss:  1.88306
132,  0 | TrAcc: 0.6296, TrLoss:  1.25021, VaAcc: 0.4956, VaLoss:  1.89718
133,  0 | TrAcc: 0.6268, TrLoss:  1.26153, VaAcc: 0.4965, VaLoss:  1.90548
134,  0 | TrAcc: 0.6234, TrLoss:  1.26896, VaAcc: 0.5027, VaLoss:  1.89035
135,  0 | TrAcc: 0.6222, TrLoss:  1.26749, VaAcc: 0.5020, VaLoss:  1.88855
136,  0 | TrAcc: 0.6270, TrLoss:  1.25517, VaAcc: 0.4997, VaLoss:  1.88612
137,  0 | TrAcc: 0.6290, TrLoss:  1.25130, VaAcc: 0.4902, VaLoss:  1.89753
138,  0 | TrAcc: 0.6323, TrLoss:  1.24940, VaAcc: 0.4983, VaLoss:  1.89273
139,  0 | TrAcc: 0.6268, TrLoss:  1.24777, VaAcc: 0.5019, VaLoss:  1.90056
140,  0 | TrAcc: 0.6293, TrLoss:  1.24449, VaAcc: 0.4947, VaLoss:  1.88862
141,  0 | TrAcc: 0.6255, TrLoss:  1.25169, VaAcc: 0.4988, VaLoss:  1.89988
142,  0 | TrAcc: 0.6307, TrLoss:  1.23821, VaAcc: 0.4945, VaLoss:  1.89437
143,  0 | TrAcc: 0.6341, TrLoss:  1.23070, VaAcc: 0.5100, VaLoss:  1.87851
144,  0 | TrAcc: 0.6324, TrLoss:  1.23124, VaAcc: 0.5051, VaLoss:  1.87601
145,  0 | TrAcc: 0.6337, TrLoss:  1.22765, VaAcc: 0.5118, VaLoss:  1.87076
146,  0 | TrAcc: 0.6336, TrLoss:  1.22281, VaAcc: 0.5031, VaLoss:  1.88530
147,  0 | TrAcc: 0.6391, TrLoss:  1.21977, VaAcc: 0.4961, VaLoss:  1.88845
148,  0 | TrAcc: 0.6366, TrLoss:  1.22229, VaAcc: 0.4954, VaLoss:  1.90789
149,  0 | TrAcc: 0.6413, TrLoss:  1.20924, VaAcc: 0.4972, VaLoss:  1.89551
150,  0 | TrAcc: 0.6373, TrLoss:  1.22439, VaAcc: 0.4996, VaLoss:  1.89938
151,  0 | TrAcc: 0.6382, TrLoss:  1.20843, VaAcc: 0.5086, VaLoss:  1.88360
152,  0 | TrAcc: 0.6471, TrLoss:  1.19872, VaAcc: 0.5065, VaLoss:  1.88375
153,  0 | TrAcc: 0.6413, TrLoss:  1.20447, VaAcc: 0.5037, VaLoss:  1.88789
154,  0 | TrAcc: 0.6446, TrLoss:  1.19855, VaAcc: 0.5058, VaLoss:  1.87939
155,  0 | TrAcc: 0.6416, TrLoss:  1.20531, VaAcc: 0.4956, VaLoss:  1.90924
156,  0 | TrAcc: 0.6445, TrLoss:  1.18943, VaAcc: 0.5088, VaLoss:  1.88534
157,  0 | TrAcc: 0.6475, TrLoss:  1.19233, VaAcc: 0.5022, VaLoss:  1.89921
158,  0 | TrAcc: 0.6486, TrLoss:  1.18285, VaAcc: 0.5168, VaLoss:  1.87617
159,  0 | TrAcc: 0.6435, TrLoss:  1.19201, VaAcc: 0.5038, VaLoss:  1.89051
160,  0 | TrAcc: 0.6467, TrLoss:  1.18220, VaAcc: 0.4971, VaLoss:  1.90346
161,  0 | TrAcc: 0.6516, TrLoss:  1.16855, VaAcc: 0.5023, VaLoss:  1.89924
162,  0 | TrAcc: 0.6455, TrLoss:  1.18124, VaAcc: 0.5133, VaLoss:  1.89137
163,  0 | TrAcc: 0.6485, TrLoss:  1.17595, VaAcc: 0.5031, VaLoss:  1.90458
164,  0 | TrAcc: 0.6535, TrLoss:  1.16672, VaAcc: 0.5042, VaLoss:  1.89292
165,  0 | TrAcc: 0.6494, TrLoss:  1.17703, VaAcc: 0.5138, VaLoss:  1.88777
166,  0 | TrAcc: 0.6527, TrLoss:  1.15874, VaAcc: 0.5023, VaLoss:  1.90470
167,  0 | TrAcc: 0.6532, TrLoss:  1.16261, VaAcc: 0.4956, VaLoss:  1.91339
168,  0 | TrAcc: 0.6532, TrLoss:  1.16248, VaAcc: 0.4927, VaLoss:  1.90513
169,  0 | TrAcc: 0.6552, TrLoss:  1.15474, VaAcc: 0.4966, VaLoss:  1.89826
170,  0 | TrAcc: 0.6570, TrLoss:  1.14944, VaAcc: 0.5060, VaLoss:  1.89848
171,  0 | TrAcc: 0.6610, TrLoss:  1.14199, VaAcc: 0.5158, VaLoss:  1.87758
172,  0 | TrAcc: 0.6581, TrLoss:  1.14635, VaAcc: 0.5056, VaLoss:  1.88162
173,  0 | TrAcc: 0.6591, TrLoss:  1.13859, VaAcc: 0.5028, VaLoss:  1.90782
174,  0 | TrAcc: 0.6613, TrLoss:  1.13674, VaAcc: 0.5032, VaLoss:  1.90365
175,  0 | TrAcc: 0.6640, TrLoss:  1.13643, VaAcc: 0.5068, VaLoss:  1.88355
176,  0 | TrAcc: 0.6622, TrLoss:  1.14366, VaAcc: 0.5048, VaLoss:  1.89763
177,  0 | TrAcc: 0.6645, TrLoss:  1.13394, VaAcc: 0.5076, VaLoss:  1.87225
178,  0 | TrAcc: 0.6547, TrLoss:  1.15191, VaAcc: 0.5019, VaLoss:  1.90378
179,  0 | TrAcc: 0.6640, TrLoss:  1.12769, VaAcc: 0.5055, VaLoss:  1.88089
180,  0 | TrAcc: 0.6633, TrLoss:  1.13585, VaAcc: 0.5075, VaLoss:  1.88843
181,  0 | TrAcc: 0.6632, TrLoss:  1.12497, VaAcc: 0.5027, VaLoss:  1.88442
182,  0 | TrAcc: 0.6622, TrLoss:  1.12579, VaAcc: 0.5092, VaLoss:  1.87935
183,  0 | TrAcc: 0.6634, TrLoss:  1.12958, VaAcc: 0.5011, VaLoss:  1.90952
184,  0 | TrAcc: 0.6659, TrLoss:  1.11624, VaAcc: 0.5071, VaLoss:  1.89270
185,  0 | TrAcc: 0.6663, TrLoss:  1.11694, VaAcc: 0.4946, VaLoss:  1.91510
186,  0 | TrAcc: 0.6685, TrLoss:  1.11848, VaAcc: 0.5071, VaLoss:  1.90054
187,  0 | TrAcc: 0.6686, TrLoss:  1.11147, VaAcc: 0.4956, VaLoss:  1.91573
188,  0 | TrAcc: 0.6708, TrLoss:  1.10097, VaAcc: 0.5067, VaLoss:  1.89125
189,  0 | TrAcc: 0.6717, TrLoss:  1.10113, VaAcc: 0.5043, VaLoss:  1.90465
190,  0 | TrAcc: 0.6693, TrLoss:  1.10861, VaAcc: 0.4968, VaLoss:  1.91672
191,  0 | TrAcc: 0.6723, TrLoss:  1.09741, VaAcc: 0.4973, VaLoss:  1.92299
192,  0 | TrAcc: 0.6721, TrLoss:  1.10246, VaAcc: 0.5148, VaLoss:  1.90065
193,  0 | TrAcc: 0.6704, TrLoss:  1.10166, VaAcc: 0.5083, VaLoss:  1.88819
194,  0 | TrAcc: 0.6733, TrLoss:  1.08956, VaAcc: 0.5096, VaLoss:  1.88619
195,  0 | TrAcc: 0.6767, TrLoss:  1.08283, VaAcc: 0.5087, VaLoss:  1.88226
196,  0 | TrAcc: 0.6723, TrLoss:  1.09523, VaAcc: 0.4962, VaLoss:  1.92462
197,  0 | TrAcc: 0.6769, TrLoss:  1.07966, VaAcc: 0.5028, VaLoss:  1.88838
198,  0 | TrAcc: 0.6747, TrLoss:  1.07902, VaAcc: 0.5067, VaLoss:  1.90581
199,  0 | TrAcc: 0.6758, TrLoss:  1.07697, VaAcc: 0.5054, VaLoss:  1.91159
200,  0 | TrAcc: 0.6801, TrLoss:  1.07346, VaAcc: 0.4985, VaLoss:  1.91094
201,  0 | TrAcc: 0.6805, TrLoss:  1.06998, VaAcc: 0.5006, VaLoss:  1.88981
202,  0 | TrAcc: 0.6827, TrLoss:  1.06687, VaAcc: 0.5171, VaLoss:  1.88742
203,  0 | TrAcc: 0.6793, TrLoss:  1.06814, VaAcc: 0.4969, VaLoss:  1.92381
204,  0 | TrAcc: 0.6801, TrLoss:  1.06919, VaAcc: 0.4992, VaLoss:  1.92056
205,  0 | TrAcc: 0.6802, TrLoss:  1.06875, VaAcc: 0.5106, VaLoss:  1.89790
206,  0 | TrAcc: 0.6802, TrLoss:  1.06210, VaAcc: 0.5083, VaLoss:  1.91440
207,  0 | TrAcc: 0.6868, TrLoss:  1.04398, VaAcc: 0.4939, VaLoss:  1.92309
208,  0 | TrAcc: 0.6835, TrLoss:  1.05951, VaAcc: 0.5085, VaLoss:  1.89998
209,  0 | TrAcc: 0.6792, TrLoss:  1.06504, VaAcc: 0.5029, VaLoss:  1.91253
210,  0 | TrAcc: 0.6843, TrLoss:  1.05196, VaAcc: 0.5020, VaLoss:  1.90645
211,  0 | TrAcc: 0.6866, TrLoss:  1.05164, VaAcc: 0.5014, VaLoss:  1.92517
212,  0 | TrAcc: 0.6857, TrLoss:  1.05286, VaAcc: 0.5075, VaLoss:  1.88876
213,  0 | TrAcc: 0.6870, TrLoss:  1.05650, VaAcc: 0.4957, VaLoss:  1.93696
214,  0 | TrAcc: 0.6854, TrLoss:  1.05296, VaAcc: 0.5016, VaLoss:  1.91452
215,  0 | TrAcc: 0.6815, TrLoss:  1.05418, VaAcc: 0.5027, VaLoss:  1.91059
216,  0 | TrAcc: 0.6864, TrLoss:  1.04691, VaAcc: 0.5029, VaLoss:  1.90507
217,  0 | TrAcc: 0.6922, TrLoss:  1.02952, VaAcc: 0.5007, VaLoss:  1.90966
218,  0 | TrAcc: 0.6926, TrLoss:  1.02026, VaAcc: 0.5045, VaLoss:  1.91068
219,  0 | TrAcc: 0.6876, TrLoss:  1.04068, VaAcc: 0.4958, VaLoss:  1.91773
220,  0 | TrAcc: 0.6909, TrLoss:  1.02647, VaAcc: 0.5013, VaLoss:  1.92323
221,  0 | TrAcc: 0.6916, TrLoss:  1.03099, VaAcc: 0.5034, VaLoss:  1.90999
222,  0 | TrAcc: 0.6917, TrLoss:  1.03138, VaAcc: 0.5074, VaLoss:  1.91195
223,  0 | TrAcc: 0.6951, TrLoss:  1.01833, VaAcc: 0.5047, VaLoss:  1.91705
224,  0 | TrAcc: 0.6897, TrLoss:  1.01697, VaAcc: 0.4928, VaLoss:  1.93404
225,  0 | TrAcc: 0.6941, TrLoss:  1.02667, VaAcc: 0.5094, VaLoss:  1.89947
226,  0 | TrAcc: 0.6969, TrLoss:  1.01300, VaAcc: 0.5113, VaLoss:  1.89614
227,  0 | TrAcc: 0.6981, TrLoss:  1.00658, VaAcc: 0.5034, VaLoss:  1.90073
228,  0 | TrAcc: 0.6991, TrLoss:  1.00514, VaAcc: 0.4985, VaLoss:  1.90640
229,  0 | TrAcc: 0.6983, TrLoss:  1.00992, VaAcc: 0.4953, VaLoss:  1.93051
230,  0 | TrAcc: 0.7011, TrLoss:  0.99919, VaAcc: 0.4954, VaLoss:  1.91381
231,  0 | TrAcc: 0.7004, TrLoss:  1.00644, VaAcc: 0.4986, VaLoss:  1.92670
232,  0 | TrAcc: 0.7037, TrLoss:  0.99801, VaAcc: 0.5059, VaLoss:  1.91588
233,  0 | TrAcc: 0.7011, TrLoss:  0.99822, VaAcc: 0.5157, VaLoss:  1.89684
234,  0 | TrAcc: 0.7044, TrLoss:  0.98789, VaAcc: 0.4973, VaLoss:  1.92675
235,  0 | TrAcc: 0.7013, TrLoss:  1.00029, VaAcc: 0.5005, VaLoss:  1.91904
236,  0 | TrAcc: 0.6966, TrLoss:  1.00449, VaAcc: 0.5039, VaLoss:  1.91956
237,  0 | TrAcc: 0.7030, TrLoss:  0.99640, VaAcc: 0.5072, VaLoss:  1.90096
238,  0 | TrAcc: 0.7034, TrLoss:  0.98751, VaAcc: 0.5036, VaLoss:  1.90791
239,  0 | TrAcc: 0.7056, TrLoss:  0.98547, VaAcc: 0.5080, VaLoss:  1.91080
240,  0 | TrAcc: 0.7073, TrLoss:  0.98241, VaAcc: 0.4942, VaLoss:  1.93055
241,  0 | TrAcc: 0.7107, TrLoss:  0.96554, VaAcc: 0.5037, VaLoss:  1.92939
242,  0 | TrAcc: 0.7049, TrLoss:  0.98167, VaAcc: 0.4982, VaLoss:  1.94098
243,  0 | TrAcc: 0.7046, TrLoss:  0.98582, VaAcc: 0.5065, VaLoss:  1.91878
244,  0 | TrAcc: 0.7117, TrLoss:  0.97125, VaAcc: 0.5012, VaLoss:  1.92053
245,  0 | TrAcc: 0.7109, TrLoss:  0.97432, VaAcc: 0.4941, VaLoss:  1.94120
246,  0 | TrAcc: 0.7036, TrLoss:  0.98734, VaAcc: 0.5020, VaLoss:  1.91120
247,  0 | TrAcc: 0.7095, TrLoss:  0.96860, VaAcc: 0.4989, VaLoss:  1.91322
248,  0 | TrAcc: 0.7097, TrLoss:  0.97651, VaAcc: 0.4982, VaLoss:  1.93868
249,  0 | TrAcc: 0.7136, TrLoss:  0.96146, VaAcc: 0.5042, VaLoss:  1.93104
250,  0 | TrAcc: 0.7153, TrLoss:  0.96155, VaAcc: 0.5021, VaLoss:  1.92546
251,  0 | TrAcc: 0.7086, TrLoss:  0.96788, VaAcc: 0.4933, VaLoss:  1.94307
252,  0 | TrAcc: 0.7131, TrLoss:  0.96443, VaAcc: 0.5078, VaLoss:  1.91667
253,  0 | TrAcc: 0.7128, TrLoss:  0.96189, VaAcc: 0.4994, VaLoss:  1.92644
254,  0 | TrAcc: 0.7158, TrLoss:  0.95535, VaAcc: 0.5014, VaLoss:  1.93110
255,  0 | TrAcc: 0.7137, TrLoss:  0.95736, VaAcc: 0.5027, VaLoss:  1.91431
256,  0 | TrAcc: 0.7184, TrLoss:  0.94568, VaAcc: 0.5044, VaLoss:  1.92551
257,  0 | TrAcc: 0.7138, TrLoss:  0.95608, VaAcc: 0.5055, VaLoss:  1.92615
258,  0 | TrAcc: 0.7149, TrLoss:  0.95218, VaAcc: 0.4962, VaLoss:  1.93920
259,  0 | TrAcc: 0.7197, TrLoss:  0.94598, VaAcc: 0.5014, VaLoss:  1.92586
260,  0 | TrAcc: 0.7235, TrLoss:  0.93180, VaAcc: 0.5029, VaLoss:  1.93544
261,  0 | TrAcc: 0.7164, TrLoss:  0.94268, VaAcc: 0.5048, VaLoss:  1.92591
262,  0 | TrAcc: 0.7172, TrLoss:  0.94046, VaAcc: 0.5048, VaLoss:  1.91494
263,  0 | TrAcc: 0.7204, TrLoss:  0.94272, VaAcc: 0.5040, VaLoss:  1.91733
264,  0 | TrAcc: 0.7203, TrLoss:  0.94046, VaAcc: 0.5020, VaLoss:  1.92118
265,  0 | TrAcc: 0.7209, TrLoss:  0.93858, VaAcc: 0.5064, VaLoss:  1.91417
266,  0 | TrAcc: 0.7236, TrLoss:  0.92266, VaAcc: 0.4976, VaLoss:  1.93164
267,  0 | TrAcc: 0.7205, TrLoss:  0.93622, VaAcc: 0.4912, VaLoss:  1.96098
268,  0 | TrAcc: 0.7237, TrLoss:  0.93299, VaAcc: 0.4947, VaLoss:  1.94040
269,  0 | TrAcc: 0.7212, TrLoss:  0.93542, VaAcc: 0.4976, VaLoss:  1.94808
270,  0 | TrAcc: 0.7196, TrLoss:  0.92822, VaAcc: 0.4949, VaLoss:  1.95785
271,  0 | TrAcc: 0.7225, TrLoss:  0.92652, VaAcc: 0.4978, VaLoss:  1.95048
272,  0 | TrAcc: 0.7234, TrLoss:  0.92181, VaAcc: 0.4936, VaLoss:  1.94029
273,  0 | TrAcc: 0.7291, TrLoss:  0.90770, VaAcc: 0.4949, VaLoss:  1.93558
274,  0 | TrAcc: 0.7232, TrLoss:  0.91892, VaAcc: 0.5026, VaLoss:  1.94175
275,  0 | TrAcc: 0.7243, TrLoss:  0.91846, VaAcc: 0.4998, VaLoss:  1.91723
276,  0 | TrAcc: 0.7287, TrLoss:  0.90598, VaAcc: 0.5058, VaLoss:  1.92911
277,  0 | TrAcc: 0.7334, TrLoss:  0.90943, VaAcc: 0.4965, VaLoss:  1.93774
278,  0 | TrAcc: 0.7324, TrLoss:  0.90526, VaAcc: 0.4937, VaLoss:  1.95733
279,  0 | TrAcc: 0.7254, TrLoss:  0.91289, VaAcc: 0.4994, VaLoss:  1.93131
280,  0 | TrAcc: 0.7306, TrLoss:  0.90324, VaAcc: 0.4954, VaLoss:  1.95186
281,  0 | TrAcc: 0.7291, TrLoss:  0.90403, VaAcc: 0.5012, VaLoss:  1.93865
282,  0 | TrAcc: 0.7290, TrLoss:  0.90685, VaAcc: 0.4894, VaLoss:  1.96967
283,  0 | TrAcc: 0.7311, TrLoss:  0.90260, VaAcc: 0.4903, VaLoss:  1.95375
284,  0 | TrAcc: 0.7383, TrLoss:  0.88641, VaAcc: 0.4896, VaLoss:  1.96020
285,  0 | TrAcc: 0.7349, TrLoss:  0.89311, VaAcc: 0.4928, VaLoss:  1.93598
286,  0 | TrAcc: 0.7351, TrLoss:  0.89429, VaAcc: 0.4966, VaLoss:  1.94342
287,  0 | TrAcc: 0.7387, TrLoss:  0.88580, VaAcc: 0.4873, VaLoss:  1.95698
288,  0 | TrAcc: 0.7317, TrLoss:  0.89315, VaAcc: 0.4963, VaLoss:  1.94917
289,  0 | TrAcc: 0.7370, TrLoss:  0.88703, VaAcc: 0.4958, VaLoss:  1.95752
290,  0 | TrAcc: 0.7333, TrLoss:  0.89357, VaAcc: 0.5041, VaLoss:  1.92929
291,  0 | TrAcc: 0.7354, TrLoss:  0.88511, VaAcc: 0.4944, VaLoss:  1.94966
292,  0 | TrAcc: 0.7367, TrLoss:  0.89123, VaAcc: 0.5003, VaLoss:  1.94250
293,  0 | TrAcc: 0.7416, TrLoss:  0.87802, VaAcc: 0.4976, VaLoss:  1.95998
294,  0 | TrAcc: 0.7426, TrLoss:  0.86669, VaAcc: 0.4902, VaLoss:  1.97062
295,  0 | TrAcc: 0.7377, TrLoss:  0.88073, VaAcc: 0.4923, VaLoss:  1.95901
296,  0 | TrAcc: 0.7365, TrLoss:  0.88815, VaAcc: 0.4904, VaLoss:  1.96314
297,  0 | TrAcc: 0.7410, TrLoss:  0.86934, VaAcc: 0.4989, VaLoss:  1.94521
298,  0 | TrAcc: 0.7392, TrLoss:  0.87400, VaAcc: 0.4876, VaLoss:  1.96872
299,  0 | TrAcc: 0.7409, TrLoss:  0.87147, VaAcc: 0.5017, VaLoss:  1.96827
300,  0 | TrAcc: 0.7431, TrLoss:  0.87163, VaAcc: 0.4887, VaLoss:  1.97266
301,  0 | TrAcc: 0.7422, TrLoss:  0.86216, VaAcc: 0.4955, VaLoss:  1.94961
302,  0 | TrAcc: 0.7409, TrLoss:  0.87219, VaAcc: 0.4905, VaLoss:  1.97424
303,  0 | TrAcc: 0.7379, TrLoss:  0.87834, VaAcc: 0.5001, VaLoss:  1.95125
304,  0 | TrAcc: 0.7416, TrLoss:  0.86511, VaAcc: 0.4902, VaLoss:  1.96950
305,  0 | TrAcc: 0.7425, TrLoss:  0.86254, VaAcc: 0.4854, VaLoss:  1.96896
306,  0 | TrAcc: 0.7414, TrLoss:  0.86513, VaAcc: 0.4888, VaLoss:  1.95667
307,  0 | TrAcc: 0.7417, TrLoss:  0.86647, VaAcc: 0.4995, VaLoss:  1.94515
308,  0 | TrAcc: 0.7468, TrLoss:  0.85448, VaAcc: 0.4981, VaLoss:  1.96065
309,  0 | TrAcc: 0.7479, TrLoss:  0.85185, VaAcc: 0.5008, VaLoss:  1.94672
310,  0 | TrAcc: 0.7445, TrLoss:  0.86454, VaAcc: 0.5071, VaLoss:  1.94241
311,  0 | TrAcc: 0.7468, TrLoss:  0.84370, VaAcc: 0.4976, VaLoss:  1.95750
312,  0 | TrAcc: 0.7491, TrLoss:  0.84850, VaAcc: 0.4932, VaLoss:  1.95254
313,  0 | TrAcc: 0.7491, TrLoss:  0.83592, VaAcc: 0.4854, VaLoss:  1.97216
314,  0 | TrAcc: 0.7485, TrLoss:  0.84310, VaAcc: 0.4984, VaLoss:  1.96983
315,  0 | TrAcc: 0.7519, TrLoss:  0.83708, VaAcc: 0.5101, VaLoss:  1.93446
316,  0 | TrAcc: 0.7515, TrLoss:  0.83701, VaAcc: 0.4925, VaLoss:  1.97553
317,  0 | TrAcc: 0.7493, TrLoss:  0.83828, VaAcc: 0.4972, VaLoss:  1.96486
318,  0 | TrAcc: 0.7527, TrLoss:  0.83601, VaAcc: 0.4964, VaLoss:  1.95918
319,  0 | TrAcc: 0.7533, TrLoss:  0.83181, VaAcc: 0.4996, VaLoss:  1.96978
320,  0 | TrAcc: 0.7543, TrLoss:  0.82805, VaAcc: 0.4882, VaLoss:  1.98076
321,  0 | TrAcc: 0.7576, TrLoss:  0.82201, VaAcc: 0.4940, VaLoss:  1.97698
322,  0 | TrAcc: 0.7495, TrLoss:  0.83127, VaAcc: 0.4913, VaLoss:  1.98245
323,  0 | TrAcc: 0.7542, TrLoss:  0.82734, VaAcc: 0.4968, VaLoss:  1.96774
324,  0 | TrAcc: 0.7542, TrLoss:  0.83757, VaAcc: 0.4925, VaLoss:  1.95886
325,  0 | TrAcc: 0.7572, TrLoss:  0.81898, VaAcc: 0.5022, VaLoss:  1.94230
326,  0 | TrAcc: 0.7591, TrLoss:  0.82103, VaAcc: 0.5053, VaLoss:  1.96300
327,  0 | TrAcc: 0.7542, TrLoss:  0.82535, VaAcc: 0.4924, VaLoss:  1.97201
328,  0 | TrAcc: 0.7606, TrLoss:  0.81578, VaAcc: 0.4952, VaLoss:  1.98716
329,  0 | TrAcc: 0.7616, TrLoss:  0.81337, VaAcc: 0.4994, VaLoss:  1.96862
330,  0 | TrAcc: 0.7611, TrLoss:  0.80939, VaAcc: 0.4864, VaLoss:  1.99119
331,  0 | TrAcc: 0.7594, TrLoss:  0.80550, VaAcc: 0.4987, VaLoss:  1.97285
332,  0 | TrAcc: 0.7627, TrLoss:  0.80820, VaAcc: 0.4855, VaLoss:  1.98297
333,  0 | TrAcc: 0.7622, TrLoss:  0.80181, VaAcc: 0.4917, VaLoss:  1.98133
334,  0 | TrAcc: 0.7633, TrLoss:  0.79855, VaAcc: 0.4915, VaLoss:  1.98009
335,  0 | TrAcc: 0.7656, TrLoss:  0.80102, VaAcc: 0.4946, VaLoss:  1.97318
336,  0 | TrAcc: 0.7574, TrLoss:  0.81331, VaAcc: 0.4885, VaLoss:  1.99560
337,  0 | TrAcc: 0.7644, TrLoss:  0.79951, VaAcc: 0.4876, VaLoss:  1.98274
338,  0 | TrAcc: 0.7625, TrLoss:  0.80193, VaAcc: 0.4932, VaLoss:  1.97164
339,  0 | TrAcc: 0.7651, TrLoss:  0.79931, VaAcc: 0.4960, VaLoss:  1.97323
340,  0 | TrAcc: 0.7637, TrLoss:  0.79812, VaAcc: 0.4923, VaLoss:  1.96637
341,  0 | TrAcc: 0.7641, TrLoss:  0.80240, VaAcc: 0.4993, VaLoss:  1.98125
342,  0 | TrAcc: 0.7657, TrLoss:  0.79811, VaAcc: 0.4915, VaLoss:  1.98445
343,  0 | TrAcc: 0.7634, TrLoss:  0.79716, VaAcc: 0.4929, VaLoss:  1.96962
344,  0 | TrAcc: 0.7665, TrLoss:  0.78853, VaAcc: 0.4861, VaLoss:  2.00227
345,  0 | TrAcc: 0.7699, TrLoss:  0.77779, VaAcc: 0.4854, VaLoss:  1.98196
346,  0 | TrAcc: 0.7688, TrLoss:  0.79217, VaAcc: 0.4892, VaLoss:  2.00086
347,  0 | TrAcc: 0.7681, TrLoss:  0.78166, VaAcc: 0.4882, VaLoss:  2.00724
348,  0 | TrAcc: 0.7677, TrLoss:  0.78229, VaAcc: 0.4846, VaLoss:  1.99797
349,  0 | TrAcc: 0.7711, TrLoss:  0.77694, VaAcc: 0.4896, VaLoss:  1.98836
350,  0 | TrAcc: 0.7726, TrLoss:  0.77893, VaAcc: 0.4847, VaLoss:  2.01264
351,  0 | TrAcc: 0.7742, TrLoss:  0.77204, VaAcc: 0.4799, VaLoss:  2.01480
352,  0 | TrAcc: 0.7732, TrLoss:  0.76831, VaAcc: 0.4907, VaLoss:  1.98806
353,  0 | TrAcc: 0.7732, TrLoss:  0.77315, VaAcc: 0.4841, VaLoss:  2.01443
354,  0 | TrAcc: 0.7695, TrLoss:  0.78277, VaAcc: 0.4804, VaLoss:  2.00373
355,  0 | TrAcc: 0.7728, TrLoss:  0.76837, VaAcc: 0.4898, VaLoss:  2.00558
356,  0 | TrAcc: 0.7729, TrLoss:  0.76644, VaAcc: 0.4799, VaLoss:  2.01395
357,  0 | TrAcc: 0.7740, TrLoss:  0.76584, VaAcc: 0.4862, VaLoss:  2.00462
358,  0 | TrAcc: 0.7738, TrLoss:  0.77198, VaAcc: 0.4883, VaLoss:  1.99996
359,  0 | TrAcc: 0.7731, TrLoss:  0.76965, VaAcc: 0.4828, VaLoss:  2.00806
360,  0 | TrAcc: 0.7757, TrLoss:  0.76557, VaAcc: 0.4947, VaLoss:  1.97922
361,  0 | TrAcc: 0.7716, TrLoss:  0.76900, VaAcc: 0.4773, VaLoss:  2.02023
362,  0 | TrAcc: 0.7743, TrLoss:  0.76551, VaAcc: 0.4933, VaLoss:  1.97614
363,  0 | TrAcc: 0.7791, TrLoss:  0.75321, VaAcc: 0.4899, VaLoss:  1.98013
364,  0 | TrAcc: 0.7763, TrLoss:  0.76265, VaAcc: 0.5048, VaLoss:  1.95804
365,  0 | TrAcc: 0.7772, TrLoss:  0.76597, VaAcc: 0.4863, VaLoss:  2.01311
366,  0 | TrAcc: 0.7771, TrLoss:  0.76031, VaAcc: 0.4896, VaLoss:  2.00361
367,  0 | TrAcc: 0.7815, TrLoss:  0.75250, VaAcc: 0.4844, VaLoss:  1.98981
368,  0 | TrAcc: 0.7785, TrLoss:  0.75044, VaAcc: 0.4873, VaLoss:  2.01088
369,  0 | TrAcc: 0.7783, TrLoss:  0.75105, VaAcc: 0.4874, VaLoss:  2.01217
370,  0 | TrAcc: 0.7787, TrLoss:  0.75415, VaAcc: 0.4912, VaLoss:  1.99825
371,  0 | TrAcc: 0.7822, TrLoss:  0.74930, VaAcc: 0.4926, VaLoss:  2.00387
372,  0 | TrAcc: 0.7819, TrLoss:  0.74101, VaAcc: 0.4883, VaLoss:  1.99806
373,  0 | TrAcc: 0.7849, TrLoss:  0.73703, VaAcc: 0.4879, VaLoss:  2.01893
374,  0 | TrAcc: 0.7835, TrLoss:  0.74543, VaAcc: 0.4782, VaLoss:  2.02801
375,  0 | TrAcc: 0.7866, TrLoss:  0.73142, VaAcc: 0.4921, VaLoss:  2.01031
376,  0 | TrAcc: 0.7837, TrLoss:  0.73991, VaAcc: 0.4933, VaLoss:  2.00429
377,  0 | TrAcc: 0.7819, TrLoss:  0.74192, VaAcc: 0.4902, VaLoss:  2.00699
378,  0 | TrAcc: 0.7874, TrLoss:  0.73742, VaAcc: 0.4865, VaLoss:  2.00575
379,  0 | TrAcc: 0.7861, TrLoss:  0.73559, VaAcc: 0.4965, VaLoss:  2.00034
380,  0 | TrAcc: 0.7867, TrLoss:  0.72605, VaAcc: 0.4869, VaLoss:  2.02379
381,  0 | TrAcc: 0.7858, TrLoss:  0.73233, VaAcc: 0.4829, VaLoss:  2.00891
382,  0 | TrAcc: 0.7905, TrLoss:  0.72560, VaAcc: 0.4986, VaLoss:  1.98863
383,  0 | TrAcc: 0.7851, TrLoss:  0.73174, VaAcc: 0.4867, VaLoss:  2.00740
384,  0 | TrAcc: 0.7853, TrLoss:  0.72906, VaAcc: 0.4725, VaLoss:  2.03162
385,  0 | TrAcc: 0.7867, TrLoss:  0.72661, VaAcc: 0.4840, VaLoss:  2.02499
386,  0 | TrAcc: 0.7903, TrLoss:  0.72026, VaAcc: 0.4855, VaLoss:  2.01043
387,  0 | TrAcc: 0.7900, TrLoss:  0.71717, VaAcc: 0.4842, VaLoss:  2.00535
388,  0 | TrAcc: 0.7872, TrLoss:  0.72604, VaAcc: 0.4899, VaLoss:  2.02138
389,  0 | TrAcc: 0.7887, TrLoss:  0.71965, VaAcc: 0.4820, VaLoss:  2.02607
390,  0 | TrAcc: 0.7939, TrLoss:  0.70919, VaAcc: 0.4769, VaLoss:  2.03601
391,  0 | TrAcc: 0.7933, TrLoss:  0.71064, VaAcc: 0.4826, VaLoss:  2.01857
392,  0 | TrAcc: 0.7929, TrLoss:  0.71429, VaAcc: 0.4893, VaLoss:  2.02985
393,  0 | TrAcc: 0.7926, TrLoss:  0.71449, VaAcc: 0.4879, VaLoss:  2.00841
394,  0 | TrAcc: 0.7906, TrLoss:  0.71726, VaAcc: 0.4811, VaLoss:  2.01888
395,  0 | TrAcc: 0.7916, TrLoss:  0.71108, VaAcc: 0.4860, VaLoss:  2.01052
396,  0 | TrAcc: 0.7925, TrLoss:  0.71618, VaAcc: 0.4869, VaLoss:  2.02244
397,  0 | TrAcc: 0.7958, TrLoss:  0.70301, VaAcc: 0.4885, VaLoss:  2.01193
398,  0 | TrAcc: 0.7965, TrLoss:  0.70431, VaAcc: 0.4825, VaLoss:  2.01953
399,  0 | TrAcc: 0.7908, TrLoss:  0.72142, VaAcc: 0.4837, VaLoss:  2.03606
400,  0 | TrAcc: 0.7938, TrLoss:  0.70317, VaAcc: 0.4968, VaLoss:  2.00849
401,  0 | TrAcc: 0.7954, TrLoss:  0.70326, VaAcc: 0.4841, VaLoss:  2.01712
402,  0 | TrAcc: 0.7921, TrLoss:  0.70616, VaAcc: 0.4868, VaLoss:  2.03523
403,  0 | TrAcc: 0.7971, TrLoss:  0.69675, VaAcc: 0.4826, VaLoss:  2.02775
404,  0 | TrAcc: 0.8010, TrLoss:  0.68981, VaAcc: 0.4809, VaLoss:  2.04822
405,  0 | TrAcc: 0.7978, TrLoss:  0.70156, VaAcc: 0.4905, VaLoss:  2.00997
406,  0 | TrAcc: 0.8000, TrLoss:  0.68959, VaAcc: 0.4909, VaLoss:  2.02876
407,  0 | TrAcc: 0.8023, TrLoss:  0.68447, VaAcc: 0.4840, VaLoss:  2.03869
408,  0 | TrAcc: 0.7987, TrLoss:  0.68891, VaAcc: 0.4879, VaLoss:  2.03177
409,  0 | TrAcc: 0.8012, TrLoss:  0.69326, VaAcc: 0.4983, VaLoss:  2.01845
410,  0 | TrAcc: 0.8020, TrLoss:  0.68691, VaAcc: 0.4769, VaLoss:  2.04413
411,  0 | TrAcc: 0.8040, TrLoss:  0.68014, VaAcc: 0.4872, VaLoss:  2.02705
412,  0 | TrAcc: 0.8053, TrLoss:  0.67555, VaAcc: 0.4831, VaLoss:  2.04198
413,  0 | TrAcc: 0.8039, TrLoss:  0.67395, VaAcc: 0.4819, VaLoss:  2.01914
414,  0 | TrAcc: 0.8038, TrLoss:  0.67270, VaAcc: 0.4849, VaLoss:  2.04635
415,  0 | TrAcc: 0.8070, TrLoss:  0.67536, VaAcc: 0.4926, VaLoss:  2.03268
416,  0 | TrAcc: 0.8049, TrLoss:  0.67699, VaAcc: 0.4878, VaLoss:  2.02682
417,  0 | TrAcc: 0.8035, TrLoss:  0.68060, VaAcc: 0.4854, VaLoss:  2.04699
418,  0 | TrAcc: 0.8068, TrLoss:  0.66949, VaAcc: 0.4873, VaLoss:  2.03752
419,  0 | TrAcc: 0.8076, TrLoss:  0.66563, VaAcc: 0.4785, VaLoss:  2.04035
420,  0 | TrAcc: 0.8098, TrLoss:  0.66042, VaAcc: 0.4737, VaLoss:  2.03879
421,  0 | TrAcc: 0.8068, TrLoss:  0.67038, VaAcc: 0.4882, VaLoss:  2.01764
422,  0 | TrAcc: 0.8086, TrLoss:  0.66523, VaAcc: 0.4815, VaLoss:  2.04247
423,  0 | TrAcc: 0.8069, TrLoss:  0.66435, VaAcc: 0.4851, VaLoss:  2.02855
424,  0 | TrAcc: 0.8053, TrLoss:  0.66808, VaAcc: 0.4791, VaLoss:  2.03339
425,  0 | TrAcc: 0.8042, TrLoss:  0.66929, VaAcc: 0.4999, VaLoss:  2.02008
426,  0 | TrAcc: 0.8085, TrLoss:  0.66700, VaAcc: 0.4771, VaLoss:  2.03067
427,  0 | TrAcc: 0.8113, TrLoss:  0.66093, VaAcc: 0.4887, VaLoss:  2.04825
428,  0 | TrAcc: 0.8107, TrLoss:  0.65907, VaAcc: 0.4803, VaLoss:  2.03940
429,  0 | TrAcc: 0.8151, TrLoss:  0.64214, VaAcc: 0.4721, VaLoss:  2.07702
430,  0 | TrAcc: 0.8119, TrLoss:  0.65286, VaAcc: 0.4836, VaLoss:  2.03890
431,  0 | TrAcc: 0.8159, TrLoss:  0.64686, VaAcc: 0.4845, VaLoss:  2.04949
432,  0 | TrAcc: 0.8123, TrLoss:  0.64509, VaAcc: 0.4801, VaLoss:  2.05190
433,  0 | TrAcc: 0.8135, TrLoss:  0.64869, VaAcc: 0.4772, VaLoss:  2.06068
434,  0 | TrAcc: 0.8058, TrLoss:  0.65429, VaAcc: 0.4779, VaLoss:  2.05812
435,  0 | TrAcc: 0.8142, TrLoss:  0.63875, VaAcc: 0.4773, VaLoss:  2.06207
436,  0 | TrAcc: 0.8137, TrLoss:  0.64630, VaAcc: 0.4868, VaLoss:  2.03092
437,  0 | TrAcc: 0.8114, TrLoss:  0.65195, VaAcc: 0.4788, VaLoss:  2.04124
438,  0 | TrAcc: 0.8154, TrLoss:  0.64053, VaAcc: 0.4840, VaLoss:  2.05072
439,  0 | TrAcc: 0.8132, TrLoss:  0.64304, VaAcc: 0.4838, VaLoss:  2.05354
440,  0 | TrAcc: 0.8126, TrLoss:  0.64991, VaAcc: 0.4852, VaLoss:  2.04093
441,  0 | TrAcc: 0.8171, TrLoss:  0.64225, VaAcc: 0.4791, VaLoss:  2.05863
442,  0 | TrAcc: 0.8202, TrLoss:  0.62867, VaAcc: 0.4896, VaLoss:  2.03758
443,  0 | TrAcc: 0.8189, TrLoss:  0.63295, VaAcc: 0.4851, VaLoss:  2.05625
444,  0 | TrAcc: 0.8235, TrLoss:  0.62758, VaAcc: 0.4759, VaLoss:  2.05424
445,  0 | TrAcc: 0.8210, TrLoss:  0.62968, VaAcc: 0.4839, VaLoss:  2.03488
446,  0 | TrAcc: 0.8205, TrLoss:  0.63026, VaAcc: 0.4799, VaLoss:  2.04761
447,  0 | TrAcc: 0.8215, TrLoss:  0.62471, VaAcc: 0.4787, VaLoss:  2.06993
448,  0 | TrAcc: 0.8206, TrLoss:  0.62954, VaAcc: 0.4823, VaLoss:  2.05675
449,  0 | TrAcc: 0.8182, TrLoss:  0.63151, VaAcc: 0.4871, VaLoss:  2.05410
450,  0 | TrAcc: 0.8150, TrLoss:  0.63260, VaAcc: 0.4844, VaLoss:  2.04697
451,  0 | TrAcc: 0.8235, TrLoss:  0.62707, VaAcc: 0.4874, VaLoss:  2.03198
452,  0 | TrAcc: 0.8196, TrLoss:  0.62264, VaAcc: 0.4923, VaLoss:  2.03947
453,  0 | TrAcc: 0.8244, TrLoss:  0.61636, VaAcc: 0.4782, VaLoss:  2.06577
454,  0 | TrAcc: 0.8245, TrLoss:  0.61665, VaAcc: 0.4781, VaLoss:  2.05007
455,  0 | TrAcc: 0.8231, TrLoss:  0.61875, VaAcc: 0.4795, VaLoss:  2.06827
456,  0 | TrAcc: 0.8224, TrLoss:  0.62003, VaAcc: 0.4767, VaLoss:  2.05496
457,  0 | TrAcc: 0.8256, TrLoss:  0.61481, VaAcc: 0.4841, VaLoss:  2.06172
458,  0 | TrAcc: 0.8282, TrLoss:  0.61381, VaAcc: 0.4765, VaLoss:  2.06548
459,  0 | TrAcc: 0.8283, TrLoss:  0.60805, VaAcc: 0.4854, VaLoss:  2.04923
460,  0 | TrAcc: 0.8280, TrLoss:  0.60614, VaAcc: 0.4774, VaLoss:  2.05447
461,  0 | TrAcc: 0.8292, TrLoss:  0.60285, VaAcc: 0.4846, VaLoss:  2.05730
462,  0 | TrAcc: 0.8315, TrLoss:  0.59941, VaAcc: 0.4762, VaLoss:  2.07025
463,  0 | TrAcc: 0.8316, TrLoss:  0.59736, VaAcc: 0.4777, VaLoss:  2.07420
464,  0 | TrAcc: 0.8299, TrLoss:  0.60383, VaAcc: 0.4780, VaLoss:  2.06786
465,  0 | TrAcc: 0.8297, TrLoss:  0.60346, VaAcc: 0.4879, VaLoss:  2.03955
466,  0 | TrAcc: 0.8278, TrLoss:  0.60191, VaAcc: 0.4662, VaLoss:  2.09644
467,  0 | TrAcc: 0.8317, TrLoss:  0.60128, VaAcc: 0.4713, VaLoss:  2.07307
468,  0 | TrAcc: 0.8309, TrLoss:  0.60207, VaAcc: 0.4801, VaLoss:  2.08572
469,  0 | TrAcc: 0.8307, TrLoss:  0.60099, VaAcc: 0.4721, VaLoss:  2.09390
470,  0 | TrAcc: 0.8336, TrLoss:  0.59091, VaAcc: 0.4657, VaLoss:  2.09533
471,  0 | TrAcc: 0.8324, TrLoss:  0.59681, VaAcc: 0.4827, VaLoss:  2.05960
472,  0 | TrAcc: 0.8338, TrLoss:  0.59472, VaAcc: 0.4780, VaLoss:  2.06430
473,  0 | TrAcc: 0.8353, TrLoss:  0.58898, VaAcc: 0.4824, VaLoss:  2.07917
474,  0 | TrAcc: 0.8364, TrLoss:  0.58247, VaAcc: 0.4742, VaLoss:  2.08343
475,  0 | TrAcc: 0.8314, TrLoss:  0.58806, VaAcc: 0.4824, VaLoss:  2.06328
476,  0 | TrAcc: 0.8342, TrLoss:  0.58571, VaAcc: 0.4721, VaLoss:  2.08547
477,  0 | TrAcc: 0.8314, TrLoss:  0.59519, VaAcc: 0.4693, VaLoss:  2.10091
478,  0 | TrAcc: 0.8386, TrLoss:  0.58007, VaAcc: 0.4800, VaLoss:  2.09455
479,  0 | TrAcc: 0.8336, TrLoss:  0.59280, VaAcc: 0.4811, VaLoss:  2.06763
480,  0 | TrAcc: 0.8337, TrLoss:  0.58380, VaAcc: 0.4757, VaLoss:  2.08481
481,  0 | TrAcc: 0.8350, TrLoss:  0.58638, VaAcc: 0.4839, VaLoss:  2.05058
482,  0 | TrAcc: 0.8399, TrLoss:  0.57656, VaAcc: 0.4827, VaLoss:  2.07756
483,  0 | TrAcc: 0.8425, TrLoss:  0.57596, VaAcc: 0.4809, VaLoss:  2.07125
484,  0 | TrAcc: 0.8355, TrLoss:  0.57804, VaAcc: 0.4856, VaLoss:  2.05812
485,  0 | TrAcc: 0.8410, TrLoss:  0.57364, VaAcc: 0.4864, VaLoss:  2.07129
486,  0 | TrAcc: 0.8341, TrLoss:  0.57676, VaAcc: 0.4786, VaLoss:  2.06603
487,  0 | TrAcc: 0.8399, TrLoss:  0.56991, VaAcc: 0.4762, VaLoss:  2.07977
488,  0 | TrAcc: 0.8388, TrLoss:  0.56905, VaAcc: 0.4719, VaLoss:  2.07625
489,  0 | TrAcc: 0.8404, TrLoss:  0.57506, VaAcc: 0.4800, VaLoss:  2.07524
490,  0 | TrAcc: 0.8420, TrLoss:  0.56692, VaAcc: 0.4757, VaLoss:  2.07665
491,  0 | TrAcc: 0.8446, TrLoss:  0.55859, VaAcc: 0.4708, VaLoss:  2.08583
492,  0 | TrAcc: 0.8447, TrLoss:  0.56545, VaAcc: 0.4719, VaLoss:  2.08965
493,  0 | TrAcc: 0.8401, TrLoss:  0.56466, VaAcc: 0.4729, VaLoss:  2.09850
494,  0 | TrAcc: 0.8429, TrLoss:  0.56347, VaAcc: 0.4784, VaLoss:  2.08670
495,  0 | TrAcc: 0.8428, TrLoss:  0.56878, VaAcc: 0.4772, VaLoss:  2.09014
496,  0 | TrAcc: 0.8442, TrLoss:  0.55775, VaAcc: 0.4779, VaLoss:  2.06321
497,  0 | TrAcc: 0.8439, TrLoss:  0.56080, VaAcc: 0.4753, VaLoss:  2.10268
498,  0 | TrAcc: 0.8424, TrLoss:  0.56913, VaAcc: 0.4715, VaLoss:  2.09916
499,  0 | TrAcc: 0.8464, TrLoss:  0.55534, VaAcc: 0.4797, VaLoss:  2.09272
500,  0 | TrAcc: 0.8427, TrLoss:  0.55847, VaAcc: 0.4764, VaLoss:  2.09608
501,  0 | TrAcc: 0.8469, TrLoss:  0.55642, VaAcc: 0.4769, VaLoss:  2.09635
502,  0 | TrAcc: 0.8478, TrLoss:  0.54976, VaAcc: 0.4767, VaLoss:  2.09364
503,  0 | TrAcc: 0.8505, TrLoss:  0.54401, VaAcc: 0.4779, VaLoss:  2.09513
504,  0 | TrAcc: 0.8440, TrLoss:  0.55767, VaAcc: 0.4720, VaLoss:  2.09570
505,  0 | TrAcc: 0.8484, TrLoss:  0.54656, VaAcc: 0.4580, VaLoss:  2.14325
506,  0 | TrAcc: 0.8497, TrLoss:  0.54089, VaAcc: 0.4812, VaLoss:  2.08438
507,  0 | TrAcc: 0.8474, TrLoss:  0.54959, VaAcc: 0.4733, VaLoss:  2.10971
508,  0 | TrAcc: 0.8484, TrLoss:  0.54408, VaAcc: 0.4787, VaLoss:  2.09722
509,  0 | TrAcc: 0.8473, TrLoss:  0.55073, VaAcc: 0.4712, VaLoss:  2.11074
510,  0 | TrAcc: 0.8501, TrLoss:  0.53908, VaAcc: 0.4820, VaLoss:  2.05987
511,  0 | TrAcc: 0.8543, TrLoss:  0.53671, VaAcc: 0.4736, VaLoss:  2.07857
512,  0 | TrAcc: 0.8520, TrLoss:  0.53962, VaAcc: 0.4752, VaLoss:  2.09665
513,  0 | TrAcc: 0.8485, TrLoss:  0.54221, VaAcc: 0.4641, VaLoss:  2.10094
514,  0 | TrAcc: 0.8496, TrLoss:  0.53894, VaAcc: 0.4667, VaLoss:  2.11262
515,  0 | TrAcc: 0.8520, TrLoss:  0.53879, VaAcc: 0.4703, VaLoss:  2.11923
516,  0 | TrAcc: 0.8510, TrLoss:  0.53752, VaAcc: 0.4756, VaLoss:  2.09076
517,  0 | TrAcc: 0.8550, TrLoss:  0.52844, VaAcc: 0.4657, VaLoss:  2.11961
518,  0 | TrAcc: 0.8459, TrLoss:  0.54751, VaAcc: 0.4634, VaLoss:  2.10763
519,  0 | TrAcc: 0.8544, TrLoss:  0.52959, VaAcc: 0.4801, VaLoss:  2.07780
520,  0 | TrAcc: 0.8523, TrLoss:  0.53172, VaAcc: 0.4754, VaLoss:  2.10544
521,  0 | TrAcc: 0.8541, TrLoss:  0.53089, VaAcc: 0.4733, VaLoss:  2.10774
522,  0 | TrAcc: 0.8568, TrLoss:  0.52174, VaAcc: 0.4703, VaLoss:  2.11713
523,  0 | TrAcc: 0.8566, TrLoss:  0.52406, VaAcc: 0.4647, VaLoss:  2.11770
524,  0 | TrAcc: 0.8523, TrLoss:  0.52914, VaAcc: 0.4800, VaLoss:  2.08566
525,  0 | TrAcc: 0.8569, TrLoss:  0.52069, VaAcc: 0.4711, VaLoss:  2.12397
526,  0 | TrAcc: 0.8568, TrLoss:  0.52155, VaAcc: 0.4797, VaLoss:  2.09388
527,  0 | TrAcc: 0.8565, TrLoss:  0.52110, VaAcc: 0.4744, VaLoss:  2.12633
528,  0 | TrAcc: 0.8568, TrLoss:  0.51676, VaAcc: 0.4787, VaLoss:  2.09330
529,  0 | TrAcc: 0.8606, TrLoss:  0.51756, VaAcc: 0.4702, VaLoss:  2.10505
530,  0 | TrAcc: 0.8543, TrLoss:  0.52322, VaAcc: 0.4751, VaLoss:  2.11734
531,  0 | TrAcc: 0.8586, TrLoss:  0.52068, VaAcc: 0.4753, VaLoss:  2.10179
532,  0 | TrAcc: 0.8615, TrLoss:  0.50865, VaAcc: 0.4678, VaLoss:  2.11259
533,  0 | TrAcc: 0.8587, TrLoss:  0.51435, VaAcc: 0.4701, VaLoss:  2.10667
534,  0 | TrAcc: 0.8599, TrLoss:  0.50988, VaAcc: 0.4704, VaLoss:  2.11269
535,  0 | TrAcc: 0.8561, TrLoss:  0.51598, VaAcc: 0.4618, VaLoss:  2.14367
536,  0 | TrAcc: 0.8622, TrLoss:  0.50962, VaAcc: 0.4698, VaLoss:  2.11035
537,  0 | TrAcc: 0.8576, TrLoss:  0.51645, VaAcc: 0.4702, VaLoss:  2.11770
538,  0 | TrAcc: 0.8622, TrLoss:  0.50682, VaAcc: 0.4731, VaLoss:  2.12090
539,  0 | TrAcc: 0.8621, TrLoss:  0.50824, VaAcc: 0.4675, VaLoss:  2.12147
540,  0 | TrAcc: 0.8650, TrLoss:  0.50356, VaAcc: 0.4695, VaLoss:  2.11071
541,  0 | TrAcc: 0.8642, TrLoss:  0.50500, VaAcc: 0.4703, VaLoss:  2.12631
542,  0 | TrAcc: 0.8623, TrLoss:  0.50399, VaAcc: 0.4804, VaLoss:  2.08901
543,  0 | TrAcc: 0.8650, TrLoss:  0.50332, VaAcc: 0.4781, VaLoss:  2.09757
544,  0 | TrAcc: 0.8651, TrLoss:  0.49571, VaAcc: 0.4712, VaLoss:  2.13547
545,  0 | TrAcc: 0.8634, TrLoss:  0.50399, VaAcc: 0.4766, VaLoss:  2.10595
546,  0 | TrAcc: 0.8694, TrLoss:  0.49103, VaAcc: 0.4685, VaLoss:  2.12518
547,  0 | TrAcc: 0.8657, TrLoss:  0.49585, VaAcc: 0.4789, VaLoss:  2.09942
548,  0 | TrAcc: 0.8643, TrLoss:  0.49943, VaAcc: 0.4777, VaLoss:  2.09910
549,  0 | TrAcc: 0.8668, TrLoss:  0.49298, VaAcc: 0.4695, VaLoss:  2.12372
550,  0 | TrAcc: 0.8664, TrLoss:  0.49445, VaAcc: 0.4753, VaLoss:  2.11656
551,  0 | TrAcc: 0.8697, TrLoss:  0.48505, VaAcc: 0.4720, VaLoss:  2.13248
552,  0 | TrAcc: 0.8665, TrLoss:  0.49466, VaAcc: 0.4705, VaLoss:  2.11669
553,  0 | TrAcc: 0.8631, TrLoss:  0.49245, VaAcc: 0.4738, VaLoss:  2.12224
554,  0 | TrAcc: 0.8686, TrLoss:  0.48797, VaAcc: 0.4727, VaLoss:  2.12186
555,  0 | TrAcc: 0.8654, TrLoss:  0.49377, VaAcc: 0.4673, VaLoss:  2.13862
556,  0 | TrAcc: 0.8694, TrLoss:  0.48053, VaAcc: 0.4725, VaLoss:  2.11858
557,  0 | TrAcc: 0.8719, TrLoss:  0.48134, VaAcc: 0.4677, VaLoss:  2.12841
558,  0 | TrAcc: 0.8698, TrLoss:  0.48169, VaAcc: 0.4661, VaLoss:  2.14504
559,  0 | TrAcc: 0.8745, TrLoss:  0.46942, VaAcc: 0.4687, VaLoss:  2.12650
560,  0 | TrAcc: 0.8734, TrLoss:  0.48017, VaAcc: 0.4718, VaLoss:  2.13882
561,  0 | TrAcc: 0.8723, TrLoss:  0.47644, VaAcc: 0.4735, VaLoss:  2.11646
562,  0 | TrAcc: 0.8719, TrLoss:  0.47747, VaAcc: 0.4680, VaLoss:  2.13599
563,  0 | TrAcc: 0.8725, TrLoss:  0.47620, VaAcc: 0.4705, VaLoss:  2.11500
564,  0 | TrAcc: 0.8746, TrLoss:  0.47390, VaAcc: 0.4751, VaLoss:  2.11409
565,  0 | TrAcc: 0.8718, TrLoss:  0.47808, VaAcc: 0.4726, VaLoss:  2.12475
566,  0 | TrAcc: 0.8734, TrLoss:  0.46946, VaAcc: 0.4660, VaLoss:  2.12960
567,  0 | TrAcc: 0.8713, TrLoss:  0.47529, VaAcc: 0.4674, VaLoss:  2.13125
568,  0 | TrAcc: 0.8742, TrLoss:  0.47557, VaAcc: 0.4729, VaLoss:  2.14021
569,  0 | TrAcc: 0.8735, TrLoss:  0.46517, VaAcc: 0.4678, VaLoss:  2.13728
570,  0 | TrAcc: 0.8744, TrLoss:  0.46846, VaAcc: 0.4688, VaLoss:  2.12837
571,  0 | TrAcc: 0.8734, TrLoss:  0.46882, VaAcc: 0.4694, VaLoss:  2.14817
572,  0 | TrAcc: 0.8784, TrLoss:  0.46498, VaAcc: 0.4694, VaLoss:  2.12954
573,  0 | TrAcc: 0.8715, TrLoss:  0.47053, VaAcc: 0.4691, VaLoss:  2.15583
574,  0 | TrAcc: 0.8766, TrLoss:  0.46505, VaAcc: 0.4684, VaLoss:  2.14197
575,  0 | TrAcc: 0.8787, TrLoss:  0.46265, VaAcc: 0.4633, VaLoss:  2.12797
576,  0 | TrAcc: 0.8754, TrLoss:  0.45984, VaAcc: 0.4620, VaLoss:  2.15353
577,  0 | TrAcc: 0.8757, TrLoss:  0.46065, VaAcc: 0.4629, VaLoss:  2.13788
578,  0 | TrAcc: 0.8781, TrLoss:  0.46194, VaAcc: 0.4700, VaLoss:  2.14402
579,  0 | TrAcc: 0.8786, TrLoss:  0.45670, VaAcc: 0.4758, VaLoss:  2.12639
580,  0 | TrAcc: 0.8774, TrLoss:  0.45866, VaAcc: 0.4654, VaLoss:  2.14936
581,  0 | TrAcc: 0.8782, TrLoss:  0.45599, VaAcc: 0.4763, VaLoss:  2.13580
582,  0 | TrAcc: 0.8781, TrLoss:  0.45914, VaAcc: 0.4620, VaLoss:  2.16594
583,  0 | TrAcc: 0.8783, TrLoss:  0.45634, VaAcc: 0.4627, VaLoss:  2.16217
584,  0 | TrAcc: 0.8831, TrLoss:  0.44658, VaAcc: 0.4687, VaLoss:  2.15808
585,  0 | TrAcc: 0.8799, TrLoss:  0.45411, VaAcc: 0.4757, VaLoss:  2.13256
586,  0 | TrAcc: 0.8799, TrLoss:  0.45086, VaAcc: 0.4661, VaLoss:  2.14981
587,  0 | TrAcc: 0.8807, TrLoss:  0.44713, VaAcc: 0.4658, VaLoss:  2.16480
588,  0 | TrAcc: 0.8799, TrLoss:  0.45398, VaAcc: 0.4698, VaLoss:  2.15958
589,  0 | TrAcc: 0.8800, TrLoss:  0.45069, VaAcc: 0.4697, VaLoss:  2.13841
590,  0 | TrAcc: 0.8833, TrLoss:  0.44537, VaAcc: 0.4696, VaLoss:  2.16454
591,  0 | TrAcc: 0.8828, TrLoss:  0.44584, VaAcc: 0.4773, VaLoss:  2.14445
592,  0 | TrAcc: 0.8833, TrLoss:  0.44610, VaAcc: 0.4629, VaLoss:  2.16511
593,  0 | TrAcc: 0.8857, TrLoss:  0.43860, VaAcc: 0.4724, VaLoss:  2.14116
594,  0 | TrAcc: 0.8878, TrLoss:  0.43218, VaAcc: 0.4692, VaLoss:  2.16590
595,  0 | TrAcc: 0.8826, TrLoss:  0.44480, VaAcc: 0.4681, VaLoss:  2.14388
596,  0 | TrAcc: 0.8846, TrLoss:  0.44043, VaAcc: 0.4733, VaLoss:  2.14133
597,  0 | TrAcc: 0.8855, TrLoss:  0.43797, VaAcc: 0.4732, VaLoss:  2.13376
598,  0 | TrAcc: 0.8851, TrLoss:  0.43429, VaAcc: 0.4752, VaLoss:  2.15658
599,  0 | TrAcc: 0.8857, TrLoss:  0.43454, VaAcc: 0.4668, VaLoss:  2.16700
600,  0 | TrAcc: 0.8845, TrLoss:  0.43516, VaAcc: 0.4606, VaLoss:  2.17813
601,  0 | TrAcc: 0.8869, TrLoss:  0.42730, VaAcc: 0.4749, VaLoss:  2.14468
602,  0 | TrAcc: 0.8892, TrLoss:  0.42788, VaAcc: 0.4678, VaLoss:  2.15771
603,  0 | TrAcc: 0.8913, TrLoss:  0.41864, VaAcc: 0.4614, VaLoss:  2.18823
604,  0 | TrAcc: 0.8867, TrLoss:  0.43363, VaAcc: 0.4704, VaLoss:  2.16398
605,  0 | TrAcc: 0.8902, TrLoss:  0.42429, VaAcc: 0.4713, VaLoss:  2.14821
606,  0 | TrAcc: 0.8875, TrLoss:  0.42592, VaAcc: 0.4775, VaLoss:  2.13507
607,  0 | TrAcc: 0.8849, TrLoss:  0.43271, VaAcc: 0.4607, VaLoss:  2.19425
608,  0 | TrAcc: 0.8897, TrLoss:  0.42597, VaAcc: 0.4679, VaLoss:  2.15983
609,  0 | TrAcc: 0.8931, TrLoss:  0.41861, VaAcc: 0.4661, VaLoss:  2.14938
610,  0 | TrAcc: 0.8914, TrLoss:  0.42128, VaAcc: 0.4639, VaLoss:  2.17785
611,  0 | TrAcc: 0.8909, TrLoss:  0.42550, VaAcc: 0.4641, VaLoss:  2.17455
612,  0 | TrAcc: 0.8873, TrLoss:  0.42792, VaAcc: 0.4706, VaLoss:  2.16634
613,  0 | TrAcc: 0.8879, TrLoss:  0.42944, VaAcc: 0.4674, VaLoss:  2.16730
614,  0 | TrAcc: 0.8905, TrLoss:  0.42012, VaAcc: 0.4651, VaLoss:  2.17462
615,  0 | TrAcc: 0.8871, TrLoss:  0.42513, VaAcc: 0.4695, VaLoss:  2.15577
616,  0 | TrAcc: 0.8930, TrLoss:  0.41219, VaAcc: 0.4620, VaLoss:  2.17689
617,  0 | TrAcc: 0.8925, TrLoss:  0.41206, VaAcc: 0.4747, VaLoss:  2.17583
618,  0 | TrAcc: 0.8903, TrLoss:  0.41438, VaAcc: 0.4739, VaLoss:  2.13849
619,  0 | TrAcc: 0.8921, TrLoss:  0.41446, VaAcc: 0.4678, VaLoss:  2.16158
620,  0 | TrAcc: 0.8926, TrLoss:  0.41101, VaAcc: 0.4692, VaLoss:  2.15649
621,  0 | TrAcc: 0.8915, TrLoss:  0.41274, VaAcc: 0.4673, VaLoss:  2.15424
622,  0 | TrAcc: 0.8936, TrLoss:  0.41144, VaAcc: 0.4716, VaLoss:  2.16180
623,  0 | TrAcc: 0.8951, TrLoss:  0.41195, VaAcc: 0.4592, VaLoss:  2.18657
624,  0 | TrAcc: 0.8951, TrLoss:  0.40636, VaAcc: 0.4666, VaLoss:  2.18411
625,  0 | TrAcc: 0.8959, TrLoss:  0.40724, VaAcc: 0.4682, VaLoss:  2.18321
626,  0 | TrAcc: 0.8965, TrLoss:  0.40290, VaAcc: 0.4798, VaLoss:  2.15107
627,  0 | TrAcc: 0.8919, TrLoss:  0.40962, VaAcc: 0.4718, VaLoss:  2.16703
628,  0 | TrAcc: 0.8992, TrLoss:  0.39761, VaAcc: 0.4605, VaLoss:  2.17511
629,  0 | TrAcc: 0.8945, TrLoss:  0.41068, VaAcc: 0.4671, VaLoss:  2.17280
630,  0 | TrAcc: 0.8950, TrLoss:  0.40228, VaAcc: 0.4731, VaLoss:  2.16265
631,  0 | TrAcc: 0.8973, TrLoss:  0.39976, VaAcc: 0.4696, VaLoss:  2.17208
632,  0 | TrAcc: 0.8964, TrLoss:  0.40324, VaAcc: 0.4654, VaLoss:  2.17088
633,  0 | TrAcc: 0.8971, TrLoss:  0.39983, VaAcc: 0.4700, VaLoss:  2.17031
634,  0 | TrAcc: 0.8975, TrLoss:  0.40218, VaAcc: 0.4677, VaLoss:  2.16135
635,  0 | TrAcc: 0.8987, TrLoss:  0.39667, VaAcc: 0.4751, VaLoss:  2.16380
636,  0 | TrAcc: 0.8956, TrLoss:  0.39961, VaAcc: 0.4627, VaLoss:  2.17496
637,  0 | TrAcc: 0.8981, TrLoss:  0.40056, VaAcc: 0.4792, VaLoss:  2.16306
638,  0 | TrAcc: 0.8995, TrLoss:  0.39828, VaAcc: 0.4742, VaLoss:  2.16641
639,  0 | TrAcc: 0.9007, TrLoss:  0.39261, VaAcc: 0.4736, VaLoss:  2.17566
640,  0 | TrAcc: 0.9009, TrLoss:  0.39078, VaAcc: 0.4637, VaLoss:  2.18725
641,  0 | TrAcc: 0.8985, TrLoss:  0.39866, VaAcc: 0.4640, VaLoss:  2.16356
642,  0 | TrAcc: 0.9001, TrLoss:  0.39514, VaAcc: 0.4649, VaLoss:  2.19570
643,  0 | TrAcc: 0.9010, TrLoss:  0.39269, VaAcc: 0.4619, VaLoss:  2.18107
644,  0 | TrAcc: 0.9028, TrLoss:  0.38401, VaAcc: 0.4652, VaLoss:  2.19738
645,  0 | TrAcc: 0.9050, TrLoss:  0.38211, VaAcc: 0.4658, VaLoss:  2.19578
646,  0 | TrAcc: 0.9002, TrLoss:  0.38963, VaAcc: 0.4737, VaLoss:  2.16428
647,  0 | TrAcc: 0.9003, TrLoss:  0.39070, VaAcc: 0.4667, VaLoss:  2.17842
648,  0 | TrAcc: 0.9043, TrLoss:  0.38324, VaAcc: 0.4641, VaLoss:  2.19226
649,  0 | TrAcc: 0.9025, TrLoss:  0.37787, VaAcc: 0.4779, VaLoss:  2.16289
650,  0 | TrAcc: 0.9075, TrLoss:  0.37300, VaAcc: 0.4653, VaLoss:  2.19442
651,  0 | TrAcc: 0.9022, TrLoss:  0.38259, VaAcc: 0.4678, VaLoss:  2.19294
652,  0 | TrAcc: 0.9057, TrLoss:  0.37963, VaAcc: 0.4584, VaLoss:  2.19753
653,  0 | TrAcc: 0.9009, TrLoss:  0.38313, VaAcc: 0.4601, VaLoss:  2.18493
654,  0 | TrAcc: 0.9053, TrLoss:  0.38162, VaAcc: 0.4668, VaLoss:  2.17923
655,  0 | TrAcc: 0.9046, TrLoss:  0.37619, VaAcc: 0.4679, VaLoss:  2.19630
656,  0 | TrAcc: 0.9085, TrLoss:  0.36967, VaAcc: 0.4695, VaLoss:  2.19104
657,  0 | TrAcc: 0.9068, TrLoss:  0.36906, VaAcc: 0.4663, VaLoss:  2.19539
658,  0 | TrAcc: 0.9096, TrLoss:  0.36589, VaAcc: 0.4638, VaLoss:  2.17425
659,  0 | TrAcc: 0.9102, TrLoss:  0.36550, VaAcc: 0.4694, VaLoss:  2.18861
660,  0 | TrAcc: 0.9094, TrLoss:  0.36384, VaAcc: 0.4624, VaLoss:  2.19982
661,  0 | TrAcc: 0.9058, TrLoss:  0.36958, VaAcc: 0.4600, VaLoss:  2.22138
662,  0 | TrAcc: 0.9100, TrLoss:  0.36808, VaAcc: 0.4627, VaLoss:  2.19575
663,  0 | TrAcc: 0.9109, TrLoss:  0.36635, VaAcc: 0.4705, VaLoss:  2.18051
664,  0 | TrAcc: 0.9083, TrLoss:  0.36525, VaAcc: 0.4680, VaLoss:  2.19187
665,  0 | TrAcc: 0.9096, TrLoss:  0.36326, VaAcc: 0.4647, VaLoss:  2.19281
666,  0 | TrAcc: 0.9070, TrLoss:  0.36821, VaAcc: 0.4687, VaLoss:  2.18311
667,  0 | TrAcc: 0.9043, TrLoss:  0.36939, VaAcc: 0.4711, VaLoss:  2.18698
668,  0 | TrAcc: 0.9100, TrLoss:  0.36211, VaAcc: 0.4721, VaLoss:  2.19540
669,  0 | TrAcc: 0.9080, TrLoss:  0.36555, VaAcc: 0.4731, VaLoss:  2.16849
670,  0 | TrAcc: 0.9128, TrLoss:  0.35505, VaAcc: 0.4704, VaLoss:  2.17141
671,  0 | TrAcc: 0.9126, TrLoss:  0.35614, VaAcc: 0.4702, VaLoss:  2.16263
672,  0 | TrAcc: 0.9119, TrLoss:  0.35803, VaAcc: 0.4665, VaLoss:  2.17287
673,  0 | TrAcc: 0.9133, TrLoss:  0.35599, VaAcc: 0.4688, VaLoss:  2.20563
674,  0 | TrAcc: 0.9115, TrLoss:  0.35369, VaAcc: 0.4660, VaLoss:  2.17924
675,  0 | TrAcc: 0.9084, TrLoss:  0.36029, VaAcc: 0.4601, VaLoss:  2.20703
676,  0 | TrAcc: 0.9137, TrLoss:  0.35064, VaAcc: 0.4661, VaLoss:  2.19664
677,  0 | TrAcc: 0.9137, TrLoss:  0.35106, VaAcc: 0.4658, VaLoss:  2.19369
678,  0 | TrAcc: 0.9126, TrLoss:  0.35318, VaAcc: 0.4569, VaLoss:  2.20806
679,  0 | TrAcc: 0.9098, TrLoss:  0.35991, VaAcc: 0.4654, VaLoss:  2.19738
680,  0 | TrAcc: 0.9117, TrLoss:  0.35616, VaAcc: 0.4592, VaLoss:  2.21193
681,  0 | TrAcc: 0.9115, TrLoss:  0.35601, VaAcc: 0.4658, VaLoss:  2.21079
682,  0 | TrAcc: 0.9116, TrLoss:  0.35286, VaAcc: 0.4654, VaLoss:  2.19962
683,  0 | TrAcc: 0.9157, TrLoss:  0.34482, VaAcc: 0.4715, VaLoss:  2.18005
684,  0 | TrAcc: 0.9163, TrLoss:  0.34655, VaAcc: 0.4687, VaLoss:  2.20993
685,  0 | TrAcc: 0.9150, TrLoss:  0.34805, VaAcc: 0.4580, VaLoss:  2.24892
686,  0 | TrAcc: 0.9129, TrLoss:  0.35069, VaAcc: 0.4583, VaLoss:  2.20719
687,  0 | TrAcc: 0.9206, TrLoss:  0.33662, VaAcc: 0.4569, VaLoss:  2.21409
688,  0 | TrAcc: 0.9173, TrLoss:  0.34472, VaAcc: 0.4709, VaLoss:  2.18530
689,  0 | TrAcc: 0.9163, TrLoss:  0.34117, VaAcc: 0.4655, VaLoss:  2.18987
690,  0 | TrAcc: 0.9182, TrLoss:  0.33923, VaAcc: 0.4591, VaLoss:  2.21365
691,  0 | TrAcc: 0.9177, TrLoss:  0.34276, VaAcc: 0.4678, VaLoss:  2.20410
692,  0 | TrAcc: 0.9177, TrLoss:  0.34437, VaAcc: 0.4664, VaLoss:  2.20391
693,  0 | TrAcc: 0.9155, TrLoss:  0.34194, VaAcc: 0.4699, VaLoss:  2.19981
694,  0 | TrAcc: 0.9204, TrLoss:  0.33645, VaAcc: 0.4624, VaLoss:  2.20817
695,  0 | TrAcc: 0.9185, TrLoss:  0.33839, VaAcc: 0.4574, VaLoss:  2.24387
696,  0 | TrAcc: 0.9181, TrLoss:  0.33538, VaAcc: 0.4619, VaLoss:  2.19853
697,  0 | TrAcc: 0.9196, TrLoss:  0.33140, VaAcc: 0.4681, VaLoss:  2.20396
698,  0 | TrAcc: 0.9194, TrLoss:  0.33411, VaAcc: 0.4699, VaLoss:  2.19989
699,  0 | TrAcc: 0.9188, TrLoss:  0.33534, VaAcc: 0.4699, VaLoss:  2.19764
700,  0 | TrAcc: 0.9193, TrLoss:  0.33121, VaAcc: 0.4639, VaLoss:  2.20984
701,  0 | TrAcc: 0.9189, TrLoss:  0.32984, VaAcc: 0.4726, VaLoss:  2.18745
702,  0 | TrAcc: 0.9180, TrLoss:  0.33534, VaAcc: 0.4562, VaLoss:  2.23774
703,  0 | TrAcc: 0.9226, TrLoss:  0.32778, VaAcc: 0.4512, VaLoss:  2.24379
704,  0 | TrAcc: 0.9207, TrLoss:  0.32801, VaAcc: 0.4648, VaLoss:  2.22123
705,  0 | TrAcc: 0.9167, TrLoss:  0.33557, VaAcc: 0.4576, VaLoss:  2.22296
706,  0 | TrAcc: 0.9204, TrLoss:  0.33279, VaAcc: 0.4600, VaLoss:  2.23408
707,  0 | TrAcc: 0.9203, TrLoss:  0.32909, VaAcc: 0.4569, VaLoss:  2.21289
708,  0 | TrAcc: 0.9147, TrLoss:  0.34049, VaAcc: 0.4629, VaLoss:  2.22573
709,  0 | TrAcc: 0.9231, TrLoss:  0.32570, VaAcc: 0.4626, VaLoss:  2.22604
710,  0 | TrAcc: 0.9258, TrLoss:  0.31787, VaAcc: 0.4628, VaLoss:  2.23508
711,  0 | TrAcc: 0.9212, TrLoss:  0.32743, VaAcc: 0.4568, VaLoss:  2.23180
712,  0 | TrAcc: 0.9269, TrLoss:  0.31748, VaAcc: 0.4744, VaLoss:  2.18372
713,  0 | TrAcc: 0.9259, TrLoss:  0.31568, VaAcc: 0.4596, VaLoss:  2.21570
714,  0 | TrAcc: 0.9231, TrLoss:  0.32099, VaAcc: 0.4615, VaLoss:  2.23589
715,  0 | TrAcc: 0.9255, TrLoss:  0.31379, VaAcc: 0.4667, VaLoss:  2.20633
716,  0 | TrAcc: 0.9250, TrLoss:  0.31746, VaAcc: 0.4611, VaLoss:  2.23521
717,  0 | TrAcc: 0.9238, TrLoss:  0.32075, VaAcc: 0.4661, VaLoss:  2.20532
718,  0 | TrAcc: 0.9225, TrLoss:  0.32068, VaAcc: 0.4545, VaLoss:  2.24669
719,  0 | TrAcc: 0.9259, TrLoss:  0.31554, VaAcc: 0.4603, VaLoss:  2.25346
720,  0 | TrAcc: 0.9275, TrLoss:  0.31099, VaAcc: 0.4583, VaLoss:  2.23710
721,  0 | TrAcc: 0.9250, TrLoss:  0.31187, VaAcc: 0.4667, VaLoss:  2.22470
722,  0 | TrAcc: 0.9267, TrLoss:  0.31454, VaAcc: 0.4672, VaLoss:  2.22486
723,  0 | TrAcc: 0.9266, TrLoss:  0.31613, VaAcc: 0.4616, VaLoss:  2.23364
724,  0 | TrAcc: 0.9274, TrLoss:  0.31179, VaAcc: 0.4568, VaLoss:  2.25586
725,  0 | TrAcc: 0.9253, TrLoss:  0.30957, VaAcc: 0.4571, VaLoss:  2.22847
726,  0 | TrAcc: 0.9282, TrLoss:  0.30750, VaAcc: 0.4575, VaLoss:  2.25279
727,  0 | TrAcc: 0.9256, TrLoss:  0.30992, VaAcc: 0.4572, VaLoss:  2.26533
728,  0 | TrAcc: 0.9277, TrLoss:  0.30559, VaAcc: 0.4566, VaLoss:  2.25253
729,  0 | TrAcc: 0.9267, TrLoss:  0.30666, VaAcc: 0.4527, VaLoss:  2.24873
730,  0 | TrAcc: 0.9300, TrLoss:  0.30302, VaAcc: 0.4564, VaLoss:  2.23808
731,  0 | TrAcc: 0.9309, TrLoss:  0.30033, VaAcc: 0.4568, VaLoss:  2.25259
732,  0 | TrAcc: 0.9260, TrLoss:  0.30651, VaAcc: 0.4660, VaLoss:  2.20517
733,  0 | TrAcc: 0.9258, TrLoss:  0.30727, VaAcc: 0.4578, VaLoss:  2.24394
734,  0 | TrAcc: 0.9273, TrLoss:  0.30745, VaAcc: 0.4569, VaLoss:  2.25221
735,  0 | TrAcc: 0.9302, TrLoss:  0.30040, VaAcc: 0.4643, VaLoss:  2.20630
736,  0 | TrAcc: 0.9277, TrLoss:  0.30476, VaAcc: 0.4575, VaLoss:  2.24877
737,  0 | TrAcc: 0.9301, TrLoss:  0.29878, VaAcc: 0.4558, VaLoss:  2.23413
738,  0 | TrAcc: 0.9334, TrLoss:  0.29163, VaAcc: 0.4647, VaLoss:  2.23251
739,  0 | TrAcc: 0.9291, TrLoss:  0.30046, VaAcc: 0.4583, VaLoss:  2.21969
740,  0 | TrAcc: 0.9275, TrLoss:  0.30047, VaAcc: 0.4544, VaLoss:  2.25662
741,  0 | TrAcc: 0.9321, TrLoss:  0.29489, VaAcc: 0.4674, VaLoss:  2.24841
742,  0 | TrAcc: 0.9329, TrLoss:  0.29475, VaAcc: 0.4593, VaLoss:  2.25470
743,  0 | TrAcc: 0.9328, TrLoss:  0.29365, VaAcc: 0.4508, VaLoss:  2.25979
744,  0 | TrAcc: 0.9305, TrLoss:  0.29100, VaAcc: 0.4568, VaLoss:  2.24194
745,  0 | TrAcc: 0.9362, TrLoss:  0.28910, VaAcc: 0.4455, VaLoss:  2.28425
746,  0 | TrAcc: 0.9312, TrLoss:  0.29588, VaAcc: 0.4576, VaLoss:  2.25589
747,  0 | TrAcc: 0.9323, TrLoss:  0.29169, VaAcc: 0.4598, VaLoss:  2.24814
748,  0 | TrAcc: 0.9340, TrLoss:  0.29004, VaAcc: 0.4564, VaLoss:  2.23464
749,  0 | TrAcc: 0.9316, TrLoss:  0.29120, VaAcc: 0.4565, VaLoss:  2.25073
750,  0 | TrAcc: 0.9377, TrLoss:  0.28065, VaAcc: 0.4502, VaLoss:  2.25125
751,  0 | TrAcc: 0.9330, TrLoss:  0.29092, VaAcc: 0.4500, VaLoss:  2.25667
752,  0 | TrAcc: 0.9339, TrLoss:  0.29164, VaAcc: 0.4567, VaLoss:  2.25454
753,  0 | TrAcc: 0.9354, TrLoss:  0.28332, VaAcc: 0.4561, VaLoss:  2.24884
754,  0 | TrAcc: 0.9373, TrLoss:  0.28375, VaAcc: 0.4608, VaLoss:  2.25685
755,  0 | TrAcc: 0.9359, TrLoss:  0.27974, VaAcc: 0.4594, VaLoss:  2.25853
756,  0 | TrAcc: 0.9360, TrLoss:  0.28283, VaAcc: 0.4583, VaLoss:  2.22263
757,  0 | TrAcc: 0.9367, TrLoss:  0.28263, VaAcc: 0.4560, VaLoss:  2.25728
758,  0 | TrAcc: 0.9377, TrLoss:  0.27553, VaAcc: 0.4652, VaLoss:  2.23584
759,  0 | TrAcc: 0.9363, TrLoss:  0.28252, VaAcc: 0.4625, VaLoss:  2.24502
760,  0 | TrAcc: 0.9346, TrLoss:  0.28326, VaAcc: 0.4638, VaLoss:  2.23893
761,  0 | TrAcc: 0.9385, TrLoss:  0.27336, VaAcc: 0.4663, VaLoss:  2.23746
762,  0 | TrAcc: 0.9380, TrLoss:  0.27805, VaAcc: 0.4525, VaLoss:  2.28045
763,  0 | TrAcc: 0.9386, TrLoss:  0.27794, VaAcc: 0.4633, VaLoss:  2.23200
764,  0 | TrAcc: 0.9346, TrLoss:  0.28307, VaAcc: 0.4612, VaLoss:  2.25163
765,  0 | TrAcc: 0.9378, TrLoss:  0.27460, VaAcc: 0.4682, VaLoss:  2.24396
766,  0 | TrAcc: 0.9408, TrLoss:  0.27174, VaAcc: 0.4553, VaLoss:  2.26670
767,  0 | TrAcc: 0.9395, TrLoss:  0.27822, VaAcc: 0.4647, VaLoss:  2.26053
768,  0 | TrAcc: 0.9394, TrLoss:  0.27466, VaAcc: 0.4624, VaLoss:  2.25071
769,  0 | TrAcc: 0.9406, TrLoss:  0.27095, VaAcc: 0.4520, VaLoss:  2.26086
770,  0 | TrAcc: 0.9362, TrLoss:  0.27965, VaAcc: 0.4672, VaLoss:  2.22673
771,  0 | TrAcc: 0.9393, TrLoss:  0.27367, VaAcc: 0.4592, VaLoss:  2.24665
772,  0 | TrAcc: 0.9372, TrLoss:  0.27479, VaAcc: 0.4487, VaLoss:  2.26353
773,  0 | TrAcc: 0.9333, TrLoss:  0.28132, VaAcc: 0.4555, VaLoss:  2.25656
774,  0 | TrAcc: 0.9425, TrLoss:  0.26493, VaAcc: 0.4636, VaLoss:  2.24220
775,  0 | TrAcc: 0.9428, TrLoss:  0.26423, VaAcc: 0.4603, VaLoss:  2.24240
776,  0 | TrAcc: 0.9378, TrLoss:  0.27453, VaAcc: 0.4548, VaLoss:  2.27324
777,  0 | TrAcc: 0.9423, TrLoss:  0.26935, VaAcc: 0.4577, VaLoss:  2.25288
778,  0 | TrAcc: 0.9393, TrLoss:  0.26650, VaAcc: 0.4604, VaLoss:  2.26457
779,  0 | TrAcc: 0.9422, TrLoss:  0.26527, VaAcc: 0.4547, VaLoss:  2.26922
780,  0 | TrAcc: 0.9445, TrLoss:  0.26173, VaAcc: 0.4515, VaLoss:  2.26470
781,  0 | TrAcc: 0.9396, TrLoss:  0.26535, VaAcc: 0.4595, VaLoss:  2.26535
782,  0 | TrAcc: 0.9422, TrLoss:  0.26087, VaAcc: 0.4631, VaLoss:  2.23105
783,  0 | TrAcc: 0.9425, TrLoss:  0.26588, VaAcc: 0.4669, VaLoss:  2.25621
784,  0 | TrAcc: 0.9409, TrLoss:  0.26550, VaAcc: 0.4513, VaLoss:  2.28813
785,  0 | TrAcc: 0.9438, TrLoss:  0.26163, VaAcc: 0.4640, VaLoss:  2.25780
786,  0 | TrAcc: 0.9439, TrLoss:  0.25619, VaAcc: 0.4579, VaLoss:  2.25881
787,  0 | TrAcc: 0.9429, TrLoss:  0.25920, VaAcc: 0.4542, VaLoss:  2.26995
788,  0 | TrAcc: 0.9451, TrLoss:  0.25636, VaAcc: 0.4545, VaLoss:  2.29460
789,  0 | TrAcc: 0.9433, TrLoss:  0.25697, VaAcc: 0.4548, VaLoss:  2.25601
790,  0 | TrAcc: 0.9434, TrLoss:  0.25468, VaAcc: 0.4524, VaLoss:  2.26514
791,  0 | TrAcc: 0.9458, TrLoss:  0.25058, VaAcc: 0.4581, VaLoss:  2.25288
792,  0 | TrAcc: 0.9422, TrLoss:  0.26107, VaAcc: 0.4619, VaLoss:  2.23799
793,  0 | TrAcc: 0.9471, TrLoss:  0.24866, VaAcc: 0.4574, VaLoss:  2.28276
794,  0 | TrAcc: 0.9455, TrLoss:  0.25627, VaAcc: 0.4593, VaLoss:  2.27262
795,  0 | TrAcc: 0.9459, TrLoss:  0.25393, VaAcc: 0.4539, VaLoss:  2.26840
796,  0 | TrAcc: 0.9475, TrLoss:  0.24958, VaAcc: 0.4637, VaLoss:  2.25658
797,  0 | TrAcc: 0.9478, TrLoss:  0.25223, VaAcc: 0.4546, VaLoss:  2.28476
798,  0 | TrAcc: 0.9475, TrLoss:  0.24819, VaAcc: 0.4522, VaLoss:  2.26759
799,  0 | TrAcc: 0.9452, TrLoss:  0.25237, VaAcc: 0.4625, VaLoss:  2.25393
800,  0 | TrAcc: 0.9472, TrLoss:  0.24608, VaAcc: 0.4589, VaLoss:  2.26319
801,  0 | TrAcc: 0.9453, TrLoss:  0.25488, VaAcc: 0.4529, VaLoss:  2.26752
802,  0 | TrAcc: 0.9450, TrLoss:  0.25117, VaAcc: 0.4527, VaLoss:  2.27369
803,  0 | TrAcc: 0.9495, TrLoss:  0.24550, VaAcc: 0.4517, VaLoss:  2.28544
804,  0 | TrAcc: 0.9456, TrLoss:  0.24741, VaAcc: 0.4667, VaLoss:  2.26238
805,  0 | TrAcc: 0.9470, TrLoss:  0.24711, VaAcc: 0.4675, VaLoss:  2.24245
806,  0 | TrAcc: 0.9466, TrLoss:  0.24617, VaAcc: 0.4561, VaLoss:  2.29487
807,  0 | TrAcc: 0.9490, TrLoss:  0.24099, VaAcc: 0.4716, VaLoss:  2.24705
808,  0 | TrAcc: 0.9491, TrLoss:  0.24630, VaAcc: 0.4577, VaLoss:  2.27229
809,  0 | TrAcc: 0.9490, TrLoss:  0.24295, VaAcc: 0.4559, VaLoss:  2.28309
810,  0 | TrAcc: 0.9507, TrLoss:  0.23776, VaAcc: 0.4592, VaLoss:  2.26238
811,  0 | TrAcc: 0.9482, TrLoss:  0.24474, VaAcc: 0.4538, VaLoss:  2.29845
812,  0 | TrAcc: 0.9516, TrLoss:  0.23760, VaAcc: 0.4613, VaLoss:  2.26206
813,  0 | TrAcc: 0.9505, TrLoss:  0.23890, VaAcc: 0.4580, VaLoss:  2.26273
814,  0 | TrAcc: 0.9491, TrLoss:  0.23962, VaAcc: 0.4623, VaLoss:  2.26624
815,  0 | TrAcc: 0.9463, TrLoss:  0.24446, VaAcc: 0.4625, VaLoss:  2.26115
816,  0 | TrAcc: 0.9487, TrLoss:  0.23848, VaAcc: 0.4535, VaLoss:  2.27690
817,  0 | TrAcc: 0.9492, TrLoss:  0.23671, VaAcc: 0.4651, VaLoss:  2.26963
818,  0 | TrAcc: 0.9481, TrLoss:  0.23977, VaAcc: 0.4686, VaLoss:  2.25273
819,  0 | TrAcc: 0.9507, TrLoss:  0.23538, VaAcc: 0.4533, VaLoss:  2.29021
820,  0 | TrAcc: 0.9507, TrLoss:  0.23814, VaAcc: 0.4465, VaLoss:  2.31665
821,  0 | TrAcc: 0.9519, TrLoss:  0.23393, VaAcc: 0.4546, VaLoss:  2.29003
822,  0 | TrAcc: 0.9512, TrLoss:  0.23653, VaAcc: 0.4558, VaLoss:  2.28875
823,  0 | TrAcc: 0.9528, TrLoss:  0.23198, VaAcc: 0.4563, VaLoss:  2.30173
824,  0 | TrAcc: 0.9528, TrLoss:  0.23137, VaAcc: 0.4492, VaLoss:  2.28398
825,  0 | TrAcc: 0.9526, TrLoss:  0.22932, VaAcc: 0.4420, VaLoss:  2.30601
826,  0 | TrAcc: 0.9540, TrLoss:  0.22606, VaAcc: 0.4532, VaLoss:  2.26395
827,  0 | TrAcc: 0.9523, TrLoss:  0.23283, VaAcc: 0.4537, VaLoss:  2.29031
828,  0 | TrAcc: 0.9521, TrLoss:  0.23104, VaAcc: 0.4445, VaLoss:  2.31219
829,  0 | TrAcc: 0.9513, TrLoss:  0.23235, VaAcc: 0.4566, VaLoss:  2.27934
830,  0 | TrAcc: 0.9537, TrLoss:  0.22683, VaAcc: 0.4526, VaLoss:  2.28822
831,  0 | TrAcc: 0.9542, TrLoss:  0.22987, VaAcc: 0.4587, VaLoss:  2.27209
832,  0 | TrAcc: 0.9518, TrLoss:  0.23133, VaAcc: 0.4540, VaLoss:  2.27603
833,  0 | TrAcc: 0.9540, TrLoss:  0.22512, VaAcc: 0.4536, VaLoss:  2.27588
834,  0 | TrAcc: 0.9548, TrLoss:  0.22492, VaAcc: 0.4592, VaLoss:  2.27811
835,  0 | TrAcc: 0.9555, TrLoss:  0.22415, VaAcc: 0.4538, VaLoss:  2.30967
836,  0 | TrAcc: 0.9526, TrLoss:  0.22529, VaAcc: 0.4475, VaLoss:  2.30265
837,  0 | TrAcc: 0.9530, TrLoss:  0.22799, VaAcc: 0.4600, VaLoss:  2.27568
838,  0 | TrAcc: 0.9560, TrLoss:  0.22265, VaAcc: 0.4618, VaLoss:  2.26342
839,  0 | TrAcc: 0.9558, TrLoss:  0.22191, VaAcc: 0.4499, VaLoss:  2.30598
840,  0 | TrAcc: 0.9583, TrLoss:  0.21823, VaAcc: 0.4454, VaLoss:  2.30341
841,  0 | TrAcc: 0.9546, TrLoss:  0.22129, VaAcc: 0.4546, VaLoss:  2.29840
842,  0 | TrAcc: 0.9554, TrLoss:  0.21871, VaAcc: 0.4540, VaLoss:  2.29526
843,  0 | TrAcc: 0.9553, TrLoss:  0.22194, VaAcc: 0.4494, VaLoss:  2.31522
844,  0 | TrAcc: 0.9568, TrLoss:  0.21603, VaAcc: 0.4592, VaLoss:  2.28603
845,  0 | TrAcc: 0.9523, TrLoss:  0.23178, VaAcc: 0.4551, VaLoss:  2.30708
846,  0 | TrAcc: 0.9531, TrLoss:  0.22406, VaAcc: 0.4489, VaLoss:  2.31526
847,  0 | TrAcc: 0.9567, TrLoss:  0.21320, VaAcc: 0.4548, VaLoss:  2.28635
848,  0 | TrAcc: 0.9550, TrLoss:  0.21991, VaAcc: 0.4504, VaLoss:  2.30072
849,  0 | TrAcc: 0.9573, TrLoss:  0.21395, VaAcc: 0.4525, VaLoss:  2.31144
850,  0 | TrAcc: 0.9567, TrLoss:  0.21437, VaAcc: 0.4587, VaLoss:  2.27353
851,  0 | TrAcc: 0.9559, TrLoss:  0.21983, VaAcc: 0.4527, VaLoss:  2.31936
852,  0 | TrAcc: 0.9565, TrLoss:  0.21764, VaAcc: 0.4562, VaLoss:  2.29507
853,  0 | TrAcc: 0.9564, TrLoss:  0.21604, VaAcc: 0.4477, VaLoss:  2.30211
854,  0 | TrAcc: 0.9594, TrLoss:  0.21161, VaAcc: 0.4541, VaLoss:  2.30489
855,  0 | TrAcc: 0.9581, TrLoss:  0.21517, VaAcc: 0.4568, VaLoss:  2.29716
856,  0 | TrAcc: 0.9581, TrLoss:  0.21301, VaAcc: 0.4591, VaLoss:  2.29024
857,  0 | TrAcc: 0.9589, TrLoss:  0.21094, VaAcc: 0.4553, VaLoss:  2.30547
858,  0 | TrAcc: 0.9597, TrLoss:  0.20803, VaAcc: 0.4595, VaLoss:  2.27606
859,  0 | TrAcc: 0.9584, TrLoss:  0.21220, VaAcc: 0.4586, VaLoss:  2.28275
860,  0 | TrAcc: 0.9575, TrLoss:  0.21157, VaAcc: 0.4609, VaLoss:  2.29364
861,  0 | TrAcc: 0.9610, TrLoss:  0.20769, VaAcc: 0.4579, VaLoss:  2.29858
862,  0 | TrAcc: 0.9589, TrLoss:  0.20864, VaAcc: 0.4613, VaLoss:  2.29413
863,  0 | TrAcc: 0.9566, TrLoss:  0.21130, VaAcc: 0.4603, VaLoss:  2.29016
864,  0 | TrAcc: 0.9622, TrLoss:  0.20511, VaAcc: 0.4544, VaLoss:  2.31689
865,  0 | TrAcc: 0.9599, TrLoss:  0.20788, VaAcc: 0.4567, VaLoss:  2.29226
866,  0 | TrAcc: 0.9602, TrLoss:  0.20288, VaAcc: 0.4542, VaLoss:  2.26813
867,  0 | TrAcc: 0.9603, TrLoss:  0.20484, VaAcc: 0.4575, VaLoss:  2.29335
868,  0 | TrAcc: 0.9615, TrLoss:  0.20612, VaAcc: 0.4482, VaLoss:  2.31617
869,  0 | TrAcc: 0.9612, TrLoss:  0.20748, VaAcc: 0.4596, VaLoss:  2.29065
870,  0 | TrAcc: 0.9609, TrLoss:  0.20378, VaAcc: 0.4516, VaLoss:  2.28850
871,  0 | TrAcc: 0.9611, TrLoss:  0.20093, VaAcc: 0.4593, VaLoss:  2.31446
872,  0 | TrAcc: 0.9612, TrLoss:  0.19981, VaAcc: 0.4678, VaLoss:  2.28703
873,  0 | TrAcc: 0.9629, TrLoss:  0.20060, VaAcc: 0.4586, VaLoss:  2.30037
874,  0 | TrAcc: 0.9609, TrLoss:  0.20188, VaAcc: 0.4565, VaLoss:  2.28387
875,  0 | TrAcc: 0.9624, TrLoss:  0.19897, VaAcc: 0.4468, VaLoss:  2.31744
876,  0 | TrAcc: 0.9617, TrLoss:  0.19875, VaAcc: 0.4545, VaLoss:  2.30627
877,  0 | TrAcc: 0.9641, TrLoss:  0.19608, VaAcc: 0.4534, VaLoss:  2.29561
878,  0 | TrAcc: 0.9642, TrLoss:  0.19471, VaAcc: 0.4566, VaLoss:  2.31190
879,  0 | TrAcc: 0.9641, TrLoss:  0.19524, VaAcc: 0.4485, VaLoss:  2.31505
880,  0 | TrAcc: 0.9626, TrLoss:  0.19925, VaAcc: 0.4457, VaLoss:  2.32709
881,  0 | TrAcc: 0.9641, TrLoss:  0.19572, VaAcc: 0.4552, VaLoss:  2.30765
882,  0 | TrAcc: 0.9646, TrLoss:  0.19141, VaAcc: 0.4486, VaLoss:  2.31352
883,  0 | TrAcc: 0.9650, TrLoss:  0.19325, VaAcc: 0.4489, VaLoss:  2.31674
884,  0 | TrAcc: 0.9656, TrLoss:  0.19117, VaAcc: 0.4543, VaLoss:  2.31372
885,  0 | TrAcc: 0.9643, TrLoss:  0.19030, VaAcc: 0.4605, VaLoss:  2.27849
886,  0 | TrAcc: 0.9631, TrLoss:  0.19187, VaAcc: 0.4483, VaLoss:  2.31710
887,  0 | TrAcc: 0.9649, TrLoss:  0.18879, VaAcc: 0.4523, VaLoss:  2.29191
888,  0 | TrAcc: 0.9633, TrLoss:  0.19405, VaAcc: 0.4543, VaLoss:  2.29271
889,  0 | TrAcc: 0.9650, TrLoss:  0.18999, VaAcc: 0.4581, VaLoss:  2.31337
890,  0 | TrAcc: 0.9647, TrLoss:  0.19007, VaAcc: 0.4489, VaLoss:  2.29941
891,  0 | TrAcc: 0.9655, TrLoss:  0.18835, VaAcc: 0.4565, VaLoss:  2.31780
892,  0 | TrAcc: 0.9649, TrLoss:  0.18952, VaAcc: 0.4445, VaLoss:  2.33238
893,  0 | TrAcc: 0.9650, TrLoss:  0.18730, VaAcc: 0.4597, VaLoss:  2.30228
894,  0 | TrAcc: 0.9637, TrLoss:  0.18995, VaAcc: 0.4458, VaLoss:  2.31485
895,  0 | TrAcc: 0.9637, TrLoss:  0.18823, VaAcc: 0.4561, VaLoss:  2.29254
896,  0 | TrAcc: 0.9645, TrLoss:  0.19214, VaAcc: 0.4441, VaLoss:  2.30787
897,  0 | TrAcc: 0.9626, TrLoss:  0.19341, VaAcc: 0.4480, VaLoss:  2.32016
898,  0 | TrAcc: 0.9645, TrLoss:  0.19025, VaAcc: 0.4494, VaLoss:  2.31133
899,  0 | TrAcc: 0.9659, TrLoss:  0.18509, VaAcc: 0.4504, VaLoss:  2.30118
900,  0 | TrAcc: 0.9645, TrLoss:  0.18532, VaAcc: 0.4525, VaLoss:  2.31604
901,  0 | TrAcc: 0.9668, TrLoss:  0.18741, VaAcc: 0.4580, VaLoss:  2.28924
902,  0 | TrAcc: 0.9666, TrLoss:  0.18624, VaAcc: 0.4519, VaLoss:  2.29741
903,  0 | TrAcc: 0.9669, TrLoss:  0.18386, VaAcc: 0.4553, VaLoss:  2.31089
904,  0 | TrAcc: 0.9667, TrLoss:  0.18249, VaAcc: 0.4576, VaLoss:  2.30385
905,  0 | TrAcc: 0.9638, TrLoss:  0.18561, VaAcc: 0.4516, VaLoss:  2.30865
906,  0 | TrAcc: 0.9657, TrLoss:  0.18444, VaAcc: 0.4628, VaLoss:  2.31508
907,  0 | TrAcc: 0.9668, TrLoss:  0.18474, VaAcc: 0.4499, VaLoss:  2.32133
908,  0 | TrAcc: 0.9646, TrLoss:  0.18429, VaAcc: 0.4522, VaLoss:  2.32232
909,  0 | TrAcc: 0.9706, TrLoss:  0.17443, VaAcc: 0.4518, VaLoss:  2.30579
910,  0 | TrAcc: 0.9653, TrLoss:  0.18237, VaAcc: 0.4529, VaLoss:  2.32056
911,  0 | TrAcc: 0.9690, TrLoss:  0.17651, VaAcc: 0.4558, VaLoss:  2.29151
912,  0 | TrAcc: 0.9646, TrLoss:  0.18366, VaAcc: 0.4534, VaLoss:  2.29822
913,  0 | TrAcc: 0.9662, TrLoss:  0.18256, VaAcc: 0.4509, VaLoss:  2.29620
914,  0 | TrAcc: 0.9680, TrLoss:  0.17854, VaAcc: 0.4511, VaLoss:  2.30888
915,  0 | TrAcc: 0.9688, TrLoss:  0.17523, VaAcc: 0.4484, VaLoss:  2.34872
916,  0 | TrAcc: 0.9683, TrLoss:  0.17504, VaAcc: 0.4465, VaLoss:  2.33641
917,  0 | TrAcc: 0.9699, TrLoss:  0.17365, VaAcc: 0.4506, VaLoss:  2.32089
918,  0 | TrAcc: 0.9662, TrLoss:  0.17758, VaAcc: 0.4544, VaLoss:  2.31143
919,  0 | TrAcc: 0.9658, TrLoss:  0.17667, VaAcc: 0.4446, VaLoss:  2.34468
920,  0 | TrAcc: 0.9695, TrLoss:  0.17362, VaAcc: 0.4479, VaLoss:  2.33724
921,  0 | TrAcc: 0.9673, TrLoss:  0.17499, VaAcc: 0.4501, VaLoss:  2.32440
922,  0 | TrAcc: 0.9703, TrLoss:  0.16956, VaAcc: 0.4528, VaLoss:  2.31971
923,  0 | TrAcc: 0.9687, TrLoss:  0.17348, VaAcc: 0.4517, VaLoss:  2.29471
924,  0 | TrAcc: 0.9704, TrLoss:  0.17332, VaAcc: 0.4518, VaLoss:  2.31659
925,  0 | TrAcc: 0.9670, TrLoss:  0.17564, VaAcc: 0.4474, VaLoss:  2.30144
926,  0 | TrAcc: 0.9699, TrLoss:  0.17009, VaAcc: 0.4586, VaLoss:  2.31442
927,  0 | TrAcc: 0.9689, TrLoss:  0.17323, VaAcc: 0.4488, VaLoss:  2.32045
928,  0 | TrAcc: 0.9695, TrLoss:  0.16980, VaAcc: 0.4511, VaLoss:  2.32110
929,  0 | TrAcc: 0.9702, TrLoss:  0.17150, VaAcc: 0.4544, VaLoss:  2.31362
930,  0 | TrAcc: 0.9714, TrLoss:  0.16614, VaAcc: 0.4557, VaLoss:  2.30573
931,  0 | TrAcc: 0.9724, TrLoss:  0.16493, VaAcc: 0.4574, VaLoss:  2.31064
932,  0 | TrAcc: 0.9704, TrLoss:  0.17160, VaAcc: 0.4469, VaLoss:  2.35221
933,  0 | TrAcc: 0.9723, TrLoss:  0.16791, VaAcc: 0.4453, VaLoss:  2.33784
934,  0 | TrAcc: 0.9720, TrLoss:  0.16510, VaAcc: 0.4548, VaLoss:  2.29725
935,  0 | TrAcc: 0.9695, TrLoss:  0.16962, VaAcc: 0.4580, VaLoss:  2.30793
936,  0 | TrAcc: 0.9709, TrLoss:  0.16598, VaAcc: 0.4572, VaLoss:  2.31538
937,  0 | TrAcc: 0.9718, TrLoss:  0.16527, VaAcc: 0.4542, VaLoss:  2.32426
938,  0 | TrAcc: 0.9722, TrLoss:  0.16337, VaAcc: 0.4439, VaLoss:  2.34324
939,  0 | TrAcc: 0.9703, TrLoss:  0.16789, VaAcc: 0.4492, VaLoss:  2.31427
940,  0 | TrAcc: 0.9707, TrLoss:  0.16736, VaAcc: 0.4498, VaLoss:  2.32078
941,  0 | TrAcc: 0.9727, TrLoss:  0.16171, VaAcc: 0.4573, VaLoss:  2.32492
