{'mode': {'name': 'classic', 'min_error': 0, 'max_epochs': 100}, 'learning_rate': 0.02, 'task_id': 3, 'batchnorm': {'momentum': 0.98, 'type': 'none', 'tau': 5, 'modes': []}, 'learning_rate_tau': 10000}
{'remove_bias': False, 'va': {'minibatch_mode': False, 'in_seq_len': 40, 'minibatch_size': 500, 'max_truncation': 0}, 'dataset': 'timit', 'te': {'minibatch_mode': False, 'in_seq_len': 40, 'minibatch_size': 500, 'max_truncation': 0}, 'tr': {'minibatch_mode': True, 'in_seq_len': 40, 'minibatch_size': 1000, 'max_truncation': 0}}
{'gradient_clip_value': 0.5, 'discrete_acts': [], 'layout': [13, 100, 20, 60], 'n_bins': 2.0, 'output_type': 'classification', 'weight_type': 'continuous', 'layer_configs': [{'layer_type': 'input'}, {'var_scope': 'lstm_0', 'layer_type': 'lstm', 'init_config': {'f': {'w': 'xavier', 'b': 'all_one'}, 'c': {'w': 'xavier', 'b': 'all_zero'}, 'i': {'w': 'xavier', 'b': 'all_zero'}, 'o': {'w': 'xavier', 'b': 'all_zero'}}, 'regularization': {'mode': 'none', 'output_zo_prob': 0.01, 'state_zo_prob': 0.05}}, {'var_scope': 'lstm_1', 'init_config': {'f': {'w': 'xavier', 'b': 'all_one'}, 'c': {'w': 'xavier', 'b': 'all_zero'}, 'i': {'w': 'xavier', 'b': 'all_zero'}, 'o': {'w': 'xavier', 'b': 'all_zero'}}, 'layer_type': 'lstm', 'regularization': {'mode': 'none', 'output_zo_prob': 0.01, 'state_zo_prob': 0.05}}, {'var_scope': 'output_layer', 'init_config': {'w': 'xavier', 'b': 'all_zero'}, 'layer_type': 'fc', 'regularization': {'mode': 'l2', 'strength': 0.0}}]}
{'include_pred': False, 'save_model': {'enabled': False, 'path': '../tr_models/m_model3'}, 'include_out': False, 'calc_performance_every': 1}

=============================
CONFIG FILE

RNN CONFIG
{'batchnorm': {'modes': [], 'momentum': 0.98, 'tau': 5, 'type': 'none'},
 'learning_rate': 0.02,
 'learning_rate_tau': 10000,
 'mode': {'max_epochs': 100, 'min_error': 0, 'name': 'classic'},
 'task_id': 3}

DATA CONFIG
{'dataset': 'timit',
 'remove_bias': False,
 'te': {'in_seq_len': 40,
        'max_truncation': 0,
        'minibatch_mode': False,
        'minibatch_size': 500},
 'tr': {'in_seq_len': 40,
        'max_truncation': 0,
        'minibatch_mode': True,
        'minibatch_size': 1000},
 'va': {'in_seq_len': 40,
        'max_truncation': 0,
        'minibatch_mode': False,
        'minibatch_size': 500}}

TRAINING CONFIG
{'discrete_acts': [],
 'gradient_clip_value': 0.5,
 'layer_configs': [{'layer_type': 'input'},
                   {'init_config': {'c': {'b': 'all_zero', 'w': 'xavier'},
                                    'f': {'b': 'all_one', 'w': 'xavier'},
                                    'i': {'b': 'all_zero', 'w': 'xavier'},
                                    'o': {'b': 'all_zero', 'w': 'xavier'}},
                    'layer_type': 'lstm',
                    'regularization': {'mode': 'none',
                                       'output_zo_prob': 0.01,
                                       'state_zo_prob': 0.05},
                    'var_scope': 'lstm_0'},
                   {'init_config': {'c': {'b': 'all_zero', 'w': 'xavier'},
                                    'f': {'b': 'all_one', 'w': 'xavier'},
                                    'i': {'b': 'all_zero', 'w': 'xavier'},
                                    'o': {'b': 'all_zero', 'w': 'xavier'}},
                    'layer_type': 'lstm',
                    'regularization': {'mode': 'none',
                                       'output_zo_prob': 0.01,
                                       'state_zo_prob': 0.05},
                    'var_scope': 'lstm_1'},
                   {'init_config': {'b': 'all_zero', 'w': 'xavier'},
                    'layer_type': 'fc',
                    'regularization': {'mode': 'l2', 'strength': 0.0},
                    'var_scope': 'output_layer'}],
 'layout': [13, 100, 20, 60],
 'n_bins': 2.0,
 'output_type': 'classification',
 'weight_type': 'continuous'}
==============================


  0,  0 | TrAcc: 0.0128, TrLoss:  4.54249, VaAcc: 0.0116, VaLoss:  4.52939
  1,  0 | TrAcc: 0.4142, TrLoss:  2.07996, VaAcc: 0.3836, VaLoss:  2.32635
  2,  0 | TrAcc: 0.4718, TrLoss:  1.80312, VaAcc: 0.4084, VaLoss:  2.19615
  3,  0 | TrAcc: 0.5058, TrLoss:  1.67112, VaAcc: 0.4368, VaLoss:  2.15771
  4,  0 | TrAcc: 0.5284, TrLoss:  1.58956, VaAcc: 0.4442, VaLoss:  2.12763
  5,  0 | TrAcc: 0.5379, TrLoss:  1.54577, VaAcc: 0.4465, VaLoss:  2.13556
  6,  0 | TrAcc: 0.5538, TrLoss:  1.47548, VaAcc: 0.4511, VaLoss:  2.12029
  7,  0 | TrAcc: 0.5574, TrLoss:  1.48045, VaAcc: 0.4459, VaLoss:  2.14877
  8,  0 | TrAcc: 0.5726, TrLoss:  1.41946, VaAcc: 0.4493, VaLoss:  2.15572
  9,  0 | TrAcc: 0.5777, TrLoss:  1.37822, VaAcc: 0.4491, VaLoss:  2.15329
 10,  0 | TrAcc: 0.5866, TrLoss:  1.36236, VaAcc: 0.4450, VaLoss:  2.17428
 11,  0 | TrAcc: 0.5864, TrLoss:  1.34153, VaAcc: 0.4491, VaLoss:  2.19032
 12,  0 | TrAcc: 0.5901, TrLoss:  1.32993, VaAcc: 0.4405, VaLoss:  2.18553
 13,  0 | TrAcc: 0.5858, TrLoss:  1.34254, VaAcc: 0.4416, VaLoss:  2.20121
 14,  0 | TrAcc: 0.5931, TrLoss:  1.28937, VaAcc: 0.4429, VaLoss:  2.19147
 15,  0 | TrAcc: 0.6060, TrLoss:  1.27430, VaAcc: 0.4487, VaLoss:  2.21302
 16,  0 | TrAcc: 0.6076, TrLoss:  1.26859, VaAcc: 0.4476, VaLoss:  2.20546
 17,  0 | TrAcc: 0.6115, TrLoss:  1.26131, VaAcc: 0.4409, VaLoss:  2.23255
 18,  0 | TrAcc: 0.6197, TrLoss:  1.23104, VaAcc: 0.4463, VaLoss:  2.21772
 19,  0 | TrAcc: 0.6251, TrLoss:  1.21438, VaAcc: 0.4498, VaLoss:  2.21636
 20,  0 | TrAcc: 0.6217, TrLoss:  1.21854, VaAcc: 0.4444, VaLoss:  2.24219
 21,  0 | TrAcc: 0.6272, TrLoss:  1.19868, VaAcc: 0.4386, VaLoss:  2.24145
 22,  0 | TrAcc: 0.6285, TrLoss:  1.19555, VaAcc: 0.4437, VaLoss:  2.24575
 23,  0 | TrAcc: 0.6319, TrLoss:  1.18258, VaAcc: 0.4498, VaLoss:  2.23667
 24,  0 | TrAcc: 0.6353, TrLoss:  1.17957, VaAcc: 0.4470, VaLoss:  2.25732
 25,  0 | TrAcc: 0.6386, TrLoss:  1.15243, VaAcc: 0.4312, VaLoss:  2.26214
 26,  0 | TrAcc: 0.6398, TrLoss:  1.15616, VaAcc: 0.4407, VaLoss:  2.26478
 27,  0 | TrAcc: 0.6355, TrLoss:  1.16135, VaAcc: 0.4357, VaLoss:  2.27028
 28,  0 | TrAcc: 0.6430, TrLoss:  1.14434, VaAcc: 0.4442, VaLoss:  2.27027
 29,  0 | TrAcc: 0.6430, TrLoss:  1.14303, VaAcc: 0.4373, VaLoss:  2.28773
 30,  0 | TrAcc: 0.6526, TrLoss:  1.11986, VaAcc: 0.4349, VaLoss:  2.28265
 31,  0 | TrAcc: 0.6486, TrLoss:  1.14030, VaAcc: 0.4444, VaLoss:  2.28183
 32,  0 | TrAcc: 0.6488, TrLoss:  1.11977, VaAcc: 0.4392, VaLoss:  2.29332
 33,  0 | TrAcc: 0.6578, TrLoss:  1.10218, VaAcc: 0.4422, VaLoss:  2.29232
 34,  0 | TrAcc: 0.6483, TrLoss:  1.12808, VaAcc: 0.4297, VaLoss:  2.31154
 35,  0 | TrAcc: 0.6510, TrLoss:  1.10451, VaAcc: 0.4360, VaLoss:  2.29830
 36,  0 | TrAcc: 0.6612, TrLoss:  1.10074, VaAcc: 0.4357, VaLoss:  2.32131
 37,  0 | TrAcc: 0.6588, TrLoss:  1.09314, VaAcc: 0.4381, VaLoss:  2.30728
 38,  0 | TrAcc: 0.6617, TrLoss:  1.07120, VaAcc: 0.4420, VaLoss:  2.29955
 39,  0 | TrAcc: 0.6594, TrLoss:  1.09160, VaAcc: 0.4260, VaLoss:  2.32308
 40,  0 | TrAcc: 0.6674, TrLoss:  1.05617, VaAcc: 0.4293, VaLoss:  2.32343
 41,  0 | TrAcc: 0.6648, TrLoss:  1.06119, VaAcc: 0.4250, VaLoss:  2.32087
 42,  0 | TrAcc: 0.6700, TrLoss:  1.06000, VaAcc: 0.4213, VaLoss:  2.33760
 43,  0 | TrAcc: 0.6686, TrLoss:  1.05299, VaAcc: 0.4241, VaLoss:  2.33761
 44,  0 | TrAcc: 0.6764, TrLoss:  1.02676, VaAcc: 0.4248, VaLoss:  2.33590
 45,  0 | TrAcc: 0.6798, TrLoss:  1.02075, VaAcc: 0.4254, VaLoss:  2.33522
 46,  0 | TrAcc: 0.6728, TrLoss:  1.04851, VaAcc: 0.4299, VaLoss:  2.33586
 47,  0 | TrAcc: 0.6655, TrLoss:  1.05836, VaAcc: 0.4342, VaLoss:  2.32512
 48,  0 | TrAcc: 0.6725, TrLoss:  1.04259, VaAcc: 0.4245, VaLoss:  2.34385
 49,  0 | TrAcc: 0.6740, TrLoss:  1.02717, VaAcc: 0.4336, VaLoss:  2.35407
 50,  0 | TrAcc: 0.6740, TrLoss:  1.03731, VaAcc: 0.4317, VaLoss:  2.34264
 51,  0 | TrAcc: 0.6707, TrLoss:  1.03347, VaAcc: 0.4310, VaLoss:  2.34857
 52,  0 | TrAcc: 0.6775, TrLoss:  1.02489, VaAcc: 0.4226, VaLoss:  2.35466
 53,  0 | TrAcc: 0.6760, TrLoss:  1.03060, VaAcc: 0.4310, VaLoss:  2.36309
 54,  0 | TrAcc: 0.6779, TrLoss:  1.00892, VaAcc: 0.4317, VaLoss:  2.34692
 55,  0 | TrAcc: 0.6826, TrLoss:  1.01557, VaAcc: 0.4295, VaLoss:  2.35243
 56,  0 | TrAcc: 0.6826, TrLoss:  1.00401, VaAcc: 0.4329, VaLoss:  2.35512
 57,  0 | TrAcc: 0.6925, TrLoss:  0.98472, VaAcc: 0.4265, VaLoss:  2.35093
 58,  0 | TrAcc: 0.6908, TrLoss:  0.99875, VaAcc: 0.4422, VaLoss:  2.35856
 59,  0 | TrAcc: 0.6962, TrLoss:  0.97416, VaAcc: 0.4297, VaLoss:  2.37543
 60,  0 | TrAcc: 0.6874, TrLoss:  0.98784, VaAcc: 0.4213, VaLoss:  2.36156
 61,  0 | TrAcc: 0.6946, TrLoss:  0.96573, VaAcc: 0.4211, VaLoss:  2.37349
 62,  0 | TrAcc: 0.6856, TrLoss:  0.99920, VaAcc: 0.4157, VaLoss:  2.38131
 63,  0 | TrAcc: 0.6859, TrLoss:  0.99577, VaAcc: 0.4280, VaLoss:  2.37371
 64,  0 | TrAcc: 0.6802, TrLoss:  1.01514, VaAcc: 0.4215, VaLoss:  2.37847
 65,  0 | TrAcc: 0.6853, TrLoss:  0.99717, VaAcc: 0.4213, VaLoss:  2.38677
 66,  0 | TrAcc: 0.6861, TrLoss:  0.99374, VaAcc: 0.4191, VaLoss:  2.39063
 67,  0 | TrAcc: 0.6882, TrLoss:  0.98825, VaAcc: 0.4153, VaLoss:  2.38440
 68,  0 | TrAcc: 0.6966, TrLoss:  0.96548, VaAcc: 0.4217, VaLoss:  2.38486
 69,  0 | TrAcc: 0.6914, TrLoss:  0.96740, VaAcc: 0.4235, VaLoss:  2.39248
 70,  0 | TrAcc: 0.6989, TrLoss:  0.94990, VaAcc: 0.4267, VaLoss:  2.37879
 71,  0 | TrAcc: 0.7025, TrLoss:  0.95627, VaAcc: 0.4213, VaLoss:  2.38325
 72,  0 | TrAcc: 0.6851, TrLoss:  0.99320, VaAcc: 0.4282, VaLoss:  2.39166
 73,  0 | TrAcc: 0.7006, TrLoss:  0.94578, VaAcc: 0.4228, VaLoss:  2.38651
 74,  0 | TrAcc: 0.7036, TrLoss:  0.93619, VaAcc: 0.4327, VaLoss:  2.36303
 75,  0 | TrAcc: 0.7034, TrLoss:  0.93136, VaAcc: 0.4213, VaLoss:  2.39789
 76,  0 | TrAcc: 0.7085, TrLoss:  0.92898, VaAcc: 0.4250, VaLoss:  2.39333
 77,  0 | TrAcc: 0.7073, TrLoss:  0.92554, VaAcc: 0.4301, VaLoss:  2.39004
 78,  0 | TrAcc: 0.7045, TrLoss:  0.93912, VaAcc: 0.4222, VaLoss:  2.40997
 79,  0 | TrAcc: 0.7094, TrLoss:  0.93375, VaAcc: 0.4219, VaLoss:  2.41261
 80,  0 | TrAcc: 0.7040, TrLoss:  0.93625, VaAcc: 0.4148, VaLoss:  2.42149
 81,  0 | TrAcc: 0.7026, TrLoss:  0.94897, VaAcc: 0.4222, VaLoss:  2.41146
 82,  0 | TrAcc: 0.7025, TrLoss:  0.94718, VaAcc: 0.4213, VaLoss:  2.40673
 83,  0 | TrAcc: 0.6989, TrLoss:  0.94534, VaAcc: 0.4170, VaLoss:  2.41259
 84,  0 | TrAcc: 0.7041, TrLoss:  0.94003, VaAcc: 0.4213, VaLoss:  2.40139
 85,  0 | TrAcc: 0.6975, TrLoss:  0.94286, VaAcc: 0.4166, VaLoss:  2.41553
 86,  0 | TrAcc: 0.7180, TrLoss:  0.89971, VaAcc: 0.4073, VaLoss:  2.43352
 87,  0 | TrAcc: 0.7059, TrLoss:  0.93571, VaAcc: 0.4142, VaLoss:  2.41736
 88,  0 | TrAcc: 0.7070, TrLoss:  0.93314, VaAcc: 0.4211, VaLoss:  2.41256
 89,  0 | TrAcc: 0.7095, TrLoss:  0.92774, VaAcc: 0.4191, VaLoss:  2.40897
 90,  0 | TrAcc: 0.7145, TrLoss:  0.91485, VaAcc: 0.4263, VaLoss:  2.41003
 91,  0 | TrAcc: 0.7004, TrLoss:  0.94059, VaAcc: 0.4110, VaLoss:  2.41916
 92,  0 | TrAcc: 0.7184, TrLoss:  0.91336, VaAcc: 0.4271, VaLoss:  2.40698
 93,  0 | TrAcc: 0.7045, TrLoss:  0.94194, VaAcc: 0.4213, VaLoss:  2.40995
 94,  0 | TrAcc: 0.7120, TrLoss:  0.91688, VaAcc: 0.4204, VaLoss:  2.41253
 95,  0 | TrAcc: 0.7125, TrLoss:  0.91403, VaAcc: 0.4107, VaLoss:  2.41343
 96,  0 | TrAcc: 0.7222, TrLoss:  0.89012, VaAcc: 0.4043, VaLoss:  2.43746
 97,  0 | TrAcc: 0.7200, TrLoss:  0.88830, VaAcc: 0.4146, VaLoss:  2.40540
 98,  0 | TrAcc: 0.7232, TrLoss:  0.89915, VaAcc: 0.4099, VaLoss:  2.43019
 99,  0 | TrAcc: 0.7154, TrLoss:  0.90797, VaAcc: 0.4097, VaLoss:  2.43012

=============================
CONFIG FILE

RNN CONFIG
{'batchnorm': {'modes': [], 'momentum': 0.98, 'tau': 5, 'type': 'none'},
 'learning_rate': 0.02,
 'learning_rate_tau': 10000,
 'mode': {'max_epochs': 100, 'min_error': 0, 'name': 'classic'},
 'task_id': 3}

DATA CONFIG
{'dataset': 'timit',
 'remove_bias': False,
 'te': {'in_seq_len': 40,
        'max_truncation': 0,
        'minibatch_mode': False,
        'minibatch_size': 500},
 'tr': {'in_seq_len': 40,
        'max_truncation': 0,
        'minibatch_mode': True,
        'minibatch_size': 1000},
 'va': {'in_seq_len': 40,
        'max_truncation': 0,
        'minibatch_mode': False,
        'minibatch_size': 500}}

TRAINING CONFIG
{'discrete_acts': [],
 'gradient_clip_value': 0.5,
 'layer_configs': [{'layer_type': 'input'},
                   {'init_config': {'c': {'b': 'all_zero', 'w': 'xavier'},
                                    'f': {'b': 'all_one', 'w': 'xavier'},
                                    'i': {'b': 'all_zero', 'w': 'xavier'},
                                    'o': {'b': 'all_zero', 'w': 'xavier'}},
                    'layer_type': 'lstm',
                    'regularization': {'mode': 'none',
                                       'output_zo_prob': 0.01,
                                       'state_zo_prob': 0.05},
                    'var_scope': 'lstm_0'},
                   {'init_config': {'c': {'b': 'all_zero', 'w': 'xavier'},
                                    'f': {'b': 'all_one', 'w': 'xavier'},
                                    'i': {'b': 'all_zero', 'w': 'xavier'},
                                    'o': {'b': 'all_zero', 'w': 'xavier'}},
                    'layer_type': 'lstm',
                    'regularization': {'mode': 'none',
                                       'output_zo_prob': 0.01,
                                       'state_zo_prob': 0.05},
                    'var_scope': 'lstm_1'},
                   {'init_config': {'b': 'all_zero', 'w': 'xavier'},
                    'layer_type': 'fc',
                    'regularization': {'mode': 'l2', 'strength': 0.0},
                    'var_scope': 'output_layer'}],
 'layout': [13, 100, 20, 60],
 'n_bins': 2.0,
 'output_type': 'classification',
 'weight_type': 'continuous'}
==============================


  0,  0 | TrAcc: 0.0169, TrLoss:  4.65306, VaAcc: 0.0172, VaLoss:  4.62009
  1,  0 | TrAcc: 0.4146, TrLoss:  2.08659, VaAcc: 0.3715, VaLoss:  2.34146
  2,  0 | TrAcc: 0.4720, TrLoss:  1.81603, VaAcc: 0.4110, VaLoss:  2.21500
  3,  0 | TrAcc: 0.5021, TrLoss:  1.68070, VaAcc: 0.4291, VaLoss:  2.17904
  4,  0 | TrAcc: 0.5222, TrLoss:  1.58915, VaAcc: 0.4370, VaLoss:  2.15428
  5,  0 | TrAcc: 0.5354, TrLoss:  1.54329, VaAcc: 0.4474, VaLoss:  2.14432
  6,  0 | TrAcc: 0.5565, TrLoss:  1.47753, VaAcc: 0.4491, VaLoss:  2.13691
  7,  0 | TrAcc: 0.5619, TrLoss:  1.44836, VaAcc: 0.4442, VaLoss:  2.14606
  8,  0 | TrAcc: 0.5715, TrLoss:  1.41061, VaAcc: 0.4495, VaLoss:  2.15197
  9,  0 | TrAcc: 0.5776, TrLoss:  1.38595, VaAcc: 0.4495, VaLoss:  2.16270
 10,  0 | TrAcc: 0.5905, TrLoss:  1.34987, VaAcc: 0.4465, VaLoss:  2.16757
 11,  0 | TrAcc: 0.5881, TrLoss:  1.33250, VaAcc: 0.4562, VaLoss:  2.18173
 12,  0 | TrAcc: 0.6033, TrLoss:  1.29817, VaAcc: 0.4517, VaLoss:  2.17831
 13,  0 | TrAcc: 0.6015, TrLoss:  1.29340, VaAcc: 0.4465, VaLoss:  2.20908
 14,  0 | TrAcc: 0.6106, TrLoss:  1.27742, VaAcc: 0.4584, VaLoss:  2.19406
 15,  0 | TrAcc: 0.6131, TrLoss:  1.25644, VaAcc: 0.4560, VaLoss:  2.20885
 16,  0 | TrAcc: 0.6165, TrLoss:  1.24863, VaAcc: 0.4504, VaLoss:  2.21644
 17,  0 | TrAcc: 0.6217, TrLoss:  1.23130, VaAcc: 0.4452, VaLoss:  2.22940
 18,  0 | TrAcc: 0.6238, TrLoss:  1.22193, VaAcc: 0.4519, VaLoss:  2.23564
 19,  0 | TrAcc: 0.6252, TrLoss:  1.21735, VaAcc: 0.4465, VaLoss:  2.23776
 20,  0 | TrAcc: 0.6291, TrLoss:  1.20586, VaAcc: 0.4493, VaLoss:  2.24680
 21,  0 | TrAcc: 0.6370, TrLoss:  1.17563, VaAcc: 0.4506, VaLoss:  2.24156
 22,  0 | TrAcc: 0.6385, TrLoss:  1.16088, VaAcc: 0.4545, VaLoss:  2.23877
 23,  0 | TrAcc: 0.6291, TrLoss:  1.19264, VaAcc: 0.4467, VaLoss:  2.25797
 24,  0 | TrAcc: 0.6411, TrLoss:  1.15161, VaAcc: 0.4465, VaLoss:  2.25388
 25,  0 | TrAcc: 0.6392, TrLoss:  1.15684, VaAcc: 0.4450, VaLoss:  2.26462
 26,  0 | TrAcc: 0.6430, TrLoss:  1.14219, VaAcc: 0.4360, VaLoss:  2.28010
 27,  0 | TrAcc: 0.6485, TrLoss:  1.12763, VaAcc: 0.4409, VaLoss:  2.27985
 28,  0 | TrAcc: 0.6473, TrLoss:  1.13412, VaAcc: 0.4386, VaLoss:  2.28014
 29,  0 | TrAcc: 0.6483, TrLoss:  1.13215, VaAcc: 0.4319, VaLoss:  2.28626
 30,  0 | TrAcc: 0.6588, TrLoss:  1.10840, VaAcc: 0.4349, VaLoss:  2.29590
 31,  0 | TrAcc: 0.6539, TrLoss:  1.11360, VaAcc: 0.4394, VaLoss:  2.28384
 32,  0 | TrAcc: 0.6633, TrLoss:  1.08773, VaAcc: 0.4420, VaLoss:  2.29174
 33,  0 | TrAcc: 0.6596, TrLoss:  1.09554, VaAcc: 0.4394, VaLoss:  2.30817
 34,  0 | TrAcc: 0.6550, TrLoss:  1.10450, VaAcc: 0.4463, VaLoss:  2.29161
 35,  0 | TrAcc: 0.6597, TrLoss:  1.09763, VaAcc: 0.4373, VaLoss:  2.30138
 36,  0 | TrAcc: 0.6573, TrLoss:  1.09720, VaAcc: 0.4457, VaLoss:  2.29231
 37,  0 | TrAcc: 0.6698, TrLoss:  1.06119, VaAcc: 0.4396, VaLoss:  2.30087
 38,  0 | TrAcc: 0.6607, TrLoss:  1.08190, VaAcc: 0.4386, VaLoss:  2.31546
 39,  0 | TrAcc: 0.6662, TrLoss:  1.07109, VaAcc: 0.4381, VaLoss:  2.31427
 40,  0 | TrAcc: 0.6636, TrLoss:  1.06061, VaAcc: 0.4450, VaLoss:  2.31626
 41,  0 | TrAcc: 0.6758, TrLoss:  1.04328, VaAcc: 0.4351, VaLoss:  2.31369
 42,  0 | TrAcc: 0.6746, TrLoss:  1.04127, VaAcc: 0.4276, VaLoss:  2.32353
 43,  0 | TrAcc: 0.6668, TrLoss:  1.04985, VaAcc: 0.4418, VaLoss:  2.33784
 44,  0 | TrAcc: 0.6755, TrLoss:  1.03782, VaAcc: 0.4347, VaLoss:  2.31580
 45,  0 | TrAcc: 0.6839, TrLoss:  1.01144, VaAcc: 0.4353, VaLoss:  2.31794
 46,  0 | TrAcc: 0.6652, TrLoss:  1.06477, VaAcc: 0.4345, VaLoss:  2.35081
 47,  0 | TrAcc: 0.6764, TrLoss:  1.03313, VaAcc: 0.4342, VaLoss:  2.34987
 48,  0 | TrAcc: 0.6761, TrLoss:  1.03293, VaAcc: 0.4237, VaLoss:  2.34162
 49,  0 | TrAcc: 0.6806, TrLoss:  1.02683, VaAcc: 0.4388, VaLoss:  2.33453
 50,  0 | TrAcc: 0.6792, TrLoss:  1.02500, VaAcc: 0.4286, VaLoss:  2.33854
 51,  0 | TrAcc: 0.6797, TrLoss:  1.03696, VaAcc: 0.4381, VaLoss:  2.34881
 52,  0 | TrAcc: 0.6810, TrLoss:  1.01536, VaAcc: 0.4325, VaLoss:  2.34689
 53,  0 | TrAcc: 0.6796, TrLoss:  1.01974, VaAcc: 0.4379, VaLoss:  2.34098
 54,  0 | TrAcc: 0.6860, TrLoss:  0.99356, VaAcc: 0.4308, VaLoss:  2.35759
 55,  0 | TrAcc: 0.6850, TrLoss:  1.00902, VaAcc: 0.4360, VaLoss:  2.35706
 56,  0 | TrAcc: 0.6829, TrLoss:  1.00461, VaAcc: 0.4291, VaLoss:  2.35916
 57,  0 | TrAcc: 0.6861, TrLoss:  1.00637, VaAcc: 0.4299, VaLoss:  2.36544
 58,  0 | TrAcc: 0.6943, TrLoss:  0.98578, VaAcc: 0.4342, VaLoss:  2.35944
 59,  0 | TrAcc: 0.6885, TrLoss:  0.98140, VaAcc: 0.4364, VaLoss:  2.35680
 60,  0 | TrAcc: 0.6905, TrLoss:  0.97579, VaAcc: 0.4232, VaLoss:  2.36109
 61,  0 | TrAcc: 0.7009, TrLoss:  0.95985, VaAcc: 0.4276, VaLoss:  2.36574
 62,  0 | TrAcc: 0.6863, TrLoss:  0.98338, VaAcc: 0.4323, VaLoss:  2.36810
 63,  0 | TrAcc: 0.6978, TrLoss:  0.96572, VaAcc: 0.4306, VaLoss:  2.36169
 64,  0 | TrAcc: 0.6926, TrLoss:  0.96811, VaAcc: 0.4286, VaLoss:  2.37052
 65,  0 | TrAcc: 0.6937, TrLoss:  0.98369, VaAcc: 0.4230, VaLoss:  2.36093
 66,  0 | TrAcc: 0.6936, TrLoss:  0.97044, VaAcc: 0.4345, VaLoss:  2.35573
 67,  0 | TrAcc: 0.6944, TrLoss:  0.97803, VaAcc: 0.4381, VaLoss:  2.35293
 68,  0 | TrAcc: 0.6954, TrLoss:  0.97836, VaAcc: 0.4230, VaLoss:  2.37707
 69,  0 | TrAcc: 0.6976, TrLoss:  0.94832, VaAcc: 0.4282, VaLoss:  2.37897
 70,  0 | TrAcc: 0.7009, TrLoss:  0.95431, VaAcc: 0.4235, VaLoss:  2.38616
 71,  0 | TrAcc: 0.7045, TrLoss:  0.94186, VaAcc: 0.4239, VaLoss:  2.37859
 72,  0 | TrAcc: 0.6981, TrLoss:  0.95356, VaAcc: 0.4297, VaLoss:  2.38781
 73,  0 | TrAcc: 0.7015, TrLoss:  0.94506, VaAcc: 0.4222, VaLoss:  2.38122
 74,  0 | TrAcc: 0.7004, TrLoss:  0.94936, VaAcc: 0.4125, VaLoss:  2.39425
 75,  0 | TrAcc: 0.7088, TrLoss:  0.92726, VaAcc: 0.4176, VaLoss:  2.38934
 76,  0 | TrAcc: 0.7122, TrLoss:  0.92909, VaAcc: 0.4301, VaLoss:  2.37780
 77,  0 | TrAcc: 0.7116, TrLoss:  0.91303, VaAcc: 0.4319, VaLoss:  2.38601
 78,  0 | TrAcc: 0.7047, TrLoss:  0.94764, VaAcc: 0.4260, VaLoss:  2.37655
 79,  0 | TrAcc: 0.7066, TrLoss:  0.92741, VaAcc: 0.4282, VaLoss:  2.39878
 80,  0 | TrAcc: 0.7025, TrLoss:  0.94436, VaAcc: 0.4183, VaLoss:  2.39641
 81,  0 | TrAcc: 0.7097, TrLoss:  0.92069, VaAcc: 0.4131, VaLoss:  2.41719
 82,  0 | TrAcc: 0.7155, TrLoss:  0.91754, VaAcc: 0.4207, VaLoss:  2.39379
 83,  0 | TrAcc: 0.7171, TrLoss:  0.90790, VaAcc: 0.4211, VaLoss:  2.40122
 84,  0 | TrAcc: 0.7144, TrLoss:  0.91263, VaAcc: 0.4323, VaLoss:  2.40394
 85,  0 | TrAcc: 0.7069, TrLoss:  0.93190, VaAcc: 0.4185, VaLoss:  2.40826
 86,  0 | TrAcc: 0.7083, TrLoss:  0.92398, VaAcc: 0.4228, VaLoss:  2.41343
 87,  0 | TrAcc: 0.7151, TrLoss:  0.90191, VaAcc: 0.4209, VaLoss:  2.40379
 88,  0 | TrAcc: 0.7207, TrLoss:  0.88432, VaAcc: 0.4269, VaLoss:  2.39676
 89,  0 | TrAcc: 0.7117, TrLoss:  0.90672, VaAcc: 0.4226, VaLoss:  2.40379
 90,  0 | TrAcc: 0.7134, TrLoss:  0.91299, VaAcc: 0.4161, VaLoss:  2.41694
 91,  0 | TrAcc: 0.7140, TrLoss:  0.91149, VaAcc: 0.4213, VaLoss:  2.40325
 92,  0 | TrAcc: 0.7151, TrLoss:  0.90571, VaAcc: 0.4207, VaLoss:  2.42296
 93,  0 | TrAcc: 0.7196, TrLoss:  0.89130, VaAcc: 0.4295, VaLoss:  2.39807
 94,  0 | TrAcc: 0.7031, TrLoss:  0.92664, VaAcc: 0.4181, VaLoss:  2.41698
 95,  0 | TrAcc: 0.7187, TrLoss:  0.89134, VaAcc: 0.4256, VaLoss:  2.39547
 96,  0 | TrAcc: 0.7182, TrLoss:  0.89623, VaAcc: 0.4314, VaLoss:  2.39697
 97,  0 | TrAcc: 0.7152, TrLoss:  0.90682, VaAcc: 0.4110, VaLoss:  2.41203
 98,  0 | TrAcc: 0.7305, TrLoss:  0.86193, VaAcc: 0.4207, VaLoss:  2.40385
 99,  0 | TrAcc: 0.7234, TrLoss:  0.87166, VaAcc: 0.4148, VaLoss:  2.40890

=============================
CONFIG FILE

RNN CONFIG
{'batchnorm': {'modes': [], 'momentum': 0.98, 'tau': 5, 'type': 'none'},
 'learning_rate': 0.02,
 'learning_rate_tau': 10000,
 'mode': {'max_epochs': 100, 'min_error': 0, 'name': 'classic'},
 'task_id': 3}

DATA CONFIG
{'dataset': 'timit',
 'remove_bias': False,
 'te': {'in_seq_len': 40,
        'max_truncation': 0,
        'minibatch_mode': False,
        'minibatch_size': 500},
 'tr': {'in_seq_len': 40,
        'max_truncation': 0,
        'minibatch_mode': True,
        'minibatch_size': 1000},
 'va': {'in_seq_len': 40,
        'max_truncation': 0,
        'minibatch_mode': False,
        'minibatch_size': 500}}

TRAINING CONFIG
{'discrete_acts': [],
 'gradient_clip_value': 0.5,
 'layer_configs': [{'layer_type': 'input'},
                   {'init_config': {'c': {'b': 'all_zero', 'w': 'xavier'},
                                    'f': {'b': 'all_one', 'w': 'xavier'},
                                    'i': {'b': 'all_zero', 'w': 'xavier'},
                                    'o': {'b': 'all_zero', 'w': 'xavier'}},
                    'layer_type': 'lstm',
                    'regularization': {'mode': 'none',
                                       'output_zo_prob': 0.01,
                                       'state_zo_prob': 0.05},
                    'var_scope': 'lstm_0'},
                   {'init_config': {'c': {'b': 'all_zero', 'w': 'xavier'},
                                    'f': {'b': 'all_one', 'w': 'xavier'},
                                    'i': {'b': 'all_zero', 'w': 'xavier'},
                                    'o': {'b': 'all_zero', 'w': 'xavier'}},
                    'layer_type': 'lstm',
                    'regularization': {'mode': 'none',
                                       'output_zo_prob': 0.01,
                                       'state_zo_prob': 0.05},
                    'var_scope': 'lstm_1'},
                   {'init_config': {'b': 'all_zero', 'w': 'xavier'},
                    'layer_type': 'fc',
                    'regularization': {'mode': 'l2', 'strength': 0.0},
                    'var_scope': 'output_layer'}],
 'layout': [13, 100, 20, 60],
 'n_bins': 2.0,
 'output_type': 'classification',
 'weight_type': 'continuous'}
==============================


  0,  0 | TrAcc: 0.0203, TrLoss:  4.55090, VaAcc: 0.0175, VaLoss:  4.56426
  1,  0 | TrAcc: 0.4116, TrLoss:  2.07470, VaAcc: 0.3777, VaLoss:  2.32300
  2,  0 | TrAcc: 0.4764, TrLoss:  1.78301, VaAcc: 0.4142, VaLoss:  2.17928
  3,  0 | TrAcc: 0.5046, TrLoss:  1.67392, VaAcc: 0.4340, VaLoss:  2.14952
  4,  0 | TrAcc: 0.5208, TrLoss:  1.58473, VaAcc: 0.4435, VaLoss:  2.13523
  5,  0 | TrAcc: 0.5439, TrLoss:  1.51320, VaAcc: 0.4584, VaLoss:  2.11103
  6,  0 | TrAcc: 0.5550, TrLoss:  1.48330, VaAcc: 0.4474, VaLoss:  2.12978
  7,  0 | TrAcc: 0.5536, TrLoss:  1.46876, VaAcc: 0.4571, VaLoss:  2.14339
  8,  0 | TrAcc: 0.5655, TrLoss:  1.43022, VaAcc: 0.4556, VaLoss:  2.13542
  9,  0 | TrAcc: 0.5748, TrLoss:  1.39447, VaAcc: 0.4567, VaLoss:  2.14426
 10,  0 | TrAcc: 0.5820, TrLoss:  1.36586, VaAcc: 0.4558, VaLoss:  2.14757
 11,  0 | TrAcc: 0.5915, TrLoss:  1.34077, VaAcc: 0.4543, VaLoss:  2.16856
 12,  0 | TrAcc: 0.5980, TrLoss:  1.31045, VaAcc: 0.4623, VaLoss:  2.18211
 13,  0 | TrAcc: 0.6058, TrLoss:  1.29233, VaAcc: 0.4631, VaLoss:  2.16665
 14,  0 | TrAcc: 0.6026, TrLoss:  1.29246, VaAcc: 0.4459, VaLoss:  2.18788
 15,  0 | TrAcc: 0.6063, TrLoss:  1.27664, VaAcc: 0.4459, VaLoss:  2.19367
 16,  0 | TrAcc: 0.6158, TrLoss:  1.25289, VaAcc: 0.4530, VaLoss:  2.20440
 17,  0 | TrAcc: 0.6185, TrLoss:  1.24207, VaAcc: 0.4571, VaLoss:  2.20309
 18,  0 | TrAcc: 0.6314, TrLoss:  1.20007, VaAcc: 0.4457, VaLoss:  2.22365
 19,  0 | TrAcc: 0.6274, TrLoss:  1.19398, VaAcc: 0.4470, VaLoss:  2.21581
 20,  0 | TrAcc: 0.6330, TrLoss:  1.18528, VaAcc: 0.4433, VaLoss:  2.24318
 21,  0 | TrAcc: 0.6346, TrLoss:  1.17324, VaAcc: 0.4448, VaLoss:  2.24059
 22,  0 | TrAcc: 0.6412, TrLoss:  1.16111, VaAcc: 0.4375, VaLoss:  2.27056
 23,  0 | TrAcc: 0.6385, TrLoss:  1.17074, VaAcc: 0.4345, VaLoss:  2.25933
 24,  0 | TrAcc: 0.6423, TrLoss:  1.15986, VaAcc: 0.4448, VaLoss:  2.26611
 25,  0 | TrAcc: 0.6510, TrLoss:  1.12611, VaAcc: 0.4379, VaLoss:  2.25906
 26,  0 | TrAcc: 0.6545, TrLoss:  1.10965, VaAcc: 0.4452, VaLoss:  2.26220
 27,  0 | TrAcc: 0.6510, TrLoss:  1.12515, VaAcc: 0.4388, VaLoss:  2.27906
 28,  0 | TrAcc: 0.6455, TrLoss:  1.13271, VaAcc: 0.4375, VaLoss:  2.29277
 29,  0 | TrAcc: 0.6483, TrLoss:  1.13692, VaAcc: 0.4435, VaLoss:  2.29553
 30,  0 | TrAcc: 0.6418, TrLoss:  1.14172, VaAcc: 0.4532, VaLoss:  2.27715
 31,  0 | TrAcc: 0.6584, TrLoss:  1.10127, VaAcc: 0.4463, VaLoss:  2.28368
 32,  0 | TrAcc: 0.6594, TrLoss:  1.09925, VaAcc: 0.4608, VaLoss:  2.27478
 33,  0 | TrAcc: 0.6696, TrLoss:  1.06127, VaAcc: 0.4450, VaLoss:  2.30407
 34,  0 | TrAcc: 0.6544, TrLoss:  1.08729, VaAcc: 0.4435, VaLoss:  2.30245
 35,  0 | TrAcc: 0.6663, TrLoss:  1.08132, VaAcc: 0.4409, VaLoss:  2.29868
 36,  0 | TrAcc: 0.6689, TrLoss:  1.06690, VaAcc: 0.4319, VaLoss:  2.30486
 37,  0 | TrAcc: 0.6697, TrLoss:  1.05087, VaAcc: 0.4398, VaLoss:  2.30233
 38,  0 | TrAcc: 0.6642, TrLoss:  1.06304, VaAcc: 0.4334, VaLoss:  2.30795
 39,  0 | TrAcc: 0.6701, TrLoss:  1.05238, VaAcc: 0.4375, VaLoss:  2.31388
 40,  0 | TrAcc: 0.6715, TrLoss:  1.05471, VaAcc: 0.4386, VaLoss:  2.31251
 41,  0 | TrAcc: 0.6714, TrLoss:  1.05197, VaAcc: 0.4405, VaLoss:  2.31008
 42,  0 | TrAcc: 0.6794, TrLoss:  1.02336, VaAcc: 0.4392, VaLoss:  2.32029
 43,  0 | TrAcc: 0.6856, TrLoss:  1.02107, VaAcc: 0.4429, VaLoss:  2.32130
 44,  0 | TrAcc: 0.6788, TrLoss:  1.02899, VaAcc: 0.4299, VaLoss:  2.33429
 45,  0 | TrAcc: 0.6785, TrLoss:  1.01834, VaAcc: 0.4418, VaLoss:  2.32766
 46,  0 | TrAcc: 0.6876, TrLoss:  1.00605, VaAcc: 0.4288, VaLoss:  2.35401
 47,  0 | TrAcc: 0.6785, TrLoss:  1.02260, VaAcc: 0.4334, VaLoss:  2.33743
 48,  0 | TrAcc: 0.6845, TrLoss:  1.00377, VaAcc: 0.4388, VaLoss:  2.35132
 49,  0 | TrAcc: 0.6923, TrLoss:  0.98565, VaAcc: 0.4357, VaLoss:  2.34044
 50,  0 | TrAcc: 0.6863, TrLoss:  0.99674, VaAcc: 0.4379, VaLoss:  2.33069
 51,  0 | TrAcc: 0.6930, TrLoss:  0.97789, VaAcc: 0.4288, VaLoss:  2.35912
 52,  0 | TrAcc: 0.6964, TrLoss:  0.97678, VaAcc: 0.4299, VaLoss:  2.36058
 53,  0 | TrAcc: 0.6941, TrLoss:  0.97570, VaAcc: 0.4269, VaLoss:  2.36074
 54,  0 | TrAcc: 0.6974, TrLoss:  0.96035, VaAcc: 0.4310, VaLoss:  2.35278
 55,  0 | TrAcc: 0.6992, TrLoss:  0.96189, VaAcc: 0.4286, VaLoss:  2.37016
 56,  0 | TrAcc: 0.6984, TrLoss:  0.97260, VaAcc: 0.4351, VaLoss:  2.35650
 57,  0 | TrAcc: 0.6985, TrLoss:  0.96749, VaAcc: 0.4310, VaLoss:  2.35969
 58,  0 | TrAcc: 0.7027, TrLoss:  0.95350, VaAcc: 0.4213, VaLoss:  2.38008
 59,  0 | TrAcc: 0.6902, TrLoss:  0.97939, VaAcc: 0.4248, VaLoss:  2.38405
 60,  0 | TrAcc: 0.6942, TrLoss:  0.96502, VaAcc: 0.4163, VaLoss:  2.38495
 61,  0 | TrAcc: 0.6948, TrLoss:  0.97021, VaAcc: 0.4125, VaLoss:  2.39128
 62,  0 | TrAcc: 0.6990, TrLoss:  0.95687, VaAcc: 0.4189, VaLoss:  2.38719
 63,  0 | TrAcc: 0.7021, TrLoss:  0.94210, VaAcc: 0.4209, VaLoss:  2.37275
 64,  0 | TrAcc: 0.7029, TrLoss:  0.93890, VaAcc: 0.4163, VaLoss:  2.39852
 65,  0 | TrAcc: 0.6991, TrLoss:  0.96256, VaAcc: 0.4138, VaLoss:  2.38991
 66,  0 | TrAcc: 0.6987, TrLoss:  0.95219, VaAcc: 0.4254, VaLoss:  2.38382
 67,  0 | TrAcc: 0.7116, TrLoss:  0.91944, VaAcc: 0.4252, VaLoss:  2.39951
 68,  0 | TrAcc: 0.6999, TrLoss:  0.94570, VaAcc: 0.4301, VaLoss:  2.38675
 69,  0 | TrAcc: 0.7082, TrLoss:  0.92179, VaAcc: 0.4159, VaLoss:  2.40039
 70,  0 | TrAcc: 0.7113, TrLoss:  0.92778, VaAcc: 0.4219, VaLoss:  2.39704
 71,  0 | TrAcc: 0.7034, TrLoss:  0.93431, VaAcc: 0.4198, VaLoss:  2.41115
 72,  0 | TrAcc: 0.7131, TrLoss:  0.91359, VaAcc: 0.4198, VaLoss:  2.39960
 73,  0 | TrAcc: 0.7070, TrLoss:  0.93844, VaAcc: 0.4295, VaLoss:  2.38694
 74,  0 | TrAcc: 0.7128, TrLoss:  0.90762, VaAcc: 0.4273, VaLoss:  2.39027
 75,  0 | TrAcc: 0.7174, TrLoss:  0.91251, VaAcc: 0.4174, VaLoss:  2.40301
 76,  0 | TrAcc: 0.7145, TrLoss:  0.91576, VaAcc: 0.4271, VaLoss:  2.39522
 77,  0 | TrAcc: 0.7206, TrLoss:  0.89818, VaAcc: 0.4183, VaLoss:  2.41183
 78,  0 | TrAcc: 0.7187, TrLoss:  0.89145, VaAcc: 0.4122, VaLoss:  2.41221
 79,  0 | TrAcc: 0.7211, TrLoss:  0.88003, VaAcc: 0.4181, VaLoss:  2.40323
 80,  0 | TrAcc: 0.7186, TrLoss:  0.89795, VaAcc: 0.4248, VaLoss:  2.41054
 81,  0 | TrAcc: 0.7225, TrLoss:  0.89093, VaAcc: 0.4168, VaLoss:  2.41801
 82,  0 | TrAcc: 0.7261, TrLoss:  0.88090, VaAcc: 0.4144, VaLoss:  2.40432
 83,  0 | TrAcc: 0.7303, TrLoss:  0.86379, VaAcc: 0.4172, VaLoss:  2.41563
 84,  0 | TrAcc: 0.7348, TrLoss:  0.84743, VaAcc: 0.4211, VaLoss:  2.40424
 85,  0 | TrAcc: 0.7204, TrLoss:  0.89298, VaAcc: 0.4228, VaLoss:  2.41448
 86,  0 | TrAcc: 0.7155, TrLoss:  0.90832, VaAcc: 0.4092, VaLoss:  2.40760
 87,  0 | TrAcc: 0.7247, TrLoss:  0.88094, VaAcc: 0.4228, VaLoss:  2.41018
 88,  0 | TrAcc: 0.7164, TrLoss:  0.90536, VaAcc: 0.4224, VaLoss:  2.41326
 89,  0 | TrAcc: 0.7191, TrLoss:  0.89052, VaAcc: 0.4219, VaLoss:  2.40808
 90,  0 | TrAcc: 0.7176, TrLoss:  0.88329, VaAcc: 0.4226, VaLoss:  2.40948
 91,  0 | TrAcc: 0.7259, TrLoss:  0.87985, VaAcc: 0.4228, VaLoss:  2.40606
 92,  0 | TrAcc: 0.7277, TrLoss:  0.86741, VaAcc: 0.4187, VaLoss:  2.42454
 93,  0 | TrAcc: 0.7164, TrLoss:  0.89411, VaAcc: 0.4155, VaLoss:  2.41385
 94,  0 | TrAcc: 0.7180, TrLoss:  0.87911, VaAcc: 0.4263, VaLoss:  2.41068
 95,  0 | TrAcc: 0.7317, TrLoss:  0.86128, VaAcc: 0.4228, VaLoss:  2.41815
 96,  0 | TrAcc: 0.7317, TrLoss:  0.86575, VaAcc: 0.4295, VaLoss:  2.41201
 97,  0 | TrAcc: 0.7261, TrLoss:  0.86812, VaAcc: 0.4181, VaLoss:  2.42144
 98,  0 | TrAcc: 0.7367, TrLoss:  0.84583, VaAcc: 0.4034, VaLoss:  2.43421
 99,  0 | TrAcc: 0.7297, TrLoss:  0.85754, VaAcc: 0.4226, VaLoss:  2.42089
----------------------------
Final Tr Acc   :   0.72284 +- 0.00719
Final Va Acc   :   0.41570 +- 0.00651
Final Tr Loss  :   0.87906 +- 0.02602
Final Va Loss  :   2.41997 +- 0.01064

TrAcc
Run:  0 | 72.32% in epoch   98
Run:  1 | 73.05% in epoch   98
Run:  2 | 73.67% in epoch   98

VaAcc
Run:  0 | 45.11% in epoch    6
Run:  1 | 45.84% in epoch   14
Run:  2 | 46.31% in epoch   13

TeAcc
Run:  0 | 43.18% in epoch    6
Run:  1 | 43.94% in epoch   14
Run:  2 | 42.88% in epoch   13
(3, 100)
