{'batchnorm': {'modes': [], 'tau': 1, 'momentum': 0.98, 'type': 'none'}, 'learning_rate': 0.0001, 'mode': {'name': 'classic', 'max_epochs': 10000, 'min_error': 0}, 'task_id': 7, 'learning_rate_tau': 2000}
{'va': {'minibatch_mode': True, 'max_truncation': 0, 'in_seq_len': 40, 'minibatch_size': 500}, 'dataset': 'timit_s', 'te': {'minibatch_mode': True, 'max_truncation': 0, 'in_seq_len': 40, 'minibatch_size': 500}, 'tr': {'minibatch_mode': True, 'max_truncation': 0, 'in_seq_len': 40, 'minibatch_size': 500}, 'remove_bias': False}
{'output_type': 'classification', 'layer_configs': [{'layer_type': 'input'}, {'var_scope': 'lstm_0', 'layer_type': 'lstm', 'init_config': {'o': {'w': 'xavier', 'b': 'all_zero'}, 'c': {'w': 'xavier', 'b': 'all_zero'}, 'i': {'w': 'xavier', 'b': 'all_zero'}, 'f': {'w': 'xavier', 'b': 'all_one'}}, 'regularization': {'state_zo_prob': 0.05, 'output_zo_prob': 0.01, 'mode': 'zoneout'}}, {'var_scope': 'lstm_1', 'layer_type': 'lstm', 'regularization': {'state_zo_prob': 0.05, 'output_zo_prob': 0.01, 'mode': 'zoneout'}, 'init_config': {'o': {'w': 'xavier', 'b': 'all_zero'}, 'c': {'w': 'xavier', 'b': 'all_zero'}, 'i': {'w': 'xavier', 'b': 'all_zero'}, 'f': {'w': 'xavier', 'b': 'all_one'}}}, {'var_scope': 'output_layer', 'layer_type': 'fc', 'regularization': {'strength': 0.002, 'mode': 'l2'}, 'init_config': {'w': 'xavier', 'b': 'all_zero'}}], 'gradient_clip_value': 0.1, 'layout': [13, 70, 70, 54]}
{'save_model': {'enabled': False, 'path': '../tr_models/t_model7'}, 'include_pred': False, 'include_out': False, 'calc_performance_every': 1}

=============================
CONFIG FILE

RNN CONFIG
{'batchnorm': {'modes': [], 'momentum': 0.98, 'tau': 1, 'type': 'none'},
 'learning_rate': 0.0001,
 'learning_rate_tau': 2000,
 'mode': {'max_epochs': 10000, 'min_error': 0, 'name': 'classic'},
 'task_id': 7}

DATA CONFIG
{'dataset': 'timit_s',
 'remove_bias': False,
 'te': {'in_seq_len': 40,
        'max_truncation': 0,
        'minibatch_mode': True,
        'minibatch_size': 500},
 'tr': {'in_seq_len': 40,
        'max_truncation': 0,
        'minibatch_mode': True,
        'minibatch_size': 500},
 'va': {'in_seq_len': 40,
        'max_truncation': 0,
        'minibatch_mode': True,
        'minibatch_size': 500}}

TRAINING CONFIG
{'gradient_clip_value': 0.1,
 'layer_configs': [{'layer_type': 'input'},
                   {'init_config': {'c': {'b': 'all_zero', 'w': 'xavier'},
                                    'f': {'b': 'all_one', 'w': 'xavier'},
                                    'i': {'b': 'all_zero', 'w': 'xavier'},
                                    'o': {'b': 'all_zero', 'w': 'xavier'}},
                    'layer_type': 'lstm',
                    'regularization': {'mode': 'zoneout',
                                       'output_zo_prob': 0.01,
                                       'state_zo_prob': 0.05},
                    'var_scope': 'lstm_0'},
                   {'init_config': {'c': {'b': 'all_zero', 'w': 'xavier'},
                                    'f': {'b': 'all_one', 'w': 'xavier'},
                                    'i': {'b': 'all_zero', 'w': 'xavier'},
                                    'o': {'b': 'all_zero', 'w': 'xavier'}},
                    'layer_type': 'lstm',
                    'regularization': {'mode': 'zoneout',
                                       'output_zo_prob': 0.01,
                                       'state_zo_prob': 0.05},
                    'var_scope': 'lstm_1'},
                   {'init_config': {'b': 'all_zero', 'w': 'xavier'},
                    'layer_type': 'fc',
                    'regularization': {'mode': 'l2', 'strength': 0.002},
                    'var_scope': 'output_layer'}],
 'layout': [13, 70, 70, 54],
 'output_type': 'classification'}
==============================


