{'learning_rate': 0.02, 'learning_rate_tau': 10000, 'task_id': 1, 'mode': {'max_epochs': 100, 'name': 'classic', 'min_error': 0}, 'batchnorm': {'type': 'none', 'modes': [], 'tau': 5, 'momentum': 0.98}}
{'va': {'in_seq_len': 40, 'max_truncation': 0, 'minibatch_size': 500, 'minibatch_mode': False}, 'te': {'in_seq_len': 40, 'max_truncation': 0, 'minibatch_size': 500, 'minibatch_mode': False}, 'dataset': 'timit', 'remove_bias': False, 'tr': {'in_seq_len': 40, 'max_truncation': 0, 'minibatch_size': 1000, 'minibatch_mode': True}}
{'gradient_clip_value': 0.5, 'weight_type': 'ternary', 'discrete_acts': [''], 'output_type': 'classification', 'layout': [13, 70, 100, 60], 'layer_configs': [{'layer_type': 'input'}, {'init_config': {'c': {'w': 'xavier', 'b': 'all_zero'}, 'i': {'w': 'xavier', 'b': 'all_zero'}, 'f': {'w': 'xavier', 'b': 'all_one'}, 'o': {'w': 'xavier', 'b': 'all_zero'}}, 'regularization': {'state_zo_prob': 0.05, 'mode': 'none', 'output_zo_prob': 0.01}, 'var_scope': 'lstm_0', 'layer_type': 'lstm'}, {'init_config': {'c': {'w': 'xavier', 'b': 'all_zero'}, 'i': {'w': 'xavier', 'b': 'all_zero'}, 'f': {'w': 'xavier', 'b': 'all_one'}, 'o': {'w': 'xavier', 'b': 'all_zero'}}, 'regularization': {'state_zo_prob': 0.05, 'mode': 'none', 'output_zo_prob': 0.01}, 'var_scope': 'lstm_1', 'layer_type': 'lstm'}, {'init_config': {'w': 'xavier', 'b': 'all_zero'}, 'regularization': {'strength': 0.0, 'mode': 'l2'}, 'var_scope': 'output_layer', 'layer_type': 'fc'}], 'n_bins': 2.0}
{'include_pred': False, 'include_out': False, 'save_model': {'enabled': False, 'path': '../tr_models/m_model1'}, 'calc_performance_every': 1}

=============================
CONFIG FILE

RNN CONFIG
{'batchnorm': {'modes': [], 'momentum': 0.98, 'tau': 5, 'type': 'none'},
 'learning_rate': 0.02,
 'learning_rate_tau': 10000,
 'mode': {'max_epochs': 100, 'min_error': 0, 'name': 'classic'},
 'task_id': 1}

DATA CONFIG
{'dataset': 'timit',
 'remove_bias': False,
 'te': {'in_seq_len': 40,
        'max_truncation': 0,
        'minibatch_mode': False,
        'minibatch_size': 500},
 'tr': {'in_seq_len': 40,
        'max_truncation': 0,
        'minibatch_mode': True,
        'minibatch_size': 1000},
 'va': {'in_seq_len': 40,
        'max_truncation': 0,
        'minibatch_mode': False,
        'minibatch_size': 500}}

TRAINING CONFIG
{'discrete_acts': [''],
 'gradient_clip_value': 0.5,
 'layer_configs': [{'layer_type': 'input'},
                   {'init_config': {'c': {'b': 'all_zero', 'w': 'xavier'},
                                    'f': {'b': 'all_one', 'w': 'xavier'},
                                    'i': {'b': 'all_zero', 'w': 'xavier'},
                                    'o': {'b': 'all_zero', 'w': 'xavier'}},
                    'layer_type': 'lstm',
                    'regularization': {'mode': 'none',
                                       'output_zo_prob': 0.01,
                                       'state_zo_prob': 0.05},
                    'var_scope': 'lstm_0'},
                   {'init_config': {'c': {'b': 'all_zero', 'w': 'xavier'},
                                    'f': {'b': 'all_one', 'w': 'xavier'},
                                    'i': {'b': 'all_zero', 'w': 'xavier'},
                                    'o': {'b': 'all_zero', 'w': 'xavier'}},
                    'layer_type': 'lstm',
                    'regularization': {'mode': 'none',
                                       'output_zo_prob': 0.01,
                                       'state_zo_prob': 0.05},
                    'var_scope': 'lstm_1'},
                   {'init_config': {'b': 'all_zero', 'w': 'xavier'},
                    'layer_type': 'fc',
                    'regularization': {'mode': 'l2', 'strength': 0.0},
                    'var_scope': 'output_layer'}],
 'layout': [13, 70, 100, 60],
 'n_bins': 2.0,
 'output_type': 'classification',
 'weight_type': 'ternary'}
==============================


  0,  0 | TrAcc: 0.0124, TrLoss:  4.64144, VaAcc: 0.0121, VaLoss:  4.64162
  1,  0 | TrAcc: 0.2917, TrLoss:  2.59064, VaAcc: 0.2495, VaLoss:  2.82231
  2,  0 | TrAcc: 0.3355, TrLoss:  2.33187, VaAcc: 0.2831, VaLoss:  2.66976
  3,  0 | TrAcc: 0.3470, TrLoss:  2.26460, VaAcc: 0.3019, VaLoss:  2.62409
  4,  0 | TrAcc: 0.3572, TrLoss:  2.20187, VaAcc: 0.2857, VaLoss:  2.61784
  5,  0 | TrAcc: 0.3675, TrLoss:  2.15229, VaAcc: 0.3040, VaLoss:  2.59137
  6,  0 | TrAcc: 0.3779, TrLoss:  2.10887, VaAcc: 0.3215, VaLoss:  2.55349
  7,  0 | TrAcc: 0.3977, TrLoss:  2.02559, VaAcc: 0.3325, VaLoss:  2.53969
  8,  0 | TrAcc: 0.4063, TrLoss:  2.00204, VaAcc: 0.3407, VaLoss:  2.51653
  9,  0 | TrAcc: 0.4095, TrLoss:  1.99243, VaAcc: 0.3271, VaLoss:  2.53905
 10,  0 | TrAcc: 0.4188, TrLoss:  1.95862, VaAcc: 0.3484, VaLoss:  2.51732
 11,  0 | TrAcc: 0.4196, TrLoss:  1.93358, VaAcc: 0.3530, VaLoss:  2.50141
 12,  0 | TrAcc: 0.4363, TrLoss:  1.88198, VaAcc: 0.3536, VaLoss:  2.50243
 13,  0 | TrAcc: 0.4390, TrLoss:  1.85512, VaAcc: 0.3629, VaLoss:  2.47467
 14,  0 | TrAcc: 0.4376, TrLoss:  1.85107, VaAcc: 0.3670, VaLoss:  2.47759
 15,  0 | TrAcc: 0.4423, TrLoss:  1.83861, VaAcc: 0.3704, VaLoss:  2.44351
 16,  0 | TrAcc: 0.4575, TrLoss:  1.78974, VaAcc: 0.3680, VaLoss:  2.44669
 17,  0 | TrAcc: 0.4522, TrLoss:  1.79278, VaAcc: 0.3739, VaLoss:  2.43972
 18,  0 | TrAcc: 0.4605, TrLoss:  1.76706, VaAcc: 0.3780, VaLoss:  2.44638
 19,  0 | TrAcc: 0.4526, TrLoss:  1.79543, VaAcc: 0.3749, VaLoss:  2.45388
 20,  0 | TrAcc: 0.4561, TrLoss:  1.78903, VaAcc: 0.3715, VaLoss:  2.46813
 21,  0 | TrAcc: 0.4678, TrLoss:  1.75143, VaAcc: 0.3806, VaLoss:  2.45382
 22,  0 | TrAcc: 0.4651, TrLoss:  1.75854, VaAcc: 0.3760, VaLoss:  2.45811
 23,  0 | TrAcc: 0.4643, TrLoss:  1.75726, VaAcc: 0.3719, VaLoss:  2.43337
 24,  0 | TrAcc: 0.4681, TrLoss:  1.73315, VaAcc: 0.3862, VaLoss:  2.43795
 25,  0 | TrAcc: 0.4758, TrLoss:  1.72304, VaAcc: 0.3818, VaLoss:  2.44822
 26,  0 | TrAcc: 0.4737, TrLoss:  1.71862, VaAcc: 0.3928, VaLoss:  2.43072
 27,  0 | TrAcc: 0.4793, TrLoss:  1.70309, VaAcc: 0.3862, VaLoss:  2.42750
 28,  0 | TrAcc: 0.4723, TrLoss:  1.71423, VaAcc: 0.3915, VaLoss:  2.42888
 29,  0 | TrAcc: 0.4792, TrLoss:  1.68607, VaAcc: 0.3765, VaLoss:  2.43937
 30,  0 | TrAcc: 0.4784, TrLoss:  1.68437, VaAcc: 0.3946, VaLoss:  2.44344
 31,  0 | TrAcc: 0.4740, TrLoss:  1.70713, VaAcc: 0.3881, VaLoss:  2.44123
 32,  0 | TrAcc: 0.4747, TrLoss:  1.69822, VaAcc: 0.3857, VaLoss:  2.43812
 33,  0 | TrAcc: 0.4786, TrLoss:  1.70641, VaAcc: 0.3885, VaLoss:  2.46569
 34,  0 | TrAcc: 0.4849, TrLoss:  1.67720, VaAcc: 0.3868, VaLoss:  2.44394
 35,  0 | TrAcc: 0.4916, TrLoss:  1.67359, VaAcc: 0.3844, VaLoss:  2.44577
 36,  0 | TrAcc: 0.4833, TrLoss:  1.68720, VaAcc: 0.3823, VaLoss:  2.44624
 37,  0 | TrAcc: 0.4870, TrLoss:  1.66307, VaAcc: 0.3793, VaLoss:  2.45128
 38,  0 | TrAcc: 0.4922, TrLoss:  1.64677, VaAcc: 0.3944, VaLoss:  2.42318
 39,  0 | TrAcc: 0.5015, TrLoss:  1.62830, VaAcc: 0.4000, VaLoss:  2.41572
 40,  0 | TrAcc: 0.4926, TrLoss:  1.63752, VaAcc: 0.3941, VaLoss:  2.43859
 41,  0 | TrAcc: 0.4931, TrLoss:  1.64813, VaAcc: 0.3931, VaLoss:  2.43446
 42,  0 | TrAcc: 0.4933, TrLoss:  1.64497, VaAcc: 0.3944, VaLoss:  2.43614
 43,  0 | TrAcc: 0.4922, TrLoss:  1.65227, VaAcc: 0.3933, VaLoss:  2.43521
 44,  0 | TrAcc: 0.4979, TrLoss:  1.62186, VaAcc: 0.3915, VaLoss:  2.43109
 45,  0 | TrAcc: 0.4957, TrLoss:  1.63857, VaAcc: 0.3972, VaLoss:  2.44171
 46,  0 | TrAcc: 0.4950, TrLoss:  1.63786, VaAcc: 0.4015, VaLoss:  2.43813
 47,  0 | TrAcc: 0.5001, TrLoss:  1.61740, VaAcc: 0.3920, VaLoss:  2.44036
 48,  0 | TrAcc: 0.4974, TrLoss:  1.62383, VaAcc: 0.4002, VaLoss:  2.44738
 49,  0 | TrAcc: 0.5082, TrLoss:  1.59458, VaAcc: 0.3896, VaLoss:  2.43049
 50,  0 | TrAcc: 0.4943, TrLoss:  1.62526, VaAcc: 0.3907, VaLoss:  2.44354
 51,  0 | TrAcc: 0.4967, TrLoss:  1.61661, VaAcc: 0.3883, VaLoss:  2.44267
 52,  0 | TrAcc: 0.5118, TrLoss:  1.58170, VaAcc: 0.4008, VaLoss:  2.43506
 53,  0 | TrAcc: 0.4979, TrLoss:  1.61393, VaAcc: 0.4051, VaLoss:  2.43934
 54,  0 | TrAcc: 0.5043, TrLoss:  1.60828, VaAcc: 0.4019, VaLoss:  2.43320
 55,  0 | TrAcc: 0.4955, TrLoss:  1.62661, VaAcc: 0.3956, VaLoss:  2.44665
 56,  0 | TrAcc: 0.4951, TrLoss:  1.63003, VaAcc: 0.3875, VaLoss:  2.46720
 57,  0 | TrAcc: 0.5044, TrLoss:  1.59625, VaAcc: 0.3915, VaLoss:  2.44930
 58,  0 | TrAcc: 0.5075, TrLoss:  1.58789, VaAcc: 0.3944, VaLoss:  2.45338
 59,  0 | TrAcc: 0.5073, TrLoss:  1.58853, VaAcc: 0.3980, VaLoss:  2.45459
 60,  0 | TrAcc: 0.5059, TrLoss:  1.58352, VaAcc: 0.3954, VaLoss:  2.44353
 61,  0 | TrAcc: 0.4991, TrLoss:  1.61710, VaAcc: 0.4017, VaLoss:  2.44528
 62,  0 | TrAcc: 0.5141, TrLoss:  1.57159, VaAcc: 0.3907, VaLoss:  2.45373
 63,  0 | TrAcc: 0.5073, TrLoss:  1.58381, VaAcc: 0.3946, VaLoss:  2.45793
 64,  0 | TrAcc: 0.5071, TrLoss:  1.58795, VaAcc: 0.3995, VaLoss:  2.45501
 65,  0 | TrAcc: 0.5011, TrLoss:  1.58840, VaAcc: 0.4025, VaLoss:  2.45173
 66,  0 | TrAcc: 0.5185, TrLoss:  1.54416, VaAcc: 0.4023, VaLoss:  2.45787
 67,  0 | TrAcc: 0.5044, TrLoss:  1.58680, VaAcc: 0.3974, VaLoss:  2.45957
 68,  0 | TrAcc: 0.5078, TrLoss:  1.57128, VaAcc: 0.4066, VaLoss:  2.45779
 69,  0 | TrAcc: 0.5168, TrLoss:  1.56117, VaAcc: 0.3894, VaLoss:  2.45697
 70,  0 | TrAcc: 0.5036, TrLoss:  1.58513, VaAcc: 0.3956, VaLoss:  2.46037
 71,  0 | TrAcc: 0.5164, TrLoss:  1.55390, VaAcc: 0.3946, VaLoss:  2.45255
 72,  0 | TrAcc: 0.5135, TrLoss:  1.57220, VaAcc: 0.3875, VaLoss:  2.46108
 73,  0 | TrAcc: 0.5143, TrLoss:  1.53923, VaAcc: 0.3965, VaLoss:  2.46332
 74,  0 | TrAcc: 0.5176, TrLoss:  1.54230, VaAcc: 0.3987, VaLoss:  2.46087
 75,  0 | TrAcc: 0.5156, TrLoss:  1.56878, VaAcc: 0.3980, VaLoss:  2.45965
 76,  0 | TrAcc: 0.5160, TrLoss:  1.55605, VaAcc: 0.3948, VaLoss:  2.46127
 77,  0 | TrAcc: 0.5115, TrLoss:  1.56644, VaAcc: 0.3868, VaLoss:  2.47308
 78,  0 | TrAcc: 0.5236, TrLoss:  1.54150, VaAcc: 0.3952, VaLoss:  2.46555
 79,  0 | TrAcc: 0.5120, TrLoss:  1.57199, VaAcc: 0.3853, VaLoss:  2.46567
 80,  0 | TrAcc: 0.5091, TrLoss:  1.58370, VaAcc: 0.3877, VaLoss:  2.46937
 81,  0 | TrAcc: 0.5170, TrLoss:  1.54822, VaAcc: 0.3959, VaLoss:  2.45419
 82,  0 | TrAcc: 0.5160, TrLoss:  1.55294, VaAcc: 0.3967, VaLoss:  2.46165
 83,  0 | TrAcc: 0.5082, TrLoss:  1.56971, VaAcc: 0.3866, VaLoss:  2.47096
 84,  0 | TrAcc: 0.5128, TrLoss:  1.54898, VaAcc: 0.3909, VaLoss:  2.46236
 85,  0 | TrAcc: 0.5127, TrLoss:  1.56739, VaAcc: 0.3842, VaLoss:  2.49817
 86,  0 | TrAcc: 0.5056, TrLoss:  1.57040, VaAcc: 0.3939, VaLoss:  2.48184
 87,  0 | TrAcc: 0.5172, TrLoss:  1.55607, VaAcc: 0.3881, VaLoss:  2.48099
 88,  0 | TrAcc: 0.5149, TrLoss:  1.55665, VaAcc: 0.3993, VaLoss:  2.46205
 89,  0 | TrAcc: 0.5214, TrLoss:  1.53625, VaAcc: 0.3935, VaLoss:  2.47102
 90,  0 | TrAcc: 0.5205, TrLoss:  1.52386, VaAcc: 0.4047, VaLoss:  2.45288
 91,  0 | TrAcc: 0.5290, TrLoss:  1.51726, VaAcc: 0.4030, VaLoss:  2.46125
 92,  0 | TrAcc: 0.5260, TrLoss:  1.51742, VaAcc: 0.4038, VaLoss:  2.45122
 93,  0 | TrAcc: 0.5235, TrLoss:  1.51755, VaAcc: 0.3961, VaLoss:  2.46495
 94,  0 | TrAcc: 0.5202, TrLoss:  1.53210, VaAcc: 0.4064, VaLoss:  2.46300
 95,  0 | TrAcc: 0.5235, TrLoss:  1.54584, VaAcc: 0.4069, VaLoss:  2.46327
 96,  0 | TrAcc: 0.5178, TrLoss:  1.53872, VaAcc: 0.4010, VaLoss:  2.46404
 97,  0 | TrAcc: 0.5233, TrLoss:  1.52787, VaAcc: 0.3941, VaLoss:  2.48451
 98,  0 | TrAcc: 0.5137, TrLoss:  1.54349, VaAcc: 0.3950, VaLoss:  2.48407
 99,  0 | TrAcc: 0.5218, TrLoss:  1.53289, VaAcc: 0.3909, VaLoss:  2.48983

=============================
CONFIG FILE

RNN CONFIG
{'batchnorm': {'modes': [], 'momentum': 0.98, 'tau': 5, 'type': 'none'},
 'learning_rate': 0.02,
 'learning_rate_tau': 10000,
 'mode': {'max_epochs': 100, 'min_error': 0, 'name': 'classic'},
 'task_id': 1}

DATA CONFIG
{'dataset': 'timit',
 'remove_bias': False,
 'te': {'in_seq_len': 40,
        'max_truncation': 0,
        'minibatch_mode': False,
        'minibatch_size': 500},
 'tr': {'in_seq_len': 40,
        'max_truncation': 0,
        'minibatch_mode': True,
        'minibatch_size': 1000},
 'va': {'in_seq_len': 40,
        'max_truncation': 0,
        'minibatch_mode': False,
        'minibatch_size': 500}}

TRAINING CONFIG
{'discrete_acts': [''],
 'gradient_clip_value': 0.5,
 'layer_configs': [{'layer_type': 'input'},
                   {'init_config': {'c': {'b': 'all_zero', 'w': 'xavier'},
                                    'f': {'b': 'all_one', 'w': 'xavier'},
                                    'i': {'b': 'all_zero', 'w': 'xavier'},
                                    'o': {'b': 'all_zero', 'w': 'xavier'}},
                    'layer_type': 'lstm',
                    'regularization': {'mode': 'none',
                                       'output_zo_prob': 0.01,
                                       'state_zo_prob': 0.05},
                    'var_scope': 'lstm_0'},
                   {'init_config': {'c': {'b': 'all_zero', 'w': 'xavier'},
                                    'f': {'b': 'all_one', 'w': 'xavier'},
                                    'i': {'b': 'all_zero', 'w': 'xavier'},
                                    'o': {'b': 'all_zero', 'w': 'xavier'}},
                    'layer_type': 'lstm',
                    'regularization': {'mode': 'none',
                                       'output_zo_prob': 0.01,
                                       'state_zo_prob': 0.05},
                    'var_scope': 'lstm_1'},
                   {'init_config': {'b': 'all_zero', 'w': 'xavier'},
                    'layer_type': 'fc',
                    'regularization': {'mode': 'l2', 'strength': 0.0},
                    'var_scope': 'output_layer'}],
 'layout': [13, 70, 100, 60],
 'n_bins': 2.0,
 'output_type': 'classification',
 'weight_type': 'ternary'}
==============================


  0,  0 | TrAcc: 0.0147, TrLoss:  4.61743, VaAcc: 0.0172, VaLoss:  4.61554
  1,  0 | TrAcc: 0.2956, TrLoss:  2.56329, VaAcc: 0.2600, VaLoss:  2.77030
  2,  0 | TrAcc: 0.3364, TrLoss:  2.32163, VaAcc: 0.2950, VaLoss:  2.64750
  3,  0 | TrAcc: 0.3596, TrLoss:  2.21901, VaAcc: 0.3077, VaLoss:  2.61327
  4,  0 | TrAcc: 0.3653, TrLoss:  2.17663, VaAcc: 0.3092, VaLoss:  2.59342
  5,  0 | TrAcc: 0.3866, TrLoss:  2.07817, VaAcc: 0.3344, VaLoss:  2.50605
  6,  0 | TrAcc: 0.3951, TrLoss:  2.04961, VaAcc: 0.3426, VaLoss:  2.51384
  7,  0 | TrAcc: 0.4055, TrLoss:  2.01064, VaAcc: 0.3534, VaLoss:  2.49481
  8,  0 | TrAcc: 0.4109, TrLoss:  1.99794, VaAcc: 0.3424, VaLoss:  2.51350
  9,  0 | TrAcc: 0.4119, TrLoss:  1.94523, VaAcc: 0.3532, VaLoss:  2.49894
 10,  0 | TrAcc: 0.4163, TrLoss:  1.94290, VaAcc: 0.3519, VaLoss:  2.50612
 11,  0 | TrAcc: 0.4279, TrLoss:  1.92236, VaAcc: 0.3631, VaLoss:  2.49203
 12,  0 | TrAcc: 0.4335, TrLoss:  1.88770, VaAcc: 0.3562, VaLoss:  2.45856
 13,  0 | TrAcc: 0.4393, TrLoss:  1.85104, VaAcc: 0.3678, VaLoss:  2.47426
 14,  0 | TrAcc: 0.4474, TrLoss:  1.83306, VaAcc: 0.3741, VaLoss:  2.45885
 15,  0 | TrAcc: 0.4449, TrLoss:  1.83464, VaAcc: 0.3700, VaLoss:  2.45970
 16,  0 | TrAcc: 0.4400, TrLoss:  1.84696, VaAcc: 0.3823, VaLoss:  2.45647
 17,  0 | TrAcc: 0.4463, TrLoss:  1.82327, VaAcc: 0.3767, VaLoss:  2.47432
 18,  0 | TrAcc: 0.4572, TrLoss:  1.77627, VaAcc: 0.3756, VaLoss:  2.44339
 19,  0 | TrAcc: 0.4523, TrLoss:  1.78721, VaAcc: 0.3851, VaLoss:  2.46579
 20,  0 | TrAcc: 0.4558, TrLoss:  1.77709, VaAcc: 0.3715, VaLoss:  2.45396
 21,  0 | TrAcc: 0.4648, TrLoss:  1.75878, VaAcc: 0.3892, VaLoss:  2.45138
 22,  0 | TrAcc: 0.4608, TrLoss:  1.76510, VaAcc: 0.3851, VaLoss:  2.43807
 23,  0 | TrAcc: 0.4616, TrLoss:  1.76168, VaAcc: 0.3724, VaLoss:  2.44588
 24,  0 | TrAcc: 0.4614, TrLoss:  1.75401, VaAcc: 0.3862, VaLoss:  2.45234
 25,  0 | TrAcc: 0.4652, TrLoss:  1.74185, VaAcc: 0.3706, VaLoss:  2.47395
 26,  0 | TrAcc: 0.4686, TrLoss:  1.75313, VaAcc: 0.3857, VaLoss:  2.45668
 27,  0 | TrAcc: 0.4767, TrLoss:  1.70682, VaAcc: 0.3762, VaLoss:  2.45601
 28,  0 | TrAcc: 0.4787, TrLoss:  1.71138, VaAcc: 0.3771, VaLoss:  2.44973
 29,  0 | TrAcc: 0.4779, TrLoss:  1.70309, VaAcc: 0.3777, VaLoss:  2.45478
 30,  0 | TrAcc: 0.4880, TrLoss:  1.68877, VaAcc: 0.3859, VaLoss:  2.43996
 31,  0 | TrAcc: 0.4769, TrLoss:  1.69994, VaAcc: 0.3799, VaLoss:  2.44642
 32,  0 | TrAcc: 0.4870, TrLoss:  1.68061, VaAcc: 0.3909, VaLoss:  2.43106
 33,  0 | TrAcc: 0.4836, TrLoss:  1.67793, VaAcc: 0.3823, VaLoss:  2.45647
 34,  0 | TrAcc: 0.4804, TrLoss:  1.68518, VaAcc: 0.3965, VaLoss:  2.43313
 35,  0 | TrAcc: 0.4856, TrLoss:  1.67365, VaAcc: 0.3941, VaLoss:  2.44954
 36,  0 | TrAcc: 0.4862, TrLoss:  1.67543, VaAcc: 0.3931, VaLoss:  2.43349
 37,  0 | TrAcc: 0.4841, TrLoss:  1.67362, VaAcc: 0.3903, VaLoss:  2.44469
 38,  0 | TrAcc: 0.4786, TrLoss:  1.69150, VaAcc: 0.3708, VaLoss:  2.45319
 39,  0 | TrAcc: 0.4798, TrLoss:  1.68136, VaAcc: 0.3689, VaLoss:  2.47692
 40,  0 | TrAcc: 0.4816, TrLoss:  1.68361, VaAcc: 0.3857, VaLoss:  2.46650
 41,  0 | TrAcc: 0.4839, TrLoss:  1.67706, VaAcc: 0.3887, VaLoss:  2.46517
 42,  0 | TrAcc: 0.4884, TrLoss:  1.66370, VaAcc: 0.3950, VaLoss:  2.45995
 43,  0 | TrAcc: 0.4814, TrLoss:  1.67241, VaAcc: 0.3821, VaLoss:  2.45687
 44,  0 | TrAcc: 0.4914, TrLoss:  1.65189, VaAcc: 0.4002, VaLoss:  2.43627
 45,  0 | TrAcc: 0.4925, TrLoss:  1.64029, VaAcc: 0.3879, VaLoss:  2.47426
 46,  0 | TrAcc: 0.4913, TrLoss:  1.63984, VaAcc: 0.3963, VaLoss:  2.46367
 47,  0 | TrAcc: 0.4928, TrLoss:  1.64664, VaAcc: 0.3967, VaLoss:  2.46377
 48,  0 | TrAcc: 0.4921, TrLoss:  1.64162, VaAcc: 0.3890, VaLoss:  2.46223
 49,  0 | TrAcc: 0.4965, TrLoss:  1.61440, VaAcc: 0.3991, VaLoss:  2.44675
 50,  0 | TrAcc: 0.4966, TrLoss:  1.63603, VaAcc: 0.3933, VaLoss:  2.46189
 51,  0 | TrAcc: 0.4989, TrLoss:  1.62661, VaAcc: 0.3872, VaLoss:  2.46562
 52,  0 | TrAcc: 0.4973, TrLoss:  1.62805, VaAcc: 0.4006, VaLoss:  2.44267
 53,  0 | TrAcc: 0.4874, TrLoss:  1.64171, VaAcc: 0.3915, VaLoss:  2.46987
 54,  0 | TrAcc: 0.4971, TrLoss:  1.62982, VaAcc: 0.3900, VaLoss:  2.46941
 55,  0 | TrAcc: 0.5050, TrLoss:  1.61068, VaAcc: 0.3963, VaLoss:  2.44937
 56,  0 | TrAcc: 0.5011, TrLoss:  1.61939, VaAcc: 0.3877, VaLoss:  2.46125
 57,  0 | TrAcc: 0.4949, TrLoss:  1.63669, VaAcc: 0.3933, VaLoss:  2.47639
 58,  0 | TrAcc: 0.4966, TrLoss:  1.61934, VaAcc: 0.3851, VaLoss:  2.47754
 59,  0 | TrAcc: 0.5044, TrLoss:  1.59872, VaAcc: 0.3956, VaLoss:  2.45047
 60,  0 | TrAcc: 0.5027, TrLoss:  1.61110, VaAcc: 0.3821, VaLoss:  2.46000
 61,  0 | TrAcc: 0.5046, TrLoss:  1.60702, VaAcc: 0.3946, VaLoss:  2.46181
 62,  0 | TrAcc: 0.5053, TrLoss:  1.59884, VaAcc: 0.3853, VaLoss:  2.45735
 63,  0 | TrAcc: 0.5057, TrLoss:  1.59407, VaAcc: 0.3907, VaLoss:  2.46769
 64,  0 | TrAcc: 0.5032, TrLoss:  1.59579, VaAcc: 0.3954, VaLoss:  2.45916
 65,  0 | TrAcc: 0.5081, TrLoss:  1.57079, VaAcc: 0.3963, VaLoss:  2.44982
 66,  0 | TrAcc: 0.5034, TrLoss:  1.59725, VaAcc: 0.3941, VaLoss:  2.46855
 67,  0 | TrAcc: 0.5086, TrLoss:  1.59276, VaAcc: 0.3905, VaLoss:  2.48091
 68,  0 | TrAcc: 0.5103, TrLoss:  1.57892, VaAcc: 0.3924, VaLoss:  2.47473
 69,  0 | TrAcc: 0.5123, TrLoss:  1.58523, VaAcc: 0.3885, VaLoss:  2.47362
 70,  0 | TrAcc: 0.5083, TrLoss:  1.57758, VaAcc: 0.3931, VaLoss:  2.46575
 71,  0 | TrAcc: 0.5111, TrLoss:  1.57277, VaAcc: 0.3946, VaLoss:  2.46642
 72,  0 | TrAcc: 0.5111, TrLoss:  1.57327, VaAcc: 0.3890, VaLoss:  2.48223
 73,  0 | TrAcc: 0.5086, TrLoss:  1.56546, VaAcc: 0.3922, VaLoss:  2.46673
 74,  0 | TrAcc: 0.5140, TrLoss:  1.56244, VaAcc: 0.3928, VaLoss:  2.48358
 75,  0 | TrAcc: 0.5170, TrLoss:  1.56036, VaAcc: 0.3944, VaLoss:  2.48131
 76,  0 | TrAcc: 0.5126, TrLoss:  1.58183, VaAcc: 0.3818, VaLoss:  2.49054
 77,  0 | TrAcc: 0.5094, TrLoss:  1.56871, VaAcc: 0.3862, VaLoss:  2.47671
 78,  0 | TrAcc: 0.5149, TrLoss:  1.56934, VaAcc: 0.3894, VaLoss:  2.48227
 79,  0 | TrAcc: 0.5122, TrLoss:  1.56081, VaAcc: 0.3926, VaLoss:  2.48809
 80,  0 | TrAcc: 0.5108, TrLoss:  1.57437, VaAcc: 0.3974, VaLoss:  2.49478
 81,  0 | TrAcc: 0.5174, TrLoss:  1.55293, VaAcc: 0.3913, VaLoss:  2.49459
 82,  0 | TrAcc: 0.5176, TrLoss:  1.54827, VaAcc: 0.3926, VaLoss:  2.49147
 83,  0 | TrAcc: 0.5159, TrLoss:  1.56529, VaAcc: 0.3911, VaLoss:  2.49709
 84,  0 | TrAcc: 0.5165, TrLoss:  1.55457, VaAcc: 0.3963, VaLoss:  2.47746
 85,  0 | TrAcc: 0.5222, TrLoss:  1.52990, VaAcc: 0.3959, VaLoss:  2.47674
 86,  0 | TrAcc: 0.5119, TrLoss:  1.56296, VaAcc: 0.3864, VaLoss:  2.48766
 87,  0 | TrAcc: 0.5166, TrLoss:  1.55372, VaAcc: 0.3840, VaLoss:  2.49021
 88,  0 | TrAcc: 0.5113, TrLoss:  1.55840, VaAcc: 0.3935, VaLoss:  2.48924
 89,  0 | TrAcc: 0.5144, TrLoss:  1.54586, VaAcc: 0.3808, VaLoss:  2.50247
 90,  0 | TrAcc: 0.5161, TrLoss:  1.55861, VaAcc: 0.3821, VaLoss:  2.49941
 91,  0 | TrAcc: 0.5161, TrLoss:  1.53660, VaAcc: 0.3853, VaLoss:  2.49803
 92,  0 | TrAcc: 0.5174, TrLoss:  1.53709, VaAcc: 0.3849, VaLoss:  2.48207
 93,  0 | TrAcc: 0.5206, TrLoss:  1.53730, VaAcc: 0.3987, VaLoss:  2.48948
 94,  0 | TrAcc: 0.5129, TrLoss:  1.57081, VaAcc: 0.3900, VaLoss:  2.50478
 95,  0 | TrAcc: 0.5133, TrLoss:  1.56630, VaAcc: 0.3821, VaLoss:  2.50564
 96,  0 | TrAcc: 0.5210, TrLoss:  1.54022, VaAcc: 0.3900, VaLoss:  2.49454
 97,  0 | TrAcc: 0.5237, TrLoss:  1.52583, VaAcc: 0.4000, VaLoss:  2.48167
 98,  0 | TrAcc: 0.5248, TrLoss:  1.52218, VaAcc: 0.3872, VaLoss:  2.49166
 99,  0 | TrAcc: 0.5194, TrLoss:  1.53779, VaAcc: 0.3872, VaLoss:  2.49267

=============================
CONFIG FILE

RNN CONFIG
{'batchnorm': {'modes': [], 'momentum': 0.98, 'tau': 5, 'type': 'none'},
 'learning_rate': 0.02,
 'learning_rate_tau': 10000,
 'mode': {'max_epochs': 100, 'min_error': 0, 'name': 'classic'},
 'task_id': 1}

DATA CONFIG
{'dataset': 'timit',
 'remove_bias': False,
 'te': {'in_seq_len': 40,
        'max_truncation': 0,
        'minibatch_mode': False,
        'minibatch_size': 500},
 'tr': {'in_seq_len': 40,
        'max_truncation': 0,
        'minibatch_mode': True,
        'minibatch_size': 1000},
 'va': {'in_seq_len': 40,
        'max_truncation': 0,
        'minibatch_mode': False,
        'minibatch_size': 500}}

TRAINING CONFIG
{'discrete_acts': [''],
 'gradient_clip_value': 0.5,
 'layer_configs': [{'layer_type': 'input'},
                   {'init_config': {'c': {'b': 'all_zero', 'w': 'xavier'},
                                    'f': {'b': 'all_one', 'w': 'xavier'},
                                    'i': {'b': 'all_zero', 'w': 'xavier'},
                                    'o': {'b': 'all_zero', 'w': 'xavier'}},
                    'layer_type': 'lstm',
                    'regularization': {'mode': 'none',
                                       'output_zo_prob': 0.01,
                                       'state_zo_prob': 0.05},
                    'var_scope': 'lstm_0'},
                   {'init_config': {'c': {'b': 'all_zero', 'w': 'xavier'},
                                    'f': {'b': 'all_one', 'w': 'xavier'},
                                    'i': {'b': 'all_zero', 'w': 'xavier'},
                                    'o': {'b': 'all_zero', 'w': 'xavier'}},
                    'layer_type': 'lstm',
                    'regularization': {'mode': 'none',
                                       'output_zo_prob': 0.01,
                                       'state_zo_prob': 0.05},
                    'var_scope': 'lstm_1'},
                   {'init_config': {'b': 'all_zero', 'w': 'xavier'},
                    'layer_type': 'fc',
                    'regularization': {'mode': 'l2', 'strength': 0.0},
                    'var_scope': 'output_layer'}],
 'layout': [13, 70, 100, 60],
 'n_bins': 2.0,
 'output_type': 'classification',
 'weight_type': 'ternary'}
==============================


  0,  0 | TrAcc: 0.0151, TrLoss:  4.63978, VaAcc: 0.0151, VaLoss:  4.66997
  1,  0 | TrAcc: 0.2675, TrLoss:  2.65030, VaAcc: 0.2391, VaLoss:  2.85363
  2,  0 | TrAcc: 0.3318, TrLoss:  2.36770, VaAcc: 0.2844, VaLoss:  2.69698
  3,  0 | TrAcc: 0.3557, TrLoss:  2.23517, VaAcc: 0.3057, VaLoss:  2.59991
  4,  0 | TrAcc: 0.3718, TrLoss:  2.15683, VaAcc: 0.3165, VaLoss:  2.58900
  5,  0 | TrAcc: 0.3877, TrLoss:  2.07577, VaAcc: 0.3320, VaLoss:  2.53118
  6,  0 | TrAcc: 0.3922, TrLoss:  2.05593, VaAcc: 0.3392, VaLoss:  2.51964
  7,  0 | TrAcc: 0.4121, TrLoss:  1.98530, VaAcc: 0.3424, VaLoss:  2.48086
  8,  0 | TrAcc: 0.4153, TrLoss:  1.95278, VaAcc: 0.3631, VaLoss:  2.46823
  9,  0 | TrAcc: 0.4163, TrLoss:  1.93525, VaAcc: 0.3523, VaLoss:  2.46880
 10,  0 | TrAcc: 0.4155, TrLoss:  1.96339, VaAcc: 0.3489, VaLoss:  2.51339
 11,  0 | TrAcc: 0.4200, TrLoss:  1.94313, VaAcc: 0.3523, VaLoss:  2.52158
 12,  0 | TrAcc: 0.4211, TrLoss:  1.93272, VaAcc: 0.3445, VaLoss:  2.49227
 13,  0 | TrAcc: 0.4344, TrLoss:  1.87135, VaAcc: 0.3551, VaLoss:  2.45362
 14,  0 | TrAcc: 0.4395, TrLoss:  1.83816, VaAcc: 0.3575, VaLoss:  2.45234
 15,  0 | TrAcc: 0.4426, TrLoss:  1.85224, VaAcc: 0.3568, VaLoss:  2.46418
 16,  0 | TrAcc: 0.4455, TrLoss:  1.83514, VaAcc: 0.3635, VaLoss:  2.44640
 17,  0 | TrAcc: 0.4484, TrLoss:  1.82050, VaAcc: 0.3777, VaLoss:  2.43190
 18,  0 | TrAcc: 0.4434, TrLoss:  1.82962, VaAcc: 0.3706, VaLoss:  2.46119
 19,  0 | TrAcc: 0.4486, TrLoss:  1.80469, VaAcc: 0.3793, VaLoss:  2.44074
 20,  0 | TrAcc: 0.4426, TrLoss:  1.81387, VaAcc: 0.3793, VaLoss:  2.44055
 21,  0 | TrAcc: 0.4583, TrLoss:  1.77710, VaAcc: 0.3758, VaLoss:  2.45547
 22,  0 | TrAcc: 0.4560, TrLoss:  1.78114, VaAcc: 0.3749, VaLoss:  2.42870
 23,  0 | TrAcc: 0.4504, TrLoss:  1.79712, VaAcc: 0.3762, VaLoss:  2.45114
 24,  0 | TrAcc: 0.4597, TrLoss:  1.76576, VaAcc: 0.3829, VaLoss:  2.43718
 25,  0 | TrAcc: 0.4623, TrLoss:  1.75794, VaAcc: 0.3799, VaLoss:  2.44981
 26,  0 | TrAcc: 0.4595, TrLoss:  1.75877, VaAcc: 0.3812, VaLoss:  2.44345
 27,  0 | TrAcc: 0.4747, TrLoss:  1.72949, VaAcc: 0.3894, VaLoss:  2.43648
 28,  0 | TrAcc: 0.4716, TrLoss:  1.73022, VaAcc: 0.3808, VaLoss:  2.43312
 29,  0 | TrAcc: 0.4725, TrLoss:  1.71810, VaAcc: 0.3913, VaLoss:  2.42429
 30,  0 | TrAcc: 0.4775, TrLoss:  1.70612, VaAcc: 0.3881, VaLoss:  2.43416
 31,  0 | TrAcc: 0.4776, TrLoss:  1.69992, VaAcc: 0.3918, VaLoss:  2.42265
 32,  0 | TrAcc: 0.4763, TrLoss:  1.71636, VaAcc: 0.4019, VaLoss:  2.42890
 33,  0 | TrAcc: 0.4772, TrLoss:  1.68705, VaAcc: 0.3956, VaLoss:  2.42195
 34,  0 | TrAcc: 0.4841, TrLoss:  1.68700, VaAcc: 0.3877, VaLoss:  2.43463
 35,  0 | TrAcc: 0.4737, TrLoss:  1.71306, VaAcc: 0.3989, VaLoss:  2.43233
 36,  0 | TrAcc: 0.4813, TrLoss:  1.69260, VaAcc: 0.4034, VaLoss:  2.41792
 37,  0 | TrAcc: 0.4882, TrLoss:  1.66366, VaAcc: 0.4002, VaLoss:  2.42535
 38,  0 | TrAcc: 0.4841, TrLoss:  1.67146, VaAcc: 0.3896, VaLoss:  2.43819
 39,  0 | TrAcc: 0.4850, TrLoss:  1.66739, VaAcc: 0.3855, VaLoss:  2.42611
 40,  0 | TrAcc: 0.4883, TrLoss:  1.66716, VaAcc: 0.4053, VaLoss:  2.41245
 41,  0 | TrAcc: 0.4921, TrLoss:  1.65267, VaAcc: 0.3911, VaLoss:  2.42421
 42,  0 | TrAcc: 0.4917, TrLoss:  1.64834, VaAcc: 0.3959, VaLoss:  2.41751
 43,  0 | TrAcc: 0.4892, TrLoss:  1.66051, VaAcc: 0.4008, VaLoss:  2.42884
 44,  0 | TrAcc: 0.4944, TrLoss:  1.62891, VaAcc: 0.3926, VaLoss:  2.43271
 45,  0 | TrAcc: 0.4979, TrLoss:  1.63269, VaAcc: 0.3900, VaLoss:  2.43340
 46,  0 | TrAcc: 0.4994, TrLoss:  1.61801, VaAcc: 0.3885, VaLoss:  2.43003
 47,  0 | TrAcc: 0.4928, TrLoss:  1.64952, VaAcc: 0.3844, VaLoss:  2.43500
 48,  0 | TrAcc: 0.4914, TrLoss:  1.65435, VaAcc: 0.3950, VaLoss:  2.43695
 49,  0 | TrAcc: 0.4971, TrLoss:  1.64171, VaAcc: 0.3911, VaLoss:  2.44498
 50,  0 | TrAcc: 0.4953, TrLoss:  1.62391, VaAcc: 0.4032, VaLoss:  2.43143
 51,  0 | TrAcc: 0.4937, TrLoss:  1.63316, VaAcc: 0.3857, VaLoss:  2.44462
 52,  0 | TrAcc: 0.4928, TrLoss:  1.63089, VaAcc: 0.3991, VaLoss:  2.45211
 53,  0 | TrAcc: 0.4991, TrLoss:  1.62397, VaAcc: 0.3887, VaLoss:  2.44683
 54,  0 | TrAcc: 0.4914, TrLoss:  1.63847, VaAcc: 0.4032, VaLoss:  2.42769
 55,  0 | TrAcc: 0.4983, TrLoss:  1.61481, VaAcc: 0.4047, VaLoss:  2.42495
 56,  0 | TrAcc: 0.5045, TrLoss:  1.60235, VaAcc: 0.4004, VaLoss:  2.42295
 57,  0 | TrAcc: 0.5090, TrLoss:  1.58719, VaAcc: 0.3961, VaLoss:  2.43963
 58,  0 | TrAcc: 0.5044, TrLoss:  1.60426, VaAcc: 0.3984, VaLoss:  2.42701
 59,  0 | TrAcc: 0.5040, TrLoss:  1.61008, VaAcc: 0.4028, VaLoss:  2.41690
 60,  0 | TrAcc: 0.5062, TrLoss:  1.59468, VaAcc: 0.4094, VaLoss:  2.43511
 61,  0 | TrAcc: 0.5047, TrLoss:  1.60274, VaAcc: 0.4071, VaLoss:  2.43280
 62,  0 | TrAcc: 0.5034, TrLoss:  1.60158, VaAcc: 0.3939, VaLoss:  2.43666
 63,  0 | TrAcc: 0.5065, TrLoss:  1.59633, VaAcc: 0.4049, VaLoss:  2.43849
 64,  0 | TrAcc: 0.5149, TrLoss:  1.57578, VaAcc: 0.4043, VaLoss:  2.44645
 65,  0 | TrAcc: 0.5067, TrLoss:  1.58576, VaAcc: 0.3954, VaLoss:  2.42795
 66,  0 | TrAcc: 0.5038, TrLoss:  1.59736, VaAcc: 0.3918, VaLoss:  2.44731
 67,  0 | TrAcc: 0.5097, TrLoss:  1.59142, VaAcc: 0.4021, VaLoss:  2.44068
 68,  0 | TrAcc: 0.5125, TrLoss:  1.58248, VaAcc: 0.3944, VaLoss:  2.44420
 69,  0 | TrAcc: 0.5045, TrLoss:  1.59577, VaAcc: 0.3948, VaLoss:  2.45205
 70,  0 | TrAcc: 0.5112, TrLoss:  1.59626, VaAcc: 0.3900, VaLoss:  2.43574
 71,  0 | TrAcc: 0.5074, TrLoss:  1.58870, VaAcc: 0.4094, VaLoss:  2.45769
 72,  0 | TrAcc: 0.5041, TrLoss:  1.59160, VaAcc: 0.3941, VaLoss:  2.44508
 73,  0 | TrAcc: 0.5079, TrLoss:  1.58845, VaAcc: 0.3959, VaLoss:  2.44998
 74,  0 | TrAcc: 0.5165, TrLoss:  1.56097, VaAcc: 0.3972, VaLoss:  2.45572
 75,  0 | TrAcc: 0.5089, TrLoss:  1.58625, VaAcc: 0.3950, VaLoss:  2.46171
 76,  0 | TrAcc: 0.5095, TrLoss:  1.57889, VaAcc: 0.3984, VaLoss:  2.44224
 77,  0 | TrAcc: 0.5169, TrLoss:  1.55309, VaAcc: 0.3941, VaLoss:  2.45570
 78,  0 | TrAcc: 0.5088, TrLoss:  1.57102, VaAcc: 0.3933, VaLoss:  2.44601
 79,  0 | TrAcc: 0.5056, TrLoss:  1.58517, VaAcc: 0.3989, VaLoss:  2.46092
 80,  0 | TrAcc: 0.5148, TrLoss:  1.55727, VaAcc: 0.3963, VaLoss:  2.44075
 81,  0 | TrAcc: 0.5091, TrLoss:  1.56378, VaAcc: 0.3935, VaLoss:  2.44359
 82,  0 | TrAcc: 0.5120, TrLoss:  1.56653, VaAcc: 0.4021, VaLoss:  2.44636
 83,  0 | TrAcc: 0.5176, TrLoss:  1.54068, VaAcc: 0.3980, VaLoss:  2.43963
 84,  0 | TrAcc: 0.5083, TrLoss:  1.57559, VaAcc: 0.3995, VaLoss:  2.46490
 85,  0 | TrAcc: 0.5153, TrLoss:  1.55981, VaAcc: 0.4053, VaLoss:  2.45809
 86,  0 | TrAcc: 0.5134, TrLoss:  1.56912, VaAcc: 0.3907, VaLoss:  2.45799
 87,  0 | TrAcc: 0.5186, TrLoss:  1.55046, VaAcc: 0.3924, VaLoss:  2.45784
 88,  0 | TrAcc: 0.5159, TrLoss:  1.54769, VaAcc: 0.4021, VaLoss:  2.44819
 89,  0 | TrAcc: 0.5191, TrLoss:  1.54017, VaAcc: 0.3924, VaLoss:  2.45718
 90,  0 | TrAcc: 0.5203, TrLoss:  1.53790, VaAcc: 0.3890, VaLoss:  2.46265
 91,  0 | TrAcc: 0.5143, TrLoss:  1.54881, VaAcc: 0.3903, VaLoss:  2.45146
 92,  0 | TrAcc: 0.5174, TrLoss:  1.54897, VaAcc: 0.3922, VaLoss:  2.46536
 93,  0 | TrAcc: 0.5179, TrLoss:  1.53579, VaAcc: 0.3984, VaLoss:  2.46452
 94,  0 | TrAcc: 0.5244, TrLoss:  1.51493, VaAcc: 0.3859, VaLoss:  2.46408
 95,  0 | TrAcc: 0.5202, TrLoss:  1.52852, VaAcc: 0.3969, VaLoss:  2.44891
 96,  0 | TrAcc: 0.5238, TrLoss:  1.50656, VaAcc: 0.3926, VaLoss:  2.45232
 97,  0 | TrAcc: 0.5187, TrLoss:  1.52922, VaAcc: 0.3954, VaLoss:  2.46093
 98,  0 | TrAcc: 0.5196, TrLoss:  1.53360, VaAcc: 0.3969, VaLoss:  2.46465
 99,  0 | TrAcc: 0.5240, TrLoss:  1.52230, VaAcc: 0.3974, VaLoss:  2.46243
----------------------------
Final Tr Acc   :   0.52175 +- 0.00229
Final Va Acc   :   0.39184 +- 0.00513
Final Tr Loss  :   1.53099 +- 0.00792
Final Va Loss  :   2.48164 +- 0.01670

TrAcc
Run:  0 | 52.90% in epoch   91
Run:  1 | 52.48% in epoch   98
Run:  2 | 52.44% in epoch   94

VaAcc
Run:  0 | 40.69% in epoch   95
Run:  1 | 40.06% in epoch   52
Run:  2 | 40.94% in epoch   60

TeAcc
Run:  0 | 38.42% in epoch   95
Run:  1 | 38.01% in epoch   52
Run:  2 | 37.42% in epoch   60
(3, 100)
