{'learning_rate_tau': 10000, 'batchnorm': {'type': 'none', 'tau': 5, 'modes': [], 'momentum': 0.98}, 'learning_rate': 0.02, 'mode': {'min_error': 0, 'name': 'classic', 'max_epochs': 100}, 'task_id': 21}
{'tr': {'in_seq_len': 40, 'max_truncation': 0, 'minibatch_size': 1000, 'minibatch_mode': True}, 'te': {'in_seq_len': 40, 'max_truncation': 0, 'minibatch_size': 500, 'minibatch_mode': False}, 'remove_bias': False, 'dataset': 'timit', 'va': {'in_seq_len': 40, 'max_truncation': 0, 'minibatch_size': 500, 'minibatch_mode': False}}
{'n_bins': 2.0, 'layer_configs': [{'layer_type': 'input'}, {'regularization': {'mode': 'none', 'output_zo_prob': 0.01, 'state_zo_prob': 0.05}, 'layer_type': 'lstm', 'init_config': {'f': {'b': 'all_one', 'w': 'xavier'}, 'o': {'b': 'all_zero', 'w': 'xavier'}, 'c': {'b': 'all_zero', 'w': 'xavier'}, 'i': {'b': 'all_zero', 'w': 'xavier'}}, 'var_scope': 'lstm_0'}, {'regularization': {'mode': 'none', 'output_zo_prob': 0.01, 'state_zo_prob': 0.05}, 'init_config': {'o': {'b': 'all_zero', 'w': 'xavier'}, 'c': {'b': 'all_zero', 'w': 'xavier'}, 'f': {'b': 'all_one', 'w': 'xavier'}, 'i': {'b': 'all_zero', 'w': 'xavier'}}, 'layer_type': 'lstm', 'var_scope': 'lstm_1'}, {'regularization': {'strength': 0.0, 'mode': 'l2'}, 'init_config': {'b': 'all_zero', 'w': 'xavier'}, 'layer_type': 'fc', 'var_scope': 'output_layer'}], 'gradient_clip_value': 0.5, 'output_type': 'classification', 'layout': [13, 70, 100, 60], 'discrete_acts': ['i', 'o'], 'weight_type': 'ternary'}
{'save_model': {'path': '../tr_models/m_model21', 'enabled': False}, 'calc_performance_every': 1, 'include_out': False, 'include_pred': False}

=============================
CONFIG FILE

RNN CONFIG
{'batchnorm': {'modes': [], 'momentum': 0.98, 'tau': 5, 'type': 'none'},
 'learning_rate': 0.02,
 'learning_rate_tau': 10000,
 'mode': {'max_epochs': 100, 'min_error': 0, 'name': 'classic'},
 'task_id': 21}

DATA CONFIG
{'dataset': 'timit',
 'remove_bias': False,
 'te': {'in_seq_len': 40,
        'max_truncation': 0,
        'minibatch_mode': False,
        'minibatch_size': 500},
 'tr': {'in_seq_len': 40,
        'max_truncation': 0,
        'minibatch_mode': True,
        'minibatch_size': 1000},
 'va': {'in_seq_len': 40,
        'max_truncation': 0,
        'minibatch_mode': False,
        'minibatch_size': 500}}

TRAINING CONFIG
{'discrete_acts': ['i', 'o'],
 'gradient_clip_value': 0.5,
 'layer_configs': [{'layer_type': 'input'},
                   {'init_config': {'c': {'b': 'all_zero', 'w': 'xavier'},
                                    'f': {'b': 'all_one', 'w': 'xavier'},
                                    'i': {'b': 'all_zero', 'w': 'xavier'},
                                    'o': {'b': 'all_zero', 'w': 'xavier'}},
                    'layer_type': 'lstm',
                    'regularization': {'mode': 'none',
                                       'output_zo_prob': 0.01,
                                       'state_zo_prob': 0.05},
                    'var_scope': 'lstm_0'},
                   {'init_config': {'c': {'b': 'all_zero', 'w': 'xavier'},
                                    'f': {'b': 'all_one', 'w': 'xavier'},
                                    'i': {'b': 'all_zero', 'w': 'xavier'},
                                    'o': {'b': 'all_zero', 'w': 'xavier'}},
                    'layer_type': 'lstm',
                    'regularization': {'mode': 'none',
                                       'output_zo_prob': 0.01,
                                       'state_zo_prob': 0.05},
                    'var_scope': 'lstm_1'},
                   {'init_config': {'b': 'all_zero', 'w': 'xavier'},
                    'layer_type': 'fc',
                    'regularization': {'mode': 'l2', 'strength': 0.0},
                    'var_scope': 'output_layer'}],
 'layout': [13, 70, 100, 60],
 'n_bins': 2.0,
 'output_type': 'classification',
 'weight_type': 'ternary'}
==============================


  0,  0 | TrAcc: 0.0155, TrLoss:  4.54658, VaAcc: 0.0142, VaLoss:  4.56189
  1,  0 | TrAcc: 0.1593, TrLoss:  3.26625, VaAcc: 0.1067, VaLoss:  3.51447
  2,  0 | TrAcc: 0.1731, TrLoss:  3.13405, VaAcc: 0.1121, VaLoss:  3.45001
  3,  0 | TrAcc: 0.1958, TrLoss:  3.00429, VaAcc: 0.1447, VaLoss:  3.36033
  4,  0 | TrAcc: 0.1608, TrLoss:  3.18122, VaAcc: 0.0880, VaLoss:  3.57153
  5,  0 | TrAcc: 0.1619, TrLoss:  3.21013, VaAcc: 0.0701, VaLoss:  3.62075
  6,  0 | TrAcc: 0.1721, TrLoss:  3.13598, VaAcc: 0.0979, VaLoss:  3.52445
  7,  0 | TrAcc: 0.1858, TrLoss:  3.02171, VaAcc: 0.0979, VaLoss:  3.42058
  8,  0 | TrAcc: 0.2000, TrLoss:  2.92168, VaAcc: 0.1238, VaLoss:  3.36549
  9,  0 | TrAcc: 0.2129, TrLoss:  2.88087, VaAcc: 0.1382, VaLoss:  3.30364
 10,  0 | TrAcc: 0.2144, TrLoss:  2.84724, VaAcc: 0.1432, VaLoss:  3.30034
 11,  0 | TrAcc: 0.2143, TrLoss:  2.83613, VaAcc: 0.1259, VaLoss:  3.31108
 12,  0 | TrAcc: 0.2075, TrLoss:  2.87947, VaAcc: 0.1373, VaLoss:  3.34588
 13,  0 | TrAcc: 0.2150, TrLoss:  2.82209, VaAcc: 0.1294, VaLoss:  3.30107
 14,  0 | TrAcc: 0.2219, TrLoss:  2.80097, VaAcc: 0.1317, VaLoss:  3.30930
 15,  0 | TrAcc: 0.2333, TrLoss:  2.75675, VaAcc: 0.1358, VaLoss:  3.29414
 16,  0 | TrAcc: 0.2445, TrLoss:  2.70907, VaAcc: 0.1503, VaLoss:  3.24563
 17,  0 | TrAcc: 0.2452, TrLoss:  2.67844, VaAcc: 0.1658, VaLoss:  3.20820
 18,  0 | TrAcc: 0.2395, TrLoss:  2.68090, VaAcc: 0.1455, VaLoss:  3.23720
 19,  0 | TrAcc: 0.2438, TrLoss:  2.67396, VaAcc: 0.1488, VaLoss:  3.24748
 20,  0 | TrAcc: 0.2546, TrLoss:  2.63626, VaAcc: 0.1630, VaLoss:  3.20358
 21,  0 | TrAcc: 0.2616, TrLoss:  2.60864, VaAcc: 0.1483, VaLoss:  3.21404
 22,  0 | TrAcc: 0.2593, TrLoss:  2.58930, VaAcc: 0.1615, VaLoss:  3.17885
 23,  0 | TrAcc: 0.2699, TrLoss:  2.56866, VaAcc: 0.1574, VaLoss:  3.19595
 24,  0 | TrAcc: 0.2632, TrLoss:  2.59777, VaAcc: 0.1522, VaLoss:  3.22228
 25,  0 | TrAcc: 0.2669, TrLoss:  2.56285, VaAcc: 0.1608, VaLoss:  3.20544
 26,  0 | TrAcc: 0.2744, TrLoss:  2.53676, VaAcc: 0.1570, VaLoss:  3.17905
 27,  0 | TrAcc: 0.2767, TrLoss:  2.50669, VaAcc: 0.1727, VaLoss:  3.15020
 28,  0 | TrAcc: 0.2841, TrLoss:  2.50789, VaAcc: 0.1639, VaLoss:  3.17632
 29,  0 | TrAcc: 0.2819, TrLoss:  2.49624, VaAcc: 0.1587, VaLoss:  3.18645
 30,  0 | TrAcc: 0.2808, TrLoss:  2.50077, VaAcc: 0.1695, VaLoss:  3.15179
 31,  0 | TrAcc: 0.2874, TrLoss:  2.47892, VaAcc: 0.1727, VaLoss:  3.17878
 32,  0 | TrAcc: 0.2878, TrLoss:  2.46828, VaAcc: 0.1757, VaLoss:  3.14139
 33,  0 | TrAcc: 0.2864, TrLoss:  2.46009, VaAcc: 0.1703, VaLoss:  3.13264
 34,  0 | TrAcc: 0.2820, TrLoss:  2.46793, VaAcc: 0.1796, VaLoss:  3.13877
 35,  0 | TrAcc: 0.2896, TrLoss:  2.46068, VaAcc: 0.1852, VaLoss:  3.13833
 36,  0 | TrAcc: 0.2868, TrLoss:  2.45219, VaAcc: 0.1811, VaLoss:  3.12776
 37,  0 | TrAcc: 0.2882, TrLoss:  2.43998, VaAcc: 0.1915, VaLoss:  3.10864
 38,  0 | TrAcc: 0.2966, TrLoss:  2.40789, VaAcc: 0.1809, VaLoss:  3.12923
 39,  0 | TrAcc: 0.3043, TrLoss:  2.38536, VaAcc: 0.1923, VaLoss:  3.11429
 40,  0 | TrAcc: 0.2961, TrLoss:  2.40056, VaAcc: 0.1762, VaLoss:  3.12407
 41,  0 | TrAcc: 0.3032, TrLoss:  2.38303, VaAcc: 0.1947, VaLoss:  3.10744
 42,  0 | TrAcc: 0.3066, TrLoss:  2.37587, VaAcc: 0.1854, VaLoss:  3.09641
 43,  0 | TrAcc: 0.3125, TrLoss:  2.34906, VaAcc: 0.1852, VaLoss:  3.10088
 44,  0 | TrAcc: 0.3082, TrLoss:  2.37378, VaAcc: 0.1897, VaLoss:  3.10939
 45,  0 | TrAcc: 0.3143, TrLoss:  2.35369, VaAcc: 0.1837, VaLoss:  3.10659
 46,  0 | TrAcc: 0.3132, TrLoss:  2.34011, VaAcc: 0.1966, VaLoss:  3.08914
 47,  0 | TrAcc: 0.3167, TrLoss:  2.33190, VaAcc: 0.1979, VaLoss:  3.08228
 48,  0 | TrAcc: 0.3069, TrLoss:  2.35524, VaAcc: 0.2029, VaLoss:  3.08316
 49,  0 | TrAcc: 0.3055, TrLoss:  2.35509, VaAcc: 0.2070, VaLoss:  3.07455
 50,  0 | TrAcc: 0.3077, TrLoss:  2.34699, VaAcc: 0.1876, VaLoss:  3.08595
 51,  0 | TrAcc: 0.3142, TrLoss:  2.34059, VaAcc: 0.1893, VaLoss:  3.08013
 52,  0 | TrAcc: 0.3174, TrLoss:  2.33108, VaAcc: 0.2042, VaLoss:  3.07328
 53,  0 | TrAcc: 0.3192, TrLoss:  2.32341, VaAcc: 0.1953, VaLoss:  3.08404
 54,  0 | TrAcc: 0.3149, TrLoss:  2.32962, VaAcc: 0.1919, VaLoss:  3.08189
 55,  0 | TrAcc: 0.3188, TrLoss:  2.30783, VaAcc: 0.1999, VaLoss:  3.07117
 56,  0 | TrAcc: 0.3179, TrLoss:  2.32810, VaAcc: 0.1908, VaLoss:  3.08600
 57,  0 | TrAcc: 0.3228, TrLoss:  2.30326, VaAcc: 0.2018, VaLoss:  3.08093
 58,  0 | TrAcc: 0.3196, TrLoss:  2.29270, VaAcc: 0.1884, VaLoss:  3.08031
 59,  0 | TrAcc: 0.3285, TrLoss:  2.27631, VaAcc: 0.2087, VaLoss:  3.05467
 60,  0 | TrAcc: 0.3246, TrLoss:  2.26857, VaAcc: 0.2055, VaLoss:  3.05641
 61,  0 | TrAcc: 0.3317, TrLoss:  2.26230, VaAcc: 0.2124, VaLoss:  3.04799
 62,  0 | TrAcc: 0.3258, TrLoss:  2.26179, VaAcc: 0.1973, VaLoss:  3.06188
 63,  0 | TrAcc: 0.3342, TrLoss:  2.24368, VaAcc: 0.2081, VaLoss:  3.04872
 64,  0 | TrAcc: 0.3399, TrLoss:  2.23443, VaAcc: 0.2141, VaLoss:  3.02957
 65,  0 | TrAcc: 0.3415, TrLoss:  2.21965, VaAcc: 0.2057, VaLoss:  3.05561
 66,  0 | TrAcc: 0.3369, TrLoss:  2.23762, VaAcc: 0.2007, VaLoss:  3.06525
 67,  0 | TrAcc: 0.3398, TrLoss:  2.22071, VaAcc: 0.2094, VaLoss:  3.03891
 68,  0 | TrAcc: 0.3417, TrLoss:  2.21858, VaAcc: 0.2210, VaLoss:  3.02576
 69,  0 | TrAcc: 0.3386, TrLoss:  2.21475, VaAcc: 0.2184, VaLoss:  3.02538
 70,  0 | TrAcc: 0.3411, TrLoss:  2.20693, VaAcc: 0.2150, VaLoss:  3.02450
 71,  0 | TrAcc: 0.3450, TrLoss:  2.19573, VaAcc: 0.2119, VaLoss:  3.02544
 72,  0 | TrAcc: 0.3419, TrLoss:  2.21203, VaAcc: 0.2137, VaLoss:  3.02744
 73,  0 | TrAcc: 0.3445, TrLoss:  2.18719, VaAcc: 0.2104, VaLoss:  3.02273
 74,  0 | TrAcc: 0.3428, TrLoss:  2.19476, VaAcc: 0.2301, VaLoss:  3.00426
 75,  0 | TrAcc: 0.3505, TrLoss:  2.17493, VaAcc: 0.2339, VaLoss:  2.99055
 76,  0 | TrAcc: 0.3442, TrLoss:  2.18972, VaAcc: 0.2176, VaLoss:  3.00498
 77,  0 | TrAcc: 0.3435, TrLoss:  2.17266, VaAcc: 0.2176, VaLoss:  3.00393
 78,  0 | TrAcc: 0.3501, TrLoss:  2.17246, VaAcc: 0.2176, VaLoss:  3.00184
 79,  0 | TrAcc: 0.3542, TrLoss:  2.17247, VaAcc: 0.2158, VaLoss:  3.00564
 80,  0 | TrAcc: 0.3495, TrLoss:  2.17733, VaAcc: 0.2210, VaLoss:  2.99447
 81,  0 | TrAcc: 0.3507, TrLoss:  2.17809, VaAcc: 0.2266, VaLoss:  3.00742
 82,  0 | TrAcc: 0.3547, TrLoss:  2.15598, VaAcc: 0.2199, VaLoss:  2.99495
 83,  0 | TrAcc: 0.3480, TrLoss:  2.16539, VaAcc: 0.2294, VaLoss:  2.98208
 84,  0 | TrAcc: 0.3447, TrLoss:  2.16587, VaAcc: 0.2316, VaLoss:  2.98738
 85,  0 | TrAcc: 0.3559, TrLoss:  2.15542, VaAcc: 0.2238, VaLoss:  2.99507
 86,  0 | TrAcc: 0.3556, TrLoss:  2.16216, VaAcc: 0.2247, VaLoss:  2.98494
 87,  0 | TrAcc: 0.3590, TrLoss:  2.15591, VaAcc: 0.2309, VaLoss:  2.98890
 88,  0 | TrAcc: 0.3524, TrLoss:  2.16870, VaAcc: 0.2298, VaLoss:  2.98432
 89,  0 | TrAcc: 0.3528, TrLoss:  2.15588, VaAcc: 0.2268, VaLoss:  2.99682
 90,  0 | TrAcc: 0.3534, TrLoss:  2.14617, VaAcc: 0.2109, VaLoss:  3.00971
 91,  0 | TrAcc: 0.3584, TrLoss:  2.12596, VaAcc: 0.2201, VaLoss:  2.97457
 92,  0 | TrAcc: 0.3612, TrLoss:  2.12482, VaAcc: 0.2104, VaLoss:  2.99698
 93,  0 | TrAcc: 0.3684, TrLoss:  2.11671, VaAcc: 0.2163, VaLoss:  3.00207
 94,  0 | TrAcc: 0.3615, TrLoss:  2.12186, VaAcc: 0.2102, VaLoss:  2.99672
 95,  0 | TrAcc: 0.3638, TrLoss:  2.10488, VaAcc: 0.2303, VaLoss:  2.97558
 96,  0 | TrAcc: 0.3669, TrLoss:  2.12157, VaAcc: 0.2204, VaLoss:  2.97927
 97,  0 | TrAcc: 0.3668, TrLoss:  2.11702, VaAcc: 0.2277, VaLoss:  2.97428
 98,  0 | TrAcc: 0.3709, TrLoss:  2.11118, VaAcc: 0.2432, VaLoss:  2.97285
 99,  0 | TrAcc: 0.3640, TrLoss:  2.11401, VaAcc: 0.2221, VaLoss:  2.97628

=============================
CONFIG FILE

RNN CONFIG
{'batchnorm': {'modes': [], 'momentum': 0.98, 'tau': 5, 'type': 'none'},
 'learning_rate': 0.02,
 'learning_rate_tau': 10000,
 'mode': {'max_epochs': 100, 'min_error': 0, 'name': 'classic'},
 'task_id': 21}

DATA CONFIG
{'dataset': 'timit',
 'remove_bias': False,
 'te': {'in_seq_len': 40,
        'max_truncation': 0,
        'minibatch_mode': False,
        'minibatch_size': 500},
 'tr': {'in_seq_len': 40,
        'max_truncation': 0,
        'minibatch_mode': True,
        'minibatch_size': 1000},
 'va': {'in_seq_len': 40,
        'max_truncation': 0,
        'minibatch_mode': False,
        'minibatch_size': 500}}

TRAINING CONFIG
{'discrete_acts': ['i', 'o'],
 'gradient_clip_value': 0.5,
 'layer_configs': [{'layer_type': 'input'},
                   {'init_config': {'c': {'b': 'all_zero', 'w': 'xavier'},
                                    'f': {'b': 'all_one', 'w': 'xavier'},
                                    'i': {'b': 'all_zero', 'w': 'xavier'},
                                    'o': {'b': 'all_zero', 'w': 'xavier'}},
                    'layer_type': 'lstm',
                    'regularization': {'mode': 'none',
                                       'output_zo_prob': 0.01,
                                       'state_zo_prob': 0.05},
                    'var_scope': 'lstm_0'},
                   {'init_config': {'c': {'b': 'all_zero', 'w': 'xavier'},
                                    'f': {'b': 'all_one', 'w': 'xavier'},
                                    'i': {'b': 'all_zero', 'w': 'xavier'},
                                    'o': {'b': 'all_zero', 'w': 'xavier'}},
                    'layer_type': 'lstm',
                    'regularization': {'mode': 'none',
                                       'output_zo_prob': 0.01,
                                       'state_zo_prob': 0.05},
                    'var_scope': 'lstm_1'},
                   {'init_config': {'b': 'all_zero', 'w': 'xavier'},
                    'layer_type': 'fc',
                    'regularization': {'mode': 'l2', 'strength': 0.0},
                    'var_scope': 'output_layer'}],
 'layout': [13, 70, 100, 60],
 'n_bins': 2.0,
 'output_type': 'classification',
 'weight_type': 'ternary'}
==============================


  0,  0 | TrAcc: 0.0150, TrLoss:  4.56938, VaAcc: 0.0172, VaLoss:  4.57837
  1,  0 | TrAcc: 0.1564, TrLoss:  3.32634, VaAcc: 0.1097, VaLoss:  3.50933
  2,  0 | TrAcc: 0.1839, TrLoss:  3.10329, VaAcc: 0.1261, VaLoss:  3.39121
  3,  0 | TrAcc: 0.1946, TrLoss:  2.98854, VaAcc: 0.1425, VaLoss:  3.31310
  4,  0 | TrAcc: 0.1801, TrLoss:  3.06757, VaAcc: 0.1212, VaLoss:  3.43379
  5,  0 | TrAcc: 0.1787, TrLoss:  3.05016, VaAcc: 0.1160, VaLoss:  3.44838
  6,  0 | TrAcc: 0.1919, TrLoss:  2.97101, VaAcc: 0.1287, VaLoss:  3.37634
  7,  0 | TrAcc: 0.2025, TrLoss:  2.94252, VaAcc: 0.1046, VaLoss:  3.40117
  8,  0 | TrAcc: 0.2009, TrLoss:  2.93670, VaAcc: 0.1154, VaLoss:  3.39025
  9,  0 | TrAcc: 0.1940, TrLoss:  2.94940, VaAcc: 0.1074, VaLoss:  3.41416
 10,  0 | TrAcc: 0.1893, TrLoss:  2.96996, VaAcc: 0.1056, VaLoss:  3.43214
 11,  0 | TrAcc: 0.2029, TrLoss:  2.93124, VaAcc: 0.1000, VaLoss:  3.42749
 12,  0 | TrAcc: 0.1846, TrLoss:  3.00990, VaAcc: 0.0942, VaLoss:  3.50021
 13,  0 | TrAcc: 0.1867, TrLoss:  2.98027, VaAcc: 0.0837, VaLoss:  3.47840
 14,  0 | TrAcc: 0.1877, TrLoss:  3.01137, VaAcc: 0.0906, VaLoss:  3.50285
 15,  0 | TrAcc: 0.1937, TrLoss:  2.98667, VaAcc: 0.0806, VaLoss:  3.50736
 16,  0 | TrAcc: 0.1976, TrLoss:  2.93052, VaAcc: 0.0968, VaLoss:  3.45189
 17,  0 | TrAcc: 0.2058, TrLoss:  2.91374, VaAcc: 0.0921, VaLoss:  3.47547
 18,  0 | TrAcc: 0.2037, TrLoss:  2.92629, VaAcc: 0.0908, VaLoss:  3.47771
 19,  0 | TrAcc: 0.2079, TrLoss:  2.90368, VaAcc: 0.0994, VaLoss:  3.46281
 20,  0 | TrAcc: 0.2037, TrLoss:  2.94156, VaAcc: 0.0828, VaLoss:  3.50291
 21,  0 | TrAcc: 0.1939, TrLoss:  2.96223, VaAcc: 0.0828, VaLoss:  3.51718
 22,  0 | TrAcc: 0.1930, TrLoss:  2.97516, VaAcc: 0.0811, VaLoss:  3.51162
 23,  0 | TrAcc: 0.1862, TrLoss:  2.99339, VaAcc: 0.0791, VaLoss:  3.53418
 24,  0 | TrAcc: 0.1935, TrLoss:  2.97536, VaAcc: 0.0815, VaLoss:  3.54106
 25,  0 | TrAcc: 0.1829, TrLoss:  3.02181, VaAcc: 0.0677, VaLoss:  3.59770
 26,  0 | TrAcc: 0.1767, TrLoss:  3.04328, VaAcc: 0.0707, VaLoss:  3.57945
 27,  0 | TrAcc: 0.1864, TrLoss:  3.00210, VaAcc: 0.0634, VaLoss:  3.55602
 28,  0 | TrAcc: 0.1913, TrLoss:  2.97008, VaAcc: 0.0664, VaLoss:  3.53150
 29,  0 | TrAcc: 0.1933, TrLoss:  2.94905, VaAcc: 0.0869, VaLoss:  3.50396
 30,  0 | TrAcc: 0.1938, TrLoss:  2.94943, VaAcc: 0.0830, VaLoss:  3.52902
 31,  0 | TrAcc: 0.1966, TrLoss:  2.95634, VaAcc: 0.0824, VaLoss:  3.51260
 32,  0 | TrAcc: 0.2063, TrLoss:  2.91042, VaAcc: 0.0841, VaLoss:  3.50464
 33,  0 | TrAcc: 0.2047, TrLoss:  2.89361, VaAcc: 0.0886, VaLoss:  3.46951
 34,  0 | TrAcc: 0.2055, TrLoss:  2.88100, VaAcc: 0.0843, VaLoss:  3.46567
 35,  0 | TrAcc: 0.2177, TrLoss:  2.84641, VaAcc: 0.1056, VaLoss:  3.43233
 36,  0 | TrAcc: 0.2151, TrLoss:  2.86354, VaAcc: 0.0944, VaLoss:  3.42627
 37,  0 | TrAcc: 0.2125, TrLoss:  2.84379, VaAcc: 0.0927, VaLoss:  3.43257
 38,  0 | TrAcc: 0.2011, TrLoss:  2.88629, VaAcc: 0.0865, VaLoss:  3.44841
 39,  0 | TrAcc: 0.2106, TrLoss:  2.82998, VaAcc: 0.0940, VaLoss:  3.41028
 40,  0 | TrAcc: 0.2168, TrLoss:  2.83401, VaAcc: 0.0832, VaLoss:  3.44540
 41,  0 | TrAcc: 0.2176, TrLoss:  2.83241, VaAcc: 0.0998, VaLoss:  3.41478
 42,  0 | TrAcc: 0.2147, TrLoss:  2.84296, VaAcc: 0.0944, VaLoss:  3.42508
 43,  0 | TrAcc: 0.2114, TrLoss:  2.85267, VaAcc: 0.0957, VaLoss:  3.44683
 44,  0 | TrAcc: 0.2158, TrLoss:  2.83503, VaAcc: 0.0921, VaLoss:  3.45923
 45,  0 | TrAcc: 0.2060, TrLoss:  2.87717, VaAcc: 0.0910, VaLoss:  3.47530
 46,  0 | TrAcc: 0.2105, TrLoss:  2.87966, VaAcc: 0.0729, VaLoss:  3.53037
 47,  0 | TrAcc: 0.2121, TrLoss:  2.84774, VaAcc: 0.0800, VaLoss:  3.49254
 48,  0 | TrAcc: 0.2090, TrLoss:  2.86492, VaAcc: 0.0787, VaLoss:  3.50032
 49,  0 | TrAcc: 0.2101, TrLoss:  2.85789, VaAcc: 0.0821, VaLoss:  3.49109
 50,  0 | TrAcc: 0.2127, TrLoss:  2.83858, VaAcc: 0.0776, VaLoss:  3.49668
 51,  0 | TrAcc: 0.2167, TrLoss:  2.82363, VaAcc: 0.0768, VaLoss:  3.49661
 52,  0 | TrAcc: 0.2107, TrLoss:  2.83959, VaAcc: 0.0796, VaLoss:  3.49728
 53,  0 | TrAcc: 0.2194, TrLoss:  2.81993, VaAcc: 0.0761, VaLoss:  3.49582
 54,  0 | TrAcc: 0.2170, TrLoss:  2.83446, VaAcc: 0.0776, VaLoss:  3.48915
 55,  0 | TrAcc: 0.2279, TrLoss:  2.79082, VaAcc: 0.0802, VaLoss:  3.46326
 56,  0 | TrAcc: 0.2269, TrLoss:  2.78452, VaAcc: 0.0821, VaLoss:  3.47060
 57,  0 | TrAcc: 0.2254, TrLoss:  2.79913, VaAcc: 0.0873, VaLoss:  3.46696
 58,  0 | TrAcc: 0.2212, TrLoss:  2.80374, VaAcc: 0.0856, VaLoss:  3.47830
 59,  0 | TrAcc: 0.2252, TrLoss:  2.77077, VaAcc: 0.0977, VaLoss:  3.43754
 60,  0 | TrAcc: 0.2325, TrLoss:  2.76261, VaAcc: 0.0938, VaLoss:  3.43916
 61,  0 | TrAcc: 0.2199, TrLoss:  2.78042, VaAcc: 0.0871, VaLoss:  3.45198
 62,  0 | TrAcc: 0.2262, TrLoss:  2.77379, VaAcc: 0.1009, VaLoss:  3.45671
 63,  0 | TrAcc: 0.2283, TrLoss:  2.74786, VaAcc: 0.1007, VaLoss:  3.44763
 64,  0 | TrAcc: 0.2311, TrLoss:  2.75878, VaAcc: 0.0865, VaLoss:  3.46245
 65,  0 | TrAcc: 0.2341, TrLoss:  2.73743, VaAcc: 0.1011, VaLoss:  3.44292
 66,  0 | TrAcc: 0.2300, TrLoss:  2.75613, VaAcc: 0.0962, VaLoss:  3.44562
 67,  0 | TrAcc: 0.2338, TrLoss:  2.73461, VaAcc: 0.0897, VaLoss:  3.44536
 68,  0 | TrAcc: 0.2397, TrLoss:  2.73636, VaAcc: 0.0918, VaLoss:  3.45016
 69,  0 | TrAcc: 0.2314, TrLoss:  2.74234, VaAcc: 0.0983, VaLoss:  3.44875
 70,  0 | TrAcc: 0.2372, TrLoss:  2.73113, VaAcc: 0.0942, VaLoss:  3.44733
 71,  0 | TrAcc: 0.2375, TrLoss:  2.71940, VaAcc: 0.1076, VaLoss:  3.41843
 72,  0 | TrAcc: 0.2428, TrLoss:  2.69976, VaAcc: 0.0964, VaLoss:  3.43343
 73,  0 | TrAcc: 0.2400, TrLoss:  2.71254, VaAcc: 0.1069, VaLoss:  3.41127
 74,  0 | TrAcc: 0.2390, TrLoss:  2.71818, VaAcc: 0.0925, VaLoss:  3.45281
 75,  0 | TrAcc: 0.2345, TrLoss:  2.73156, VaAcc: 0.0985, VaLoss:  3.43216
 76,  0 | TrAcc: 0.2366, TrLoss:  2.71420, VaAcc: 0.0990, VaLoss:  3.42910
 77,  0 | TrAcc: 0.2370, TrLoss:  2.70225, VaAcc: 0.0873, VaLoss:  3.44733
 78,  0 | TrAcc: 0.2405, TrLoss:  2.69533, VaAcc: 0.0882, VaLoss:  3.44366
 79,  0 | TrAcc: 0.2403, TrLoss:  2.70271, VaAcc: 0.0912, VaLoss:  3.43720
 80,  0 | TrAcc: 0.2394, TrLoss:  2.70144, VaAcc: 0.0929, VaLoss:  3.43102
 81,  0 | TrAcc: 0.2395, TrLoss:  2.71232, VaAcc: 0.1018, VaLoss:  3.42729
 82,  0 | TrAcc: 0.2426, TrLoss:  2.70039, VaAcc: 0.0947, VaLoss:  3.42530
 83,  0 | TrAcc: 0.2362, TrLoss:  2.68645, VaAcc: 0.0970, VaLoss:  3.42123
 84,  0 | TrAcc: 0.2311, TrLoss:  2.71916, VaAcc: 0.1007, VaLoss:  3.42218
 85,  0 | TrAcc: 0.2340, TrLoss:  2.70833, VaAcc: 0.0957, VaLoss:  3.43419
 86,  0 | TrAcc: 0.2373, TrLoss:  2.69893, VaAcc: 0.0966, VaLoss:  3.43061
 87,  0 | TrAcc: 0.2335, TrLoss:  2.70429, VaAcc: 0.1052, VaLoss:  3.40923
 88,  0 | TrAcc: 0.2336, TrLoss:  2.69918, VaAcc: 0.1020, VaLoss:  3.41813
 89,  0 | TrAcc: 0.2422, TrLoss:  2.68810, VaAcc: 0.1018, VaLoss:  3.41374
 90,  0 | TrAcc: 0.2367, TrLoss:  2.70795, VaAcc: 0.0955, VaLoss:  3.41594
 91,  0 | TrAcc: 0.2444, TrLoss:  2.69317, VaAcc: 0.1095, VaLoss:  3.39853
 92,  0 | TrAcc: 0.2478, TrLoss:  2.67987, VaAcc: 0.0962, VaLoss:  3.41307
 93,  0 | TrAcc: 0.2461, TrLoss:  2.67468, VaAcc: 0.0923, VaLoss:  3.41117
 94,  0 | TrAcc: 0.2410, TrLoss:  2.68444, VaAcc: 0.0985, VaLoss:  3.42756
 95,  0 | TrAcc: 0.2329, TrLoss:  2.69905, VaAcc: 0.0903, VaLoss:  3.44605
 96,  0 | TrAcc: 0.2385, TrLoss:  2.69528, VaAcc: 0.0850, VaLoss:  3.42356
 97,  0 | TrAcc: 0.2432, TrLoss:  2.69047, VaAcc: 0.0938, VaLoss:  3.41764
 98,  0 | TrAcc: 0.2401, TrLoss:  2.67988, VaAcc: 0.0886, VaLoss:  3.43035
 99,  0 | TrAcc: 0.2373, TrLoss:  2.67647, VaAcc: 0.0957, VaLoss:  3.42463

=============================
CONFIG FILE

RNN CONFIG
{'batchnorm': {'modes': [], 'momentum': 0.98, 'tau': 5, 'type': 'none'},
 'learning_rate': 0.02,
 'learning_rate_tau': 10000,
 'mode': {'max_epochs': 100, 'min_error': 0, 'name': 'classic'},
 'task_id': 21}

DATA CONFIG
{'dataset': 'timit',
 'remove_bias': False,
 'te': {'in_seq_len': 40,
        'max_truncation': 0,
        'minibatch_mode': False,
        'minibatch_size': 500},
 'tr': {'in_seq_len': 40,
        'max_truncation': 0,
        'minibatch_mode': True,
        'minibatch_size': 1000},
 'va': {'in_seq_len': 40,
        'max_truncation': 0,
        'minibatch_mode': False,
        'minibatch_size': 500}}

TRAINING CONFIG
{'discrete_acts': ['i', 'o'],
 'gradient_clip_value': 0.5,
 'layer_configs': [{'layer_type': 'input'},
                   {'init_config': {'c': {'b': 'all_zero', 'w': 'xavier'},
                                    'f': {'b': 'all_one', 'w': 'xavier'},
                                    'i': {'b': 'all_zero', 'w': 'xavier'},
                                    'o': {'b': 'all_zero', 'w': 'xavier'}},
                    'layer_type': 'lstm',
                    'regularization': {'mode': 'none',
                                       'output_zo_prob': 0.01,
                                       'state_zo_prob': 0.05},
                    'var_scope': 'lstm_0'},
                   {'init_config': {'c': {'b': 'all_zero', 'w': 'xavier'},
                                    'f': {'b': 'all_one', 'w': 'xavier'},
                                    'i': {'b': 'all_zero', 'w': 'xavier'},
                                    'o': {'b': 'all_zero', 'w': 'xavier'}},
                    'layer_type': 'lstm',
                    'regularization': {'mode': 'none',
                                       'output_zo_prob': 0.01,
                                       'state_zo_prob': 0.05},
                    'var_scope': 'lstm_1'},
                   {'init_config': {'b': 'all_zero', 'w': 'xavier'},
                    'layer_type': 'fc',
                    'regularization': {'mode': 'l2', 'strength': 0.0},
                    'var_scope': 'output_layer'}],
 'layout': [13, 70, 100, 60],
 'n_bins': 2.0,
 'output_type': 'classification',
 'weight_type': 'ternary'}
==============================


  0,  0 | TrAcc: 0.0178, TrLoss:  4.53545, VaAcc: 0.0138, VaLoss:  4.53958
  1,  0 | TrAcc: 0.1938, TrLoss:  3.07828, VaAcc: 0.1516, VaLoss:  3.29627
  2,  0 | TrAcc: 0.2294, TrLoss:  2.84796, VaAcc: 0.1710, VaLoss:  3.16218
  3,  0 | TrAcc: 0.2696, TrLoss:  2.60363, VaAcc: 0.2201, VaLoss:  2.99310
  4,  0 | TrAcc: 0.2715, TrLoss:  2.56614, VaAcc: 0.2242, VaLoss:  2.95768
  5,  0 | TrAcc: 0.2782, TrLoss:  2.55703, VaAcc: 0.2251, VaLoss:  2.97164
  6,  0 | TrAcc: 0.2664, TrLoss:  2.59723, VaAcc: 0.2130, VaLoss:  3.03696
  7,  0 | TrAcc: 0.2629, TrLoss:  2.60805, VaAcc: 0.1953, VaLoss:  3.07924
  8,  0 | TrAcc: 0.2685, TrLoss:  2.55733, VaAcc: 0.2176, VaLoss:  3.02394
  9,  0 | TrAcc: 0.2810, TrLoss:  2.49084, VaAcc: 0.2219, VaLoss:  2.98111
 10,  0 | TrAcc: 0.2657, TrLoss:  2.58930, VaAcc: 0.1945, VaLoss:  3.06852
 11,  0 | TrAcc: 0.2411, TrLoss:  2.69063, VaAcc: 0.1667, VaLoss:  3.16865
 12,  0 | TrAcc: 0.2607, TrLoss:  2.58592, VaAcc: 0.1841, VaLoss:  3.08623
 13,  0 | TrAcc: 0.2771, TrLoss:  2.51784, VaAcc: 0.2066, VaLoss:  3.04882
 14,  0 | TrAcc: 0.2805, TrLoss:  2.49428, VaAcc: 0.2124, VaLoss:  3.03190
 15,  0 | TrAcc: 0.2830, TrLoss:  2.48226, VaAcc: 0.2113, VaLoss:  3.01979
 16,  0 | TrAcc: 0.2820, TrLoss:  2.48281, VaAcc: 0.2143, VaLoss:  3.01748
 17,  0 | TrAcc: 0.2860, TrLoss:  2.46839, VaAcc: 0.2147, VaLoss:  3.00236
 18,  0 | TrAcc: 0.2755, TrLoss:  2.54278, VaAcc: 0.1938, VaLoss:  3.06392
 19,  0 | TrAcc: 0.2645, TrLoss:  2.59527, VaAcc: 0.1792, VaLoss:  3.13095
 20,  0 | TrAcc: 0.2617, TrLoss:  2.58005, VaAcc: 0.1882, VaLoss:  3.13291
 21,  0 | TrAcc: 0.2684, TrLoss:  2.58457, VaAcc: 0.1770, VaLoss:  3.13418
 22,  0 | TrAcc: 0.2635, TrLoss:  2.59798, VaAcc: 0.1764, VaLoss:  3.15742
 23,  0 | TrAcc: 0.2662, TrLoss:  2.58356, VaAcc: 0.1680, VaLoss:  3.16237
 24,  0 | TrAcc: 0.2626, TrLoss:  2.57690, VaAcc: 0.1742, VaLoss:  3.15217
 25,  0 | TrAcc: 0.2723, TrLoss:  2.56680, VaAcc: 0.1757, VaLoss:  3.15819
 26,  0 | TrAcc: 0.2782, TrLoss:  2.51583, VaAcc: 0.1848, VaLoss:  3.14440
 27,  0 | TrAcc: 0.2771, TrLoss:  2.52063, VaAcc: 0.1839, VaLoss:  3.11539
 28,  0 | TrAcc: 0.2805, TrLoss:  2.47271, VaAcc: 0.1936, VaLoss:  3.09731
 29,  0 | TrAcc: 0.2821, TrLoss:  2.48455, VaAcc: 0.1969, VaLoss:  3.08402
 30,  0 | TrAcc: 0.2925, TrLoss:  2.45431, VaAcc: 0.2059, VaLoss:  3.07082
 31,  0 | TrAcc: 0.2871, TrLoss:  2.45532, VaAcc: 0.2126, VaLoss:  3.06160
 32,  0 | TrAcc: 0.2885, TrLoss:  2.45203, VaAcc: 0.2020, VaLoss:  3.06799
 33,  0 | TrAcc: 0.2897, TrLoss:  2.45029, VaAcc: 0.2102, VaLoss:  3.05792
 34,  0 | TrAcc: 0.3025, TrLoss:  2.41936, VaAcc: 0.2040, VaLoss:  3.05585
 35,  0 | TrAcc: 0.2962, TrLoss:  2.42011, VaAcc: 0.1958, VaLoss:  3.07135
 36,  0 | TrAcc: 0.2921, TrLoss:  2.43418, VaAcc: 0.2055, VaLoss:  3.06873
 37,  0 | TrAcc: 0.2919, TrLoss:  2.41816, VaAcc: 0.2029, VaLoss:  3.06655
 38,  0 | TrAcc: 0.3002, TrLoss:  2.39562, VaAcc: 0.2122, VaLoss:  3.05370
 39,  0 | TrAcc: 0.3015, TrLoss:  2.39103, VaAcc: 0.2163, VaLoss:  3.03428
 40,  0 | TrAcc: 0.3020, TrLoss:  2.37767, VaAcc: 0.2083, VaLoss:  3.03675
 41,  0 | TrAcc: 0.3004, TrLoss:  2.38318, VaAcc: 0.2085, VaLoss:  3.03866
 42,  0 | TrAcc: 0.3029, TrLoss:  2.37433, VaAcc: 0.2245, VaLoss:  3.02669
 43,  0 | TrAcc: 0.2971, TrLoss:  2.38048, VaAcc: 0.2111, VaLoss:  3.03822
 44,  0 | TrAcc: 0.3039, TrLoss:  2.38164, VaAcc: 0.2081, VaLoss:  3.03302
 45,  0 | TrAcc: 0.3123, TrLoss:  2.35750, VaAcc: 0.2240, VaLoss:  3.03682
 46,  0 | TrAcc: 0.3007, TrLoss:  2.37066, VaAcc: 0.2193, VaLoss:  3.03272
 47,  0 | TrAcc: 0.3086, TrLoss:  2.35099, VaAcc: 0.2193, VaLoss:  3.03017
 48,  0 | TrAcc: 0.3060, TrLoss:  2.36090, VaAcc: 0.2111, VaLoss:  3.03289
 49,  0 | TrAcc: 0.3088, TrLoss:  2.36181, VaAcc: 0.2260, VaLoss:  3.03166
 50,  0 | TrAcc: 0.3084, TrLoss:  2.35402, VaAcc: 0.2232, VaLoss:  3.02139
 51,  0 | TrAcc: 0.3069, TrLoss:  2.35735, VaAcc: 0.2169, VaLoss:  3.03038
 52,  0 | TrAcc: 0.3074, TrLoss:  2.36227, VaAcc: 0.2294, VaLoss:  3.02217
 53,  0 | TrAcc: 0.3128, TrLoss:  2.32578, VaAcc: 0.2119, VaLoss:  3.02200
 54,  0 | TrAcc: 0.3147, TrLoss:  2.32257, VaAcc: 0.2229, VaLoss:  3.01449
 55,  0 | TrAcc: 0.3187, TrLoss:  2.30932, VaAcc: 0.2111, VaLoss:  3.02533
 56,  0 | TrAcc: 0.3145, TrLoss:  2.31376, VaAcc: 0.2257, VaLoss:  3.01267
 57,  0 | TrAcc: 0.3178, TrLoss:  2.30743, VaAcc: 0.2197, VaLoss:  3.01374
 58,  0 | TrAcc: 0.3118, TrLoss:  2.32704, VaAcc: 0.2055, VaLoss:  3.03956
 59,  0 | TrAcc: 0.3191, TrLoss:  2.30310, VaAcc: 0.2096, VaLoss:  3.04130
 60,  0 | TrAcc: 0.3209, TrLoss:  2.32037, VaAcc: 0.2139, VaLoss:  3.03830
 61,  0 | TrAcc: 0.3051, TrLoss:  2.34304, VaAcc: 0.2107, VaLoss:  3.03460
 62,  0 | TrAcc: 0.3188, TrLoss:  2.32800, VaAcc: 0.2167, VaLoss:  3.03129
 63,  0 | TrAcc: 0.3149, TrLoss:  2.32310, VaAcc: 0.2044, VaLoss:  3.05506
 64,  0 | TrAcc: 0.3195, TrLoss:  2.31688, VaAcc: 0.2219, VaLoss:  3.04274
 65,  0 | TrAcc: 0.3169, TrLoss:  2.31661, VaAcc: 0.2068, VaLoss:  3.04905
 66,  0 | TrAcc: 0.3115, TrLoss:  2.32736, VaAcc: 0.2085, VaLoss:  3.05447
 67,  0 | TrAcc: 0.3143, TrLoss:  2.32819, VaAcc: 0.2124, VaLoss:  3.03981
 68,  0 | TrAcc: 0.3141, TrLoss:  2.32034, VaAcc: 0.2087, VaLoss:  3.05277
 69,  0 | TrAcc: 0.3247, TrLoss:  2.29987, VaAcc: 0.2176, VaLoss:  3.04021
 70,  0 | TrAcc: 0.3176, TrLoss:  2.29694, VaAcc: 0.2180, VaLoss:  3.03354
 71,  0 | TrAcc: 0.3225, TrLoss:  2.29087, VaAcc: 0.1964, VaLoss:  3.05488
 72,  0 | TrAcc: 0.3178, TrLoss:  2.30325, VaAcc: 0.2009, VaLoss:  3.05379
 73,  0 | TrAcc: 0.3178, TrLoss:  2.30012, VaAcc: 0.2100, VaLoss:  3.06754
 74,  0 | TrAcc: 0.3160, TrLoss:  2.31378, VaAcc: 0.1947, VaLoss:  3.07970
 75,  0 | TrAcc: 0.3133, TrLoss:  2.31924, VaAcc: 0.2156, VaLoss:  3.05303
 76,  0 | TrAcc: 0.3177, TrLoss:  2.30911, VaAcc: 0.2249, VaLoss:  3.04759
 77,  0 | TrAcc: 0.3153, TrLoss:  2.31984, VaAcc: 0.2188, VaLoss:  3.05432
 78,  0 | TrAcc: 0.3180, TrLoss:  2.29807, VaAcc: 0.2236, VaLoss:  3.05251
 79,  0 | TrAcc: 0.3145, TrLoss:  2.31263, VaAcc: 0.2160, VaLoss:  3.06636
 80,  0 | TrAcc: 0.3111, TrLoss:  2.30307, VaAcc: 0.2163, VaLoss:  3.06881
 81,  0 | TrAcc: 0.3212, TrLoss:  2.29951, VaAcc: 0.2128, VaLoss:  3.06000
 82,  0 | TrAcc: 0.3197, TrLoss:  2.29385, VaAcc: 0.2188, VaLoss:  3.06570
 83,  0 | TrAcc: 0.3250, TrLoss:  2.28689, VaAcc: 0.2005, VaLoss:  3.07351
 84,  0 | TrAcc: 0.3207, TrLoss:  2.28723, VaAcc: 0.2141, VaLoss:  3.04997
 85,  0 | TrAcc: 0.3212, TrLoss:  2.29186, VaAcc: 0.2109, VaLoss:  3.06020
 86,  0 | TrAcc: 0.3146, TrLoss:  2.30543, VaAcc: 0.2143, VaLoss:  3.05737
 87,  0 | TrAcc: 0.3223, TrLoss:  2.28283, VaAcc: 0.2124, VaLoss:  3.06908
 88,  0 | TrAcc: 0.3231, TrLoss:  2.27931, VaAcc: 0.2096, VaLoss:  3.04656
 89,  0 | TrAcc: 0.3229, TrLoss:  2.28054, VaAcc: 0.2100, VaLoss:  3.06119
 90,  0 | TrAcc: 0.3205, TrLoss:  2.29229, VaAcc: 0.2074, VaLoss:  3.07477
 91,  0 | TrAcc: 0.3185, TrLoss:  2.28332, VaAcc: 0.2139, VaLoss:  3.06709
 92,  0 | TrAcc: 0.3254, TrLoss:  2.28608, VaAcc: 0.2184, VaLoss:  3.05943
 93,  0 | TrAcc: 0.3163, TrLoss:  2.30952, VaAcc: 0.2100, VaLoss:  3.07652
 94,  0 | TrAcc: 0.3198, TrLoss:  2.28852, VaAcc: 0.2122, VaLoss:  3.06774
 95,  0 | TrAcc: 0.3195, TrLoss:  2.29004, VaAcc: 0.2160, VaLoss:  3.06978
 96,  0 | TrAcc: 0.3243, TrLoss:  2.27705, VaAcc: 0.2083, VaLoss:  3.07385
 97,  0 | TrAcc: 0.3303, TrLoss:  2.26711, VaAcc: 0.2124, VaLoss:  3.06483
 98,  0 | TrAcc: 0.3250, TrLoss:  2.26566, VaAcc: 0.2145, VaLoss:  3.06788
 99,  0 | TrAcc: 0.3276, TrLoss:  2.26261, VaAcc: 0.2066, VaLoss:  3.07575
----------------------------
Final Tr Acc   :   0.30965 +- 0.06525
Final Va Acc   :   0.17479 +- 0.06890
Final Tr Loss  :   2.35103 +- 0.29147
Final Va Loss  :   3.15889 +- 0.23545

TrAcc
Run:  0 | 37.09% in epoch   98
Run:  1 | 24.78% in epoch   92
Run:  2 | 33.03% in epoch   97

VaAcc
Run:  0 | 24.32% in epoch   98
Run:  1 | 14.25% in epoch    3
Run:  2 | 22.94% in epoch   52

TeAcc
Run:  0 | 22.20% in epoch   98
Run:  1 | 13.31% in epoch    3
Run:  2 | 21.27% in epoch   52
(3, 100)
