{'mode': {'name': 'classic', 'min_error': 0, 'max_epochs': 100}, 'batchnorm': {'tau': 5, 'momentum': 0.98, 'modes': [], 'type': 'none'}, 'task_id': 18, 'learning_rate_tau': 10000, 'learning_rate': 0.02}
{'remove_bias': False, 'te': {'minibatch_size': 500, 'in_seq_len': 40, 'max_truncation': 0, 'minibatch_mode': False}, 'va': {'minibatch_size': 500, 'in_seq_len': 40, 'max_truncation': 0, 'minibatch_mode': False}, 'tr': {'minibatch_size': 1000, 'in_seq_len': 40, 'max_truncation': 0, 'minibatch_mode': True}, 'dataset': 'timit'}
{'output_type': 'classification', 'discrete_acts': ['i', 'c'], 'gradient_clip_value': 0.5, 'layout': [13, 70, 100, 60], 'n_bins': 2.0, 'weight_type': 'ternary', 'layer_configs': [{'layer_type': 'input'}, {'init_config': {'c': {'w': 'xavier', 'b': 'all_zero'}, 'f': {'w': 'xavier', 'b': 'all_one'}, 'i': {'w': 'xavier', 'b': 'all_zero'}, 'o': {'w': 'xavier', 'b': 'all_zero'}}, 'layer_type': 'lstm', 'regularization': {'mode': 'none', 'output_zo_prob': 0.01, 'state_zo_prob': 0.05}, 'var_scope': 'lstm_0'}, {'init_config': {'c': {'w': 'xavier', 'b': 'all_zero'}, 'i': {'w': 'xavier', 'b': 'all_zero'}, 'f': {'w': 'xavier', 'b': 'all_one'}, 'o': {'w': 'xavier', 'b': 'all_zero'}}, 'layer_type': 'lstm', 'regularization': {'mode': 'none', 'output_zo_prob': 0.01, 'state_zo_prob': 0.05}, 'var_scope': 'lstm_1'}, {'init_config': {'w': 'xavier', 'b': 'all_zero'}, 'layer_type': 'fc', 'regularization': {'mode': 'l2', 'strength': 0.0}, 'var_scope': 'output_layer'}]}
{'include_out': False, 'include_pred': False, 'save_model': {'enabled': False, 'path': '../tr_models/m_model18'}, 'calc_performance_every': 1}

=============================
CONFIG FILE

RNN CONFIG
{'batchnorm': {'modes': [], 'momentum': 0.98, 'tau': 5, 'type': 'none'},
 'learning_rate': 0.02,
 'learning_rate_tau': 10000,
 'mode': {'max_epochs': 100, 'min_error': 0, 'name': 'classic'},
 'task_id': 18}

DATA CONFIG
{'dataset': 'timit',
 'remove_bias': False,
 'te': {'in_seq_len': 40,
        'max_truncation': 0,
        'minibatch_mode': False,
        'minibatch_size': 500},
 'tr': {'in_seq_len': 40,
        'max_truncation': 0,
        'minibatch_mode': True,
        'minibatch_size': 1000},
 'va': {'in_seq_len': 40,
        'max_truncation': 0,
        'minibatch_mode': False,
        'minibatch_size': 500}}

TRAINING CONFIG
{'discrete_acts': ['i', 'c'],
 'gradient_clip_value': 0.5,
 'layer_configs': [{'layer_type': 'input'},
                   {'init_config': {'c': {'b': 'all_zero', 'w': 'xavier'},
                                    'f': {'b': 'all_one', 'w': 'xavier'},
                                    'i': {'b': 'all_zero', 'w': 'xavier'},
                                    'o': {'b': 'all_zero', 'w': 'xavier'}},
                    'layer_type': 'lstm',
                    'regularization': {'mode': 'none',
                                       'output_zo_prob': 0.01,
                                       'state_zo_prob': 0.05},
                    'var_scope': 'lstm_0'},
                   {'init_config': {'c': {'b': 'all_zero', 'w': 'xavier'},
                                    'f': {'b': 'all_one', 'w': 'xavier'},
                                    'i': {'b': 'all_zero', 'w': 'xavier'},
                                    'o': {'b': 'all_zero', 'w': 'xavier'}},
                    'layer_type': 'lstm',
                    'regularization': {'mode': 'none',
                                       'output_zo_prob': 0.01,
                                       'state_zo_prob': 0.05},
                    'var_scope': 'lstm_1'},
                   {'init_config': {'b': 'all_zero', 'w': 'xavier'},
                    'layer_type': 'fc',
                    'regularization': {'mode': 'l2', 'strength': 0.0},
                    'var_scope': 'output_layer'}],
 'layout': [13, 70, 100, 60],
 'n_bins': 2.0,
 'output_type': 'classification',
 'weight_type': 'ternary'}
==============================


  0,  0 | TrAcc: 0.0164, TrLoss:  4.58373, VaAcc: 0.0164, VaLoss:  4.58205
  1,  0 | TrAcc: 0.2846, TrLoss:  2.63079, VaAcc: 0.2376, VaLoss:  2.85887
  2,  0 | TrAcc: 0.3269, TrLoss:  2.36738, VaAcc: 0.2930, VaLoss:  2.67614
  3,  0 | TrAcc: 0.3466, TrLoss:  2.26878, VaAcc: 0.3135, VaLoss:  2.61843
  4,  0 | TrAcc: 0.3638, TrLoss:  2.20723, VaAcc: 0.3172, VaLoss:  2.59617
  5,  0 | TrAcc: 0.3776, TrLoss:  2.14204, VaAcc: 0.3178, VaLoss:  2.57813
  6,  0 | TrAcc: 0.3904, TrLoss:  2.07537, VaAcc: 0.3208, VaLoss:  2.55329
  7,  0 | TrAcc: 0.3917, TrLoss:  2.05792, VaAcc: 0.3364, VaLoss:  2.53301
  8,  0 | TrAcc: 0.4020, TrLoss:  2.02194, VaAcc: 0.3400, VaLoss:  2.52629
  9,  0 | TrAcc: 0.3991, TrLoss:  2.02210, VaAcc: 0.3327, VaLoss:  2.53254
 10,  0 | TrAcc: 0.4099, TrLoss:  1.98298, VaAcc: 0.3348, VaLoss:  2.49922
 11,  0 | TrAcc: 0.4076, TrLoss:  1.98620, VaAcc: 0.3325, VaLoss:  2.53224
 12,  0 | TrAcc: 0.4153, TrLoss:  1.95704, VaAcc: 0.3467, VaLoss:  2.50776
 13,  0 | TrAcc: 0.4155, TrLoss:  1.94434, VaAcc: 0.3506, VaLoss:  2.51985
 14,  0 | TrAcc: 0.4101, TrLoss:  1.96441, VaAcc: 0.3415, VaLoss:  2.53955
 15,  0 | TrAcc: 0.4287, TrLoss:  1.92532, VaAcc: 0.3564, VaLoss:  2.50191
 16,  0 | TrAcc: 0.4295, TrLoss:  1.91280, VaAcc: 0.3519, VaLoss:  2.51253
 17,  0 | TrAcc: 0.4257, TrLoss:  1.92084, VaAcc: 0.3575, VaLoss:  2.52186
 18,  0 | TrAcc: 0.4223, TrLoss:  1.91101, VaAcc: 0.3538, VaLoss:  2.52785
 19,  0 | TrAcc: 0.4308, TrLoss:  1.90114, VaAcc: 0.3583, VaLoss:  2.51995
 20,  0 | TrAcc: 0.4283, TrLoss:  1.89164, VaAcc: 0.3527, VaLoss:  2.52172
 21,  0 | TrAcc: 0.4293, TrLoss:  1.89534, VaAcc: 0.3553, VaLoss:  2.50218
 22,  0 | TrAcc: 0.4317, TrLoss:  1.89264, VaAcc: 0.3571, VaLoss:  2.51648
 23,  0 | TrAcc: 0.4313, TrLoss:  1.89098, VaAcc: 0.3566, VaLoss:  2.52019
 24,  0 | TrAcc: 0.4361, TrLoss:  1.87061, VaAcc: 0.3538, VaLoss:  2.53768
 25,  0 | TrAcc: 0.4360, TrLoss:  1.87494, VaAcc: 0.3448, VaLoss:  2.54037
 26,  0 | TrAcc: 0.4395, TrLoss:  1.85117, VaAcc: 0.3499, VaLoss:  2.51621
 27,  0 | TrAcc: 0.4355, TrLoss:  1.86637, VaAcc: 0.3439, VaLoss:  2.53289
 28,  0 | TrAcc: 0.4395, TrLoss:  1.86127, VaAcc: 0.3562, VaLoss:  2.51061
 29,  0 | TrAcc: 0.4359, TrLoss:  1.85584, VaAcc: 0.3523, VaLoss:  2.52497
 30,  0 | TrAcc: 0.4415, TrLoss:  1.84153, VaAcc: 0.3530, VaLoss:  2.52178
 31,  0 | TrAcc: 0.4421, TrLoss:  1.83935, VaAcc: 0.3555, VaLoss:  2.53765
 32,  0 | TrAcc: 0.4438, TrLoss:  1.82080, VaAcc: 0.3465, VaLoss:  2.53748
 33,  0 | TrAcc: 0.4472, TrLoss:  1.82622, VaAcc: 0.3571, VaLoss:  2.52323
 34,  0 | TrAcc: 0.4479, TrLoss:  1.84172, VaAcc: 0.3650, VaLoss:  2.52131
 35,  0 | TrAcc: 0.4467, TrLoss:  1.82728, VaAcc: 0.3568, VaLoss:  2.52517
 36,  0 | TrAcc: 0.4464, TrLoss:  1.82306, VaAcc: 0.3558, VaLoss:  2.54835
 37,  0 | TrAcc: 0.4446, TrLoss:  1.82209, VaAcc: 0.3622, VaLoss:  2.51566
 38,  0 | TrAcc: 0.4458, TrLoss:  1.82242, VaAcc: 0.3588, VaLoss:  2.52817
 39,  0 | TrAcc: 0.4516, TrLoss:  1.80804, VaAcc: 0.3627, VaLoss:  2.50843
 40,  0 | TrAcc: 0.4513, TrLoss:  1.80348, VaAcc: 0.3594, VaLoss:  2.51046
 41,  0 | TrAcc: 0.4553, TrLoss:  1.79049, VaAcc: 0.3583, VaLoss:  2.51547
 42,  0 | TrAcc: 0.4515, TrLoss:  1.81774, VaAcc: 0.3646, VaLoss:  2.52641
 43,  0 | TrAcc: 0.4495, TrLoss:  1.80031, VaAcc: 0.3674, VaLoss:  2.52345
 44,  0 | TrAcc: 0.4500, TrLoss:  1.79417, VaAcc: 0.3646, VaLoss:  2.53547
 45,  0 | TrAcc: 0.4521, TrLoss:  1.79031, VaAcc: 0.3603, VaLoss:  2.52717
 46,  0 | TrAcc: 0.4520, TrLoss:  1.79750, VaAcc: 0.3676, VaLoss:  2.52017
 47,  0 | TrAcc: 0.4485, TrLoss:  1.81418, VaAcc: 0.3577, VaLoss:  2.53486
 48,  0 | TrAcc: 0.4502, TrLoss:  1.80142, VaAcc: 0.3532, VaLoss:  2.53040
 49,  0 | TrAcc: 0.4597, TrLoss:  1.78209, VaAcc: 0.3545, VaLoss:  2.53038
 50,  0 | TrAcc: 0.4512, TrLoss:  1.80353, VaAcc: 0.3586, VaLoss:  2.54160
 51,  0 | TrAcc: 0.4552, TrLoss:  1.79566, VaAcc: 0.3693, VaLoss:  2.53827
 52,  0 | TrAcc: 0.4545, TrLoss:  1.79273, VaAcc: 0.3592, VaLoss:  2.53891
 53,  0 | TrAcc: 0.4536, TrLoss:  1.78086, VaAcc: 0.3521, VaLoss:  2.54520
 54,  0 | TrAcc: 0.4554, TrLoss:  1.79678, VaAcc: 0.3525, VaLoss:  2.54670
 55,  0 | TrAcc: 0.4561, TrLoss:  1.79890, VaAcc: 0.3706, VaLoss:  2.54431
 56,  0 | TrAcc: 0.4599, TrLoss:  1.77602, VaAcc: 0.3493, VaLoss:  2.54346
 57,  0 | TrAcc: 0.4564, TrLoss:  1.78030, VaAcc: 0.3618, VaLoss:  2.53547
 58,  0 | TrAcc: 0.4594, TrLoss:  1.77117, VaAcc: 0.3594, VaLoss:  2.54133
 59,  0 | TrAcc: 0.4599, TrLoss:  1.76879, VaAcc: 0.3560, VaLoss:  2.53936
 60,  0 | TrAcc: 0.4508, TrLoss:  1.79957, VaAcc: 0.3508, VaLoss:  2.55975
 61,  0 | TrAcc: 0.4572, TrLoss:  1.78536, VaAcc: 0.3603, VaLoss:  2.55327
 62,  0 | TrAcc: 0.4559, TrLoss:  1.78716, VaAcc: 0.3644, VaLoss:  2.54171
 63,  0 | TrAcc: 0.4561, TrLoss:  1.79232, VaAcc: 0.3525, VaLoss:  2.55255
 64,  0 | TrAcc: 0.4548, TrLoss:  1.80031, VaAcc: 0.3605, VaLoss:  2.56363
 65,  0 | TrAcc: 0.4613, TrLoss:  1.76689, VaAcc: 0.3696, VaLoss:  2.54546
 66,  0 | TrAcc: 0.4605, TrLoss:  1.77143, VaAcc: 0.3646, VaLoss:  2.54476
 67,  0 | TrAcc: 0.4630, TrLoss:  1.76129, VaAcc: 0.3571, VaLoss:  2.54016
 68,  0 | TrAcc: 0.4650, TrLoss:  1.76400, VaAcc: 0.3680, VaLoss:  2.54834
 69,  0 | TrAcc: 0.4642, TrLoss:  1.77845, VaAcc: 0.3568, VaLoss:  2.55995
 70,  0 | TrAcc: 0.4561, TrLoss:  1.79172, VaAcc: 0.3527, VaLoss:  2.56980
 71,  0 | TrAcc: 0.4630, TrLoss:  1.77342, VaAcc: 0.3596, VaLoss:  2.56315
 72,  0 | TrAcc: 0.4592, TrLoss:  1.76333, VaAcc: 0.3549, VaLoss:  2.56420
 73,  0 | TrAcc: 0.4685, TrLoss:  1.75417, VaAcc: 0.3583, VaLoss:  2.55735
 74,  0 | TrAcc: 0.4612, TrLoss:  1.76232, VaAcc: 0.3538, VaLoss:  2.55816
 75,  0 | TrAcc: 0.4621, TrLoss:  1.76011, VaAcc: 0.3577, VaLoss:  2.55664
 76,  0 | TrAcc: 0.4579, TrLoss:  1.78304, VaAcc: 0.3577, VaLoss:  2.57249
 77,  0 | TrAcc: 0.4656, TrLoss:  1.74856, VaAcc: 0.3583, VaLoss:  2.55993
 78,  0 | TrAcc: 0.4753, TrLoss:  1.73845, VaAcc: 0.3650, VaLoss:  2.55305
 79,  0 | TrAcc: 0.4639, TrLoss:  1.76014, VaAcc: 0.3717, VaLoss:  2.55657
 80,  0 | TrAcc: 0.4705, TrLoss:  1.74061, VaAcc: 0.3592, VaLoss:  2.55934
 81,  0 | TrAcc: 0.4701, TrLoss:  1.73728, VaAcc: 0.3627, VaLoss:  2.54974
 82,  0 | TrAcc: 0.4678, TrLoss:  1.75375, VaAcc: 0.3573, VaLoss:  2.55940
 83,  0 | TrAcc: 0.4646, TrLoss:  1.74864, VaAcc: 0.3680, VaLoss:  2.54713
 84,  0 | TrAcc: 0.4686, TrLoss:  1.74632, VaAcc: 0.3614, VaLoss:  2.55334
 85,  0 | TrAcc: 0.4716, TrLoss:  1.74881, VaAcc: 0.3659, VaLoss:  2.53774
 86,  0 | TrAcc: 0.4699, TrLoss:  1.73876, VaAcc: 0.3713, VaLoss:  2.54125
 87,  0 | TrAcc: 0.4726, TrLoss:  1.73954, VaAcc: 0.3659, VaLoss:  2.55183
 88,  0 | TrAcc: 0.4661, TrLoss:  1.74910, VaAcc: 0.3693, VaLoss:  2.54185
 89,  0 | TrAcc: 0.4666, TrLoss:  1.75090, VaAcc: 0.3698, VaLoss:  2.55309
 90,  0 | TrAcc: 0.4631, TrLoss:  1.74695, VaAcc: 0.3607, VaLoss:  2.56601
 91,  0 | TrAcc: 0.4657, TrLoss:  1.73879, VaAcc: 0.3650, VaLoss:  2.56209
 92,  0 | TrAcc: 0.4664, TrLoss:  1.74409, VaAcc: 0.3540, VaLoss:  2.57426
 93,  0 | TrAcc: 0.4692, TrLoss:  1.74040, VaAcc: 0.3560, VaLoss:  2.56736
 94,  0 | TrAcc: 0.4679, TrLoss:  1.74893, VaAcc: 0.3495, VaLoss:  2.56409
 95,  0 | TrAcc: 0.4661, TrLoss:  1.75908, VaAcc: 0.3618, VaLoss:  2.57770
 96,  0 | TrAcc: 0.4688, TrLoss:  1.75257, VaAcc: 0.3616, VaLoss:  2.56599
 97,  0 | TrAcc: 0.4694, TrLoss:  1.74910, VaAcc: 0.3661, VaLoss:  2.56849
 98,  0 | TrAcc: 0.4646, TrLoss:  1.74787, VaAcc: 0.3618, VaLoss:  2.56464
 99,  0 | TrAcc: 0.4677, TrLoss:  1.73500, VaAcc: 0.3678, VaLoss:  2.55307

=============================
CONFIG FILE

RNN CONFIG
{'batchnorm': {'modes': [], 'momentum': 0.98, 'tau': 5, 'type': 'none'},
 'learning_rate': 0.02,
 'learning_rate_tau': 10000,
 'mode': {'max_epochs': 100, 'min_error': 0, 'name': 'classic'},
 'task_id': 18}

DATA CONFIG
{'dataset': 'timit',
 'remove_bias': False,
 'te': {'in_seq_len': 40,
        'max_truncation': 0,
        'minibatch_mode': False,
        'minibatch_size': 500},
 'tr': {'in_seq_len': 40,
        'max_truncation': 0,
        'minibatch_mode': True,
        'minibatch_size': 1000},
 'va': {'in_seq_len': 40,
        'max_truncation': 0,
        'minibatch_mode': False,
        'minibatch_size': 500}}

TRAINING CONFIG
{'discrete_acts': ['i', 'c'],
 'gradient_clip_value': 0.5,
 'layer_configs': [{'layer_type': 'input'},
                   {'init_config': {'c': {'b': 'all_zero', 'w': 'xavier'},
                                    'f': {'b': 'all_one', 'w': 'xavier'},
                                    'i': {'b': 'all_zero', 'w': 'xavier'},
                                    'o': {'b': 'all_zero', 'w': 'xavier'}},
                    'layer_type': 'lstm',
                    'regularization': {'mode': 'none',
                                       'output_zo_prob': 0.01,
                                       'state_zo_prob': 0.05},
                    'var_scope': 'lstm_0'},
                   {'init_config': {'c': {'b': 'all_zero', 'w': 'xavier'},
                                    'f': {'b': 'all_one', 'w': 'xavier'},
                                    'i': {'b': 'all_zero', 'w': 'xavier'},
                                    'o': {'b': 'all_zero', 'w': 'xavier'}},
                    'layer_type': 'lstm',
                    'regularization': {'mode': 'none',
                                       'output_zo_prob': 0.01,
                                       'state_zo_prob': 0.05},
                    'var_scope': 'lstm_1'},
                   {'init_config': {'b': 'all_zero', 'w': 'xavier'},
                    'layer_type': 'fc',
                    'regularization': {'mode': 'l2', 'strength': 0.0},
                    'var_scope': 'output_layer'}],
 'layout': [13, 70, 100, 60],
 'n_bins': 2.0,
 'output_type': 'classification',
 'weight_type': 'ternary'}
==============================


  0,  0 | TrAcc: 0.0152, TrLoss:  4.59885, VaAcc: 0.0183, VaLoss:  4.58274
  1,  0 | TrAcc: 0.2845, TrLoss:  2.63473, VaAcc: 0.2411, VaLoss:  2.84622
  2,  0 | TrAcc: 0.3311, TrLoss:  2.36822, VaAcc: 0.2730, VaLoss:  2.69036
  3,  0 | TrAcc: 0.3495, TrLoss:  2.24944, VaAcc: 0.2982, VaLoss:  2.60495
  4,  0 | TrAcc: 0.3752, TrLoss:  2.17685, VaAcc: 0.3152, VaLoss:  2.58168
  5,  0 | TrAcc: 0.3747, TrLoss:  2.13290, VaAcc: 0.3094, VaLoss:  2.56536
  6,  0 | TrAcc: 0.3819, TrLoss:  2.10675, VaAcc: 0.3338, VaLoss:  2.53255
  7,  0 | TrAcc: 0.3840, TrLoss:  2.06464, VaAcc: 0.3243, VaLoss:  2.53982
  8,  0 | TrAcc: 0.3979, TrLoss:  2.05384, VaAcc: 0.3338, VaLoss:  2.54824
  9,  0 | TrAcc: 0.4015, TrLoss:  2.02561, VaAcc: 0.3221, VaLoss:  2.53835
 10,  0 | TrAcc: 0.3960, TrLoss:  2.02424, VaAcc: 0.3400, VaLoss:  2.53276
 11,  0 | TrAcc: 0.4016, TrLoss:  2.01103, VaAcc: 0.3396, VaLoss:  2.51734
 12,  0 | TrAcc: 0.4094, TrLoss:  1.97779, VaAcc: 0.3366, VaLoss:  2.50635
 13,  0 | TrAcc: 0.4100, TrLoss:  1.98274, VaAcc: 0.3357, VaLoss:  2.51982
 14,  0 | TrAcc: 0.4157, TrLoss:  1.94725, VaAcc: 0.3471, VaLoss:  2.51236
 15,  0 | TrAcc: 0.4190, TrLoss:  1.94843, VaAcc: 0.3502, VaLoss:  2.50161
 16,  0 | TrAcc: 0.4148, TrLoss:  1.92747, VaAcc: 0.3486, VaLoss:  2.49853
 17,  0 | TrAcc: 0.4181, TrLoss:  1.94541, VaAcc: 0.3458, VaLoss:  2.51299
 18,  0 | TrAcc: 0.4204, TrLoss:  1.90785, VaAcc: 0.3502, VaLoss:  2.46907
 19,  0 | TrAcc: 0.4321, TrLoss:  1.89622, VaAcc: 0.3452, VaLoss:  2.50176
 20,  0 | TrAcc: 0.4301, TrLoss:  1.89663, VaAcc: 0.3517, VaLoss:  2.50533
 21,  0 | TrAcc: 0.4275, TrLoss:  1.89411, VaAcc: 0.3555, VaLoss:  2.49969
 22,  0 | TrAcc: 0.4282, TrLoss:  1.88979, VaAcc: 0.3592, VaLoss:  2.49034
 23,  0 | TrAcc: 0.4297, TrLoss:  1.87859, VaAcc: 0.3594, VaLoss:  2.49846
 24,  0 | TrAcc: 0.4289, TrLoss:  1.88769, VaAcc: 0.3527, VaLoss:  2.50628
 25,  0 | TrAcc: 0.4326, TrLoss:  1.86844, VaAcc: 0.3577, VaLoss:  2.51418
 26,  0 | TrAcc: 0.4333, TrLoss:  1.86698, VaAcc: 0.3633, VaLoss:  2.49327
 27,  0 | TrAcc: 0.4332, TrLoss:  1.86251, VaAcc: 0.3680, VaLoss:  2.48507
 28,  0 | TrAcc: 0.4385, TrLoss:  1.85911, VaAcc: 0.3586, VaLoss:  2.49166
 29,  0 | TrAcc: 0.4386, TrLoss:  1.85859, VaAcc: 0.3631, VaLoss:  2.50595
 30,  0 | TrAcc: 0.4309, TrLoss:  1.88397, VaAcc: 0.3637, VaLoss:  2.52339
 31,  0 | TrAcc: 0.4396, TrLoss:  1.84437, VaAcc: 0.3568, VaLoss:  2.51525
 32,  0 | TrAcc: 0.4419, TrLoss:  1.84826, VaAcc: 0.3514, VaLoss:  2.51284
 33,  0 | TrAcc: 0.4406, TrLoss:  1.84755, VaAcc: 0.3590, VaLoss:  2.50931
 34,  0 | TrAcc: 0.4445, TrLoss:  1.85143, VaAcc: 0.3530, VaLoss:  2.50661
 35,  0 | TrAcc: 0.4424, TrLoss:  1.84663, VaAcc: 0.3601, VaLoss:  2.51204
 36,  0 | TrAcc: 0.4451, TrLoss:  1.81914, VaAcc: 0.3657, VaLoss:  2.50147
 37,  0 | TrAcc: 0.4464, TrLoss:  1.82861, VaAcc: 0.3678, VaLoss:  2.49374
 38,  0 | TrAcc: 0.4419, TrLoss:  1.83712, VaAcc: 0.3590, VaLoss:  2.50826
 39,  0 | TrAcc: 0.4402, TrLoss:  1.83587, VaAcc: 0.3562, VaLoss:  2.50673
 40,  0 | TrAcc: 0.4388, TrLoss:  1.84699, VaAcc: 0.3696, VaLoss:  2.50728
 41,  0 | TrAcc: 0.4485, TrLoss:  1.82320, VaAcc: 0.3603, VaLoss:  2.51014
 42,  0 | TrAcc: 0.4518, TrLoss:  1.81120, VaAcc: 0.3659, VaLoss:  2.51695
 43,  0 | TrAcc: 0.4432, TrLoss:  1.82937, VaAcc: 0.3568, VaLoss:  2.51327
 44,  0 | TrAcc: 0.4519, TrLoss:  1.81888, VaAcc: 0.3633, VaLoss:  2.50392
 45,  0 | TrAcc: 0.4514, TrLoss:  1.81007, VaAcc: 0.3644, VaLoss:  2.51220
 46,  0 | TrAcc: 0.4353, TrLoss:  1.85047, VaAcc: 0.3635, VaLoss:  2.52247
 47,  0 | TrAcc: 0.4493, TrLoss:  1.80835, VaAcc: 0.3583, VaLoss:  2.53126
 48,  0 | TrAcc: 0.4550, TrLoss:  1.79954, VaAcc: 0.3676, VaLoss:  2.51081
 49,  0 | TrAcc: 0.4473, TrLoss:  1.80928, VaAcc: 0.3618, VaLoss:  2.50702
 50,  0 | TrAcc: 0.4560, TrLoss:  1.78685, VaAcc: 0.3637, VaLoss:  2.50990
 51,  0 | TrAcc: 0.4539, TrLoss:  1.78713, VaAcc: 0.3601, VaLoss:  2.50933
 52,  0 | TrAcc: 0.4566, TrLoss:  1.79116, VaAcc: 0.3609, VaLoss:  2.53216
 53,  0 | TrAcc: 0.4528, TrLoss:  1.78417, VaAcc: 0.3655, VaLoss:  2.51755
 54,  0 | TrAcc: 0.4575, TrLoss:  1.76926, VaAcc: 0.3540, VaLoss:  2.52083
 55,  0 | TrAcc: 0.4523, TrLoss:  1.78927, VaAcc: 0.3622, VaLoss:  2.52075
 56,  0 | TrAcc: 0.4570, TrLoss:  1.76545, VaAcc: 0.3665, VaLoss:  2.52734
 57,  0 | TrAcc: 0.4537, TrLoss:  1.78171, VaAcc: 0.3676, VaLoss:  2.51338
 58,  0 | TrAcc: 0.4616, TrLoss:  1.75933, VaAcc: 0.3644, VaLoss:  2.53465
 59,  0 | TrAcc: 0.4579, TrLoss:  1.77404, VaAcc: 0.3700, VaLoss:  2.52333
 60,  0 | TrAcc: 0.4573, TrLoss:  1.78551, VaAcc: 0.3592, VaLoss:  2.52272
 61,  0 | TrAcc: 0.4634, TrLoss:  1.76551, VaAcc: 0.3648, VaLoss:  2.51813
 62,  0 | TrAcc: 0.4633, TrLoss:  1.76865, VaAcc: 0.3715, VaLoss:  2.50644
 63,  0 | TrAcc: 0.4642, TrLoss:  1.76614, VaAcc: 0.3665, VaLoss:  2.53930
 64,  0 | TrAcc: 0.4592, TrLoss:  1.76350, VaAcc: 0.3668, VaLoss:  2.52320
 65,  0 | TrAcc: 0.4575, TrLoss:  1.77926, VaAcc: 0.3605, VaLoss:  2.51627
 66,  0 | TrAcc: 0.4702, TrLoss:  1.74427, VaAcc: 0.3711, VaLoss:  2.51334
 67,  0 | TrAcc: 0.4649, TrLoss:  1.75511, VaAcc: 0.3782, VaLoss:  2.49269
 68,  0 | TrAcc: 0.4540, TrLoss:  1.79318, VaAcc: 0.3586, VaLoss:  2.54198
 69,  0 | TrAcc: 0.4582, TrLoss:  1.77667, VaAcc: 0.3596, VaLoss:  2.51788
 70,  0 | TrAcc: 0.4534, TrLoss:  1.78645, VaAcc: 0.3743, VaLoss:  2.52630
 71,  0 | TrAcc: 0.4576, TrLoss:  1.77451, VaAcc: 0.3793, VaLoss:  2.51976
 72,  0 | TrAcc: 0.4642, TrLoss:  1.76269, VaAcc: 0.3611, VaLoss:  2.51648
 73,  0 | TrAcc: 0.4622, TrLoss:  1.75081, VaAcc: 0.3719, VaLoss:  2.52282
 74,  0 | TrAcc: 0.4665, TrLoss:  1.74858, VaAcc: 0.3665, VaLoss:  2.52026
 75,  0 | TrAcc: 0.4583, TrLoss:  1.75003, VaAcc: 0.3633, VaLoss:  2.53250
 76,  0 | TrAcc: 0.4604, TrLoss:  1.77276, VaAcc: 0.3566, VaLoss:  2.54423
 77,  0 | TrAcc: 0.4692, TrLoss:  1.74132, VaAcc: 0.3564, VaLoss:  2.54415
 78,  0 | TrAcc: 0.4671, TrLoss:  1.75351, VaAcc: 0.3620, VaLoss:  2.52004
 79,  0 | TrAcc: 0.4719, TrLoss:  1.73538, VaAcc: 0.3624, VaLoss:  2.52444
 80,  0 | TrAcc: 0.4603, TrLoss:  1.75910, VaAcc: 0.3648, VaLoss:  2.53323
 81,  0 | TrAcc: 0.4625, TrLoss:  1.75626, VaAcc: 0.3609, VaLoss:  2.53989
 82,  0 | TrAcc: 0.4690, TrLoss:  1.74631, VaAcc: 0.3622, VaLoss:  2.53514
 83,  0 | TrAcc: 0.4681, TrLoss:  1.74573, VaAcc: 0.3704, VaLoss:  2.51982
 84,  0 | TrAcc: 0.4650, TrLoss:  1.75028, VaAcc: 0.3629, VaLoss:  2.54005
 85,  0 | TrAcc: 0.4632, TrLoss:  1.75454, VaAcc: 0.3527, VaLoss:  2.53909
 86,  0 | TrAcc: 0.4654, TrLoss:  1.74611, VaAcc: 0.3616, VaLoss:  2.52482
 87,  0 | TrAcc: 0.4651, TrLoss:  1.74262, VaAcc: 0.3700, VaLoss:  2.54077
 88,  0 | TrAcc: 0.4683, TrLoss:  1.75145, VaAcc: 0.3741, VaLoss:  2.53642
 89,  0 | TrAcc: 0.4648, TrLoss:  1.77170, VaAcc: 0.3693, VaLoss:  2.53160
 90,  0 | TrAcc: 0.4675, TrLoss:  1.74005, VaAcc: 0.3566, VaLoss:  2.53520
 91,  0 | TrAcc: 0.4665, TrLoss:  1.73147, VaAcc: 0.3581, VaLoss:  2.55157
 92,  0 | TrAcc: 0.4643, TrLoss:  1.75525, VaAcc: 0.3696, VaLoss:  2.53118
 93,  0 | TrAcc: 0.4663, TrLoss:  1.75219, VaAcc: 0.3661, VaLoss:  2.54083
 94,  0 | TrAcc: 0.4666, TrLoss:  1.74597, VaAcc: 0.3592, VaLoss:  2.54663
 95,  0 | TrAcc: 0.4683, TrLoss:  1.73749, VaAcc: 0.3642, VaLoss:  2.54031
 96,  0 | TrAcc: 0.4689, TrLoss:  1.73801, VaAcc: 0.3708, VaLoss:  2.54364
 97,  0 | TrAcc: 0.4739, TrLoss:  1.73639, VaAcc: 0.3629, VaLoss:  2.54909
 98,  0 | TrAcc: 0.4745, TrLoss:  1.71969, VaAcc: 0.3603, VaLoss:  2.55052
 99,  0 | TrAcc: 0.4726, TrLoss:  1.72059, VaAcc: 0.3657, VaLoss:  2.53602

=============================
CONFIG FILE

RNN CONFIG
{'batchnorm': {'modes': [], 'momentum': 0.98, 'tau': 5, 'type': 'none'},
 'learning_rate': 0.02,
 'learning_rate_tau': 10000,
 'mode': {'max_epochs': 100, 'min_error': 0, 'name': 'classic'},
 'task_id': 18}

DATA CONFIG
{'dataset': 'timit',
 'remove_bias': False,
 'te': {'in_seq_len': 40,
        'max_truncation': 0,
        'minibatch_mode': False,
        'minibatch_size': 500},
 'tr': {'in_seq_len': 40,
        'max_truncation': 0,
        'minibatch_mode': True,
        'minibatch_size': 1000},
 'va': {'in_seq_len': 40,
        'max_truncation': 0,
        'minibatch_mode': False,
        'minibatch_size': 500}}

TRAINING CONFIG
{'discrete_acts': ['i', 'c'],
 'gradient_clip_value': 0.5,
 'layer_configs': [{'layer_type': 'input'},
                   {'init_config': {'c': {'b': 'all_zero', 'w': 'xavier'},
                                    'f': {'b': 'all_one', 'w': 'xavier'},
                                    'i': {'b': 'all_zero', 'w': 'xavier'},
                                    'o': {'b': 'all_zero', 'w': 'xavier'}},
                    'layer_type': 'lstm',
                    'regularization': {'mode': 'none',
                                       'output_zo_prob': 0.01,
                                       'state_zo_prob': 0.05},
                    'var_scope': 'lstm_0'},
                   {'init_config': {'c': {'b': 'all_zero', 'w': 'xavier'},
                                    'f': {'b': 'all_one', 'w': 'xavier'},
                                    'i': {'b': 'all_zero', 'w': 'xavier'},
                                    'o': {'b': 'all_zero', 'w': 'xavier'}},
                    'layer_type': 'lstm',
                    'regularization': {'mode': 'none',
                                       'output_zo_prob': 0.01,
                                       'state_zo_prob': 0.05},
                    'var_scope': 'lstm_1'},
                   {'init_config': {'b': 'all_zero', 'w': 'xavier'},
                    'layer_type': 'fc',
                    'regularization': {'mode': 'l2', 'strength': 0.0},
                    'var_scope': 'output_layer'}],
 'layout': [13, 70, 100, 60],
 'n_bins': 2.0,
 'output_type': 'classification',
 'weight_type': 'ternary'}
==============================


  0,  0 | TrAcc: 0.0171, TrLoss:  4.54484, VaAcc: 0.0170, VaLoss:  4.56936
  1,  0 | TrAcc: 0.2838, TrLoss:  2.64477, VaAcc: 0.2307, VaLoss:  2.86312
  2,  0 | TrAcc: 0.3337, TrLoss:  2.33500, VaAcc: 0.2999, VaLoss:  2.63571
  3,  0 | TrAcc: 0.3505, TrLoss:  2.26196, VaAcc: 0.3019, VaLoss:  2.61151
  4,  0 | TrAcc: 0.3678, TrLoss:  2.18846, VaAcc: 0.3072, VaLoss:  2.59214
  5,  0 | TrAcc: 0.3746, TrLoss:  2.15543, VaAcc: 0.3129, VaLoss:  2.55642
  6,  0 | TrAcc: 0.3805, TrLoss:  2.10057, VaAcc: 0.3333, VaLoss:  2.54538
  7,  0 | TrAcc: 0.3897, TrLoss:  2.07900, VaAcc: 0.3407, VaLoss:  2.51611
  8,  0 | TrAcc: 0.3861, TrLoss:  2.07865, VaAcc: 0.3232, VaLoss:  2.53195
  9,  0 | TrAcc: 0.4020, TrLoss:  2.01819, VaAcc: 0.3340, VaLoss:  2.53230
 10,  0 | TrAcc: 0.4075, TrLoss:  2.00236, VaAcc: 0.3471, VaLoss:  2.49530
 11,  0 | TrAcc: 0.4130, TrLoss:  1.96978, VaAcc: 0.3445, VaLoss:  2.51210
 12,  0 | TrAcc: 0.4095, TrLoss:  1.97267, VaAcc: 0.3491, VaLoss:  2.51303
 13,  0 | TrAcc: 0.4107, TrLoss:  1.97133, VaAcc: 0.3551, VaLoss:  2.50437
 14,  0 | TrAcc: 0.4012, TrLoss:  1.97806, VaAcc: 0.3454, VaLoss:  2.50992
 15,  0 | TrAcc: 0.4146, TrLoss:  1.95826, VaAcc: 0.3514, VaLoss:  2.51370
 16,  0 | TrAcc: 0.4258, TrLoss:  1.92267, VaAcc: 0.3458, VaLoss:  2.50386
 17,  0 | TrAcc: 0.4256, TrLoss:  1.92857, VaAcc: 0.3467, VaLoss:  2.52187
 18,  0 | TrAcc: 0.4260, TrLoss:  1.91746, VaAcc: 0.3568, VaLoss:  2.50793
 19,  0 | TrAcc: 0.4336, TrLoss:  1.90091, VaAcc: 0.3650, VaLoss:  2.51676
 20,  0 | TrAcc: 0.4279, TrLoss:  1.89992, VaAcc: 0.3394, VaLoss:  2.51127
 21,  0 | TrAcc: 0.4335, TrLoss:  1.87889, VaAcc: 0.3491, VaLoss:  2.50878
 22,  0 | TrAcc: 0.4312, TrLoss:  1.88986, VaAcc: 0.3620, VaLoss:  2.50418
 23,  0 | TrAcc: 0.4265, TrLoss:  1.90671, VaAcc: 0.3534, VaLoss:  2.53072
 24,  0 | TrAcc: 0.4275, TrLoss:  1.88877, VaAcc: 0.3508, VaLoss:  2.53077
 25,  0 | TrAcc: 0.4363, TrLoss:  1.87121, VaAcc: 0.3571, VaLoss:  2.52949
 26,  0 | TrAcc: 0.4345, TrLoss:  1.86347, VaAcc: 0.3672, VaLoss:  2.51443
 27,  0 | TrAcc: 0.4365, TrLoss:  1.87041, VaAcc: 0.3573, VaLoss:  2.50254
 28,  0 | TrAcc: 0.4352, TrLoss:  1.86966, VaAcc: 0.3542, VaLoss:  2.50384
 29,  0 | TrAcc: 0.4434, TrLoss:  1.84571, VaAcc: 0.3713, VaLoss:  2.49528
 30,  0 | TrAcc: 0.4396, TrLoss:  1.85379, VaAcc: 0.3706, VaLoss:  2.50541
 31,  0 | TrAcc: 0.4405, TrLoss:  1.83439, VaAcc: 0.3683, VaLoss:  2.50219
 32,  0 | TrAcc: 0.4393, TrLoss:  1.83983, VaAcc: 0.3676, VaLoss:  2.49863
 33,  0 | TrAcc: 0.4410, TrLoss:  1.85148, VaAcc: 0.3637, VaLoss:  2.50763
 34,  0 | TrAcc: 0.4413, TrLoss:  1.86003, VaAcc: 0.3499, VaLoss:  2.52860
 35,  0 | TrAcc: 0.4357, TrLoss:  1.86172, VaAcc: 0.3577, VaLoss:  2.52272
 36,  0 | TrAcc: 0.4417, TrLoss:  1.84776, VaAcc: 0.3648, VaLoss:  2.52941
 37,  0 | TrAcc: 0.4481, TrLoss:  1.81871, VaAcc: 0.3599, VaLoss:  2.50913
 38,  0 | TrAcc: 0.4442, TrLoss:  1.83136, VaAcc: 0.3685, VaLoss:  2.50665
 39,  0 | TrAcc: 0.4450, TrLoss:  1.82153, VaAcc: 0.3648, VaLoss:  2.50996
 40,  0 | TrAcc: 0.4457, TrLoss:  1.83036, VaAcc: 0.3624, VaLoss:  2.51789
 41,  0 | TrAcc: 0.4471, TrLoss:  1.81750, VaAcc: 0.3752, VaLoss:  2.51383
 42,  0 | TrAcc: 0.4457, TrLoss:  1.82794, VaAcc: 0.3680, VaLoss:  2.52373
 43,  0 | TrAcc: 0.4525, TrLoss:  1.79681, VaAcc: 0.3618, VaLoss:  2.52091
 44,  0 | TrAcc: 0.4545, TrLoss:  1.79652, VaAcc: 0.3812, VaLoss:  2.50093
 45,  0 | TrAcc: 0.4518, TrLoss:  1.80377, VaAcc: 0.3724, VaLoss:  2.53334
 46,  0 | TrAcc: 0.4432, TrLoss:  1.80951, VaAcc: 0.3566, VaLoss:  2.51291
 47,  0 | TrAcc: 0.4519, TrLoss:  1.80153, VaAcc: 0.3609, VaLoss:  2.53247
 48,  0 | TrAcc: 0.4530, TrLoss:  1.79942, VaAcc: 0.3711, VaLoss:  2.52103
 49,  0 | TrAcc: 0.4547, TrLoss:  1.80384, VaAcc: 0.3756, VaLoss:  2.51704
 50,  0 | TrAcc: 0.4575, TrLoss:  1.77254, VaAcc: 0.3741, VaLoss:  2.51396
 51,  0 | TrAcc: 0.4499, TrLoss:  1.80688, VaAcc: 0.3657, VaLoss:  2.53668
 52,  0 | TrAcc: 0.4599, TrLoss:  1.77943, VaAcc: 0.3687, VaLoss:  2.51634
 53,  0 | TrAcc: 0.4582, TrLoss:  1.79989, VaAcc: 0.3650, VaLoss:  2.52975
 54,  0 | TrAcc: 0.4529, TrLoss:  1.78413, VaAcc: 0.3668, VaLoss:  2.52892
 55,  0 | TrAcc: 0.4582, TrLoss:  1.79688, VaAcc: 0.3629, VaLoss:  2.53766
 56,  0 | TrAcc: 0.4585, TrLoss:  1.78683, VaAcc: 0.3549, VaLoss:  2.54230
 57,  0 | TrAcc: 0.4576, TrLoss:  1.78395, VaAcc: 0.3680, VaLoss:  2.53736
 58,  0 | TrAcc: 0.4558, TrLoss:  1.78907, VaAcc: 0.3708, VaLoss:  2.53681
 59,  0 | TrAcc: 0.4570, TrLoss:  1.79352, VaAcc: 0.3685, VaLoss:  2.54474
 60,  0 | TrAcc: 0.4567, TrLoss:  1.77957, VaAcc: 0.3607, VaLoss:  2.54788
 61,  0 | TrAcc: 0.4526, TrLoss:  1.80006, VaAcc: 0.3672, VaLoss:  2.52626
 62,  0 | TrAcc: 0.4539, TrLoss:  1.79199, VaAcc: 0.3611, VaLoss:  2.55428
 63,  0 | TrAcc: 0.4563, TrLoss:  1.76936, VaAcc: 0.3631, VaLoss:  2.52869
 64,  0 | TrAcc: 0.4586, TrLoss:  1.77909, VaAcc: 0.3749, VaLoss:  2.53530
 65,  0 | TrAcc: 0.4582, TrLoss:  1.78112, VaAcc: 0.3672, VaLoss:  2.53254
 66,  0 | TrAcc: 0.4599, TrLoss:  1.78045, VaAcc: 0.3581, VaLoss:  2.55012
 67,  0 | TrAcc: 0.4569, TrLoss:  1.78402, VaAcc: 0.3676, VaLoss:  2.54958
 68,  0 | TrAcc: 0.4602, TrLoss:  1.78255, VaAcc: 0.3618, VaLoss:  2.55847
 69,  0 | TrAcc: 0.4571, TrLoss:  1.78491, VaAcc: 0.3655, VaLoss:  2.54147
 70,  0 | TrAcc: 0.4593, TrLoss:  1.78202, VaAcc: 0.3635, VaLoss:  2.55869
 71,  0 | TrAcc: 0.4557, TrLoss:  1.77645, VaAcc: 0.3713, VaLoss:  2.53583
 72,  0 | TrAcc: 0.4664, TrLoss:  1.76032, VaAcc: 0.3680, VaLoss:  2.54163
 73,  0 | TrAcc: 0.4525, TrLoss:  1.78243, VaAcc: 0.3665, VaLoss:  2.54281
 74,  0 | TrAcc: 0.4617, TrLoss:  1.76656, VaAcc: 0.3622, VaLoss:  2.54598
 75,  0 | TrAcc: 0.4615, TrLoss:  1.75930, VaAcc: 0.3730, VaLoss:  2.53116
 76,  0 | TrAcc: 0.4522, TrLoss:  1.78042, VaAcc: 0.3631, VaLoss:  2.54879
 77,  0 | TrAcc: 0.4584, TrLoss:  1.77705, VaAcc: 0.3756, VaLoss:  2.54919
 78,  0 | TrAcc: 0.4617, TrLoss:  1.76444, VaAcc: 0.3661, VaLoss:  2.53970
 79,  0 | TrAcc: 0.4571, TrLoss:  1.77051, VaAcc: 0.3564, VaLoss:  2.55269
 80,  0 | TrAcc: 0.4658, TrLoss:  1.76801, VaAcc: 0.3836, VaLoss:  2.53878
 81,  0 | TrAcc: 0.4615, TrLoss:  1.76776, VaAcc: 0.3752, VaLoss:  2.54038
 82,  0 | TrAcc: 0.4520, TrLoss:  1.79649, VaAcc: 0.3730, VaLoss:  2.55750
 83,  0 | TrAcc: 0.4618, TrLoss:  1.76640, VaAcc: 0.3627, VaLoss:  2.55092
 84,  0 | TrAcc: 0.4577, TrLoss:  1.75682, VaAcc: 0.3689, VaLoss:  2.55302
 85,  0 | TrAcc: 0.4620, TrLoss:  1.75941, VaAcc: 0.3592, VaLoss:  2.55532
 86,  0 | TrAcc: 0.4575, TrLoss:  1.77650, VaAcc: 0.3659, VaLoss:  2.55443
 87,  0 | TrAcc: 0.4625, TrLoss:  1.75536, VaAcc: 0.3713, VaLoss:  2.54279
 88,  0 | TrAcc: 0.4604, TrLoss:  1.75522, VaAcc: 0.3562, VaLoss:  2.56257
 89,  0 | TrAcc: 0.4633, TrLoss:  1.75126, VaAcc: 0.3642, VaLoss:  2.55329
 90,  0 | TrAcc: 0.4595, TrLoss:  1.76542, VaAcc: 0.3603, VaLoss:  2.54356
 91,  0 | TrAcc: 0.4607, TrLoss:  1.75764, VaAcc: 0.3771, VaLoss:  2.54043
 92,  0 | TrAcc: 0.4655, TrLoss:  1.74321, VaAcc: 0.3689, VaLoss:  2.54796
 93,  0 | TrAcc: 0.4686, TrLoss:  1.73985, VaAcc: 0.3728, VaLoss:  2.54459
 94,  0 | TrAcc: 0.4618, TrLoss:  1.75524, VaAcc: 0.3793, VaLoss:  2.55461
 95,  0 | TrAcc: 0.4671, TrLoss:  1.74404, VaAcc: 0.3708, VaLoss:  2.54438
 96,  0 | TrAcc: 0.4642, TrLoss:  1.74930, VaAcc: 0.3721, VaLoss:  2.54977
 97,  0 | TrAcc: 0.4624, TrLoss:  1.77177, VaAcc: 0.3713, VaLoss:  2.54645
 98,  0 | TrAcc: 0.4666, TrLoss:  1.75270, VaAcc: 0.3685, VaLoss:  2.55586
 99,  0 | TrAcc: 0.4729, TrLoss:  1.73097, VaAcc: 0.3732, VaLoss:  2.55213
----------------------------
Final Tr Acc   :   0.47108 +- 0.00289
Final Va Acc   :   0.36891 +- 0.00389
Final Tr Loss  :   1.72885 +- 0.00743
Final Va Loss  :   2.54708 +- 0.00959

TrAcc
Run:  0 | 47.53% in epoch   78
Run:  1 | 47.45% in epoch   98
Run:  2 | 47.29% in epoch   99

VaAcc
Run:  0 | 37.17% in epoch   79
Run:  1 | 37.93% in epoch   71
Run:  2 | 38.36% in epoch   80

TeAcc
Run:  0 | 34.56% in epoch   79
Run:  1 | 35.73% in epoch   71
Run:  2 | 35.24% in epoch   80
(3, 100)
