{'batchnorm': {'tau': 5, 'momentum': 0.98, 'type': 'none', 'modes': []}, 'mode': {'max_epochs': 100, 'name': 'classic', 'min_error': 0}, 'learning_rate_tau': 10000, 'learning_rate': 0.02, 'task_id': 29}
{'te': {'in_seq_len': 40, 'max_truncation': 0, 'minibatch_size': 500, 'minibatch_mode': False}, 'remove_bias': False, 'dataset': 'timit', 'tr': {'in_seq_len': 40, 'max_truncation': 0, 'minibatch_size': 1000, 'minibatch_mode': True}, 'va': {'in_seq_len': 40, 'max_truncation': 0, 'minibatch_size': 500, 'minibatch_mode': False}}
{'n_bins': 2.0, 'layer_configs': [{'layer_type': 'input'}, {'layer_type': 'lstm', 'var_scope': 'lstm_0', 'init_config': {'c': {'b': 'all_zero', 'w': 'xavier'}, 'o': {'b': 'all_zero', 'w': 'xavier'}, 'f': {'b': 'all_one', 'w': 'xavier'}, 'i': {'b': 'all_zero', 'w': 'xavier'}}, 'regularization': {'mode': 'none', 'state_zo_prob': 0.05, 'output_zo_prob': 0.01}}, {'layer_type': 'lstm', 'var_scope': 'lstm_1', 'init_config': {'c': {'b': 'all_zero', 'w': 'xavier'}, 'o': {'b': 'all_zero', 'w': 'xavier'}, 'f': {'b': 'all_one', 'w': 'xavier'}, 'i': {'b': 'all_zero', 'w': 'xavier'}}, 'regularization': {'mode': 'none', 'state_zo_prob': 0.05, 'output_zo_prob': 0.01}}, {'layer_type': 'fc', 'var_scope': 'output_layer', 'init_config': {'b': 'all_zero', 'w': 'xavier'}, 'regularization': {'mode': 'l2', 'strength': 0.0}}], 'gradient_clip_value': 0.5, 'discrete_acts': ['i', 'c', 'o'], 'layout': [13, 70, 100, 60], 'weight_type': 'ternary', 'output_type': 'classification'}
{'save_model': {'enabled': False, 'path': '../tr_models/m_model29'}, 'include_pred': False, 'calc_performance_every': 1, 'include_out': False}

=============================
CONFIG FILE

RNN CONFIG
{'batchnorm': {'modes': [], 'momentum': 0.98, 'tau': 5, 'type': 'none'},
 'learning_rate': 0.02,
 'learning_rate_tau': 10000,
 'mode': {'max_epochs': 100, 'min_error': 0, 'name': 'classic'},
 'task_id': 29}

DATA CONFIG
{'dataset': 'timit',
 'remove_bias': False,
 'te': {'in_seq_len': 40,
        'max_truncation': 0,
        'minibatch_mode': False,
        'minibatch_size': 500},
 'tr': {'in_seq_len': 40,
        'max_truncation': 0,
        'minibatch_mode': True,
        'minibatch_size': 1000},
 'va': {'in_seq_len': 40,
        'max_truncation': 0,
        'minibatch_mode': False,
        'minibatch_size': 500}}

TRAINING CONFIG
{'discrete_acts': ['i', 'c', 'o'],
 'gradient_clip_value': 0.5,
 'layer_configs': [{'layer_type': 'input'},
                   {'init_config': {'c': {'b': 'all_zero', 'w': 'xavier'},
                                    'f': {'b': 'all_one', 'w': 'xavier'},
                                    'i': {'b': 'all_zero', 'w': 'xavier'},
                                    'o': {'b': 'all_zero', 'w': 'xavier'}},
                    'layer_type': 'lstm',
                    'regularization': {'mode': 'none',
                                       'output_zo_prob': 0.01,
                                       'state_zo_prob': 0.05},
                    'var_scope': 'lstm_0'},
                   {'init_config': {'c': {'b': 'all_zero', 'w': 'xavier'},
                                    'f': {'b': 'all_one', 'w': 'xavier'},
                                    'i': {'b': 'all_zero', 'w': 'xavier'},
                                    'o': {'b': 'all_zero', 'w': 'xavier'}},
                    'layer_type': 'lstm',
                    'regularization': {'mode': 'none',
                                       'output_zo_prob': 0.01,
                                       'state_zo_prob': 0.05},
                    'var_scope': 'lstm_1'},
                   {'init_config': {'b': 'all_zero', 'w': 'xavier'},
                    'layer_type': 'fc',
                    'regularization': {'mode': 'l2', 'strength': 0.0},
                    'var_scope': 'output_layer'}],
 'layout': [13, 70, 100, 60],
 'n_bins': 2.0,
 'output_type': 'classification',
 'weight_type': 'ternary'}
==============================


  0,  0 | TrAcc: 0.0151, TrLoss:  4.62732, VaAcc: 0.0149, VaLoss:  4.62077
  1,  0 | TrAcc: 0.2540, TrLoss:  2.77841, VaAcc: 0.2104, VaLoss:  2.98136
  2,  0 | TrAcc: 0.3001, TrLoss:  2.47470, VaAcc: 0.2618, VaLoss:  2.74928
  3,  0 | TrAcc: 0.3309, TrLoss:  2.32086, VaAcc: 0.2956, VaLoss:  2.64600
  4,  0 | TrAcc: 0.3389, TrLoss:  2.25220, VaAcc: 0.3049, VaLoss:  2.62079
  5,  0 | TrAcc: 0.3608, TrLoss:  2.18697, VaAcc: 0.3120, VaLoss:  2.58558
  6,  0 | TrAcc: 0.3753, TrLoss:  2.12942, VaAcc: 0.3208, VaLoss:  2.58155
  7,  0 | TrAcc: 0.3866, TrLoss:  2.08094, VaAcc: 0.3256, VaLoss:  2.54299
  8,  0 | TrAcc: 0.3853, TrLoss:  2.08429, VaAcc: 0.3327, VaLoss:  2.53644
  9,  0 | TrAcc: 0.3950, TrLoss:  2.05344, VaAcc: 0.3292, VaLoss:  2.53798
 10,  0 | TrAcc: 0.3939, TrLoss:  2.03812, VaAcc: 0.3433, VaLoss:  2.55159
 11,  0 | TrAcc: 0.3993, TrLoss:  2.01169, VaAcc: 0.3441, VaLoss:  2.53582
 12,  0 | TrAcc: 0.4003, TrLoss:  2.01985, VaAcc: 0.3376, VaLoss:  2.54378
 13,  0 | TrAcc: 0.4045, TrLoss:  1.98389, VaAcc: 0.3469, VaLoss:  2.53518
 14,  0 | TrAcc: 0.4035, TrLoss:  1.99407, VaAcc: 0.3514, VaLoss:  2.52037
 15,  0 | TrAcc: 0.4045, TrLoss:  1.99628, VaAcc: 0.3415, VaLoss:  2.54680
 16,  0 | TrAcc: 0.4144, TrLoss:  1.95399, VaAcc: 0.3484, VaLoss:  2.53576
 17,  0 | TrAcc: 0.4169, TrLoss:  1.93915, VaAcc: 0.3514, VaLoss:  2.53508
 18,  0 | TrAcc: 0.4169, TrLoss:  1.94713, VaAcc: 0.3594, VaLoss:  2.52376
 19,  0 | TrAcc: 0.4165, TrLoss:  1.94813, VaAcc: 0.3538, VaLoss:  2.53954
 20,  0 | TrAcc: 0.4177, TrLoss:  1.93200, VaAcc: 0.3551, VaLoss:  2.53006
 21,  0 | TrAcc: 0.4306, TrLoss:  1.91142, VaAcc: 0.3540, VaLoss:  2.54119
 22,  0 | TrAcc: 0.4266, TrLoss:  1.91506, VaAcc: 0.3517, VaLoss:  2.54263
 23,  0 | TrAcc: 0.4223, TrLoss:  1.91837, VaAcc: 0.3514, VaLoss:  2.54038
 24,  0 | TrAcc: 0.4254, TrLoss:  1.91214, VaAcc: 0.3592, VaLoss:  2.53680
 25,  0 | TrAcc: 0.4233, TrLoss:  1.91690, VaAcc: 0.3573, VaLoss:  2.53434
 26,  0 | TrAcc: 0.4176, TrLoss:  1.92059, VaAcc: 0.3514, VaLoss:  2.53969
 27,  0 | TrAcc: 0.4280, TrLoss:  1.88987, VaAcc: 0.3491, VaLoss:  2.55181
 28,  0 | TrAcc: 0.4294, TrLoss:  1.89582, VaAcc: 0.3480, VaLoss:  2.54870
 29,  0 | TrAcc: 0.4243, TrLoss:  1.89995, VaAcc: 0.3579, VaLoss:  2.53128
 30,  0 | TrAcc: 0.4259, TrLoss:  1.89649, VaAcc: 0.3583, VaLoss:  2.53666
 31,  0 | TrAcc: 0.4279, TrLoss:  1.89488, VaAcc: 0.3497, VaLoss:  2.54924
 32,  0 | TrAcc: 0.4291, TrLoss:  1.88852, VaAcc: 0.3476, VaLoss:  2.57195
 33,  0 | TrAcc: 0.4249, TrLoss:  1.89437, VaAcc: 0.3445, VaLoss:  2.56495
 34,  0 | TrAcc: 0.4333, TrLoss:  1.87667, VaAcc: 0.3512, VaLoss:  2.55090
 35,  0 | TrAcc: 0.4338, TrLoss:  1.85890, VaAcc: 0.3594, VaLoss:  2.54540
 36,  0 | TrAcc: 0.4394, TrLoss:  1.85572, VaAcc: 0.3622, VaLoss:  2.54131
 37,  0 | TrAcc: 0.4348, TrLoss:  1.87299, VaAcc: 0.3639, VaLoss:  2.54031
 38,  0 | TrAcc: 0.4318, TrLoss:  1.86816, VaAcc: 0.3497, VaLoss:  2.56183
 39,  0 | TrAcc: 0.4279, TrLoss:  1.86322, VaAcc: 0.3568, VaLoss:  2.55346
 40,  0 | TrAcc: 0.4348, TrLoss:  1.86759, VaAcc: 0.3624, VaLoss:  2.54715
 41,  0 | TrAcc: 0.4398, TrLoss:  1.85484, VaAcc: 0.3605, VaLoss:  2.55151
 42,  0 | TrAcc: 0.4405, TrLoss:  1.84220, VaAcc: 0.3629, VaLoss:  2.55270
 43,  0 | TrAcc: 0.4482, TrLoss:  1.82976, VaAcc: 0.3708, VaLoss:  2.53128
 44,  0 | TrAcc: 0.4399, TrLoss:  1.85619, VaAcc: 0.3607, VaLoss:  2.54856
 45,  0 | TrAcc: 0.4436, TrLoss:  1.82766, VaAcc: 0.3646, VaLoss:  2.54973
 46,  0 | TrAcc: 0.4458, TrLoss:  1.83639, VaAcc: 0.3614, VaLoss:  2.55027
 47,  0 | TrAcc: 0.4511, TrLoss:  1.81941, VaAcc: 0.3696, VaLoss:  2.54871
 48,  0 | TrAcc: 0.4491, TrLoss:  1.82414, VaAcc: 0.3605, VaLoss:  2.55132
 49,  0 | TrAcc: 0.4463, TrLoss:  1.81573, VaAcc: 0.3724, VaLoss:  2.54238
 50,  0 | TrAcc: 0.4544, TrLoss:  1.81498, VaAcc: 0.3627, VaLoss:  2.54928
 51,  0 | TrAcc: 0.4473, TrLoss:  1.81956, VaAcc: 0.3661, VaLoss:  2.54902
 52,  0 | TrAcc: 0.4424, TrLoss:  1.83136, VaAcc: 0.3629, VaLoss:  2.55042
 53,  0 | TrAcc: 0.4481, TrLoss:  1.82097, VaAcc: 0.3525, VaLoss:  2.56004
 54,  0 | TrAcc: 0.4516, TrLoss:  1.79680, VaAcc: 0.3680, VaLoss:  2.54470
 55,  0 | TrAcc: 0.4554, TrLoss:  1.79752, VaAcc: 0.3644, VaLoss:  2.54877
 56,  0 | TrAcc: 0.4538, TrLoss:  1.79633, VaAcc: 0.3678, VaLoss:  2.54690
 57,  0 | TrAcc: 0.4454, TrLoss:  1.81614, VaAcc: 0.3752, VaLoss:  2.55714
 58,  0 | TrAcc: 0.4505, TrLoss:  1.79118, VaAcc: 0.3765, VaLoss:  2.54770
 59,  0 | TrAcc: 0.4440, TrLoss:  1.82663, VaAcc: 0.3551, VaLoss:  2.56441
 60,  0 | TrAcc: 0.4461, TrLoss:  1.81451, VaAcc: 0.3635, VaLoss:  2.55707
 61,  0 | TrAcc: 0.4497, TrLoss:  1.81378, VaAcc: 0.3637, VaLoss:  2.55601
 62,  0 | TrAcc: 0.4475, TrLoss:  1.80758, VaAcc: 0.3726, VaLoss:  2.54788
 63,  0 | TrAcc: 0.4458, TrLoss:  1.80331, VaAcc: 0.3765, VaLoss:  2.55184
 64,  0 | TrAcc: 0.4541, TrLoss:  1.78987, VaAcc: 0.3644, VaLoss:  2.56284
 65,  0 | TrAcc: 0.4456, TrLoss:  1.80132, VaAcc: 0.3717, VaLoss:  2.56537
 66,  0 | TrAcc: 0.4418, TrLoss:  1.82224, VaAcc: 0.3696, VaLoss:  2.57156
 67,  0 | TrAcc: 0.4486, TrLoss:  1.80558, VaAcc: 0.3758, VaLoss:  2.56076
 68,  0 | TrAcc: 0.4495, TrLoss:  1.79203, VaAcc: 0.3629, VaLoss:  2.56940
 69,  0 | TrAcc: 0.4460, TrLoss:  1.81796, VaAcc: 0.3678, VaLoss:  2.57559
 70,  0 | TrAcc: 0.4468, TrLoss:  1.80785, VaAcc: 0.3601, VaLoss:  2.57978
 71,  0 | TrAcc: 0.4443, TrLoss:  1.81887, VaAcc: 0.3644, VaLoss:  2.56602
 72,  0 | TrAcc: 0.4497, TrLoss:  1.81533, VaAcc: 0.3687, VaLoss:  2.57645
 73,  0 | TrAcc: 0.4468, TrLoss:  1.81319, VaAcc: 0.3644, VaLoss:  2.57738
 74,  0 | TrAcc: 0.4436, TrLoss:  1.81181, VaAcc: 0.3724, VaLoss:  2.57583
 75,  0 | TrAcc: 0.4497, TrLoss:  1.81755, VaAcc: 0.3717, VaLoss:  2.57903
 76,  0 | TrAcc: 0.4545, TrLoss:  1.78730, VaAcc: 0.3685, VaLoss:  2.57548
 77,  0 | TrAcc: 0.4535, TrLoss:  1.79504, VaAcc: 0.3657, VaLoss:  2.55872
 78,  0 | TrAcc: 0.4464, TrLoss:  1.80176, VaAcc: 0.3639, VaLoss:  2.56960
 79,  0 | TrAcc: 0.4516, TrLoss:  1.79144, VaAcc: 0.3663, VaLoss:  2.57455
 80,  0 | TrAcc: 0.4535, TrLoss:  1.78779, VaAcc: 0.3683, VaLoss:  2.57976
 81,  0 | TrAcc: 0.4546, TrLoss:  1.80321, VaAcc: 0.3670, VaLoss:  2.57267
 82,  0 | TrAcc: 0.4528, TrLoss:  1.79154, VaAcc: 0.3596, VaLoss:  2.57830
 83,  0 | TrAcc: 0.4541, TrLoss:  1.79771, VaAcc: 0.3624, VaLoss:  2.58169
 84,  0 | TrAcc: 0.4459, TrLoss:  1.81522, VaAcc: 0.3670, VaLoss:  2.57469
 85,  0 | TrAcc: 0.4558, TrLoss:  1.79141, VaAcc: 0.3622, VaLoss:  2.58623
 86,  0 | TrAcc: 0.4514, TrLoss:  1.79178, VaAcc: 0.3728, VaLoss:  2.57395
 87,  0 | TrAcc: 0.4477, TrLoss:  1.80539, VaAcc: 0.3534, VaLoss:  2.59025
 88,  0 | TrAcc: 0.4509, TrLoss:  1.81670, VaAcc: 0.3732, VaLoss:  2.58108
 89,  0 | TrAcc: 0.4573, TrLoss:  1.78932, VaAcc: 0.3650, VaLoss:  2.57608
 90,  0 | TrAcc: 0.4461, TrLoss:  1.80862, VaAcc: 0.3560, VaLoss:  2.57360
 91,  0 | TrAcc: 0.4547, TrLoss:  1.79450, VaAcc: 0.3620, VaLoss:  2.58320
 92,  0 | TrAcc: 0.4429, TrLoss:  1.80320, VaAcc: 0.3489, VaLoss:  2.59633
 93,  0 | TrAcc: 0.4533, TrLoss:  1.80154, VaAcc: 0.3579, VaLoss:  2.59360
 94,  0 | TrAcc: 0.4531, TrLoss:  1.81056, VaAcc: 0.3435, VaLoss:  2.59630
 95,  0 | TrAcc: 0.4501, TrLoss:  1.81440, VaAcc: 0.3482, VaLoss:  2.59689
 96,  0 | TrAcc: 0.4562, TrLoss:  1.78090, VaAcc: 0.3715, VaLoss:  2.59844
 97,  0 | TrAcc: 0.4496, TrLoss:  1.80409, VaAcc: 0.3495, VaLoss:  2.59998
 98,  0 | TrAcc: 0.4501, TrLoss:  1.80567, VaAcc: 0.3519, VaLoss:  2.60950
 99,  0 | TrAcc: 0.4539, TrLoss:  1.80630, VaAcc: 0.3549, VaLoss:  2.61484

=============================
CONFIG FILE

RNN CONFIG
{'batchnorm': {'modes': [], 'momentum': 0.98, 'tau': 5, 'type': 'none'},
 'learning_rate': 0.02,
 'learning_rate_tau': 10000,
 'mode': {'max_epochs': 100, 'min_error': 0, 'name': 'classic'},
 'task_id': 29}

DATA CONFIG
{'dataset': 'timit',
 'remove_bias': False,
 'te': {'in_seq_len': 40,
        'max_truncation': 0,
        'minibatch_mode': False,
        'minibatch_size': 500},
 'tr': {'in_seq_len': 40,
        'max_truncation': 0,
        'minibatch_mode': True,
        'minibatch_size': 1000},
 'va': {'in_seq_len': 40,
        'max_truncation': 0,
        'minibatch_mode': False,
        'minibatch_size': 500}}

TRAINING CONFIG
{'discrete_acts': ['i', 'c', 'o'],
 'gradient_clip_value': 0.5,
 'layer_configs': [{'layer_type': 'input'},
                   {'init_config': {'c': {'b': 'all_zero', 'w': 'xavier'},
                                    'f': {'b': 'all_one', 'w': 'xavier'},
                                    'i': {'b': 'all_zero', 'w': 'xavier'},
                                    'o': {'b': 'all_zero', 'w': 'xavier'}},
                    'layer_type': 'lstm',
                    'regularization': {'mode': 'none',
                                       'output_zo_prob': 0.01,
                                       'state_zo_prob': 0.05},
                    'var_scope': 'lstm_0'},
                   {'init_config': {'c': {'b': 'all_zero', 'w': 'xavier'},
                                    'f': {'b': 'all_one', 'w': 'xavier'},
                                    'i': {'b': 'all_zero', 'w': 'xavier'},
                                    'o': {'b': 'all_zero', 'w': 'xavier'}},
                    'layer_type': 'lstm',
                    'regularization': {'mode': 'none',
                                       'output_zo_prob': 0.01,
                                       'state_zo_prob': 0.05},
                    'var_scope': 'lstm_1'},
                   {'init_config': {'b': 'all_zero', 'w': 'xavier'},
                    'layer_type': 'fc',
                    'regularization': {'mode': 'l2', 'strength': 0.0},
                    'var_scope': 'output_layer'}],
 'layout': [13, 70, 100, 60],
 'n_bins': 2.0,
 'output_type': 'classification',
 'weight_type': 'ternary'}
==============================


  0,  0 | TrAcc: 0.0167, TrLoss:  4.58993, VaAcc: 0.0170, VaLoss:  4.62971
  1,  0 | TrAcc: 0.2536, TrLoss:  2.76375, VaAcc: 0.2132, VaLoss:  2.96367
  2,  0 | TrAcc: 0.3042, TrLoss:  2.42731, VaAcc: 0.2538, VaLoss:  2.74753
  3,  0 | TrAcc: 0.3357, TrLoss:  2.31244, VaAcc: 0.2814, VaLoss:  2.68029
  4,  0 | TrAcc: 0.3523, TrLoss:  2.23184, VaAcc: 0.2913, VaLoss:  2.63417
  5,  0 | TrAcc: 0.3566, TrLoss:  2.19182, VaAcc: 0.3053, VaLoss:  2.61609
  6,  0 | TrAcc: 0.3733, TrLoss:  2.14546, VaAcc: 0.3137, VaLoss:  2.61204
  7,  0 | TrAcc: 0.3741, TrLoss:  2.12186, VaAcc: 0.3146, VaLoss:  2.60783
  8,  0 | TrAcc: 0.3756, TrLoss:  2.12191, VaAcc: 0.3079, VaLoss:  2.60039
  9,  0 | TrAcc: 0.3815, TrLoss:  2.08368, VaAcc: 0.3187, VaLoss:  2.58630
 10,  0 | TrAcc: 0.3993, TrLoss:  2.03292, VaAcc: 0.3282, VaLoss:  2.58634
 11,  0 | TrAcc: 0.4044, TrLoss:  1.99998, VaAcc: 0.3454, VaLoss:  2.54617
 12,  0 | TrAcc: 0.3963, TrLoss:  2.01675, VaAcc: 0.3286, VaLoss:  2.57125
 13,  0 | TrAcc: 0.4016, TrLoss:  2.00680, VaAcc: 0.3286, VaLoss:  2.56123
 14,  0 | TrAcc: 0.4035, TrLoss:  1.99179, VaAcc: 0.3411, VaLoss:  2.56293
 15,  0 | TrAcc: 0.4041, TrLoss:  1.98977, VaAcc: 0.3420, VaLoss:  2.54971
 16,  0 | TrAcc: 0.4060, TrLoss:  1.97181, VaAcc: 0.3381, VaLoss:  2.54835
 17,  0 | TrAcc: 0.4064, TrLoss:  1.97882, VaAcc: 0.3260, VaLoss:  2.59979
 18,  0 | TrAcc: 0.4111, TrLoss:  1.96870, VaAcc: 0.3454, VaLoss:  2.55425
 19,  0 | TrAcc: 0.4112, TrLoss:  1.96641, VaAcc: 0.3398, VaLoss:  2.55793
 20,  0 | TrAcc: 0.4154, TrLoss:  1.92284, VaAcc: 0.3346, VaLoss:  2.55727
 21,  0 | TrAcc: 0.4167, TrLoss:  1.93573, VaAcc: 0.3435, VaLoss:  2.55388
 22,  0 | TrAcc: 0.4192, TrLoss:  1.93011, VaAcc: 0.3473, VaLoss:  2.57082
 23,  0 | TrAcc: 0.4205, TrLoss:  1.92345, VaAcc: 0.3547, VaLoss:  2.54221
 24,  0 | TrAcc: 0.4130, TrLoss:  1.93291, VaAcc: 0.3430, VaLoss:  2.57037
 25,  0 | TrAcc: 0.4290, TrLoss:  1.90034, VaAcc: 0.3482, VaLoss:  2.56869
 26,  0 | TrAcc: 0.4248, TrLoss:  1.90007, VaAcc: 0.3458, VaLoss:  2.56242
 27,  0 | TrAcc: 0.4315, TrLoss:  1.88449, VaAcc: 0.3491, VaLoss:  2.54936
 28,  0 | TrAcc: 0.4246, TrLoss:  1.92165, VaAcc: 0.3458, VaLoss:  2.56758
 29,  0 | TrAcc: 0.4169, TrLoss:  1.92867, VaAcc: 0.3512, VaLoss:  2.56515
 30,  0 | TrAcc: 0.4280, TrLoss:  1.90626, VaAcc: 0.3394, VaLoss:  2.57215
 31,  0 | TrAcc: 0.4255, TrLoss:  1.89622, VaAcc: 0.3502, VaLoss:  2.56956
 32,  0 | TrAcc: 0.4265, TrLoss:  1.88615, VaAcc: 0.3402, VaLoss:  2.57851
 33,  0 | TrAcc: 0.4289, TrLoss:  1.88986, VaAcc: 0.3530, VaLoss:  2.55823
 34,  0 | TrAcc: 0.4255, TrLoss:  1.89367, VaAcc: 0.3452, VaLoss:  2.56238
 35,  0 | TrAcc: 0.4280, TrLoss:  1.89627, VaAcc: 0.3519, VaLoss:  2.56240
 36,  0 | TrAcc: 0.4315, TrLoss:  1.87916, VaAcc: 0.3428, VaLoss:  2.59155
 37,  0 | TrAcc: 0.4308, TrLoss:  1.88838, VaAcc: 0.3422, VaLoss:  2.56719
 38,  0 | TrAcc: 0.4282, TrLoss:  1.89044, VaAcc: 0.3312, VaLoss:  2.56987
 39,  0 | TrAcc: 0.4349, TrLoss:  1.86817, VaAcc: 0.3590, VaLoss:  2.55870
 40,  0 | TrAcc: 0.4297, TrLoss:  1.88298, VaAcc: 0.3450, VaLoss:  2.58055
 41,  0 | TrAcc: 0.4385, TrLoss:  1.86803, VaAcc: 0.3452, VaLoss:  2.55992
 42,  0 | TrAcc: 0.4331, TrLoss:  1.86253, VaAcc: 0.3530, VaLoss:  2.56246
 43,  0 | TrAcc: 0.4329, TrLoss:  1.87935, VaAcc: 0.3491, VaLoss:  2.57810
 44,  0 | TrAcc: 0.4318, TrLoss:  1.87331, VaAcc: 0.3469, VaLoss:  2.58881
 45,  0 | TrAcc: 0.4375, TrLoss:  1.84853, VaAcc: 0.3560, VaLoss:  2.56179
 46,  0 | TrAcc: 0.4297, TrLoss:  1.86643, VaAcc: 0.3469, VaLoss:  2.56624
 47,  0 | TrAcc: 0.4396, TrLoss:  1.84670, VaAcc: 0.3463, VaLoss:  2.56744
 48,  0 | TrAcc: 0.4400, TrLoss:  1.84563, VaAcc: 0.3521, VaLoss:  2.56301
 49,  0 | TrAcc: 0.4400, TrLoss:  1.84182, VaAcc: 0.3424, VaLoss:  2.58581
 50,  0 | TrAcc: 0.4298, TrLoss:  1.86020, VaAcc: 0.3407, VaLoss:  2.58580
 51,  0 | TrAcc: 0.4452, TrLoss:  1.84204, VaAcc: 0.3454, VaLoss:  2.58015
 52,  0 | TrAcc: 0.4333, TrLoss:  1.84699, VaAcc: 0.3551, VaLoss:  2.56737
 53,  0 | TrAcc: 0.4425, TrLoss:  1.83847, VaAcc: 0.3611, VaLoss:  2.56852
 54,  0 | TrAcc: 0.4384, TrLoss:  1.84701, VaAcc: 0.3499, VaLoss:  2.58346
 55,  0 | TrAcc: 0.4422, TrLoss:  1.82289, VaAcc: 0.3463, VaLoss:  2.57480
 56,  0 | TrAcc: 0.4457, TrLoss:  1.82305, VaAcc: 0.3439, VaLoss:  2.57123
 57,  0 | TrAcc: 0.4480, TrLoss:  1.82612, VaAcc: 0.3486, VaLoss:  2.58126
 58,  0 | TrAcc: 0.4459, TrLoss:  1.83238, VaAcc: 0.3404, VaLoss:  2.56731
 59,  0 | TrAcc: 0.4462, TrLoss:  1.81887, VaAcc: 0.3454, VaLoss:  2.58749
 60,  0 | TrAcc: 0.4510, TrLoss:  1.80557, VaAcc: 0.3407, VaLoss:  2.60324
 61,  0 | TrAcc: 0.4465, TrLoss:  1.82172, VaAcc: 0.3441, VaLoss:  2.57788
 62,  0 | TrAcc: 0.4443, TrLoss:  1.82630, VaAcc: 0.3624, VaLoss:  2.56210
 63,  0 | TrAcc: 0.4475, TrLoss:  1.81622, VaAcc: 0.3465, VaLoss:  2.58002
 64,  0 | TrAcc: 0.4455, TrLoss:  1.81969, VaAcc: 0.3605, VaLoss:  2.58206
 65,  0 | TrAcc: 0.4358, TrLoss:  1.84375, VaAcc: 0.3525, VaLoss:  2.56937
 66,  0 | TrAcc: 0.4468, TrLoss:  1.82866, VaAcc: 0.3549, VaLoss:  2.57583
 67,  0 | TrAcc: 0.4439, TrLoss:  1.82082, VaAcc: 0.3506, VaLoss:  2.57994
 68,  0 | TrAcc: 0.4494, TrLoss:  1.82718, VaAcc: 0.3471, VaLoss:  2.59556
 69,  0 | TrAcc: 0.4445, TrLoss:  1.82934, VaAcc: 0.3525, VaLoss:  2.57759
 70,  0 | TrAcc: 0.4408, TrLoss:  1.83662, VaAcc: 0.3609, VaLoss:  2.57574
 71,  0 | TrAcc: 0.4469, TrLoss:  1.82908, VaAcc: 0.3530, VaLoss:  2.57575
 72,  0 | TrAcc: 0.4475, TrLoss:  1.81700, VaAcc: 0.3571, VaLoss:  2.58293
 73,  0 | TrAcc: 0.4481, TrLoss:  1.81772, VaAcc: 0.3521, VaLoss:  2.57976
 74,  0 | TrAcc: 0.4476, TrLoss:  1.81615, VaAcc: 0.3478, VaLoss:  2.58017
 75,  0 | TrAcc: 0.4436, TrLoss:  1.83387, VaAcc: 0.3596, VaLoss:  2.57715
 76,  0 | TrAcc: 0.4472, TrLoss:  1.81598, VaAcc: 0.3491, VaLoss:  2.60599
 77,  0 | TrAcc: 0.4461, TrLoss:  1.81421, VaAcc: 0.3495, VaLoss:  2.59661
 78,  0 | TrAcc: 0.4506, TrLoss:  1.82271, VaAcc: 0.3538, VaLoss:  2.59672
 79,  0 | TrAcc: 0.4472, TrLoss:  1.81423, VaAcc: 0.3389, VaLoss:  2.58383
 80,  0 | TrAcc: 0.4539, TrLoss:  1.79187, VaAcc: 0.3527, VaLoss:  2.60013
 81,  0 | TrAcc: 0.4409, TrLoss:  1.81631, VaAcc: 0.3553, VaLoss:  2.58680
 82,  0 | TrAcc: 0.4440, TrLoss:  1.81942, VaAcc: 0.3476, VaLoss:  2.59654
 83,  0 | TrAcc: 0.4469, TrLoss:  1.80883, VaAcc: 0.3523, VaLoss:  2.59177
 84,  0 | TrAcc: 0.4459, TrLoss:  1.80922, VaAcc: 0.3592, VaLoss:  2.58226
 85,  0 | TrAcc: 0.4547, TrLoss:  1.80103, VaAcc: 0.3495, VaLoss:  2.60255
 86,  0 | TrAcc: 0.4509, TrLoss:  1.79991, VaAcc: 0.3514, VaLoss:  2.57809
 87,  0 | TrAcc: 0.4566, TrLoss:  1.78366, VaAcc: 0.3527, VaLoss:  2.58495
 88,  0 | TrAcc: 0.4531, TrLoss:  1.78349, VaAcc: 0.3661, VaLoss:  2.58137
 89,  0 | TrAcc: 0.4530, TrLoss:  1.79547, VaAcc: 0.3491, VaLoss:  2.59610
 90,  0 | TrAcc: 0.4554, TrLoss:  1.80066, VaAcc: 0.3599, VaLoss:  2.58813
 91,  0 | TrAcc: 0.4481, TrLoss:  1.78314, VaAcc: 0.3562, VaLoss:  2.58638
 92,  0 | TrAcc: 0.4552, TrLoss:  1.78889, VaAcc: 0.3629, VaLoss:  2.59442
 93,  0 | TrAcc: 0.4554, TrLoss:  1.78852, VaAcc: 0.3603, VaLoss:  2.60139
 94,  0 | TrAcc: 0.4566, TrLoss:  1.78733, VaAcc: 0.3633, VaLoss:  2.58440
 95,  0 | TrAcc: 0.4536, TrLoss:  1.78210, VaAcc: 0.3571, VaLoss:  2.59679
 96,  0 | TrAcc: 0.4504, TrLoss:  1.80268, VaAcc: 0.3581, VaLoss:  2.60094
 97,  0 | TrAcc: 0.4524, TrLoss:  1.78372, VaAcc: 0.3637, VaLoss:  2.59178
 98,  0 | TrAcc: 0.4469, TrLoss:  1.80113, VaAcc: 0.3517, VaLoss:  2.60024
 99,  0 | TrAcc: 0.4520, TrLoss:  1.80912, VaAcc: 0.3581, VaLoss:  2.58825

=============================
CONFIG FILE

RNN CONFIG
{'batchnorm': {'modes': [], 'momentum': 0.98, 'tau': 5, 'type': 'none'},
 'learning_rate': 0.02,
 'learning_rate_tau': 10000,
 'mode': {'max_epochs': 100, 'min_error': 0, 'name': 'classic'},
 'task_id': 29}

DATA CONFIG
{'dataset': 'timit',
 'remove_bias': False,
 'te': {'in_seq_len': 40,
        'max_truncation': 0,
        'minibatch_mode': False,
        'minibatch_size': 500},
 'tr': {'in_seq_len': 40,
        'max_truncation': 0,
        'minibatch_mode': True,
        'minibatch_size': 1000},
 'va': {'in_seq_len': 40,
        'max_truncation': 0,
        'minibatch_mode': False,
        'minibatch_size': 500}}

TRAINING CONFIG
{'discrete_acts': ['i', 'c', 'o'],
 'gradient_clip_value': 0.5,
 'layer_configs': [{'layer_type': 'input'},
                   {'init_config': {'c': {'b': 'all_zero', 'w': 'xavier'},
                                    'f': {'b': 'all_one', 'w': 'xavier'},
                                    'i': {'b': 'all_zero', 'w': 'xavier'},
                                    'o': {'b': 'all_zero', 'w': 'xavier'}},
                    'layer_type': 'lstm',
                    'regularization': {'mode': 'none',
                                       'output_zo_prob': 0.01,
                                       'state_zo_prob': 0.05},
                    'var_scope': 'lstm_0'},
                   {'init_config': {'c': {'b': 'all_zero', 'w': 'xavier'},
                                    'f': {'b': 'all_one', 'w': 'xavier'},
                                    'i': {'b': 'all_zero', 'w': 'xavier'},
                                    'o': {'b': 'all_zero', 'w': 'xavier'}},
                    'layer_type': 'lstm',
                    'regularization': {'mode': 'none',
                                       'output_zo_prob': 0.01,
                                       'state_zo_prob': 0.05},
                    'var_scope': 'lstm_1'},
                   {'init_config': {'b': 'all_zero', 'w': 'xavier'},
                    'layer_type': 'fc',
                    'regularization': {'mode': 'l2', 'strength': 0.0},
                    'var_scope': 'output_layer'}],
 'layout': [13, 70, 100, 60],
 'n_bins': 2.0,
 'output_type': 'classification',
 'weight_type': 'ternary'}
==============================


  0,  0 | TrAcc: 0.0170, TrLoss:  4.59250, VaAcc: 0.0188, VaLoss:  4.61237
  1,  0 | TrAcc: 0.2553, TrLoss:  2.74247, VaAcc: 0.2266, VaLoss:  2.94585
  2,  0 | TrAcc: 0.3109, TrLoss:  2.41937, VaAcc: 0.2678, VaLoss:  2.74148
  3,  0 | TrAcc: 0.3347, TrLoss:  2.30507, VaAcc: 0.2842, VaLoss:  2.67580
  4,  0 | TrAcc: 0.3486, TrLoss:  2.23696, VaAcc: 0.3014, VaLoss:  2.62978
  5,  0 | TrAcc: 0.3581, TrLoss:  2.18178, VaAcc: 0.2917, VaLoss:  2.61337
  6,  0 | TrAcc: 0.3750, TrLoss:  2.14249, VaAcc: 0.3243, VaLoss:  2.58136
  7,  0 | TrAcc: 0.3729, TrLoss:  2.12173, VaAcc: 0.3215, VaLoss:  2.58480
  8,  0 | TrAcc: 0.3895, TrLoss:  2.07263, VaAcc: 0.3238, VaLoss:  2.56696
  9,  0 | TrAcc: 0.3864, TrLoss:  2.06310, VaAcc: 0.3329, VaLoss:  2.57616
 10,  0 | TrAcc: 0.3933, TrLoss:  2.06200, VaAcc: 0.3331, VaLoss:  2.57932
 11,  0 | TrAcc: 0.4005, TrLoss:  2.02911, VaAcc: 0.3210, VaLoss:  2.57604
 12,  0 | TrAcc: 0.4024, TrLoss:  2.02535, VaAcc: 0.3368, VaLoss:  2.56777
 13,  0 | TrAcc: 0.4007, TrLoss:  2.00372, VaAcc: 0.3310, VaLoss:  2.57382
 14,  0 | TrAcc: 0.4074, TrLoss:  1.98047, VaAcc: 0.3415, VaLoss:  2.55964
 15,  0 | TrAcc: 0.4163, TrLoss:  1.96023, VaAcc: 0.3549, VaLoss:  2.54025
 16,  0 | TrAcc: 0.4160, TrLoss:  1.94954, VaAcc: 0.3366, VaLoss:  2.54262
 17,  0 | TrAcc: 0.4126, TrLoss:  1.95806, VaAcc: 0.3463, VaLoss:  2.53207
 18,  0 | TrAcc: 0.4165, TrLoss:  1.92614, VaAcc: 0.3445, VaLoss:  2.53575
 19,  0 | TrAcc: 0.4168, TrLoss:  1.93258, VaAcc: 0.3540, VaLoss:  2.53962
 20,  0 | TrAcc: 0.4175, TrLoss:  1.92742, VaAcc: 0.3482, VaLoss:  2.54880
 21,  0 | TrAcc: 0.4206, TrLoss:  1.92092, VaAcc: 0.3536, VaLoss:  2.55423
 22,  0 | TrAcc: 0.4220, TrLoss:  1.92014, VaAcc: 0.3486, VaLoss:  2.54643
 23,  0 | TrAcc: 0.4252, TrLoss:  1.94156, VaAcc: 0.3433, VaLoss:  2.55409
 24,  0 | TrAcc: 0.4266, TrLoss:  1.90289, VaAcc: 0.3489, VaLoss:  2.55220
 25,  0 | TrAcc: 0.4222, TrLoss:  1.93093, VaAcc: 0.3616, VaLoss:  2.54484
 26,  0 | TrAcc: 0.4268, TrLoss:  1.91120, VaAcc: 0.3443, VaLoss:  2.55357
 27,  0 | TrAcc: 0.4343, TrLoss:  1.89050, VaAcc: 0.3461, VaLoss:  2.56017
 28,  0 | TrAcc: 0.4227, TrLoss:  1.89397, VaAcc: 0.3422, VaLoss:  2.55728
 29,  0 | TrAcc: 0.4278, TrLoss:  1.90098, VaAcc: 0.3458, VaLoss:  2.56464
 30,  0 | TrAcc: 0.4382, TrLoss:  1.87293, VaAcc: 0.3443, VaLoss:  2.55517
 31,  0 | TrAcc: 0.4362, TrLoss:  1.88075, VaAcc: 0.3514, VaLoss:  2.54127
 32,  0 | TrAcc: 0.4364, TrLoss:  1.87003, VaAcc: 0.3674, VaLoss:  2.52251
 33,  0 | TrAcc: 0.4388, TrLoss:  1.85994, VaAcc: 0.3631, VaLoss:  2.52841
 34,  0 | TrAcc: 0.4384, TrLoss:  1.85760, VaAcc: 0.3642, VaLoss:  2.53090
 35,  0 | TrAcc: 0.4273, TrLoss:  1.88522, VaAcc: 0.3596, VaLoss:  2.55242
 36,  0 | TrAcc: 0.4411, TrLoss:  1.83960, VaAcc: 0.3476, VaLoss:  2.55326
 37,  0 | TrAcc: 0.4378, TrLoss:  1.85723, VaAcc: 0.3486, VaLoss:  2.56047
 38,  0 | TrAcc: 0.4385, TrLoss:  1.85825, VaAcc: 0.3534, VaLoss:  2.55643
 39,  0 | TrAcc: 0.4330, TrLoss:  1.88351, VaAcc: 0.3596, VaLoss:  2.54708
 40,  0 | TrAcc: 0.4385, TrLoss:  1.85652, VaAcc: 0.3558, VaLoss:  2.55118
 41,  0 | TrAcc: 0.4445, TrLoss:  1.84456, VaAcc: 0.3495, VaLoss:  2.54765
 42,  0 | TrAcc: 0.4463, TrLoss:  1.84162, VaAcc: 0.3566, VaLoss:  2.56018
 43,  0 | TrAcc: 0.4288, TrLoss:  1.87258, VaAcc: 0.3577, VaLoss:  2.56203
 44,  0 | TrAcc: 0.4353, TrLoss:  1.85309, VaAcc: 0.3687, VaLoss:  2.54622
 45,  0 | TrAcc: 0.4350, TrLoss:  1.86865, VaAcc: 0.3555, VaLoss:  2.56562
 46,  0 | TrAcc: 0.4371, TrLoss:  1.86805, VaAcc: 0.3558, VaLoss:  2.57384
 47,  0 | TrAcc: 0.4361, TrLoss:  1.84706, VaAcc: 0.3562, VaLoss:  2.56581
 48,  0 | TrAcc: 0.4418, TrLoss:  1.84561, VaAcc: 0.3586, VaLoss:  2.55334
 49,  0 | TrAcc: 0.4373, TrLoss:  1.84321, VaAcc: 0.3596, VaLoss:  2.55212
 50,  0 | TrAcc: 0.4418, TrLoss:  1.84688, VaAcc: 0.3532, VaLoss:  2.56182
 51,  0 | TrAcc: 0.4396, TrLoss:  1.84552, VaAcc: 0.3581, VaLoss:  2.56583
 52,  0 | TrAcc: 0.4390, TrLoss:  1.85016, VaAcc: 0.3583, VaLoss:  2.56806
 53,  0 | TrAcc: 0.4450, TrLoss:  1.83390, VaAcc: 0.3445, VaLoss:  2.57955
 54,  0 | TrAcc: 0.4406, TrLoss:  1.82308, VaAcc: 0.3512, VaLoss:  2.57734
 55,  0 | TrAcc: 0.4398, TrLoss:  1.85067, VaAcc: 0.3521, VaLoss:  2.56033
 56,  0 | TrAcc: 0.4470, TrLoss:  1.82290, VaAcc: 0.3575, VaLoss:  2.56956
 57,  0 | TrAcc: 0.4472, TrLoss:  1.83355, VaAcc: 0.3502, VaLoss:  2.58017
 58,  0 | TrAcc: 0.4423, TrLoss:  1.83644, VaAcc: 0.3506, VaLoss:  2.58473
 59,  0 | TrAcc: 0.4381, TrLoss:  1.83680, VaAcc: 0.3497, VaLoss:  2.57446
 60,  0 | TrAcc: 0.4455, TrLoss:  1.82588, VaAcc: 0.3609, VaLoss:  2.56219
 61,  0 | TrAcc: 0.4404, TrLoss:  1.83159, VaAcc: 0.3637, VaLoss:  2.55344
 62,  0 | TrAcc: 0.4419, TrLoss:  1.83196, VaAcc: 0.3620, VaLoss:  2.55947
 63,  0 | TrAcc: 0.4470, TrLoss:  1.83584, VaAcc: 0.3560, VaLoss:  2.57273
 64,  0 | TrAcc: 0.4470, TrLoss:  1.82379, VaAcc: 0.3609, VaLoss:  2.55233
 65,  0 | TrAcc: 0.4446, TrLoss:  1.82485, VaAcc: 0.3724, VaLoss:  2.56475
 66,  0 | TrAcc: 0.4453, TrLoss:  1.83660, VaAcc: 0.3691, VaLoss:  2.56153
 67,  0 | TrAcc: 0.4423, TrLoss:  1.83241, VaAcc: 0.3549, VaLoss:  2.57973
 68,  0 | TrAcc: 0.4427, TrLoss:  1.84209, VaAcc: 0.3583, VaLoss:  2.58238
 69,  0 | TrAcc: 0.4413, TrLoss:  1.82138, VaAcc: 0.3571, VaLoss:  2.56638
 70,  0 | TrAcc: 0.4461, TrLoss:  1.82099, VaAcc: 0.3618, VaLoss:  2.56986
 71,  0 | TrAcc: 0.4430, TrLoss:  1.83497, VaAcc: 0.3616, VaLoss:  2.56373
 72,  0 | TrAcc: 0.4540, TrLoss:  1.80259, VaAcc: 0.3517, VaLoss:  2.59231
 73,  0 | TrAcc: 0.4509, TrLoss:  1.80903, VaAcc: 0.3609, VaLoss:  2.56944
 74,  0 | TrAcc: 0.4497, TrLoss:  1.80798, VaAcc: 0.3601, VaLoss:  2.57971
 75,  0 | TrAcc: 0.4514, TrLoss:  1.80977, VaAcc: 0.3642, VaLoss:  2.56344
 76,  0 | TrAcc: 0.4491, TrLoss:  1.80716, VaAcc: 0.3730, VaLoss:  2.56175
 77,  0 | TrAcc: 0.4501, TrLoss:  1.81779, VaAcc: 0.3622, VaLoss:  2.56650
 78,  0 | TrAcc: 0.4502, TrLoss:  1.80242, VaAcc: 0.3672, VaLoss:  2.57685
 79,  0 | TrAcc: 0.4485, TrLoss:  1.82598, VaAcc: 0.3624, VaLoss:  2.56599
 80,  0 | TrAcc: 0.4488, TrLoss:  1.81692, VaAcc: 0.3545, VaLoss:  2.59014
 81,  0 | TrAcc: 0.4484, TrLoss:  1.81570, VaAcc: 0.3599, VaLoss:  2.58254
 82,  0 | TrAcc: 0.4428, TrLoss:  1.82293, VaAcc: 0.3514, VaLoss:  2.59547
 83,  0 | TrAcc: 0.4570, TrLoss:  1.78451, VaAcc: 0.3577, VaLoss:  2.58204
 84,  0 | TrAcc: 0.4482, TrLoss:  1.79502, VaAcc: 0.3512, VaLoss:  2.58315
 85,  0 | TrAcc: 0.4564, TrLoss:  1.79973, VaAcc: 0.3510, VaLoss:  2.59414
 86,  0 | TrAcc: 0.4542, TrLoss:  1.77894, VaAcc: 0.3599, VaLoss:  2.57785
 87,  0 | TrAcc: 0.4635, TrLoss:  1.78043, VaAcc: 0.3579, VaLoss:  2.58259
 88,  0 | TrAcc: 0.4607, TrLoss:  1.77065, VaAcc: 0.3637, VaLoss:  2.57492
 89,  0 | TrAcc: 0.4516, TrLoss:  1.79916, VaAcc: 0.3603, VaLoss:  2.58136
 90,  0 | TrAcc: 0.4506, TrLoss:  1.79631, VaAcc: 0.3663, VaLoss:  2.58820
 91,  0 | TrAcc: 0.4499, TrLoss:  1.80179, VaAcc: 0.3696, VaLoss:  2.57631
 92,  0 | TrAcc: 0.4580, TrLoss:  1.79696, VaAcc: 0.3624, VaLoss:  2.57957
 93,  0 | TrAcc: 0.4569, TrLoss:  1.78304, VaAcc: 0.3683, VaLoss:  2.57834
 94,  0 | TrAcc: 0.4578, TrLoss:  1.78243, VaAcc: 0.3601, VaLoss:  2.58760
 95,  0 | TrAcc: 0.4571, TrLoss:  1.79385, VaAcc: 0.3601, VaLoss:  2.59143
 96,  0 | TrAcc: 0.4543, TrLoss:  1.79750, VaAcc: 0.3579, VaLoss:  2.59472
 97,  0 | TrAcc: 0.4587, TrLoss:  1.78433, VaAcc: 0.3581, VaLoss:  2.58697
 98,  0 | TrAcc: 0.4553, TrLoss:  1.78304, VaAcc: 0.3551, VaLoss:  2.59273
 99,  0 | TrAcc: 0.4564, TrLoss:  1.77940, VaAcc: 0.3614, VaLoss:  2.57918
----------------------------
Final Tr Acc   :   0.45408 +- 0.00218
Final Va Acc   :   0.35813 +- 0.00323
Final Tr Loss  :   1.79827 +- 0.01640
Final Va Loss  :   2.59409 +- 0.01853

TrAcc
Run:  0 | 45.73% in epoch   89
Run:  1 | 45.66% in epoch   87
Run:  2 | 46.35% in epoch   87

VaAcc
Run:  0 | 37.65% in epoch   58
Run:  1 | 36.61% in epoch   88
Run:  2 | 37.30% in epoch   76

TeAcc
Run:  0 | 35.37% in epoch   58
Run:  1 | 33.90% in epoch   88
Run:  2 | 33.66% in epoch   76
(3, 100)
