{'learning_rate': 0.02, 'mode': {'max_epochs': 100, 'min_error': 0, 'name': 'classic'}, 'batchnorm': {'type': 'none', 'momentum': 0.98, 'tau': 5, 'modes': []}, 'learning_rate_tau': 10000, 'task_id': 25}
{'te': {'minibatch_size': 500, 'minibatch_mode': False, 'max_truncation': 0, 'in_seq_len': 40}, 'tr': {'minibatch_size': 1000, 'minibatch_mode': True, 'max_truncation': 0, 'in_seq_len': 40}, 'remove_bias': False, 'va': {'minibatch_size': 500, 'minibatch_mode': False, 'max_truncation': 0, 'in_seq_len': 40}, 'dataset': 'timit'}
{'layer_configs': [{'layer_type': 'input'}, {'layer_type': 'lstm', 'init_config': {'i': {'w': 'xavier', 'b': 'all_zero'}, 'f': {'w': 'xavier', 'b': 'all_one'}, 'c': {'w': 'xavier', 'b': 'all_zero'}, 'o': {'w': 'xavier', 'b': 'all_zero'}}, 'regularization': {'mode': 'none', 'state_zo_prob': 0.05, 'output_zo_prob': 0.01}, 'var_scope': 'lstm_0'}, {'layer_type': 'lstm', 'init_config': {'c': {'b': 'all_zero', 'w': 'xavier'}, 'f': {'b': 'all_one', 'w': 'xavier'}, 'i': {'b': 'all_zero', 'w': 'xavier'}, 'o': {'b': 'all_zero', 'w': 'xavier'}}, 'regularization': {'mode': 'none', 'state_zo_prob': 0.05, 'output_zo_prob': 0.01}, 'var_scope': 'lstm_1'}, {'layer_type': 'fc', 'init_config': {'b': 'all_zero', 'w': 'xavier'}, 'regularization': {'strength': 0.0, 'mode': 'l2'}, 'var_scope': 'output_layer'}], 'weight_type': 'ternary', 'n_bins': 2.0, 'layout': [13, 70, 100, 60], 'discrete_acts': ['c', 'o'], 'gradient_clip_value': 0.5, 'output_type': 'classification'}
{'calc_performance_every': 1, 'include_pred': False, 'include_out': False, 'save_model': {'enabled': False, 'path': '../tr_models/m_model25'}}

=============================
CONFIG FILE

RNN CONFIG
{'batchnorm': {'modes': [], 'momentum': 0.98, 'tau': 5, 'type': 'none'},
 'learning_rate': 0.02,
 'learning_rate_tau': 10000,
 'mode': {'max_epochs': 100, 'min_error': 0, 'name': 'classic'},
 'task_id': 25}

DATA CONFIG
{'dataset': 'timit',
 'remove_bias': False,
 'te': {'in_seq_len': 40,
        'max_truncation': 0,
        'minibatch_mode': False,
        'minibatch_size': 500},
 'tr': {'in_seq_len': 40,
        'max_truncation': 0,
        'minibatch_mode': True,
        'minibatch_size': 1000},
 'va': {'in_seq_len': 40,
        'max_truncation': 0,
        'minibatch_mode': False,
        'minibatch_size': 500}}

TRAINING CONFIG
{'discrete_acts': ['c', 'o'],
 'gradient_clip_value': 0.5,
 'layer_configs': [{'layer_type': 'input'},
                   {'init_config': {'c': {'b': 'all_zero', 'w': 'xavier'},
                                    'f': {'b': 'all_one', 'w': 'xavier'},
                                    'i': {'b': 'all_zero', 'w': 'xavier'},
                                    'o': {'b': 'all_zero', 'w': 'xavier'}},
                    'layer_type': 'lstm',
                    'regularization': {'mode': 'none',
                                       'output_zo_prob': 0.01,
                                       'state_zo_prob': 0.05},
                    'var_scope': 'lstm_0'},
                   {'init_config': {'c': {'b': 'all_zero', 'w': 'xavier'},
                                    'f': {'b': 'all_one', 'w': 'xavier'},
                                    'i': {'b': 'all_zero', 'w': 'xavier'},
                                    'o': {'b': 'all_zero', 'w': 'xavier'}},
                    'layer_type': 'lstm',
                    'regularization': {'mode': 'none',
                                       'output_zo_prob': 0.01,
                                       'state_zo_prob': 0.05},
                    'var_scope': 'lstm_1'},
                   {'init_config': {'b': 'all_zero', 'w': 'xavier'},
                    'layer_type': 'fc',
                    'regularization': {'mode': 'l2', 'strength': 0.0},
                    'var_scope': 'output_layer'}],
 'layout': [13, 70, 100, 60],
 'n_bins': 2.0,
 'output_type': 'classification',
 'weight_type': 'ternary'}
==============================


  0,  0 | TrAcc: 0.0145, TrLoss:  4.57798, VaAcc: 0.0149, VaLoss:  4.59462
  1,  0 | TrAcc: 0.2846, TrLoss:  2.62601, VaAcc: 0.2531, VaLoss:  2.83336
  2,  0 | TrAcc: 0.3298, TrLoss:  2.37663, VaAcc: 0.2896, VaLoss:  2.68867
  3,  0 | TrAcc: 0.3582, TrLoss:  2.21594, VaAcc: 0.3057, VaLoss:  2.58389
  4,  0 | TrAcc: 0.3861, TrLoss:  2.09734, VaAcc: 0.3368, VaLoss:  2.50102
  5,  0 | TrAcc: 0.3986, TrLoss:  2.05666, VaAcc: 0.3456, VaLoss:  2.49819
  6,  0 | TrAcc: 0.4049, TrLoss:  2.01192, VaAcc: 0.3486, VaLoss:  2.47732
  7,  0 | TrAcc: 0.4150, TrLoss:  1.97408, VaAcc: 0.3596, VaLoss:  2.47714
  8,  0 | TrAcc: 0.4286, TrLoss:  1.93339, VaAcc: 0.3588, VaLoss:  2.47251
  9,  0 | TrAcc: 0.4218, TrLoss:  1.93037, VaAcc: 0.3726, VaLoss:  2.45133
 10,  0 | TrAcc: 0.4247, TrLoss:  1.92080, VaAcc: 0.3622, VaLoss:  2.46791
 11,  0 | TrAcc: 0.4378, TrLoss:  1.88443, VaAcc: 0.3659, VaLoss:  2.45913
 12,  0 | TrAcc: 0.4379, TrLoss:  1.87043, VaAcc: 0.3724, VaLoss:  2.43087
 13,  0 | TrAcc: 0.4401, TrLoss:  1.86638, VaAcc: 0.3756, VaLoss:  2.47152
 14,  0 | TrAcc: 0.4426, TrLoss:  1.85723, VaAcc: 0.3771, VaLoss:  2.45696
 15,  0 | TrAcc: 0.4496, TrLoss:  1.82754, VaAcc: 0.3842, VaLoss:  2.42956
 16,  0 | TrAcc: 0.4466, TrLoss:  1.83936, VaAcc: 0.3836, VaLoss:  2.45230
 17,  0 | TrAcc: 0.4464, TrLoss:  1.80416, VaAcc: 0.3853, VaLoss:  2.45014
 18,  0 | TrAcc: 0.4522, TrLoss:  1.79941, VaAcc: 0.3730, VaLoss:  2.45024
 19,  0 | TrAcc: 0.4565, TrLoss:  1.77991, VaAcc: 0.3812, VaLoss:  2.45789
 20,  0 | TrAcc: 0.4528, TrLoss:  1.78556, VaAcc: 0.3771, VaLoss:  2.44252
 21,  0 | TrAcc: 0.4575, TrLoss:  1.78319, VaAcc: 0.3853, VaLoss:  2.44884
 22,  0 | TrAcc: 0.4602, TrLoss:  1.75855, VaAcc: 0.3814, VaLoss:  2.45586
 23,  0 | TrAcc: 0.4609, TrLoss:  1.75919, VaAcc: 0.3941, VaLoss:  2.42807
 24,  0 | TrAcc: 0.4666, TrLoss:  1.74630, VaAcc: 0.3870, VaLoss:  2.44401
 25,  0 | TrAcc: 0.4771, TrLoss:  1.73444, VaAcc: 0.3965, VaLoss:  2.42625
 26,  0 | TrAcc: 0.4676, TrLoss:  1.75397, VaAcc: 0.3788, VaLoss:  2.45970
 27,  0 | TrAcc: 0.4756, TrLoss:  1.71702, VaAcc: 0.3859, VaLoss:  2.45458
 28,  0 | TrAcc: 0.4776, TrLoss:  1.71677, VaAcc: 0.3885, VaLoss:  2.44294
 29,  0 | TrAcc: 0.4684, TrLoss:  1.74071, VaAcc: 0.3849, VaLoss:  2.46048
 30,  0 | TrAcc: 0.4737, TrLoss:  1.71982, VaAcc: 0.3956, VaLoss:  2.44889
 31,  0 | TrAcc: 0.4664, TrLoss:  1.72661, VaAcc: 0.3991, VaLoss:  2.43532
 32,  0 | TrAcc: 0.4812, TrLoss:  1.70308, VaAcc: 0.3890, VaLoss:  2.45486
 33,  0 | TrAcc: 0.4784, TrLoss:  1.71679, VaAcc: 0.3922, VaLoss:  2.46365
 34,  0 | TrAcc: 0.4763, TrLoss:  1.70856, VaAcc: 0.3896, VaLoss:  2.44632
 35,  0 | TrAcc: 0.4769, TrLoss:  1.70258, VaAcc: 0.4028, VaLoss:  2.42933
 36,  0 | TrAcc: 0.4795, TrLoss:  1.70025, VaAcc: 0.3976, VaLoss:  2.45427
 37,  0 | TrAcc: 0.4754, TrLoss:  1.69908, VaAcc: 0.4015, VaLoss:  2.44029
 38,  0 | TrAcc: 0.4721, TrLoss:  1.70833, VaAcc: 0.3922, VaLoss:  2.47089
 39,  0 | TrAcc: 0.4788, TrLoss:  1.70436, VaAcc: 0.3995, VaLoss:  2.45150
 40,  0 | TrAcc: 0.4847, TrLoss:  1.67928, VaAcc: 0.4000, VaLoss:  2.44029
 41,  0 | TrAcc: 0.4750, TrLoss:  1.71796, VaAcc: 0.3928, VaLoss:  2.46070
 42,  0 | TrAcc: 0.4846, TrLoss:  1.67599, VaAcc: 0.3976, VaLoss:  2.46144
 43,  0 | TrAcc: 0.4824, TrLoss:  1.67569, VaAcc: 0.4006, VaLoss:  2.43717
 44,  0 | TrAcc: 0.4878, TrLoss:  1.66222, VaAcc: 0.3987, VaLoss:  2.44292
 45,  0 | TrAcc: 0.4892, TrLoss:  1.65980, VaAcc: 0.3965, VaLoss:  2.44803
 46,  0 | TrAcc: 0.4882, TrLoss:  1.65376, VaAcc: 0.4004, VaLoss:  2.44744
 47,  0 | TrAcc: 0.4937, TrLoss:  1.66110, VaAcc: 0.3948, VaLoss:  2.42904
 48,  0 | TrAcc: 0.4865, TrLoss:  1.65838, VaAcc: 0.4071, VaLoss:  2.44193
 49,  0 | TrAcc: 0.4863, TrLoss:  1.65094, VaAcc: 0.4013, VaLoss:  2.44037
 50,  0 | TrAcc: 0.4952, TrLoss:  1.64277, VaAcc: 0.4002, VaLoss:  2.47003
 51,  0 | TrAcc: 0.4962, TrLoss:  1.64575, VaAcc: 0.3928, VaLoss:  2.45158
 52,  0 | TrAcc: 0.4965, TrLoss:  1.63625, VaAcc: 0.3974, VaLoss:  2.45349
 53,  0 | TrAcc: 0.4937, TrLoss:  1.64107, VaAcc: 0.3978, VaLoss:  2.46179
 54,  0 | TrAcc: 0.4924, TrLoss:  1.64315, VaAcc: 0.3853, VaLoss:  2.47674
 55,  0 | TrAcc: 0.4927, TrLoss:  1.64671, VaAcc: 0.3894, VaLoss:  2.47832
 56,  0 | TrAcc: 0.4976, TrLoss:  1.62942, VaAcc: 0.3991, VaLoss:  2.46502
 57,  0 | TrAcc: 0.4865, TrLoss:  1.64016, VaAcc: 0.4045, VaLoss:  2.44729
 58,  0 | TrAcc: 0.4915, TrLoss:  1.63737, VaAcc: 0.3995, VaLoss:  2.46779
 59,  0 | TrAcc: 0.4920, TrLoss:  1.63801, VaAcc: 0.4006, VaLoss:  2.47110
 60,  0 | TrAcc: 0.4882, TrLoss:  1.64493, VaAcc: 0.4023, VaLoss:  2.46025
 61,  0 | TrAcc: 0.4914, TrLoss:  1.64143, VaAcc: 0.4023, VaLoss:  2.45386
 62,  0 | TrAcc: 0.4968, TrLoss:  1.62399, VaAcc: 0.4010, VaLoss:  2.44594
 63,  0 | TrAcc: 0.4888, TrLoss:  1.64359, VaAcc: 0.4025, VaLoss:  2.45905
 64,  0 | TrAcc: 0.5059, TrLoss:  1.61289, VaAcc: 0.3967, VaLoss:  2.46081
 65,  0 | TrAcc: 0.4987, TrLoss:  1.61826, VaAcc: 0.3948, VaLoss:  2.46757
 66,  0 | TrAcc: 0.4953, TrLoss:  1.62102, VaAcc: 0.4004, VaLoss:  2.46790
 67,  0 | TrAcc: 0.5055, TrLoss:  1.60129, VaAcc: 0.3909, VaLoss:  2.46613
 68,  0 | TrAcc: 0.5035, TrLoss:  1.60583, VaAcc: 0.4034, VaLoss:  2.45755
 69,  0 | TrAcc: 0.4994, TrLoss:  1.62664, VaAcc: 0.3931, VaLoss:  2.47695
 70,  0 | TrAcc: 0.5057, TrLoss:  1.59751, VaAcc: 0.4051, VaLoss:  2.45410
 71,  0 | TrAcc: 0.5075, TrLoss:  1.58944, VaAcc: 0.4013, VaLoss:  2.46354
 72,  0 | TrAcc: 0.5004, TrLoss:  1.62269, VaAcc: 0.3928, VaLoss:  2.46411
 73,  0 | TrAcc: 0.5019, TrLoss:  1.61579, VaAcc: 0.4015, VaLoss:  2.45984
 74,  0 | TrAcc: 0.5055, TrLoss:  1.59952, VaAcc: 0.3911, VaLoss:  2.47687
 75,  0 | TrAcc: 0.5009, TrLoss:  1.59757, VaAcc: 0.3963, VaLoss:  2.46158
 76,  0 | TrAcc: 0.5057, TrLoss:  1.58684, VaAcc: 0.4028, VaLoss:  2.47182
 77,  0 | TrAcc: 0.5041, TrLoss:  1.58934, VaAcc: 0.4025, VaLoss:  2.45639
 78,  0 | TrAcc: 0.5006, TrLoss:  1.59829, VaAcc: 0.3976, VaLoss:  2.48101
 79,  0 | TrAcc: 0.5042, TrLoss:  1.59573, VaAcc: 0.4034, VaLoss:  2.47250
 80,  0 | TrAcc: 0.5065, TrLoss:  1.59234, VaAcc: 0.3924, VaLoss:  2.47124
 81,  0 | TrAcc: 0.5073, TrLoss:  1.59439, VaAcc: 0.4101, VaLoss:  2.46259
 82,  0 | TrAcc: 0.5017, TrLoss:  1.59811, VaAcc: 0.3896, VaLoss:  2.47618
 83,  0 | TrAcc: 0.5032, TrLoss:  1.59257, VaAcc: 0.3881, VaLoss:  2.48633
 84,  0 | TrAcc: 0.5040, TrLoss:  1.61236, VaAcc: 0.3948, VaLoss:  2.48114
 85,  0 | TrAcc: 0.5066, TrLoss:  1.58864, VaAcc: 0.3980, VaLoss:  2.48457
 86,  0 | TrAcc: 0.5089, TrLoss:  1.58517, VaAcc: 0.3935, VaLoss:  2.46862
 87,  0 | TrAcc: 0.5137, TrLoss:  1.57818, VaAcc: 0.4073, VaLoss:  2.46130
 88,  0 | TrAcc: 0.5003, TrLoss:  1.59023, VaAcc: 0.4041, VaLoss:  2.46673
 89,  0 | TrAcc: 0.5092, TrLoss:  1.57402, VaAcc: 0.4028, VaLoss:  2.46658
 90,  0 | TrAcc: 0.5092, TrLoss:  1.57434, VaAcc: 0.3911, VaLoss:  2.48111
 91,  0 | TrAcc: 0.5055, TrLoss:  1.58639, VaAcc: 0.3933, VaLoss:  2.48246
 92,  0 | TrAcc: 0.5073, TrLoss:  1.58159, VaAcc: 0.3991, VaLoss:  2.48576
 93,  0 | TrAcc: 0.5116, TrLoss:  1.57264, VaAcc: 0.3997, VaLoss:  2.47627
 94,  0 | TrAcc: 0.5078, TrLoss:  1.58312, VaAcc: 0.3907, VaLoss:  2.49479
 95,  0 | TrAcc: 0.5113, TrLoss:  1.56569, VaAcc: 0.3963, VaLoss:  2.48342
 96,  0 | TrAcc: 0.5077, TrLoss:  1.56137, VaAcc: 0.4017, VaLoss:  2.48955
 97,  0 | TrAcc: 0.5026, TrLoss:  1.59680, VaAcc: 0.3995, VaLoss:  2.50571
 98,  0 | TrAcc: 0.5110, TrLoss:  1.58104, VaAcc: 0.3935, VaLoss:  2.48214
 99,  0 | TrAcc: 0.5093, TrLoss:  1.57452, VaAcc: 0.4030, VaLoss:  2.48605

=============================
CONFIG FILE

RNN CONFIG
{'batchnorm': {'modes': [], 'momentum': 0.98, 'tau': 5, 'type': 'none'},
 'learning_rate': 0.02,
 'learning_rate_tau': 10000,
 'mode': {'max_epochs': 100, 'min_error': 0, 'name': 'classic'},
 'task_id': 25}

DATA CONFIG
{'dataset': 'timit',
 'remove_bias': False,
 'te': {'in_seq_len': 40,
        'max_truncation': 0,
        'minibatch_mode': False,
        'minibatch_size': 500},
 'tr': {'in_seq_len': 40,
        'max_truncation': 0,
        'minibatch_mode': True,
        'minibatch_size': 1000},
 'va': {'in_seq_len': 40,
        'max_truncation': 0,
        'minibatch_mode': False,
        'minibatch_size': 500}}

TRAINING CONFIG
{'discrete_acts': ['c', 'o'],
 'gradient_clip_value': 0.5,
 'layer_configs': [{'layer_type': 'input'},
                   {'init_config': {'c': {'b': 'all_zero', 'w': 'xavier'},
                                    'f': {'b': 'all_one', 'w': 'xavier'},
                                    'i': {'b': 'all_zero', 'w': 'xavier'},
                                    'o': {'b': 'all_zero', 'w': 'xavier'}},
                    'layer_type': 'lstm',
                    'regularization': {'mode': 'none',
                                       'output_zo_prob': 0.01,
                                       'state_zo_prob': 0.05},
                    'var_scope': 'lstm_0'},
                   {'init_config': {'c': {'b': 'all_zero', 'w': 'xavier'},
                                    'f': {'b': 'all_one', 'w': 'xavier'},
                                    'i': {'b': 'all_zero', 'w': 'xavier'},
                                    'o': {'b': 'all_zero', 'w': 'xavier'}},
                    'layer_type': 'lstm',
                    'regularization': {'mode': 'none',
                                       'output_zo_prob': 0.01,
                                       'state_zo_prob': 0.05},
                    'var_scope': 'lstm_1'},
                   {'init_config': {'b': 'all_zero', 'w': 'xavier'},
                    'layer_type': 'fc',
                    'regularization': {'mode': 'l2', 'strength': 0.0},
                    'var_scope': 'output_layer'}],
 'layout': [13, 70, 100, 60],
 'n_bins': 2.0,
 'output_type': 'classification',
 'weight_type': 'ternary'}
==============================


  0,  0 | TrAcc: 0.0150, TrLoss:  4.56694, VaAcc: 0.0201, VaLoss:  4.57236
  1,  0 | TrAcc: 0.3071, TrLoss:  2.53903, VaAcc: 0.2602, VaLoss:  2.77942
  2,  0 | TrAcc: 0.3460, TrLoss:  2.29443, VaAcc: 0.3001, VaLoss:  2.60994
  3,  0 | TrAcc: 0.3607, TrLoss:  2.20170, VaAcc: 0.3064, VaLoss:  2.57612
  4,  0 | TrAcc: 0.3865, TrLoss:  2.08535, VaAcc: 0.3262, VaLoss:  2.52497
  5,  0 | TrAcc: 0.3946, TrLoss:  2.05606, VaAcc: 0.3372, VaLoss:  2.51698
  6,  0 | TrAcc: 0.4050, TrLoss:  2.00200, VaAcc: 0.3588, VaLoss:  2.47360
  7,  0 | TrAcc: 0.4141, TrLoss:  1.96146, VaAcc: 0.3542, VaLoss:  2.47478
  8,  0 | TrAcc: 0.4177, TrLoss:  1.96703, VaAcc: 0.3586, VaLoss:  2.47161
  9,  0 | TrAcc: 0.4238, TrLoss:  1.92396, VaAcc: 0.3551, VaLoss:  2.47637
 10,  0 | TrAcc: 0.4235, TrLoss:  1.90709, VaAcc: 0.3618, VaLoss:  2.45643
 11,  0 | TrAcc: 0.4408, TrLoss:  1.86445, VaAcc: 0.3771, VaLoss:  2.43759
 12,  0 | TrAcc: 0.4368, TrLoss:  1.86010, VaAcc: 0.3639, VaLoss:  2.45243
 13,  0 | TrAcc: 0.4456, TrLoss:  1.83048, VaAcc: 0.3767, VaLoss:  2.43368
 14,  0 | TrAcc: 0.4399, TrLoss:  1.83723, VaAcc: 0.3749, VaLoss:  2.44536
 15,  0 | TrAcc: 0.4448, TrLoss:  1.81787, VaAcc: 0.3773, VaLoss:  2.42229
 16,  0 | TrAcc: 0.4517, TrLoss:  1.81012, VaAcc: 0.3747, VaLoss:  2.42182
 17,  0 | TrAcc: 0.4544, TrLoss:  1.79852, VaAcc: 0.3745, VaLoss:  2.43108
 18,  0 | TrAcc: 0.4562, TrLoss:  1.78227, VaAcc: 0.3840, VaLoss:  2.41550
 19,  0 | TrAcc: 0.4574, TrLoss:  1.78749, VaAcc: 0.3743, VaLoss:  2.43807
 20,  0 | TrAcc: 0.4639, TrLoss:  1.75530, VaAcc: 0.3737, VaLoss:  2.42562
 21,  0 | TrAcc: 0.4615, TrLoss:  1.76763, VaAcc: 0.3855, VaLoss:  2.42467
 22,  0 | TrAcc: 0.4651, TrLoss:  1.75021, VaAcc: 0.3775, VaLoss:  2.42632
 23,  0 | TrAcc: 0.4675, TrLoss:  1.75045, VaAcc: 0.3806, VaLoss:  2.43056
 24,  0 | TrAcc: 0.4638, TrLoss:  1.75743, VaAcc: 0.3836, VaLoss:  2.43481
 25,  0 | TrAcc: 0.4704, TrLoss:  1.73610, VaAcc: 0.3829, VaLoss:  2.42746
 26,  0 | TrAcc: 0.4678, TrLoss:  1.73149, VaAcc: 0.3782, VaLoss:  2.44050
 27,  0 | TrAcc: 0.4717, TrLoss:  1.72446, VaAcc: 0.3898, VaLoss:  2.42014
 28,  0 | TrAcc: 0.4751, TrLoss:  1.71203, VaAcc: 0.3825, VaLoss:  2.42712
 29,  0 | TrAcc: 0.4727, TrLoss:  1.71338, VaAcc: 0.3777, VaLoss:  2.43692
 30,  0 | TrAcc: 0.4762, TrLoss:  1.70396, VaAcc: 0.3887, VaLoss:  2.42911
 31,  0 | TrAcc: 0.4734, TrLoss:  1.70351, VaAcc: 0.3924, VaLoss:  2.42843
 32,  0 | TrAcc: 0.4704, TrLoss:  1.73152, VaAcc: 0.3933, VaLoss:  2.43848
 33,  0 | TrAcc: 0.4803, TrLoss:  1.69124, VaAcc: 0.3728, VaLoss:  2.42678
 34,  0 | TrAcc: 0.4789, TrLoss:  1.70601, VaAcc: 0.3784, VaLoss:  2.44573
 35,  0 | TrAcc: 0.4847, TrLoss:  1.68039, VaAcc: 0.3842, VaLoss:  2.43950
 36,  0 | TrAcc: 0.4825, TrLoss:  1.68299, VaAcc: 0.3935, VaLoss:  2.43117
 37,  0 | TrAcc: 0.4852, TrLoss:  1.67734, VaAcc: 0.3786, VaLoss:  2.44268
 38,  0 | TrAcc: 0.4771, TrLoss:  1.68882, VaAcc: 0.3915, VaLoss:  2.42658
 39,  0 | TrAcc: 0.4808, TrLoss:  1.68279, VaAcc: 0.3827, VaLoss:  2.43474
 40,  0 | TrAcc: 0.4858, TrLoss:  1.68047, VaAcc: 0.3898, VaLoss:  2.44068
 41,  0 | TrAcc: 0.4887, TrLoss:  1.66362, VaAcc: 0.4010, VaLoss:  2.42955
 42,  0 | TrAcc: 0.4833, TrLoss:  1.68543, VaAcc: 0.3937, VaLoss:  2.43593
 43,  0 | TrAcc: 0.4816, TrLoss:  1.67840, VaAcc: 0.3829, VaLoss:  2.44021
 44,  0 | TrAcc: 0.4926, TrLoss:  1.64944, VaAcc: 0.3875, VaLoss:  2.43714
 45,  0 | TrAcc: 0.4953, TrLoss:  1.64326, VaAcc: 0.3853, VaLoss:  2.44131
 46,  0 | TrAcc: 0.4993, TrLoss:  1.63452, VaAcc: 0.3851, VaLoss:  2.44467
 47,  0 | TrAcc: 0.4900, TrLoss:  1.65954, VaAcc: 0.3840, VaLoss:  2.45651
 48,  0 | TrAcc: 0.4860, TrLoss:  1.64524, VaAcc: 0.3821, VaLoss:  2.45461
 49,  0 | TrAcc: 0.4899, TrLoss:  1.66110, VaAcc: 0.3903, VaLoss:  2.45269
 50,  0 | TrAcc: 0.4940, TrLoss:  1.64563, VaAcc: 0.3851, VaLoss:  2.45698
 51,  0 | TrAcc: 0.4969, TrLoss:  1.63351, VaAcc: 0.3836, VaLoss:  2.45585
 52,  0 | TrAcc: 0.5005, TrLoss:  1.63279, VaAcc: 0.3799, VaLoss:  2.45950
 53,  0 | TrAcc: 0.4951, TrLoss:  1.62694, VaAcc: 0.3883, VaLoss:  2.44661
 54,  0 | TrAcc: 0.5022, TrLoss:  1.61097, VaAcc: 0.3786, VaLoss:  2.46113
 55,  0 | TrAcc: 0.4984, TrLoss:  1.62165, VaAcc: 0.3812, VaLoss:  2.45551
 56,  0 | TrAcc: 0.5014, TrLoss:  1.61501, VaAcc: 0.3976, VaLoss:  2.45322
 57,  0 | TrAcc: 0.4957, TrLoss:  1.64202, VaAcc: 0.3913, VaLoss:  2.46046
 58,  0 | TrAcc: 0.4901, TrLoss:  1.64457, VaAcc: 0.3922, VaLoss:  2.45330
 59,  0 | TrAcc: 0.5003, TrLoss:  1.61376, VaAcc: 0.3859, VaLoss:  2.45361
 60,  0 | TrAcc: 0.5007, TrLoss:  1.61513, VaAcc: 0.3808, VaLoss:  2.46697
 61,  0 | TrAcc: 0.4930, TrLoss:  1.62952, VaAcc: 0.3821, VaLoss:  2.45569
 62,  0 | TrAcc: 0.5023, TrLoss:  1.60162, VaAcc: 0.3931, VaLoss:  2.46524
 63,  0 | TrAcc: 0.4988, TrLoss:  1.61437, VaAcc: 0.3771, VaLoss:  2.47145
 64,  0 | TrAcc: 0.4957, TrLoss:  1.61692, VaAcc: 0.3806, VaLoss:  2.46761
 65,  0 | TrAcc: 0.4954, TrLoss:  1.64236, VaAcc: 0.3741, VaLoss:  2.48273
 66,  0 | TrAcc: 0.5075, TrLoss:  1.59468, VaAcc: 0.3920, VaLoss:  2.46420
 67,  0 | TrAcc: 0.4950, TrLoss:  1.61867, VaAcc: 0.3935, VaLoss:  2.46502
 68,  0 | TrAcc: 0.4981, TrLoss:  1.60740, VaAcc: 0.3840, VaLoss:  2.47173
 69,  0 | TrAcc: 0.5055, TrLoss:  1.59924, VaAcc: 0.3855, VaLoss:  2.46066
 70,  0 | TrAcc: 0.5064, TrLoss:  1.59311, VaAcc: 0.3872, VaLoss:  2.47527
 71,  0 | TrAcc: 0.5032, TrLoss:  1.60514, VaAcc: 0.3803, VaLoss:  2.47735
 72,  0 | TrAcc: 0.5034, TrLoss:  1.61309, VaAcc: 0.3857, VaLoss:  2.48278
 73,  0 | TrAcc: 0.4946, TrLoss:  1.61518, VaAcc: 0.3717, VaLoss:  2.46393
 74,  0 | TrAcc: 0.5045, TrLoss:  1.60342, VaAcc: 0.3840, VaLoss:  2.47859
 75,  0 | TrAcc: 0.4982, TrLoss:  1.60806, VaAcc: 0.3829, VaLoss:  2.47888
 76,  0 | TrAcc: 0.5044, TrLoss:  1.60367, VaAcc: 0.3797, VaLoss:  2.46772
 77,  0 | TrAcc: 0.5025, TrLoss:  1.60860, VaAcc: 0.3909, VaLoss:  2.47169
 78,  0 | TrAcc: 0.4996, TrLoss:  1.61142, VaAcc: 0.3855, VaLoss:  2.47278
 79,  0 | TrAcc: 0.5033, TrLoss:  1.59401, VaAcc: 0.4002, VaLoss:  2.47283
 80,  0 | TrAcc: 0.5072, TrLoss:  1.59859, VaAcc: 0.3915, VaLoss:  2.47773
 81,  0 | TrAcc: 0.5067, TrLoss:  1.58213, VaAcc: 0.3812, VaLoss:  2.48316
 82,  0 | TrAcc: 0.5020, TrLoss:  1.59491, VaAcc: 0.3810, VaLoss:  2.48715
 83,  0 | TrAcc: 0.4977, TrLoss:  1.61504, VaAcc: 0.3827, VaLoss:  2.49217
 84,  0 | TrAcc: 0.4985, TrLoss:  1.60558, VaAcc: 0.3788, VaLoss:  2.48420
 85,  0 | TrAcc: 0.5052, TrLoss:  1.59415, VaAcc: 0.3937, VaLoss:  2.46897
 86,  0 | TrAcc: 0.5077, TrLoss:  1.59355, VaAcc: 0.3900, VaLoss:  2.47267
 87,  0 | TrAcc: 0.5168, TrLoss:  1.57478, VaAcc: 0.3788, VaLoss:  2.48646
 88,  0 | TrAcc: 0.5067, TrLoss:  1.58919, VaAcc: 0.3864, VaLoss:  2.48262
 89,  0 | TrAcc: 0.5107, TrLoss:  1.57869, VaAcc: 0.3978, VaLoss:  2.48100
 90,  0 | TrAcc: 0.5164, TrLoss:  1.57096, VaAcc: 0.3974, VaLoss:  2.49349
 91,  0 | TrAcc: 0.5100, TrLoss:  1.57387, VaAcc: 0.3775, VaLoss:  2.48618
 92,  0 | TrAcc: 0.4998, TrLoss:  1.60942, VaAcc: 0.3844, VaLoss:  2.48989
 93,  0 | TrAcc: 0.5079, TrLoss:  1.58939, VaAcc: 0.3765, VaLoss:  2.49863
 94,  0 | TrAcc: 0.5071, TrLoss:  1.58747, VaAcc: 0.3894, VaLoss:  2.47163
 95,  0 | TrAcc: 0.5082, TrLoss:  1.58105, VaAcc: 0.3984, VaLoss:  2.47106
 96,  0 | TrAcc: 0.5046, TrLoss:  1.59863, VaAcc: 0.3821, VaLoss:  2.48744
 97,  0 | TrAcc: 0.5010, TrLoss:  1.60170, VaAcc: 0.3859, VaLoss:  2.50364
 98,  0 | TrAcc: 0.5157, TrLoss:  1.57093, VaAcc: 0.3948, VaLoss:  2.48226
 99,  0 | TrAcc: 0.5185, TrLoss:  1.54386, VaAcc: 0.3967, VaLoss:  2.47711

=============================
CONFIG FILE

RNN CONFIG
{'batchnorm': {'modes': [], 'momentum': 0.98, 'tau': 5, 'type': 'none'},
 'learning_rate': 0.02,
 'learning_rate_tau': 10000,
 'mode': {'max_epochs': 100, 'min_error': 0, 'name': 'classic'},
 'task_id': 25}

DATA CONFIG
{'dataset': 'timit',
 'remove_bias': False,
 'te': {'in_seq_len': 40,
        'max_truncation': 0,
        'minibatch_mode': False,
        'minibatch_size': 500},
 'tr': {'in_seq_len': 40,
        'max_truncation': 0,
        'minibatch_mode': True,
        'minibatch_size': 1000},
 'va': {'in_seq_len': 40,
        'max_truncation': 0,
        'minibatch_mode': False,
        'minibatch_size': 500}}

TRAINING CONFIG
{'discrete_acts': ['c', 'o'],
 'gradient_clip_value': 0.5,
 'layer_configs': [{'layer_type': 'input'},
                   {'init_config': {'c': {'b': 'all_zero', 'w': 'xavier'},
                                    'f': {'b': 'all_one', 'w': 'xavier'},
                                    'i': {'b': 'all_zero', 'w': 'xavier'},
                                    'o': {'b': 'all_zero', 'w': 'xavier'}},
                    'layer_type': 'lstm',
                    'regularization': {'mode': 'none',
                                       'output_zo_prob': 0.01,
                                       'state_zo_prob': 0.05},
                    'var_scope': 'lstm_0'},
                   {'init_config': {'c': {'b': 'all_zero', 'w': 'xavier'},
                                    'f': {'b': 'all_one', 'w': 'xavier'},
                                    'i': {'b': 'all_zero', 'w': 'xavier'},
                                    'o': {'b': 'all_zero', 'w': 'xavier'}},
                    'layer_type': 'lstm',
                    'regularization': {'mode': 'none',
                                       'output_zo_prob': 0.01,
                                       'state_zo_prob': 0.05},
                    'var_scope': 'lstm_1'},
                   {'init_config': {'b': 'all_zero', 'w': 'xavier'},
                    'layer_type': 'fc',
                    'regularization': {'mode': 'l2', 'strength': 0.0},
                    'var_scope': 'output_layer'}],
 'layout': [13, 70, 100, 60],
 'n_bins': 2.0,
 'output_type': 'classification',
 'weight_type': 'ternary'}
==============================


  0,  0 | TrAcc: 0.0130, TrLoss:  4.63353, VaAcc: 0.0127, VaLoss:  4.62127
  1,  0 | TrAcc: 0.2922, TrLoss:  2.57760, VaAcc: 0.2574, VaLoss:  2.77134
  2,  0 | TrAcc: 0.3453, TrLoss:  2.30767, VaAcc: 0.2924, VaLoss:  2.64263
  3,  0 | TrAcc: 0.3705, TrLoss:  2.16582, VaAcc: 0.3165, VaLoss:  2.55420
  4,  0 | TrAcc: 0.3914, TrLoss:  2.10519, VaAcc: 0.3342, VaLoss:  2.53773
  5,  0 | TrAcc: 0.4010, TrLoss:  2.03495, VaAcc: 0.3383, VaLoss:  2.51510
  6,  0 | TrAcc: 0.4078, TrLoss:  1.98961, VaAcc: 0.3493, VaLoss:  2.49144
  7,  0 | TrAcc: 0.4121, TrLoss:  1.97184, VaAcc: 0.3428, VaLoss:  2.49504
  8,  0 | TrAcc: 0.4170, TrLoss:  1.95177, VaAcc: 0.3523, VaLoss:  2.47596
  9,  0 | TrAcc: 0.4285, TrLoss:  1.92398, VaAcc: 0.3652, VaLoss:  2.46367
 10,  0 | TrAcc: 0.4333, TrLoss:  1.90005, VaAcc: 0.3646, VaLoss:  2.45340
 11,  0 | TrAcc: 0.4321, TrLoss:  1.86935, VaAcc: 0.3652, VaLoss:  2.47065
 12,  0 | TrAcc: 0.4415, TrLoss:  1.86127, VaAcc: 0.3696, VaLoss:  2.45826
 13,  0 | TrAcc: 0.4442, TrLoss:  1.84724, VaAcc: 0.3668, VaLoss:  2.45541
 14,  0 | TrAcc: 0.4480, TrLoss:  1.82875, VaAcc: 0.3739, VaLoss:  2.44882
 15,  0 | TrAcc: 0.4461, TrLoss:  1.83364, VaAcc: 0.3639, VaLoss:  2.47024
 16,  0 | TrAcc: 0.4522, TrLoss:  1.82164, VaAcc: 0.3808, VaLoss:  2.45106
 17,  0 | TrAcc: 0.4526, TrLoss:  1.79806, VaAcc: 0.3808, VaLoss:  2.44378
 18,  0 | TrAcc: 0.4534, TrLoss:  1.79502, VaAcc: 0.3808, VaLoss:  2.44573
 19,  0 | TrAcc: 0.4547, TrLoss:  1.77617, VaAcc: 0.3730, VaLoss:  2.46511
 20,  0 | TrAcc: 0.4612, TrLoss:  1.77780, VaAcc: 0.3915, VaLoss:  2.44891
 21,  0 | TrAcc: 0.4630, TrLoss:  1.76540, VaAcc: 0.3844, VaLoss:  2.43226
 22,  0 | TrAcc: 0.4624, TrLoss:  1.76571, VaAcc: 0.3737, VaLoss:  2.45991
 23,  0 | TrAcc: 0.4626, TrLoss:  1.76852, VaAcc: 0.3838, VaLoss:  2.44619
 24,  0 | TrAcc: 0.4595, TrLoss:  1.77899, VaAcc: 0.3851, VaLoss:  2.45964
 25,  0 | TrAcc: 0.4669, TrLoss:  1.73370, VaAcc: 0.3911, VaLoss:  2.44727
 26,  0 | TrAcc: 0.4690, TrLoss:  1.72283, VaAcc: 0.3864, VaLoss:  2.45788
 27,  0 | TrAcc: 0.4687, TrLoss:  1.72964, VaAcc: 0.3907, VaLoss:  2.45502
 28,  0 | TrAcc: 0.4679, TrLoss:  1.71787, VaAcc: 0.4006, VaLoss:  2.44365
 29,  0 | TrAcc: 0.4791, TrLoss:  1.70806, VaAcc: 0.3862, VaLoss:  2.44473
 30,  0 | TrAcc: 0.4754, TrLoss:  1.71120, VaAcc: 0.4041, VaLoss:  2.42242
 31,  0 | TrAcc: 0.4727, TrLoss:  1.71393, VaAcc: 0.3956, VaLoss:  2.43693
 32,  0 | TrAcc: 0.4757, TrLoss:  1.70627, VaAcc: 0.3978, VaLoss:  2.42928
 33,  0 | TrAcc: 0.4854, TrLoss:  1.67133, VaAcc: 0.3918, VaLoss:  2.43515
 34,  0 | TrAcc: 0.4804, TrLoss:  1.68900, VaAcc: 0.3933, VaLoss:  2.43978
 35,  0 | TrAcc: 0.4857, TrLoss:  1.66895, VaAcc: 0.3939, VaLoss:  2.44102
 36,  0 | TrAcc: 0.4828, TrLoss:  1.68838, VaAcc: 0.3896, VaLoss:  2.45746
 37,  0 | TrAcc: 0.4768, TrLoss:  1.70182, VaAcc: 0.3896, VaLoss:  2.45069
 38,  0 | TrAcc: 0.4781, TrLoss:  1.69726, VaAcc: 0.3937, VaLoss:  2.44708
 39,  0 | TrAcc: 0.4826, TrLoss:  1.67685, VaAcc: 0.3974, VaLoss:  2.43444
 40,  0 | TrAcc: 0.4825, TrLoss:  1.67179, VaAcc: 0.3909, VaLoss:  2.44037
 41,  0 | TrAcc: 0.4852, TrLoss:  1.67686, VaAcc: 0.3931, VaLoss:  2.44708
 42,  0 | TrAcc: 0.4766, TrLoss:  1.70369, VaAcc: 0.3818, VaLoss:  2.46432
 43,  0 | TrAcc: 0.4819, TrLoss:  1.67854, VaAcc: 0.3877, VaLoss:  2.45960
 44,  0 | TrAcc: 0.4840, TrLoss:  1.67601, VaAcc: 0.3836, VaLoss:  2.44798
 45,  0 | TrAcc: 0.4828, TrLoss:  1.67709, VaAcc: 0.3825, VaLoss:  2.46822
 46,  0 | TrAcc: 0.4830, TrLoss:  1.68153, VaAcc: 0.3887, VaLoss:  2.45813
 47,  0 | TrAcc: 0.4910, TrLoss:  1.65892, VaAcc: 0.3745, VaLoss:  2.46519
 48,  0 | TrAcc: 0.4928, TrLoss:  1.64641, VaAcc: 0.3825, VaLoss:  2.46726
 49,  0 | TrAcc: 0.4914, TrLoss:  1.64990, VaAcc: 0.3905, VaLoss:  2.45683
 50,  0 | TrAcc: 0.4883, TrLoss:  1.66815, VaAcc: 0.3842, VaLoss:  2.45652
 51,  0 | TrAcc: 0.4919, TrLoss:  1.63941, VaAcc: 0.3823, VaLoss:  2.46203
 52,  0 | TrAcc: 0.4914, TrLoss:  1.64490, VaAcc: 0.3892, VaLoss:  2.46415
 53,  0 | TrAcc: 0.4867, TrLoss:  1.65768, VaAcc: 0.3825, VaLoss:  2.46910
 54,  0 | TrAcc: 0.4971, TrLoss:  1.63890, VaAcc: 0.3836, VaLoss:  2.45160
 55,  0 | TrAcc: 0.4888, TrLoss:  1.64264, VaAcc: 0.3879, VaLoss:  2.45062
 56,  0 | TrAcc: 0.4882, TrLoss:  1.65695, VaAcc: 0.3946, VaLoss:  2.45916
 57,  0 | TrAcc: 0.4940, TrLoss:  1.64102, VaAcc: 0.3782, VaLoss:  2.47319
 58,  0 | TrAcc: 0.4938, TrLoss:  1.64044, VaAcc: 0.3948, VaLoss:  2.46981
 59,  0 | TrAcc: 0.4893, TrLoss:  1.63858, VaAcc: 0.3913, VaLoss:  2.46606
 60,  0 | TrAcc: 0.4935, TrLoss:  1.63680, VaAcc: 0.3840, VaLoss:  2.46996
 61,  0 | TrAcc: 0.4903, TrLoss:  1.63927, VaAcc: 0.3911, VaLoss:  2.46299
 62,  0 | TrAcc: 0.4913, TrLoss:  1.62816, VaAcc: 0.3928, VaLoss:  2.46471
 63,  0 | TrAcc: 0.4958, TrLoss:  1.62182, VaAcc: 0.3844, VaLoss:  2.46759
 64,  0 | TrAcc: 0.5014, TrLoss:  1.62440, VaAcc: 0.3946, VaLoss:  2.44689
 65,  0 | TrAcc: 0.4958, TrLoss:  1.61504, VaAcc: 0.3967, VaLoss:  2.47040
 66,  0 | TrAcc: 0.5041, TrLoss:  1.59873, VaAcc: 0.3937, VaLoss:  2.45235
 67,  0 | TrAcc: 0.5082, TrLoss:  1.60090, VaAcc: 0.3898, VaLoss:  2.46035
 68,  0 | TrAcc: 0.5016, TrLoss:  1.60355, VaAcc: 0.3903, VaLoss:  2.46461
 69,  0 | TrAcc: 0.4995, TrLoss:  1.60851, VaAcc: 0.3808, VaLoss:  2.47325
 70,  0 | TrAcc: 0.4990, TrLoss:  1.61392, VaAcc: 0.4045, VaLoss:  2.45871
 71,  0 | TrAcc: 0.4960, TrLoss:  1.61911, VaAcc: 0.3834, VaLoss:  2.47718
 72,  0 | TrAcc: 0.4945, TrLoss:  1.62499, VaAcc: 0.3903, VaLoss:  2.46705
 73,  0 | TrAcc: 0.4946, TrLoss:  1.61663, VaAcc: 0.3834, VaLoss:  2.47338
 74,  0 | TrAcc: 0.5039, TrLoss:  1.59008, VaAcc: 0.3965, VaLoss:  2.46990
 75,  0 | TrAcc: 0.5042, TrLoss:  1.60376, VaAcc: 0.3905, VaLoss:  2.46155
 76,  0 | TrAcc: 0.5047, TrLoss:  1.58960, VaAcc: 0.3903, VaLoss:  2.46815
 77,  0 | TrAcc: 0.4975, TrLoss:  1.60978, VaAcc: 0.3959, VaLoss:  2.46502
 78,  0 | TrAcc: 0.5053, TrLoss:  1.60843, VaAcc: 0.3775, VaLoss:  2.47774
 79,  0 | TrAcc: 0.5003, TrLoss:  1.60467, VaAcc: 0.3905, VaLoss:  2.47352
 80,  0 | TrAcc: 0.4991, TrLoss:  1.60507, VaAcc: 0.3857, VaLoss:  2.48551
 81,  0 | TrAcc: 0.5033, TrLoss:  1.60147, VaAcc: 0.3810, VaLoss:  2.49628
 82,  0 | TrAcc: 0.4984, TrLoss:  1.60673, VaAcc: 0.3972, VaLoss:  2.48150
 83,  0 | TrAcc: 0.5021, TrLoss:  1.60280, VaAcc: 0.3855, VaLoss:  2.49640
 84,  0 | TrAcc: 0.5013, TrLoss:  1.60420, VaAcc: 0.3851, VaLoss:  2.49380
 85,  0 | TrAcc: 0.5080, TrLoss:  1.58808, VaAcc: 0.3911, VaLoss:  2.48866
 86,  0 | TrAcc: 0.5022, TrLoss:  1.60190, VaAcc: 0.3868, VaLoss:  2.49158
 87,  0 | TrAcc: 0.4997, TrLoss:  1.59403, VaAcc: 0.3911, VaLoss:  2.48294
 88,  0 | TrAcc: 0.5035, TrLoss:  1.59218, VaAcc: 0.3944, VaLoss:  2.48563
 89,  0 | TrAcc: 0.5114, TrLoss:  1.57547, VaAcc: 0.3883, VaLoss:  2.47337
 90,  0 | TrAcc: 0.5067, TrLoss:  1.58854, VaAcc: 0.3846, VaLoss:  2.48775
 91,  0 | TrAcc: 0.5050, TrLoss:  1.59139, VaAcc: 0.3849, VaLoss:  2.48297
 92,  0 | TrAcc: 0.5057, TrLoss:  1.58668, VaAcc: 0.3797, VaLoss:  2.49211
 93,  0 | TrAcc: 0.5116, TrLoss:  1.58955, VaAcc: 0.3836, VaLoss:  2.49495
 94,  0 | TrAcc: 0.5094, TrLoss:  1.57356, VaAcc: 0.3926, VaLoss:  2.49405
 95,  0 | TrAcc: 0.5086, TrLoss:  1.58626, VaAcc: 0.3982, VaLoss:  2.49120
 96,  0 | TrAcc: 0.5115, TrLoss:  1.56912, VaAcc: 0.3844, VaLoss:  2.48836
 97,  0 | TrAcc: 0.5100, TrLoss:  1.57077, VaAcc: 0.3801, VaLoss:  2.49700
 98,  0 | TrAcc: 0.5105, TrLoss:  1.58759, VaAcc: 0.3825, VaLoss:  2.50053
 99,  0 | TrAcc: 0.5148, TrLoss:  1.54983, VaAcc: 0.3872, VaLoss:  2.48245
----------------------------
Final Tr Acc   :   0.51418 +- 0.00464
Final Va Acc   :   0.39564 +- 0.00792
Final Tr Loss  :   1.55607 +- 0.01625
Final Va Loss  :   2.48187 +- 0.00450

TrAcc
Run:  0 | 51.37% in epoch   87
Run:  1 | 51.85% in epoch   99
Run:  2 | 51.48% in epoch   99

VaAcc
Run:  0 | 41.01% in epoch   81
Run:  1 | 40.10% in epoch   41
Run:  2 | 40.45% in epoch   70

TeAcc
Run:  0 | 37.51% in epoch   81
Run:  1 | 37.72% in epoch   41
Run:  2 | 37.99% in epoch   70
(3, 100)
