{'task_id': 12, 'batchnorm': {'tau': 5, 'type': 'none', 'momentum': 0.98, 'modes': []}, 'learning_rate': 0.02, 'mode': {'min_error': 0, 'max_epochs': 100, 'name': 'classic'}, 'learning_rate_tau': 10000}
{'remove_bias': False, 'tr': {'in_seq_len': 40, 'minibatch_mode': True, 'minibatch_size': 1000, 'max_truncation': 0}, 'te': {'in_seq_len': 40, 'minibatch_mode': False, 'minibatch_size': 500, 'max_truncation': 0}, 'dataset': 'timit', 'va': {'in_seq_len': 40, 'minibatch_mode': False, 'minibatch_size': 500, 'max_truncation': 0}}
{'n_bins': 2.0, 'layer_configs': [{'layer_type': 'input'}, {'regularization': {'state_zo_prob': 0.05, 'output_zo_prob': 0.01, 'mode': 'none'}, 'var_scope': 'lstm_0', 'layer_type': 'lstm', 'init_config': {'i': {'b': 'all_zero', 'w': 'xavier'}, 'c': {'b': 'all_zero', 'w': 'xavier'}, 'f': {'b': 'all_one', 'w': 'xavier'}, 'o': {'b': 'all_zero', 'w': 'xavier'}}}, {'regularization': {'state_zo_prob': 0.05, 'output_zo_prob': 0.01, 'mode': 'none'}, 'var_scope': 'lstm_1', 'init_config': {'i': {'b': 'all_zero', 'w': 'xavier'}, 'c': {'b': 'all_zero', 'w': 'xavier'}, 'o': {'b': 'all_zero', 'w': 'xavier'}, 'f': {'b': 'all_one', 'w': 'xavier'}}, 'layer_type': 'lstm'}, {'regularization': {'mode': 'l2', 'strength': 0.0}, 'var_scope': 'output_layer', 'init_config': {'b': 'all_zero', 'w': 'xavier'}, 'layer_type': 'fc'}], 'output_type': 'classification', 'gradient_clip_value': 0.5, 'layout': [13, 70, 100, 60], 'weight_type': 'ternary', 'discrete_acts': ['o']}
{'include_pred': False, 'include_out': False, 'calc_performance_every': 1, 'save_model': {'enabled': False, 'path': '../tr_models/m_model12'}}

=============================
CONFIG FILE

RNN CONFIG
{'batchnorm': {'modes': [], 'momentum': 0.98, 'tau': 5, 'type': 'none'},
 'learning_rate': 0.02,
 'learning_rate_tau': 10000,
 'mode': {'max_epochs': 100, 'min_error': 0, 'name': 'classic'},
 'task_id': 12}

DATA CONFIG
{'dataset': 'timit',
 'remove_bias': False,
 'te': {'in_seq_len': 40,
        'max_truncation': 0,
        'minibatch_mode': False,
        'minibatch_size': 500},
 'tr': {'in_seq_len': 40,
        'max_truncation': 0,
        'minibatch_mode': True,
        'minibatch_size': 1000},
 'va': {'in_seq_len': 40,
        'max_truncation': 0,
        'minibatch_mode': False,
        'minibatch_size': 500}}

TRAINING CONFIG
{'discrete_acts': ['o'],
 'gradient_clip_value': 0.5,
 'layer_configs': [{'layer_type': 'input'},
                   {'init_config': {'c': {'b': 'all_zero', 'w': 'xavier'},
                                    'f': {'b': 'all_one', 'w': 'xavier'},
                                    'i': {'b': 'all_zero', 'w': 'xavier'},
                                    'o': {'b': 'all_zero', 'w': 'xavier'}},
                    'layer_type': 'lstm',
                    'regularization': {'mode': 'none',
                                       'output_zo_prob': 0.01,
                                       'state_zo_prob': 0.05},
                    'var_scope': 'lstm_0'},
                   {'init_config': {'c': {'b': 'all_zero', 'w': 'xavier'},
                                    'f': {'b': 'all_one', 'w': 'xavier'},
                                    'i': {'b': 'all_zero', 'w': 'xavier'},
                                    'o': {'b': 'all_zero', 'w': 'xavier'}},
                    'layer_type': 'lstm',
                    'regularization': {'mode': 'none',
                                       'output_zo_prob': 0.01,
                                       'state_zo_prob': 0.05},
                    'var_scope': 'lstm_1'},
                   {'init_config': {'b': 'all_zero', 'w': 'xavier'},
                    'layer_type': 'fc',
                    'regularization': {'mode': 'l2', 'strength': 0.0},
                    'var_scope': 'output_layer'}],
 'layout': [13, 70, 100, 60],
 'n_bins': 2.0,
 'output_type': 'classification',
 'weight_type': 'ternary'}
==============================


  0,  0 | TrAcc: 0.0153, TrLoss:  4.55921, VaAcc: 0.0127, VaLoss:  4.54871
  1,  0 | TrAcc: 0.2531, TrLoss:  2.78503, VaAcc: 0.2139, VaLoss:  2.97498
  2,  0 | TrAcc: 0.3058, TrLoss:  2.46108, VaAcc: 0.2602, VaLoss:  2.77535
  3,  0 | TrAcc: 0.3237, TrLoss:  2.37134, VaAcc: 0.2715, VaLoss:  2.74786
  4,  0 | TrAcc: 0.3269, TrLoss:  2.33913, VaAcc: 0.2730, VaLoss:  2.73709
  5,  0 | TrAcc: 0.3425, TrLoss:  2.26432, VaAcc: 0.2790, VaLoss:  2.68963
  6,  0 | TrAcc: 0.3472, TrLoss:  2.23641, VaAcc: 0.3023, VaLoss:  2.68058
  7,  0 | TrAcc: 0.3575, TrLoss:  2.18197, VaAcc: 0.2896, VaLoss:  2.68996
  8,  0 | TrAcc: 0.3595, TrLoss:  2.15156, VaAcc: 0.3062, VaLoss:  2.63847
  9,  0 | TrAcc: 0.3810, TrLoss:  2.09656, VaAcc: 0.3105, VaLoss:  2.62854
 10,  0 | TrAcc: 0.3733, TrLoss:  2.12751, VaAcc: 0.2928, VaLoss:  2.67555
 11,  0 | TrAcc: 0.3790, TrLoss:  2.07855, VaAcc: 0.3165, VaLoss:  2.62959
 12,  0 | TrAcc: 0.3899, TrLoss:  2.04081, VaAcc: 0.3167, VaLoss:  2.60933
 13,  0 | TrAcc: 0.3942, TrLoss:  2.02334, VaAcc: 0.3387, VaLoss:  2.59700
 14,  0 | TrAcc: 0.3924, TrLoss:  2.02974, VaAcc: 0.3277, VaLoss:  2.61521
 15,  0 | TrAcc: 0.3847, TrLoss:  2.03757, VaAcc: 0.3277, VaLoss:  2.60313
 16,  0 | TrAcc: 0.3978, TrLoss:  2.00455, VaAcc: 0.3303, VaLoss:  2.61157
 17,  0 | TrAcc: 0.4003, TrLoss:  1.98725, VaAcc: 0.3221, VaLoss:  2.61701
 18,  0 | TrAcc: 0.3926, TrLoss:  2.02409, VaAcc: 0.3213, VaLoss:  2.63601
 19,  0 | TrAcc: 0.3888, TrLoss:  2.03232, VaAcc: 0.3116, VaLoss:  2.64535
 20,  0 | TrAcc: 0.4039, TrLoss:  1.97651, VaAcc: 0.3256, VaLoss:  2.61054
 21,  0 | TrAcc: 0.4069, TrLoss:  1.97143, VaAcc: 0.3223, VaLoss:  2.63620
 22,  0 | TrAcc: 0.4091, TrLoss:  1.97174, VaAcc: 0.3230, VaLoss:  2.62870
 23,  0 | TrAcc: 0.4143, TrLoss:  1.95194, VaAcc: 0.3223, VaLoss:  2.62942
 24,  0 | TrAcc: 0.4175, TrLoss:  1.94644, VaAcc: 0.3316, VaLoss:  2.61305
 25,  0 | TrAcc: 0.4171, TrLoss:  1.94432, VaAcc: 0.3273, VaLoss:  2.62928
 26,  0 | TrAcc: 0.4193, TrLoss:  1.93674, VaAcc: 0.3331, VaLoss:  2.60153
 27,  0 | TrAcc: 0.4182, TrLoss:  1.93276, VaAcc: 0.3372, VaLoss:  2.61789
 28,  0 | TrAcc: 0.4170, TrLoss:  1.92640, VaAcc: 0.3392, VaLoss:  2.60183
 29,  0 | TrAcc: 0.4229, TrLoss:  1.89288, VaAcc: 0.3413, VaLoss:  2.60673
 30,  0 | TrAcc: 0.4202, TrLoss:  1.90220, VaAcc: 0.3290, VaLoss:  2.60780
 31,  0 | TrAcc: 0.4295, TrLoss:  1.87213, VaAcc: 0.3536, VaLoss:  2.58695
 32,  0 | TrAcc: 0.4235, TrLoss:  1.89147, VaAcc: 0.3385, VaLoss:  2.58913
 33,  0 | TrAcc: 0.4261, TrLoss:  1.87881, VaAcc: 0.3351, VaLoss:  2.60564
 34,  0 | TrAcc: 0.4363, TrLoss:  1.85711, VaAcc: 0.3433, VaLoss:  2.58076
 35,  0 | TrAcc: 0.4299, TrLoss:  1.85687, VaAcc: 0.3288, VaLoss:  2.58805
 36,  0 | TrAcc: 0.4353, TrLoss:  1.85320, VaAcc: 0.3379, VaLoss:  2.59157
 37,  0 | TrAcc: 0.4456, TrLoss:  1.82344, VaAcc: 0.3445, VaLoss:  2.56464
 38,  0 | TrAcc: 0.4374, TrLoss:  1.84222, VaAcc: 0.3456, VaLoss:  2.59136
 39,  0 | TrAcc: 0.4443, TrLoss:  1.82434, VaAcc: 0.3519, VaLoss:  2.56999
 40,  0 | TrAcc: 0.4475, TrLoss:  1.80950, VaAcc: 0.3430, VaLoss:  2.57294
 41,  0 | TrAcc: 0.4501, TrLoss:  1.80880, VaAcc: 0.3549, VaLoss:  2.55972
 42,  0 | TrAcc: 0.4378, TrLoss:  1.83232, VaAcc: 0.3415, VaLoss:  2.57575
 43,  0 | TrAcc: 0.4453, TrLoss:  1.81627, VaAcc: 0.3562, VaLoss:  2.55523
 44,  0 | TrAcc: 0.4477, TrLoss:  1.81365, VaAcc: 0.3564, VaLoss:  2.57703
 45,  0 | TrAcc: 0.4515, TrLoss:  1.79179, VaAcc: 0.3594, VaLoss:  2.56083
 46,  0 | TrAcc: 0.4494, TrLoss:  1.79818, VaAcc: 0.3510, VaLoss:  2.56686
 47,  0 | TrAcc: 0.4485, TrLoss:  1.78593, VaAcc: 0.3489, VaLoss:  2.56720
 48,  0 | TrAcc: 0.4505, TrLoss:  1.79221, VaAcc: 0.3510, VaLoss:  2.56587
 49,  0 | TrAcc: 0.4533, TrLoss:  1.78685, VaAcc: 0.3558, VaLoss:  2.56243
 50,  0 | TrAcc: 0.4494, TrLoss:  1.78107, VaAcc: 0.3581, VaLoss:  2.57365
 51,  0 | TrAcc: 0.4577, TrLoss:  1.76921, VaAcc: 0.3611, VaLoss:  2.56179
 52,  0 | TrAcc: 0.4571, TrLoss:  1.78516, VaAcc: 0.3506, VaLoss:  2.55992
 53,  0 | TrAcc: 0.4611, TrLoss:  1.75036, VaAcc: 0.3583, VaLoss:  2.54874
 54,  0 | TrAcc: 0.4636, TrLoss:  1.75348, VaAcc: 0.3545, VaLoss:  2.56267
 55,  0 | TrAcc: 0.4608, TrLoss:  1.74029, VaAcc: 0.3609, VaLoss:  2.56261
 56,  0 | TrAcc: 0.4634, TrLoss:  1.75325, VaAcc: 0.3633, VaLoss:  2.56550
 57,  0 | TrAcc: 0.4646, TrLoss:  1.75737, VaAcc: 0.3502, VaLoss:  2.59685
 58,  0 | TrAcc: 0.4607, TrLoss:  1.75923, VaAcc: 0.3579, VaLoss:  2.57004
 59,  0 | TrAcc: 0.4613, TrLoss:  1.74387, VaAcc: 0.3568, VaLoss:  2.56159
 60,  0 | TrAcc: 0.4602, TrLoss:  1.74860, VaAcc: 0.3463, VaLoss:  2.57658
 61,  0 | TrAcc: 0.4602, TrLoss:  1.76313, VaAcc: 0.3577, VaLoss:  2.55608
 62,  0 | TrAcc: 0.4690, TrLoss:  1.74588, VaAcc: 0.3573, VaLoss:  2.55639
 63,  0 | TrAcc: 0.4652, TrLoss:  1.74301, VaAcc: 0.3519, VaLoss:  2.56595
 64,  0 | TrAcc: 0.4651, TrLoss:  1.75835, VaAcc: 0.3678, VaLoss:  2.56363
 65,  0 | TrAcc: 0.4636, TrLoss:  1.74575, VaAcc: 0.3683, VaLoss:  2.56287
 66,  0 | TrAcc: 0.4611, TrLoss:  1.74715, VaAcc: 0.3568, VaLoss:  2.56755
 67,  0 | TrAcc: 0.4644, TrLoss:  1.74106, VaAcc: 0.3655, VaLoss:  2.55580
 68,  0 | TrAcc: 0.4659, TrLoss:  1.72445, VaAcc: 0.3683, VaLoss:  2.54979
 69,  0 | TrAcc: 0.4745, TrLoss:  1.71400, VaAcc: 0.3540, VaLoss:  2.56247
 70,  0 | TrAcc: 0.4650, TrLoss:  1.73485, VaAcc: 0.3562, VaLoss:  2.57600
 71,  0 | TrAcc: 0.4664, TrLoss:  1.73308, VaAcc: 0.3652, VaLoss:  2.54802
 72,  0 | TrAcc: 0.4780, TrLoss:  1.70804, VaAcc: 0.3644, VaLoss:  2.56061
 73,  0 | TrAcc: 0.4715, TrLoss:  1.71637, VaAcc: 0.3551, VaLoss:  2.57460
 74,  0 | TrAcc: 0.4750, TrLoss:  1.70297, VaAcc: 0.3674, VaLoss:  2.55658
 75,  0 | TrAcc: 0.4718, TrLoss:  1.71503, VaAcc: 0.3659, VaLoss:  2.55342
 76,  0 | TrAcc: 0.4725, TrLoss:  1.70211, VaAcc: 0.3512, VaLoss:  2.56384
 77,  0 | TrAcc: 0.4780, TrLoss:  1.69889, VaAcc: 0.3588, VaLoss:  2.56068
 78,  0 | TrAcc: 0.4762, TrLoss:  1.69849, VaAcc: 0.3644, VaLoss:  2.56949
 79,  0 | TrAcc: 0.4718, TrLoss:  1.70941, VaAcc: 0.3568, VaLoss:  2.57524
 80,  0 | TrAcc: 0.4859, TrLoss:  1.67202, VaAcc: 0.3676, VaLoss:  2.56331
 81,  0 | TrAcc: 0.4750, TrLoss:  1.69186, VaAcc: 0.3639, VaLoss:  2.57165
 82,  0 | TrAcc: 0.4731, TrLoss:  1.69907, VaAcc: 0.3596, VaLoss:  2.57809
 83,  0 | TrAcc: 0.4758, TrLoss:  1.71268, VaAcc: 0.3676, VaLoss:  2.56131
 84,  0 | TrAcc: 0.4676, TrLoss:  1.71737, VaAcc: 0.3627, VaLoss:  2.56545
 85,  0 | TrAcc: 0.4770, TrLoss:  1.69993, VaAcc: 0.3683, VaLoss:  2.55347
 86,  0 | TrAcc: 0.4788, TrLoss:  1.68452, VaAcc: 0.3670, VaLoss:  2.55527
 87,  0 | TrAcc: 0.4767, TrLoss:  1.68460, VaAcc: 0.3726, VaLoss:  2.55653
 88,  0 | TrAcc: 0.4771, TrLoss:  1.69147, VaAcc: 0.3665, VaLoss:  2.55872
 89,  0 | TrAcc: 0.4901, TrLoss:  1.64633, VaAcc: 0.3689, VaLoss:  2.55603
 90,  0 | TrAcc: 0.4845, TrLoss:  1.66512, VaAcc: 0.3754, VaLoss:  2.55471
 91,  0 | TrAcc: 0.4717, TrLoss:  1.70703, VaAcc: 0.3747, VaLoss:  2.56277
 92,  0 | TrAcc: 0.4840, TrLoss:  1.67476, VaAcc: 0.3670, VaLoss:  2.56698
 93,  0 | TrAcc: 0.4855, TrLoss:  1.66684, VaAcc: 0.3721, VaLoss:  2.56963
 94,  0 | TrAcc: 0.4873, TrLoss:  1.66391, VaAcc: 0.3631, VaLoss:  2.57375
 95,  0 | TrAcc: 0.4822, TrLoss:  1.68131, VaAcc: 0.3793, VaLoss:  2.56964
 96,  0 | TrAcc: 0.4862, TrLoss:  1.65297, VaAcc: 0.3756, VaLoss:  2.57444
 97,  0 | TrAcc: 0.4855, TrLoss:  1.66853, VaAcc: 0.3788, VaLoss:  2.56780
 98,  0 | TrAcc: 0.4864, TrLoss:  1.65414, VaAcc: 0.3672, VaLoss:  2.56832
 99,  0 | TrAcc: 0.4799, TrLoss:  1.66963, VaAcc: 0.3663, VaLoss:  2.57021

=============================
CONFIG FILE

RNN CONFIG
{'batchnorm': {'modes': [], 'momentum': 0.98, 'tau': 5, 'type': 'none'},
 'learning_rate': 0.02,
 'learning_rate_tau': 10000,
 'mode': {'max_epochs': 100, 'min_error': 0, 'name': 'classic'},
 'task_id': 12}

DATA CONFIG
{'dataset': 'timit',
 'remove_bias': False,
 'te': {'in_seq_len': 40,
        'max_truncation': 0,
        'minibatch_mode': False,
        'minibatch_size': 500},
 'tr': {'in_seq_len': 40,
        'max_truncation': 0,
        'minibatch_mode': True,
        'minibatch_size': 1000},
 'va': {'in_seq_len': 40,
        'max_truncation': 0,
        'minibatch_mode': False,
        'minibatch_size': 500}}

TRAINING CONFIG
{'discrete_acts': ['o'],
 'gradient_clip_value': 0.5,
 'layer_configs': [{'layer_type': 'input'},
                   {'init_config': {'c': {'b': 'all_zero', 'w': 'xavier'},
                                    'f': {'b': 'all_one', 'w': 'xavier'},
                                    'i': {'b': 'all_zero', 'w': 'xavier'},
                                    'o': {'b': 'all_zero', 'w': 'xavier'}},
                    'layer_type': 'lstm',
                    'regularization': {'mode': 'none',
                                       'output_zo_prob': 0.01,
                                       'state_zo_prob': 0.05},
                    'var_scope': 'lstm_0'},
                   {'init_config': {'c': {'b': 'all_zero', 'w': 'xavier'},
                                    'f': {'b': 'all_one', 'w': 'xavier'},
                                    'i': {'b': 'all_zero', 'w': 'xavier'},
                                    'o': {'b': 'all_zero', 'w': 'xavier'}},
                    'layer_type': 'lstm',
                    'regularization': {'mode': 'none',
                                       'output_zo_prob': 0.01,
                                       'state_zo_prob': 0.05},
                    'var_scope': 'lstm_1'},
                   {'init_config': {'b': 'all_zero', 'w': 'xavier'},
                    'layer_type': 'fc',
                    'regularization': {'mode': 'l2', 'strength': 0.0},
                    'var_scope': 'output_layer'}],
 'layout': [13, 70, 100, 60],
 'n_bins': 2.0,
 'output_type': 'classification',
 'weight_type': 'ternary'}
==============================


  0,  0 | TrAcc: 0.0164, TrLoss:  4.58713, VaAcc: 0.0155, VaLoss:  4.62531
  1,  0 | TrAcc: 0.2445, TrLoss:  2.80151, VaAcc: 0.2009, VaLoss:  3.00337
  2,  0 | TrAcc: 0.2670, TrLoss:  2.59998, VaAcc: 0.2303, VaLoss:  2.90064
  3,  0 | TrAcc: 0.2783, TrLoss:  2.55263, VaAcc: 0.2320, VaLoss:  2.93412
  4,  0 | TrAcc: 0.2996, TrLoss:  2.43386, VaAcc: 0.2594, VaLoss:  2.80823
  5,  0 | TrAcc: 0.3314, TrLoss:  2.31250, VaAcc: 0.2803, VaLoss:  2.75761
  6,  0 | TrAcc: 0.3214, TrLoss:  2.31201, VaAcc: 0.2643, VaLoss:  2.76708
  7,  0 | TrAcc: 0.3314, TrLoss:  2.27100, VaAcc: 0.2768, VaLoss:  2.75687
  8,  0 | TrAcc: 0.3374, TrLoss:  2.24995, VaAcc: 0.2865, VaLoss:  2.74215
  9,  0 | TrAcc: 0.3347, TrLoss:  2.24579, VaAcc: 0.2848, VaLoss:  2.74626
 10,  0 | TrAcc: 0.3451, TrLoss:  2.22367, VaAcc: 0.2788, VaLoss:  2.77313
 11,  0 | TrAcc: 0.3520, TrLoss:  2.19283, VaAcc: 0.2878, VaLoss:  2.73097
 12,  0 | TrAcc: 0.3544, TrLoss:  2.18198, VaAcc: 0.2887, VaLoss:  2.73504
 13,  0 | TrAcc: 0.3613, TrLoss:  2.16333, VaAcc: 0.2874, VaLoss:  2.72578
 14,  0 | TrAcc: 0.3663, TrLoss:  2.11829, VaAcc: 0.3044, VaLoss:  2.70072
 15,  0 | TrAcc: 0.3657, TrLoss:  2.12235, VaAcc: 0.2904, VaLoss:  2.71481
 16,  0 | TrAcc: 0.3631, TrLoss:  2.13317, VaAcc: 0.2937, VaLoss:  2.72153
 17,  0 | TrAcc: 0.3739, TrLoss:  2.10053, VaAcc: 0.3042, VaLoss:  2.71045
 18,  0 | TrAcc: 0.3845, TrLoss:  2.05136, VaAcc: 0.3034, VaLoss:  2.68798
 19,  0 | TrAcc: 0.3818, TrLoss:  2.06401, VaAcc: 0.3144, VaLoss:  2.68868
 20,  0 | TrAcc: 0.3870, TrLoss:  2.05291, VaAcc: 0.3154, VaLoss:  2.66864
 21,  0 | TrAcc: 0.3867, TrLoss:  2.03516, VaAcc: 0.3150, VaLoss:  2.68961
 22,  0 | TrAcc: 0.3872, TrLoss:  2.04412, VaAcc: 0.3200, VaLoss:  2.67248
 23,  0 | TrAcc: 0.3862, TrLoss:  2.04076, VaAcc: 0.3100, VaLoss:  2.67716
 24,  0 | TrAcc: 0.3924, TrLoss:  2.03488, VaAcc: 0.3103, VaLoss:  2.67216
 25,  0 | TrAcc: 0.3825, TrLoss:  2.03828, VaAcc: 0.3081, VaLoss:  2.68155
 26,  0 | TrAcc: 0.3882, TrLoss:  2.02803, VaAcc: 0.3131, VaLoss:  2.66473
 27,  0 | TrAcc: 0.3950, TrLoss:  2.02205, VaAcc: 0.3118, VaLoss:  2.66836
 28,  0 | TrAcc: 0.3986, TrLoss:  1.99684, VaAcc: 0.3154, VaLoss:  2.67244
 29,  0 | TrAcc: 0.4001, TrLoss:  1.98027, VaAcc: 0.3223, VaLoss:  2.65257
 30,  0 | TrAcc: 0.3948, TrLoss:  1.99410, VaAcc: 0.3245, VaLoss:  2.65690
 31,  0 | TrAcc: 0.4069, TrLoss:  1.96457, VaAcc: 0.3232, VaLoss:  2.65042
 32,  0 | TrAcc: 0.4005, TrLoss:  1.96874, VaAcc: 0.3310, VaLoss:  2.65230
 33,  0 | TrAcc: 0.4061, TrLoss:  1.95984, VaAcc: 0.3204, VaLoss:  2.65647
 34,  0 | TrAcc: 0.4125, TrLoss:  1.93880, VaAcc: 0.3415, VaLoss:  2.62560
 35,  0 | TrAcc: 0.4059, TrLoss:  1.96920, VaAcc: 0.3292, VaLoss:  2.64183
 36,  0 | TrAcc: 0.4072, TrLoss:  1.95254, VaAcc: 0.3100, VaLoss:  2.65730
 37,  0 | TrAcc: 0.4127, TrLoss:  1.93996, VaAcc: 0.3286, VaLoss:  2.65574
 38,  0 | TrAcc: 0.4149, TrLoss:  1.94505, VaAcc: 0.3228, VaLoss:  2.64582
 39,  0 | TrAcc: 0.4136, TrLoss:  1.93863, VaAcc: 0.3335, VaLoss:  2.64466
 40,  0 | TrAcc: 0.4108, TrLoss:  1.92347, VaAcc: 0.3303, VaLoss:  2.63951
 41,  0 | TrAcc: 0.4118, TrLoss:  1.94153, VaAcc: 0.3238, VaLoss:  2.64839
 42,  0 | TrAcc: 0.4163, TrLoss:  1.91460, VaAcc: 0.3361, VaLoss:  2.65263
 43,  0 | TrAcc: 0.4200, TrLoss:  1.90051, VaAcc: 0.3342, VaLoss:  2.63016
 44,  0 | TrAcc: 0.4300, TrLoss:  1.88854, VaAcc: 0.3292, VaLoss:  2.63325
 45,  0 | TrAcc: 0.4227, TrLoss:  1.89851, VaAcc: 0.3428, VaLoss:  2.62582
 46,  0 | TrAcc: 0.4190, TrLoss:  1.91038, VaAcc: 0.3433, VaLoss:  2.62389
 47,  0 | TrAcc: 0.4232, TrLoss:  1.89983, VaAcc: 0.3467, VaLoss:  2.61847
 48,  0 | TrAcc: 0.4215, TrLoss:  1.88813, VaAcc: 0.3486, VaLoss:  2.60593
 49,  0 | TrAcc: 0.4263, TrLoss:  1.88689, VaAcc: 0.3480, VaLoss:  2.61039
 50,  0 | TrAcc: 0.4325, TrLoss:  1.87883, VaAcc: 0.3357, VaLoss:  2.61432
 51,  0 | TrAcc: 0.4308, TrLoss:  1.86372, VaAcc: 0.3473, VaLoss:  2.61329
 52,  0 | TrAcc: 0.4365, TrLoss:  1.84072, VaAcc: 0.3510, VaLoss:  2.60057
 53,  0 | TrAcc: 0.4325, TrLoss:  1.86362, VaAcc: 0.3493, VaLoss:  2.60610
 54,  0 | TrAcc: 0.4321, TrLoss:  1.86962, VaAcc: 0.3564, VaLoss:  2.62258
 55,  0 | TrAcc: 0.4337, TrLoss:  1.85128, VaAcc: 0.3465, VaLoss:  2.59632
 56,  0 | TrAcc: 0.4377, TrLoss:  1.83092, VaAcc: 0.3463, VaLoss:  2.59452
 57,  0 | TrAcc: 0.4418, TrLoss:  1.82977, VaAcc: 0.3482, VaLoss:  2.61214
 58,  0 | TrAcc: 0.4396, TrLoss:  1.83264, VaAcc: 0.3588, VaLoss:  2.58805
 59,  0 | TrAcc: 0.4489, TrLoss:  1.81177, VaAcc: 0.3599, VaLoss:  2.58910
 60,  0 | TrAcc: 0.4426, TrLoss:  1.82749, VaAcc: 0.3499, VaLoss:  2.60753
 61,  0 | TrAcc: 0.4507, TrLoss:  1.80455, VaAcc: 0.3525, VaLoss:  2.60190
 62,  0 | TrAcc: 0.4437, TrLoss:  1.81318, VaAcc: 0.3564, VaLoss:  2.60290
 63,  0 | TrAcc: 0.4492, TrLoss:  1.79168, VaAcc: 0.3510, VaLoss:  2.59777
 64,  0 | TrAcc: 0.4462, TrLoss:  1.81106, VaAcc: 0.3486, VaLoss:  2.60596
 65,  0 | TrAcc: 0.4458, TrLoss:  1.80646, VaAcc: 0.3564, VaLoss:  2.59370
 66,  0 | TrAcc: 0.4419, TrLoss:  1.79684, VaAcc: 0.3551, VaLoss:  2.60326
 67,  0 | TrAcc: 0.4519, TrLoss:  1.78938, VaAcc: 0.3482, VaLoss:  2.59954
 68,  0 | TrAcc: 0.4497, TrLoss:  1.79045, VaAcc: 0.3517, VaLoss:  2.59341
 69,  0 | TrAcc: 0.4535, TrLoss:  1.77060, VaAcc: 0.3545, VaLoss:  2.59816
 70,  0 | TrAcc: 0.4576, TrLoss:  1.77149, VaAcc: 0.3568, VaLoss:  2.59529
 71,  0 | TrAcc: 0.4530, TrLoss:  1.77913, VaAcc: 0.3637, VaLoss:  2.59711
 72,  0 | TrAcc: 0.4439, TrLoss:  1.79738, VaAcc: 0.3551, VaLoss:  2.59471
 73,  0 | TrAcc: 0.4472, TrLoss:  1.78756, VaAcc: 0.3499, VaLoss:  2.60953
 74,  0 | TrAcc: 0.4421, TrLoss:  1.80518, VaAcc: 0.3622, VaLoss:  2.60398
 75,  0 | TrAcc: 0.4514, TrLoss:  1.77922, VaAcc: 0.3588, VaLoss:  2.60060
 76,  0 | TrAcc: 0.4613, TrLoss:  1.76414, VaAcc: 0.3614, VaLoss:  2.59733
 77,  0 | TrAcc: 0.4643, TrLoss:  1.74447, VaAcc: 0.3588, VaLoss:  2.60004
 78,  0 | TrAcc: 0.4488, TrLoss:  1.79807, VaAcc: 0.3575, VaLoss:  2.60253
 79,  0 | TrAcc: 0.4616, TrLoss:  1.75048, VaAcc: 0.3581, VaLoss:  2.59809
 80,  0 | TrAcc: 0.4643, TrLoss:  1.74559, VaAcc: 0.3571, VaLoss:  2.60331
 81,  0 | TrAcc: 0.4545, TrLoss:  1.75791, VaAcc: 0.3609, VaLoss:  2.58837
 82,  0 | TrAcc: 0.4545, TrLoss:  1.76641, VaAcc: 0.3674, VaLoss:  2.59349
 83,  0 | TrAcc: 0.4586, TrLoss:  1.75618, VaAcc: 0.3607, VaLoss:  2.59315
 84,  0 | TrAcc: 0.4614, TrLoss:  1.74567, VaAcc: 0.3627, VaLoss:  2.57566
 85,  0 | TrAcc: 0.4639, TrLoss:  1.74165, VaAcc: 0.3650, VaLoss:  2.58775
 86,  0 | TrAcc: 0.4643, TrLoss:  1.74059, VaAcc: 0.3599, VaLoss:  2.58705
 87,  0 | TrAcc: 0.4577, TrLoss:  1.75753, VaAcc: 0.3573, VaLoss:  2.59904
 88,  0 | TrAcc: 0.4685, TrLoss:  1.72174, VaAcc: 0.3588, VaLoss:  2.59420
 89,  0 | TrAcc: 0.4779, TrLoss:  1.71904, VaAcc: 0.3599, VaLoss:  2.59161
 90,  0 | TrAcc: 0.4668, TrLoss:  1.70948, VaAcc: 0.3603, VaLoss:  2.58288
 91,  0 | TrAcc: 0.4686, TrLoss:  1.73318, VaAcc: 0.3575, VaLoss:  2.60111
 92,  0 | TrAcc: 0.4615, TrLoss:  1.74071, VaAcc: 0.3562, VaLoss:  2.58042
 93,  0 | TrAcc: 0.4677, TrLoss:  1.73324, VaAcc: 0.3652, VaLoss:  2.59414
 94,  0 | TrAcc: 0.4583, TrLoss:  1.74504, VaAcc: 0.3562, VaLoss:  2.59071
 95,  0 | TrAcc: 0.4625, TrLoss:  1.74972, VaAcc: 0.3592, VaLoss:  2.60223
 96,  0 | TrAcc: 0.4666, TrLoss:  1.73094, VaAcc: 0.3560, VaLoss:  2.59918
 97,  0 | TrAcc: 0.4710, TrLoss:  1.72128, VaAcc: 0.3586, VaLoss:  2.59958
 98,  0 | TrAcc: 0.4713, TrLoss:  1.70510, VaAcc: 0.3579, VaLoss:  2.59822
 99,  0 | TrAcc: 0.4649, TrLoss:  1.73970, VaAcc: 0.3650, VaLoss:  2.59841

=============================
CONFIG FILE

RNN CONFIG
{'batchnorm': {'modes': [], 'momentum': 0.98, 'tau': 5, 'type': 'none'},
 'learning_rate': 0.02,
 'learning_rate_tau': 10000,
 'mode': {'max_epochs': 100, 'min_error': 0, 'name': 'classic'},
 'task_id': 12}

DATA CONFIG
{'dataset': 'timit',
 'remove_bias': False,
 'te': {'in_seq_len': 40,
        'max_truncation': 0,
        'minibatch_mode': False,
        'minibatch_size': 500},
 'tr': {'in_seq_len': 40,
        'max_truncation': 0,
        'minibatch_mode': True,
        'minibatch_size': 1000},
 'va': {'in_seq_len': 40,
        'max_truncation': 0,
        'minibatch_mode': False,
        'minibatch_size': 500}}

TRAINING CONFIG
{'discrete_acts': ['o'],
 'gradient_clip_value': 0.5,
 'layer_configs': [{'layer_type': 'input'},
                   {'init_config': {'c': {'b': 'all_zero', 'w': 'xavier'},
                                    'f': {'b': 'all_one', 'w': 'xavier'},
                                    'i': {'b': 'all_zero', 'w': 'xavier'},
                                    'o': {'b': 'all_zero', 'w': 'xavier'}},
                    'layer_type': 'lstm',
                    'regularization': {'mode': 'none',
                                       'output_zo_prob': 0.01,
                                       'state_zo_prob': 0.05},
                    'var_scope': 'lstm_0'},
                   {'init_config': {'c': {'b': 'all_zero', 'w': 'xavier'},
                                    'f': {'b': 'all_one', 'w': 'xavier'},
                                    'i': {'b': 'all_zero', 'w': 'xavier'},
                                    'o': {'b': 'all_zero', 'w': 'xavier'}},
                    'layer_type': 'lstm',
                    'regularization': {'mode': 'none',
                                       'output_zo_prob': 0.01,
                                       'state_zo_prob': 0.05},
                    'var_scope': 'lstm_1'},
                   {'init_config': {'b': 'all_zero', 'w': 'xavier'},
                    'layer_type': 'fc',
                    'regularization': {'mode': 'l2', 'strength': 0.0},
                    'var_scope': 'output_layer'}],
 'layout': [13, 70, 100, 60],
 'n_bins': 2.0,
 'output_type': 'classification',
 'weight_type': 'ternary'}
==============================


  0,  0 | TrAcc: 0.0153, TrLoss:  4.55680, VaAcc: 0.0136, VaLoss:  4.55603
  1,  0 | TrAcc: 0.2145, TrLoss:  2.89392, VaAcc: 0.1783, VaLoss:  3.09523
  2,  0 | TrAcc: 0.2733, TrLoss:  2.60537, VaAcc: 0.2132, VaLoss:  2.93346
  3,  0 | TrAcc: 0.2902, TrLoss:  2.52022, VaAcc: 0.2337, VaLoss:  2.89204
  4,  0 | TrAcc: 0.3031, TrLoss:  2.44634, VaAcc: 0.2404, VaLoss:  2.87816
  5,  0 | TrAcc: 0.3165, TrLoss:  2.37126, VaAcc: 0.2740, VaLoss:  2.80540
  6,  0 | TrAcc: 0.3250, TrLoss:  2.33749, VaAcc: 0.2732, VaLoss:  2.79567
  7,  0 | TrAcc: 0.3305, TrLoss:  2.30244, VaAcc: 0.2704, VaLoss:  2.79556
  8,  0 | TrAcc: 0.3234, TrLoss:  2.32386, VaAcc: 0.2594, VaLoss:  2.81116
  9,  0 | TrAcc: 0.3395, TrLoss:  2.26147, VaAcc: 0.2805, VaLoss:  2.77727
 10,  0 | TrAcc: 0.3498, TrLoss:  2.21787, VaAcc: 0.2874, VaLoss:  2.74615
 11,  0 | TrAcc: 0.3538, TrLoss:  2.21051, VaAcc: 0.2982, VaLoss:  2.70607
 12,  0 | TrAcc: 0.3508, TrLoss:  2.18662, VaAcc: 0.2926, VaLoss:  2.72321
 13,  0 | TrAcc: 0.3656, TrLoss:  2.14224, VaAcc: 0.3012, VaLoss:  2.69123
 14,  0 | TrAcc: 0.3650, TrLoss:  2.13737, VaAcc: 0.3100, VaLoss:  2.70908
 15,  0 | TrAcc: 0.3745, TrLoss:  2.12209, VaAcc: 0.3031, VaLoss:  2.70357
 16,  0 | TrAcc: 0.3752, TrLoss:  2.09839, VaAcc: 0.2874, VaLoss:  2.70069
 17,  0 | TrAcc: 0.3812, TrLoss:  2.06569, VaAcc: 0.3040, VaLoss:  2.67740
 18,  0 | TrAcc: 0.3881, TrLoss:  2.06025, VaAcc: 0.3107, VaLoss:  2.67891
 19,  0 | TrAcc: 0.3868, TrLoss:  2.04016, VaAcc: 0.3165, VaLoss:  2.66369
 20,  0 | TrAcc: 0.4010, TrLoss:  2.00561, VaAcc: 0.3232, VaLoss:  2.65174
 21,  0 | TrAcc: 0.3900, TrLoss:  2.03155, VaAcc: 0.3251, VaLoss:  2.66375
 22,  0 | TrAcc: 0.4002, TrLoss:  2.01926, VaAcc: 0.3230, VaLoss:  2.65256
 23,  0 | TrAcc: 0.4048, TrLoss:  1.98774, VaAcc: 0.3275, VaLoss:  2.64628
 24,  0 | TrAcc: 0.4061, TrLoss:  1.98029, VaAcc: 0.3180, VaLoss:  2.64404
 25,  0 | TrAcc: 0.4078, TrLoss:  1.97621, VaAcc: 0.3180, VaLoss:  2.65783
 26,  0 | TrAcc: 0.4041, TrLoss:  1.98025, VaAcc: 0.3314, VaLoss:  2.63719
 27,  0 | TrAcc: 0.4117, TrLoss:  1.95784, VaAcc: 0.3348, VaLoss:  2.65625
 28,  0 | TrAcc: 0.4102, TrLoss:  1.96635, VaAcc: 0.3370, VaLoss:  2.63345
 29,  0 | TrAcc: 0.4093, TrLoss:  1.94545, VaAcc: 0.3264, VaLoss:  2.63116
 30,  0 | TrAcc: 0.4240, TrLoss:  1.91716, VaAcc: 0.3277, VaLoss:  2.62670
 31,  0 | TrAcc: 0.4182, TrLoss:  1.93877, VaAcc: 0.3392, VaLoss:  2.63215
 32,  0 | TrAcc: 0.4157, TrLoss:  1.92988, VaAcc: 0.3394, VaLoss:  2.62502
 33,  0 | TrAcc: 0.4188, TrLoss:  1.91703, VaAcc: 0.3413, VaLoss:  2.61419
 34,  0 | TrAcc: 0.4193, TrLoss:  1.92427, VaAcc: 0.3374, VaLoss:  2.61717
 35,  0 | TrAcc: 0.4187, TrLoss:  1.91948, VaAcc: 0.3458, VaLoss:  2.61078
 36,  0 | TrAcc: 0.4357, TrLoss:  1.89508, VaAcc: 0.3404, VaLoss:  2.61193
 37,  0 | TrAcc: 0.4309, TrLoss:  1.87564, VaAcc: 0.3435, VaLoss:  2.59669
 38,  0 | TrAcc: 0.4250, TrLoss:  1.88442, VaAcc: 0.3420, VaLoss:  2.60603
 39,  0 | TrAcc: 0.4272, TrLoss:  1.87989, VaAcc: 0.3316, VaLoss:  2.59543
 40,  0 | TrAcc: 0.4312, TrLoss:  1.86319, VaAcc: 0.3465, VaLoss:  2.58919
 41,  0 | TrAcc: 0.4348, TrLoss:  1.85498, VaAcc: 0.3441, VaLoss:  2.59477
 42,  0 | TrAcc: 0.4331, TrLoss:  1.85481, VaAcc: 0.3450, VaLoss:  2.60011
 43,  0 | TrAcc: 0.4392, TrLoss:  1.84033, VaAcc: 0.3424, VaLoss:  2.60633
 44,  0 | TrAcc: 0.4397, TrLoss:  1.83381, VaAcc: 0.3484, VaLoss:  2.59194
 45,  0 | TrAcc: 0.4377, TrLoss:  1.85340, VaAcc: 0.3394, VaLoss:  2.60778
 46,  0 | TrAcc: 0.4392, TrLoss:  1.83919, VaAcc: 0.3553, VaLoss:  2.61304
 47,  0 | TrAcc: 0.4424, TrLoss:  1.83460, VaAcc: 0.3558, VaLoss:  2.59090
 48,  0 | TrAcc: 0.4430, TrLoss:  1.81893, VaAcc: 0.3575, VaLoss:  2.60337
 49,  0 | TrAcc: 0.4489, TrLoss:  1.81408, VaAcc: 0.3683, VaLoss:  2.58405
 50,  0 | TrAcc: 0.4468, TrLoss:  1.79684, VaAcc: 0.3629, VaLoss:  2.58737
 51,  0 | TrAcc: 0.4388, TrLoss:  1.81049, VaAcc: 0.3504, VaLoss:  2.59036
 52,  0 | TrAcc: 0.4497, TrLoss:  1.81052, VaAcc: 0.3652, VaLoss:  2.57455
 53,  0 | TrAcc: 0.4480, TrLoss:  1.79841, VaAcc: 0.3622, VaLoss:  2.57852
 54,  0 | TrAcc: 0.4526, TrLoss:  1.80824, VaAcc: 0.3624, VaLoss:  2.58079
 55,  0 | TrAcc: 0.4520, TrLoss:  1.77148, VaAcc: 0.3560, VaLoss:  2.58299
 56,  0 | TrAcc: 0.4620, TrLoss:  1.76867, VaAcc: 0.3700, VaLoss:  2.58090
 57,  0 | TrAcc: 0.4491, TrLoss:  1.77880, VaAcc: 0.3583, VaLoss:  2.57665
 58,  0 | TrAcc: 0.4542, TrLoss:  1.78258, VaAcc: 0.3652, VaLoss:  2.58184
 59,  0 | TrAcc: 0.4576, TrLoss:  1.76066, VaAcc: 0.3536, VaLoss:  2.59357
 60,  0 | TrAcc: 0.4608, TrLoss:  1.76620, VaAcc: 0.3657, VaLoss:  2.57434
 61,  0 | TrAcc: 0.4567, TrLoss:  1.77757, VaAcc: 0.3616, VaLoss:  2.59004
 62,  0 | TrAcc: 0.4595, TrLoss:  1.76741, VaAcc: 0.3568, VaLoss:  2.58155
 63,  0 | TrAcc: 0.4645, TrLoss:  1.73428, VaAcc: 0.3573, VaLoss:  2.59283
 64,  0 | TrAcc: 0.4620, TrLoss:  1.74873, VaAcc: 0.3579, VaLoss:  2.57234
 65,  0 | TrAcc: 0.4593, TrLoss:  1.75047, VaAcc: 0.3532, VaLoss:  2.57739
 66,  0 | TrAcc: 0.4663, TrLoss:  1.74300, VaAcc: 0.3542, VaLoss:  2.56717
 67,  0 | TrAcc: 0.4596, TrLoss:  1.74768, VaAcc: 0.3637, VaLoss:  2.57618
 68,  0 | TrAcc: 0.4602, TrLoss:  1.76335, VaAcc: 0.3484, VaLoss:  2.58306
 69,  0 | TrAcc: 0.4616, TrLoss:  1.75490, VaAcc: 0.3609, VaLoss:  2.56769
 70,  0 | TrAcc: 0.4642, TrLoss:  1.73526, VaAcc: 0.3542, VaLoss:  2.58276
 71,  0 | TrAcc: 0.4653, TrLoss:  1.73901, VaAcc: 0.3583, VaLoss:  2.57554
 72,  0 | TrAcc: 0.4693, TrLoss:  1.71236, VaAcc: 0.3700, VaLoss:  2.55658
 73,  0 | TrAcc: 0.4634, TrLoss:  1.75312, VaAcc: 0.3566, VaLoss:  2.58255
 74,  0 | TrAcc: 0.4623, TrLoss:  1.73290, VaAcc: 0.3616, VaLoss:  2.58166
 75,  0 | TrAcc: 0.4621, TrLoss:  1.75183, VaAcc: 0.3562, VaLoss:  2.58923
 76,  0 | TrAcc: 0.4695, TrLoss:  1.71963, VaAcc: 0.3624, VaLoss:  2.58624
 77,  0 | TrAcc: 0.4741, TrLoss:  1.70866, VaAcc: 0.3739, VaLoss:  2.57211
 78,  0 | TrAcc: 0.4693, TrLoss:  1.72329, VaAcc: 0.3708, VaLoss:  2.56242
 79,  0 | TrAcc: 0.4732, TrLoss:  1.70640, VaAcc: 0.3642, VaLoss:  2.57064
 80,  0 | TrAcc: 0.4622, TrLoss:  1.72103, VaAcc: 0.3611, VaLoss:  2.58304
 81,  0 | TrAcc: 0.4785, TrLoss:  1.67904, VaAcc: 0.3592, VaLoss:  2.57774
 82,  0 | TrAcc: 0.4704, TrLoss:  1.69672, VaAcc: 0.3721, VaLoss:  2.56805
 83,  0 | TrAcc: 0.4713, TrLoss:  1.70915, VaAcc: 0.3737, VaLoss:  2.56430
 84,  0 | TrAcc: 0.4808, TrLoss:  1.69027, VaAcc: 0.3592, VaLoss:  2.56983
 85,  0 | TrAcc: 0.4735, TrLoss:  1.70863, VaAcc: 0.3724, VaLoss:  2.56845
 86,  0 | TrAcc: 0.4788, TrLoss:  1.68483, VaAcc: 0.3670, VaLoss:  2.55008
 87,  0 | TrAcc: 0.4825, TrLoss:  1.67807, VaAcc: 0.3661, VaLoss:  2.57002
 88,  0 | TrAcc: 0.4818, TrLoss:  1.68195, VaAcc: 0.3680, VaLoss:  2.55566
 89,  0 | TrAcc: 0.4757, TrLoss:  1.68546, VaAcc: 0.3680, VaLoss:  2.57337
 90,  0 | TrAcc: 0.4824, TrLoss:  1.67540, VaAcc: 0.3737, VaLoss:  2.55267
 91,  0 | TrAcc: 0.4674, TrLoss:  1.70476, VaAcc: 0.3627, VaLoss:  2.57114
 92,  0 | TrAcc: 0.4807, TrLoss:  1.69326, VaAcc: 0.3571, VaLoss:  2.58268
 93,  0 | TrAcc: 0.4717, TrLoss:  1.70659, VaAcc: 0.3607, VaLoss:  2.57964
 94,  0 | TrAcc: 0.4687, TrLoss:  1.70812, VaAcc: 0.3601, VaLoss:  2.58129
 95,  0 | TrAcc: 0.4732, TrLoss:  1.68548, VaAcc: 0.3504, VaLoss:  2.57804
 96,  0 | TrAcc: 0.4813, TrLoss:  1.66831, VaAcc: 0.3650, VaLoss:  2.58141
 97,  0 | TrAcc: 0.4840, TrLoss:  1.67680, VaAcc: 0.3706, VaLoss:  2.57614
 98,  0 | TrAcc: 0.4792, TrLoss:  1.67321, VaAcc: 0.3594, VaLoss:  2.58203
 99,  0 | TrAcc: 0.4837, TrLoss:  1.66195, VaAcc: 0.3668, VaLoss:  2.56138
----------------------------
Final Tr Acc   :   0.47619 +- 0.00994
Final Va Acc   :   0.36603 +- 0.00090
Final Tr Loss  :   1.69043 +- 0.04285
Final Va Loss  :   2.57667 +- 0.01934

TrAcc
Run:  0 | 49.01% in epoch   89
Run:  1 | 47.79% in epoch   89
Run:  2 | 48.40% in epoch   97

VaAcc
Run:  0 | 37.93% in epoch   95
Run:  1 | 36.74% in epoch   82
Run:  2 | 37.39% in epoch   77

TeAcc
Run:  0 | 34.56% in epoch   95
Run:  1 | 33.25% in epoch   82
Run:  2 | 34.40% in epoch   77
(3, 100)
