{'batchnorm': {'momentum': 0.98, 'type': 'none', 'tau': 5, 'modes': []}, 'task_id': 2, 'learning_rate': 0.02, 'learning_rate_tau': 10000, 'mode': {'min_error': 0, 'max_epochs': 200, 'name': 'classic'}}
{'te': {'minibatch_size': 500, 'in_seq_len': 40, 'minibatch_mode': False, 'max_truncation': 0}, 'remove_bias': False, 'va': {'minibatch_size': 500, 'in_seq_len': 40, 'minibatch_mode': False, 'max_truncation': 0}, 'dataset': 'timit', 'tr': {'minibatch_size': 1000, 'in_seq_len': 40, 'minibatch_mode': True, 'max_truncation': 0}}
{'n_bins': 2.0, 'discrete_acts': [], 'layout': [13, 70, 100, 60], 'output_type': 'classification', 'gradient_clip_value': 0.5, 'weight_type': 'binary', 'layer_configs': [{'layer_type': 'input'}, {'layer_type': 'lstm', 'regularization': {'state_zo_prob': 0.05, 'output_zo_prob': 0.01, 'mode': 'none'}, 'var_scope': 'lstm_0', 'init_config': {'c': {'b': 'all_zero', 'w': 'xavier'}, 'i': {'b': 'all_zero', 'w': 'xavier'}, 'o': {'b': 'all_zero', 'w': 'xavier'}, 'f': {'b': 'all_one', 'w': 'xavier'}}}, {'layer_type': 'lstm', 'regularization': {'state_zo_prob': 0.05, 'output_zo_prob': 0.01, 'mode': 'none'}, 'var_scope': 'lstm_1', 'init_config': {'c': {'b': 'all_zero', 'w': 'xavier'}, 'i': {'b': 'all_zero', 'w': 'xavier'}, 'o': {'b': 'all_zero', 'w': 'xavier'}, 'f': {'b': 'all_one', 'w': 'xavier'}}}, {'layer_type': 'fc', 'regularization': {'strength': 0.0, 'mode': 'l2'}, 'var_scope': 'output_layer', 'init_config': {'b': 'all_zero', 'w': 'xavier'}}]}
{'save_model': {'path': '../tr_models/m_model2', 'enabled': False}, 'calc_performance_every': 1, 'include_pred': False, 'include_out': False}

=============================
CONFIG FILE

RNN CONFIG
{'batchnorm': {'modes': [], 'momentum': 0.98, 'tau': 5, 'type': 'none'},
 'learning_rate': 0.02,
 'learning_rate_tau': 10000,
 'mode': {'max_epochs': 200, 'min_error': 0, 'name': 'classic'},
 'task_id': 2}

DATA CONFIG
{'dataset': 'timit',
 'remove_bias': False,
 'te': {'in_seq_len': 40,
        'max_truncation': 0,
        'minibatch_mode': False,
        'minibatch_size': 500},
 'tr': {'in_seq_len': 40,
        'max_truncation': 0,
        'minibatch_mode': True,
        'minibatch_size': 1000},
 'va': {'in_seq_len': 40,
        'max_truncation': 0,
        'minibatch_mode': False,
        'minibatch_size': 500}}

TRAINING CONFIG
{'discrete_acts': [],
 'gradient_clip_value': 0.5,
 'layer_configs': [{'layer_type': 'input'},
                   {'init_config': {'c': {'b': 'all_zero', 'w': 'xavier'},
                                    'f': {'b': 'all_one', 'w': 'xavier'},
                                    'i': {'b': 'all_zero', 'w': 'xavier'},
                                    'o': {'b': 'all_zero', 'w': 'xavier'}},
                    'layer_type': 'lstm',
                    'regularization': {'mode': 'none',
                                       'output_zo_prob': 0.01,
                                       'state_zo_prob': 0.05},
                    'var_scope': 'lstm_0'},
                   {'init_config': {'c': {'b': 'all_zero', 'w': 'xavier'},
                                    'f': {'b': 'all_one', 'w': 'xavier'},
                                    'i': {'b': 'all_zero', 'w': 'xavier'},
                                    'o': {'b': 'all_zero', 'w': 'xavier'}},
                    'layer_type': 'lstm',
                    'regularization': {'mode': 'none',
                                       'output_zo_prob': 0.01,
                                       'state_zo_prob': 0.05},
                    'var_scope': 'lstm_1'},
                   {'init_config': {'b': 'all_zero', 'w': 'xavier'},
                    'layer_type': 'fc',
                    'regularization': {'mode': 'l2', 'strength': 0.0},
                    'var_scope': 'output_layer'}],
 'layout': [13, 70, 100, 60],
 'n_bins': 2.0,
 'output_type': 'classification',
 'weight_type': 'binary'}
==============================


  0,  0 | TrAcc: 0.0146, TrLoss:  4.62872, VaAcc: 0.0170, VaLoss:  4.61601
  1,  0 | TrAcc: 0.1427, TrLoss:  3.36799, VaAcc: 0.0996, VaLoss:  3.59361
  2,  0 | TrAcc: 0.1702, TrLoss:  3.14784, VaAcc: 0.1302, VaLoss:  3.42739
  3,  0 | TrAcc: 0.1778, TrLoss:  3.10168, VaAcc: 0.1218, VaLoss:  3.42702
  4,  0 | TrAcc: 0.1819, TrLoss:  3.03947, VaAcc: 0.1192, VaLoss:  3.40617
  5,  0 | TrAcc: 0.1972, TrLoss:  2.90945, VaAcc: 0.1421, VaLoss:  3.26388
  6,  0 | TrAcc: 0.2147, TrLoss:  2.85926, VaAcc: 0.1479, VaLoss:  3.25667
  7,  0 | TrAcc: 0.2259, TrLoss:  2.78675, VaAcc: 0.1619, VaLoss:  3.20436
  8,  0 | TrAcc: 0.2293, TrLoss:  2.74353, VaAcc: 0.1488, VaLoss:  3.20241
  9,  0 | TrAcc: 0.2243, TrLoss:  2.77012, VaAcc: 0.1494, VaLoss:  3.23128
 10,  0 | TrAcc: 0.2452, TrLoss:  2.66857, VaAcc: 0.1768, VaLoss:  3.15111
 11,  0 | TrAcc: 0.2445, TrLoss:  2.68362, VaAcc: 0.1856, VaLoss:  3.13965
 12,  0 | TrAcc: 0.2331, TrLoss:  2.74174, VaAcc: 0.1723, VaLoss:  3.19427
 13,  0 | TrAcc: 0.2479, TrLoss:  2.70431, VaAcc: 0.1572, VaLoss:  3.20613
 14,  0 | TrAcc: 0.2536, TrLoss:  2.66727, VaAcc: 0.1738, VaLoss:  3.17158
 15,  0 | TrAcc: 0.2603, TrLoss:  2.60532, VaAcc: 0.1690, VaLoss:  3.13221
 16,  0 | TrAcc: 0.2608, TrLoss:  2.58188, VaAcc: 0.1762, VaLoss:  3.14631
 17,  0 | TrAcc: 0.2689, TrLoss:  2.56821, VaAcc: 0.1781, VaLoss:  3.16741
 18,  0 | TrAcc: 0.2853, TrLoss:  2.49508, VaAcc: 0.1781, VaLoss:  3.10678
 19,  0 | TrAcc: 0.2872, TrLoss:  2.45212, VaAcc: 0.2025, VaLoss:  3.07208
 20,  0 | TrAcc: 0.2917, TrLoss:  2.41957, VaAcc: 0.1900, VaLoss:  3.03157
 21,  0 | TrAcc: 0.3043, TrLoss:  2.38266, VaAcc: 0.2094, VaLoss:  2.98505
 22,  0 | TrAcc: 0.3037, TrLoss:  2.37480, VaAcc: 0.2163, VaLoss:  2.98678
 23,  0 | TrAcc: 0.3120, TrLoss:  2.34625, VaAcc: 0.2059, VaLoss:  3.00807
 24,  0 | TrAcc: 0.3143, TrLoss:  2.35280, VaAcc: 0.2158, VaLoss:  2.99029
 25,  0 | TrAcc: 0.3180, TrLoss:  2.32473, VaAcc: 0.2076, VaLoss:  3.00253
 26,  0 | TrAcc: 0.3340, TrLoss:  2.28008, VaAcc: 0.2320, VaLoss:  2.93860
 27,  0 | TrAcc: 0.3247, TrLoss:  2.30319, VaAcc: 0.2322, VaLoss:  2.95139
 28,  0 | TrAcc: 0.3286, TrLoss:  2.28122, VaAcc: 0.2501, VaLoss:  2.92597
 29,  0 | TrAcc: 0.3346, TrLoss:  2.23868, VaAcc: 0.2223, VaLoss:  2.92063
 30,  0 | TrAcc: 0.3315, TrLoss:  2.27062, VaAcc: 0.2361, VaLoss:  2.93977
 31,  0 | TrAcc: 0.3357, TrLoss:  2.22371, VaAcc: 0.2542, VaLoss:  2.88020
 32,  0 | TrAcc: 0.3541, TrLoss:  2.19235, VaAcc: 0.2587, VaLoss:  2.86143
 33,  0 | TrAcc: 0.3469, TrLoss:  2.19634, VaAcc: 0.2620, VaLoss:  2.87660
 34,  0 | TrAcc: 0.3615, TrLoss:  2.15353, VaAcc: 0.2570, VaLoss:  2.86841
 35,  0 | TrAcc: 0.3430, TrLoss:  2.21061, VaAcc: 0.2376, VaLoss:  2.90510
 36,  0 | TrAcc: 0.3479, TrLoss:  2.18337, VaAcc: 0.2676, VaLoss:  2.84969
 37,  0 | TrAcc: 0.3567, TrLoss:  2.14215, VaAcc: 0.2723, VaLoss:  2.81427
 38,  0 | TrAcc: 0.3630, TrLoss:  2.14016, VaAcc: 0.2643, VaLoss:  2.83190
 39,  0 | TrAcc: 0.3661, TrLoss:  2.11039, VaAcc: 0.2624, VaLoss:  2.85156
 40,  0 | TrAcc: 0.3545, TrLoss:  2.17731, VaAcc: 0.2449, VaLoss:  2.86563
 41,  0 | TrAcc: 0.3707, TrLoss:  2.09831, VaAcc: 0.2840, VaLoss:  2.80978
 42,  0 | TrAcc: 0.3830, TrLoss:  2.07201, VaAcc: 0.2710, VaLoss:  2.83571
 43,  0 | TrAcc: 0.3746, TrLoss:  2.09280, VaAcc: 0.2738, VaLoss:  2.83215
 44,  0 | TrAcc: 0.3786, TrLoss:  2.05638, VaAcc: 0.2738, VaLoss:  2.81706
 45,  0 | TrAcc: 0.3705, TrLoss:  2.08977, VaAcc: 0.2822, VaLoss:  2.83352
 46,  0 | TrAcc: 0.3794, TrLoss:  2.05770, VaAcc: 0.2924, VaLoss:  2.79275
 47,  0 | TrAcc: 0.3822, TrLoss:  2.05097, VaAcc: 0.2850, VaLoss:  2.80316
 48,  0 | TrAcc: 0.3855, TrLoss:  2.03804, VaAcc: 0.2872, VaLoss:  2.79850
 49,  0 | TrAcc: 0.3782, TrLoss:  2.04289, VaAcc: 0.2794, VaLoss:  2.80500
 50,  0 | TrAcc: 0.3751, TrLoss:  2.04980, VaAcc: 0.2930, VaLoss:  2.78381
 51,  0 | TrAcc: 0.3771, TrLoss:  2.06288, VaAcc: 0.2592, VaLoss:  2.83503
 52,  0 | TrAcc: 0.3870, TrLoss:  2.04516, VaAcc: 0.2760, VaLoss:  2.81756
 53,  0 | TrAcc: 0.3949, TrLoss:  2.00627, VaAcc: 0.2753, VaLoss:  2.79066
 54,  0 | TrAcc: 0.3940, TrLoss:  1.98706, VaAcc: 0.3167, VaLoss:  2.75066
 55,  0 | TrAcc: 0.3989, TrLoss:  1.98296, VaAcc: 0.2960, VaLoss:  2.78019
 56,  0 | TrAcc: 0.3994, TrLoss:  1.99349, VaAcc: 0.2952, VaLoss:  2.77875
 57,  0 | TrAcc: 0.4060, TrLoss:  1.96553, VaAcc: 0.2872, VaLoss:  2.78500
 58,  0 | TrAcc: 0.4130, TrLoss:  1.95234, VaAcc: 0.3029, VaLoss:  2.77121
 59,  0 | TrAcc: 0.4035, TrLoss:  1.96464, VaAcc: 0.2909, VaLoss:  2.78757
 60,  0 | TrAcc: 0.3997, TrLoss:  1.97037, VaAcc: 0.2889, VaLoss:  2.79943
 61,  0 | TrAcc: 0.3982, TrLoss:  1.97243, VaAcc: 0.3044, VaLoss:  2.73762
 62,  0 | TrAcc: 0.3966, TrLoss:  1.99929, VaAcc: 0.2883, VaLoss:  2.80310
 63,  0 | TrAcc: 0.3998, TrLoss:  1.98898, VaAcc: 0.3060, VaLoss:  2.76237
 64,  0 | TrAcc: 0.3914, TrLoss:  2.03438, VaAcc: 0.3085, VaLoss:  2.78025
 65,  0 | TrAcc: 0.3934, TrLoss:  2.01699, VaAcc: 0.3157, VaLoss:  2.77009
 66,  0 | TrAcc: 0.3942, TrLoss:  1.98389, VaAcc: 0.3150, VaLoss:  2.75586
 67,  0 | TrAcc: 0.4075, TrLoss:  1.95698, VaAcc: 0.3100, VaLoss:  2.74947
 68,  0 | TrAcc: 0.4056, TrLoss:  1.93970, VaAcc: 0.2952, VaLoss:  2.72861
 69,  0 | TrAcc: 0.4131, TrLoss:  1.95093, VaAcc: 0.3031, VaLoss:  2.76354
 70,  0 | TrAcc: 0.4020, TrLoss:  1.95328, VaAcc: 0.2962, VaLoss:  2.76109
 71,  0 | TrAcc: 0.4142, TrLoss:  1.93650, VaAcc: 0.3113, VaLoss:  2.75485
 72,  0 | TrAcc: 0.4109, TrLoss:  1.93571, VaAcc: 0.2993, VaLoss:  2.74479
 73,  0 | TrAcc: 0.4062, TrLoss:  1.96278, VaAcc: 0.2872, VaLoss:  2.76362
 74,  0 | TrAcc: 0.3950, TrLoss:  1.97344, VaAcc: 0.2801, VaLoss:  2.79191
 75,  0 | TrAcc: 0.4163, TrLoss:  1.90821, VaAcc: 0.3040, VaLoss:  2.75634
 76,  0 | TrAcc: 0.4146, TrLoss:  1.93356, VaAcc: 0.3034, VaLoss:  2.75285
 77,  0 | TrAcc: 0.4109, TrLoss:  1.93101, VaAcc: 0.3012, VaLoss:  2.73363
 78,  0 | TrAcc: 0.4084, TrLoss:  1.93616, VaAcc: 0.2900, VaLoss:  2.78924
 79,  0 | TrAcc: 0.4086, TrLoss:  1.93316, VaAcc: 0.2988, VaLoss:  2.76033
 80,  0 | TrAcc: 0.4149, TrLoss:  1.92892, VaAcc: 0.3031, VaLoss:  2.73674
 81,  0 | TrAcc: 0.4131, TrLoss:  1.91840, VaAcc: 0.3247, VaLoss:  2.75204
 82,  0 | TrAcc: 0.4201, TrLoss:  1.89739, VaAcc: 0.3213, VaLoss:  2.72143
 83,  0 | TrAcc: 0.4110, TrLoss:  1.93483, VaAcc: 0.3023, VaLoss:  2.76601
 84,  0 | TrAcc: 0.4209, TrLoss:  1.91624, VaAcc: 0.3079, VaLoss:  2.73817
 85,  0 | TrAcc: 0.4198, TrLoss:  1.90247, VaAcc: 0.3064, VaLoss:  2.73016
 86,  0 | TrAcc: 0.4237, TrLoss:  1.89920, VaAcc: 0.3129, VaLoss:  2.75679
 87,  0 | TrAcc: 0.4117, TrLoss:  1.93014, VaAcc: 0.2941, VaLoss:  2.76515
 88,  0 | TrAcc: 0.4159, TrLoss:  1.90542, VaAcc: 0.2827, VaLoss:  2.75772
 89,  0 | TrAcc: 0.4214, TrLoss:  1.87849, VaAcc: 0.3146, VaLoss:  2.73297
 90,  0 | TrAcc: 0.4207, TrLoss:  1.88987, VaAcc: 0.3100, VaLoss:  2.74875
 91,  0 | TrAcc: 0.4257, TrLoss:  1.87667, VaAcc: 0.3105, VaLoss:  2.73037
 92,  0 | TrAcc: 0.4184, TrLoss:  1.91013, VaAcc: 0.3003, VaLoss:  2.76653
 93,  0 | TrAcc: 0.4248, TrLoss:  1.88007, VaAcc: 0.3036, VaLoss:  2.73187
 94,  0 | TrAcc: 0.4247, TrLoss:  1.89141, VaAcc: 0.3185, VaLoss:  2.71568
 95,  0 | TrAcc: 0.4281, TrLoss:  1.87133, VaAcc: 0.3001, VaLoss:  2.72719
 96,  0 | TrAcc: 0.4284, TrLoss:  1.86901, VaAcc: 0.2954, VaLoss:  2.76244
 97,  0 | TrAcc: 0.4220, TrLoss:  1.88309, VaAcc: 0.2962, VaLoss:  2.74981
 98,  0 | TrAcc: 0.4221, TrLoss:  1.88718, VaAcc: 0.3066, VaLoss:  2.75550
 99,  0 | TrAcc: 0.4371, TrLoss:  1.85764, VaAcc: 0.3085, VaLoss:  2.74789
100,  0 | TrAcc: 0.4257, TrLoss:  1.88003, VaAcc: 0.3107, VaLoss:  2.74465
101,  0 | TrAcc: 0.4216, TrLoss:  1.90490, VaAcc: 0.2999, VaLoss:  2.77481
102,  0 | TrAcc: 0.4323, TrLoss:  1.85915, VaAcc: 0.2999, VaLoss:  2.75740
103,  0 | TrAcc: 0.4248, TrLoss:  1.89730, VaAcc: 0.2945, VaLoss:  2.78579
104,  0 | TrAcc: 0.4298, TrLoss:  1.87163, VaAcc: 0.3100, VaLoss:  2.71556
105,  0 | TrAcc: 0.4225, TrLoss:  1.89460, VaAcc: 0.2999, VaLoss:  2.76648
106,  0 | TrAcc: 0.4169, TrLoss:  1.90070, VaAcc: 0.2917, VaLoss:  2.78614
107,  0 | TrAcc: 0.4273, TrLoss:  1.86336, VaAcc: 0.3036, VaLoss:  2.76791
108,  0 | TrAcc: 0.4327, TrLoss:  1.85577, VaAcc: 0.2937, VaLoss:  2.74669
109,  0 | TrAcc: 0.4270, TrLoss:  1.88455, VaAcc: 0.2947, VaLoss:  2.76826
110,  0 | TrAcc: 0.4327, TrLoss:  1.85047, VaAcc: 0.2947, VaLoss:  2.77205
111,  0 | TrAcc: 0.4339, TrLoss:  1.85895, VaAcc: 0.3126, VaLoss:  2.72996
112,  0 | TrAcc: 0.4240, TrLoss:  1.88825, VaAcc: 0.3016, VaLoss:  2.74824
113,  0 | TrAcc: 0.4359, TrLoss:  1.83533, VaAcc: 0.3234, VaLoss:  2.74367
114,  0 | TrAcc: 0.4369, TrLoss:  1.84334, VaAcc: 0.3057, VaLoss:  2.73982
115,  0 | TrAcc: 0.4386, TrLoss:  1.83629, VaAcc: 0.3144, VaLoss:  2.71895
116,  0 | TrAcc: 0.4391, TrLoss:  1.83705, VaAcc: 0.3111, VaLoss:  2.73096
117,  0 | TrAcc: 0.4375, TrLoss:  1.83550, VaAcc: 0.3180, VaLoss:  2.73666
118,  0 | TrAcc: 0.4409, TrLoss:  1.81876, VaAcc: 0.2982, VaLoss:  2.74839
119,  0 | TrAcc: 0.4286, TrLoss:  1.85220, VaAcc: 0.3034, VaLoss:  2.75005
120,  0 | TrAcc: 0.4295, TrLoss:  1.86927, VaAcc: 0.2988, VaLoss:  2.75888
121,  0 | TrAcc: 0.4282, TrLoss:  1.86088, VaAcc: 0.3152, VaLoss:  2.74511
122,  0 | TrAcc: 0.4374, TrLoss:  1.84197, VaAcc: 0.2934, VaLoss:  2.78107
123,  0 | TrAcc: 0.4359, TrLoss:  1.86326, VaAcc: 0.3051, VaLoss:  2.76318
124,  0 | TrAcc: 0.4426, TrLoss:  1.81443, VaAcc: 0.3185, VaLoss:  2.75084
125,  0 | TrAcc: 0.4304, TrLoss:  1.84576, VaAcc: 0.2878, VaLoss:  2.77574
126,  0 | TrAcc: 0.4344, TrLoss:  1.85411, VaAcc: 0.3023, VaLoss:  2.76925
127,  0 | TrAcc: 0.4275, TrLoss:  1.86270, VaAcc: 0.2991, VaLoss:  2.77349
128,  0 | TrAcc: 0.4381, TrLoss:  1.83024, VaAcc: 0.3232, VaLoss:  2.75941
129,  0 | TrAcc: 0.4365, TrLoss:  1.83419, VaAcc: 0.3202, VaLoss:  2.74254
130,  0 | TrAcc: 0.4300, TrLoss:  1.85591, VaAcc: 0.3221, VaLoss:  2.76927
131,  0 | TrAcc: 0.4300, TrLoss:  1.85749, VaAcc: 0.3055, VaLoss:  2.77612
132,  0 | TrAcc: 0.4433, TrLoss:  1.80396, VaAcc: 0.3152, VaLoss:  2.73548
133,  0 | TrAcc: 0.4394, TrLoss:  1.82840, VaAcc: 0.3279, VaLoss:  2.74187
134,  0 | TrAcc: 0.4263, TrLoss:  1.86742, VaAcc: 0.3070, VaLoss:  2.78317
135,  0 | TrAcc: 0.4391, TrLoss:  1.82712, VaAcc: 0.2991, VaLoss:  2.76915
136,  0 | TrAcc: 0.4418, TrLoss:  1.81898, VaAcc: 0.3174, VaLoss:  2.74540
137,  0 | TrAcc: 0.4400, TrLoss:  1.83068, VaAcc: 0.3053, VaLoss:  2.75081
138,  0 | TrAcc: 0.4336, TrLoss:  1.83358, VaAcc: 0.2973, VaLoss:  2.73958
139,  0 | TrAcc: 0.4431, TrLoss:  1.80325, VaAcc: 0.3088, VaLoss:  2.76760
140,  0 | TrAcc: 0.4423, TrLoss:  1.82522, VaAcc: 0.3139, VaLoss:  2.75333
141,  0 | TrAcc: 0.4395, TrLoss:  1.82968, VaAcc: 0.3133, VaLoss:  2.73095
142,  0 | TrAcc: 0.4468, TrLoss:  1.80382, VaAcc: 0.3236, VaLoss:  2.70531
143,  0 | TrAcc: 0.4545, TrLoss:  1.79044, VaAcc: 0.3245, VaLoss:  2.70587
144,  0 | TrAcc: 0.4401, TrLoss:  1.81226, VaAcc: 0.2969, VaLoss:  2.74355
145,  0 | TrAcc: 0.4403, TrLoss:  1.81796, VaAcc: 0.3407, VaLoss:  2.71287
146,  0 | TrAcc: 0.4475, TrLoss:  1.78367, VaAcc: 0.3208, VaLoss:  2.72768
147,  0 | TrAcc: 0.4521, TrLoss:  1.78414, VaAcc: 0.3404, VaLoss:  2.70331
148,  0 | TrAcc: 0.4452, TrLoss:  1.80689, VaAcc: 0.3206, VaLoss:  2.72374
149,  0 | TrAcc: 0.4469, TrLoss:  1.79733, VaAcc: 0.3206, VaLoss:  2.76583
150,  0 | TrAcc: 0.4313, TrLoss:  1.85747, VaAcc: 0.3144, VaLoss:  2.73174
151,  0 | TrAcc: 0.4328, TrLoss:  1.83158, VaAcc: 0.3247, VaLoss:  2.72864
152,  0 | TrAcc: 0.4487, TrLoss:  1.79369, VaAcc: 0.3167, VaLoss:  2.73497
153,  0 | TrAcc: 0.4532, TrLoss:  1.78788, VaAcc: 0.3191, VaLoss:  2.72037
154,  0 | TrAcc: 0.4482, TrLoss:  1.80815, VaAcc: 0.3129, VaLoss:  2.74561
155,  0 | TrAcc: 0.4593, TrLoss:  1.76137, VaAcc: 0.3333, VaLoss:  2.70483
156,  0 | TrAcc: 0.4631, TrLoss:  1.76189, VaAcc: 0.3357, VaLoss:  2.70899
157,  0 | TrAcc: 0.4342, TrLoss:  1.85037, VaAcc: 0.3124, VaLoss:  2.74668
158,  0 | TrAcc: 0.4515, TrLoss:  1.78203, VaAcc: 0.2965, VaLoss:  2.75540
159,  0 | TrAcc: 0.4451, TrLoss:  1.81154, VaAcc: 0.2991, VaLoss:  2.76012
160,  0 | TrAcc: 0.4535, TrLoss:  1.75962, VaAcc: 0.3001, VaLoss:  2.74909
161,  0 | TrAcc: 0.4501, TrLoss:  1.78586, VaAcc: 0.3105, VaLoss:  2.73701
162,  0 | TrAcc: 0.4473, TrLoss:  1.79286, VaAcc: 0.3094, VaLoss:  2.74388
163,  0 | TrAcc: 0.4490, TrLoss:  1.79238, VaAcc: 0.2952, VaLoss:  2.74613
164,  0 | TrAcc: 0.4486, TrLoss:  1.79973, VaAcc: 0.2932, VaLoss:  2.76659
165,  0 | TrAcc: 0.4443, TrLoss:  1.79344, VaAcc: 0.2893, VaLoss:  2.75369
166,  0 | TrAcc: 0.4464, TrLoss:  1.80522, VaAcc: 0.3107, VaLoss:  2.73676
167,  0 | TrAcc: 0.4576, TrLoss:  1.76264, VaAcc: 0.3152, VaLoss:  2.73018
168,  0 | TrAcc: 0.4507, TrLoss:  1.79496, VaAcc: 0.2988, VaLoss:  2.74095
169,  0 | TrAcc: 0.4541, TrLoss:  1.77311, VaAcc: 0.2885, VaLoss:  2.73856
170,  0 | TrAcc: 0.4498, TrLoss:  1.77576, VaAcc: 0.2924, VaLoss:  2.77248
171,  0 | TrAcc: 0.4599, TrLoss:  1.76092, VaAcc: 0.3135, VaLoss:  2.72684
172,  0 | TrAcc: 0.4612, TrLoss:  1.75888, VaAcc: 0.3262, VaLoss:  2.75433
173,  0 | TrAcc: 0.4468, TrLoss:  1.79529, VaAcc: 0.3025, VaLoss:  2.76108
174,  0 | TrAcc: 0.4563, TrLoss:  1.77360, VaAcc: 0.2911, VaLoss:  2.75813
175,  0 | TrAcc: 0.4590, TrLoss:  1.76600, VaAcc: 0.3122, VaLoss:  2.74301
176,  0 | TrAcc: 0.4458, TrLoss:  1.80885, VaAcc: 0.2792, VaLoss:  2.78242
177,  0 | TrAcc: 0.4564, TrLoss:  1.76179, VaAcc: 0.3031, VaLoss:  2.74861
178,  0 | TrAcc: 0.4644, TrLoss:  1.74769, VaAcc: 0.3271, VaLoss:  2.73694
179,  0 | TrAcc: 0.4525, TrLoss:  1.77745, VaAcc: 0.2704, VaLoss:  2.80710
180,  0 | TrAcc: 0.4575, TrLoss:  1.77044, VaAcc: 0.2740, VaLoss:  2.78797
181,  0 | TrAcc: 0.4460, TrLoss:  1.80962, VaAcc: 0.2919, VaLoss:  2.75279
182,  0 | TrAcc: 0.4612, TrLoss:  1.74805, VaAcc: 0.3062, VaLoss:  2.77381
183,  0 | TrAcc: 0.4516, TrLoss:  1.77916, VaAcc: 0.2697, VaLoss:  2.80744
184,  0 | TrAcc: 0.4550, TrLoss:  1.75957, VaAcc: 0.3062, VaLoss:  2.74957
185,  0 | TrAcc: 0.4569, TrLoss:  1.76782, VaAcc: 0.2924, VaLoss:  2.75166
186,  0 | TrAcc: 0.4597, TrLoss:  1.74612, VaAcc: 0.3221, VaLoss:  2.74909
187,  0 | TrAcc: 0.4605, TrLoss:  1.76995, VaAcc: 0.2975, VaLoss:  2.73964
188,  0 | TrAcc: 0.4582, TrLoss:  1.75891, VaAcc: 0.3016, VaLoss:  2.74985
189,  0 | TrAcc: 0.4590, TrLoss:  1.74715, VaAcc: 0.3109, VaLoss:  2.75846
190,  0 | TrAcc: 0.4545, TrLoss:  1.76379, VaAcc: 0.2706, VaLoss:  2.76989
191,  0 | TrAcc: 0.4590, TrLoss:  1.74426, VaAcc: 0.2835, VaLoss:  2.78573
192,  0 | TrAcc: 0.4543, TrLoss:  1.78268, VaAcc: 0.2930, VaLoss:  2.76745
193,  0 | TrAcc: 0.4501, TrLoss:  1.76966, VaAcc: 0.3187, VaLoss:  2.75392
194,  0 | TrAcc: 0.4615, TrLoss:  1.76025, VaAcc: 0.3070, VaLoss:  2.73848
195,  0 | TrAcc: 0.4559, TrLoss:  1.75701, VaAcc: 0.3200, VaLoss:  2.73070
196,  0 | TrAcc: 0.4599, TrLoss:  1.74920, VaAcc: 0.2893, VaLoss:  2.77672
197,  0 | TrAcc: 0.4554, TrLoss:  1.75120, VaAcc: 0.2984, VaLoss:  2.79309
198,  0 | TrAcc: 0.4579, TrLoss:  1.74571, VaAcc: 0.3038, VaLoss:  2.75676
199,  0 | TrAcc: 0.4533, TrLoss:  1.76734, VaAcc: 0.3176, VaLoss:  2.77663

=============================
CONFIG FILE

RNN CONFIG
{'batchnorm': {'modes': [], 'momentum': 0.98, 'tau': 5, 'type': 'none'},
 'learning_rate': 0.02,
 'learning_rate_tau': 10000,
 'mode': {'max_epochs': 200, 'min_error': 0, 'name': 'classic'},
 'task_id': 2}

DATA CONFIG
{'dataset': 'timit',
 'remove_bias': False,
 'te': {'in_seq_len': 40,
        'max_truncation': 0,
        'minibatch_mode': False,
        'minibatch_size': 500},
 'tr': {'in_seq_len': 40,
        'max_truncation': 0,
        'minibatch_mode': True,
        'minibatch_size': 1000},
 'va': {'in_seq_len': 40,
        'max_truncation': 0,
        'minibatch_mode': False,
        'minibatch_size': 500}}

TRAINING CONFIG
{'discrete_acts': [],
 'gradient_clip_value': 0.5,
 'layer_configs': [{'layer_type': 'input'},
                   {'init_config': {'c': {'b': 'all_zero', 'w': 'xavier'},
                                    'f': {'b': 'all_one', 'w': 'xavier'},
                                    'i': {'b': 'all_zero', 'w': 'xavier'},
                                    'o': {'b': 'all_zero', 'w': 'xavier'}},
                    'layer_type': 'lstm',
                    'regularization': {'mode': 'none',
                                       'output_zo_prob': 0.01,
                                       'state_zo_prob': 0.05},
                    'var_scope': 'lstm_0'},
                   {'init_config': {'c': {'b': 'all_zero', 'w': 'xavier'},
                                    'f': {'b': 'all_one', 'w': 'xavier'},
                                    'i': {'b': 'all_zero', 'w': 'xavier'},
                                    'o': {'b': 'all_zero', 'w': 'xavier'}},
                    'layer_type': 'lstm',
                    'regularization': {'mode': 'none',
                                       'output_zo_prob': 0.01,
                                       'state_zo_prob': 0.05},
                    'var_scope': 'lstm_1'},
                   {'init_config': {'b': 'all_zero', 'w': 'xavier'},
                    'layer_type': 'fc',
                    'regularization': {'mode': 'l2', 'strength': 0.0},
                    'var_scope': 'output_layer'}],
 'layout': [13, 70, 100, 60],
 'n_bins': 2.0,
 'output_type': 'classification',
 'weight_type': 'binary'}
==============================


  0,  0 | TrAcc: 0.0207, TrLoss:  4.50052, VaAcc: 0.0164, VaLoss:  4.51050
  1,  0 | TrAcc: 0.1437, TrLoss:  3.34002, VaAcc: 0.0862, VaLoss:  3.60615
  2,  0 | TrAcc: 0.1488, TrLoss:  3.27582, VaAcc: 0.0750, VaLoss:  3.60757
  3,  0 | TrAcc: 0.1732, TrLoss:  3.17038, VaAcc: 0.0793, VaLoss:  3.53100
  4,  0 | TrAcc: 0.1683, TrLoss:  3.13508, VaAcc: 0.0940, VaLoss:  3.49393
  5,  0 | TrAcc: 0.1827, TrLoss:  3.05919, VaAcc: 0.1059, VaLoss:  3.46632
  6,  0 | TrAcc: 0.1592, TrLoss:  3.10945, VaAcc: 0.0750, VaLoss:  3.57264
  7,  0 | TrAcc: 0.1534, TrLoss:  3.18527, VaAcc: 0.0610, VaLoss:  3.63023
  8,  0 | TrAcc: 0.1804, TrLoss:  3.05232, VaAcc: 0.1016, VaLoss:  3.47470
  9,  0 | TrAcc: 0.1893, TrLoss:  3.03475, VaAcc: 0.1143, VaLoss:  3.45630
 10,  0 | TrAcc: 0.1879, TrLoss:  2.98374, VaAcc: 0.1085, VaLoss:  3.41873
 11,  0 | TrAcc: 0.2102, TrLoss:  2.88572, VaAcc: 0.1151, VaLoss:  3.36301
 12,  0 | TrAcc: 0.2102, TrLoss:  2.86381, VaAcc: 0.1147, VaLoss:  3.36332
 13,  0 | TrAcc: 0.1730, TrLoss:  3.07222, VaAcc: 0.0724, VaLoss:  3.58234
 14,  0 | TrAcc: 0.2018, TrLoss:  2.91239, VaAcc: 0.0873, VaLoss:  3.44296
 15,  0 | TrAcc: 0.2255, TrLoss:  2.79037, VaAcc: 0.1281, VaLoss:  3.30435
 16,  0 | TrAcc: 0.2300, TrLoss:  2.75296, VaAcc: 0.1352, VaLoss:  3.28486
 17,  0 | TrAcc: 0.2205, TrLoss:  2.79365, VaAcc: 0.1296, VaLoss:  3.30455
 18,  0 | TrAcc: 0.2352, TrLoss:  2.74966, VaAcc: 0.1154, VaLoss:  3.29809
 19,  0 | TrAcc: 0.2507, TrLoss:  2.64115, VaAcc: 0.1345, VaLoss:  3.24275
 20,  0 | TrAcc: 0.2611, TrLoss:  2.59391, VaAcc: 0.1563, VaLoss:  3.18674
 21,  0 | TrAcc: 0.2813, TrLoss:  2.51621, VaAcc: 0.1723, VaLoss:  3.15312
 22,  0 | TrAcc: 0.2886, TrLoss:  2.47031, VaAcc: 0.1621, VaLoss:  3.13558
 23,  0 | TrAcc: 0.2955, TrLoss:  2.45348, VaAcc: 0.1787, VaLoss:  3.11813
 24,  0 | TrAcc: 0.2896, TrLoss:  2.45333, VaAcc: 0.1915, VaLoss:  3.12302
 25,  0 | TrAcc: 0.3043, TrLoss:  2.41831, VaAcc: 0.1723, VaLoss:  3.10430
 26,  0 | TrAcc: 0.3082, TrLoss:  2.38506, VaAcc: 0.1895, VaLoss:  3.08867
 27,  0 | TrAcc: 0.3015, TrLoss:  2.39779, VaAcc: 0.1936, VaLoss:  3.07901
 28,  0 | TrAcc: 0.3080, TrLoss:  2.38616, VaAcc: 0.1973, VaLoss:  3.07837
 29,  0 | TrAcc: 0.3195, TrLoss:  2.33108, VaAcc: 0.2139, VaLoss:  3.01619
 30,  0 | TrAcc: 0.3211, TrLoss:  2.31355, VaAcc: 0.2247, VaLoss:  3.00801
 31,  0 | TrAcc: 0.3267, TrLoss:  2.29712, VaAcc: 0.2113, VaLoss:  3.01054
 32,  0 | TrAcc: 0.3219, TrLoss:  2.29898, VaAcc: 0.2122, VaLoss:  2.98362
 33,  0 | TrAcc: 0.3364, TrLoss:  2.27037, VaAcc: 0.2130, VaLoss:  2.97888
 34,  0 | TrAcc: 0.3392, TrLoss:  2.24203, VaAcc: 0.2184, VaLoss:  2.98253
 35,  0 | TrAcc: 0.3300, TrLoss:  2.26165, VaAcc: 0.2281, VaLoss:  2.97460
 36,  0 | TrAcc: 0.3460, TrLoss:  2.22946, VaAcc: 0.2091, VaLoss:  2.97804
 37,  0 | TrAcc: 0.3307, TrLoss:  2.27090, VaAcc: 0.2057, VaLoss:  2.99404
 38,  0 | TrAcc: 0.3406, TrLoss:  2.23996, VaAcc: 0.2311, VaLoss:  2.95373
 39,  0 | TrAcc: 0.3354, TrLoss:  2.24223, VaAcc: 0.2229, VaLoss:  2.95613
 40,  0 | TrAcc: 0.3547, TrLoss:  2.18336, VaAcc: 0.2495, VaLoss:  2.92132
 41,  0 | TrAcc: 0.3464, TrLoss:  2.19932, VaAcc: 0.2262, VaLoss:  2.94305
 42,  0 | TrAcc: 0.3457, TrLoss:  2.19982, VaAcc: 0.2439, VaLoss:  2.90974
 43,  0 | TrAcc: 0.3530, TrLoss:  2.18185, VaAcc: 0.2531, VaLoss:  2.92189
 44,  0 | TrAcc: 0.3590, TrLoss:  2.15834, VaAcc: 0.2456, VaLoss:  2.91556
 45,  0 | TrAcc: 0.3526, TrLoss:  2.16729, VaAcc: 0.2296, VaLoss:  2.89484
 46,  0 | TrAcc: 0.3561, TrLoss:  2.16269, VaAcc: 0.2611, VaLoss:  2.89817
 47,  0 | TrAcc: 0.3619, TrLoss:  2.12637, VaAcc: 0.2290, VaLoss:  2.92238
 48,  0 | TrAcc: 0.3509, TrLoss:  2.15775, VaAcc: 0.2363, VaLoss:  2.88895
 49,  0 | TrAcc: 0.3684, TrLoss:  2.10964, VaAcc: 0.2497, VaLoss:  2.87420
 50,  0 | TrAcc: 0.3700, TrLoss:  2.09115, VaAcc: 0.2376, VaLoss:  2.88427
 51,  0 | TrAcc: 0.3672, TrLoss:  2.09875, VaAcc: 0.2568, VaLoss:  2.88706
 52,  0 | TrAcc: 0.3682, TrLoss:  2.09539, VaAcc: 0.2501, VaLoss:  2.88227
 53,  0 | TrAcc: 0.3692, TrLoss:  2.10686, VaAcc: 0.2464, VaLoss:  2.87427
 54,  0 | TrAcc: 0.3745, TrLoss:  2.08796, VaAcc: 0.2229, VaLoss:  2.89771
 55,  0 | TrAcc: 0.3727, TrLoss:  2.08635, VaAcc: 0.2652, VaLoss:  2.88427
 56,  0 | TrAcc: 0.3681, TrLoss:  2.09491, VaAcc: 0.2648, VaLoss:  2.85753
 57,  0 | TrAcc: 0.3786, TrLoss:  2.05134, VaAcc: 0.2406, VaLoss:  2.87840
 58,  0 | TrAcc: 0.3825, TrLoss:  2.04538, VaAcc: 0.2661, VaLoss:  2.86970
 59,  0 | TrAcc: 0.3752, TrLoss:  2.06368, VaAcc: 0.2768, VaLoss:  2.83477
 60,  0 | TrAcc: 0.3768, TrLoss:  2.06077, VaAcc: 0.2579, VaLoss:  2.85813
 61,  0 | TrAcc: 0.3836, TrLoss:  2.03984, VaAcc: 0.2658, VaLoss:  2.84504
 62,  0 | TrAcc: 0.3891, TrLoss:  2.02155, VaAcc: 0.2665, VaLoss:  2.83499
 63,  0 | TrAcc: 0.3809, TrLoss:  2.03849, VaAcc: 0.2680, VaLoss:  2.84768
 64,  0 | TrAcc: 0.3887, TrLoss:  2.03732, VaAcc: 0.2883, VaLoss:  2.83445
 65,  0 | TrAcc: 0.3769, TrLoss:  2.06395, VaAcc: 0.2809, VaLoss:  2.82324
 66,  0 | TrAcc: 0.3936, TrLoss:  2.00521, VaAcc: 0.2786, VaLoss:  2.82571
 67,  0 | TrAcc: 0.3861, TrLoss:  2.03401, VaAcc: 0.2779, VaLoss:  2.83945
 68,  0 | TrAcc: 0.3948, TrLoss:  2.02156, VaAcc: 0.2725, VaLoss:  2.84341
 69,  0 | TrAcc: 0.3965, TrLoss:  2.00162, VaAcc: 0.2658, VaLoss:  2.82889
 70,  0 | TrAcc: 0.3923, TrLoss:  2.00886, VaAcc: 0.2773, VaLoss:  2.80788
 71,  0 | TrAcc: 0.3933, TrLoss:  2.00647, VaAcc: 0.2674, VaLoss:  2.82153
 72,  0 | TrAcc: 0.3987, TrLoss:  1.99861, VaAcc: 0.2868, VaLoss:  2.79201
 73,  0 | TrAcc: 0.3871, TrLoss:  1.99651, VaAcc: 0.2687, VaLoss:  2.83641
 74,  0 | TrAcc: 0.3966, TrLoss:  1.99248, VaAcc: 0.2796, VaLoss:  2.80864
 75,  0 | TrAcc: 0.4015, TrLoss:  1.97757, VaAcc: 0.2900, VaLoss:  2.81946
 76,  0 | TrAcc: 0.3866, TrLoss:  2.01013, VaAcc: 0.2753, VaLoss:  2.82939
 77,  0 | TrAcc: 0.3956, TrLoss:  1.98135, VaAcc: 0.3006, VaLoss:  2.78184
 78,  0 | TrAcc: 0.3970, TrLoss:  1.98643, VaAcc: 0.2930, VaLoss:  2.81346
 79,  0 | TrAcc: 0.3965, TrLoss:  1.98108, VaAcc: 0.2790, VaLoss:  2.81215
 80,  0 | TrAcc: 0.3999, TrLoss:  1.96589, VaAcc: 0.2736, VaLoss:  2.81664
 81,  0 | TrAcc: 0.4050, TrLoss:  1.95639, VaAcc: 0.2898, VaLoss:  2.77718
 82,  0 | TrAcc: 0.4015, TrLoss:  1.96869, VaAcc: 0.2708, VaLoss:  2.81464
 83,  0 | TrAcc: 0.4037, TrLoss:  1.97856, VaAcc: 0.2641, VaLoss:  2.83272
 84,  0 | TrAcc: 0.3999, TrLoss:  1.96885, VaAcc: 0.2822, VaLoss:  2.80263
 85,  0 | TrAcc: 0.4085, TrLoss:  1.95590, VaAcc: 0.2915, VaLoss:  2.81325
 86,  0 | TrAcc: 0.4113, TrLoss:  1.94567, VaAcc: 0.2844, VaLoss:  2.78013
 87,  0 | TrAcc: 0.4097, TrLoss:  1.96540, VaAcc: 0.2816, VaLoss:  2.80016
 88,  0 | TrAcc: 0.4190, TrLoss:  1.92305, VaAcc: 0.3053, VaLoss:  2.77642
 89,  0 | TrAcc: 0.4086, TrLoss:  1.96704, VaAcc: 0.2896, VaLoss:  2.79460
 90,  0 | TrAcc: 0.4020, TrLoss:  1.97048, VaAcc: 0.2818, VaLoss:  2.82374
 91,  0 | TrAcc: 0.4100, TrLoss:  1.92562, VaAcc: 0.2956, VaLoss:  2.79401
 92,  0 | TrAcc: 0.4066, TrLoss:  1.94824, VaAcc: 0.2794, VaLoss:  2.80157
 93,  0 | TrAcc: 0.4115, TrLoss:  1.91850, VaAcc: 0.2975, VaLoss:  2.78221
 94,  0 | TrAcc: 0.4158, TrLoss:  1.91738, VaAcc: 0.3040, VaLoss:  2.80286
 95,  0 | TrAcc: 0.4082, TrLoss:  1.95400, VaAcc: 0.2818, VaLoss:  2.81395
 96,  0 | TrAcc: 0.4116, TrLoss:  1.93406, VaAcc: 0.3016, VaLoss:  2.79730
 97,  0 | TrAcc: 0.4073, TrLoss:  1.92231, VaAcc: 0.2855, VaLoss:  2.78869
 98,  0 | TrAcc: 0.4197, TrLoss:  1.91390, VaAcc: 0.3103, VaLoss:  2.77222
 99,  0 | TrAcc: 0.4128, TrLoss:  1.93126, VaAcc: 0.3066, VaLoss:  2.75926
100,  0 | TrAcc: 0.4176, TrLoss:  1.92059, VaAcc: 0.3090, VaLoss:  2.79778
101,  0 | TrAcc: 0.4183, TrLoss:  1.91937, VaAcc: 0.3047, VaLoss:  2.78738
102,  0 | TrAcc: 0.4176, TrLoss:  1.91599, VaAcc: 0.3146, VaLoss:  2.76397
103,  0 | TrAcc: 0.4123, TrLoss:  1.94553, VaAcc: 0.3036, VaLoss:  2.79605
104,  0 | TrAcc: 0.4184, TrLoss:  1.91838, VaAcc: 0.2939, VaLoss:  2.79976
105,  0 | TrAcc: 0.4069, TrLoss:  1.95907, VaAcc: 0.2887, VaLoss:  2.80700
106,  0 | TrAcc: 0.4161, TrLoss:  1.92584, VaAcc: 0.2945, VaLoss:  2.79655
107,  0 | TrAcc: 0.4174, TrLoss:  1.91178, VaAcc: 0.2803, VaLoss:  2.78765
108,  0 | TrAcc: 0.4113, TrLoss:  1.91127, VaAcc: 0.2917, VaLoss:  2.78941
109,  0 | TrAcc: 0.4235, TrLoss:  1.91211, VaAcc: 0.3034, VaLoss:  2.77114
110,  0 | TrAcc: 0.4097, TrLoss:  1.92223, VaAcc: 0.2865, VaLoss:  2.81942
111,  0 | TrAcc: 0.4145, TrLoss:  1.90716, VaAcc: 0.2969, VaLoss:  2.77651
112,  0 | TrAcc: 0.4218, TrLoss:  1.91120, VaAcc: 0.3060, VaLoss:  2.77458
113,  0 | TrAcc: 0.4237, TrLoss:  1.89700, VaAcc: 0.2863, VaLoss:  2.77933
114,  0 | TrAcc: 0.4163, TrLoss:  1.90526, VaAcc: 0.2954, VaLoss:  2.80721
115,  0 | TrAcc: 0.4154, TrLoss:  1.89450, VaAcc: 0.2775, VaLoss:  2.80320
116,  0 | TrAcc: 0.4194, TrLoss:  1.90418, VaAcc: 0.3036, VaLoss:  2.76679
117,  0 | TrAcc: 0.4225, TrLoss:  1.89667, VaAcc: 0.3126, VaLoss:  2.78028
118,  0 | TrAcc: 0.4225, TrLoss:  1.88781, VaAcc: 0.3092, VaLoss:  2.77115
119,  0 | TrAcc: 0.4305, TrLoss:  1.88152, VaAcc: 0.3107, VaLoss:  2.76046
120,  0 | TrAcc: 0.4214, TrLoss:  1.90624, VaAcc: 0.2922, VaLoss:  2.80764
121,  0 | TrAcc: 0.4315, TrLoss:  1.86634, VaAcc: 0.3148, VaLoss:  2.76317
122,  0 | TrAcc: 0.4290, TrLoss:  1.87277, VaAcc: 0.3070, VaLoss:  2.77403
123,  0 | TrAcc: 0.4329, TrLoss:  1.86054, VaAcc: 0.3159, VaLoss:  2.75664
124,  0 | TrAcc: 0.4265, TrLoss:  1.87879, VaAcc: 0.3038, VaLoss:  2.77377
125,  0 | TrAcc: 0.4312, TrLoss:  1.86864, VaAcc: 0.2954, VaLoss:  2.79971
126,  0 | TrAcc: 0.4313, TrLoss:  1.85259, VaAcc: 0.3021, VaLoss:  2.78474
127,  0 | TrAcc: 0.4274, TrLoss:  1.87541, VaAcc: 0.2969, VaLoss:  2.79621
128,  0 | TrAcc: 0.4352, TrLoss:  1.84882, VaAcc: 0.3284, VaLoss:  2.75256
129,  0 | TrAcc: 0.4225, TrLoss:  1.88477, VaAcc: 0.3012, VaLoss:  2.80051
130,  0 | TrAcc: 0.4290, TrLoss:  1.86664, VaAcc: 0.3191, VaLoss:  2.77527
131,  0 | TrAcc: 0.4325, TrLoss:  1.86315, VaAcc: 0.3047, VaLoss:  2.79739
132,  0 | TrAcc: 0.4309, TrLoss:  1.86484, VaAcc: 0.3016, VaLoss:  2.77870
133,  0 | TrAcc: 0.4388, TrLoss:  1.83953, VaAcc: 0.3122, VaLoss:  2.75974
134,  0 | TrAcc: 0.4369, TrLoss:  1.84353, VaAcc: 0.3310, VaLoss:  2.72774
135,  0 | TrAcc: 0.4371, TrLoss:  1.84568, VaAcc: 0.2971, VaLoss:  2.76936
136,  0 | TrAcc: 0.4336, TrLoss:  1.84502, VaAcc: 0.3100, VaLoss:  2.77455
137,  0 | TrAcc: 0.4422, TrLoss:  1.81082, VaAcc: 0.3051, VaLoss:  2.78917
138,  0 | TrAcc: 0.4341, TrLoss:  1.84068, VaAcc: 0.3223, VaLoss:  2.74306
139,  0 | TrAcc: 0.4330, TrLoss:  1.86283, VaAcc: 0.2870, VaLoss:  2.77488
140,  0 | TrAcc: 0.4334, TrLoss:  1.84158, VaAcc: 0.3090, VaLoss:  2.76805
141,  0 | TrAcc: 0.4464, TrLoss:  1.81924, VaAcc: 0.3310, VaLoss:  2.75159
142,  0 | TrAcc: 0.4348, TrLoss:  1.85258, VaAcc: 0.3118, VaLoss:  2.75391
143,  0 | TrAcc: 0.4298, TrLoss:  1.85037, VaAcc: 0.3157, VaLoss:  2.75106
144,  0 | TrAcc: 0.4314, TrLoss:  1.85469, VaAcc: 0.2997, VaLoss:  2.78799
145,  0 | TrAcc: 0.4449, TrLoss:  1.80842, VaAcc: 0.3062, VaLoss:  2.77300
146,  0 | TrAcc: 0.4438, TrLoss:  1.82259, VaAcc: 0.3182, VaLoss:  2.75261
147,  0 | TrAcc: 0.4392, TrLoss:  1.82719, VaAcc: 0.3051, VaLoss:  2.78558
148,  0 | TrAcc: 0.4365, TrLoss:  1.85742, VaAcc: 0.2930, VaLoss:  2.79206
149,  0 | TrAcc: 0.4395, TrLoss:  1.82817, VaAcc: 0.3010, VaLoss:  2.78299
150,  0 | TrAcc: 0.4351, TrLoss:  1.83442, VaAcc: 0.2943, VaLoss:  2.79026
151,  0 | TrAcc: 0.4391, TrLoss:  1.82517, VaAcc: 0.2919, VaLoss:  2.78331
152,  0 | TrAcc: 0.4333, TrLoss:  1.85459, VaAcc: 0.2919, VaLoss:  2.83360
153,  0 | TrAcc: 0.4373, TrLoss:  1.83183, VaAcc: 0.3001, VaLoss:  2.81673
154,  0 | TrAcc: 0.4362, TrLoss:  1.83178, VaAcc: 0.2973, VaLoss:  2.77487
155,  0 | TrAcc: 0.4416, TrLoss:  1.82965, VaAcc: 0.3092, VaLoss:  2.78267
156,  0 | TrAcc: 0.4434, TrLoss:  1.82440, VaAcc: 0.3146, VaLoss:  2.75845
157,  0 | TrAcc: 0.4389, TrLoss:  1.83940, VaAcc: 0.2900, VaLoss:  2.79641
158,  0 | TrAcc: 0.4360, TrLoss:  1.82398, VaAcc: 0.3075, VaLoss:  2.74631
159,  0 | TrAcc: 0.4345, TrLoss:  1.83327, VaAcc: 0.3049, VaLoss:  2.78304
160,  0 | TrAcc: 0.4372, TrLoss:  1.82652, VaAcc: 0.3187, VaLoss:  2.77549
161,  0 | TrAcc: 0.4422, TrLoss:  1.82491, VaAcc: 0.3088, VaLoss:  2.77461
162,  0 | TrAcc: 0.4483, TrLoss:  1.80194, VaAcc: 0.3197, VaLoss:  2.76674
163,  0 | TrAcc: 0.4419, TrLoss:  1.81413, VaAcc: 0.3135, VaLoss:  2.76792
164,  0 | TrAcc: 0.4513, TrLoss:  1.79648, VaAcc: 0.2861, VaLoss:  2.77166
165,  0 | TrAcc: 0.4490, TrLoss:  1.79006, VaAcc: 0.3174, VaLoss:  2.75069
166,  0 | TrAcc: 0.4327, TrLoss:  1.83497, VaAcc: 0.3172, VaLoss:  2.78880
167,  0 | TrAcc: 0.4388, TrLoss:  1.83967, VaAcc: 0.2833, VaLoss:  2.80850
168,  0 | TrAcc: 0.4548, TrLoss:  1.78235, VaAcc: 0.3310, VaLoss:  2.74957
169,  0 | TrAcc: 0.4492, TrLoss:  1.78834, VaAcc: 0.2833, VaLoss:  2.78440
170,  0 | TrAcc: 0.4426, TrLoss:  1.82599, VaAcc: 0.3088, VaLoss:  2.76632
171,  0 | TrAcc: 0.4446, TrLoss:  1.80961, VaAcc: 0.3230, VaLoss:  2.76884
172,  0 | TrAcc: 0.4411, TrLoss:  1.82234, VaAcc: 0.3163, VaLoss:  2.78223
173,  0 | TrAcc: 0.4518, TrLoss:  1.81487, VaAcc: 0.2982, VaLoss:  2.78051
174,  0 | TrAcc: 0.4437, TrLoss:  1.80723, VaAcc: 0.2958, VaLoss:  2.79022
175,  0 | TrAcc: 0.4429, TrLoss:  1.81018, VaAcc: 0.2958, VaLoss:  2.78127
176,  0 | TrAcc: 0.4467, TrLoss:  1.80806, VaAcc: 0.2999, VaLoss:  2.77011
177,  0 | TrAcc: 0.4505, TrLoss:  1.78762, VaAcc: 0.2917, VaLoss:  2.79632
178,  0 | TrAcc: 0.4521, TrLoss:  1.79404, VaAcc: 0.2913, VaLoss:  2.78316
179,  0 | TrAcc: 0.4489, TrLoss:  1.79274, VaAcc: 0.3008, VaLoss:  2.77946
180,  0 | TrAcc: 0.4473, TrLoss:  1.80391, VaAcc: 0.2848, VaLoss:  2.78751
181,  0 | TrAcc: 0.4507, TrLoss:  1.77993, VaAcc: 0.3008, VaLoss:  2.78635
182,  0 | TrAcc: 0.4510, TrLoss:  1.79470, VaAcc: 0.3150, VaLoss:  2.76205
183,  0 | TrAcc: 0.4466, TrLoss:  1.80651, VaAcc: 0.2958, VaLoss:  2.78254
184,  0 | TrAcc: 0.4498, TrLoss:  1.79659, VaAcc: 0.3051, VaLoss:  2.78115
185,  0 | TrAcc: 0.4464, TrLoss:  1.79898, VaAcc: 0.2863, VaLoss:  2.80697
186,  0 | TrAcc: 0.4495, TrLoss:  1.77643, VaAcc: 0.3019, VaLoss:  2.79337
187,  0 | TrAcc: 0.4466, TrLoss:  1.79628, VaAcc: 0.2926, VaLoss:  2.77675
188,  0 | TrAcc: 0.4465, TrLoss:  1.79626, VaAcc: 0.2999, VaLoss:  2.77174
189,  0 | TrAcc: 0.4527, TrLoss:  1.78927, VaAcc: 0.2868, VaLoss:  2.80561
190,  0 | TrAcc: 0.4520, TrLoss:  1.78760, VaAcc: 0.3092, VaLoss:  2.78615
191,  0 | TrAcc: 0.4587, TrLoss:  1.79431, VaAcc: 0.2991, VaLoss:  2.77152
192,  0 | TrAcc: 0.4563, TrLoss:  1.77076, VaAcc: 0.3247, VaLoss:  2.75367
193,  0 | TrAcc: 0.4520, TrLoss:  1.78583, VaAcc: 0.2969, VaLoss:  2.78622
194,  0 | TrAcc: 0.4445, TrLoss:  1.81566, VaAcc: 0.3161, VaLoss:  2.78037
195,  0 | TrAcc: 0.4595, TrLoss:  1.75934, VaAcc: 0.3070, VaLoss:  2.77655
196,  0 | TrAcc: 0.4487, TrLoss:  1.80369, VaAcc: 0.3152, VaLoss:  2.79536
197,  0 | TrAcc: 0.4502, TrLoss:  1.77875, VaAcc: 0.3148, VaLoss:  2.75368
198,  0 | TrAcc: 0.4623, TrLoss:  1.74568, VaAcc: 0.3264, VaLoss:  2.74074
199,  0 | TrAcc: 0.4534, TrLoss:  1.77179, VaAcc: 0.3286, VaLoss:  2.79226

=============================
CONFIG FILE

RNN CONFIG
{'batchnorm': {'modes': [], 'momentum': 0.98, 'tau': 5, 'type': 'none'},
 'learning_rate': 0.02,
 'learning_rate_tau': 10000,
 'mode': {'max_epochs': 200, 'min_error': 0, 'name': 'classic'},
 'task_id': 2}

DATA CONFIG
{'dataset': 'timit',
 'remove_bias': False,
 'te': {'in_seq_len': 40,
        'max_truncation': 0,
        'minibatch_mode': False,
        'minibatch_size': 500},
 'tr': {'in_seq_len': 40,
        'max_truncation': 0,
        'minibatch_mode': True,
        'minibatch_size': 1000},
 'va': {'in_seq_len': 40,
        'max_truncation': 0,
        'minibatch_mode': False,
        'minibatch_size': 500}}

TRAINING CONFIG
{'discrete_acts': [],
 'gradient_clip_value': 0.5,
 'layer_configs': [{'layer_type': 'input'},
                   {'init_config': {'c': {'b': 'all_zero', 'w': 'xavier'},
                                    'f': {'b': 'all_one', 'w': 'xavier'},
                                    'i': {'b': 'all_zero', 'w': 'xavier'},
                                    'o': {'b': 'all_zero', 'w': 'xavier'}},
                    'layer_type': 'lstm',
                    'regularization': {'mode': 'none',
                                       'output_zo_prob': 0.01,
                                       'state_zo_prob': 0.05},
                    'var_scope': 'lstm_0'},
                   {'init_config': {'c': {'b': 'all_zero', 'w': 'xavier'},
                                    'f': {'b': 'all_one', 'w': 'xavier'},
                                    'i': {'b': 'all_zero', 'w': 'xavier'},
                                    'o': {'b': 'all_zero', 'w': 'xavier'}},
                    'layer_type': 'lstm',
                    'regularization': {'mode': 'none',
                                       'output_zo_prob': 0.01,
                                       'state_zo_prob': 0.05},
                    'var_scope': 'lstm_1'},
                   {'init_config': {'b': 'all_zero', 'w': 'xavier'},
                    'layer_type': 'fc',
                    'regularization': {'mode': 'l2', 'strength': 0.0},
                    'var_scope': 'output_layer'}],
 'layout': [13, 70, 100, 60],
 'n_bins': 2.0,
 'output_type': 'classification',
 'weight_type': 'binary'}
==============================


  0,  0 | TrAcc: 0.0149, TrLoss:  4.58228, VaAcc: 0.0166, VaLoss:  4.55529
  1,  0 | TrAcc: 0.1255, TrLoss:  3.43785, VaAcc: 0.0778, VaLoss:  3.70243
  2,  0 | TrAcc: 0.1489, TrLoss:  3.29734, VaAcc: 0.0770, VaLoss:  3.62736
  3,  0 | TrAcc: 0.1635, TrLoss:  3.18442, VaAcc: 0.0623, VaLoss:  3.57892
  4,  0 | TrAcc: 0.1775, TrLoss:  3.08816, VaAcc: 0.0860, VaLoss:  3.50989
  5,  0 | TrAcc: 0.1718, TrLoss:  3.13206, VaAcc: 0.0522, VaLoss:  3.61440
  6,  0 | TrAcc: 0.1870, TrLoss:  3.05146, VaAcc: 0.0873, VaLoss:  3.49550
  7,  0 | TrAcc: 0.1794, TrLoss:  3.03209, VaAcc: 0.1044, VaLoss:  3.44381
  8,  0 | TrAcc: 0.1849, TrLoss:  2.98665, VaAcc: 0.1037, VaLoss:  3.41270
  9,  0 | TrAcc: 0.2011, TrLoss:  2.90033, VaAcc: 0.1130, VaLoss:  3.35521
 10,  0 | TrAcc: 0.1939, TrLoss:  2.92582, VaAcc: 0.1149, VaLoss:  3.39143
 11,  0 | TrAcc: 0.2205, TrLoss:  2.82810, VaAcc: 0.1164, VaLoss:  3.35268
 12,  0 | TrAcc: 0.2056, TrLoss:  2.89503, VaAcc: 0.1220, VaLoss:  3.34560
 13,  0 | TrAcc: 0.1878, TrLoss:  2.92171, VaAcc: 0.0953, VaLoss:  3.41211
 14,  0 | TrAcc: 0.1868, TrLoss:  2.97745, VaAcc: 0.0748, VaLoss:  3.49803
 15,  0 | TrAcc: 0.1936, TrLoss:  2.94695, VaAcc: 0.0778, VaLoss:  3.49100
 16,  0 | TrAcc: 0.2150, TrLoss:  2.84582, VaAcc: 0.0832, VaLoss:  3.41877
 17,  0 | TrAcc: 0.2235, TrLoss:  2.79077, VaAcc: 0.1339, VaLoss:  3.31081
 18,  0 | TrAcc: 0.2408, TrLoss:  2.68311, VaAcc: 0.1376, VaLoss:  3.25730
 19,  0 | TrAcc: 0.2522, TrLoss:  2.67329, VaAcc: 0.1438, VaLoss:  3.25178
 20,  0 | TrAcc: 0.2546, TrLoss:  2.65786, VaAcc: 0.1477, VaLoss:  3.25250
 21,  0 | TrAcc: 0.2398, TrLoss:  2.67622, VaAcc: 0.1358, VaLoss:  3.26963
 22,  0 | TrAcc: 0.2494, TrLoss:  2.65360, VaAcc: 0.1453, VaLoss:  3.25528
 23,  0 | TrAcc: 0.2344, TrLoss:  2.71682, VaAcc: 0.1154, VaLoss:  3.30016
 24,  0 | TrAcc: 0.2238, TrLoss:  2.76324, VaAcc: 0.1279, VaLoss:  3.34530
 25,  0 | TrAcc: 0.2330, TrLoss:  2.74214, VaAcc: 0.1373, VaLoss:  3.31381
 26,  0 | TrAcc: 0.2450, TrLoss:  2.67399, VaAcc: 0.1136, VaLoss:  3.34811
 27,  0 | TrAcc: 0.2505, TrLoss:  2.61120, VaAcc: 0.1386, VaLoss:  3.26262
 28,  0 | TrAcc: 0.2573, TrLoss:  2.57986, VaAcc: 0.1514, VaLoss:  3.23507
 29,  0 | TrAcc: 0.2805, TrLoss:  2.49318, VaAcc: 0.1697, VaLoss:  3.16557
 30,  0 | TrAcc: 0.2812, TrLoss:  2.48239, VaAcc: 0.1697, VaLoss:  3.13921
 31,  0 | TrAcc: 0.2942, TrLoss:  2.41131, VaAcc: 0.1867, VaLoss:  3.10776
 32,  0 | TrAcc: 0.2959, TrLoss:  2.40986, VaAcc: 0.1878, VaLoss:  3.10438
 33,  0 | TrAcc: 0.2909, TrLoss:  2.41249, VaAcc: 0.1861, VaLoss:  3.09096
 34,  0 | TrAcc: 0.3019, TrLoss:  2.37882, VaAcc: 0.1928, VaLoss:  3.05458
 35,  0 | TrAcc: 0.2991, TrLoss:  2.38156, VaAcc: 0.2003, VaLoss:  3.03657
 36,  0 | TrAcc: 0.3150, TrLoss:  2.31644, VaAcc: 0.2178, VaLoss:  3.01819
 37,  0 | TrAcc: 0.3131, TrLoss:  2.30871, VaAcc: 0.2124, VaLoss:  3.01631
 38,  0 | TrAcc: 0.3198, TrLoss:  2.29207, VaAcc: 0.2178, VaLoss:  3.00625
 39,  0 | TrAcc: 0.3296, TrLoss:  2.25838, VaAcc: 0.2152, VaLoss:  2.97925
 40,  0 | TrAcc: 0.3254, TrLoss:  2.27225, VaAcc: 0.2132, VaLoss:  2.97234
 41,  0 | TrAcc: 0.3270, TrLoss:  2.24860, VaAcc: 0.2182, VaLoss:  2.97333
 42,  0 | TrAcc: 0.3249, TrLoss:  2.25135, VaAcc: 0.2344, VaLoss:  2.97064
 43,  0 | TrAcc: 0.3389, TrLoss:  2.24914, VaAcc: 0.2316, VaLoss:  2.98429
 44,  0 | TrAcc: 0.3426, TrLoss:  2.22382, VaAcc: 0.2167, VaLoss:  2.94437
 45,  0 | TrAcc: 0.3316, TrLoss:  2.21802, VaAcc: 0.2255, VaLoss:  2.95362
 46,  0 | TrAcc: 0.3327, TrLoss:  2.24262, VaAcc: 0.2480, VaLoss:  2.93233
 47,  0 | TrAcc: 0.3373, TrLoss:  2.20450, VaAcc: 0.2417, VaLoss:  2.92557
 48,  0 | TrAcc: 0.3464, TrLoss:  2.17872, VaAcc: 0.2268, VaLoss:  2.92726
 49,  0 | TrAcc: 0.3411, TrLoss:  2.16783, VaAcc: 0.2275, VaLoss:  2.92583
 50,  0 | TrAcc: 0.3472, TrLoss:  2.17622, VaAcc: 0.2361, VaLoss:  2.93327
 51,  0 | TrAcc: 0.3491, TrLoss:  2.17410, VaAcc: 0.2361, VaLoss:  2.92957
 52,  0 | TrAcc: 0.3532, TrLoss:  2.14655, VaAcc: 0.2577, VaLoss:  2.88469
 53,  0 | TrAcc: 0.3518, TrLoss:  2.15001, VaAcc: 0.2553, VaLoss:  2.91194
 54,  0 | TrAcc: 0.3469, TrLoss:  2.15289, VaAcc: 0.2449, VaLoss:  2.90286
 55,  0 | TrAcc: 0.3464, TrLoss:  2.14390, VaAcc: 0.2426, VaLoss:  2.90480
 56,  0 | TrAcc: 0.3554, TrLoss:  2.13019, VaAcc: 0.2630, VaLoss:  2.87897
 57,  0 | TrAcc: 0.3548, TrLoss:  2.12693, VaAcc: 0.2695, VaLoss:  2.88519
 58,  0 | TrAcc: 0.3555, TrLoss:  2.12640, VaAcc: 0.2538, VaLoss:  2.88770
 59,  0 | TrAcc: 0.3662, TrLoss:  2.10347, VaAcc: 0.2585, VaLoss:  2.87888
 60,  0 | TrAcc: 0.3652, TrLoss:  2.09507, VaAcc: 0.2574, VaLoss:  2.86981
 61,  0 | TrAcc: 0.3763, TrLoss:  2.06658, VaAcc: 0.2682, VaLoss:  2.84372
 62,  0 | TrAcc: 0.3784, TrLoss:  2.07059, VaAcc: 0.2762, VaLoss:  2.86023
 63,  0 | TrAcc: 0.3670, TrLoss:  2.08674, VaAcc: 0.2732, VaLoss:  2.83683
 64,  0 | TrAcc: 0.3656, TrLoss:  2.09203, VaAcc: 0.2689, VaLoss:  2.88221
 65,  0 | TrAcc: 0.3789, TrLoss:  2.06771, VaAcc: 0.2736, VaLoss:  2.84575
 66,  0 | TrAcc: 0.3676, TrLoss:  2.08322, VaAcc: 0.2747, VaLoss:  2.87062
 67,  0 | TrAcc: 0.3718, TrLoss:  2.06920, VaAcc: 0.2570, VaLoss:  2.86731
 68,  0 | TrAcc: 0.3758, TrLoss:  2.05127, VaAcc: 0.2557, VaLoss:  2.86175
 69,  0 | TrAcc: 0.3849, TrLoss:  2.02183, VaAcc: 0.2762, VaLoss:  2.85009
 70,  0 | TrAcc: 0.3876, TrLoss:  2.03888, VaAcc: 0.2751, VaLoss:  2.85633
 71,  0 | TrAcc: 0.3800, TrLoss:  2.04133, VaAcc: 0.2723, VaLoss:  2.83163
 72,  0 | TrAcc: 0.3801, TrLoss:  2.03590, VaAcc: 0.2689, VaLoss:  2.84572
 73,  0 | TrAcc: 0.3885, TrLoss:  2.01279, VaAcc: 0.2687, VaLoss:  2.84201
 74,  0 | TrAcc: 0.3758, TrLoss:  2.06069, VaAcc: 0.2635, VaLoss:  2.84216
 75,  0 | TrAcc: 0.3885, TrLoss:  2.01960, VaAcc: 0.2926, VaLoss:  2.83499
 76,  0 | TrAcc: 0.3908, TrLoss:  1.99477, VaAcc: 0.2805, VaLoss:  2.82191
 77,  0 | TrAcc: 0.3906, TrLoss:  2.01322, VaAcc: 0.2850, VaLoss:  2.83497
 78,  0 | TrAcc: 0.3942, TrLoss:  1.99129, VaAcc: 0.3083, VaLoss:  2.80262
 79,  0 | TrAcc: 0.3900, TrLoss:  2.00801, VaAcc: 0.2764, VaLoss:  2.85305
 80,  0 | TrAcc: 0.3883, TrLoss:  2.01578, VaAcc: 0.2967, VaLoss:  2.81010
 81,  0 | TrAcc: 0.3802, TrLoss:  2.02487, VaAcc: 0.2954, VaLoss:  2.81850
 82,  0 | TrAcc: 0.3930, TrLoss:  2.00523, VaAcc: 0.2960, VaLoss:  2.81181
 83,  0 | TrAcc: 0.4044, TrLoss:  1.98727, VaAcc: 0.2881, VaLoss:  2.81084
 84,  0 | TrAcc: 0.4034, TrLoss:  1.96632, VaAcc: 0.2855, VaLoss:  2.80257
 85,  0 | TrAcc: 0.3962, TrLoss:  2.00338, VaAcc: 0.2790, VaLoss:  2.85648
 86,  0 | TrAcc: 0.3929, TrLoss:  1.99109, VaAcc: 0.2859, VaLoss:  2.83531
 87,  0 | TrAcc: 0.3895, TrLoss:  2.00968, VaAcc: 0.2950, VaLoss:  2.81313
 88,  0 | TrAcc: 0.3993, TrLoss:  1.97339, VaAcc: 0.2891, VaLoss:  2.81590
 89,  0 | TrAcc: 0.4047, TrLoss:  1.95164, VaAcc: 0.2984, VaLoss:  2.80437
 90,  0 | TrAcc: 0.4003, TrLoss:  1.95868, VaAcc: 0.2863, VaLoss:  2.80419
 91,  0 | TrAcc: 0.4000, TrLoss:  1.96907, VaAcc: 0.2818, VaLoss:  2.80463
 92,  0 | TrAcc: 0.4035, TrLoss:  1.95448, VaAcc: 0.3006, VaLoss:  2.81570
 93,  0 | TrAcc: 0.4014, TrLoss:  1.96820, VaAcc: 0.2848, VaLoss:  2.79961
 94,  0 | TrAcc: 0.3928, TrLoss:  2.00742, VaAcc: 0.2861, VaLoss:  2.84204
 95,  0 | TrAcc: 0.3983, TrLoss:  1.96490, VaAcc: 0.3129, VaLoss:  2.80371
 96,  0 | TrAcc: 0.4045, TrLoss:  1.95835, VaAcc: 0.2840, VaLoss:  2.79124
 97,  0 | TrAcc: 0.4134, TrLoss:  1.92944, VaAcc: 0.2945, VaLoss:  2.81397
 98,  0 | TrAcc: 0.4127, TrLoss:  1.92661, VaAcc: 0.2876, VaLoss:  2.81937
 99,  0 | TrAcc: 0.4192, TrLoss:  1.91604, VaAcc: 0.2973, VaLoss:  2.79970
100,  0 | TrAcc: 0.4058, TrLoss:  1.94151, VaAcc: 0.2861, VaLoss:  2.81403
101,  0 | TrAcc: 0.4101, TrLoss:  1.92345, VaAcc: 0.2863, VaLoss:  2.78492
102,  0 | TrAcc: 0.4063, TrLoss:  1.94234, VaAcc: 0.2924, VaLoss:  2.80738
103,  0 | TrAcc: 0.4078, TrLoss:  1.93693, VaAcc: 0.2837, VaLoss:  2.79896
104,  0 | TrAcc: 0.4080, TrLoss:  1.92609, VaAcc: 0.3118, VaLoss:  2.78421
105,  0 | TrAcc: 0.4079, TrLoss:  1.94822, VaAcc: 0.2986, VaLoss:  2.79798
106,  0 | TrAcc: 0.4189, TrLoss:  1.90622, VaAcc: 0.3029, VaLoss:  2.79004
107,  0 | TrAcc: 0.4206, TrLoss:  1.89879, VaAcc: 0.2969, VaLoss:  2.78182
108,  0 | TrAcc: 0.4175, TrLoss:  1.89675, VaAcc: 0.3010, VaLoss:  2.77341
109,  0 | TrAcc: 0.4207, TrLoss:  1.90115, VaAcc: 0.3169, VaLoss:  2.76961
110,  0 | TrAcc: 0.4193, TrLoss:  1.90076, VaAcc: 0.3036, VaLoss:  2.75862
111,  0 | TrAcc: 0.4261, TrLoss:  1.87836, VaAcc: 0.3176, VaLoss:  2.74884
112,  0 | TrAcc: 0.4283, TrLoss:  1.88282, VaAcc: 0.2978, VaLoss:  2.79220
113,  0 | TrAcc: 0.4312, TrLoss:  1.87462, VaAcc: 0.3053, VaLoss:  2.77959
114,  0 | TrAcc: 0.4250, TrLoss:  1.88933, VaAcc: 0.3070, VaLoss:  2.76734
115,  0 | TrAcc: 0.4036, TrLoss:  1.93742, VaAcc: 0.2745, VaLoss:  2.80418
116,  0 | TrAcc: 0.4214, TrLoss:  1.89630, VaAcc: 0.2954, VaLoss:  2.76786
117,  0 | TrAcc: 0.4249, TrLoss:  1.88678, VaAcc: 0.3019, VaLoss:  2.78392
118,  0 | TrAcc: 0.4276, TrLoss:  1.88358, VaAcc: 0.2956, VaLoss:  2.80814
119,  0 | TrAcc: 0.4212, TrLoss:  1.89669, VaAcc: 0.3006, VaLoss:  2.79131
120,  0 | TrAcc: 0.4184, TrLoss:  1.91519, VaAcc: 0.2943, VaLoss:  2.79233
121,  0 | TrAcc: 0.4243, TrLoss:  1.89911, VaAcc: 0.2904, VaLoss:  2.80276
122,  0 | TrAcc: 0.4296, TrLoss:  1.88088, VaAcc: 0.3019, VaLoss:  2.78179
123,  0 | TrAcc: 0.4210, TrLoss:  1.89103, VaAcc: 0.2816, VaLoss:  2.78690
124,  0 | TrAcc: 0.4205, TrLoss:  1.89374, VaAcc: 0.2969, VaLoss:  2.78674
125,  0 | TrAcc: 0.4323, TrLoss:  1.85373, VaAcc: 0.3051, VaLoss:  2.75928
126,  0 | TrAcc: 0.4252, TrLoss:  1.87164, VaAcc: 0.3088, VaLoss:  2.76720
127,  0 | TrAcc: 0.4301, TrLoss:  1.85761, VaAcc: 0.3021, VaLoss:  2.78311
128,  0 | TrAcc: 0.4282, TrLoss:  1.86237, VaAcc: 0.3187, VaLoss:  2.75997
129,  0 | TrAcc: 0.4346, TrLoss:  1.84727, VaAcc: 0.3025, VaLoss:  2.75866
130,  0 | TrAcc: 0.4272, TrLoss:  1.86178, VaAcc: 0.3049, VaLoss:  2.77470
131,  0 | TrAcc: 0.4343, TrLoss:  1.85676, VaAcc: 0.2721, VaLoss:  2.78210
132,  0 | TrAcc: 0.4370, TrLoss:  1.86461, VaAcc: 0.3068, VaLoss:  2.77857
133,  0 | TrAcc: 0.4174, TrLoss:  1.90417, VaAcc: 0.2928, VaLoss:  2.80484
134,  0 | TrAcc: 0.4280, TrLoss:  1.86551, VaAcc: 0.2993, VaLoss:  2.79549
135,  0 | TrAcc: 0.4188, TrLoss:  1.88948, VaAcc: 0.3204, VaLoss:  2.76761
136,  0 | TrAcc: 0.4262, TrLoss:  1.87438, VaAcc: 0.3062, VaLoss:  2.78361
137,  0 | TrAcc: 0.4357, TrLoss:  1.87253, VaAcc: 0.3064, VaLoss:  2.82308
138,  0 | TrAcc: 0.4242, TrLoss:  1.86146, VaAcc: 0.3031, VaLoss:  2.78114
139,  0 | TrAcc: 0.4324, TrLoss:  1.83602, VaAcc: 0.3139, VaLoss:  2.76685
140,  0 | TrAcc: 0.4279, TrLoss:  1.87424, VaAcc: 0.2926, VaLoss:  2.79746
141,  0 | TrAcc: 0.4206, TrLoss:  1.89849, VaAcc: 0.2982, VaLoss:  2.79112
142,  0 | TrAcc: 0.4315, TrLoss:  1.88137, VaAcc: 0.3077, VaLoss:  2.77758
143,  0 | TrAcc: 0.4300, TrLoss:  1.85727, VaAcc: 0.3060, VaLoss:  2.78476
144,  0 | TrAcc: 0.4390, TrLoss:  1.83072, VaAcc: 0.3023, VaLoss:  2.77734
145,  0 | TrAcc: 0.4397, TrLoss:  1.83806, VaAcc: 0.3012, VaLoss:  2.77405
146,  0 | TrAcc: 0.4326, TrLoss:  1.84380, VaAcc: 0.2975, VaLoss:  2.79094
147,  0 | TrAcc: 0.4327, TrLoss:  1.84208, VaAcc: 0.3210, VaLoss:  2.76058
148,  0 | TrAcc: 0.4408, TrLoss:  1.81610, VaAcc: 0.2971, VaLoss:  2.77571
149,  0 | TrAcc: 0.4315, TrLoss:  1.83837, VaAcc: 0.3090, VaLoss:  2.76935
150,  0 | TrAcc: 0.4292, TrLoss:  1.87035, VaAcc: 0.3010, VaLoss:  2.81156
151,  0 | TrAcc: 0.4333, TrLoss:  1.85648, VaAcc: 0.3055, VaLoss:  2.77336
152,  0 | TrAcc: 0.4296, TrLoss:  1.87714, VaAcc: 0.2952, VaLoss:  2.78408
153,  0 | TrAcc: 0.4246, TrLoss:  1.88697, VaAcc: 0.2717, VaLoss:  2.82196
154,  0 | TrAcc: 0.4392, TrLoss:  1.82238, VaAcc: 0.2945, VaLoss:  2.81091
155,  0 | TrAcc: 0.4429, TrLoss:  1.82212, VaAcc: 0.2962, VaLoss:  2.75853
156,  0 | TrAcc: 0.4408, TrLoss:  1.83920, VaAcc: 0.3206, VaLoss:  2.74570
157,  0 | TrAcc: 0.4350, TrLoss:  1.82880, VaAcc: 0.2922, VaLoss:  2.81607
158,  0 | TrAcc: 0.4451, TrLoss:  1.81052, VaAcc: 0.3088, VaLoss:  2.76892
159,  0 | TrAcc: 0.4487, TrLoss:  1.81397, VaAcc: 0.3042, VaLoss:  2.76438
160,  0 | TrAcc: 0.4350, TrLoss:  1.84959, VaAcc: 0.2896, VaLoss:  2.82237
161,  0 | TrAcc: 0.4385, TrLoss:  1.82327, VaAcc: 0.3182, VaLoss:  2.75624
162,  0 | TrAcc: 0.4387, TrLoss:  1.82012, VaAcc: 0.3040, VaLoss:  2.79840
163,  0 | TrAcc: 0.4383, TrLoss:  1.83504, VaAcc: 0.3165, VaLoss:  2.75958
164,  0 | TrAcc: 0.4314, TrLoss:  1.84267, VaAcc: 0.2814, VaLoss:  2.81391
165,  0 | TrAcc: 0.4372, TrLoss:  1.84242, VaAcc: 0.2988, VaLoss:  2.79668
166,  0 | TrAcc: 0.4415, TrLoss:  1.80865, VaAcc: 0.2855, VaLoss:  2.79035
167,  0 | TrAcc: 0.4394, TrLoss:  1.84298, VaAcc: 0.3025, VaLoss:  2.77374
168,  0 | TrAcc: 0.4350, TrLoss:  1.85251, VaAcc: 0.2840, VaLoss:  2.83162
169,  0 | TrAcc: 0.4430, TrLoss:  1.82431, VaAcc: 0.2991, VaLoss:  2.80472
170,  0 | TrAcc: 0.4353, TrLoss:  1.85559, VaAcc: 0.2952, VaLoss:  2.78988
171,  0 | TrAcc: 0.4403, TrLoss:  1.81252, VaAcc: 0.3001, VaLoss:  2.79419
172,  0 | TrAcc: 0.4413, TrLoss:  1.82144, VaAcc: 0.3148, VaLoss:  2.78785
173,  0 | TrAcc: 0.4446, TrLoss:  1.81641, VaAcc: 0.2753, VaLoss:  2.80741
174,  0 | TrAcc: 0.4309, TrLoss:  1.84758, VaAcc: 0.3090, VaLoss:  2.78702
175,  0 | TrAcc: 0.4416, TrLoss:  1.83365, VaAcc: 0.2982, VaLoss:  2.78370
176,  0 | TrAcc: 0.4414, TrLoss:  1.83279, VaAcc: 0.2999, VaLoss:  2.79050
177,  0 | TrAcc: 0.4428, TrLoss:  1.81160, VaAcc: 0.2859, VaLoss:  2.79906
178,  0 | TrAcc: 0.4448, TrLoss:  1.80724, VaAcc: 0.3060, VaLoss:  2.78190
179,  0 | TrAcc: 0.4482, TrLoss:  1.80025, VaAcc: 0.2941, VaLoss:  2.80933
180,  0 | TrAcc: 0.4459, TrLoss:  1.81369, VaAcc: 0.2861, VaLoss:  2.79349
181,  0 | TrAcc: 0.4485, TrLoss:  1.78348, VaAcc: 0.2906, VaLoss:  2.79930
182,  0 | TrAcc: 0.4488, TrLoss:  1.79728, VaAcc: 0.3006, VaLoss:  2.80633
183,  0 | TrAcc: 0.4353, TrLoss:  1.84450, VaAcc: 0.2965, VaLoss:  2.79102
184,  0 | TrAcc: 0.4485, TrLoss:  1.79227, VaAcc: 0.3036, VaLoss:  2.78873
185,  0 | TrAcc: 0.4377, TrLoss:  1.82672, VaAcc: 0.2980, VaLoss:  2.80802
186,  0 | TrAcc: 0.4401, TrLoss:  1.81027, VaAcc: 0.2771, VaLoss:  2.80237
187,  0 | TrAcc: 0.4449, TrLoss:  1.81564, VaAcc: 0.2760, VaLoss:  2.81103
188,  0 | TrAcc: 0.4427, TrLoss:  1.80562, VaAcc: 0.2870, VaLoss:  2.81265
189,  0 | TrAcc: 0.4512, TrLoss:  1.78269, VaAcc: 0.2902, VaLoss:  2.80581
190,  0 | TrAcc: 0.4541, TrLoss:  1.80005, VaAcc: 0.3044, VaLoss:  2.77618
191,  0 | TrAcc: 0.4551, TrLoss:  1.76919, VaAcc: 0.2971, VaLoss:  2.78764
192,  0 | TrAcc: 0.4578, TrLoss:  1.75683, VaAcc: 0.3271, VaLoss:  2.76856
193,  0 | TrAcc: 0.4536, TrLoss:  1.78274, VaAcc: 0.3047, VaLoss:  2.79288
194,  0 | TrAcc: 0.4545, TrLoss:  1.78040, VaAcc: 0.2984, VaLoss:  2.77647
195,  0 | TrAcc: 0.4479, TrLoss:  1.80287, VaAcc: 0.2945, VaLoss:  2.79355
196,  0 | TrAcc: 0.4432, TrLoss:  1.80239, VaAcc: 0.2971, VaLoss:  2.80581
197,  0 | TrAcc: 0.4480, TrLoss:  1.80137, VaAcc: 0.3014, VaLoss:  2.79740
198,  0 | TrAcc: 0.4505, TrLoss:  1.78589, VaAcc: 0.3031, VaLoss:  2.79172
199,  0 | TrAcc: 0.4439, TrLoss:  1.80636, VaAcc: 0.2958, VaLoss:  2.82120
----------------------------
Final Tr Acc   :   0.45017 +- 0.00546
Final Va Acc   :   0.31400 +- 0.01668
Final Tr Loss  :   1.78183 +- 0.02136
Final Va Loss  :   2.79670 +- 0.02261

TrAcc
Run:  0 | 46.44% in epoch  178
Run:  1 | 46.23% in epoch  198
Run:  2 | 45.78% in epoch  192

VaAcc
Run:  0 | 34.07% in epoch  145
Run:  1 | 33.10% in epoch  134
Run:  2 | 32.71% in epoch  192

TeAcc
Run:  0 | 32.21% in epoch  145
Run:  1 | 30.43% in epoch  134
Run:  2 | 29.46% in epoch  192
(3, 200)
