{'mode': {'name': 'classic', 'min_error': 0, 'max_epochs': 500}, 'task_id': 6, 'learning_rate': 0.01}
{'va': {'zero_padding': 0, 'extract_seqs': False, 'out_seq_len': 1, 'in_seq_len': 25, 'mini_batch_mode': False, 'batch_size': 5000}, 'tr': {'zero_padding': 0, 'extract_seqs': False, 'out_seq_len': 1, 'in_seq_len': 25, 'mini_batch_mode': False, 'batch_size': 5000}, 'dataset': 'penstroke'}
{'gradient_clip_value': 0.5, 'layout': [4, 60, 60, 10], 'output_type': 'classification', 'layer_configs': [{'layer_type': 'input'}, {'init_config': {'f': {'w': 'all_zero', 'b': 'all_one'}, 'i': {'w': 'xavier', 'b': 'all_zero'}, 'c': {'w': 'xavier', 'b': 'all_zero'}, 'o': {'w': 'xavier', 'b': 'all_zero'}}, 'layer_type': 'lstm', 'regularization': {'mode': 'zoneout', 'output_zo_prob': 0.15, 'state_zo_prob': 0.3}, 'var_scope': 'lstm_0', 'is_output': False, 'is_recurrent': True}, {'init_config': {'f': {'w': 'all_zero', 'b': 'all_one'}, 'i': {'w': 'xavier', 'b': 'all_zero'}, 'o': {'w': 'xavier', 'b': 'all_zero'}, 'c': {'w': 'xavier', 'b': 'all_zero'}}, 'layer_type': 'lstm', 'regularization': {'mode': 'zoneout', 'output_zo_prob': 0.15, 'state_zo_prob': 0.3}, 'var_scope': 'lstm_1', 'is_output': False, 'is_recurrent': True}, {'init_config': {'w': 'xavier', 'b': 'all_zero'}, 'layer_type': 'fc', 'regularization': {'strength': 0.003, 'mode': 'l2'}, 'var_scope': 'output_layer', 'is_output': True, 'is_recurrent': False}]}
{'calc_performance_every': 1, 'include_out': False, 'include_pred': False}

=============================
CONFIG FILE

RNN CONFIG
{'gradient_clip_value': 0.5,
 'layer_configs': [{'layer_type': 'input'},
                   {'init_config': {'c': {'b': 'all_zero', 'w': 'xavier'},
                                    'f': {'b': 'all_one', 'w': 'all_zero'},
                                    'i': {'b': 'all_zero', 'w': 'xavier'},
                                    'o': {'b': 'all_zero', 'w': 'xavier'}},
                    'is_output': False,
                    'is_recurrent': True,
                    'layer_type': 'lstm',
                    'regularization': {'mode': 'zoneout',
                                       'output_zo_prob': 0.15,
                                       'state_zo_prob': 0.3},
                    'var_scope': 'lstm_0'},
                   {'init_config': {'c': {'b': 'all_zero', 'w': 'xavier'},
                                    'f': {'b': 'all_one', 'w': 'all_zero'},
                                    'i': {'b': 'all_zero', 'w': 'xavier'},
                                    'o': {'b': 'all_zero', 'w': 'xavier'}},
                    'is_output': False,
                    'is_recurrent': True,
                    'layer_type': 'lstm',
                    'regularization': {'mode': 'zoneout',
                                       'output_zo_prob': 0.15,
                                       'state_zo_prob': 0.3},
                    'var_scope': 'lstm_1'},
                   {'init_config': {'b': 'all_zero', 'w': 'xavier'},
                    'is_output': True,
                    'is_recurrent': False,
                    'layer_type': 'fc',
                    'regularization': {'mode': 'l2', 'strength': 0.003},
                    'var_scope': 'output_layer'}],
 'layout': [4, 60, 60, 10],
 'output_type': 'classification'}

DATA CONFIG
{'dataset': 'penstroke',
 'tr': {'batch_size': 5000,
        'extract_seqs': False,
        'in_seq_len': 25,
        'mini_batch_mode': False,
        'out_seq_len': 1,
        'zero_padding': 0},
 'va': {'batch_size': 5000,
        'extract_seqs': False,
        'in_seq_len': 25,
        'mini_batch_mode': False,
        'out_seq_len': 1,
        'zero_padding': 0}}

TRAINING CONFIG
{'learning_rate': 0.01,
 'mode': {'max_epochs': 500, 'min_error': 0, 'name': 'classic'},
 'task_id': 6}
==============================


  0,  0 | TrAcc: 0.0038, TrLoss:  2.35689, VaAcc: 0.0071, VaLoss:  2.32292
  1,  0 | TrAcc: 0.8512, TrLoss:  1.25165, VaAcc: 0.8381, VaLoss:  1.12312
  2,  0 | TrAcc: 0.8509, TrLoss:  0.69930, VaAcc: 0.8381, VaLoss:  0.76737
  3,  0 | TrAcc: 0.8515, TrLoss:  0.74423, VaAcc: 0.8373, VaLoss:  0.87022
  4,  0 | TrAcc: 0.8538, TrLoss:  0.72961, VaAcc: 0.8420, VaLoss:  0.84846
  5,  0 | TrAcc: 0.8538, TrLoss:  0.65877, VaAcc: 0.8428, VaLoss:  0.76598
  6,  0 | TrAcc: 0.8635, TrLoss:  0.61286, VaAcc: 0.8428, VaLoss:  0.68744
  7,  0 | TrAcc: 0.8823, TrLoss:  0.62484, VaAcc: 0.8657, VaLoss:  0.67019
  8,  0 | TrAcc: 0.8918, TrLoss:  0.59519, VaAcc: 0.8902, VaLoss:  0.62610
  9,  0 | TrAcc: 0.9124, TrLoss:  0.53776, VaAcc: 0.9036, VaLoss:  0.55689
 10,  0 | TrAcc: 0.9148, TrLoss:  0.48520, VaAcc: 0.8997, VaLoss:  0.50863
 11,  0 | TrAcc: 0.9143, TrLoss:  0.45169, VaAcc: 0.8989, VaLoss:  0.48578
 12,  0 | TrAcc: 0.9157, TrLoss:  0.42871, VaAcc: 0.9013, VaLoss:  0.47118
 13,  0 | TrAcc: 0.9178, TrLoss:  0.41195, VaAcc: 0.9052, VaLoss:  0.46154
 14,  0 | TrAcc: 0.9173, TrLoss:  0.40317, VaAcc: 0.9060, VaLoss:  0.46074
 15,  0 | TrAcc: 0.9187, TrLoss:  0.39390, VaAcc: 0.9060, VaLoss:  0.45838
 16,  0 | TrAcc: 0.9191, TrLoss:  0.38597, VaAcc: 0.9060, VaLoss:  0.45119
 17,  0 | TrAcc: 0.9186, TrLoss:  0.37859, VaAcc: 0.9068, VaLoss:  0.44766
 18,  0 | TrAcc: 0.9181, TrLoss:  0.37209, VaAcc: 0.9068, VaLoss:  0.44210
 19,  0 | TrAcc: 0.9197, TrLoss:  0.36237, VaAcc: 0.9076, VaLoss:  0.43069
 20,  0 | TrAcc: 0.9202, TrLoss:  0.35390, VaAcc: 0.9092, VaLoss:  0.41415
 21,  0 | TrAcc: 0.9239, TrLoss:  0.34534, VaAcc: 0.9100, VaLoss:  0.40132
 22,  0 | TrAcc: 0.9253, TrLoss:  0.33524, VaAcc: 0.9107, VaLoss:  0.39467
 23,  0 | TrAcc: 0.9286, TrLoss:  0.32346, VaAcc: 0.9131, VaLoss:  0.39990
 24,  0 | TrAcc: 0.9304, TrLoss:  0.31244, VaAcc: 0.9139, VaLoss:  0.39292
 25,  0 | TrAcc: 0.9310, TrLoss:  0.30375, VaAcc: 0.9147, VaLoss:  0.36242
 26,  0 | TrAcc: 0.9309, TrLoss:  0.29527, VaAcc: 0.9163, VaLoss:  0.33984
 27,  0 | TrAcc: 0.9307, TrLoss:  0.28266, VaAcc: 0.9163, VaLoss:  0.34764
 28,  0 | TrAcc: 0.9306, TrLoss:  0.27682, VaAcc: 0.9163, VaLoss:  0.41672
 29,  0 | TrAcc: 0.9307, TrLoss:  0.26921, VaAcc: 0.9163, VaLoss:  0.35876
 30,  0 | TrAcc: 0.9304, TrLoss:  0.26744, VaAcc: 0.9163, VaLoss:  0.32328
 31,  0 | TrAcc: 0.9325, TrLoss:  0.25763, VaAcc: 0.9242, VaLoss:  0.37827
 32,  0 | TrAcc: 0.9337, TrLoss:  0.25734, VaAcc: 0.9250, VaLoss:  0.37018
 33,  0 | TrAcc: 0.9341, TrLoss:  0.24852, VaAcc: 0.9297, VaLoss:  0.31190
 34,  0 | TrAcc: 0.9355, TrLoss:  0.24503, VaAcc: 0.9297, VaLoss:  0.34037
 35,  0 | TrAcc: 0.9374, TrLoss:  0.24245, VaAcc: 0.9265, VaLoss:  0.36792
 36,  0 | TrAcc: 0.9368, TrLoss:  0.23640, VaAcc: 0.9321, VaLoss:  0.29518
 37,  0 | TrAcc: 0.9389, TrLoss:  0.23114, VaAcc: 0.9305, VaLoss:  0.32565
 38,  0 | TrAcc: 0.9398, TrLoss:  0.23544, VaAcc: 0.8689, VaLoss:  0.51828
 39,  0 | TrAcc: 0.9389, TrLoss:  0.22701, VaAcc: 0.9392, VaLoss:  0.28358
 40,  0 | TrAcc: 0.9400, TrLoss:  0.22476, VaAcc: 0.9392, VaLoss:  0.29009
 41,  0 | TrAcc: 0.9419, TrLoss:  0.22259, VaAcc: 0.8610, VaLoss:  0.49092
 42,  0 | TrAcc: 0.9443, TrLoss:  0.21745, VaAcc: 0.9218, VaLoss:  0.34146
 43,  0 | TrAcc: 0.9427, TrLoss:  0.21349, VaAcc: 0.9400, VaLoss:  0.26424
 44,  0 | TrAcc: 0.9440, TrLoss:  0.21129, VaAcc: 0.9376, VaLoss:  0.27727
 45,  0 | TrAcc: 0.9438, TrLoss:  0.21012, VaAcc: 0.8902, VaLoss:  0.39787
 46,  0 | TrAcc: 0.9454, TrLoss:  0.20755, VaAcc: 0.9100, VaLoss:  0.34363
 47,  0 | TrAcc: 0.9456, TrLoss:  0.20150, VaAcc: 0.9360, VaLoss:  0.26313
 48,  0 | TrAcc: 0.9440, TrLoss:  0.20252, VaAcc: 0.9305, VaLoss:  0.27572
 49,  0 | TrAcc: 0.9476, TrLoss:  0.19584, VaAcc: 0.8752, VaLoss:  0.40357
 50,  0 | TrAcc: 0.9489, TrLoss:  0.19397, VaAcc: 0.9021, VaLoss:  0.33880
 51,  0 | TrAcc: 0.9484, TrLoss:  0.19184, VaAcc: 0.9384, VaLoss:  0.23956
 52,  0 | TrAcc: 0.9502, TrLoss:  0.19074, VaAcc: 0.9368, VaLoss:  0.23582
 53,  0 | TrAcc: 0.9513, TrLoss:  0.18518, VaAcc: 0.9218, VaLoss:  0.27524
 54,  0 | TrAcc: 0.9504, TrLoss:  0.18640, VaAcc: 0.9179, VaLoss:  0.29653
 55,  0 | TrAcc: 0.9523, TrLoss:  0.18117, VaAcc: 0.9400, VaLoss:  0.22954
 56,  0 | TrAcc: 0.9521, TrLoss:  0.18032, VaAcc: 0.9447, VaLoss:  0.22191
 57,  0 | TrAcc: 0.9559, TrLoss:  0.17721, VaAcc: 0.9336, VaLoss:  0.24699
 58,  0 | TrAcc: 0.9529, TrLoss:  0.17805, VaAcc: 0.9321, VaLoss:  0.26106
 59,  0 | TrAcc: 0.9532, TrLoss:  0.17414, VaAcc: 0.9415, VaLoss:  0.22700
 60,  0 | TrAcc: 0.9566, TrLoss:  0.17248, VaAcc: 0.9471, VaLoss:  0.21435
 61,  0 | TrAcc: 0.9571, TrLoss:  0.17093, VaAcc: 0.9439, VaLoss:  0.22059
 62,  0 | TrAcc: 0.9550, TrLoss:  0.16888, VaAcc: 0.9344, VaLoss:  0.23377
 63,  0 | TrAcc: 0.9553, TrLoss:  0.16777, VaAcc: 0.9400, VaLoss:  0.22909
 64,  0 | TrAcc: 0.9561, TrLoss:  0.16426, VaAcc: 0.9502, VaLoss:  0.20769
 65,  0 | TrAcc: 0.9574, TrLoss:  0.16306, VaAcc: 0.9463, VaLoss:  0.21144
 66,  0 | TrAcc: 0.9585, TrLoss:  0.16578, VaAcc: 0.9439, VaLoss:  0.22482
 67,  0 | TrAcc: 0.9577, TrLoss:  0.16280, VaAcc: 0.9455, VaLoss:  0.21785
 68,  0 | TrAcc: 0.9582, TrLoss:  0.16029, VaAcc: 0.9518, VaLoss:  0.20521
 69,  0 | TrAcc: 0.9596, TrLoss:  0.15723, VaAcc: 0.9518, VaLoss:  0.20678
 70,  0 | TrAcc: 0.9587, TrLoss:  0.15742, VaAcc: 0.9415, VaLoss:  0.22651
 71,  0 | TrAcc: 0.9606, TrLoss:  0.15641, VaAcc: 0.9510, VaLoss:  0.20616
 72,  0 | TrAcc: 0.9595, TrLoss:  0.15098, VaAcc: 0.9542, VaLoss:  0.19175
 73,  0 | TrAcc: 0.9610, TrLoss:  0.15301, VaAcc: 0.9471, VaLoss:  0.20370
 74,  0 | TrAcc: 0.9598, TrLoss:  0.15212, VaAcc: 0.9368, VaLoss:  0.23615
 75,  0 | TrAcc: 0.9617, TrLoss:  0.14962, VaAcc: 0.9510, VaLoss:  0.20625
 76,  0 | TrAcc: 0.9607, TrLoss:  0.15229, VaAcc: 0.9542, VaLoss:  0.18456
 77,  0 | TrAcc: 0.9601, TrLoss:  0.14582, VaAcc: 0.9526, VaLoss:  0.19143
 78,  0 | TrAcc: 0.9615, TrLoss:  0.14750, VaAcc: 0.9352, VaLoss:  0.22792
 79,  0 | TrAcc: 0.9625, TrLoss:  0.14564, VaAcc: 0.9415, VaLoss:  0.22372
 80,  0 | TrAcc: 0.9631, TrLoss:  0.14069, VaAcc: 0.9471, VaLoss:  0.20378
 81,  0 | TrAcc: 0.9614, TrLoss:  0.14611, VaAcc: 0.9463, VaLoss:  0.20759
 82,  0 | TrAcc: 0.9620, TrLoss:  0.14250, VaAcc: 0.9392, VaLoss:  0.22067
 83,  0 | TrAcc: 0.9649, TrLoss:  0.14195, VaAcc: 0.9368, VaLoss:  0.23580
 84,  0 | TrAcc: 0.9658, TrLoss:  0.13763, VaAcc: 0.9487, VaLoss:  0.20208
 85,  0 | TrAcc: 0.9652, TrLoss:  0.13767, VaAcc: 0.9542, VaLoss:  0.19124
 86,  0 | TrAcc: 0.9663, TrLoss:  0.13839, VaAcc: 0.9526, VaLoss:  0.19846
 87,  0 | TrAcc: 0.9668, TrLoss:  0.13567, VaAcc: 0.9463, VaLoss:  0.19977
 88,  0 | TrAcc: 0.9628, TrLoss:  0.13977, VaAcc: 0.9368, VaLoss:  0.21737
 89,  0 | TrAcc: 0.9668, TrLoss:  0.13272, VaAcc: 0.9392, VaLoss:  0.21144
 90,  0 | TrAcc: 0.9649, TrLoss:  0.13220, VaAcc: 0.9439, VaLoss:  0.20438
 91,  0 | TrAcc: 0.9660, TrLoss:  0.13223, VaAcc: 0.9455, VaLoss:  0.19598
 92,  0 | TrAcc: 0.9666, TrLoss:  0.13045, VaAcc: 0.9392, VaLoss:  0.20800
 93,  0 | TrAcc: 0.9701, TrLoss:  0.12841, VaAcc: 0.9344, VaLoss:  0.21411
 94,  0 | TrAcc: 0.9671, TrLoss:  0.12718, VaAcc: 0.9423, VaLoss:  0.20273
 95,  0 | TrAcc: 0.9697, TrLoss:  0.12813, VaAcc: 0.9518, VaLoss:  0.18754
 96,  0 | TrAcc: 0.9681, TrLoss:  0.12640, VaAcc: 0.9510, VaLoss:  0.18744
 97,  0 | TrAcc: 0.9701, TrLoss:  0.12701, VaAcc: 0.9368, VaLoss:  0.21821
 98,  0 | TrAcc: 0.9689, TrLoss:  0.12682, VaAcc: 0.9368, VaLoss:  0.21641
 99,  0 | TrAcc: 0.9703, TrLoss:  0.12606, VaAcc: 0.9423, VaLoss:  0.20673
100,  0 | TrAcc: 0.9701, TrLoss:  0.12385, VaAcc: 0.9526, VaLoss:  0.18778
101,  0 | TrAcc: 0.9711, TrLoss:  0.12226, VaAcc: 0.9502, VaLoss:  0.19166
102,  0 | TrAcc: 0.9697, TrLoss:  0.12143, VaAcc: 0.9384, VaLoss:  0.22199
103,  0 | TrAcc: 0.9706, TrLoss:  0.12179, VaAcc: 0.9376, VaLoss:  0.21184
104,  0 | TrAcc: 0.9708, TrLoss:  0.12051, VaAcc: 0.9455, VaLoss:  0.19270
105,  0 | TrAcc: 0.9697, TrLoss:  0.11911, VaAcc: 0.9526, VaLoss:  0.18879
106,  0 | TrAcc: 0.9729, TrLoss:  0.11953, VaAcc: 0.9510, VaLoss:  0.19118
107,  0 | TrAcc: 0.9724, TrLoss:  0.11711, VaAcc: 0.9431, VaLoss:  0.20099
108,  0 | TrAcc: 0.9717, TrLoss:  0.11532, VaAcc: 0.9455, VaLoss:  0.20025
109,  0 | TrAcc: 0.9725, TrLoss:  0.11603, VaAcc: 0.9487, VaLoss:  0.19716
110,  0 | TrAcc: 0.9709, TrLoss:  0.11600, VaAcc: 0.9431, VaLoss:  0.20478
111,  0 | TrAcc: 0.9732, TrLoss:  0.11405, VaAcc: 0.9408, VaLoss:  0.20626
112,  0 | TrAcc: 0.9722, TrLoss:  0.11424, VaAcc: 0.9463, VaLoss:  0.19494
113,  0 | TrAcc: 0.9751, TrLoss:  0.10954, VaAcc: 0.9502, VaLoss:  0.18936
114,  0 | TrAcc: 0.9745, TrLoss:  0.11015, VaAcc: 0.9471, VaLoss:  0.19235
115,  0 | TrAcc: 0.9751, TrLoss:  0.10994, VaAcc: 0.9455, VaLoss:  0.19649
116,  0 | TrAcc: 0.9749, TrLoss:  0.10882, VaAcc: 0.9479, VaLoss:  0.20072
117,  0 | TrAcc: 0.9751, TrLoss:  0.10936, VaAcc: 0.9455, VaLoss:  0.20249
118,  0 | TrAcc: 0.9743, TrLoss:  0.11124, VaAcc: 0.9471, VaLoss:  0.19131
119,  0 | TrAcc: 0.9753, TrLoss:  0.10771, VaAcc: 0.9471, VaLoss:  0.19161
120,  0 | TrAcc: 0.9746, TrLoss:  0.10751, VaAcc: 0.9447, VaLoss:  0.19836
121,  0 | TrAcc: 0.9749, TrLoss:  0.10861, VaAcc: 0.9526, VaLoss:  0.18901
122,  0 | TrAcc: 0.9748, TrLoss:  0.10813, VaAcc: 0.9558, VaLoss:  0.17802
123,  0 | TrAcc: 0.9757, TrLoss:  0.10658, VaAcc: 0.9487, VaLoss:  0.18636
124,  0 | TrAcc: 0.9764, TrLoss:  0.10569, VaAcc: 0.9415, VaLoss:  0.20553
125,  0 | TrAcc: 0.9772, TrLoss:  0.10332, VaAcc: 0.9455, VaLoss:  0.20039
126,  0 | TrAcc: 0.9778, TrLoss:  0.09996, VaAcc: 0.9573, VaLoss:  0.17798
127,  0 | TrAcc: 0.9754, TrLoss:  0.10332, VaAcc: 0.9605, VaLoss:  0.17112
128,  0 | TrAcc: 0.9764, TrLoss:  0.10277, VaAcc: 0.9597, VaLoss:  0.17383
129,  0 | TrAcc: 0.9786, TrLoss:  0.10144, VaAcc: 0.9613, VaLoss:  0.17560
130,  0 | TrAcc: 0.9762, TrLoss:  0.10057, VaAcc: 0.9597, VaLoss:  0.16746
131,  0 | TrAcc: 0.9775, TrLoss:  0.10021, VaAcc: 0.9621, VaLoss:  0.17108
132,  0 | TrAcc: 0.9764, TrLoss:  0.10128, VaAcc: 0.9581, VaLoss:  0.17465
133,  0 | TrAcc: 0.9748, TrLoss:  0.10113, VaAcc: 0.9558, VaLoss:  0.17965
134,  0 | TrAcc: 0.9781, TrLoss:  0.09843, VaAcc: 0.9566, VaLoss:  0.17055
135,  0 | TrAcc: 0.9770, TrLoss:  0.09942, VaAcc: 0.9558, VaLoss:  0.17310
136,  0 | TrAcc: 0.9783, TrLoss:  0.09586, VaAcc: 0.9518, VaLoss:  0.19338
137,  0 | TrAcc: 0.9767, TrLoss:  0.09849, VaAcc: 0.9581, VaLoss:  0.17340
138,  0 | TrAcc: 0.9780, TrLoss:  0.09821, VaAcc: 0.9589, VaLoss:  0.17416
139,  0 | TrAcc: 0.9773, TrLoss:  0.09841, VaAcc: 0.9463, VaLoss:  0.20676
140,  0 | TrAcc: 0.9772, TrLoss:  0.09672, VaAcc: 0.9526, VaLoss:  0.18156
141,  0 | TrAcc: 0.9784, TrLoss:  0.09561, VaAcc: 0.9613, VaLoss:  0.15958
142,  0 | TrAcc: 0.9780, TrLoss:  0.09651, VaAcc: 0.9605, VaLoss:  0.16216
143,  0 | TrAcc: 0.9777, TrLoss:  0.09615, VaAcc: 0.9463, VaLoss:  0.19573
144,  0 | TrAcc: 0.9769, TrLoss:  0.09514, VaAcc: 0.9502, VaLoss:  0.18756
145,  0 | TrAcc: 0.9783, TrLoss:  0.09733, VaAcc: 0.9581, VaLoss:  0.17005
146,  0 | TrAcc: 0.9784, TrLoss:  0.09479, VaAcc: 0.9558, VaLoss:  0.17401
147,  0 | TrAcc: 0.9808, TrLoss:  0.09132, VaAcc: 0.9487, VaLoss:  0.19312
148,  0 | TrAcc: 0.9783, TrLoss:  0.09322, VaAcc: 0.9526, VaLoss:  0.18270
149,  0 | TrAcc: 0.9789, TrLoss:  0.09455, VaAcc: 0.9637, VaLoss:  0.15989
150,  0 | TrAcc: 0.9788, TrLoss:  0.09087, VaAcc: 0.9645, VaLoss:  0.15441
151,  0 | TrAcc: 0.9805, TrLoss:  0.08873, VaAcc: 0.9526, VaLoss:  0.17168
152,  0 | TrAcc: 0.9799, TrLoss:  0.08948, VaAcc: 0.9518, VaLoss:  0.17727
153,  0 | TrAcc: 0.9786, TrLoss:  0.09276, VaAcc: 0.9573, VaLoss:  0.17186
154,  0 | TrAcc: 0.9796, TrLoss:  0.09028, VaAcc: 0.9629, VaLoss:  0.16493
155,  0 | TrAcc: 0.9805, TrLoss:  0.09089, VaAcc: 0.9581, VaLoss:  0.16861
156,  0 | TrAcc: 0.9810, TrLoss:  0.08888, VaAcc: 0.9550, VaLoss:  0.16915
157,  0 | TrAcc: 0.9812, TrLoss:  0.08673, VaAcc: 0.9550, VaLoss:  0.17514
158,  0 | TrAcc: 0.9804, TrLoss:  0.08860, VaAcc: 0.9526, VaLoss:  0.17665
159,  0 | TrAcc: 0.9816, TrLoss:  0.08664, VaAcc: 0.9550, VaLoss:  0.16764
160,  0 | TrAcc: 0.9807, TrLoss:  0.08703, VaAcc: 0.9589, VaLoss:  0.16359
161,  0 | TrAcc: 0.9818, TrLoss:  0.08406, VaAcc: 0.9597, VaLoss:  0.15906
162,  0 | TrAcc: 0.9829, TrLoss:  0.08401, VaAcc: 0.9550, VaLoss:  0.16839
163,  0 | TrAcc: 0.9812, TrLoss:  0.08522, VaAcc: 0.9487, VaLoss:  0.18855
164,  0 | TrAcc: 0.9810, TrLoss:  0.08402, VaAcc: 0.9550, VaLoss:  0.17450
165,  0 | TrAcc: 0.9802, TrLoss:  0.08781, VaAcc: 0.9597, VaLoss:  0.15805
166,  0 | TrAcc: 0.9812, TrLoss:  0.08413, VaAcc: 0.9589, VaLoss:  0.16154
167,  0 | TrAcc: 0.9808, TrLoss:  0.08443, VaAcc: 0.9518, VaLoss:  0.17574
168,  0 | TrAcc: 0.9815, TrLoss:  0.08481, VaAcc: 0.9494, VaLoss:  0.19208
169,  0 | TrAcc: 0.9797, TrLoss:  0.08503, VaAcc: 0.9542, VaLoss:  0.18080
170,  0 | TrAcc: 0.9824, TrLoss:  0.08127, VaAcc: 0.9597, VaLoss:  0.16172
171,  0 | TrAcc: 0.9808, TrLoss:  0.08268, VaAcc: 0.9629, VaLoss:  0.15699
172,  0 | TrAcc: 0.9823, TrLoss:  0.08506, VaAcc: 0.9542, VaLoss:  0.18372
173,  0 | TrAcc: 0.9813, TrLoss:  0.08349, VaAcc: 0.9534, VaLoss:  0.18940
174,  0 | TrAcc: 0.9816, TrLoss:  0.08025, VaAcc: 0.9597, VaLoss:  0.16449
175,  0 | TrAcc: 0.9821, TrLoss:  0.08202, VaAcc: 0.9597, VaLoss:  0.16500
176,  0 | TrAcc: 0.9824, TrLoss:  0.08324, VaAcc: 0.9558, VaLoss:  0.18224
177,  0 | TrAcc: 0.9818, TrLoss:  0.08330, VaAcc: 0.9502, VaLoss:  0.19705
178,  0 | TrAcc: 0.9829, TrLoss:  0.08076, VaAcc: 0.9494, VaLoss:  0.19676
179,  0 | TrAcc: 0.9804, TrLoss:  0.08193, VaAcc: 0.9566, VaLoss:  0.17041
180,  0 | TrAcc: 0.9813, TrLoss:  0.08097, VaAcc: 0.9494, VaLoss:  0.17842
181,  0 | TrAcc: 0.9816, TrLoss:  0.08019, VaAcc: 0.9400, VaLoss:  0.20167
182,  0 | TrAcc: 0.9834, TrLoss:  0.07853, VaAcc: 0.9447, VaLoss:  0.18861
183,  0 | TrAcc: 0.9828, TrLoss:  0.08097, VaAcc: 0.9526, VaLoss:  0.17607
184,  0 | TrAcc: 0.9828, TrLoss:  0.08017, VaAcc: 0.9542, VaLoss:  0.16890
185,  0 | TrAcc: 0.9831, TrLoss:  0.07648, VaAcc: 0.9534, VaLoss:  0.17733
186,  0 | TrAcc: 0.9821, TrLoss:  0.07931, VaAcc: 0.9487, VaLoss:  0.18821
187,  0 | TrAcc: 0.9826, TrLoss:  0.07803, VaAcc: 0.9581, VaLoss:  0.16306
188,  0 | TrAcc: 0.9818, TrLoss:  0.08011, VaAcc: 0.9645, VaLoss:  0.14610
189,  0 | TrAcc: 0.9828, TrLoss:  0.08205, VaAcc: 0.9629, VaLoss:  0.15113
190,  0 | TrAcc: 0.9821, TrLoss:  0.07711, VaAcc: 0.9494, VaLoss:  0.18031
191,  0 | TrAcc: 0.9828, TrLoss:  0.07981, VaAcc: 0.9463, VaLoss:  0.18502
192,  0 | TrAcc: 0.9836, TrLoss:  0.07545, VaAcc: 0.9597, VaLoss:  0.16026
193,  0 | TrAcc: 0.9839, TrLoss:  0.07731, VaAcc: 0.9581, VaLoss:  0.15695
194,  0 | TrAcc: 0.9840, TrLoss:  0.07619, VaAcc: 0.9573, VaLoss:  0.16991
195,  0 | TrAcc: 0.9842, TrLoss:  0.07718, VaAcc: 0.9526, VaLoss:  0.17998
196,  0 | TrAcc: 0.9848, TrLoss:  0.07508, VaAcc: 0.9510, VaLoss:  0.16879
197,  0 | TrAcc: 0.9837, TrLoss:  0.07621, VaAcc: 0.9558, VaLoss:  0.15654
198,  0 | TrAcc: 0.9824, TrLoss:  0.07838, VaAcc: 0.9510, VaLoss:  0.17426
199,  0 | TrAcc: 0.9834, TrLoss:  0.07534, VaAcc: 0.9471, VaLoss:  0.19374
200,  0 | TrAcc: 0.9842, TrLoss:  0.07517, VaAcc: 0.9487, VaLoss:  0.18509
201,  0 | TrAcc: 0.9842, TrLoss:  0.07353, VaAcc: 0.9518, VaLoss:  0.18526
202,  0 | TrAcc: 0.9813, TrLoss:  0.07983, VaAcc: 0.9471, VaLoss:  0.19465
203,  0 | TrAcc: 0.9852, TrLoss:  0.07467, VaAcc: 0.9526, VaLoss:  0.18124
204,  0 | TrAcc: 0.9839, TrLoss:  0.07702, VaAcc: 0.9605, VaLoss:  0.15638
205,  0 | TrAcc: 0.9824, TrLoss:  0.07496, VaAcc: 0.9645, VaLoss:  0.14434
206,  0 | TrAcc: 0.9837, TrLoss:  0.07750, VaAcc: 0.9597, VaLoss:  0.15774
207,  0 | TrAcc: 0.9823, TrLoss:  0.07698, VaAcc: 0.9479, VaLoss:  0.18496
208,  0 | TrAcc: 0.9832, TrLoss:  0.07513, VaAcc: 0.9597, VaLoss:  0.16420
209,  0 | TrAcc: 0.9826, TrLoss:  0.07671, VaAcc: 0.9637, VaLoss:  0.15174
210,  0 | TrAcc: 0.9844, TrLoss:  0.07634, VaAcc: 0.9581, VaLoss:  0.16793
211,  0 | TrAcc: 0.9853, TrLoss:  0.07805, VaAcc: 0.9408, VaLoss:  0.21303
212,  0 | TrAcc: 0.9831, TrLoss:  0.07422, VaAcc: 0.9471, VaLoss:  0.19240
213,  0 | TrAcc: 0.9839, TrLoss:  0.07480, VaAcc: 0.9510, VaLoss:  0.17627
214,  0 | TrAcc: 0.9836, TrLoss:  0.07292, VaAcc: 0.9542, VaLoss:  0.17174
215,  0 | TrAcc: 0.9831, TrLoss:  0.07573, VaAcc: 0.9534, VaLoss:  0.18326
216,  0 | TrAcc: 0.9863, TrLoss:  0.07245, VaAcc: 0.9526, VaLoss:  0.18663
217,  0 | TrAcc: 0.9845, TrLoss:  0.07127, VaAcc: 0.9526, VaLoss:  0.17301
218,  0 | TrAcc: 0.9850, TrLoss:  0.06970, VaAcc: 0.9534, VaLoss:  0.17377
219,  0 | TrAcc: 0.9837, TrLoss:  0.07312, VaAcc: 0.9558, VaLoss:  0.17312
220,  0 | TrAcc: 0.9863, TrLoss:  0.07141, VaAcc: 0.9534, VaLoss:  0.17638
221,  0 | TrAcc: 0.9855, TrLoss:  0.07143, VaAcc: 0.9542, VaLoss:  0.17927
222,  0 | TrAcc: 0.9855, TrLoss:  0.06978, VaAcc: 0.9550, VaLoss:  0.17243
223,  0 | TrAcc: 0.9860, TrLoss:  0.06897, VaAcc: 0.9597, VaLoss:  0.15794
224,  0 | TrAcc: 0.9866, TrLoss:  0.06957, VaAcc: 0.9566, VaLoss:  0.16165
225,  0 | TrAcc: 0.9848, TrLoss:  0.06938, VaAcc: 0.9471, VaLoss:  0.18536
226,  0 | TrAcc: 0.9840, TrLoss:  0.07105, VaAcc: 0.9431, VaLoss:  0.19747
227,  0 | TrAcc: 0.9866, TrLoss:  0.06925, VaAcc: 0.9455, VaLoss:  0.18972
228,  0 | TrAcc: 0.9867, TrLoss:  0.06726, VaAcc: 0.9502, VaLoss:  0.17335
229,  0 | TrAcc: 0.9864, TrLoss:  0.06696, VaAcc: 0.9542, VaLoss:  0.16704
230,  0 | TrAcc: 0.9867, TrLoss:  0.07005, VaAcc: 0.9550, VaLoss:  0.17439
231,  0 | TrAcc: 0.9853, TrLoss:  0.06953, VaAcc: 0.9479, VaLoss:  0.19162
232,  0 | TrAcc: 0.9871, TrLoss:  0.06853, VaAcc: 0.9494, VaLoss:  0.18580
233,  0 | TrAcc: 0.9877, TrLoss:  0.06658, VaAcc: 0.9526, VaLoss:  0.16895
234,  0 | TrAcc: 0.9845, TrLoss:  0.07020, VaAcc: 0.9534, VaLoss:  0.16822
235,  0 | TrAcc: 0.9855, TrLoss:  0.06951, VaAcc: 0.9566, VaLoss:  0.16450
236,  0 | TrAcc: 0.9869, TrLoss:  0.06416, VaAcc: 0.9542, VaLoss:  0.17483
237,  0 | TrAcc: 0.9864, TrLoss:  0.06541, VaAcc: 0.9455, VaLoss:  0.20391
238,  0 | TrAcc: 0.9855, TrLoss:  0.06893, VaAcc: 0.9384, VaLoss:  0.21470
239,  0 | TrAcc: 0.9852, TrLoss:  0.06601, VaAcc: 0.9550, VaLoss:  0.17189
240,  0 | TrAcc: 0.9844, TrLoss:  0.06981, VaAcc: 0.9621, VaLoss:  0.15736
241,  0 | TrAcc: 0.9872, TrLoss:  0.06498, VaAcc: 0.9510, VaLoss:  0.17792
242,  0 | TrAcc: 0.9839, TrLoss:  0.07024, VaAcc: 0.9344, VaLoss:  0.23452
243,  0 | TrAcc: 0.9882, TrLoss:  0.06392, VaAcc: 0.9400, VaLoss:  0.21985
244,  0 | TrAcc: 0.9860, TrLoss:  0.06666, VaAcc: 0.9550, VaLoss:  0.16631
245,  0 | TrAcc: 0.9858, TrLoss:  0.06718, VaAcc: 0.9605, VaLoss:  0.15773
246,  0 | TrAcc: 0.9871, TrLoss:  0.06345, VaAcc: 0.9494, VaLoss:  0.19466
247,  0 | TrAcc: 0.9847, TrLoss:  0.06765, VaAcc: 0.9400, VaLoss:  0.22204
248,  0 | TrAcc: 0.9869, TrLoss:  0.06409, VaAcc: 0.9581, VaLoss:  0.17052
249,  0 | TrAcc: 0.9867, TrLoss:  0.06648, VaAcc: 0.9613, VaLoss:  0.15225
250,  0 | TrAcc: 0.9867, TrLoss:  0.06464, VaAcc: 0.9597, VaLoss:  0.15791
251,  0 | TrAcc: 0.9875, TrLoss:  0.06448, VaAcc: 0.9447, VaLoss:  0.20106
252,  0 | TrAcc: 0.9864, TrLoss:  0.06447, VaAcc: 0.9344, VaLoss:  0.23369
253,  0 | TrAcc: 0.9864, TrLoss:  0.06601, VaAcc: 0.9487, VaLoss:  0.18786
254,  0 | TrAcc: 0.9864, TrLoss:  0.06514, VaAcc: 0.9526, VaLoss:  0.16675
255,  0 | TrAcc: 0.9863, TrLoss:  0.06544, VaAcc: 0.9502, VaLoss:  0.18062
256,  0 | TrAcc: 0.9856, TrLoss:  0.06775, VaAcc: 0.9392, VaLoss:  0.21665
257,  0 | TrAcc: 0.9864, TrLoss:  0.06521, VaAcc: 0.9439, VaLoss:  0.20310
258,  0 | TrAcc: 0.9875, TrLoss:  0.06451, VaAcc: 0.9558, VaLoss:  0.17149
259,  0 | TrAcc: 0.9874, TrLoss:  0.06332, VaAcc: 0.9589, VaLoss:  0.15913
260,  0 | TrAcc: 0.9883, TrLoss:  0.06090, VaAcc: 0.9589, VaLoss:  0.16756
261,  0 | TrAcc: 0.9875, TrLoss:  0.06235, VaAcc: 0.9423, VaLoss:  0.21384
262,  0 | TrAcc: 0.9879, TrLoss:  0.06326, VaAcc: 0.9344, VaLoss:  0.23180
263,  0 | TrAcc: 0.9874, TrLoss:  0.06286, VaAcc: 0.9447, VaLoss:  0.19561
264,  0 | TrAcc: 0.9874, TrLoss:  0.06318, VaAcc: 0.9487, VaLoss:  0.17769
265,  0 | TrAcc: 0.9872, TrLoss:  0.06203, VaAcc: 0.9502, VaLoss:  0.17938
266,  0 | TrAcc: 0.9882, TrLoss:  0.06184, VaAcc: 0.9534, VaLoss:  0.18185
267,  0 | TrAcc: 0.9875, TrLoss:  0.06271, VaAcc: 0.9463, VaLoss:  0.19433
268,  0 | TrAcc: 0.9872, TrLoss:  0.06388, VaAcc: 0.9447, VaLoss:  0.21023
269,  0 | TrAcc: 0.9891, TrLoss:  0.06125, VaAcc: 0.9423, VaLoss:  0.21060
270,  0 | TrAcc: 0.9861, TrLoss:  0.06324, VaAcc: 0.9479, VaLoss:  0.18223
271,  0 | TrAcc: 0.9867, TrLoss:  0.06431, VaAcc: 0.9566, VaLoss:  0.16602
272,  0 | TrAcc: 0.9880, TrLoss:  0.06319, VaAcc: 0.9502, VaLoss:  0.17704
273,  0 | TrAcc: 0.9871, TrLoss:  0.06348, VaAcc: 0.9423, VaLoss:  0.20992
274,  0 | TrAcc: 0.9875, TrLoss:  0.06210, VaAcc: 0.9423, VaLoss:  0.20039
275,  0 | TrAcc: 0.9888, TrLoss:  0.05782, VaAcc: 0.9463, VaLoss:  0.18205
276,  0 | TrAcc: 0.9872, TrLoss:  0.06201, VaAcc: 0.9534, VaLoss:  0.17350
277,  0 | TrAcc: 0.9882, TrLoss:  0.06255, VaAcc: 0.9479, VaLoss:  0.18633
278,  0 | TrAcc: 0.9880, TrLoss:  0.06154, VaAcc: 0.9439, VaLoss:  0.20429
279,  0 | TrAcc: 0.9885, TrLoss:  0.06147, VaAcc: 0.9368, VaLoss:  0.21640
280,  0 | TrAcc: 0.9880, TrLoss:  0.06193, VaAcc: 0.9510, VaLoss:  0.17849
281,  0 | TrAcc: 0.9885, TrLoss:  0.06218, VaAcc: 0.9613, VaLoss:  0.15576
282,  0 | TrAcc: 0.9882, TrLoss:  0.06091, VaAcc: 0.9621, VaLoss:  0.15558
283,  0 | TrAcc: 0.9877, TrLoss:  0.06290, VaAcc: 0.9526, VaLoss:  0.17661
284,  0 | TrAcc: 0.9882, TrLoss:  0.06110, VaAcc: 0.9471, VaLoss:  0.19575
285,  0 | TrAcc: 0.9879, TrLoss:  0.05940, VaAcc: 0.9487, VaLoss:  0.19222
286,  0 | TrAcc: 0.9888, TrLoss:  0.05986, VaAcc: 0.9550, VaLoss:  0.16313
287,  0 | TrAcc: 0.9887, TrLoss:  0.06065, VaAcc: 0.9629, VaLoss:  0.15538
288,  0 | TrAcc: 0.9891, TrLoss:  0.05890, VaAcc: 0.9510, VaLoss:  0.17358
289,  0 | TrAcc: 0.9879, TrLoss:  0.06125, VaAcc: 0.9463, VaLoss:  0.18931
290,  0 | TrAcc: 0.9874, TrLoss:  0.06133, VaAcc: 0.9518, VaLoss:  0.17845
291,  0 | TrAcc: 0.9882, TrLoss:  0.05896, VaAcc: 0.9652, VaLoss:  0.15085
292,  0 | TrAcc: 0.9896, TrLoss:  0.05967, VaAcc: 0.9629, VaLoss:  0.14341
293,  0 | TrAcc: 0.9887, TrLoss:  0.05812, VaAcc: 0.9613, VaLoss:  0.15338
294,  0 | TrAcc: 0.9896, TrLoss:  0.05826, VaAcc: 0.9471, VaLoss:  0.19173
295,  0 | TrAcc: 0.9871, TrLoss:  0.06087, VaAcc: 0.9408, VaLoss:  0.20903
296,  0 | TrAcc: 0.9879, TrLoss:  0.06030, VaAcc: 0.9510, VaLoss:  0.17682
297,  0 | TrAcc: 0.9893, TrLoss:  0.05785, VaAcc: 0.9550, VaLoss:  0.16931
298,  0 | TrAcc: 0.9898, TrLoss:  0.05767, VaAcc: 0.9566, VaLoss:  0.17328
299,  0 | TrAcc: 0.9877, TrLoss:  0.05988, VaAcc: 0.9502, VaLoss:  0.18789
300,  0 | TrAcc: 0.9895, TrLoss:  0.05710, VaAcc: 0.9502, VaLoss:  0.18484
301,  0 | TrAcc: 0.9880, TrLoss:  0.05879, VaAcc: 0.9518, VaLoss:  0.17818
302,  0 | TrAcc: 0.9904, TrLoss:  0.05739, VaAcc: 0.9526, VaLoss:  0.17136
303,  0 | TrAcc: 0.9896, TrLoss:  0.05831, VaAcc: 0.9597, VaLoss:  0.16260
304,  0 | TrAcc: 0.9895, TrLoss:  0.05593, VaAcc: 0.9573, VaLoss:  0.16786
305,  0 | TrAcc: 0.9895, TrLoss:  0.05593, VaAcc: 0.9487, VaLoss:  0.18404
306,  0 | TrAcc: 0.9903, TrLoss:  0.05633, VaAcc: 0.9423, VaLoss:  0.20625
307,  0 | TrAcc: 0.9898, TrLoss:  0.05542, VaAcc: 0.9415, VaLoss:  0.20587
308,  0 | TrAcc: 0.9896, TrLoss:  0.05856, VaAcc: 0.9534, VaLoss:  0.17834
309,  0 | TrAcc: 0.9901, TrLoss:  0.05809, VaAcc: 0.9581, VaLoss:  0.16270
310,  0 | TrAcc: 0.9896, TrLoss:  0.05591, VaAcc: 0.9510, VaLoss:  0.17384
311,  0 | TrAcc: 0.9885, TrLoss:  0.06114, VaAcc: 0.9510, VaLoss:  0.19449
312,  0 | TrAcc: 0.9888, TrLoss:  0.05672, VaAcc: 0.9550, VaLoss:  0.17637
313,  0 | TrAcc: 0.9898, TrLoss:  0.05627, VaAcc: 0.9629, VaLoss:  0.15865
314,  0 | TrAcc: 0.9898, TrLoss:  0.05545, VaAcc: 0.9605, VaLoss:  0.16044
315,  0 | TrAcc: 0.9904, TrLoss:  0.05720, VaAcc: 0.9597, VaLoss:  0.17339
316,  0 | TrAcc: 0.9903, TrLoss:  0.05461, VaAcc: 0.9526, VaLoss:  0.18309
317,  0 | TrAcc: 0.9907, TrLoss:  0.05395, VaAcc: 0.9518, VaLoss:  0.17846
318,  0 | TrAcc: 0.9879, TrLoss:  0.05872, VaAcc: 0.9510, VaLoss:  0.17490
319,  0 | TrAcc: 0.9906, TrLoss:  0.05449, VaAcc: 0.9542, VaLoss:  0.16209
320,  0 | TrAcc: 0.9904, TrLoss:  0.05456, VaAcc: 0.9573, VaLoss:  0.15530
321,  0 | TrAcc: 0.9906, TrLoss:  0.05457, VaAcc: 0.9597, VaLoss:  0.15381
322,  0 | TrAcc: 0.9888, TrLoss:  0.05537, VaAcc: 0.9597, VaLoss:  0.15492
323,  0 | TrAcc: 0.9903, TrLoss:  0.05393, VaAcc: 0.9629, VaLoss:  0.15906
324,  0 | TrAcc: 0.9903, TrLoss:  0.05382, VaAcc: 0.9629, VaLoss:  0.15623
325,  0 | TrAcc: 0.9904, TrLoss:  0.05293, VaAcc: 0.9676, VaLoss:  0.14975
326,  0 | TrAcc: 0.9898, TrLoss:  0.05407, VaAcc: 0.9645, VaLoss:  0.15428
327,  0 | TrAcc: 0.9917, TrLoss:  0.05307, VaAcc: 0.9621, VaLoss:  0.15826
328,  0 | TrAcc: 0.9911, TrLoss:  0.05382, VaAcc: 0.9605, VaLoss:  0.16418
329,  0 | TrAcc: 0.9911, TrLoss:  0.05247, VaAcc: 0.9526, VaLoss:  0.17861
330,  0 | TrAcc: 0.9904, TrLoss:  0.05394, VaAcc: 0.9573, VaLoss:  0.17053
331,  0 | TrAcc: 0.9906, TrLoss:  0.05270, VaAcc: 0.9613, VaLoss:  0.15897
332,  0 | TrAcc: 0.9904, TrLoss:  0.05169, VaAcc: 0.9645, VaLoss:  0.14989
333,  0 | TrAcc: 0.9920, TrLoss:  0.05291, VaAcc: 0.9629, VaLoss:  0.15215
334,  0 | TrAcc: 0.9925, TrLoss:  0.05179, VaAcc: 0.9573, VaLoss:  0.16110
335,  0 | TrAcc: 0.9912, TrLoss:  0.05276, VaAcc: 0.9550, VaLoss:  0.16556
336,  0 | TrAcc: 0.9922, TrLoss:  0.05104, VaAcc: 0.9597, VaLoss:  0.16345
337,  0 | TrAcc: 0.9915, TrLoss:  0.05303, VaAcc: 0.9597, VaLoss:  0.16015
338,  0 | TrAcc: 0.9906, TrLoss:  0.05329, VaAcc: 0.9629, VaLoss:  0.15852
339,  0 | TrAcc: 0.9914, TrLoss:  0.05148, VaAcc: 0.9581, VaLoss:  0.16925
340,  0 | TrAcc: 0.9914, TrLoss:  0.05248, VaAcc: 0.9534, VaLoss:  0.18639
341,  0 | TrAcc: 0.9914, TrLoss:  0.05195, VaAcc: 0.9542, VaLoss:  0.17818
342,  0 | TrAcc: 0.9906, TrLoss:  0.05318, VaAcc: 0.9629, VaLoss:  0.15575
343,  0 | TrAcc: 0.9903, TrLoss:  0.05236, VaAcc: 0.9660, VaLoss:  0.14936
344,  0 | TrAcc: 0.9903, TrLoss:  0.05169, VaAcc: 0.9597, VaLoss:  0.15931
345,  0 | TrAcc: 0.9906, TrLoss:  0.05315, VaAcc: 0.9542, VaLoss:  0.17488
346,  0 | TrAcc: 0.9915, TrLoss:  0.05203, VaAcc: 0.9542, VaLoss:  0.17586
347,  0 | TrAcc: 0.9896, TrLoss:  0.05232, VaAcc: 0.9613, VaLoss:  0.15851
348,  0 | TrAcc: 0.9898, TrLoss:  0.05305, VaAcc: 0.9660, VaLoss:  0.15009
349,  0 | TrAcc: 0.9888, TrLoss:  0.05350, VaAcc: 0.9645, VaLoss:  0.15132
350,  0 | TrAcc: 0.9911, TrLoss:  0.05304, VaAcc: 0.9605, VaLoss:  0.16389
351,  0 | TrAcc: 0.9898, TrLoss:  0.05463, VaAcc: 0.9581, VaLoss:  0.16701
352,  0 | TrAcc: 0.9919, TrLoss:  0.05074, VaAcc: 0.9581, VaLoss:  0.16020
353,  0 | TrAcc: 0.9920, TrLoss:  0.05000, VaAcc: 0.9589, VaLoss:  0.15875
354,  0 | TrAcc: 0.9914, TrLoss:  0.05046, VaAcc: 0.9550, VaLoss:  0.16835
355,  0 | TrAcc: 0.9919, TrLoss:  0.04913, VaAcc: 0.9510, VaLoss:  0.18733
356,  0 | TrAcc: 0.9915, TrLoss:  0.05037, VaAcc: 0.9510, VaLoss:  0.19460
357,  0 | TrAcc: 0.9935, TrLoss:  0.04942, VaAcc: 0.9613, VaLoss:  0.16305
358,  0 | TrAcc: 0.9920, TrLoss:  0.04865, VaAcc: 0.9652, VaLoss:  0.14981
359,  0 | TrAcc: 0.9914, TrLoss:  0.05141, VaAcc: 0.9613, VaLoss:  0.15904
360,  0 | TrAcc: 0.9911, TrLoss:  0.05177, VaAcc: 0.9534, VaLoss:  0.17445
361,  0 | TrAcc: 0.9915, TrLoss:  0.05329, VaAcc: 0.9542, VaLoss:  0.17538
362,  0 | TrAcc: 0.9915, TrLoss:  0.05117, VaAcc: 0.9566, VaLoss:  0.16914
363,  0 | TrAcc: 0.9912, TrLoss:  0.05058, VaAcc: 0.9573, VaLoss:  0.16767
364,  0 | TrAcc: 0.9907, TrLoss:  0.05045, VaAcc: 0.9455, VaLoss:  0.18569
365,  0 | TrAcc: 0.9914, TrLoss:  0.05106, VaAcc: 0.9392, VaLoss:  0.20824
366,  0 | TrAcc: 0.9920, TrLoss:  0.05119, VaAcc: 0.9471, VaLoss:  0.19911
367,  0 | TrAcc: 0.9931, TrLoss:  0.04904, VaAcc: 0.9542, VaLoss:  0.17356
368,  0 | TrAcc: 0.9907, TrLoss:  0.05158, VaAcc: 0.9573, VaLoss:  0.17027
369,  0 | TrAcc: 0.9925, TrLoss:  0.04900, VaAcc: 0.9550, VaLoss:  0.17747
370,  0 | TrAcc: 0.9936, TrLoss:  0.04864, VaAcc: 0.9542, VaLoss:  0.18492
371,  0 | TrAcc: 0.9906, TrLoss:  0.05136, VaAcc: 0.9573, VaLoss:  0.17295
372,  0 | TrAcc: 0.9920, TrLoss:  0.05061, VaAcc: 0.9637, VaLoss:  0.15815
373,  0 | TrAcc: 0.9927, TrLoss:  0.04841, VaAcc: 0.9645, VaLoss:  0.15644
374,  0 | TrAcc: 0.9922, TrLoss:  0.04897, VaAcc: 0.9621, VaLoss:  0.16327
375,  0 | TrAcc: 0.9922, TrLoss:  0.04937, VaAcc: 0.9542, VaLoss:  0.17399
376,  0 | TrAcc: 0.9920, TrLoss:  0.05027, VaAcc: 0.9566, VaLoss:  0.16772
377,  0 | TrAcc: 0.9917, TrLoss:  0.04915, VaAcc: 0.9613, VaLoss:  0.16449
378,  0 | TrAcc: 0.9917, TrLoss:  0.04922, VaAcc: 0.9605, VaLoss:  0.16809
379,  0 | TrAcc: 0.9912, TrLoss:  0.04939, VaAcc: 0.9605, VaLoss:  0.16588
380,  0 | TrAcc: 0.9923, TrLoss:  0.04897, VaAcc: 0.9637, VaLoss:  0.15827
381,  0 | TrAcc: 0.9919, TrLoss:  0.04930, VaAcc: 0.9684, VaLoss:  0.14999
382,  0 | TrAcc: 0.9928, TrLoss:  0.04836, VaAcc: 0.9660, VaLoss:  0.14655
383,  0 | TrAcc: 0.9936, TrLoss:  0.04715, VaAcc: 0.9605, VaLoss:  0.16435
384,  0 | TrAcc: 0.9914, TrLoss:  0.05031, VaAcc: 0.9510, VaLoss:  0.19012
385,  0 | TrAcc: 0.9930, TrLoss:  0.04635, VaAcc: 0.9573, VaLoss:  0.17563
386,  0 | TrAcc: 0.9919, TrLoss:  0.04696, VaAcc: 0.9613, VaLoss:  0.16327
387,  0 | TrAcc: 0.9936, TrLoss:  0.04697, VaAcc: 0.9637, VaLoss:  0.15985
388,  0 | TrAcc: 0.9911, TrLoss:  0.05203, VaAcc: 0.9605, VaLoss:  0.17414
389,  0 | TrAcc: 0.9911, TrLoss:  0.04969, VaAcc: 0.9518, VaLoss:  0.18959
390,  0 | TrAcc: 0.9912, TrLoss:  0.04744, VaAcc: 0.9621, VaLoss:  0.15719
391,  0 | TrAcc: 0.9920, TrLoss:  0.04888, VaAcc: 0.9692, VaLoss:  0.14070
392,  0 | TrAcc: 0.9922, TrLoss:  0.04611, VaAcc: 0.9676, VaLoss:  0.14397
393,  0 | TrAcc: 0.9917, TrLoss:  0.04921, VaAcc: 0.9510, VaLoss:  0.18292
394,  0 | TrAcc: 0.9920, TrLoss:  0.04757, VaAcc: 0.9408, VaLoss:  0.21317
395,  0 | TrAcc: 0.9922, TrLoss:  0.04744, VaAcc: 0.9589, VaLoss:  0.17002
396,  0 | TrAcc: 0.9928, TrLoss:  0.04746, VaAcc: 0.9660, VaLoss:  0.15247
397,  0 | TrAcc: 0.9923, TrLoss:  0.04784, VaAcc: 0.9645, VaLoss:  0.15117
398,  0 | TrAcc: 0.9920, TrLoss:  0.05128, VaAcc: 0.9629, VaLoss:  0.15554
399,  0 | TrAcc: 0.9922, TrLoss:  0.05069, VaAcc: 0.9605, VaLoss:  0.15791
400,  0 | TrAcc: 0.9909, TrLoss:  0.04933, VaAcc: 0.9605, VaLoss:  0.16209
401,  0 | TrAcc: 0.9906, TrLoss:  0.05015, VaAcc: 0.9573, VaLoss:  0.16540
402,  0 | TrAcc: 0.9915, TrLoss:  0.04688, VaAcc: 0.9581, VaLoss:  0.16353
403,  0 | TrAcc: 0.9917, TrLoss:  0.04887, VaAcc: 0.9613, VaLoss:  0.15813
404,  0 | TrAcc: 0.9920, TrLoss:  0.04825, VaAcc: 0.9605, VaLoss:  0.16160
405,  0 | TrAcc: 0.9928, TrLoss:  0.04543, VaAcc: 0.9573, VaLoss:  0.16623
406,  0 | TrAcc: 0.9927, TrLoss:  0.04759, VaAcc: 0.9534, VaLoss:  0.18622
407,  0 | TrAcc: 0.9922, TrLoss:  0.04821, VaAcc: 0.9494, VaLoss:  0.19390
408,  0 | TrAcc: 0.9939, TrLoss:  0.04596, VaAcc: 0.9566, VaLoss:  0.17029
409,  0 | TrAcc: 0.9933, TrLoss:  0.04634, VaAcc: 0.9668, VaLoss:  0.14770
410,  0 | TrAcc: 0.9928, TrLoss:  0.04656, VaAcc: 0.9668, VaLoss:  0.14282
411,  0 | TrAcc: 0.9917, TrLoss:  0.04730, VaAcc: 0.9613, VaLoss:  0.15449
412,  0 | TrAcc: 0.9927, TrLoss:  0.04717, VaAcc: 0.9550, VaLoss:  0.17164
413,  0 | TrAcc: 0.9944, TrLoss:  0.04526, VaAcc: 0.9581, VaLoss:  0.17229
414,  0 | TrAcc: 0.9936, TrLoss:  0.04532, VaAcc: 0.9629, VaLoss:  0.15835
415,  0 | TrAcc: 0.9931, TrLoss:  0.04777, VaAcc: 0.9652, VaLoss:  0.15246
416,  0 | TrAcc: 0.9923, TrLoss:  0.04620, VaAcc: 0.9645, VaLoss:  0.15081
417,  0 | TrAcc: 0.9933, TrLoss:  0.04423, VaAcc: 0.9597, VaLoss:  0.15834
418,  0 | TrAcc: 0.9923, TrLoss:  0.04761, VaAcc: 0.9566, VaLoss:  0.17027
419,  0 | TrAcc: 0.9946, TrLoss:  0.04395, VaAcc: 0.9581, VaLoss:  0.17049
420,  0 | TrAcc: 0.9930, TrLoss:  0.04684, VaAcc: 0.9613, VaLoss:  0.15935
421,  0 | TrAcc: 0.9917, TrLoss:  0.04576, VaAcc: 0.9621, VaLoss:  0.15526
422,  0 | TrAcc: 0.9938, TrLoss:  0.04626, VaAcc: 0.9621, VaLoss:  0.15806
423,  0 | TrAcc: 0.9928, TrLoss:  0.04455, VaAcc: 0.9645, VaLoss:  0.15161
424,  0 | TrAcc: 0.9933, TrLoss:  0.04567, VaAcc: 0.9613, VaLoss:  0.15402
425,  0 | TrAcc: 0.9935, TrLoss:  0.04489, VaAcc: 0.9597, VaLoss:  0.15665
426,  0 | TrAcc: 0.9930, TrLoss:  0.04493, VaAcc: 0.9605, VaLoss:  0.15898
427,  0 | TrAcc: 0.9925, TrLoss:  0.04595, VaAcc: 0.9613, VaLoss:  0.15607
428,  0 | TrAcc: 0.9927, TrLoss:  0.04492, VaAcc: 0.9637, VaLoss:  0.15558
429,  0 | TrAcc: 0.9936, TrLoss:  0.04414, VaAcc: 0.9637, VaLoss:  0.15931
430,  0 | TrAcc: 0.9938, TrLoss:  0.04491, VaAcc: 0.9629, VaLoss:  0.16393
431,  0 | TrAcc: 0.9941, TrLoss:  0.04407, VaAcc: 0.9589, VaLoss:  0.17253
432,  0 | TrAcc: 0.9938, TrLoss:  0.04368, VaAcc: 0.9566, VaLoss:  0.17539
433,  0 | TrAcc: 0.9935, TrLoss:  0.04429, VaAcc: 0.9629, VaLoss:  0.16524
434,  0 | TrAcc: 0.9935, TrLoss:  0.04504, VaAcc: 0.9637, VaLoss:  0.15597
435,  0 | TrAcc: 0.9939, TrLoss:  0.04427, VaAcc: 0.9637, VaLoss:  0.15096
436,  0 | TrAcc: 0.9946, TrLoss:  0.04350, VaAcc: 0.9605, VaLoss:  0.15840
437,  0 | TrAcc: 0.9927, TrLoss:  0.04498, VaAcc: 0.9573, VaLoss:  0.16959
438,  0 | TrAcc: 0.9927, TrLoss:  0.04655, VaAcc: 0.9621, VaLoss:  0.16240
439,  0 | TrAcc: 0.9938, TrLoss:  0.04344, VaAcc: 0.9660, VaLoss:  0.14958
440,  0 | TrAcc: 0.9927, TrLoss:  0.04522, VaAcc: 0.9668, VaLoss:  0.14414
441,  0 | TrAcc: 0.9923, TrLoss:  0.04449, VaAcc: 0.9692, VaLoss:  0.14326
442,  0 | TrAcc: 0.9931, TrLoss:  0.04462, VaAcc: 0.9637, VaLoss:  0.16024
443,  0 | TrAcc: 0.9928, TrLoss:  0.04687, VaAcc: 0.9597, VaLoss:  0.16513
444,  0 | TrAcc: 0.9936, TrLoss:  0.04388, VaAcc: 0.9581, VaLoss:  0.15641
445,  0 | TrAcc: 0.9938, TrLoss:  0.04265, VaAcc: 0.9660, VaLoss:  0.14349
446,  0 | TrAcc: 0.9925, TrLoss:  0.04452, VaAcc: 0.9645, VaLoss:  0.14188
447,  0 | TrAcc: 0.9933, TrLoss:  0.04270, VaAcc: 0.9605, VaLoss:  0.16099
448,  0 | TrAcc: 0.9933, TrLoss:  0.04520, VaAcc: 0.9471, VaLoss:  0.18973
449,  0 | TrAcc: 0.9935, TrLoss:  0.04572, VaAcc: 0.9542, VaLoss:  0.16794
450,  0 | TrAcc: 0.9939, TrLoss:  0.04234, VaAcc: 0.9652, VaLoss:  0.14855
451,  0 | TrAcc: 0.9933, TrLoss:  0.04327, VaAcc: 0.9660, VaLoss:  0.14659
452,  0 | TrAcc: 0.9935, TrLoss:  0.04425, VaAcc: 0.9652, VaLoss:  0.15127
453,  0 | TrAcc: 0.9941, TrLoss:  0.04366, VaAcc: 0.9597, VaLoss:  0.15709
454,  0 | TrAcc: 0.9930, TrLoss:  0.04486, VaAcc: 0.9597, VaLoss:  0.16404
455,  0 | TrAcc: 0.9936, TrLoss:  0.04383, VaAcc: 0.9597, VaLoss:  0.16337
456,  0 | TrAcc: 0.9941, TrLoss:  0.04458, VaAcc: 0.9605, VaLoss:  0.16464
457,  0 | TrAcc: 0.9935, TrLoss:  0.04230, VaAcc: 0.9613, VaLoss:  0.16405
458,  0 | TrAcc: 0.9944, TrLoss:  0.04257, VaAcc: 0.9597, VaLoss:  0.16590
459,  0 | TrAcc: 0.9923, TrLoss:  0.04526, VaAcc: 0.9573, VaLoss:  0.17487
460,  0 | TrAcc: 0.9936, TrLoss:  0.04347, VaAcc: 0.9581, VaLoss:  0.17444
461,  0 | TrAcc: 0.9939, TrLoss:  0.04150, VaAcc: 0.9621, VaLoss:  0.16461
462,  0 | TrAcc: 0.9938, TrLoss:  0.04234, VaAcc: 0.9613, VaLoss:  0.16371
463,  0 | TrAcc: 0.9936, TrLoss:  0.04232, VaAcc: 0.9637, VaLoss:  0.16710
464,  0 | TrAcc: 0.9936, TrLoss:  0.04354, VaAcc: 0.9652, VaLoss:  0.16443
465,  0 | TrAcc: 0.9947, TrLoss:  0.04292, VaAcc: 0.9668, VaLoss:  0.15485
466,  0 | TrAcc: 0.9935, TrLoss:  0.04264, VaAcc: 0.9684, VaLoss:  0.14913
467,  0 | TrAcc: 0.9946, TrLoss:  0.04190, VaAcc: 0.9660, VaLoss:  0.15127
468,  0 | TrAcc: 0.9946, TrLoss:  0.04250, VaAcc: 0.9613, VaLoss:  0.16013
469,  0 | TrAcc: 0.9946, TrLoss:  0.04156, VaAcc: 0.9629, VaLoss:  0.15371
470,  0 | TrAcc: 0.9935, TrLoss:  0.04313, VaAcc: 0.9637, VaLoss:  0.14955
471,  0 | TrAcc: 0.9939, TrLoss:  0.04393, VaAcc: 0.9621, VaLoss:  0.15272
472,  0 | TrAcc: 0.9941, TrLoss:  0.04287, VaAcc: 0.9637, VaLoss:  0.15540
473,  0 | TrAcc: 0.9920, TrLoss:  0.04285, VaAcc: 0.9605, VaLoss:  0.15871
474,  0 | TrAcc: 0.9931, TrLoss:  0.04391, VaAcc: 0.9605, VaLoss:  0.16686
475,  0 | TrAcc: 0.9933, TrLoss:  0.04351, VaAcc: 0.9573, VaLoss:  0.17362
476,  0 | TrAcc: 0.9943, TrLoss:  0.04220, VaAcc: 0.9660, VaLoss:  0.15841
477,  0 | TrAcc: 0.9917, TrLoss:  0.04393, VaAcc: 0.9684, VaLoss:  0.15257
478,  0 | TrAcc: 0.9939, TrLoss:  0.04369, VaAcc: 0.9652, VaLoss:  0.15671
479,  0 | TrAcc: 0.9938, TrLoss:  0.04328, VaAcc: 0.9581, VaLoss:  0.17144
480,  0 | TrAcc: 0.9939, TrLoss:  0.04423, VaAcc: 0.9573, VaLoss:  0.17339
481,  0 | TrAcc: 0.9938, TrLoss:  0.04254, VaAcc: 0.9629, VaLoss:  0.15667
482,  0 | TrAcc: 0.9941, TrLoss:  0.04398, VaAcc: 0.9652, VaLoss:  0.15136
483,  0 | TrAcc: 0.9944, TrLoss:  0.04206, VaAcc: 0.9629, VaLoss:  0.14994
484,  0 | TrAcc: 0.9935, TrLoss:  0.04558, VaAcc: 0.9589, VaLoss:  0.16156
485,  0 | TrAcc: 0.9936, TrLoss:  0.04335, VaAcc: 0.9558, VaLoss:  0.17470
486,  0 | TrAcc: 0.9936, TrLoss:  0.04354, VaAcc: 0.9566, VaLoss:  0.16571
487,  0 | TrAcc: 0.9938, TrLoss:  0.04391, VaAcc: 0.9668, VaLoss:  0.14832
488,  0 | TrAcc: 0.9935, TrLoss:  0.04285, VaAcc: 0.9668, VaLoss:  0.14907
489,  0 | TrAcc: 0.9947, TrLoss:  0.04220, VaAcc: 0.9613, VaLoss:  0.16118
490,  0 | TrAcc: 0.9936, TrLoss:  0.04360, VaAcc: 0.9566, VaLoss:  0.17374
491,  0 | TrAcc: 0.9943, TrLoss:  0.04124, VaAcc: 0.9566, VaLoss:  0.17176
492,  0 | TrAcc: 0.9938, TrLoss:  0.04168, VaAcc: 0.9637, VaLoss:  0.16458
493,  0 | TrAcc: 0.9944, TrLoss:  0.04258, VaAcc: 0.9645, VaLoss:  0.15940
494,  0 | TrAcc: 0.9944, TrLoss:  0.03996, VaAcc: 0.9645, VaLoss:  0.15758
495,  0 | TrAcc: 0.9933, TrLoss:  0.04281, VaAcc: 0.9573, VaLoss:  0.16402
496,  0 | TrAcc: 0.9946, TrLoss:  0.04154, VaAcc: 0.9597, VaLoss:  0.16926
497,  0 | TrAcc: 0.9949, TrLoss:  0.04001, VaAcc: 0.9645, VaLoss:  0.15969
498,  0 | TrAcc: 0.9925, TrLoss:  0.04515, VaAcc: 0.9652, VaLoss:  0.15024
499,  0 | TrAcc: 0.9939, TrLoss:  0.04303, VaAcc: 0.9637, VaLoss:  0.15218
----------------------------
Final Tr Acc   :   0.99393 +-     nan
Final Va Acc   :   0.96367 +-     nan
Final Tr Loss  :   0.04303 +-     nan
Final Va Loss  :   0.15218 +-     nan

TrAcc
Run:  0 | 99.49% in epoch  497

VaAcc
Run:  0 | 96.92% in epoch  391
(1, 500)
