{'learning_rate': 0.01, 'mode': {'max_epochs': 500, 'name': 'classic', 'min_error': 0}, 'task_id': 1}
{'dataset': 'penstroke', 'tr': {'batch_size': 5000, 'zero_padding': 0, 'extract_seqs': False, 'mini_batch_mode': False, 'out_seq_len': 1, 'in_seq_len': 25}, 'va': {'batch_size': 5000, 'zero_padding': 0, 'extract_seqs': False, 'mini_batch_mode': False, 'out_seq_len': 1, 'in_seq_len': 25}}
{'layout': [4, 60, 60, 10], 'output_type': 'classification', 'gradient_clip_value': 0.5, 'layer_configs': [{'layer_type': 'input'}, {'init_config': {'i': {'w': 'xavier', 'b': 'all_zero'}, 'f': {'w': 'all_zero', 'b': 'all_one'}, 'c': {'w': 'xavier', 'b': 'all_zero'}, 'o': {'w': 'xavier', 'b': 'all_zero'}}, 'layer_type': 'lstm', 'is_recurrent': True, 'regularization': {'state_zo_prob': 0.45, 'output_zo_prob': 0.05, 'mode': 'zoneout'}, 'var_scope': 'lstm_0', 'is_output': False}, {'init_config': {'i': {'b': 'all_zero', 'w': 'xavier'}, 'f': {'b': 'all_one', 'w': 'all_zero'}, 'c': {'b': 'all_zero', 'w': 'xavier'}, 'o': {'b': 'all_zero', 'w': 'xavier'}}, 'layer_type': 'lstm', 'is_output': False, 'regularization': {'state_zo_prob': 0.45, 'output_zo_prob': 0.05, 'mode': 'zoneout'}, 'var_scope': 'lstm_1', 'is_recurrent': True}, {'init_config': {'b': 'all_zero', 'w': 'xavier'}, 'layer_type': 'fc', 'is_output': True, 'regularization': {'mode': 'l2', 'strength': 0.003}, 'var_scope': 'output_layer', 'is_recurrent': False}]}
{'calc_performance_every': 1, 'include_out': False, 'include_pred': False}

=============================
CONFIG FILE

RNN CONFIG
{'gradient_clip_value': 0.5,
 'layer_configs': [{'layer_type': 'input'},
                   {'init_config': {'c': {'b': 'all_zero', 'w': 'xavier'},
                                    'f': {'b': 'all_one', 'w': 'all_zero'},
                                    'i': {'b': 'all_zero', 'w': 'xavier'},
                                    'o': {'b': 'all_zero', 'w': 'xavier'}},
                    'is_output': False,
                    'is_recurrent': True,
                    'layer_type': 'lstm',
                    'regularization': {'mode': 'zoneout',
                                       'output_zo_prob': 0.05,
                                       'state_zo_prob': 0.45},
                    'var_scope': 'lstm_0'},
                   {'init_config': {'c': {'b': 'all_zero', 'w': 'xavier'},
                                    'f': {'b': 'all_one', 'w': 'all_zero'},
                                    'i': {'b': 'all_zero', 'w': 'xavier'},
                                    'o': {'b': 'all_zero', 'w': 'xavier'}},
                    'is_output': False,
                    'is_recurrent': True,
                    'layer_type': 'lstm',
                    'regularization': {'mode': 'zoneout',
                                       'output_zo_prob': 0.05,
                                       'state_zo_prob': 0.45},
                    'var_scope': 'lstm_1'},
                   {'init_config': {'b': 'all_zero', 'w': 'xavier'},
                    'is_output': True,
                    'is_recurrent': False,
                    'layer_type': 'fc',
                    'regularization': {'mode': 'l2', 'strength': 0.003},
                    'var_scope': 'output_layer'}],
 'layout': [4, 60, 60, 10],
 'output_type': 'classification'}

DATA CONFIG
{'dataset': 'penstroke',
 'tr': {'batch_size': 5000,
        'extract_seqs': False,
        'in_seq_len': 25,
        'mini_batch_mode': False,
        'out_seq_len': 1,
        'zero_padding': 0},
 'va': {'batch_size': 5000,
        'extract_seqs': False,
        'in_seq_len': 25,
        'mini_batch_mode': False,
        'out_seq_len': 1,
        'zero_padding': 0}}

TRAINING CONFIG
{'learning_rate': 0.01,
 'mode': {'max_epochs': 500, 'min_error': 0, 'name': 'classic'},
 'task_id': 1}
==============================


  0,  0 | TrAcc: 0.0019, TrLoss:  2.43583, VaAcc: 0.0016, VaLoss:  2.43193
  1,  0 | TrAcc: 0.8507, TrLoss:  1.60169, VaAcc: 0.8365, VaLoss:  1.34058
  2,  0 | TrAcc: 0.8509, TrLoss:  0.79639, VaAcc: 0.8365, VaLoss:  0.77920
  3,  0 | TrAcc: 0.8507, TrLoss:  0.75934, VaAcc: 0.8365, VaLoss:  0.94276
  4,  0 | TrAcc: 0.8509, TrLoss:  0.77966, VaAcc: 0.8381, VaLoss:  0.94457
  5,  0 | TrAcc: 0.8550, TrLoss:  0.68441, VaAcc: 0.8389, VaLoss:  0.81929
  6,  0 | TrAcc: 0.8699, TrLoss:  0.57839, VaAcc: 0.8594, VaLoss:  0.62724
  7,  0 | TrAcc: 0.8697, TrLoss:  0.57834, VaAcc: 0.8468, VaLoss:  0.63438
  8,  0 | TrAcc: 0.8661, TrLoss:  0.60483, VaAcc: 0.8325, VaLoss:  0.65522
  9,  0 | TrAcc: 0.9088, TrLoss:  0.56744, VaAcc: 0.9013, VaLoss:  0.60994
 10,  0 | TrAcc: 0.9162, TrLoss:  0.51030, VaAcc: 0.9028, VaLoss:  0.54311
 11,  0 | TrAcc: 0.9173, TrLoss:  0.46673, VaAcc: 0.9052, VaLoss:  0.50057
 12,  0 | TrAcc: 0.9202, TrLoss:  0.43751, VaAcc: 0.9092, VaLoss:  0.47930
 13,  0 | TrAcc: 0.9216, TrLoss:  0.41984, VaAcc: 0.9100, VaLoss:  0.46637
 14,  0 | TrAcc: 0.9226, TrLoss:  0.40578, VaAcc: 0.9123, VaLoss:  0.45286
 15,  0 | TrAcc: 0.9239, TrLoss:  0.39630, VaAcc: 0.9139, VaLoss:  0.44095
 16,  0 | TrAcc: 0.9246, TrLoss:  0.38752, VaAcc: 0.9139, VaLoss:  0.43525
 17,  0 | TrAcc: 0.9243, TrLoss:  0.38224, VaAcc: 0.9139, VaLoss:  0.43211
 18,  0 | TrAcc: 0.9254, TrLoss:  0.37885, VaAcc: 0.9147, VaLoss:  0.42924
 19,  0 | TrAcc: 0.9256, TrLoss:  0.37121, VaAcc: 0.9139, VaLoss:  0.42586
 20,  0 | TrAcc: 0.9258, TrLoss:  0.36734, VaAcc: 0.9139, VaLoss:  0.42153
 21,  0 | TrAcc: 0.9261, TrLoss:  0.35949, VaAcc: 0.9139, VaLoss:  0.41550
 22,  0 | TrAcc: 0.9264, TrLoss:  0.35162, VaAcc: 0.9139, VaLoss:  0.40952
 23,  0 | TrAcc: 0.9270, TrLoss:  0.34480, VaAcc: 0.9139, VaLoss:  0.40270
 24,  0 | TrAcc: 0.9269, TrLoss:  0.34127, VaAcc: 0.9123, VaLoss:  0.39679
 25,  0 | TrAcc: 0.9272, TrLoss:  0.33782, VaAcc: 0.9115, VaLoss:  0.39148
 26,  0 | TrAcc: 0.9283, TrLoss:  0.33371, VaAcc: 0.9107, VaLoss:  0.38430
 27,  0 | TrAcc: 0.9274, TrLoss:  0.33156, VaAcc: 0.9100, VaLoss:  0.38183
 28,  0 | TrAcc: 0.9270, TrLoss:  0.32603, VaAcc: 0.9100, VaLoss:  0.39208
 29,  0 | TrAcc: 0.9282, TrLoss:  0.32162, VaAcc: 0.9107, VaLoss:  0.41060
 30,  0 | TrAcc: 0.9290, TrLoss:  0.31573, VaAcc: 0.9107, VaLoss:  0.41772
 31,  0 | TrAcc: 0.9283, TrLoss:  0.31044, VaAcc: 0.9123, VaLoss:  0.40026
 32,  0 | TrAcc: 0.9286, TrLoss:  0.30696, VaAcc: 0.9123, VaLoss:  0.39032
 33,  0 | TrAcc: 0.9282, TrLoss:  0.30113, VaAcc: 0.9107, VaLoss:  0.45095
 34,  0 | TrAcc: 0.9283, TrLoss:  0.29864, VaAcc: 0.9107, VaLoss:  0.61276
 35,  0 | TrAcc: 0.9288, TrLoss:  0.28816, VaAcc: 0.9107, VaLoss:  0.45153
 36,  0 | TrAcc: 0.9275, TrLoss:  0.28562, VaAcc: 0.9107, VaLoss:  0.48847
 37,  0 | TrAcc: 0.9288, TrLoss:  0.28152, VaAcc: 0.9115, VaLoss:  0.78205
 38,  0 | TrAcc: 0.9282, TrLoss:  0.27534, VaAcc: 0.9139, VaLoss:  0.62343
 39,  0 | TrAcc: 0.9299, TrLoss:  0.27379, VaAcc: 0.8610, VaLoss:  0.50592
 40,  0 | TrAcc: 0.9328, TrLoss:  0.26830, VaAcc: 0.6580, VaLoss:  0.79243
 41,  0 | TrAcc: 0.9355, TrLoss:  0.26711, VaAcc: 0.7378, VaLoss:  0.66691
 42,  0 | TrAcc: 0.9360, TrLoss:  0.26611, VaAcc: 0.8167, VaLoss:  0.51911
 43,  0 | TrAcc: 0.9365, TrLoss:  0.26373, VaAcc: 0.7362, VaLoss:  0.68220
 44,  0 | TrAcc: 0.9371, TrLoss:  0.25874, VaAcc: 0.7488, VaLoss:  0.66790
 45,  0 | TrAcc: 0.9376, TrLoss:  0.25650, VaAcc: 0.8507, VaLoss:  0.46490
 46,  0 | TrAcc: 0.9373, TrLoss:  0.25364, VaAcc: 0.7773, VaLoss:  0.60393
 47,  0 | TrAcc: 0.9361, TrLoss:  0.25349, VaAcc: 0.7267, VaLoss:  0.67459
 48,  0 | TrAcc: 0.9406, TrLoss:  0.24713, VaAcc: 0.8507, VaLoss:  0.46776
 49,  0 | TrAcc: 0.9390, TrLoss:  0.24540, VaAcc: 0.8673, VaLoss:  0.43003
 50,  0 | TrAcc: 0.9401, TrLoss:  0.24254, VaAcc: 0.6998, VaLoss:  0.71957
 51,  0 | TrAcc: 0.9405, TrLoss:  0.23967, VaAcc: 0.8823, VaLoss:  0.38026
 52,  0 | TrAcc: 0.9420, TrLoss:  0.23953, VaAcc: 0.8712, VaLoss:  0.40250
 53,  0 | TrAcc: 0.9398, TrLoss:  0.23634, VaAcc: 0.8081, VaLoss:  0.52262
 54,  0 | TrAcc: 0.9409, TrLoss:  0.23468, VaAcc: 0.8523, VaLoss:  0.43521
 55,  0 | TrAcc: 0.9420, TrLoss:  0.22941, VaAcc: 0.9147, VaLoss:  0.29666
 56,  0 | TrAcc: 0.9411, TrLoss:  0.22977, VaAcc: 0.8365, VaLoss:  0.46181
 57,  0 | TrAcc: 0.9432, TrLoss:  0.22624, VaAcc: 0.8610, VaLoss:  0.41010
 58,  0 | TrAcc: 0.9432, TrLoss:  0.22538, VaAcc: 0.9202, VaLoss:  0.28012
 59,  0 | TrAcc: 0.9427, TrLoss:  0.22120, VaAcc: 0.8476, VaLoss:  0.42571
 60,  0 | TrAcc: 0.9446, TrLoss:  0.21699, VaAcc: 0.8025, VaLoss:  0.49811
 61,  0 | TrAcc: 0.9446, TrLoss:  0.21794, VaAcc: 0.9186, VaLoss:  0.27825
 62,  0 | TrAcc: 0.9444, TrLoss:  0.21336, VaAcc: 0.8752, VaLoss:  0.36078
 63,  0 | TrAcc: 0.9430, TrLoss:  0.21480, VaAcc: 0.7646, VaLoss:  0.55876
 64,  0 | TrAcc: 0.9446, TrLoss:  0.21548, VaAcc: 0.9242, VaLoss:  0.26321
 65,  0 | TrAcc: 0.9441, TrLoss:  0.21036, VaAcc: 0.9250, VaLoss:  0.26096
 66,  0 | TrAcc: 0.9452, TrLoss:  0.20766, VaAcc: 0.8128, VaLoss:  0.47712
 67,  0 | TrAcc: 0.9451, TrLoss:  0.20587, VaAcc: 0.8341, VaLoss:  0.43641
 68,  0 | TrAcc: 0.9446, TrLoss:  0.20456, VaAcc: 0.9210, VaLoss:  0.26871
 69,  0 | TrAcc: 0.9451, TrLoss:  0.20407, VaAcc: 0.8981, VaLoss:  0.30716
 70,  0 | TrAcc: 0.9451, TrLoss:  0.20076, VaAcc: 0.8152, VaLoss:  0.45290
 71,  0 | TrAcc: 0.9457, TrLoss:  0.20081, VaAcc: 0.8641, VaLoss:  0.37611
 72,  0 | TrAcc: 0.9457, TrLoss:  0.20020, VaAcc: 0.9218, VaLoss:  0.25762
 73,  0 | TrAcc: 0.9480, TrLoss:  0.19191, VaAcc: 0.9234, VaLoss:  0.25900
 74,  0 | TrAcc: 0.9486, TrLoss:  0.19397, VaAcc: 0.8926, VaLoss:  0.32214
 75,  0 | TrAcc: 0.9476, TrLoss:  0.19493, VaAcc: 0.8886, VaLoss:  0.32314
 76,  0 | TrAcc: 0.9481, TrLoss:  0.19279, VaAcc: 0.9218, VaLoss:  0.26574
 77,  0 | TrAcc: 0.9508, TrLoss:  0.19193, VaAcc: 0.9336, VaLoss:  0.25013
 78,  0 | TrAcc: 0.9500, TrLoss:  0.18891, VaAcc: 0.9171, VaLoss:  0.28470
 79,  0 | TrAcc: 0.9507, TrLoss:  0.18741, VaAcc: 0.9044, VaLoss:  0.30901
 80,  0 | TrAcc: 0.9500, TrLoss:  0.18575, VaAcc: 0.9163, VaLoss:  0.29160
 81,  0 | TrAcc: 0.9515, TrLoss:  0.18792, VaAcc: 0.9107, VaLoss:  0.30425
 82,  0 | TrAcc: 0.9524, TrLoss:  0.17952, VaAcc: 0.9171, VaLoss:  0.26988
 83,  0 | TrAcc: 0.9532, TrLoss:  0.18495, VaAcc: 0.9107, VaLoss:  0.29861
 84,  0 | TrAcc: 0.9513, TrLoss:  0.18322, VaAcc: 0.8736, VaLoss:  0.35813
 85,  0 | TrAcc: 0.9526, TrLoss:  0.18235, VaAcc: 0.9013, VaLoss:  0.30316
 86,  0 | TrAcc: 0.9539, TrLoss:  0.17821, VaAcc: 0.9273, VaLoss:  0.25313
 87,  0 | TrAcc: 0.9529, TrLoss:  0.17848, VaAcc: 0.9210, VaLoss:  0.26249
 88,  0 | TrAcc: 0.9496, TrLoss:  0.17921, VaAcc: 0.9131, VaLoss:  0.28705
 89,  0 | TrAcc: 0.9539, TrLoss:  0.17746, VaAcc: 0.9210, VaLoss:  0.26846
 90,  0 | TrAcc: 0.9545, TrLoss:  0.17279, VaAcc: 0.9265, VaLoss:  0.25553
 91,  0 | TrAcc: 0.9550, TrLoss:  0.17467, VaAcc: 0.9321, VaLoss:  0.25093
 92,  0 | TrAcc: 0.9535, TrLoss:  0.17259, VaAcc: 0.9210, VaLoss:  0.27729
 93,  0 | TrAcc: 0.9548, TrLoss:  0.17187, VaAcc: 0.9076, VaLoss:  0.29900
 94,  0 | TrAcc: 0.9534, TrLoss:  0.17052, VaAcc: 0.9186, VaLoss:  0.28006
 95,  0 | TrAcc: 0.9550, TrLoss:  0.16691, VaAcc: 0.9250, VaLoss:  0.26599
 96,  0 | TrAcc: 0.9548, TrLoss:  0.16695, VaAcc: 0.9092, VaLoss:  0.30290
 97,  0 | TrAcc: 0.9571, TrLoss:  0.16240, VaAcc: 0.8949, VaLoss:  0.33021
 98,  0 | TrAcc: 0.9567, TrLoss:  0.16957, VaAcc: 0.9107, VaLoss:  0.30340
 99,  0 | TrAcc: 0.9563, TrLoss:  0.16397, VaAcc: 0.9234, VaLoss:  0.28471
100,  0 | TrAcc: 0.9559, TrLoss:  0.16218, VaAcc: 0.9273, VaLoss:  0.27231
101,  0 | TrAcc: 0.9582, TrLoss:  0.15898, VaAcc: 0.9155, VaLoss:  0.28793
102,  0 | TrAcc: 0.9587, TrLoss:  0.16168, VaAcc: 0.9115, VaLoss:  0.29712
103,  0 | TrAcc: 0.9590, TrLoss:  0.15805, VaAcc: 0.9321, VaLoss:  0.26264
104,  0 | TrAcc: 0.9577, TrLoss:  0.16127, VaAcc: 0.9376, VaLoss:  0.25809
105,  0 | TrAcc: 0.9588, TrLoss:  0.15781, VaAcc: 0.9352, VaLoss:  0.26087
106,  0 | TrAcc: 0.9583, TrLoss:  0.15675, VaAcc: 0.9321, VaLoss:  0.26584
107,  0 | TrAcc: 0.9590, TrLoss:  0.15666, VaAcc: 0.9242, VaLoss:  0.28755
108,  0 | TrAcc: 0.9567, TrLoss:  0.16003, VaAcc: 0.9289, VaLoss:  0.28562
109,  0 | TrAcc: 0.9582, TrLoss:  0.15941, VaAcc: 0.9336, VaLoss:  0.27146
110,  0 | TrAcc: 0.9582, TrLoss:  0.15517, VaAcc: 0.9250, VaLoss:  0.29251
111,  0 | TrAcc: 0.9588, TrLoss:  0.15292, VaAcc: 0.9234, VaLoss:  0.29807
112,  0 | TrAcc: 0.9577, TrLoss:  0.15551, VaAcc: 0.9329, VaLoss:  0.27689
113,  0 | TrAcc: 0.9599, TrLoss:  0.15223, VaAcc: 0.9329, VaLoss:  0.26838
114,  0 | TrAcc: 0.9607, TrLoss:  0.14907, VaAcc: 0.9210, VaLoss:  0.29469
115,  0 | TrAcc: 0.9593, TrLoss:  0.15500, VaAcc: 0.9218, VaLoss:  0.29830
116,  0 | TrAcc: 0.9622, TrLoss:  0.14553, VaAcc: 0.9336, VaLoss:  0.26424
117,  0 | TrAcc: 0.9631, TrLoss:  0.14797, VaAcc: 0.9368, VaLoss:  0.25501
118,  0 | TrAcc: 0.9615, TrLoss:  0.14751, VaAcc: 0.9329, VaLoss:  0.26983
119,  0 | TrAcc: 0.9636, TrLoss:  0.14655, VaAcc: 0.9289, VaLoss:  0.28355
120,  0 | TrAcc: 0.9614, TrLoss:  0.14528, VaAcc: 0.9171, VaLoss:  0.30968
121,  0 | TrAcc: 0.9623, TrLoss:  0.14623, VaAcc: 0.9163, VaLoss:  0.31465
122,  0 | TrAcc: 0.9622, TrLoss:  0.14613, VaAcc: 0.9155, VaLoss:  0.30436
123,  0 | TrAcc: 0.9588, TrLoss:  0.14851, VaAcc: 0.9234, VaLoss:  0.28810
124,  0 | TrAcc: 0.9633, TrLoss:  0.14570, VaAcc: 0.9060, VaLoss:  0.30845
125,  0 | TrAcc: 0.9631, TrLoss:  0.14243, VaAcc: 0.9115, VaLoss:  0.31031
126,  0 | TrAcc: 0.9654, TrLoss:  0.14075, VaAcc: 0.9076, VaLoss:  0.31822
127,  0 | TrAcc: 0.9655, TrLoss:  0.13886, VaAcc: 0.9218, VaLoss:  0.29946
128,  0 | TrAcc: 0.9638, TrLoss:  0.14077, VaAcc: 0.9313, VaLoss:  0.26725
129,  0 | TrAcc: 0.9634, TrLoss:  0.14189, VaAcc: 0.9273, VaLoss:  0.26080
130,  0 | TrAcc: 0.9634, TrLoss:  0.14029, VaAcc: 0.9147, VaLoss:  0.29875
131,  0 | TrAcc: 0.9641, TrLoss:  0.13916, VaAcc: 0.9186, VaLoss:  0.31068
132,  0 | TrAcc: 0.9644, TrLoss:  0.13466, VaAcc: 0.9297, VaLoss:  0.27648
133,  0 | TrAcc: 0.9649, TrLoss:  0.13710, VaAcc: 0.9360, VaLoss:  0.24829
134,  0 | TrAcc: 0.9657, TrLoss:  0.13631, VaAcc: 0.9273, VaLoss:  0.27438
135,  0 | TrAcc: 0.9652, TrLoss:  0.13586, VaAcc: 0.9163, VaLoss:  0.29547
136,  0 | TrAcc: 0.9636, TrLoss:  0.13546, VaAcc: 0.9186, VaLoss:  0.29469
137,  0 | TrAcc: 0.9658, TrLoss:  0.13355, VaAcc: 0.9313, VaLoss:  0.26932
138,  0 | TrAcc: 0.9673, TrLoss:  0.13090, VaAcc: 0.9226, VaLoss:  0.27225
139,  0 | TrAcc: 0.9644, TrLoss:  0.13731, VaAcc: 0.9171, VaLoss:  0.30528
140,  0 | TrAcc: 0.9658, TrLoss:  0.13405, VaAcc: 0.9052, VaLoss:  0.32560
141,  0 | TrAcc: 0.9654, TrLoss:  0.13181, VaAcc: 0.9234, VaLoss:  0.26167
142,  0 | TrAcc: 0.9668, TrLoss:  0.13302, VaAcc: 0.9360, VaLoss:  0.22124
143,  0 | TrAcc: 0.9644, TrLoss:  0.13079, VaAcc: 0.9352, VaLoss:  0.23037
144,  0 | TrAcc: 0.9679, TrLoss:  0.12726, VaAcc: 0.9281, VaLoss:  0.25486
145,  0 | TrAcc: 0.9652, TrLoss:  0.13146, VaAcc: 0.9202, VaLoss:  0.28150
146,  0 | TrAcc: 0.9679, TrLoss:  0.12703, VaAcc: 0.9218, VaLoss:  0.28628
147,  0 | TrAcc: 0.9690, TrLoss:  0.12541, VaAcc: 0.9352, VaLoss:  0.24094
148,  0 | TrAcc: 0.9692, TrLoss:  0.12439, VaAcc: 0.9344, VaLoss:  0.23898
149,  0 | TrAcc: 0.9686, TrLoss:  0.12363, VaAcc: 0.9297, VaLoss:  0.25275
150,  0 | TrAcc: 0.9690, TrLoss:  0.12281, VaAcc: 0.9234, VaLoss:  0.26609
151,  0 | TrAcc: 0.9698, TrLoss:  0.12298, VaAcc: 0.9305, VaLoss:  0.24105
152,  0 | TrAcc: 0.9689, TrLoss:  0.12320, VaAcc: 0.9368, VaLoss:  0.22647
153,  0 | TrAcc: 0.9700, TrLoss:  0.12132, VaAcc: 0.9376, VaLoss:  0.22449
154,  0 | TrAcc: 0.9705, TrLoss:  0.12233, VaAcc: 0.9336, VaLoss:  0.24172
155,  0 | TrAcc: 0.9714, TrLoss:  0.12052, VaAcc: 0.9250, VaLoss:  0.25231
156,  0 | TrAcc: 0.9709, TrLoss:  0.12016, VaAcc: 0.9305, VaLoss:  0.24079
157,  0 | TrAcc: 0.9698, TrLoss:  0.12297, VaAcc: 0.9376, VaLoss:  0.23547
158,  0 | TrAcc: 0.9695, TrLoss:  0.11827, VaAcc: 0.9439, VaLoss:  0.22124
159,  0 | TrAcc: 0.9719, TrLoss:  0.11758, VaAcc: 0.9376, VaLoss:  0.24013
160,  0 | TrAcc: 0.9692, TrLoss:  0.12073, VaAcc: 0.9289, VaLoss:  0.26837
161,  0 | TrAcc: 0.9716, TrLoss:  0.11703, VaAcc: 0.9344, VaLoss:  0.24455
162,  0 | TrAcc: 0.9703, TrLoss:  0.11820, VaAcc: 0.9392, VaLoss:  0.21711
163,  0 | TrAcc: 0.9709, TrLoss:  0.11449, VaAcc: 0.9439, VaLoss:  0.20562
164,  0 | TrAcc: 0.9706, TrLoss:  0.11787, VaAcc: 0.9384, VaLoss:  0.20871
165,  0 | TrAcc: 0.9698, TrLoss:  0.11915, VaAcc: 0.9376, VaLoss:  0.21481
166,  0 | TrAcc: 0.9705, TrLoss:  0.11575, VaAcc: 0.9392, VaLoss:  0.22847
167,  0 | TrAcc: 0.9713, TrLoss:  0.11370, VaAcc: 0.9384, VaLoss:  0.22900
168,  0 | TrAcc: 0.9705, TrLoss:  0.11745, VaAcc: 0.9392, VaLoss:  0.22997
169,  0 | TrAcc: 0.9751, TrLoss:  0.10960, VaAcc: 0.9392, VaLoss:  0.22457
170,  0 | TrAcc: 0.9740, TrLoss:  0.11104, VaAcc: 0.9368, VaLoss:  0.22384
171,  0 | TrAcc: 0.9714, TrLoss:  0.11273, VaAcc: 0.9415, VaLoss:  0.22360
172,  0 | TrAcc: 0.9737, TrLoss:  0.11356, VaAcc: 0.9376, VaLoss:  0.22400
173,  0 | TrAcc: 0.9714, TrLoss:  0.11223, VaAcc: 0.9392, VaLoss:  0.22683
174,  0 | TrAcc: 0.9721, TrLoss:  0.11051, VaAcc: 0.9415, VaLoss:  0.21498
175,  0 | TrAcc: 0.9738, TrLoss:  0.11065, VaAcc: 0.9479, VaLoss:  0.20543
176,  0 | TrAcc: 0.9738, TrLoss:  0.10971, VaAcc: 0.9408, VaLoss:  0.22277
177,  0 | TrAcc: 0.9745, TrLoss:  0.10741, VaAcc: 0.9336, VaLoss:  0.23665
178,  0 | TrAcc: 0.9737, TrLoss:  0.10750, VaAcc: 0.9423, VaLoss:  0.21622
179,  0 | TrAcc: 0.9735, TrLoss:  0.10773, VaAcc: 0.9487, VaLoss:  0.20031
180,  0 | TrAcc: 0.9737, TrLoss:  0.10987, VaAcc: 0.9479, VaLoss:  0.19824
181,  0 | TrAcc: 0.9754, TrLoss:  0.10654, VaAcc: 0.9439, VaLoss:  0.21202
182,  0 | TrAcc: 0.9732, TrLoss:  0.10881, VaAcc: 0.9423, VaLoss:  0.21455
183,  0 | TrAcc: 0.9741, TrLoss:  0.10722, VaAcc: 0.9423, VaLoss:  0.21476
184,  0 | TrAcc: 0.9748, TrLoss:  0.10441, VaAcc: 0.9471, VaLoss:  0.19944
185,  0 | TrAcc: 0.9765, TrLoss:  0.10515, VaAcc: 0.9447, VaLoss:  0.20550
186,  0 | TrAcc: 0.9754, TrLoss:  0.10379, VaAcc: 0.9384, VaLoss:  0.22696
187,  0 | TrAcc: 0.9756, TrLoss:  0.10869, VaAcc: 0.9273, VaLoss:  0.26109
188,  0 | TrAcc: 0.9749, TrLoss:  0.10462, VaAcc: 0.9376, VaLoss:  0.24032
189,  0 | TrAcc: 0.9748, TrLoss:  0.10078, VaAcc: 0.9408, VaLoss:  0.22958
190,  0 | TrAcc: 0.9741, TrLoss:  0.10604, VaAcc: 0.9423, VaLoss:  0.22108
191,  0 | TrAcc: 0.9745, TrLoss:  0.10475, VaAcc: 0.9439, VaLoss:  0.21924
192,  0 | TrAcc: 0.9756, TrLoss:  0.10322, VaAcc: 0.9423, VaLoss:  0.21970
193,  0 | TrAcc: 0.9762, TrLoss:  0.10446, VaAcc: 0.9384, VaLoss:  0.23413
194,  0 | TrAcc: 0.9751, TrLoss:  0.10317, VaAcc: 0.9352, VaLoss:  0.24170
195,  0 | TrAcc: 0.9743, TrLoss:  0.10354, VaAcc: 0.9447, VaLoss:  0.21141
196,  0 | TrAcc: 0.9754, TrLoss:  0.10239, VaAcc: 0.9542, VaLoss:  0.18263
197,  0 | TrAcc: 0.9767, TrLoss:  0.10286, VaAcc: 0.9502, VaLoss:  0.19652
198,  0 | TrAcc: 0.9762, TrLoss:  0.10420, VaAcc: 0.9115, VaLoss:  0.29147
199,  0 | TrAcc: 0.9759, TrLoss:  0.10248, VaAcc: 0.9250, VaLoss:  0.26327
200,  0 | TrAcc: 0.9784, TrLoss:  0.09829, VaAcc: 0.9463, VaLoss:  0.21020
201,  0 | TrAcc: 0.9762, TrLoss:  0.10190, VaAcc: 0.9463, VaLoss:  0.19666
202,  0 | TrAcc: 0.9765, TrLoss:  0.10143, VaAcc: 0.9471, VaLoss:  0.20700
203,  0 | TrAcc: 0.9751, TrLoss:  0.10140, VaAcc: 0.9376, VaLoss:  0.24210
204,  0 | TrAcc: 0.9759, TrLoss:  0.10135, VaAcc: 0.9360, VaLoss:  0.24662
205,  0 | TrAcc: 0.9757, TrLoss:  0.09856, VaAcc: 0.9408, VaLoss:  0.23108
206,  0 | TrAcc: 0.9765, TrLoss:  0.09994, VaAcc: 0.9455, VaLoss:  0.21712
207,  0 | TrAcc: 0.9772, TrLoss:  0.09654, VaAcc: 0.9368, VaLoss:  0.23740
208,  0 | TrAcc: 0.9775, TrLoss:  0.09589, VaAcc: 0.9344, VaLoss:  0.23409
209,  0 | TrAcc: 0.9788, TrLoss:  0.09443, VaAcc: 0.9439, VaLoss:  0.20663
210,  0 | TrAcc: 0.9772, TrLoss:  0.09877, VaAcc: 0.9400, VaLoss:  0.21162
211,  0 | TrAcc: 0.9775, TrLoss:  0.09702, VaAcc: 0.9329, VaLoss:  0.22862
212,  0 | TrAcc: 0.9783, TrLoss:  0.09480, VaAcc: 0.9336, VaLoss:  0.23007
213,  0 | TrAcc: 0.9794, TrLoss:  0.09542, VaAcc: 0.9376, VaLoss:  0.22762
214,  0 | TrAcc: 0.9783, TrLoss:  0.09520, VaAcc: 0.9352, VaLoss:  0.23516
215,  0 | TrAcc: 0.9769, TrLoss:  0.09632, VaAcc: 0.9258, VaLoss:  0.26181
216,  0 | TrAcc: 0.9800, TrLoss:  0.09481, VaAcc: 0.9194, VaLoss:  0.27854
217,  0 | TrAcc: 0.9804, TrLoss:  0.09421, VaAcc: 0.9163, VaLoss:  0.28480
218,  0 | TrAcc: 0.9800, TrLoss:  0.09096, VaAcc: 0.9281, VaLoss:  0.26025
219,  0 | TrAcc: 0.9767, TrLoss:  0.09510, VaAcc: 0.9455, VaLoss:  0.23050
220,  0 | TrAcc: 0.9789, TrLoss:  0.09387, VaAcc: 0.9463, VaLoss:  0.22875
221,  0 | TrAcc: 0.9781, TrLoss:  0.09306, VaAcc: 0.9415, VaLoss:  0.24037
222,  0 | TrAcc: 0.9789, TrLoss:  0.09262, VaAcc: 0.9202, VaLoss:  0.26747
223,  0 | TrAcc: 0.9786, TrLoss:  0.09301, VaAcc: 0.9131, VaLoss:  0.28119
224,  0 | TrAcc: 0.9797, TrLoss:  0.09193, VaAcc: 0.9226, VaLoss:  0.26239
225,  0 | TrAcc: 0.9796, TrLoss:  0.08986, VaAcc: 0.9352, VaLoss:  0.24050
226,  0 | TrAcc: 0.9786, TrLoss:  0.09198, VaAcc: 0.9368, VaLoss:  0.24343
227,  0 | TrAcc: 0.9796, TrLoss:  0.09134, VaAcc: 0.9179, VaLoss:  0.27453
228,  0 | TrAcc: 0.9788, TrLoss:  0.09482, VaAcc: 0.8926, VaLoss:  0.32725
229,  0 | TrAcc: 0.9792, TrLoss:  0.09325, VaAcc: 0.9060, VaLoss:  0.29162
230,  0 | TrAcc: 0.9794, TrLoss:  0.09166, VaAcc: 0.9360, VaLoss:  0.23184
231,  0 | TrAcc: 0.9789, TrLoss:  0.09234, VaAcc: 0.9463, VaLoss:  0.21803
232,  0 | TrAcc: 0.9786, TrLoss:  0.09080, VaAcc: 0.9463, VaLoss:  0.22099
233,  0 | TrAcc: 0.9794, TrLoss:  0.09153, VaAcc: 0.9447, VaLoss:  0.23490
234,  0 | TrAcc: 0.9820, TrLoss:  0.08676, VaAcc: 0.9487, VaLoss:  0.22008
235,  0 | TrAcc: 0.9789, TrLoss:  0.09104, VaAcc: 0.9447, VaLoss:  0.21232
236,  0 | TrAcc: 0.9804, TrLoss:  0.09096, VaAcc: 0.9352, VaLoss:  0.23306
237,  0 | TrAcc: 0.9800, TrLoss:  0.08944, VaAcc: 0.9242, VaLoss:  0.26198
238,  0 | TrAcc: 0.9789, TrLoss:  0.09130, VaAcc: 0.9360, VaLoss:  0.23989
239,  0 | TrAcc: 0.9796, TrLoss:  0.09151, VaAcc: 0.9423, VaLoss:  0.22117
240,  0 | TrAcc: 0.9805, TrLoss:  0.08674, VaAcc: 0.9408, VaLoss:  0.22067
241,  0 | TrAcc: 0.9820, TrLoss:  0.08598, VaAcc: 0.9297, VaLoss:  0.25247
242,  0 | TrAcc: 0.9816, TrLoss:  0.08693, VaAcc: 0.9210, VaLoss:  0.27971
243,  0 | TrAcc: 0.9805, TrLoss:  0.08691, VaAcc: 0.9107, VaLoss:  0.29789
244,  0 | TrAcc: 0.9824, TrLoss:  0.08279, VaAcc: 0.9092, VaLoss:  0.29733
245,  0 | TrAcc: 0.9813, TrLoss:  0.08556, VaAcc: 0.9021, VaLoss:  0.29680
246,  0 | TrAcc: 0.9815, TrLoss:  0.08669, VaAcc: 0.9036, VaLoss:  0.29355
247,  0 | TrAcc: 0.9818, TrLoss:  0.08500, VaAcc: 0.9084, VaLoss:  0.28982
248,  0 | TrAcc: 0.9831, TrLoss:  0.08402, VaAcc: 0.9139, VaLoss:  0.28112
249,  0 | TrAcc: 0.9802, TrLoss:  0.08570, VaAcc: 0.9131, VaLoss:  0.27805
250,  0 | TrAcc: 0.9815, TrLoss:  0.08699, VaAcc: 0.9242, VaLoss:  0.25438
251,  0 | TrAcc: 0.9820, TrLoss:  0.08330, VaAcc: 0.9368, VaLoss:  0.23699
252,  0 | TrAcc: 0.9816, TrLoss:  0.08594, VaAcc: 0.9384, VaLoss:  0.23866
253,  0 | TrAcc: 0.9816, TrLoss:  0.08500, VaAcc: 0.9368, VaLoss:  0.23586
254,  0 | TrAcc: 0.9812, TrLoss:  0.08329, VaAcc: 0.9384, VaLoss:  0.22988
255,  0 | TrAcc: 0.9832, TrLoss:  0.08133, VaAcc: 0.9352, VaLoss:  0.23222
256,  0 | TrAcc: 0.9821, TrLoss:  0.08253, VaAcc: 0.9329, VaLoss:  0.23409
257,  0 | TrAcc: 0.9807, TrLoss:  0.08594, VaAcc: 0.9376, VaLoss:  0.23068
258,  0 | TrAcc: 0.9816, TrLoss:  0.08487, VaAcc: 0.9376, VaLoss:  0.21830
259,  0 | TrAcc: 0.9810, TrLoss:  0.08702, VaAcc: 0.9423, VaLoss:  0.20739
260,  0 | TrAcc: 0.9812, TrLoss:  0.08285, VaAcc: 0.9368, VaLoss:  0.22178
261,  0 | TrAcc: 0.9824, TrLoss:  0.08066, VaAcc: 0.9226, VaLoss:  0.25980
262,  0 | TrAcc: 0.9815, TrLoss:  0.08465, VaAcc: 0.9194, VaLoss:  0.26294
263,  0 | TrAcc: 0.9816, TrLoss:  0.08344, VaAcc: 0.9329, VaLoss:  0.23204
264,  0 | TrAcc: 0.9818, TrLoss:  0.08419, VaAcc: 0.9423, VaLoss:  0.20990
265,  0 | TrAcc: 0.9839, TrLoss:  0.08189, VaAcc: 0.9376, VaLoss:  0.22148
266,  0 | TrAcc: 0.9826, TrLoss:  0.07984, VaAcc: 0.9321, VaLoss:  0.23582
267,  0 | TrAcc: 0.9804, TrLoss:  0.08047, VaAcc: 0.9360, VaLoss:  0.22671
268,  0 | TrAcc: 0.9831, TrLoss:  0.08015, VaAcc: 0.9431, VaLoss:  0.21815
269,  0 | TrAcc: 0.9823, TrLoss:  0.08413, VaAcc: 0.9502, VaLoss:  0.20479
270,  0 | TrAcc: 0.9824, TrLoss:  0.08012, VaAcc: 0.9463, VaLoss:  0.21144
271,  0 | TrAcc: 0.9832, TrLoss:  0.08014, VaAcc: 0.9439, VaLoss:  0.21548
272,  0 | TrAcc: 0.9815, TrLoss:  0.08024, VaAcc: 0.9471, VaLoss:  0.20434
273,  0 | TrAcc: 0.9813, TrLoss:  0.08290, VaAcc: 0.9479, VaLoss:  0.19334
274,  0 | TrAcc: 0.9821, TrLoss:  0.08148, VaAcc: 0.9550, VaLoss:  0.18326
275,  0 | TrAcc: 0.9799, TrLoss:  0.08513, VaAcc: 0.9542, VaLoss:  0.18320
276,  0 | TrAcc: 0.9818, TrLoss:  0.08266, VaAcc: 0.9494, VaLoss:  0.19233
277,  0 | TrAcc: 0.9829, TrLoss:  0.08059, VaAcc: 0.9415, VaLoss:  0.21062
278,  0 | TrAcc: 0.9837, TrLoss:  0.07718, VaAcc: 0.9415, VaLoss:  0.20909
279,  0 | TrAcc: 0.9840, TrLoss:  0.07916, VaAcc: 0.9408, VaLoss:  0.20957
280,  0 | TrAcc: 0.9824, TrLoss:  0.08305, VaAcc: 0.9423, VaLoss:  0.20631
281,  0 | TrAcc: 0.9820, TrLoss:  0.08171, VaAcc: 0.9344, VaLoss:  0.21983
282,  0 | TrAcc: 0.9823, TrLoss:  0.07933, VaAcc: 0.9360, VaLoss:  0.22935
283,  0 | TrAcc: 0.9826, TrLoss:  0.08060, VaAcc: 0.9423, VaLoss:  0.21296
284,  0 | TrAcc: 0.9821, TrLoss:  0.08113, VaAcc: 0.9463, VaLoss:  0.20372
285,  0 | TrAcc: 0.9844, TrLoss:  0.07869, VaAcc: 0.9423, VaLoss:  0.20726
286,  0 | TrAcc: 0.9836, TrLoss:  0.07802, VaAcc: 0.9336, VaLoss:  0.23000
287,  0 | TrAcc: 0.9828, TrLoss:  0.08215, VaAcc: 0.9155, VaLoss:  0.26913
288,  0 | TrAcc: 0.9837, TrLoss:  0.07869, VaAcc: 0.9194, VaLoss:  0.25858
289,  0 | TrAcc: 0.9815, TrLoss:  0.08039, VaAcc: 0.9226, VaLoss:  0.24822
290,  0 | TrAcc: 0.9836, TrLoss:  0.07894, VaAcc: 0.9147, VaLoss:  0.27163
291,  0 | TrAcc: 0.9834, TrLoss:  0.07810, VaAcc: 0.9123, VaLoss:  0.26972
292,  0 | TrAcc: 0.9823, TrLoss:  0.08081, VaAcc: 0.9258, VaLoss:  0.23925
293,  0 | TrAcc: 0.9824, TrLoss:  0.07829, VaAcc: 0.9431, VaLoss:  0.20444
294,  0 | TrAcc: 0.9836, TrLoss:  0.07578, VaAcc: 0.9431, VaLoss:  0.20406
295,  0 | TrAcc: 0.9842, TrLoss:  0.07767, VaAcc: 0.9289, VaLoss:  0.22937
296,  0 | TrAcc: 0.9845, TrLoss:  0.07831, VaAcc: 0.9194, VaLoss:  0.25817
297,  0 | TrAcc: 0.9832, TrLoss:  0.07801, VaAcc: 0.9234, VaLoss:  0.24482
298,  0 | TrAcc: 0.9845, TrLoss:  0.07688, VaAcc: 0.9392, VaLoss:  0.21512
299,  0 | TrAcc: 0.9844, TrLoss:  0.07422, VaAcc: 0.9455, VaLoss:  0.20214
300,  0 | TrAcc: 0.9844, TrLoss:  0.07573, VaAcc: 0.9431, VaLoss:  0.20634
301,  0 | TrAcc: 0.9847, TrLoss:  0.07771, VaAcc: 0.9400, VaLoss:  0.21568
302,  0 | TrAcc: 0.9842, TrLoss:  0.07595, VaAcc: 0.9321, VaLoss:  0.23017
303,  0 | TrAcc: 0.9832, TrLoss:  0.07791, VaAcc: 0.9423, VaLoss:  0.21211
304,  0 | TrAcc: 0.9844, TrLoss:  0.07417, VaAcc: 0.9455, VaLoss:  0.19946
305,  0 | TrAcc: 0.9848, TrLoss:  0.07410, VaAcc: 0.9455, VaLoss:  0.19429
306,  0 | TrAcc: 0.9855, TrLoss:  0.07639, VaAcc: 0.9423, VaLoss:  0.20124
307,  0 | TrAcc: 0.9845, TrLoss:  0.07371, VaAcc: 0.9352, VaLoss:  0.22105
308,  0 | TrAcc: 0.9853, TrLoss:  0.07332, VaAcc: 0.9336, VaLoss:  0.22265
309,  0 | TrAcc: 0.9855, TrLoss:  0.07356, VaAcc: 0.9384, VaLoss:  0.21691
310,  0 | TrAcc: 0.9844, TrLoss:  0.07535, VaAcc: 0.9376, VaLoss:  0.21572
311,  0 | TrAcc: 0.9847, TrLoss:  0.07552, VaAcc: 0.9384, VaLoss:  0.21515
312,  0 | TrAcc: 0.9861, TrLoss:  0.07339, VaAcc: 0.9376, VaLoss:  0.21722
313,  0 | TrAcc: 0.9839, TrLoss:  0.07365, VaAcc: 0.9384, VaLoss:  0.22466
314,  0 | TrAcc: 0.9847, TrLoss:  0.07253, VaAcc: 0.9360, VaLoss:  0.23049
315,  0 | TrAcc: 0.9853, TrLoss:  0.07573, VaAcc: 0.9289, VaLoss:  0.23807
316,  0 | TrAcc: 0.9850, TrLoss:  0.07407, VaAcc: 0.9297, VaLoss:  0.24299
317,  0 | TrAcc: 0.9864, TrLoss:  0.07180, VaAcc: 0.9400, VaLoss:  0.23012
318,  0 | TrAcc: 0.9853, TrLoss:  0.07062, VaAcc: 0.9423, VaLoss:  0.21918
319,  0 | TrAcc: 0.9844, TrLoss:  0.07429, VaAcc: 0.9431, VaLoss:  0.21656
320,  0 | TrAcc: 0.9837, TrLoss:  0.07359, VaAcc: 0.9400, VaLoss:  0.22596
321,  0 | TrAcc: 0.9847, TrLoss:  0.07319, VaAcc: 0.9336, VaLoss:  0.23486
322,  0 | TrAcc: 0.9839, TrLoss:  0.07360, VaAcc: 0.9368, VaLoss:  0.22671
323,  0 | TrAcc: 0.9834, TrLoss:  0.07534, VaAcc: 0.9439, VaLoss:  0.21283
324,  0 | TrAcc: 0.9837, TrLoss:  0.07439, VaAcc: 0.9431, VaLoss:  0.20782
325,  0 | TrAcc: 0.9852, TrLoss:  0.07186, VaAcc: 0.9376, VaLoss:  0.21727
326,  0 | TrAcc: 0.9861, TrLoss:  0.07100, VaAcc: 0.9289, VaLoss:  0.22672
327,  0 | TrAcc: 0.9861, TrLoss:  0.07139, VaAcc: 0.9226, VaLoss:  0.24918
328,  0 | TrAcc: 0.9840, TrLoss:  0.07358, VaAcc: 0.9218, VaLoss:  0.25250
329,  0 | TrAcc: 0.9858, TrLoss:  0.07063, VaAcc: 0.9336, VaLoss:  0.22394
330,  0 | TrAcc: 0.9839, TrLoss:  0.07339, VaAcc: 0.9392, VaLoss:  0.21459
331,  0 | TrAcc: 0.9856, TrLoss:  0.07061, VaAcc: 0.9289, VaLoss:  0.23944
332,  0 | TrAcc: 0.9869, TrLoss:  0.07207, VaAcc: 0.9265, VaLoss:  0.24395
333,  0 | TrAcc: 0.9842, TrLoss:  0.07363, VaAcc: 0.9313, VaLoss:  0.22591
334,  0 | TrAcc: 0.9864, TrLoss:  0.06973, VaAcc: 0.9352, VaLoss:  0.21015
335,  0 | TrAcc: 0.9860, TrLoss:  0.07027, VaAcc: 0.9415, VaLoss:  0.20283
336,  0 | TrAcc: 0.9867, TrLoss:  0.07218, VaAcc: 0.9408, VaLoss:  0.21453
337,  0 | TrAcc: 0.9855, TrLoss:  0.07218, VaAcc: 0.9352, VaLoss:  0.22885
338,  0 | TrAcc: 0.9869, TrLoss:  0.07128, VaAcc: 0.9400, VaLoss:  0.22262
339,  0 | TrAcc: 0.9848, TrLoss:  0.07142, VaAcc: 0.9455, VaLoss:  0.20760
340,  0 | TrAcc: 0.9844, TrLoss:  0.07135, VaAcc: 0.9534, VaLoss:  0.19876
341,  0 | TrAcc: 0.9863, TrLoss:  0.07070, VaAcc: 0.9455, VaLoss:  0.21731
342,  0 | TrAcc: 0.9866, TrLoss:  0.07278, VaAcc: 0.9352, VaLoss:  0.23584
343,  0 | TrAcc: 0.9858, TrLoss:  0.07020, VaAcc: 0.9400, VaLoss:  0.21462
344,  0 | TrAcc: 0.9877, TrLoss:  0.06692, VaAcc: 0.9518, VaLoss:  0.18761
345,  0 | TrAcc: 0.9848, TrLoss:  0.07181, VaAcc: 0.9526, VaLoss:  0.17578
346,  0 | TrAcc: 0.9856, TrLoss:  0.06904, VaAcc: 0.9550, VaLoss:  0.18045
347,  0 | TrAcc: 0.9858, TrLoss:  0.06978, VaAcc: 0.9408, VaLoss:  0.21275
348,  0 | TrAcc: 0.9852, TrLoss:  0.07019, VaAcc: 0.9210, VaLoss:  0.26294
349,  0 | TrAcc: 0.9847, TrLoss:  0.07133, VaAcc: 0.9155, VaLoss:  0.27161
350,  0 | TrAcc: 0.9848, TrLoss:  0.07284, VaAcc: 0.9321, VaLoss:  0.22992
351,  0 | TrAcc: 0.9863, TrLoss:  0.06978, VaAcc: 0.9392, VaLoss:  0.21624
352,  0 | TrAcc: 0.9877, TrLoss:  0.06768, VaAcc: 0.9360, VaLoss:  0.22951
353,  0 | TrAcc: 0.9855, TrLoss:  0.06839, VaAcc: 0.9273, VaLoss:  0.24399
354,  0 | TrAcc: 0.9863, TrLoss:  0.06841, VaAcc: 0.9329, VaLoss:  0.23479
355,  0 | TrAcc: 0.9861, TrLoss:  0.06874, VaAcc: 0.9431, VaLoss:  0.21193
356,  0 | TrAcc: 0.9860, TrLoss:  0.07025, VaAcc: 0.9471, VaLoss:  0.20460
357,  0 | TrAcc: 0.9869, TrLoss:  0.06927, VaAcc: 0.9447, VaLoss:  0.20666
358,  0 | TrAcc: 0.9867, TrLoss:  0.06616, VaAcc: 0.9423, VaLoss:  0.22062
359,  0 | TrAcc: 0.9860, TrLoss:  0.06982, VaAcc: 0.9384, VaLoss:  0.22966
360,  0 | TrAcc: 0.9871, TrLoss:  0.06762, VaAcc: 0.9400, VaLoss:  0.22426
361,  0 | TrAcc: 0.9863, TrLoss:  0.07006, VaAcc: 0.9439, VaLoss:  0.21690
362,  0 | TrAcc: 0.9864, TrLoss:  0.06627, VaAcc: 0.9360, VaLoss:  0.22851
363,  0 | TrAcc: 0.9866, TrLoss:  0.06906, VaAcc: 0.9250, VaLoss:  0.24379
364,  0 | TrAcc: 0.9872, TrLoss:  0.06570, VaAcc: 0.9194, VaLoss:  0.26505
365,  0 | TrAcc: 0.9860, TrLoss:  0.06728, VaAcc: 0.9084, VaLoss:  0.29689
366,  0 | TrAcc: 0.9877, TrLoss:  0.06784, VaAcc: 0.9076, VaLoss:  0.29691
367,  0 | TrAcc: 0.9858, TrLoss:  0.06787, VaAcc: 0.9100, VaLoss:  0.29698
368,  0 | TrAcc: 0.9858, TrLoss:  0.06818, VaAcc: 0.9076, VaLoss:  0.29962
369,  0 | TrAcc: 0.9877, TrLoss:  0.06535, VaAcc: 0.9092, VaLoss:  0.29926
370,  0 | TrAcc: 0.9877, TrLoss:  0.06548, VaAcc: 0.9171, VaLoss:  0.29267
371,  0 | TrAcc: 0.9872, TrLoss:  0.06816, VaAcc: 0.9281, VaLoss:  0.25341
372,  0 | TrAcc: 0.9872, TrLoss:  0.06557, VaAcc: 0.9447, VaLoss:  0.22565
373,  0 | TrAcc: 0.9887, TrLoss:  0.06233, VaAcc: 0.9510, VaLoss:  0.20361
374,  0 | TrAcc: 0.9874, TrLoss:  0.06471, VaAcc: 0.9487, VaLoss:  0.19513
375,  0 | TrAcc: 0.9875, TrLoss:  0.06580, VaAcc: 0.9510, VaLoss:  0.19034
376,  0 | TrAcc: 0.9872, TrLoss:  0.06586, VaAcc: 0.9502, VaLoss:  0.18876
377,  0 | TrAcc: 0.9867, TrLoss:  0.06634, VaAcc: 0.9518, VaLoss:  0.19119
378,  0 | TrAcc: 0.9855, TrLoss:  0.06829, VaAcc: 0.9518, VaLoss:  0.20013
379,  0 | TrAcc: 0.9869, TrLoss:  0.06578, VaAcc: 0.9494, VaLoss:  0.20581
380,  0 | TrAcc: 0.9871, TrLoss:  0.06720, VaAcc: 0.9494, VaLoss:  0.20832
381,  0 | TrAcc: 0.9864, TrLoss:  0.06653, VaAcc: 0.9463, VaLoss:  0.21020
382,  0 | TrAcc: 0.9882, TrLoss:  0.06638, VaAcc: 0.9431, VaLoss:  0.22130
383,  0 | TrAcc: 0.9872, TrLoss:  0.06674, VaAcc: 0.9431, VaLoss:  0.20508
384,  0 | TrAcc: 0.9877, TrLoss:  0.06587, VaAcc: 0.9526, VaLoss:  0.18549
385,  0 | TrAcc: 0.9864, TrLoss:  0.06585, VaAcc: 0.9573, VaLoss:  0.17781
386,  0 | TrAcc: 0.9872, TrLoss:  0.06756, VaAcc: 0.9558, VaLoss:  0.17934
387,  0 | TrAcc: 0.9874, TrLoss:  0.06390, VaAcc: 0.9510, VaLoss:  0.18643
388,  0 | TrAcc: 0.9858, TrLoss:  0.06603, VaAcc: 0.9471, VaLoss:  0.19959
389,  0 | TrAcc: 0.9875, TrLoss:  0.06564, VaAcc: 0.9415, VaLoss:  0.21527
390,  0 | TrAcc: 0.9866, TrLoss:  0.06570, VaAcc: 0.9439, VaLoss:  0.21168
391,  0 | TrAcc: 0.9874, TrLoss:  0.06472, VaAcc: 0.9518, VaLoss:  0.19716
392,  0 | TrAcc: 0.9874, TrLoss:  0.06518, VaAcc: 0.9455, VaLoss:  0.20520
393,  0 | TrAcc: 0.9890, TrLoss:  0.06362, VaAcc: 0.9344, VaLoss:  0.23196
394,  0 | TrAcc: 0.9877, TrLoss:  0.06614, VaAcc: 0.9265, VaLoss:  0.24336
395,  0 | TrAcc: 0.9888, TrLoss:  0.06236, VaAcc: 0.9258, VaLoss:  0.23655
396,  0 | TrAcc: 0.9863, TrLoss:  0.06588, VaAcc: 0.9305, VaLoss:  0.22837
397,  0 | TrAcc: 0.9867, TrLoss:  0.06815, VaAcc: 0.9258, VaLoss:  0.24213
398,  0 | TrAcc: 0.9877, TrLoss:  0.06640, VaAcc: 0.9179, VaLoss:  0.26258
399,  0 | TrAcc: 0.9882, TrLoss:  0.06576, VaAcc: 0.9084, VaLoss:  0.27990
400,  0 | TrAcc: 0.9858, TrLoss:  0.06646, VaAcc: 0.9218, VaLoss:  0.25422
401,  0 | TrAcc: 0.9891, TrLoss:  0.06082, VaAcc: 0.9415, VaLoss:  0.22472
402,  0 | TrAcc: 0.9887, TrLoss:  0.06246, VaAcc: 0.9447, VaLoss:  0.21094
403,  0 | TrAcc: 0.9869, TrLoss:  0.06441, VaAcc: 0.9463, VaLoss:  0.21210
404,  0 | TrAcc: 0.9874, TrLoss:  0.06418, VaAcc: 0.9360, VaLoss:  0.23167
405,  0 | TrAcc: 0.9853, TrLoss:  0.06907, VaAcc: 0.9131, VaLoss:  0.27432
406,  0 | TrAcc: 0.9871, TrLoss:  0.06609, VaAcc: 0.9265, VaLoss:  0.25826
407,  0 | TrAcc: 0.9867, TrLoss:  0.06464, VaAcc: 0.9479, VaLoss:  0.21112
408,  0 | TrAcc: 0.9871, TrLoss:  0.06350, VaAcc: 0.9502, VaLoss:  0.19887
409,  0 | TrAcc: 0.9869, TrLoss:  0.06517, VaAcc: 0.9494, VaLoss:  0.19984
410,  0 | TrAcc: 0.9864, TrLoss:  0.06422, VaAcc: 0.9439, VaLoss:  0.20669
411,  0 | TrAcc: 0.9893, TrLoss:  0.05920, VaAcc: 0.9423, VaLoss:  0.20581
412,  0 | TrAcc: 0.9888, TrLoss:  0.06042, VaAcc: 0.9487, VaLoss:  0.19397
413,  0 | TrAcc: 0.9883, TrLoss:  0.06177, VaAcc: 0.9518, VaLoss:  0.18777
414,  0 | TrAcc: 0.9879, TrLoss:  0.06327, VaAcc: 0.9510, VaLoss:  0.18966
415,  0 | TrAcc: 0.9891, TrLoss:  0.06114, VaAcc: 0.9487, VaLoss:  0.19623
416,  0 | TrAcc: 0.9890, TrLoss:  0.06225, VaAcc: 0.9415, VaLoss:  0.21382
417,  0 | TrAcc: 0.9879, TrLoss:  0.06326, VaAcc: 0.9352, VaLoss:  0.22478
418,  0 | TrAcc: 0.9883, TrLoss:  0.06274, VaAcc: 0.9455, VaLoss:  0.20596
419,  0 | TrAcc: 0.9874, TrLoss:  0.06369, VaAcc: 0.9502, VaLoss:  0.19393
420,  0 | TrAcc: 0.9879, TrLoss:  0.06379, VaAcc: 0.9534, VaLoss:  0.19131
421,  0 | TrAcc: 0.9880, TrLoss:  0.06245, VaAcc: 0.9502, VaLoss:  0.19559
422,  0 | TrAcc: 0.9874, TrLoss:  0.06333, VaAcc: 0.9463, VaLoss:  0.20352
423,  0 | TrAcc: 0.9879, TrLoss:  0.06050, VaAcc: 0.9431, VaLoss:  0.21135
424,  0 | TrAcc: 0.9871, TrLoss:  0.06380, VaAcc: 0.9455, VaLoss:  0.20765
425,  0 | TrAcc: 0.9896, TrLoss:  0.06146, VaAcc: 0.9479, VaLoss:  0.19642
426,  0 | TrAcc: 0.9882, TrLoss:  0.06251, VaAcc: 0.9534, VaLoss:  0.19067
427,  0 | TrAcc: 0.9882, TrLoss:  0.06279, VaAcc: 0.9502, VaLoss:  0.19053
428,  0 | TrAcc: 0.9872, TrLoss:  0.06388, VaAcc: 0.9494, VaLoss:  0.19389
429,  0 | TrAcc: 0.9895, TrLoss:  0.06134, VaAcc: 0.9502, VaLoss:  0.19343
430,  0 | TrAcc: 0.9872, TrLoss:  0.06526, VaAcc: 0.9510, VaLoss:  0.18833
431,  0 | TrAcc: 0.9896, TrLoss:  0.05943, VaAcc: 0.9518, VaLoss:  0.18267
432,  0 | TrAcc: 0.9883, TrLoss:  0.06032, VaAcc: 0.9487, VaLoss:  0.19075
433,  0 | TrAcc: 0.9883, TrLoss:  0.05933, VaAcc: 0.9471, VaLoss:  0.19975
434,  0 | TrAcc: 0.9883, TrLoss:  0.06025, VaAcc: 0.9494, VaLoss:  0.20010
435,  0 | TrAcc: 0.9874, TrLoss:  0.06139, VaAcc: 0.9510, VaLoss:  0.18658
436,  0 | TrAcc: 0.9882, TrLoss:  0.06192, VaAcc: 0.9518, VaLoss:  0.18708
437,  0 | TrAcc: 0.9888, TrLoss:  0.06268, VaAcc: 0.9487, VaLoss:  0.19523
438,  0 | TrAcc: 0.9893, TrLoss:  0.05978, VaAcc: 0.9447, VaLoss:  0.21151
439,  0 | TrAcc: 0.9872, TrLoss:  0.06205, VaAcc: 0.9376, VaLoss:  0.22854
440,  0 | TrAcc: 0.9903, TrLoss:  0.06048, VaAcc: 0.9384, VaLoss:  0.23295
441,  0 | TrAcc: 0.9883, TrLoss:  0.06226, VaAcc: 0.9415, VaLoss:  0.23513
442,  0 | TrAcc: 0.9890, TrLoss:  0.05892, VaAcc: 0.9384, VaLoss:  0.23396
443,  0 | TrAcc: 0.9904, TrLoss:  0.05812, VaAcc: 0.9384, VaLoss:  0.22064
444,  0 | TrAcc: 0.9890, TrLoss:  0.05996, VaAcc: 0.9415, VaLoss:  0.21412
445,  0 | TrAcc: 0.9880, TrLoss:  0.06099, VaAcc: 0.9455, VaLoss:  0.20581
446,  0 | TrAcc: 0.9893, TrLoss:  0.05997, VaAcc: 0.9494, VaLoss:  0.20086
447,  0 | TrAcc: 0.9874, TrLoss:  0.06246, VaAcc: 0.9494, VaLoss:  0.19841
448,  0 | TrAcc: 0.9880, TrLoss:  0.06115, VaAcc: 0.9487, VaLoss:  0.19567
449,  0 | TrAcc: 0.9890, TrLoss:  0.05699, VaAcc: 0.9463, VaLoss:  0.20145
450,  0 | TrAcc: 0.9880, TrLoss:  0.06167, VaAcc: 0.9408, VaLoss:  0.22296
451,  0 | TrAcc: 0.9893, TrLoss:  0.06009, VaAcc: 0.9368, VaLoss:  0.23421
452,  0 | TrAcc: 0.9887, TrLoss:  0.05938, VaAcc: 0.9415, VaLoss:  0.22335
453,  0 | TrAcc: 0.9888, TrLoss:  0.06022, VaAcc: 0.9471, VaLoss:  0.20221
454,  0 | TrAcc: 0.9895, TrLoss:  0.05890, VaAcc: 0.9487, VaLoss:  0.18753
455,  0 | TrAcc: 0.9882, TrLoss:  0.05935, VaAcc: 0.9526, VaLoss:  0.18494
456,  0 | TrAcc: 0.9914, TrLoss:  0.05633, VaAcc: 0.9534, VaLoss:  0.18632
457,  0 | TrAcc: 0.9898, TrLoss:  0.05788, VaAcc: 0.9542, VaLoss:  0.18493
458,  0 | TrAcc: 0.9895, TrLoss:  0.05895, VaAcc: 0.9526, VaLoss:  0.18071
459,  0 | TrAcc: 0.9901, TrLoss:  0.05621, VaAcc: 0.9534, VaLoss:  0.17756
460,  0 | TrAcc: 0.9903, TrLoss:  0.05666, VaAcc: 0.9510, VaLoss:  0.17893
461,  0 | TrAcc: 0.9885, TrLoss:  0.05937, VaAcc: 0.9502, VaLoss:  0.18241
462,  0 | TrAcc: 0.9904, TrLoss:  0.05750, VaAcc: 0.9463, VaLoss:  0.19271
463,  0 | TrAcc: 0.9890, TrLoss:  0.05895, VaAcc: 0.9415, VaLoss:  0.20014
464,  0 | TrAcc: 0.9896, TrLoss:  0.05966, VaAcc: 0.9439, VaLoss:  0.19952
465,  0 | TrAcc: 0.9896, TrLoss:  0.05742, VaAcc: 0.9463, VaLoss:  0.19564
466,  0 | TrAcc: 0.9922, TrLoss:  0.05700, VaAcc: 0.9463, VaLoss:  0.19372
467,  0 | TrAcc: 0.9885, TrLoss:  0.05941, VaAcc: 0.9479, VaLoss:  0.19829
468,  0 | TrAcc: 0.9904, TrLoss:  0.05642, VaAcc: 0.9463, VaLoss:  0.19973
469,  0 | TrAcc: 0.9901, TrLoss:  0.05546, VaAcc: 0.9463, VaLoss:  0.20059
470,  0 | TrAcc: 0.9891, TrLoss:  0.05984, VaAcc: 0.9376, VaLoss:  0.21874
471,  0 | TrAcc: 0.9885, TrLoss:  0.06018, VaAcc: 0.9392, VaLoss:  0.21571
472,  0 | TrAcc: 0.9903, TrLoss:  0.05663, VaAcc: 0.9408, VaLoss:  0.21127
473,  0 | TrAcc: 0.9891, TrLoss:  0.05709, VaAcc: 0.9439, VaLoss:  0.20746
474,  0 | TrAcc: 0.9891, TrLoss:  0.05760, VaAcc: 0.9455, VaLoss:  0.20312
475,  0 | TrAcc: 0.9901, TrLoss:  0.05746, VaAcc: 0.9455, VaLoss:  0.20102
476,  0 | TrAcc: 0.9891, TrLoss:  0.05739, VaAcc: 0.9439, VaLoss:  0.20410
477,  0 | TrAcc: 0.9901, TrLoss:  0.05657, VaAcc: 0.9447, VaLoss:  0.20042
478,  0 | TrAcc: 0.9915, TrLoss:  0.05402, VaAcc: 0.9510, VaLoss:  0.18827
479,  0 | TrAcc: 0.9912, TrLoss:  0.05629, VaAcc: 0.9518, VaLoss:  0.18468
480,  0 | TrAcc: 0.9899, TrLoss:  0.05446, VaAcc: 0.9502, VaLoss:  0.18757
481,  0 | TrAcc: 0.9906, TrLoss:  0.05632, VaAcc: 0.9510, VaLoss:  0.18893
482,  0 | TrAcc: 0.9911, TrLoss:  0.05579, VaAcc: 0.9518, VaLoss:  0.18627
483,  0 | TrAcc: 0.9906, TrLoss:  0.05523, VaAcc: 0.9502, VaLoss:  0.18382
484,  0 | TrAcc: 0.9898, TrLoss:  0.05724, VaAcc: 0.9550, VaLoss:  0.18052
485,  0 | TrAcc: 0.9904, TrLoss:  0.05556, VaAcc: 0.9542, VaLoss:  0.17685
486,  0 | TrAcc: 0.9899, TrLoss:  0.05570, VaAcc: 0.9526, VaLoss:  0.17865
487,  0 | TrAcc: 0.9912, TrLoss:  0.05529, VaAcc: 0.9518, VaLoss:  0.18396
488,  0 | TrAcc: 0.9896, TrLoss:  0.05712, VaAcc: 0.9479, VaLoss:  0.19060
489,  0 | TrAcc: 0.9901, TrLoss:  0.05556, VaAcc: 0.9455, VaLoss:  0.19872
490,  0 | TrAcc: 0.9915, TrLoss:  0.05392, VaAcc: 0.9471, VaLoss:  0.20033
491,  0 | TrAcc: 0.9898, TrLoss:  0.05509, VaAcc: 0.9471, VaLoss:  0.19783
492,  0 | TrAcc: 0.9901, TrLoss:  0.05498, VaAcc: 0.9463, VaLoss:  0.19696
493,  0 | TrAcc: 0.9883, TrLoss:  0.05730, VaAcc: 0.9494, VaLoss:  0.19284
494,  0 | TrAcc: 0.9899, TrLoss:  0.05524, VaAcc: 0.9455, VaLoss:  0.19683
495,  0 | TrAcc: 0.9896, TrLoss:  0.05558, VaAcc: 0.9494, VaLoss:  0.19316
496,  0 | TrAcc: 0.9909, TrLoss:  0.05263, VaAcc: 0.9502, VaLoss:  0.18815
497,  0 | TrAcc: 0.9912, TrLoss:  0.05471, VaAcc: 0.9558, VaLoss:  0.18390
498,  0 | TrAcc: 0.9883, TrLoss:  0.05753, VaAcc: 0.9573, VaLoss:  0.17688
499,  0 | TrAcc: 0.9893, TrLoss:  0.05784, VaAcc: 0.9550, VaLoss:  0.17989
----------------------------
Final Tr Acc   :   0.98930 +-     nan
Final Va Acc   :   0.95498 +-     nan
Final Tr Loss  :   0.05784 +-     nan
Final Va Loss  :   0.17989 +-     nan

TrAcc
Run:  0 | 99.22% in epoch  466

VaAcc
Run:  0 | 95.73% in epoch  385
(1, 500)
