{'mode': {'min_error': 0, 'max_epochs': 500, 'name': 'classic'}, 'task_id': 3, 'learning_rate': 0.01}
{'va': {'in_seq_len': 25, 'mini_batch_mode': False, 'extract_seqs': False, 'out_seq_len': 1, 'batch_size': 5000, 'zero_padding': 0}, 'tr': {'in_seq_len': 25, 'mini_batch_mode': False, 'extract_seqs': False, 'out_seq_len': 1, 'batch_size': 5000, 'zero_padding': 0}, 'dataset': 'penstroke'}
{'gradient_clip_value': 0.5, 'layer_configs': [{'layer_type': 'input'}, {'is_recurrent': True, 'init_config': {'c': {'w': 'xavier', 'b': 'all_zero'}, 'i': {'w': 'xavier', 'b': 'all_zero'}, 'f': {'w': 'all_zero', 'b': 'all_one'}, 'o': {'w': 'xavier', 'b': 'all_zero'}}, 'regularization': {'mode': 'zoneout', 'state_zo_prob': 0.3, 'output_zo_prob': 0.1}, 'var_scope': 'lstm_0', 'layer_type': 'lstm', 'is_output': False}, {'is_recurrent': True, 'init_config': {'c': {'w': 'xavier', 'b': 'all_zero'}, 'i': {'w': 'xavier', 'b': 'all_zero'}, 'f': {'w': 'all_zero', 'b': 'all_one'}, 'o': {'w': 'xavier', 'b': 'all_zero'}}, 'regularization': {'mode': 'zoneout', 'state_zo_prob': 0.3, 'output_zo_prob': 0.1}, 'var_scope': 'lstm_1', 'layer_type': 'lstm', 'is_output': False}, {'is_recurrent': False, 'init_config': {'w': 'xavier', 'b': 'all_zero'}, 'regularization': {'strength': 0.003, 'mode': 'l2'}, 'var_scope': 'output_layer', 'layer_type': 'fc', 'is_output': True}], 'output_type': 'classification', 'layout': [4, 60, 60, 10]}
{'include_out': False, 'include_pred': False, 'calc_performance_every': 1}

=============================
CONFIG FILE

RNN CONFIG
{'gradient_clip_value': 0.5,
 'layer_configs': [{'layer_type': 'input'},
                   {'init_config': {'c': {'b': 'all_zero', 'w': 'xavier'},
                                    'f': {'b': 'all_one', 'w': 'all_zero'},
                                    'i': {'b': 'all_zero', 'w': 'xavier'},
                                    'o': {'b': 'all_zero', 'w': 'xavier'}},
                    'is_output': False,
                    'is_recurrent': True,
                    'layer_type': 'lstm',
                    'regularization': {'mode': 'zoneout',
                                       'output_zo_prob': 0.1,
                                       'state_zo_prob': 0.3},
                    'var_scope': 'lstm_0'},
                   {'init_config': {'c': {'b': 'all_zero', 'w': 'xavier'},
                                    'f': {'b': 'all_one', 'w': 'all_zero'},
                                    'i': {'b': 'all_zero', 'w': 'xavier'},
                                    'o': {'b': 'all_zero', 'w': 'xavier'}},
                    'is_output': False,
                    'is_recurrent': True,
                    'layer_type': 'lstm',
                    'regularization': {'mode': 'zoneout',
                                       'output_zo_prob': 0.1,
                                       'state_zo_prob': 0.3},
                    'var_scope': 'lstm_1'},
                   {'init_config': {'b': 'all_zero', 'w': 'xavier'},
                    'is_output': True,
                    'is_recurrent': False,
                    'layer_type': 'fc',
                    'regularization': {'mode': 'l2', 'strength': 0.003},
                    'var_scope': 'output_layer'}],
 'layout': [4, 60, 60, 10],
 'output_type': 'classification'}

DATA CONFIG
{'dataset': 'penstroke',
 'tr': {'batch_size': 5000,
        'extract_seqs': False,
        'in_seq_len': 25,
        'mini_batch_mode': False,
        'out_seq_len': 1,
        'zero_padding': 0},
 'va': {'batch_size': 5000,
        'extract_seqs': False,
        'in_seq_len': 25,
        'mini_batch_mode': False,
        'out_seq_len': 1,
        'zero_padding': 0}}

TRAINING CONFIG
{'learning_rate': 0.01,
 'mode': {'max_epochs': 500, 'min_error': 0, 'name': 'classic'},
 'task_id': 3}
==============================


  0,  0 | TrAcc: 0.0102, TrLoss:  2.43891, VaAcc: 0.0079, VaLoss:  2.46995
  1,  0 | TrAcc: 0.8509, TrLoss:  1.56064, VaAcc: 0.8373, VaLoss:  1.42294
  2,  0 | TrAcc: 0.8520, TrLoss:  0.79708, VaAcc: 0.8365, VaLoss:  0.77067
  3,  0 | TrAcc: 0.8538, TrLoss:  0.70637, VaAcc: 0.8373, VaLoss:  0.83027
  4,  0 | TrAcc: 0.8539, TrLoss:  0.73753, VaAcc: 0.8412, VaLoss:  0.85571
  5,  0 | TrAcc: 0.8550, TrLoss:  0.66549, VaAcc: 0.8420, VaLoss:  0.76403
  6,  0 | TrAcc: 0.8688, TrLoss:  0.58670, VaAcc: 0.8547, VaLoss:  0.64660
  7,  0 | TrAcc: 0.8884, TrLoss:  0.58209, VaAcc: 0.8744, VaLoss:  0.62796
  8,  0 | TrAcc: 0.9103, TrLoss:  0.55997, VaAcc: 0.9044, VaLoss:  0.60123
  9,  0 | TrAcc: 0.9165, TrLoss:  0.50007, VaAcc: 0.9068, VaLoss:  0.53742
 10,  0 | TrAcc: 0.9192, TrLoss:  0.44891, VaAcc: 0.9100, VaLoss:  0.48820
 11,  0 | TrAcc: 0.9218, TrLoss:  0.41902, VaAcc: 0.9115, VaLoss:  0.46294
 12,  0 | TrAcc: 0.9231, TrLoss:  0.40052, VaAcc: 0.9115, VaLoss:  0.45166
 13,  0 | TrAcc: 0.9234, TrLoss:  0.38997, VaAcc: 0.9131, VaLoss:  0.44428
 14,  0 | TrAcc: 0.9232, TrLoss:  0.38287, VaAcc: 0.9131, VaLoss:  0.44090
 15,  0 | TrAcc: 0.9245, TrLoss:  0.37767, VaAcc: 0.9139, VaLoss:  0.43427
 16,  0 | TrAcc: 0.9251, TrLoss:  0.37113, VaAcc: 0.9147, VaLoss:  0.43126
 17,  0 | TrAcc: 0.9256, TrLoss:  0.36892, VaAcc: 0.9147, VaLoss:  0.42931
 18,  0 | TrAcc: 0.9259, TrLoss:  0.36658, VaAcc: 0.9139, VaLoss:  0.42783
 19,  0 | TrAcc: 0.9270, TrLoss:  0.36412, VaAcc: 0.9147, VaLoss:  0.42643
 20,  0 | TrAcc: 0.9274, TrLoss:  0.35911, VaAcc: 0.9139, VaLoss:  0.42430
 21,  0 | TrAcc: 0.9280, TrLoss:  0.35422, VaAcc: 0.9131, VaLoss:  0.42132
 22,  0 | TrAcc: 0.9277, TrLoss:  0.35159, VaAcc: 0.9123, VaLoss:  0.41960
 23,  0 | TrAcc: 0.9274, TrLoss:  0.34930, VaAcc: 0.9123, VaLoss:  0.41888
 24,  0 | TrAcc: 0.9274, TrLoss:  0.34748, VaAcc: 0.9123, VaLoss:  0.41466
 25,  0 | TrAcc: 0.9282, TrLoss:  0.34553, VaAcc: 0.9123, VaLoss:  0.41060
 26,  0 | TrAcc: 0.9286, TrLoss:  0.34262, VaAcc: 0.9123, VaLoss:  0.40653
 27,  0 | TrAcc: 0.9290, TrLoss:  0.34036, VaAcc: 0.9139, VaLoss:  0.40589
 28,  0 | TrAcc: 0.9282, TrLoss:  0.33742, VaAcc: 0.9147, VaLoss:  0.40172
 29,  0 | TrAcc: 0.9291, TrLoss:  0.33336, VaAcc: 0.9139, VaLoss:  0.39385
 30,  0 | TrAcc: 0.9275, TrLoss:  0.32920, VaAcc: 0.9139, VaLoss:  0.38752
 31,  0 | TrAcc: 0.9286, TrLoss:  0.32748, VaAcc: 0.9131, VaLoss:  0.39780
 32,  0 | TrAcc: 0.9288, TrLoss:  0.31813, VaAcc: 0.9131, VaLoss:  0.38142
 33,  0 | TrAcc: 0.9290, TrLoss:  0.32252, VaAcc: 0.9131, VaLoss:  0.37702
 34,  0 | TrAcc: 0.9285, TrLoss:  0.31050, VaAcc: 0.9131, VaLoss:  0.36829
 35,  0 | TrAcc: 0.9298, TrLoss:  0.31399, VaAcc: 0.9139, VaLoss:  0.40722
 36,  0 | TrAcc: 0.9301, TrLoss:  0.30049, VaAcc: 0.9147, VaLoss:  0.35371
 37,  0 | TrAcc: 0.9307, TrLoss:  0.30005, VaAcc: 0.9147, VaLoss:  0.34892
 38,  0 | TrAcc: 0.9307, TrLoss:  0.29347, VaAcc: 0.9147, VaLoss:  0.34434
 39,  0 | TrAcc: 0.9312, TrLoss:  0.29288, VaAcc: 0.9147, VaLoss:  0.36276
 40,  0 | TrAcc: 0.9312, TrLoss:  0.28351, VaAcc: 0.9147, VaLoss:  0.33627
 41,  0 | TrAcc: 0.9315, TrLoss:  0.28309, VaAcc: 0.9147, VaLoss:  0.32558
 42,  0 | TrAcc: 0.9312, TrLoss:  0.27812, VaAcc: 0.9155, VaLoss:  0.32167
 43,  0 | TrAcc: 0.9315, TrLoss:  0.27481, VaAcc: 0.9163, VaLoss:  0.32590
 44,  0 | TrAcc: 0.9330, TrLoss:  0.26663, VaAcc: 0.9163, VaLoss:  0.31894
 45,  0 | TrAcc: 0.9326, TrLoss:  0.26071, VaAcc: 0.9171, VaLoss:  0.29881
 46,  0 | TrAcc: 0.9320, TrLoss:  0.26003, VaAcc: 0.9171, VaLoss:  0.29310
 47,  0 | TrAcc: 0.9328, TrLoss:  0.25315, VaAcc: 0.9171, VaLoss:  0.30373
 48,  0 | TrAcc: 0.9358, TrLoss:  0.24922, VaAcc: 0.9313, VaLoss:  0.29940
 49,  0 | TrAcc: 0.9361, TrLoss:  0.24521, VaAcc: 0.9344, VaLoss:  0.27866
 50,  0 | TrAcc: 0.9384, TrLoss:  0.24051, VaAcc: 0.9313, VaLoss:  0.27793
 51,  0 | TrAcc: 0.9408, TrLoss:  0.24055, VaAcc: 0.9265, VaLoss:  0.29734
 52,  0 | TrAcc: 0.9430, TrLoss:  0.23550, VaAcc: 0.9321, VaLoss:  0.27548
 53,  0 | TrAcc: 0.9416, TrLoss:  0.23441, VaAcc: 0.9336, VaLoss:  0.26830
 54,  0 | TrAcc: 0.9420, TrLoss:  0.23087, VaAcc: 0.9313, VaLoss:  0.27456
 55,  0 | TrAcc: 0.9409, TrLoss:  0.23052, VaAcc: 0.9234, VaLoss:  0.30029
 56,  0 | TrAcc: 0.9416, TrLoss:  0.22638, VaAcc: 0.9313, VaLoss:  0.26491
 57,  0 | TrAcc: 0.9414, TrLoss:  0.22446, VaAcc: 0.9321, VaLoss:  0.25885
 58,  0 | TrAcc: 0.9425, TrLoss:  0.22000, VaAcc: 0.9265, VaLoss:  0.27419
 59,  0 | TrAcc: 0.9424, TrLoss:  0.22334, VaAcc: 0.9155, VaLoss:  0.31003
 60,  0 | TrAcc: 0.9432, TrLoss:  0.21746, VaAcc: 0.9352, VaLoss:  0.25125
 61,  0 | TrAcc: 0.9441, TrLoss:  0.21944, VaAcc: 0.9336, VaLoss:  0.24526
 62,  0 | TrAcc: 0.9441, TrLoss:  0.21753, VaAcc: 0.9313, VaLoss:  0.25469
 63,  0 | TrAcc: 0.9419, TrLoss:  0.22064, VaAcc: 0.9202, VaLoss:  0.30133
 64,  0 | TrAcc: 0.9473, TrLoss:  0.21058, VaAcc: 0.9344, VaLoss:  0.25481
 65,  0 | TrAcc: 0.9480, TrLoss:  0.20794, VaAcc: 0.9376, VaLoss:  0.24331
 66,  0 | TrAcc: 0.9451, TrLoss:  0.21071, VaAcc: 0.9392, VaLoss:  0.24738
 67,  0 | TrAcc: 0.9452, TrLoss:  0.20657, VaAcc: 0.9313, VaLoss:  0.28063
 68,  0 | TrAcc: 0.9467, TrLoss:  0.20898, VaAcc: 0.9163, VaLoss:  0.33122
 69,  0 | TrAcc: 0.9491, TrLoss:  0.20254, VaAcc: 0.9344, VaLoss:  0.26143
 70,  0 | TrAcc: 0.9470, TrLoss:  0.20540, VaAcc: 0.9376, VaLoss:  0.24532
 71,  0 | TrAcc: 0.9492, TrLoss:  0.20377, VaAcc: 0.9392, VaLoss:  0.24091
 72,  0 | TrAcc: 0.9496, TrLoss:  0.19791, VaAcc: 0.9352, VaLoss:  0.26464
 73,  0 | TrAcc: 0.9467, TrLoss:  0.20642, VaAcc: 0.9258, VaLoss:  0.32619
 74,  0 | TrAcc: 0.9473, TrLoss:  0.19928, VaAcc: 0.9368, VaLoss:  0.27868
 75,  0 | TrAcc: 0.9508, TrLoss:  0.19768, VaAcc: 0.9392, VaLoss:  0.25258
 76,  0 | TrAcc: 0.9497, TrLoss:  0.19617, VaAcc: 0.9439, VaLoss:  0.23950
 77,  0 | TrAcc: 0.9500, TrLoss:  0.19378, VaAcc: 0.9447, VaLoss:  0.24808
 78,  0 | TrAcc: 0.9508, TrLoss:  0.19487, VaAcc: 0.9297, VaLoss:  0.30987
 79,  0 | TrAcc: 0.9496, TrLoss:  0.19559, VaAcc: 0.9313, VaLoss:  0.31537
 80,  0 | TrAcc: 0.9547, TrLoss:  0.18674, VaAcc: 0.9487, VaLoss:  0.23229
 81,  0 | TrAcc: 0.9531, TrLoss:  0.19132, VaAcc: 0.9518, VaLoss:  0.22013
 82,  0 | TrAcc: 0.9518, TrLoss:  0.18760, VaAcc: 0.9502, VaLoss:  0.22458
 83,  0 | TrAcc: 0.9527, TrLoss:  0.18304, VaAcc: 0.9447, VaLoss:  0.24197
 84,  0 | TrAcc: 0.9532, TrLoss:  0.18521, VaAcc: 0.9376, VaLoss:  0.26017
 85,  0 | TrAcc: 0.9542, TrLoss:  0.18125, VaAcc: 0.9408, VaLoss:  0.24179
 86,  0 | TrAcc: 0.9558, TrLoss:  0.17816, VaAcc: 0.9431, VaLoss:  0.23218
 87,  0 | TrAcc: 0.9534, TrLoss:  0.17965, VaAcc: 0.9494, VaLoss:  0.22609
 88,  0 | TrAcc: 0.9532, TrLoss:  0.18076, VaAcc: 0.9510, VaLoss:  0.22758
 89,  0 | TrAcc: 0.9556, TrLoss:  0.17457, VaAcc: 0.9479, VaLoss:  0.23392
 90,  0 | TrAcc: 0.9526, TrLoss:  0.17935, VaAcc: 0.9392, VaLoss:  0.25873
 91,  0 | TrAcc: 0.9550, TrLoss:  0.17561, VaAcc: 0.9400, VaLoss:  0.25208
 92,  0 | TrAcc: 0.9532, TrLoss:  0.17499, VaAcc: 0.9455, VaLoss:  0.23265
 93,  0 | TrAcc: 0.9527, TrLoss:  0.17318, VaAcc: 0.9439, VaLoss:  0.23058
 94,  0 | TrAcc: 0.9543, TrLoss:  0.17478, VaAcc: 0.9360, VaLoss:  0.25607
 95,  0 | TrAcc: 0.9527, TrLoss:  0.17492, VaAcc: 0.9392, VaLoss:  0.24786
 96,  0 | TrAcc: 0.9529, TrLoss:  0.17293, VaAcc: 0.9408, VaLoss:  0.23152
 97,  0 | TrAcc: 0.9553, TrLoss:  0.16660, VaAcc: 0.9384, VaLoss:  0.23145
 98,  0 | TrAcc: 0.9563, TrLoss:  0.17241, VaAcc: 0.9352, VaLoss:  0.24688
 99,  0 | TrAcc: 0.9558, TrLoss:  0.16768, VaAcc: 0.9431, VaLoss:  0.21809
100,  0 | TrAcc: 0.9561, TrLoss:  0.16875, VaAcc: 0.9479, VaLoss:  0.21355
101,  0 | TrAcc: 0.9556, TrLoss:  0.16382, VaAcc: 0.9479, VaLoss:  0.21686
102,  0 | TrAcc: 0.9558, TrLoss:  0.16353, VaAcc: 0.9400, VaLoss:  0.23170
103,  0 | TrAcc: 0.9569, TrLoss:  0.16188, VaAcc: 0.9415, VaLoss:  0.23158
104,  0 | TrAcc: 0.9575, TrLoss:  0.15761, VaAcc: 0.9455, VaLoss:  0.21652
105,  0 | TrAcc: 0.9577, TrLoss:  0.16117, VaAcc: 0.9487, VaLoss:  0.21031
106,  0 | TrAcc: 0.9579, TrLoss:  0.15628, VaAcc: 0.9455, VaLoss:  0.21186
107,  0 | TrAcc: 0.9601, TrLoss:  0.15527, VaAcc: 0.9408, VaLoss:  0.22586
108,  0 | TrAcc: 0.9591, TrLoss:  0.15549, VaAcc: 0.9431, VaLoss:  0.21756
109,  0 | TrAcc: 0.9601, TrLoss:  0.15417, VaAcc: 0.9463, VaLoss:  0.21441
110,  0 | TrAcc: 0.9590, TrLoss:  0.15483, VaAcc: 0.9479, VaLoss:  0.21254
111,  0 | TrAcc: 0.9604, TrLoss:  0.15400, VaAcc: 0.9479, VaLoss:  0.21040
112,  0 | TrAcc: 0.9614, TrLoss:  0.14914, VaAcc: 0.9471, VaLoss:  0.20759
113,  0 | TrAcc: 0.9599, TrLoss:  0.15136, VaAcc: 0.9471, VaLoss:  0.20579
114,  0 | TrAcc: 0.9593, TrLoss:  0.15180, VaAcc: 0.9423, VaLoss:  0.21316
115,  0 | TrAcc: 0.9599, TrLoss:  0.14966, VaAcc: 0.9392, VaLoss:  0.22333
116,  0 | TrAcc: 0.9599, TrLoss:  0.14896, VaAcc: 0.9463, VaLoss:  0.21023
117,  0 | TrAcc: 0.9599, TrLoss:  0.14770, VaAcc: 0.9455, VaLoss:  0.20886
118,  0 | TrAcc: 0.9625, TrLoss:  0.14813, VaAcc: 0.9463, VaLoss:  0.20971
119,  0 | TrAcc: 0.9618, TrLoss:  0.14458, VaAcc: 0.9494, VaLoss:  0.20261
120,  0 | TrAcc: 0.9626, TrLoss:  0.14666, VaAcc: 0.9455, VaLoss:  0.20409
121,  0 | TrAcc: 0.9626, TrLoss:  0.14471, VaAcc: 0.9463, VaLoss:  0.21123
122,  0 | TrAcc: 0.9623, TrLoss:  0.14407, VaAcc: 0.9526, VaLoss:  0.19868
123,  0 | TrAcc: 0.9641, TrLoss:  0.14061, VaAcc: 0.9558, VaLoss:  0.18920
124,  0 | TrAcc: 0.9652, TrLoss:  0.13829, VaAcc: 0.9558, VaLoss:  0.18744
125,  0 | TrAcc: 0.9658, TrLoss:  0.13795, VaAcc: 0.9487, VaLoss:  0.19486
126,  0 | TrAcc: 0.9644, TrLoss:  0.13887, VaAcc: 0.9534, VaLoss:  0.19433
127,  0 | TrAcc: 0.9626, TrLoss:  0.13762, VaAcc: 0.9566, VaLoss:  0.18949
128,  0 | TrAcc: 0.9647, TrLoss:  0.13307, VaAcc: 0.9558, VaLoss:  0.19252
129,  0 | TrAcc: 0.9652, TrLoss:  0.13636, VaAcc: 0.9423, VaLoss:  0.21115
130,  0 | TrAcc: 0.9671, TrLoss:  0.13096, VaAcc: 0.9392, VaLoss:  0.21161
131,  0 | TrAcc: 0.9636, TrLoss:  0.13596, VaAcc: 0.9494, VaLoss:  0.19799
132,  0 | TrAcc: 0.9666, TrLoss:  0.13239, VaAcc: 0.9550, VaLoss:  0.19279
133,  0 | TrAcc: 0.9660, TrLoss:  0.13175, VaAcc: 0.9463, VaLoss:  0.20712
134,  0 | TrAcc: 0.9693, TrLoss:  0.12755, VaAcc: 0.9502, VaLoss:  0.19707
135,  0 | TrAcc: 0.9671, TrLoss:  0.13262, VaAcc: 0.9542, VaLoss:  0.18747
136,  0 | TrAcc: 0.9686, TrLoss:  0.12845, VaAcc: 0.9589, VaLoss:  0.17791
137,  0 | TrAcc: 0.9668, TrLoss:  0.13166, VaAcc: 0.9581, VaLoss:  0.18558
138,  0 | TrAcc: 0.9670, TrLoss:  0.13194, VaAcc: 0.9487, VaLoss:  0.20177
139,  0 | TrAcc: 0.9681, TrLoss:  0.13004, VaAcc: 0.9566, VaLoss:  0.18415
140,  0 | TrAcc: 0.9679, TrLoss:  0.13162, VaAcc: 0.9542, VaLoss:  0.19090
141,  0 | TrAcc: 0.9673, TrLoss:  0.12686, VaAcc: 0.9352, VaLoss:  0.22825
142,  0 | TrAcc: 0.9687, TrLoss:  0.12656, VaAcc: 0.9479, VaLoss:  0.20049
143,  0 | TrAcc: 0.9692, TrLoss:  0.12481, VaAcc: 0.9566, VaLoss:  0.18388
144,  0 | TrAcc: 0.9679, TrLoss:  0.12573, VaAcc: 0.9494, VaLoss:  0.20394
145,  0 | TrAcc: 0.9687, TrLoss:  0.12496, VaAcc: 0.9597, VaLoss:  0.18197
146,  0 | TrAcc: 0.9724, TrLoss:  0.12283, VaAcc: 0.9558, VaLoss:  0.18196
147,  0 | TrAcc: 0.9721, TrLoss:  0.12094, VaAcc: 0.9573, VaLoss:  0.18472
148,  0 | TrAcc: 0.9708, TrLoss:  0.12417, VaAcc: 0.9589, VaLoss:  0.18063
149,  0 | TrAcc: 0.9706, TrLoss:  0.11757, VaAcc: 0.9589, VaLoss:  0.17449
150,  0 | TrAcc: 0.9695, TrLoss:  0.12286, VaAcc: 0.9597, VaLoss:  0.17912
151,  0 | TrAcc: 0.9706, TrLoss:  0.12190, VaAcc: 0.9558, VaLoss:  0.18900
152,  0 | TrAcc: 0.9719, TrLoss:  0.11558, VaAcc: 0.9573, VaLoss:  0.18570
153,  0 | TrAcc: 0.9709, TrLoss:  0.11708, VaAcc: 0.9573, VaLoss:  0.17830
154,  0 | TrAcc: 0.9701, TrLoss:  0.11648, VaAcc: 0.9581, VaLoss:  0.17470
155,  0 | TrAcc: 0.9732, TrLoss:  0.11814, VaAcc: 0.9597, VaLoss:  0.17796
156,  0 | TrAcc: 0.9709, TrLoss:  0.11680, VaAcc: 0.9589, VaLoss:  0.18130
157,  0 | TrAcc: 0.9727, TrLoss:  0.11694, VaAcc: 0.9597, VaLoss:  0.17925
158,  0 | TrAcc: 0.9745, TrLoss:  0.11298, VaAcc: 0.9589, VaLoss:  0.17919
159,  0 | TrAcc: 0.9709, TrLoss:  0.11474, VaAcc: 0.9597, VaLoss:  0.18188
160,  0 | TrAcc: 0.9724, TrLoss:  0.11321, VaAcc: 0.9605, VaLoss:  0.18264
161,  0 | TrAcc: 0.9727, TrLoss:  0.11418, VaAcc: 0.9605, VaLoss:  0.17732
162,  0 | TrAcc: 0.9730, TrLoss:  0.11222, VaAcc: 0.9605, VaLoss:  0.17582
163,  0 | TrAcc: 0.9732, TrLoss:  0.10984, VaAcc: 0.9558, VaLoss:  0.17516
164,  0 | TrAcc: 0.9761, TrLoss:  0.10660, VaAcc: 0.9621, VaLoss:  0.17056
165,  0 | TrAcc: 0.9722, TrLoss:  0.11110, VaAcc: 0.9621, VaLoss:  0.16898
166,  0 | TrAcc: 0.9735, TrLoss:  0.11120, VaAcc: 0.9613, VaLoss:  0.16901
167,  0 | TrAcc: 0.9732, TrLoss:  0.10824, VaAcc: 0.9605, VaLoss:  0.17058
168,  0 | TrAcc: 0.9753, TrLoss:  0.10688, VaAcc: 0.9597, VaLoss:  0.17035
169,  0 | TrAcc: 0.9745, TrLoss:  0.10795, VaAcc: 0.9613, VaLoss:  0.17280
170,  0 | TrAcc: 0.9749, TrLoss:  0.10406, VaAcc: 0.9613, VaLoss:  0.17263
171,  0 | TrAcc: 0.9729, TrLoss:  0.10539, VaAcc: 0.9597, VaLoss:  0.17071
172,  0 | TrAcc: 0.9733, TrLoss:  0.10731, VaAcc: 0.9597, VaLoss:  0.17342
173,  0 | TrAcc: 0.9762, TrLoss:  0.10462, VaAcc: 0.9605, VaLoss:  0.17141
174,  0 | TrAcc: 0.9756, TrLoss:  0.10588, VaAcc: 0.9597, VaLoss:  0.17230
175,  0 | TrAcc: 0.9756, TrLoss:  0.10592, VaAcc: 0.9621, VaLoss:  0.16842
176,  0 | TrAcc: 0.9767, TrLoss:  0.10311, VaAcc: 0.9597, VaLoss:  0.16557
177,  0 | TrAcc: 0.9759, TrLoss:  0.10202, VaAcc: 0.9605, VaLoss:  0.16958
178,  0 | TrAcc: 0.9773, TrLoss:  0.10100, VaAcc: 0.9613, VaLoss:  0.17059
179,  0 | TrAcc: 0.9756, TrLoss:  0.10193, VaAcc: 0.9621, VaLoss:  0.16977
180,  0 | TrAcc: 0.9777, TrLoss:  0.10136, VaAcc: 0.9621, VaLoss:  0.16838
181,  0 | TrAcc: 0.9778, TrLoss:  0.09973, VaAcc: 0.9589, VaLoss:  0.16932
182,  0 | TrAcc: 0.9773, TrLoss:  0.09906, VaAcc: 0.9581, VaLoss:  0.16758
183,  0 | TrAcc: 0.9765, TrLoss:  0.10149, VaAcc: 0.9573, VaLoss:  0.16953
184,  0 | TrAcc: 0.9759, TrLoss:  0.09949, VaAcc: 0.9605, VaLoss:  0.16454
185,  0 | TrAcc: 0.9780, TrLoss:  0.09712, VaAcc: 0.9589, VaLoss:  0.16448
186,  0 | TrAcc: 0.9762, TrLoss:  0.09795, VaAcc: 0.9581, VaLoss:  0.16654
187,  0 | TrAcc: 0.9773, TrLoss:  0.09476, VaAcc: 0.9589, VaLoss:  0.16625
188,  0 | TrAcc: 0.9764, TrLoss:  0.09926, VaAcc: 0.9621, VaLoss:  0.16962
189,  0 | TrAcc: 0.9767, TrLoss:  0.09917, VaAcc: 0.9566, VaLoss:  0.17429
190,  0 | TrAcc: 0.9792, TrLoss:  0.09535, VaAcc: 0.9558, VaLoss:  0.17648
191,  0 | TrAcc: 0.9780, TrLoss:  0.09690, VaAcc: 0.9589, VaLoss:  0.16936
192,  0 | TrAcc: 0.9769, TrLoss:  0.09558, VaAcc: 0.9605, VaLoss:  0.16535
193,  0 | TrAcc: 0.9770, TrLoss:  0.09579, VaAcc: 0.9581, VaLoss:  0.16506
194,  0 | TrAcc: 0.9765, TrLoss:  0.09659, VaAcc: 0.9597, VaLoss:  0.16171
195,  0 | TrAcc: 0.9773, TrLoss:  0.09483, VaAcc: 0.9621, VaLoss:  0.15609
196,  0 | TrAcc: 0.9775, TrLoss:  0.09530, VaAcc: 0.9629, VaLoss:  0.15696
197,  0 | TrAcc: 0.9784, TrLoss:  0.09314, VaAcc: 0.9621, VaLoss:  0.16468
198,  0 | TrAcc: 0.9788, TrLoss:  0.09469, VaAcc: 0.9573, VaLoss:  0.17540
199,  0 | TrAcc: 0.9783, TrLoss:  0.09058, VaAcc: 0.9550, VaLoss:  0.17947
200,  0 | TrAcc: 0.9791, TrLoss:  0.09416, VaAcc: 0.9605, VaLoss:  0.17982
201,  0 | TrAcc: 0.9786, TrLoss:  0.09406, VaAcc: 0.9605, VaLoss:  0.17503
202,  0 | TrAcc: 0.9794, TrLoss:  0.09170, VaAcc: 0.9566, VaLoss:  0.16507
203,  0 | TrAcc: 0.9788, TrLoss:  0.09091, VaAcc: 0.9605, VaLoss:  0.15908
204,  0 | TrAcc: 0.9792, TrLoss:  0.09058, VaAcc: 0.9637, VaLoss:  0.15410
205,  0 | TrAcc: 0.9788, TrLoss:  0.09112, VaAcc: 0.9637, VaLoss:  0.15448
206,  0 | TrAcc: 0.9804, TrLoss:  0.08921, VaAcc: 0.9621, VaLoss:  0.15585
207,  0 | TrAcc: 0.9788, TrLoss:  0.08949, VaAcc: 0.9581, VaLoss:  0.16239
208,  0 | TrAcc: 0.9789, TrLoss:  0.09058, VaAcc: 0.9573, VaLoss:  0.16656
209,  0 | TrAcc: 0.9799, TrLoss:  0.08752, VaAcc: 0.9629, VaLoss:  0.16625
210,  0 | TrAcc: 0.9794, TrLoss:  0.08811, VaAcc: 0.9605, VaLoss:  0.16896
211,  0 | TrAcc: 0.9799, TrLoss:  0.08696, VaAcc: 0.9589, VaLoss:  0.16917
212,  0 | TrAcc: 0.9783, TrLoss:  0.09056, VaAcc: 0.9597, VaLoss:  0.16734
213,  0 | TrAcc: 0.9799, TrLoss:  0.08972, VaAcc: 0.9605, VaLoss:  0.16317
214,  0 | TrAcc: 0.9791, TrLoss:  0.08880, VaAcc: 0.9629, VaLoss:  0.16198
215,  0 | TrAcc: 0.9800, TrLoss:  0.08733, VaAcc: 0.9621, VaLoss:  0.16149
216,  0 | TrAcc: 0.9802, TrLoss:  0.08794, VaAcc: 0.9581, VaLoss:  0.16382
217,  0 | TrAcc: 0.9792, TrLoss:  0.08826, VaAcc: 0.9566, VaLoss:  0.17000
218,  0 | TrAcc: 0.9799, TrLoss:  0.08861, VaAcc: 0.9581, VaLoss:  0.16639
219,  0 | TrAcc: 0.9797, TrLoss:  0.08687, VaAcc: 0.9621, VaLoss:  0.16734
220,  0 | TrAcc: 0.9804, TrLoss:  0.08500, VaAcc: 0.9605, VaLoss:  0.16883
221,  0 | TrAcc: 0.9815, TrLoss:  0.08791, VaAcc: 0.9573, VaLoss:  0.17234
222,  0 | TrAcc: 0.9794, TrLoss:  0.08870, VaAcc: 0.9566, VaLoss:  0.17184
223,  0 | TrAcc: 0.9820, TrLoss:  0.08475, VaAcc: 0.9645, VaLoss:  0.16523
224,  0 | TrAcc: 0.9800, TrLoss:  0.08933, VaAcc: 0.9645, VaLoss:  0.16414
225,  0 | TrAcc: 0.9812, TrLoss:  0.08485, VaAcc: 0.9621, VaLoss:  0.16246
226,  0 | TrAcc: 0.9800, TrLoss:  0.08711, VaAcc: 0.9581, VaLoss:  0.16332
227,  0 | TrAcc: 0.9816, TrLoss:  0.08436, VaAcc: 0.9597, VaLoss:  0.16010
228,  0 | TrAcc: 0.9808, TrLoss:  0.08529, VaAcc: 0.9629, VaLoss:  0.15773
229,  0 | TrAcc: 0.9810, TrLoss:  0.08373, VaAcc: 0.9637, VaLoss:  0.16107
230,  0 | TrAcc: 0.9824, TrLoss:  0.08392, VaAcc: 0.9613, VaLoss:  0.16651
231,  0 | TrAcc: 0.9804, TrLoss:  0.08533, VaAcc: 0.9613, VaLoss:  0.16411
232,  0 | TrAcc: 0.9820, TrLoss:  0.08185, VaAcc: 0.9605, VaLoss:  0.16032
233,  0 | TrAcc: 0.9823, TrLoss:  0.08313, VaAcc: 0.9621, VaLoss:  0.16089
234,  0 | TrAcc: 0.9823, TrLoss:  0.08439, VaAcc: 0.9589, VaLoss:  0.16460
235,  0 | TrAcc: 0.9807, TrLoss:  0.08327, VaAcc: 0.9581, VaLoss:  0.17065
236,  0 | TrAcc: 0.9821, TrLoss:  0.08250, VaAcc: 0.9566, VaLoss:  0.17050
237,  0 | TrAcc: 0.9808, TrLoss:  0.08178, VaAcc: 0.9597, VaLoss:  0.16775
238,  0 | TrAcc: 0.9826, TrLoss:  0.08041, VaAcc: 0.9629, VaLoss:  0.16226
239,  0 | TrAcc: 0.9826, TrLoss:  0.08090, VaAcc: 0.9621, VaLoss:  0.16256
240,  0 | TrAcc: 0.9831, TrLoss:  0.08271, VaAcc: 0.9605, VaLoss:  0.16329
241,  0 | TrAcc: 0.9804, TrLoss:  0.08106, VaAcc: 0.9597, VaLoss:  0.16422
242,  0 | TrAcc: 0.9820, TrLoss:  0.08207, VaAcc: 0.9573, VaLoss:  0.16874
243,  0 | TrAcc: 0.9834, TrLoss:  0.07716, VaAcc: 0.9589, VaLoss:  0.16430
244,  0 | TrAcc: 0.9823, TrLoss:  0.07904, VaAcc: 0.9621, VaLoss:  0.16391
245,  0 | TrAcc: 0.9820, TrLoss:  0.08066, VaAcc: 0.9613, VaLoss:  0.16718
246,  0 | TrAcc: 0.9834, TrLoss:  0.07787, VaAcc: 0.9605, VaLoss:  0.16988
247,  0 | TrAcc: 0.9818, TrLoss:  0.08049, VaAcc: 0.9605, VaLoss:  0.16819
248,  0 | TrAcc: 0.9810, TrLoss:  0.08229, VaAcc: 0.9605, VaLoss:  0.16776
249,  0 | TrAcc: 0.9818, TrLoss:  0.07710, VaAcc: 0.9589, VaLoss:  0.17093
250,  0 | TrAcc: 0.9831, TrLoss:  0.07815, VaAcc: 0.9621, VaLoss:  0.17407
251,  0 | TrAcc: 0.9850, TrLoss:  0.07567, VaAcc: 0.9613, VaLoss:  0.17162
252,  0 | TrAcc: 0.9828, TrLoss:  0.07921, VaAcc: 0.9613, VaLoss:  0.16563
253,  0 | TrAcc: 0.9828, TrLoss:  0.07695, VaAcc: 0.9605, VaLoss:  0.16671
254,  0 | TrAcc: 0.9824, TrLoss:  0.08158, VaAcc: 0.9605, VaLoss:  0.17140
255,  0 | TrAcc: 0.9837, TrLoss:  0.07659, VaAcc: 0.9589, VaLoss:  0.17235
256,  0 | TrAcc: 0.9826, TrLoss:  0.07705, VaAcc: 0.9597, VaLoss:  0.16823
257,  0 | TrAcc: 0.9821, TrLoss:  0.07715, VaAcc: 0.9597, VaLoss:  0.16679
258,  0 | TrAcc: 0.9836, TrLoss:  0.07676, VaAcc: 0.9597, VaLoss:  0.16529
259,  0 | TrAcc: 0.9844, TrLoss:  0.07595, VaAcc: 0.9605, VaLoss:  0.16551
260,  0 | TrAcc: 0.9842, TrLoss:  0.07612, VaAcc: 0.9581, VaLoss:  0.16709
261,  0 | TrAcc: 0.9842, TrLoss:  0.07658, VaAcc: 0.9589, VaLoss:  0.16917
262,  0 | TrAcc: 0.9831, TrLoss:  0.07598, VaAcc: 0.9589, VaLoss:  0.16653
263,  0 | TrAcc: 0.9828, TrLoss:  0.07846, VaAcc: 0.9566, VaLoss:  0.16912
264,  0 | TrAcc: 0.9840, TrLoss:  0.07295, VaAcc: 0.9581, VaLoss:  0.16698
265,  0 | TrAcc: 0.9840, TrLoss:  0.07496, VaAcc: 0.9566, VaLoss:  0.16650
266,  0 | TrAcc: 0.9828, TrLoss:  0.07673, VaAcc: 0.9573, VaLoss:  0.16804
267,  0 | TrAcc: 0.9839, TrLoss:  0.07580, VaAcc: 0.9581, VaLoss:  0.16584
268,  0 | TrAcc: 0.9840, TrLoss:  0.07546, VaAcc: 0.9589, VaLoss:  0.16923
269,  0 | TrAcc: 0.9850, TrLoss:  0.07381, VaAcc: 0.9589, VaLoss:  0.16958
270,  0 | TrAcc: 0.9844, TrLoss:  0.07297, VaAcc: 0.9581, VaLoss:  0.17073
271,  0 | TrAcc: 0.9850, TrLoss:  0.07391, VaAcc: 0.9573, VaLoss:  0.16704
272,  0 | TrAcc: 0.9844, TrLoss:  0.07310, VaAcc: 0.9597, VaLoss:  0.16398
273,  0 | TrAcc: 0.9848, TrLoss:  0.07274, VaAcc: 0.9597, VaLoss:  0.16161
274,  0 | TrAcc: 0.9844, TrLoss:  0.07148, VaAcc: 0.9621, VaLoss:  0.15730
275,  0 | TrAcc: 0.9832, TrLoss:  0.07345, VaAcc: 0.9645, VaLoss:  0.15524
276,  0 | TrAcc: 0.9848, TrLoss:  0.07160, VaAcc: 0.9597, VaLoss:  0.15493
277,  0 | TrAcc: 0.9837, TrLoss:  0.07191, VaAcc: 0.9613, VaLoss:  0.15839
278,  0 | TrAcc: 0.9860, TrLoss:  0.07103, VaAcc: 0.9566, VaLoss:  0.16903
279,  0 | TrAcc: 0.9839, TrLoss:  0.07564, VaAcc: 0.9566, VaLoss:  0.16750
280,  0 | TrAcc: 0.9828, TrLoss:  0.07564, VaAcc: 0.9605, VaLoss:  0.16318
281,  0 | TrAcc: 0.9847, TrLoss:  0.07301, VaAcc: 0.9605, VaLoss:  0.16487
282,  0 | TrAcc: 0.9858, TrLoss:  0.07055, VaAcc: 0.9573, VaLoss:  0.16161
283,  0 | TrAcc: 0.9840, TrLoss:  0.07393, VaAcc: 0.9597, VaLoss:  0.15966
284,  0 | TrAcc: 0.9855, TrLoss:  0.07161, VaAcc: 0.9629, VaLoss:  0.16158
285,  0 | TrAcc: 0.9848, TrLoss:  0.07365, VaAcc: 0.9652, VaLoss:  0.16300
286,  0 | TrAcc: 0.9842, TrLoss:  0.07085, VaAcc: 0.9645, VaLoss:  0.16119
287,  0 | TrAcc: 0.9832, TrLoss:  0.07662, VaAcc: 0.9613, VaLoss:  0.15897
288,  0 | TrAcc: 0.9848, TrLoss:  0.07132, VaAcc: 0.9621, VaLoss:  0.15717
289,  0 | TrAcc: 0.9856, TrLoss:  0.06898, VaAcc: 0.9645, VaLoss:  0.15520
290,  0 | TrAcc: 0.9853, TrLoss:  0.07084, VaAcc: 0.9637, VaLoss:  0.15370
291,  0 | TrAcc: 0.9855, TrLoss:  0.07113, VaAcc: 0.9652, VaLoss:  0.15339
292,  0 | TrAcc: 0.9852, TrLoss:  0.07204, VaAcc: 0.9660, VaLoss:  0.15132
293,  0 | TrAcc: 0.9863, TrLoss:  0.06876, VaAcc: 0.9652, VaLoss:  0.15354
294,  0 | TrAcc: 0.9855, TrLoss:  0.06993, VaAcc: 0.9652, VaLoss:  0.15694
295,  0 | TrAcc: 0.9860, TrLoss:  0.07035, VaAcc: 0.9660, VaLoss:  0.15594
296,  0 | TrAcc: 0.9839, TrLoss:  0.07250, VaAcc: 0.9645, VaLoss:  0.15470
297,  0 | TrAcc: 0.9852, TrLoss:  0.07104, VaAcc: 0.9637, VaLoss:  0.15640
298,  0 | TrAcc: 0.9866, TrLoss:  0.06790, VaAcc: 0.9629, VaLoss:  0.15766
299,  0 | TrAcc: 0.9864, TrLoss:  0.06939, VaAcc: 0.9621, VaLoss:  0.15985
300,  0 | TrAcc: 0.9858, TrLoss:  0.06922, VaAcc: 0.9629, VaLoss:  0.15960
301,  0 | TrAcc: 0.9847, TrLoss:  0.06896, VaAcc: 0.9621, VaLoss:  0.15745
302,  0 | TrAcc: 0.9869, TrLoss:  0.06836, VaAcc: 0.9637, VaLoss:  0.15121
303,  0 | TrAcc: 0.9874, TrLoss:  0.06703, VaAcc: 0.9645, VaLoss:  0.15105
304,  0 | TrAcc: 0.9879, TrLoss:  0.06494, VaAcc: 0.9629, VaLoss:  0.15275
305,  0 | TrAcc: 0.9871, TrLoss:  0.06554, VaAcc: 0.9637, VaLoss:  0.15530
306,  0 | TrAcc: 0.9847, TrLoss:  0.06968, VaAcc: 0.9605, VaLoss:  0.15780
307,  0 | TrAcc: 0.9863, TrLoss:  0.06802, VaAcc: 0.9589, VaLoss:  0.16051
308,  0 | TrAcc: 0.9869, TrLoss:  0.06734, VaAcc: 0.9589, VaLoss:  0.15516
309,  0 | TrAcc: 0.9855, TrLoss:  0.06789, VaAcc: 0.9621, VaLoss:  0.15214
310,  0 | TrAcc: 0.9864, TrLoss:  0.06812, VaAcc: 0.9629, VaLoss:  0.15246
311,  0 | TrAcc: 0.9864, TrLoss:  0.06593, VaAcc: 0.9629, VaLoss:  0.15885
312,  0 | TrAcc: 0.9869, TrLoss:  0.06545, VaAcc: 0.9605, VaLoss:  0.15793
313,  0 | TrAcc: 0.9864, TrLoss:  0.06509, VaAcc: 0.9597, VaLoss:  0.16353
314,  0 | TrAcc: 0.9866, TrLoss:  0.06587, VaAcc: 0.9621, VaLoss:  0.16551
315,  0 | TrAcc: 0.9882, TrLoss:  0.06454, VaAcc: 0.9637, VaLoss:  0.16573
316,  0 | TrAcc: 0.9856, TrLoss:  0.06743, VaAcc: 0.9597, VaLoss:  0.16555
317,  0 | TrAcc: 0.9855, TrLoss:  0.06718, VaAcc: 0.9597, VaLoss:  0.16280
318,  0 | TrAcc: 0.9869, TrLoss:  0.06709, VaAcc: 0.9645, VaLoss:  0.16072
319,  0 | TrAcc: 0.9858, TrLoss:  0.06785, VaAcc: 0.9637, VaLoss:  0.16044
320,  0 | TrAcc: 0.9871, TrLoss:  0.06599, VaAcc: 0.9613, VaLoss:  0.16250
321,  0 | TrAcc: 0.9871, TrLoss:  0.06621, VaAcc: 0.9613, VaLoss:  0.16080
322,  0 | TrAcc: 0.9882, TrLoss:  0.06551, VaAcc: 0.9629, VaLoss:  0.15715
323,  0 | TrAcc: 0.9858, TrLoss:  0.06574, VaAcc: 0.9637, VaLoss:  0.14895
324,  0 | TrAcc: 0.9853, TrLoss:  0.06898, VaAcc: 0.9637, VaLoss:  0.14951
325,  0 | TrAcc: 0.9863, TrLoss:  0.06574, VaAcc: 0.9637, VaLoss:  0.15292
326,  0 | TrAcc: 0.9847, TrLoss:  0.06617, VaAcc: 0.9605, VaLoss:  0.15959
327,  0 | TrAcc: 0.9867, TrLoss:  0.06359, VaAcc: 0.9621, VaLoss:  0.15650
328,  0 | TrAcc: 0.9864, TrLoss:  0.06521, VaAcc: 0.9637, VaLoss:  0.15112
329,  0 | TrAcc: 0.9887, TrLoss:  0.06349, VaAcc: 0.9621, VaLoss:  0.15326
330,  0 | TrAcc: 0.9887, TrLoss:  0.06345, VaAcc: 0.9645, VaLoss:  0.15298
331,  0 | TrAcc: 0.9879, TrLoss:  0.06482, VaAcc: 0.9660, VaLoss:  0.15992
332,  0 | TrAcc: 0.9863, TrLoss:  0.06407, VaAcc: 0.9660, VaLoss:  0.15745
333,  0 | TrAcc: 0.9864, TrLoss:  0.06618, VaAcc: 0.9645, VaLoss:  0.15062
334,  0 | TrAcc: 0.9882, TrLoss:  0.06502, VaAcc: 0.9629, VaLoss:  0.15162
335,  0 | TrAcc: 0.9877, TrLoss:  0.06238, VaAcc: 0.9637, VaLoss:  0.15467
336,  0 | TrAcc: 0.9877, TrLoss:  0.06181, VaAcc: 0.9613, VaLoss:  0.15389
337,  0 | TrAcc: 0.9869, TrLoss:  0.06353, VaAcc: 0.9637, VaLoss:  0.15793
338,  0 | TrAcc: 0.9863, TrLoss:  0.06424, VaAcc: 0.9613, VaLoss:  0.15624
339,  0 | TrAcc: 0.9869, TrLoss:  0.06131, VaAcc: 0.9621, VaLoss:  0.15657
340,  0 | TrAcc: 0.9871, TrLoss:  0.06396, VaAcc: 0.9605, VaLoss:  0.16098
341,  0 | TrAcc: 0.9875, TrLoss:  0.06209, VaAcc: 0.9597, VaLoss:  0.15961
342,  0 | TrAcc: 0.9871, TrLoss:  0.06168, VaAcc: 0.9589, VaLoss:  0.16401
343,  0 | TrAcc: 0.9880, TrLoss:  0.06196, VaAcc: 0.9621, VaLoss:  0.16196
344,  0 | TrAcc: 0.9866, TrLoss:  0.06266, VaAcc: 0.9605, VaLoss:  0.16161
345,  0 | TrAcc: 0.9875, TrLoss:  0.06112, VaAcc: 0.9621, VaLoss:  0.16190
346,  0 | TrAcc: 0.9883, TrLoss:  0.05931, VaAcc: 0.9621, VaLoss:  0.15993
347,  0 | TrAcc: 0.9888, TrLoss:  0.06073, VaAcc: 0.9629, VaLoss:  0.15717
348,  0 | TrAcc: 0.9871, TrLoss:  0.06178, VaAcc: 0.9629, VaLoss:  0.15603
349,  0 | TrAcc: 0.9893, TrLoss:  0.06069, VaAcc: 0.9621, VaLoss:  0.15629
350,  0 | TrAcc: 0.9885, TrLoss:  0.06038, VaAcc: 0.9613, VaLoss:  0.15742
351,  0 | TrAcc: 0.9895, TrLoss:  0.06122, VaAcc: 0.9621, VaLoss:  0.15291
352,  0 | TrAcc: 0.9890, TrLoss:  0.06020, VaAcc: 0.9613, VaLoss:  0.15107
353,  0 | TrAcc: 0.9887, TrLoss:  0.06117, VaAcc: 0.9605, VaLoss:  0.15154
354,  0 | TrAcc: 0.9875, TrLoss:  0.06158, VaAcc: 0.9621, VaLoss:  0.15319
355,  0 | TrAcc: 0.9880, TrLoss:  0.06061, VaAcc: 0.9613, VaLoss:  0.15361
356,  0 | TrAcc: 0.9890, TrLoss:  0.06018, VaAcc: 0.9629, VaLoss:  0.15313
357,  0 | TrAcc: 0.9888, TrLoss:  0.06038, VaAcc: 0.9660, VaLoss:  0.15110
358,  0 | TrAcc: 0.9891, TrLoss:  0.05885, VaAcc: 0.9668, VaLoss:  0.15157
359,  0 | TrAcc: 0.9869, TrLoss:  0.05927, VaAcc: 0.9645, VaLoss:  0.15343
360,  0 | TrAcc: 0.9883, TrLoss:  0.06180, VaAcc: 0.9645, VaLoss:  0.15819
361,  0 | TrAcc: 0.9895, TrLoss:  0.05853, VaAcc: 0.9621, VaLoss:  0.15928
362,  0 | TrAcc: 0.9896, TrLoss:  0.05969, VaAcc: 0.9645, VaLoss:  0.15649
363,  0 | TrAcc: 0.9898, TrLoss:  0.05966, VaAcc: 0.9645, VaLoss:  0.15540
364,  0 | TrAcc: 0.9888, TrLoss:  0.06057, VaAcc: 0.9637, VaLoss:  0.15657
365,  0 | TrAcc: 0.9880, TrLoss:  0.06101, VaAcc: 0.9589, VaLoss:  0.16104
366,  0 | TrAcc: 0.9882, TrLoss:  0.06105, VaAcc: 0.9621, VaLoss:  0.15932
367,  0 | TrAcc: 0.9893, TrLoss:  0.06021, VaAcc: 0.9605, VaLoss:  0.15866
368,  0 | TrAcc: 0.9885, TrLoss:  0.05784, VaAcc: 0.9605, VaLoss:  0.15994
369,  0 | TrAcc: 0.9899, TrLoss:  0.05907, VaAcc: 0.9613, VaLoss:  0.16412
370,  0 | TrAcc: 0.9896, TrLoss:  0.05764, VaAcc: 0.9621, VaLoss:  0.16698
371,  0 | TrAcc: 0.9893, TrLoss:  0.05888, VaAcc: 0.9637, VaLoss:  0.16562
372,  0 | TrAcc: 0.9877, TrLoss:  0.06198, VaAcc: 0.9645, VaLoss:  0.16625
373,  0 | TrAcc: 0.9893, TrLoss:  0.05862, VaAcc: 0.9613, VaLoss:  0.16650
374,  0 | TrAcc: 0.9895, TrLoss:  0.05826, VaAcc: 0.9613, VaLoss:  0.17119
375,  0 | TrAcc: 0.9879, TrLoss:  0.05916, VaAcc: 0.9605, VaLoss:  0.16646
376,  0 | TrAcc: 0.9893, TrLoss:  0.05800, VaAcc: 0.9613, VaLoss:  0.16416
377,  0 | TrAcc: 0.9879, TrLoss:  0.06080, VaAcc: 0.9597, VaLoss:  0.16417
378,  0 | TrAcc: 0.9885, TrLoss:  0.05867, VaAcc: 0.9581, VaLoss:  0.16444
379,  0 | TrAcc: 0.9893, TrLoss:  0.05694, VaAcc: 0.9605, VaLoss:  0.16050
380,  0 | TrAcc: 0.9898, TrLoss:  0.05720, VaAcc: 0.9589, VaLoss:  0.16106
381,  0 | TrAcc: 0.9901, TrLoss:  0.05781, VaAcc: 0.9589, VaLoss:  0.16208
382,  0 | TrAcc: 0.9887, TrLoss:  0.05938, VaAcc: 0.9613, VaLoss:  0.16348
383,  0 | TrAcc: 0.9893, TrLoss:  0.05803, VaAcc: 0.9629, VaLoss:  0.16297
384,  0 | TrAcc: 0.9880, TrLoss:  0.06297, VaAcc: 0.9613, VaLoss:  0.15728
385,  0 | TrAcc: 0.9885, TrLoss:  0.05976, VaAcc: 0.9637, VaLoss:  0.15830
386,  0 | TrAcc: 0.9896, TrLoss:  0.05874, VaAcc: 0.9645, VaLoss:  0.15809
387,  0 | TrAcc: 0.9879, TrLoss:  0.05694, VaAcc: 0.9629, VaLoss:  0.15679
388,  0 | TrAcc: 0.9891, TrLoss:  0.05624, VaAcc: 0.9613, VaLoss:  0.15937
389,  0 | TrAcc: 0.9874, TrLoss:  0.06038, VaAcc: 0.9605, VaLoss:  0.16060
390,  0 | TrAcc: 0.9903, TrLoss:  0.05642, VaAcc: 0.9597, VaLoss:  0.15758
391,  0 | TrAcc: 0.9883, TrLoss:  0.05828, VaAcc: 0.9613, VaLoss:  0.16168
392,  0 | TrAcc: 0.9895, TrLoss:  0.05809, VaAcc: 0.9652, VaLoss:  0.15919
393,  0 | TrAcc: 0.9890, TrLoss:  0.05780, VaAcc: 0.9637, VaLoss:  0.15124
394,  0 | TrAcc: 0.9887, TrLoss:  0.06096, VaAcc: 0.9645, VaLoss:  0.15521
395,  0 | TrAcc: 0.9891, TrLoss:  0.05750, VaAcc: 0.9629, VaLoss:  0.15817
396,  0 | TrAcc: 0.9906, TrLoss:  0.05648, VaAcc: 0.9637, VaLoss:  0.16140
397,  0 | TrAcc: 0.9898, TrLoss:  0.05711, VaAcc: 0.9629, VaLoss:  0.16005
398,  0 | TrAcc: 0.9911, TrLoss:  0.05531, VaAcc: 0.9637, VaLoss:  0.15568
399,  0 | TrAcc: 0.9907, TrLoss:  0.05483, VaAcc: 0.9645, VaLoss:  0.15628
400,  0 | TrAcc: 0.9893, TrLoss:  0.05709, VaAcc: 0.9637, VaLoss:  0.15647
401,  0 | TrAcc: 0.9909, TrLoss:  0.05491, VaAcc: 0.9621, VaLoss:  0.16176
402,  0 | TrAcc: 0.9901, TrLoss:  0.05568, VaAcc: 0.9621, VaLoss:  0.16781
403,  0 | TrAcc: 0.9901, TrLoss:  0.05554, VaAcc: 0.9629, VaLoss:  0.16326
404,  0 | TrAcc: 0.9891, TrLoss:  0.05707, VaAcc: 0.9605, VaLoss:  0.16608
405,  0 | TrAcc: 0.9899, TrLoss:  0.05669, VaAcc: 0.9597, VaLoss:  0.17206
406,  0 | TrAcc: 0.9909, TrLoss:  0.05810, VaAcc: 0.9589, VaLoss:  0.16966
407,  0 | TrAcc: 0.9895, TrLoss:  0.05760, VaAcc: 0.9613, VaLoss:  0.16450
408,  0 | TrAcc: 0.9887, TrLoss:  0.05838, VaAcc: 0.9613, VaLoss:  0.16549
409,  0 | TrAcc: 0.9911, TrLoss:  0.05354, VaAcc: 0.9613, VaLoss:  0.16558
410,  0 | TrAcc: 0.9898, TrLoss:  0.05516, VaAcc: 0.9613, VaLoss:  0.16685
411,  0 | TrAcc: 0.9899, TrLoss:  0.05559, VaAcc: 0.9581, VaLoss:  0.16649
412,  0 | TrAcc: 0.9911, TrLoss:  0.05530, VaAcc: 0.9629, VaLoss:  0.16197
413,  0 | TrAcc: 0.9895, TrLoss:  0.05492, VaAcc: 0.9637, VaLoss:  0.15838
414,  0 | TrAcc: 0.9909, TrLoss:  0.05268, VaAcc: 0.9645, VaLoss:  0.15499
415,  0 | TrAcc: 0.9896, TrLoss:  0.05469, VaAcc: 0.9637, VaLoss:  0.15396
416,  0 | TrAcc: 0.9898, TrLoss:  0.05509, VaAcc: 0.9652, VaLoss:  0.15227
417,  0 | TrAcc: 0.9885, TrLoss:  0.05720, VaAcc: 0.9660, VaLoss:  0.15220
418,  0 | TrAcc: 0.9903, TrLoss:  0.05488, VaAcc: 0.9652, VaLoss:  0.15710
419,  0 | TrAcc: 0.9919, TrLoss:  0.05375, VaAcc: 0.9645, VaLoss:  0.16162
420,  0 | TrAcc: 0.9907, TrLoss:  0.05396, VaAcc: 0.9621, VaLoss:  0.16425
421,  0 | TrAcc: 0.9907, TrLoss:  0.05349, VaAcc: 0.9621, VaLoss:  0.16530
422,  0 | TrAcc: 0.9915, TrLoss:  0.05455, VaAcc: 0.9605, VaLoss:  0.16986
423,  0 | TrAcc: 0.9907, TrLoss:  0.05290, VaAcc: 0.9597, VaLoss:  0.17245
424,  0 | TrAcc: 0.9911, TrLoss:  0.05247, VaAcc: 0.9613, VaLoss:  0.17091
425,  0 | TrAcc: 0.9920, TrLoss:  0.05238, VaAcc: 0.9581, VaLoss:  0.16561
426,  0 | TrAcc: 0.9917, TrLoss:  0.05241, VaAcc: 0.9621, VaLoss:  0.16490
427,  0 | TrAcc: 0.9907, TrLoss:  0.05513, VaAcc: 0.9613, VaLoss:  0.16473
428,  0 | TrAcc: 0.9909, TrLoss:  0.05331, VaAcc: 0.9637, VaLoss:  0.16664
429,  0 | TrAcc: 0.9906, TrLoss:  0.05622, VaAcc: 0.9637, VaLoss:  0.16667
430,  0 | TrAcc: 0.9899, TrLoss:  0.05398, VaAcc: 0.9660, VaLoss:  0.15992
431,  0 | TrAcc: 0.9904, TrLoss:  0.05738, VaAcc: 0.9621, VaLoss:  0.15701
432,  0 | TrAcc: 0.9901, TrLoss:  0.05388, VaAcc: 0.9621, VaLoss:  0.15486
433,  0 | TrAcc: 0.9922, TrLoss:  0.05199, VaAcc: 0.9613, VaLoss:  0.16139
434,  0 | TrAcc: 0.9915, TrLoss:  0.05345, VaAcc: 0.9613, VaLoss:  0.16684
435,  0 | TrAcc: 0.9901, TrLoss:  0.05250, VaAcc: 0.9613, VaLoss:  0.16504
436,  0 | TrAcc: 0.9904, TrLoss:  0.05476, VaAcc: 0.9613, VaLoss:  0.16436
437,  0 | TrAcc: 0.9904, TrLoss:  0.05174, VaAcc: 0.9613, VaLoss:  0.16131
438,  0 | TrAcc: 0.9912, TrLoss:  0.05510, VaAcc: 0.9605, VaLoss:  0.16351
439,  0 | TrAcc: 0.9911, TrLoss:  0.05480, VaAcc: 0.9589, VaLoss:  0.17013
440,  0 | TrAcc: 0.9904, TrLoss:  0.05410, VaAcc: 0.9613, VaLoss:  0.16225
441,  0 | TrAcc: 0.9907, TrLoss:  0.05356, VaAcc: 0.9645, VaLoss:  0.16287
442,  0 | TrAcc: 0.9911, TrLoss:  0.05516, VaAcc: 0.9629, VaLoss:  0.15797
443,  0 | TrAcc: 0.9896, TrLoss:  0.05805, VaAcc: 0.9629, VaLoss:  0.16123
444,  0 | TrAcc: 0.9899, TrLoss:  0.05488, VaAcc: 0.9621, VaLoss:  0.16082
445,  0 | TrAcc: 0.9919, TrLoss:  0.05194, VaAcc: 0.9629, VaLoss:  0.15424
446,  0 | TrAcc: 0.9907, TrLoss:  0.05276, VaAcc: 0.9637, VaLoss:  0.15690
447,  0 | TrAcc: 0.9906, TrLoss:  0.05194, VaAcc: 0.9660, VaLoss:  0.15629
448,  0 | TrAcc: 0.9904, TrLoss:  0.05340, VaAcc: 0.9637, VaLoss:  0.15680
449,  0 | TrAcc: 0.9898, TrLoss:  0.05583, VaAcc: 0.9589, VaLoss:  0.16684
450,  0 | TrAcc: 0.9919, TrLoss:  0.05065, VaAcc: 0.9652, VaLoss:  0.16254
451,  0 | TrAcc: 0.9915, TrLoss:  0.05229, VaAcc: 0.9660, VaLoss:  0.15397
452,  0 | TrAcc: 0.9895, TrLoss:  0.05567, VaAcc: 0.9652, VaLoss:  0.15079
453,  0 | TrAcc: 0.9915, TrLoss:  0.05119, VaAcc: 0.9645, VaLoss:  0.15533
454,  0 | TrAcc: 0.9912, TrLoss:  0.05199, VaAcc: 0.9613, VaLoss:  0.16054
455,  0 | TrAcc: 0.9925, TrLoss:  0.05129, VaAcc: 0.9605, VaLoss:  0.16363
456,  0 | TrAcc: 0.9925, TrLoss:  0.05159, VaAcc: 0.9613, VaLoss:  0.16437
457,  0 | TrAcc: 0.9923, TrLoss:  0.04979, VaAcc: 0.9645, VaLoss:  0.16431
458,  0 | TrAcc: 0.9899, TrLoss:  0.05468, VaAcc: 0.9652, VaLoss:  0.16670
459,  0 | TrAcc: 0.9917, TrLoss:  0.05242, VaAcc: 0.9629, VaLoss:  0.16694
460,  0 | TrAcc: 0.9914, TrLoss:  0.05404, VaAcc: 0.9589, VaLoss:  0.17132
461,  0 | TrAcc: 0.9898, TrLoss:  0.05575, VaAcc: 0.9550, VaLoss:  0.17814
462,  0 | TrAcc: 0.9920, TrLoss:  0.04946, VaAcc: 0.9613, VaLoss:  0.16367
463,  0 | TrAcc: 0.9914, TrLoss:  0.05296, VaAcc: 0.9637, VaLoss:  0.15908
464,  0 | TrAcc: 0.9901, TrLoss:  0.05548, VaAcc: 0.9652, VaLoss:  0.15913
465,  0 | TrAcc: 0.9914, TrLoss:  0.05104, VaAcc: 0.9645, VaLoss:  0.16327
466,  0 | TrAcc: 0.9914, TrLoss:  0.05160, VaAcc: 0.9597, VaLoss:  0.17117
467,  0 | TrAcc: 0.9925, TrLoss:  0.05087, VaAcc: 0.9621, VaLoss:  0.17053
468,  0 | TrAcc: 0.9941, TrLoss:  0.04853, VaAcc: 0.9652, VaLoss:  0.16533
469,  0 | TrAcc: 0.9917, TrLoss:  0.05224, VaAcc: 0.9645, VaLoss:  0.16477
470,  0 | TrAcc: 0.9911, TrLoss:  0.05072, VaAcc: 0.9629, VaLoss:  0.16850
471,  0 | TrAcc: 0.9923, TrLoss:  0.04841, VaAcc: 0.9589, VaLoss:  0.17144
472,  0 | TrAcc: 0.9912, TrLoss:  0.05238, VaAcc: 0.9581, VaLoss:  0.16967
473,  0 | TrAcc: 0.9919, TrLoss:  0.05095, VaAcc: 0.9597, VaLoss:  0.16809
474,  0 | TrAcc: 0.9912, TrLoss:  0.04969, VaAcc: 0.9605, VaLoss:  0.16117
475,  0 | TrAcc: 0.9917, TrLoss:  0.04947, VaAcc: 0.9621, VaLoss:  0.15978
476,  0 | TrAcc: 0.9928, TrLoss:  0.05054, VaAcc: 0.9637, VaLoss:  0.16044
477,  0 | TrAcc: 0.9928, TrLoss:  0.04882, VaAcc: 0.9629, VaLoss:  0.15448
478,  0 | TrAcc: 0.9919, TrLoss:  0.04858, VaAcc: 0.9652, VaLoss:  0.15766
479,  0 | TrAcc: 0.9935, TrLoss:  0.04816, VaAcc: 0.9621, VaLoss:  0.15936
480,  0 | TrAcc: 0.9925, TrLoss:  0.04973, VaAcc: 0.9613, VaLoss:  0.15901
481,  0 | TrAcc: 0.9928, TrLoss:  0.04887, VaAcc: 0.9637, VaLoss:  0.15786
482,  0 | TrAcc: 0.9922, TrLoss:  0.04828, VaAcc: 0.9621, VaLoss:  0.15526
483,  0 | TrAcc: 0.9936, TrLoss:  0.04587, VaAcc: 0.9645, VaLoss:  0.15423
484,  0 | TrAcc: 0.9904, TrLoss:  0.05179, VaAcc: 0.9613, VaLoss:  0.16101
485,  0 | TrAcc: 0.9927, TrLoss:  0.04990, VaAcc: 0.9613, VaLoss:  0.16448
486,  0 | TrAcc: 0.9939, TrLoss:  0.04752, VaAcc: 0.9597, VaLoss:  0.16542
487,  0 | TrAcc: 0.9923, TrLoss:  0.04989, VaAcc: 0.9613, VaLoss:  0.16597
488,  0 | TrAcc: 0.9923, TrLoss:  0.04984, VaAcc: 0.9637, VaLoss:  0.16273
489,  0 | TrAcc: 0.9920, TrLoss:  0.05016, VaAcc: 0.9605, VaLoss:  0.16271
490,  0 | TrAcc: 0.9920, TrLoss:  0.04946, VaAcc: 0.9573, VaLoss:  0.16515
491,  0 | TrAcc: 0.9915, TrLoss:  0.04816, VaAcc: 0.9589, VaLoss:  0.16524
492,  0 | TrAcc: 0.9920, TrLoss:  0.05101, VaAcc: 0.9589, VaLoss:  0.16524
493,  0 | TrAcc: 0.9922, TrLoss:  0.04902, VaAcc: 0.9566, VaLoss:  0.16456
494,  0 | TrAcc: 0.9925, TrLoss:  0.04708, VaAcc: 0.9573, VaLoss:  0.16300
495,  0 | TrAcc: 0.9943, TrLoss:  0.04713, VaAcc: 0.9573, VaLoss:  0.16659
496,  0 | TrAcc: 0.9922, TrLoss:  0.04926, VaAcc: 0.9613, VaLoss:  0.16440
497,  0 | TrAcc: 0.9919, TrLoss:  0.04842, VaAcc: 0.9605, VaLoss:  0.16083
498,  0 | TrAcc: 0.9936, TrLoss:  0.04713, VaAcc: 0.9645, VaLoss:  0.15778
499,  0 | TrAcc: 0.9917, TrLoss:  0.04795, VaAcc: 0.9645, VaLoss:  0.15753
----------------------------
Final Tr Acc   :   0.99170 +-     nan
Final Va Acc   :   0.96445 +-     nan
Final Tr Loss  :   0.04795 +-     nan
Final Va Loss  :   0.15753 +-     nan

TrAcc
Run:  0 | 99.43% in epoch  495

VaAcc
Run:  0 | 96.68% in epoch  358
(1, 500)
