{'mode': {'min_error': 0, 'max_epochs': 500, 'name': 'classic'}, 'task_id': 7, 'learning_rate': 0.01}
{'va': {'mini_batch_mode': False, 'zero_padding': 0, 'in_seq_len': 25, 'out_seq_len': 1, 'batch_size': 5000, 'extract_seqs': False}, 'tr': {'mini_batch_mode': False, 'zero_padding': 0, 'in_seq_len': 25, 'out_seq_len': 1, 'batch_size': 5000, 'extract_seqs': False}, 'dataset': 'penstroke'}
{'layer_configs': [{'layer_type': 'input'}, {'layer_type': 'lstm', 'var_scope': 'lstm_0', 'is_recurrent': True, 'is_output': False, 'init_config': {'o': {'w': 'xavier', 'b': 'all_zero'}, 'i': {'w': 'xavier', 'b': 'all_zero'}, 'f': {'w': 'all_zero', 'b': 'all_one'}, 'c': {'w': 'xavier', 'b': 'all_zero'}}, 'regularization': {'mode': 'zoneout', 'state_zo_prob': 0.45, 'output_zo_prob': 0.15}}, {'layer_type': 'lstm', 'var_scope': 'lstm_1', 'is_recurrent': True, 'is_output': False, 'init_config': {'o': {'w': 'xavier', 'b': 'all_zero'}, 'i': {'w': 'xavier', 'b': 'all_zero'}, 'f': {'w': 'all_zero', 'b': 'all_one'}, 'c': {'w': 'xavier', 'b': 'all_zero'}}, 'regularization': {'mode': 'zoneout', 'state_zo_prob': 0.45, 'output_zo_prob': 0.15}}, {'layer_type': 'fc', 'var_scope': 'output_layer', 'is_recurrent': False, 'is_output': True, 'init_config': {'w': 'xavier', 'b': 'all_zero'}, 'regularization': {'mode': 'l2', 'strength': 0.003}}], 'output_type': 'classification', 'gradient_clip_value': 0.5, 'layout': [4, 60, 60, 10]}
{'include_out': False, 'calc_performance_every': 1, 'include_pred': False}

=============================
CONFIG FILE

RNN CONFIG
{'gradient_clip_value': 0.5,
 'layer_configs': [{'layer_type': 'input'},
                   {'init_config': {'c': {'b': 'all_zero', 'w': 'xavier'},
                                    'f': {'b': 'all_one', 'w': 'all_zero'},
                                    'i': {'b': 'all_zero', 'w': 'xavier'},
                                    'o': {'b': 'all_zero', 'w': 'xavier'}},
                    'is_output': False,
                    'is_recurrent': True,
                    'layer_type': 'lstm',
                    'regularization': {'mode': 'zoneout',
                                       'output_zo_prob': 0.15,
                                       'state_zo_prob': 0.45},
                    'var_scope': 'lstm_0'},
                   {'init_config': {'c': {'b': 'all_zero', 'w': 'xavier'},
                                    'f': {'b': 'all_one', 'w': 'all_zero'},
                                    'i': {'b': 'all_zero', 'w': 'xavier'},
                                    'o': {'b': 'all_zero', 'w': 'xavier'}},
                    'is_output': False,
                    'is_recurrent': True,
                    'layer_type': 'lstm',
                    'regularization': {'mode': 'zoneout',
                                       'output_zo_prob': 0.15,
                                       'state_zo_prob': 0.45},
                    'var_scope': 'lstm_1'},
                   {'init_config': {'b': 'all_zero', 'w': 'xavier'},
                    'is_output': True,
                    'is_recurrent': False,
                    'layer_type': 'fc',
                    'regularization': {'mode': 'l2', 'strength': 0.003},
                    'var_scope': 'output_layer'}],
 'layout': [4, 60, 60, 10],
 'output_type': 'classification'}

DATA CONFIG
{'dataset': 'penstroke',
 'tr': {'batch_size': 5000,
        'extract_seqs': False,
        'in_seq_len': 25,
        'mini_batch_mode': False,
        'out_seq_len': 1,
        'zero_padding': 0},
 'va': {'batch_size': 5000,
        'extract_seqs': False,
        'in_seq_len': 25,
        'mini_batch_mode': False,
        'out_seq_len': 1,
        'zero_padding': 0}}

TRAINING CONFIG
{'learning_rate': 0.01,
 'mode': {'max_epochs': 500, 'min_error': 0, 'name': 'classic'},
 'task_id': 7}
==============================


  0,  0 | TrAcc: 0.0972, TrLoss:  2.32434, VaAcc: 0.0047, VaLoss:  2.34605
  1,  0 | TrAcc: 0.8509, TrLoss:  1.65391, VaAcc: 0.8373, VaLoss:  1.36313
  2,  0 | TrAcc: 0.8509, TrLoss:  0.82275, VaAcc: 0.8365, VaLoss:  0.71157
  3,  0 | TrAcc: 0.8511, TrLoss:  0.66955, VaAcc: 0.8381, VaLoss:  0.79112
  4,  0 | TrAcc: 0.8538, TrLoss:  0.72269, VaAcc: 0.8468, VaLoss:  0.82572
  5,  0 | TrAcc: 0.8576, TrLoss:  0.69507, VaAcc: 0.8452, VaLoss:  0.77980
  6,  0 | TrAcc: 0.8597, TrLoss:  0.65026, VaAcc: 0.8436, VaLoss:  0.72647
  7,  0 | TrAcc: 0.8622, TrLoss:  0.63606, VaAcc: 0.8428, VaLoss:  0.70207
  8,  0 | TrAcc: 0.8648, TrLoss:  0.63649, VaAcc: 0.8468, VaLoss:  0.70110
  9,  0 | TrAcc: 0.8656, TrLoss:  0.61432, VaAcc: 0.8507, VaLoss:  0.68149
 10,  0 | TrAcc: 0.8707, TrLoss:  0.58109, VaAcc: 0.8491, VaLoss:  0.65542
 11,  0 | TrAcc: 0.8721, TrLoss:  0.55948, VaAcc: 0.8515, VaLoss:  0.63062
 12,  0 | TrAcc: 0.8799, TrLoss:  0.54199, VaAcc: 0.8673, VaLoss:  0.60534
 13,  0 | TrAcc: 0.8953, TrLoss:  0.51798, VaAcc: 0.8839, VaLoss:  0.56817
 14,  0 | TrAcc: 0.9025, TrLoss:  0.48628, VaAcc: 0.8839, VaLoss:  0.51982
 15,  0 | TrAcc: 0.9111, TrLoss:  0.44631, VaAcc: 0.8894, VaLoss:  0.47776
 16,  0 | TrAcc: 0.9179, TrLoss:  0.41138, VaAcc: 0.8981, VaLoss:  0.45163
 17,  0 | TrAcc: 0.9239, TrLoss:  0.39373, VaAcc: 0.9131, VaLoss:  0.44199
 18,  0 | TrAcc: 0.9286, TrLoss:  0.39294, VaAcc: 0.9076, VaLoss:  0.44779
 19,  0 | TrAcc: 0.9269, TrLoss:  0.37286, VaAcc: 0.9076, VaLoss:  0.43987
 20,  0 | TrAcc: 0.9275, TrLoss:  0.36659, VaAcc: 0.9107, VaLoss:  0.43774
 21,  0 | TrAcc: 0.9280, TrLoss:  0.36460, VaAcc: 0.9115, VaLoss:  0.44092
 22,  0 | TrAcc: 0.9286, TrLoss:  0.36475, VaAcc: 0.9131, VaLoss:  0.44013
 23,  0 | TrAcc: 0.9283, TrLoss:  0.36490, VaAcc: 0.9139, VaLoss:  0.44425
 24,  0 | TrAcc: 0.9293, TrLoss:  0.36397, VaAcc: 0.9139, VaLoss:  0.44800
 25,  0 | TrAcc: 0.9296, TrLoss:  0.36173, VaAcc: 0.9139, VaLoss:  0.44424
 26,  0 | TrAcc: 0.9290, TrLoss:  0.35752, VaAcc: 0.9139, VaLoss:  0.44129
 27,  0 | TrAcc: 0.9290, TrLoss:  0.35390, VaAcc: 0.9139, VaLoss:  0.43848
 28,  0 | TrAcc: 0.9286, TrLoss:  0.35291, VaAcc: 0.9139, VaLoss:  0.43141
 29,  0 | TrAcc: 0.9278, TrLoss:  0.35016, VaAcc: 0.9139, VaLoss:  0.42753
 30,  0 | TrAcc: 0.9280, TrLoss:  0.34954, VaAcc: 0.9115, VaLoss:  0.42355
 31,  0 | TrAcc: 0.9274, TrLoss:  0.34678, VaAcc: 0.9115, VaLoss:  0.41942
 32,  0 | TrAcc: 0.9270, TrLoss:  0.34570, VaAcc: 0.9115, VaLoss:  0.41749
 33,  0 | TrAcc: 0.9269, TrLoss:  0.34290, VaAcc: 0.9123, VaLoss:  0.41582
 34,  0 | TrAcc: 0.9266, TrLoss:  0.34270, VaAcc: 0.9131, VaLoss:  0.41103
 35,  0 | TrAcc: 0.9277, TrLoss:  0.34050, VaAcc: 0.9147, VaLoss:  0.41012
 36,  0 | TrAcc: 0.9283, TrLoss:  0.33993, VaAcc: 0.9147, VaLoss:  0.41192
 37,  0 | TrAcc: 0.9282, TrLoss:  0.33555, VaAcc: 0.9155, VaLoss:  0.41220
 38,  0 | TrAcc: 0.9278, TrLoss:  0.33263, VaAcc: 0.9163, VaLoss:  0.40778
 39,  0 | TrAcc: 0.9294, TrLoss:  0.33414, VaAcc: 0.9155, VaLoss:  0.40062
 40,  0 | TrAcc: 0.9298, TrLoss:  0.32976, VaAcc: 0.9155, VaLoss:  0.39550
 41,  0 | TrAcc: 0.9291, TrLoss:  0.32751, VaAcc: 0.9155, VaLoss:  0.39245
 42,  0 | TrAcc: 0.9294, TrLoss:  0.32715, VaAcc: 0.9155, VaLoss:  0.39339
 43,  0 | TrAcc: 0.9309, TrLoss:  0.32321, VaAcc: 0.9155, VaLoss:  0.39079
 44,  0 | TrAcc: 0.9298, TrLoss:  0.32131, VaAcc: 0.9147, VaLoss:  0.38493
 45,  0 | TrAcc: 0.9299, TrLoss:  0.31807, VaAcc: 0.9147, VaLoss:  0.37940
 46,  0 | TrAcc: 0.9301, TrLoss:  0.31546, VaAcc: 0.9147, VaLoss:  0.37773
 47,  0 | TrAcc: 0.9309, TrLoss:  0.31151, VaAcc: 0.9147, VaLoss:  0.37935
 48,  0 | TrAcc: 0.9320, TrLoss:  0.30959, VaAcc: 0.9115, VaLoss:  0.38865
 49,  0 | TrAcc: 0.9312, TrLoss:  0.30355, VaAcc: 0.9139, VaLoss:  0.37891
 50,  0 | TrAcc: 0.9323, TrLoss:  0.30078, VaAcc: 0.9163, VaLoss:  0.37473
 51,  0 | TrAcc: 0.9322, TrLoss:  0.29709, VaAcc: 0.9147, VaLoss:  0.35630
 52,  0 | TrAcc: 0.9334, TrLoss:  0.29388, VaAcc: 0.9147, VaLoss:  0.35379
 53,  0 | TrAcc: 0.9331, TrLoss:  0.28908, VaAcc: 0.9163, VaLoss:  0.37110
 54,  0 | TrAcc: 0.9334, TrLoss:  0.28764, VaAcc: 0.9163, VaLoss:  0.33188
 55,  0 | TrAcc: 0.9336, TrLoss:  0.28027, VaAcc: 0.9155, VaLoss:  0.36155
 56,  0 | TrAcc: 0.9334, TrLoss:  0.27777, VaAcc: 0.9107, VaLoss:  0.36580
 57,  0 | TrAcc: 0.9330, TrLoss:  0.27418, VaAcc: 0.9139, VaLoss:  0.32714
 58,  0 | TrAcc: 0.9330, TrLoss:  0.26945, VaAcc: 0.9155, VaLoss:  0.36022
 59,  0 | TrAcc: 0.9328, TrLoss:  0.26713, VaAcc: 0.9131, VaLoss:  0.32267
 60,  0 | TrAcc: 0.9361, TrLoss:  0.25665, VaAcc: 0.9147, VaLoss:  0.33210
 61,  0 | TrAcc: 0.9341, TrLoss:  0.25747, VaAcc: 0.9147, VaLoss:  0.37071
 62,  0 | TrAcc: 0.9350, TrLoss:  0.25910, VaAcc: 0.9131, VaLoss:  0.29629
 63,  0 | TrAcc: 0.9357, TrLoss:  0.25279, VaAcc: 0.9147, VaLoss:  0.41551
 64,  0 | TrAcc: 0.9368, TrLoss:  0.24303, VaAcc: 0.9131, VaLoss:  0.33315
 65,  0 | TrAcc: 0.9353, TrLoss:  0.24535, VaAcc: 0.9131, VaLoss:  0.28842
 66,  0 | TrAcc: 0.9357, TrLoss:  0.23554, VaAcc: 0.9147, VaLoss:  0.34296
 67,  0 | TrAcc: 0.9371, TrLoss:  0.23390, VaAcc: 0.9163, VaLoss:  0.34977
 68,  0 | TrAcc: 0.9368, TrLoss:  0.23024, VaAcc: 0.9155, VaLoss:  0.27341
 69,  0 | TrAcc: 0.9416, TrLoss:  0.22422, VaAcc: 0.9281, VaLoss:  0.30204
 70,  0 | TrAcc: 0.9446, TrLoss:  0.23396, VaAcc: 0.8918, VaLoss:  0.51707
 71,  0 | TrAcc: 0.9419, TrLoss:  0.22475, VaAcc: 0.9258, VaLoss:  0.26984
 72,  0 | TrAcc: 0.9424, TrLoss:  0.22510, VaAcc: 0.9258, VaLoss:  0.27111
 73,  0 | TrAcc: 0.9459, TrLoss:  0.21862, VaAcc: 0.8831, VaLoss:  0.37803
 74,  0 | TrAcc: 0.9457, TrLoss:  0.22125, VaAcc: 0.5893, VaLoss:  0.74188
 75,  0 | TrAcc: 0.9476, TrLoss:  0.21806, VaAcc: 0.9281, VaLoss:  0.26224
 76,  0 | TrAcc: 0.9446, TrLoss:  0.22424, VaAcc: 0.9336, VaLoss:  0.25153
 77,  0 | TrAcc: 0.9456, TrLoss:  0.21838, VaAcc: 0.9321, VaLoss:  0.25593
 78,  0 | TrAcc: 0.9473, TrLoss:  0.21016, VaAcc: 0.9044, VaLoss:  0.34843
 79,  0 | TrAcc: 0.9452, TrLoss:  0.21827, VaAcc: 0.7852, VaLoss:  0.61071
 80,  0 | TrAcc: 0.9500, TrLoss:  0.20458, VaAcc: 0.9084, VaLoss:  0.31959
 81,  0 | TrAcc: 0.9500, TrLoss:  0.21017, VaAcc: 0.9360, VaLoss:  0.26041
 82,  0 | TrAcc: 0.9486, TrLoss:  0.21326, VaAcc: 0.9313, VaLoss:  0.27043
 83,  0 | TrAcc: 0.9497, TrLoss:  0.21030, VaAcc: 0.9186, VaLoss:  0.28792
 84,  0 | TrAcc: 0.9483, TrLoss:  0.20494, VaAcc: 0.8104, VaLoss:  0.49603
 85,  0 | TrAcc: 0.9454, TrLoss:  0.21593, VaAcc: 0.5853, VaLoss:  0.80581
 86,  0 | TrAcc: 0.9500, TrLoss:  0.20484, VaAcc: 0.7946, VaLoss:  0.53172
 87,  0 | TrAcc: 0.9504, TrLoss:  0.20549, VaAcc: 0.9028, VaLoss:  0.32299
 88,  0 | TrAcc: 0.9513, TrLoss:  0.20389, VaAcc: 0.9194, VaLoss:  0.28903
 89,  0 | TrAcc: 0.9505, TrLoss:  0.20561, VaAcc: 0.9171, VaLoss:  0.28974
 90,  0 | TrAcc: 0.9510, TrLoss:  0.19791, VaAcc: 0.8760, VaLoss:  0.35757
 91,  0 | TrAcc: 0.9504, TrLoss:  0.19436, VaAcc: 0.7362, VaLoss:  0.57197
 92,  0 | TrAcc: 0.9516, TrLoss:  0.19785, VaAcc: 0.6769, VaLoss:  0.67202
 93,  0 | TrAcc: 0.9524, TrLoss:  0.19105, VaAcc: 0.8096, VaLoss:  0.47398
 94,  0 | TrAcc: 0.9515, TrLoss:  0.19346, VaAcc: 0.9068, VaLoss:  0.30731
 95,  0 | TrAcc: 0.9545, TrLoss:  0.19171, VaAcc: 0.9360, VaLoss:  0.25523
 96,  0 | TrAcc: 0.9524, TrLoss:  0.19359, VaAcc: 0.9376, VaLoss:  0.24768
 97,  0 | TrAcc: 0.9543, TrLoss:  0.18896, VaAcc: 0.9313, VaLoss:  0.26141
 98,  0 | TrAcc: 0.9529, TrLoss:  0.18443, VaAcc: 0.8910, VaLoss:  0.34534
 99,  0 | TrAcc: 0.9516, TrLoss:  0.18687, VaAcc: 0.8894, VaLoss:  0.36209
100,  0 | TrAcc: 0.9542, TrLoss:  0.18324, VaAcc: 0.9289, VaLoss:  0.25799
101,  0 | TrAcc: 0.9535, TrLoss:  0.18686, VaAcc: 0.9400, VaLoss:  0.23452
102,  0 | TrAcc: 0.9551, TrLoss:  0.18464, VaAcc: 0.9415, VaLoss:  0.23516
103,  0 | TrAcc: 0.9531, TrLoss:  0.18296, VaAcc: 0.9297, VaLoss:  0.25334
104,  0 | TrAcc: 0.9535, TrLoss:  0.18387, VaAcc: 0.9115, VaLoss:  0.29486
105,  0 | TrAcc: 0.9529, TrLoss:  0.18371, VaAcc: 0.9179, VaLoss:  0.27868
106,  0 | TrAcc: 0.9545, TrLoss:  0.18236, VaAcc: 0.9352, VaLoss:  0.24026
107,  0 | TrAcc: 0.9553, TrLoss:  0.18535, VaAcc: 0.9376, VaLoss:  0.22308
108,  0 | TrAcc: 0.9548, TrLoss:  0.18007, VaAcc: 0.9344, VaLoss:  0.22911
109,  0 | TrAcc: 0.9558, TrLoss:  0.17508, VaAcc: 0.9376, VaLoss:  0.22798
110,  0 | TrAcc: 0.9555, TrLoss:  0.17709, VaAcc: 0.9336, VaLoss:  0.24093
111,  0 | TrAcc: 0.9548, TrLoss:  0.17827, VaAcc: 0.9289, VaLoss:  0.23865
112,  0 | TrAcc: 0.9559, TrLoss:  0.17780, VaAcc: 0.9376, VaLoss:  0.23463
113,  0 | TrAcc: 0.9561, TrLoss:  0.17555, VaAcc: 0.9360, VaLoss:  0.23680
114,  0 | TrAcc: 0.9542, TrLoss:  0.17204, VaAcc: 0.9384, VaLoss:  0.23941
115,  0 | TrAcc: 0.9539, TrLoss:  0.17675, VaAcc: 0.9408, VaLoss:  0.23603
116,  0 | TrAcc: 0.9559, TrLoss:  0.17380, VaAcc: 0.9368, VaLoss:  0.24037
117,  0 | TrAcc: 0.9553, TrLoss:  0.17216, VaAcc: 0.9321, VaLoss:  0.24930
118,  0 | TrAcc: 0.9545, TrLoss:  0.17032, VaAcc: 0.9265, VaLoss:  0.25853
119,  0 | TrAcc: 0.9571, TrLoss:  0.16836, VaAcc: 0.9281, VaLoss:  0.26342
120,  0 | TrAcc: 0.9571, TrLoss:  0.16572, VaAcc: 0.9384, VaLoss:  0.23430
121,  0 | TrAcc: 0.9569, TrLoss:  0.17138, VaAcc: 0.9447, VaLoss:  0.21352
122,  0 | TrAcc: 0.9579, TrLoss:  0.17055, VaAcc: 0.9439, VaLoss:  0.21684
123,  0 | TrAcc: 0.9566, TrLoss:  0.16755, VaAcc: 0.9423, VaLoss:  0.22152
124,  0 | TrAcc: 0.9590, TrLoss:  0.16250, VaAcc: 0.9423, VaLoss:  0.22276
125,  0 | TrAcc: 0.9563, TrLoss:  0.16859, VaAcc: 0.9423, VaLoss:  0.22346
126,  0 | TrAcc: 0.9566, TrLoss:  0.16522, VaAcc: 0.9352, VaLoss:  0.23562
127,  0 | TrAcc: 0.9579, TrLoss:  0.16055, VaAcc: 0.9226, VaLoss:  0.25328
128,  0 | TrAcc: 0.9574, TrLoss:  0.15957, VaAcc: 0.9344, VaLoss:  0.24235
129,  0 | TrAcc: 0.9596, TrLoss:  0.15887, VaAcc: 0.9439, VaLoss:  0.22823
130,  0 | TrAcc: 0.9571, TrLoss:  0.15966, VaAcc: 0.9431, VaLoss:  0.22259
131,  0 | TrAcc: 0.9591, TrLoss:  0.15532, VaAcc: 0.9415, VaLoss:  0.21766
132,  0 | TrAcc: 0.9588, TrLoss:  0.16181, VaAcc: 0.9423, VaLoss:  0.21415
133,  0 | TrAcc: 0.9579, TrLoss:  0.15619, VaAcc: 0.9471, VaLoss:  0.21389
134,  0 | TrAcc: 0.9590, TrLoss:  0.15668, VaAcc: 0.9392, VaLoss:  0.22385
135,  0 | TrAcc: 0.9583, TrLoss:  0.15450, VaAcc: 0.9408, VaLoss:  0.22460
136,  0 | TrAcc: 0.9585, TrLoss:  0.16118, VaAcc: 0.9321, VaLoss:  0.24064
137,  0 | TrAcc: 0.9602, TrLoss:  0.15699, VaAcc: 0.9329, VaLoss:  0.24175
138,  0 | TrAcc: 0.9601, TrLoss:  0.15559, VaAcc: 0.9344, VaLoss:  0.23940
139,  0 | TrAcc: 0.9612, TrLoss:  0.15574, VaAcc: 0.9384, VaLoss:  0.24305
140,  0 | TrAcc: 0.9591, TrLoss:  0.15083, VaAcc: 0.9336, VaLoss:  0.25381
141,  0 | TrAcc: 0.9583, TrLoss:  0.15507, VaAcc: 0.9384, VaLoss:  0.24117
142,  0 | TrAcc: 0.9601, TrLoss:  0.15411, VaAcc: 0.9344, VaLoss:  0.24121
143,  0 | TrAcc: 0.9604, TrLoss:  0.14990, VaAcc: 0.9329, VaLoss:  0.24753
144,  0 | TrAcc: 0.9601, TrLoss:  0.14844, VaAcc: 0.9447, VaLoss:  0.22489
145,  0 | TrAcc: 0.9609, TrLoss:  0.15109, VaAcc: 0.9400, VaLoss:  0.21769
146,  0 | TrAcc: 0.9602, TrLoss:  0.15068, VaAcc: 0.9423, VaLoss:  0.21506
147,  0 | TrAcc: 0.9599, TrLoss:  0.14937, VaAcc: 0.9423, VaLoss:  0.21547
148,  0 | TrAcc: 0.9593, TrLoss:  0.14919, VaAcc: 0.9439, VaLoss:  0.21266
149,  0 | TrAcc: 0.9623, TrLoss:  0.14272, VaAcc: 0.9400, VaLoss:  0.22090
150,  0 | TrAcc: 0.9602, TrLoss:  0.14640, VaAcc: 0.9344, VaLoss:  0.22897
151,  0 | TrAcc: 0.9626, TrLoss:  0.14395, VaAcc: 0.9408, VaLoss:  0.21928
152,  0 | TrAcc: 0.9602, TrLoss:  0.14507, VaAcc: 0.9447, VaLoss:  0.20947
153,  0 | TrAcc: 0.9604, TrLoss:  0.14612, VaAcc: 0.9447, VaLoss:  0.21040
154,  0 | TrAcc: 0.9609, TrLoss:  0.14347, VaAcc: 0.9415, VaLoss:  0.21457
155,  0 | TrAcc: 0.9609, TrLoss:  0.14362, VaAcc: 0.9392, VaLoss:  0.22133
156,  0 | TrAcc: 0.9620, TrLoss:  0.14002, VaAcc: 0.9400, VaLoss:  0.21881
157,  0 | TrAcc: 0.9626, TrLoss:  0.13951, VaAcc: 0.9431, VaLoss:  0.21392
158,  0 | TrAcc: 0.9620, TrLoss:  0.14402, VaAcc: 0.9447, VaLoss:  0.21198
159,  0 | TrAcc: 0.9646, TrLoss:  0.13601, VaAcc: 0.9423, VaLoss:  0.22232
160,  0 | TrAcc: 0.9631, TrLoss:  0.13596, VaAcc: 0.9384, VaLoss:  0.23047
161,  0 | TrAcc: 0.9639, TrLoss:  0.13820, VaAcc: 0.9344, VaLoss:  0.22414
162,  0 | TrAcc: 0.9631, TrLoss:  0.14050, VaAcc: 0.9439, VaLoss:  0.21535
163,  0 | TrAcc: 0.9630, TrLoss:  0.14062, VaAcc: 0.9455, VaLoss:  0.21308
164,  0 | TrAcc: 0.9644, TrLoss:  0.13403, VaAcc: 0.9463, VaLoss:  0.22844
165,  0 | TrAcc: 0.9638, TrLoss:  0.13580, VaAcc: 0.9423, VaLoss:  0.22719
166,  0 | TrAcc: 0.9647, TrLoss:  0.13381, VaAcc: 0.9415, VaLoss:  0.22272
167,  0 | TrAcc: 0.9654, TrLoss:  0.13497, VaAcc: 0.9431, VaLoss:  0.21759
168,  0 | TrAcc: 0.9662, TrLoss:  0.13571, VaAcc: 0.9431, VaLoss:  0.22031
169,  0 | TrAcc: 0.9665, TrLoss:  0.13532, VaAcc: 0.9408, VaLoss:  0.22830
170,  0 | TrAcc: 0.9654, TrLoss:  0.13571, VaAcc: 0.9392, VaLoss:  0.23199
171,  0 | TrAcc: 0.9663, TrLoss:  0.13298, VaAcc: 0.9408, VaLoss:  0.23581
172,  0 | TrAcc: 0.9639, TrLoss:  0.13650, VaAcc: 0.9463, VaLoss:  0.21625
173,  0 | TrAcc: 0.9666, TrLoss:  0.13405, VaAcc: 0.9463, VaLoss:  0.21287
174,  0 | TrAcc: 0.9679, TrLoss:  0.13034, VaAcc: 0.9463, VaLoss:  0.21761
175,  0 | TrAcc: 0.9684, TrLoss:  0.13070, VaAcc: 0.9447, VaLoss:  0.22660
176,  0 | TrAcc: 0.9681, TrLoss:  0.13114, VaAcc: 0.9455, VaLoss:  0.22408
177,  0 | TrAcc: 0.9671, TrLoss:  0.13185, VaAcc: 0.9455, VaLoss:  0.21525
178,  0 | TrAcc: 0.9666, TrLoss:  0.13369, VaAcc: 0.9463, VaLoss:  0.21147
179,  0 | TrAcc: 0.9689, TrLoss:  0.12750, VaAcc: 0.9487, VaLoss:  0.20911
180,  0 | TrAcc: 0.9711, TrLoss:  0.12412, VaAcc: 0.9479, VaLoss:  0.20820
181,  0 | TrAcc: 0.9687, TrLoss:  0.12652, VaAcc: 0.9431, VaLoss:  0.22060
182,  0 | TrAcc: 0.9701, TrLoss:  0.13016, VaAcc: 0.9376, VaLoss:  0.23211
183,  0 | TrAcc: 0.9700, TrLoss:  0.12723, VaAcc: 0.9408, VaLoss:  0.22045
184,  0 | TrAcc: 0.9700, TrLoss:  0.12335, VaAcc: 0.9463, VaLoss:  0.20917
185,  0 | TrAcc: 0.9687, TrLoss:  0.12627, VaAcc: 0.9447, VaLoss:  0.21534
186,  0 | TrAcc: 0.9697, TrLoss:  0.12592, VaAcc: 0.9455, VaLoss:  0.21594
187,  0 | TrAcc: 0.9705, TrLoss:  0.12176, VaAcc: 0.9455, VaLoss:  0.21654
188,  0 | TrAcc: 0.9725, TrLoss:  0.12518, VaAcc: 0.9447, VaLoss:  0.22572
189,  0 | TrAcc: 0.9708, TrLoss:  0.12330, VaAcc: 0.9502, VaLoss:  0.21807
190,  0 | TrAcc: 0.9714, TrLoss:  0.12177, VaAcc: 0.9479, VaLoss:  0.21351
191,  0 | TrAcc: 0.9737, TrLoss:  0.11839, VaAcc: 0.9463, VaLoss:  0.21830
192,  0 | TrAcc: 0.9729, TrLoss:  0.11913, VaAcc: 0.9392, VaLoss:  0.24677
193,  0 | TrAcc: 0.9727, TrLoss:  0.11854, VaAcc: 0.9487, VaLoss:  0.21842
194,  0 | TrAcc: 0.9709, TrLoss:  0.12210, VaAcc: 0.9494, VaLoss:  0.20475
195,  0 | TrAcc: 0.9700, TrLoss:  0.12399, VaAcc: 0.9479, VaLoss:  0.20965
196,  0 | TrAcc: 0.9719, TrLoss:  0.12110, VaAcc: 0.9471, VaLoss:  0.21137
197,  0 | TrAcc: 0.9719, TrLoss:  0.12338, VaAcc: 0.9423, VaLoss:  0.23147
198,  0 | TrAcc: 0.9713, TrLoss:  0.11957, VaAcc: 0.9392, VaLoss:  0.24933
199,  0 | TrAcc: 0.9727, TrLoss:  0.11934, VaAcc: 0.9447, VaLoss:  0.22925
200,  0 | TrAcc: 0.9714, TrLoss:  0.12146, VaAcc: 0.9518, VaLoss:  0.20294
201,  0 | TrAcc: 0.9727, TrLoss:  0.11709, VaAcc: 0.9510, VaLoss:  0.20265
202,  0 | TrAcc: 0.9729, TrLoss:  0.11502, VaAcc: 0.9455, VaLoss:  0.21877
203,  0 | TrAcc: 0.9743, TrLoss:  0.11613, VaAcc: 0.9384, VaLoss:  0.24703
204,  0 | TrAcc: 0.9730, TrLoss:  0.11750, VaAcc: 0.9400, VaLoss:  0.24170
205,  0 | TrAcc: 0.9717, TrLoss:  0.11678, VaAcc: 0.9510, VaLoss:  0.21581
206,  0 | TrAcc: 0.9738, TrLoss:  0.11393, VaAcc: 0.9494, VaLoss:  0.20615
207,  0 | TrAcc: 0.9730, TrLoss:  0.11513, VaAcc: 0.9510, VaLoss:  0.20848
208,  0 | TrAcc: 0.9751, TrLoss:  0.11253, VaAcc: 0.9471, VaLoss:  0.22609
209,  0 | TrAcc: 0.9740, TrLoss:  0.11533, VaAcc: 0.9447, VaLoss:  0.23374
210,  0 | TrAcc: 0.9735, TrLoss:  0.11678, VaAcc: 0.9479, VaLoss:  0.21920
211,  0 | TrAcc: 0.9713, TrLoss:  0.11499, VaAcc: 0.9510, VaLoss:  0.20582
212,  0 | TrAcc: 0.9729, TrLoss:  0.11638, VaAcc: 0.9487, VaLoss:  0.20656
213,  0 | TrAcc: 0.9735, TrLoss:  0.11368, VaAcc: 0.9471, VaLoss:  0.21134
214,  0 | TrAcc: 0.9757, TrLoss:  0.11159, VaAcc: 0.9502, VaLoss:  0.20814
215,  0 | TrAcc: 0.9748, TrLoss:  0.10934, VaAcc: 0.9502, VaLoss:  0.20863
216,  0 | TrAcc: 0.9741, TrLoss:  0.11159, VaAcc: 0.9502, VaLoss:  0.20426
217,  0 | TrAcc: 0.9751, TrLoss:  0.11053, VaAcc: 0.9455, VaLoss:  0.20884
218,  0 | TrAcc: 0.9767, TrLoss:  0.11001, VaAcc: 0.9455, VaLoss:  0.20919
219,  0 | TrAcc: 0.9756, TrLoss:  0.10650, VaAcc: 0.9471, VaLoss:  0.20596
220,  0 | TrAcc: 0.9722, TrLoss:  0.11312, VaAcc: 0.9487, VaLoss:  0.20090
221,  0 | TrAcc: 0.9772, TrLoss:  0.10536, VaAcc: 0.9479, VaLoss:  0.19786
222,  0 | TrAcc: 0.9741, TrLoss:  0.11103, VaAcc: 0.9447, VaLoss:  0.20769
223,  0 | TrAcc: 0.9751, TrLoss:  0.11245, VaAcc: 0.9313, VaLoss:  0.24605
224,  0 | TrAcc: 0.9748, TrLoss:  0.11200, VaAcc: 0.9273, VaLoss:  0.25517
225,  0 | TrAcc: 0.9756, TrLoss:  0.10861, VaAcc: 0.9447, VaLoss:  0.21408
226,  0 | TrAcc: 0.9759, TrLoss:  0.10762, VaAcc: 0.9502, VaLoss:  0.20505
227,  0 | TrAcc: 0.9754, TrLoss:  0.10812, VaAcc: 0.9479, VaLoss:  0.21132
228,  0 | TrAcc: 0.9754, TrLoss:  0.11103, VaAcc: 0.9439, VaLoss:  0.22576
229,  0 | TrAcc: 0.9767, TrLoss:  0.10820, VaAcc: 0.9502, VaLoss:  0.21048
230,  0 | TrAcc: 0.9762, TrLoss:  0.10605, VaAcc: 0.9526, VaLoss:  0.19653
231,  0 | TrAcc: 0.9772, TrLoss:  0.10866, VaAcc: 0.9502, VaLoss:  0.20096
232,  0 | TrAcc: 0.9780, TrLoss:  0.10535, VaAcc: 0.9487, VaLoss:  0.20072
233,  0 | TrAcc: 0.9748, TrLoss:  0.10953, VaAcc: 0.9494, VaLoss:  0.19845
234,  0 | TrAcc: 0.9757, TrLoss:  0.10556, VaAcc: 0.9510, VaLoss:  0.19292
235,  0 | TrAcc: 0.9761, TrLoss:  0.10306, VaAcc: 0.9510, VaLoss:  0.18671
236,  0 | TrAcc: 0.9761, TrLoss:  0.10490, VaAcc: 0.9518, VaLoss:  0.18504
237,  0 | TrAcc: 0.9761, TrLoss:  0.10465, VaAcc: 0.9518, VaLoss:  0.18895
238,  0 | TrAcc: 0.9767, TrLoss:  0.10331, VaAcc: 0.9510, VaLoss:  0.19319
239,  0 | TrAcc: 0.9781, TrLoss:  0.10268, VaAcc: 0.9494, VaLoss:  0.20086
240,  0 | TrAcc: 0.9777, TrLoss:  0.10003, VaAcc: 0.9510, VaLoss:  0.19840
241,  0 | TrAcc: 0.9738, TrLoss:  0.10738, VaAcc: 0.9526, VaLoss:  0.18864
242,  0 | TrAcc: 0.9749, TrLoss:  0.10303, VaAcc: 0.9534, VaLoss:  0.18645
243,  0 | TrAcc: 0.9775, TrLoss:  0.10473, VaAcc: 0.9502, VaLoss:  0.19452
244,  0 | TrAcc: 0.9792, TrLoss:  0.09718, VaAcc: 0.9479, VaLoss:  0.19634
245,  0 | TrAcc: 0.9775, TrLoss:  0.09983, VaAcc: 0.9494, VaLoss:  0.19467
246,  0 | TrAcc: 0.9780, TrLoss:  0.10122, VaAcc: 0.9502, VaLoss:  0.19369
247,  0 | TrAcc: 0.9767, TrLoss:  0.10197, VaAcc: 0.9510, VaLoss:  0.19447
248,  0 | TrAcc: 0.9780, TrLoss:  0.09770, VaAcc: 0.9534, VaLoss:  0.19099
249,  0 | TrAcc: 0.9778, TrLoss:  0.09841, VaAcc: 0.9502, VaLoss:  0.19108
250,  0 | TrAcc: 0.9764, TrLoss:  0.10220, VaAcc: 0.9479, VaLoss:  0.19510
251,  0 | TrAcc: 0.9767, TrLoss:  0.09889, VaAcc: 0.9471, VaLoss:  0.19501
252,  0 | TrAcc: 0.9778, TrLoss:  0.09716, VaAcc: 0.9526, VaLoss:  0.18926
253,  0 | TrAcc: 0.9780, TrLoss:  0.09861, VaAcc: 0.9550, VaLoss:  0.18634
254,  0 | TrAcc: 0.9759, TrLoss:  0.10232, VaAcc: 0.9494, VaLoss:  0.19372
255,  0 | TrAcc: 0.9780, TrLoss:  0.09855, VaAcc: 0.9431, VaLoss:  0.21416
256,  0 | TrAcc: 0.9799, TrLoss:  0.09512, VaAcc: 0.9487, VaLoss:  0.19823
257,  0 | TrAcc: 0.9775, TrLoss:  0.10109, VaAcc: 0.9566, VaLoss:  0.18091
258,  0 | TrAcc: 0.9788, TrLoss:  0.09805, VaAcc: 0.9573, VaLoss:  0.17890
259,  0 | TrAcc: 0.9781, TrLoss:  0.09826, VaAcc: 0.9558, VaLoss:  0.18586
260,  0 | TrAcc: 0.9764, TrLoss:  0.09734, VaAcc: 0.9526, VaLoss:  0.19774
261,  0 | TrAcc: 0.9797, TrLoss:  0.09632, VaAcc: 0.9471, VaLoss:  0.20538
262,  0 | TrAcc: 0.9783, TrLoss:  0.09616, VaAcc: 0.9471, VaLoss:  0.19914
263,  0 | TrAcc: 0.9792, TrLoss:  0.09555, VaAcc: 0.9502, VaLoss:  0.18988
264,  0 | TrAcc: 0.9786, TrLoss:  0.09559, VaAcc: 0.9502, VaLoss:  0.18862
265,  0 | TrAcc: 0.9784, TrLoss:  0.09722, VaAcc: 0.9423, VaLoss:  0.20443
266,  0 | TrAcc: 0.9791, TrLoss:  0.09458, VaAcc: 0.9408, VaLoss:  0.21071
267,  0 | TrAcc: 0.9800, TrLoss:  0.09404, VaAcc: 0.9400, VaLoss:  0.20848
268,  0 | TrAcc: 0.9781, TrLoss:  0.09663, VaAcc: 0.9439, VaLoss:  0.20591
269,  0 | TrAcc: 0.9784, TrLoss:  0.09613, VaAcc: 0.9447, VaLoss:  0.19803
270,  0 | TrAcc: 0.9778, TrLoss:  0.09596, VaAcc: 0.9510, VaLoss:  0.18883
271,  0 | TrAcc: 0.9800, TrLoss:  0.09286, VaAcc: 0.9526, VaLoss:  0.18516
272,  0 | TrAcc: 0.9784, TrLoss:  0.09368, VaAcc: 0.9502, VaLoss:  0.18830
273,  0 | TrAcc: 0.9808, TrLoss:  0.09061, VaAcc: 0.9487, VaLoss:  0.19867
274,  0 | TrAcc: 0.9780, TrLoss:  0.09459, VaAcc: 0.9447, VaLoss:  0.20752
275,  0 | TrAcc: 0.9799, TrLoss:  0.09145, VaAcc: 0.9463, VaLoss:  0.20191
276,  0 | TrAcc: 0.9808, TrLoss:  0.09179, VaAcc: 0.9542, VaLoss:  0.17600
277,  0 | TrAcc: 0.9792, TrLoss:  0.09545, VaAcc: 0.9550, VaLoss:  0.16585
278,  0 | TrAcc: 0.9799, TrLoss:  0.09276, VaAcc: 0.9550, VaLoss:  0.16778
279,  0 | TrAcc: 0.9792, TrLoss:  0.09411, VaAcc: 0.9510, VaLoss:  0.17931
280,  0 | TrAcc: 0.9799, TrLoss:  0.08991, VaAcc: 0.9487, VaLoss:  0.18556
281,  0 | TrAcc: 0.9796, TrLoss:  0.09121, VaAcc: 0.9510, VaLoss:  0.18774
282,  0 | TrAcc: 0.9799, TrLoss:  0.09330, VaAcc: 0.9518, VaLoss:  0.19144
283,  0 | TrAcc: 0.9786, TrLoss:  0.09220, VaAcc: 0.9487, VaLoss:  0.19443
284,  0 | TrAcc: 0.9796, TrLoss:  0.09489, VaAcc: 0.9510, VaLoss:  0.18990
285,  0 | TrAcc: 0.9815, TrLoss:  0.08922, VaAcc: 0.9518, VaLoss:  0.18521
286,  0 | TrAcc: 0.9802, TrLoss:  0.08971, VaAcc: 0.9502, VaLoss:  0.18722
287,  0 | TrAcc: 0.9815, TrLoss:  0.08817, VaAcc: 0.9494, VaLoss:  0.19263
288,  0 | TrAcc: 0.9805, TrLoss:  0.09267, VaAcc: 0.9463, VaLoss:  0.19726
289,  0 | TrAcc: 0.9796, TrLoss:  0.09010, VaAcc: 0.9463, VaLoss:  0.19989
290,  0 | TrAcc: 0.9792, TrLoss:  0.08771, VaAcc: 0.9518, VaLoss:  0.18833
291,  0 | TrAcc: 0.9792, TrLoss:  0.09317, VaAcc: 0.9526, VaLoss:  0.18083
292,  0 | TrAcc: 0.9808, TrLoss:  0.08938, VaAcc: 0.9502, VaLoss:  0.18000
293,  0 | TrAcc: 0.9799, TrLoss:  0.08936, VaAcc: 0.9518, VaLoss:  0.18232
294,  0 | TrAcc: 0.9807, TrLoss:  0.08761, VaAcc: 0.9510, VaLoss:  0.18535
295,  0 | TrAcc: 0.9816, TrLoss:  0.08741, VaAcc: 0.9487, VaLoss:  0.19862
296,  0 | TrAcc: 0.9792, TrLoss:  0.09045, VaAcc: 0.9510, VaLoss:  0.19715
297,  0 | TrAcc: 0.9805, TrLoss:  0.08709, VaAcc: 0.9526, VaLoss:  0.18909
298,  0 | TrAcc: 0.9802, TrLoss:  0.09102, VaAcc: 0.9542, VaLoss:  0.18782
299,  0 | TrAcc: 0.9799, TrLoss:  0.08772, VaAcc: 0.9542, VaLoss:  0.18525
300,  0 | TrAcc: 0.9804, TrLoss:  0.08675, VaAcc: 0.9558, VaLoss:  0.18353
301,  0 | TrAcc: 0.9810, TrLoss:  0.08586, VaAcc: 0.9534, VaLoss:  0.18689
302,  0 | TrAcc: 0.9812, TrLoss:  0.08502, VaAcc: 0.9534, VaLoss:  0.19203
303,  0 | TrAcc: 0.9808, TrLoss:  0.08667, VaAcc: 0.9534, VaLoss:  0.18460
304,  0 | TrAcc: 0.9816, TrLoss:  0.08808, VaAcc: 0.9558, VaLoss:  0.18054
305,  0 | TrAcc: 0.9821, TrLoss:  0.08672, VaAcc: 0.9518, VaLoss:  0.18423
306,  0 | TrAcc: 0.9821, TrLoss:  0.08347, VaAcc: 0.9455, VaLoss:  0.19782
307,  0 | TrAcc: 0.9808, TrLoss:  0.08984, VaAcc: 0.9392, VaLoss:  0.21589
308,  0 | TrAcc: 0.9828, TrLoss:  0.08413, VaAcc: 0.9408, VaLoss:  0.20514
309,  0 | TrAcc: 0.9807, TrLoss:  0.08603, VaAcc: 0.9463, VaLoss:  0.19487
310,  0 | TrAcc: 0.9805, TrLoss:  0.08521, VaAcc: 0.9502, VaLoss:  0.18888
311,  0 | TrAcc: 0.9807, TrLoss:  0.08642, VaAcc: 0.9510, VaLoss:  0.18665
312,  0 | TrAcc: 0.9815, TrLoss:  0.08496, VaAcc: 0.9502, VaLoss:  0.18668
313,  0 | TrAcc: 0.9815, TrLoss:  0.08390, VaAcc: 0.9518, VaLoss:  0.18336
314,  0 | TrAcc: 0.9810, TrLoss:  0.08572, VaAcc: 0.9510, VaLoss:  0.18588
315,  0 | TrAcc: 0.9800, TrLoss:  0.08487, VaAcc: 0.9526, VaLoss:  0.18179
316,  0 | TrAcc: 0.9813, TrLoss:  0.08423, VaAcc: 0.9534, VaLoss:  0.18408
317,  0 | TrAcc: 0.9808, TrLoss:  0.08422, VaAcc: 0.9518, VaLoss:  0.18878
318,  0 | TrAcc: 0.9826, TrLoss:  0.08132, VaAcc: 0.9542, VaLoss:  0.18610
319,  0 | TrAcc: 0.9802, TrLoss:  0.08552, VaAcc: 0.9542, VaLoss:  0.17927
320,  0 | TrAcc: 0.9807, TrLoss:  0.08414, VaAcc: 0.9581, VaLoss:  0.17299
321,  0 | TrAcc: 0.9823, TrLoss:  0.08133, VaAcc: 0.9573, VaLoss:  0.17578
322,  0 | TrAcc: 0.9807, TrLoss:  0.08262, VaAcc: 0.9550, VaLoss:  0.18174
323,  0 | TrAcc: 0.9818, TrLoss:  0.08237, VaAcc: 0.9550, VaLoss:  0.18324
324,  0 | TrAcc: 0.9818, TrLoss:  0.08375, VaAcc: 0.9526, VaLoss:  0.18358
325,  0 | TrAcc: 0.9816, TrLoss:  0.08225, VaAcc: 0.9518, VaLoss:  0.18581
326,  0 | TrAcc: 0.9823, TrLoss:  0.08136, VaAcc: 0.9518, VaLoss:  0.18714
327,  0 | TrAcc: 0.9828, TrLoss:  0.08312, VaAcc: 0.9526, VaLoss:  0.18586
328,  0 | TrAcc: 0.9828, TrLoss:  0.08373, VaAcc: 0.9542, VaLoss:  0.17811
329,  0 | TrAcc: 0.9815, TrLoss:  0.08228, VaAcc: 0.9510, VaLoss:  0.17524
330,  0 | TrAcc: 0.9826, TrLoss:  0.07949, VaAcc: 0.9558, VaLoss:  0.17519
331,  0 | TrAcc: 0.9821, TrLoss:  0.08035, VaAcc: 0.9566, VaLoss:  0.17773
332,  0 | TrAcc: 0.9813, TrLoss:  0.08169, VaAcc: 0.9542, VaLoss:  0.18207
333,  0 | TrAcc: 0.9815, TrLoss:  0.08131, VaAcc: 0.9550, VaLoss:  0.18502
334,  0 | TrAcc: 0.9815, TrLoss:  0.07939, VaAcc: 0.9558, VaLoss:  0.18365
335,  0 | TrAcc: 0.9818, TrLoss:  0.08033, VaAcc: 0.9550, VaLoss:  0.18631
336,  0 | TrAcc: 0.9812, TrLoss:  0.08241, VaAcc: 0.9518, VaLoss:  0.19036
337,  0 | TrAcc: 0.9821, TrLoss:  0.07966, VaAcc: 0.9502, VaLoss:  0.19546
338,  0 | TrAcc: 0.9824, TrLoss:  0.07914, VaAcc: 0.9487, VaLoss:  0.20000
339,  0 | TrAcc: 0.9823, TrLoss:  0.08049, VaAcc: 0.9526, VaLoss:  0.19348
340,  0 | TrAcc: 0.9837, TrLoss:  0.08011, VaAcc: 0.9542, VaLoss:  0.18541
341,  0 | TrAcc: 0.9837, TrLoss:  0.08006, VaAcc: 0.9542, VaLoss:  0.18114
342,  0 | TrAcc: 0.9831, TrLoss:  0.07868, VaAcc: 0.9558, VaLoss:  0.18435
343,  0 | TrAcc: 0.9850, TrLoss:  0.07946, VaAcc: 0.9494, VaLoss:  0.19625
344,  0 | TrAcc: 0.9826, TrLoss:  0.08008, VaAcc: 0.9447, VaLoss:  0.20776
345,  0 | TrAcc: 0.9826, TrLoss:  0.07920, VaAcc: 0.9479, VaLoss:  0.19898
346,  0 | TrAcc: 0.9829, TrLoss:  0.07830, VaAcc: 0.9542, VaLoss:  0.18445
347,  0 | TrAcc: 0.9831, TrLoss:  0.08087, VaAcc: 0.9558, VaLoss:  0.18031
348,  0 | TrAcc: 0.9826, TrLoss:  0.07966, VaAcc: 0.9542, VaLoss:  0.18401
349,  0 | TrAcc: 0.9831, TrLoss:  0.07764, VaAcc: 0.9494, VaLoss:  0.19436
350,  0 | TrAcc: 0.9834, TrLoss:  0.07561, VaAcc: 0.9487, VaLoss:  0.19690
351,  0 | TrAcc: 0.9832, TrLoss:  0.07723, VaAcc: 0.9494, VaLoss:  0.19326
352,  0 | TrAcc: 0.9821, TrLoss:  0.07829, VaAcc: 0.9566, VaLoss:  0.18301
353,  0 | TrAcc: 0.9828, TrLoss:  0.07752, VaAcc: 0.9581, VaLoss:  0.17893
354,  0 | TrAcc: 0.9816, TrLoss:  0.07828, VaAcc: 0.9558, VaLoss:  0.17911
355,  0 | TrAcc: 0.9837, TrLoss:  0.07706, VaAcc: 0.9589, VaLoss:  0.17672
356,  0 | TrAcc: 0.9845, TrLoss:  0.07536, VaAcc: 0.9605, VaLoss:  0.17722
357,  0 | TrAcc: 0.9847, TrLoss:  0.07506, VaAcc: 0.9542, VaLoss:  0.18328
358,  0 | TrAcc: 0.9844, TrLoss:  0.07791, VaAcc: 0.9487, VaLoss:  0.19670
359,  0 | TrAcc: 0.9858, TrLoss:  0.07650, VaAcc: 0.9479, VaLoss:  0.20437
360,  0 | TrAcc: 0.9836, TrLoss:  0.07765, VaAcc: 0.9502, VaLoss:  0.19366
361,  0 | TrAcc: 0.9839, TrLoss:  0.07552, VaAcc: 0.9502, VaLoss:  0.19097
362,  0 | TrAcc: 0.9831, TrLoss:  0.07825, VaAcc: 0.9463, VaLoss:  0.19729
363,  0 | TrAcc: 0.9842, TrLoss:  0.07804, VaAcc: 0.9447, VaLoss:  0.20542
364,  0 | TrAcc: 0.9847, TrLoss:  0.07463, VaAcc: 0.9479, VaLoss:  0.18933
365,  0 | TrAcc: 0.9839, TrLoss:  0.07778, VaAcc: 0.9479, VaLoss:  0.18592
366,  0 | TrAcc: 0.9813, TrLoss:  0.07837, VaAcc: 0.9471, VaLoss:  0.18857
367,  0 | TrAcc: 0.9820, TrLoss:  0.08263, VaAcc: 0.9510, VaLoss:  0.18586
368,  0 | TrAcc: 0.9848, TrLoss:  0.07471, VaAcc: 0.9487, VaLoss:  0.18267
369,  0 | TrAcc: 0.9842, TrLoss:  0.07406, VaAcc: 0.9534, VaLoss:  0.17895
370,  0 | TrAcc: 0.9845, TrLoss:  0.07566, VaAcc: 0.9526, VaLoss:  0.17948
371,  0 | TrAcc: 0.9852, TrLoss:  0.07454, VaAcc: 0.9518, VaLoss:  0.18270
372,  0 | TrAcc: 0.9845, TrLoss:  0.07335, VaAcc: 0.9518, VaLoss:  0.18732
373,  0 | TrAcc: 0.9842, TrLoss:  0.07385, VaAcc: 0.9502, VaLoss:  0.19018
374,  0 | TrAcc: 0.9855, TrLoss:  0.07318, VaAcc: 0.9558, VaLoss:  0.18497
375,  0 | TrAcc: 0.9834, TrLoss:  0.07545, VaAcc: 0.9566, VaLoss:  0.17823
376,  0 | TrAcc: 0.9840, TrLoss:  0.07544, VaAcc: 0.9589, VaLoss:  0.17519
377,  0 | TrAcc: 0.9832, TrLoss:  0.07338, VaAcc: 0.9597, VaLoss:  0.17403
378,  0 | TrAcc: 0.9839, TrLoss:  0.07278, VaAcc: 0.9613, VaLoss:  0.17607
379,  0 | TrAcc: 0.9842, TrLoss:  0.07330, VaAcc: 0.9589, VaLoss:  0.17964
380,  0 | TrAcc: 0.9823, TrLoss:  0.07610, VaAcc: 0.9566, VaLoss:  0.18664
381,  0 | TrAcc: 0.9840, TrLoss:  0.07664, VaAcc: 0.9566, VaLoss:  0.18736
382,  0 | TrAcc: 0.9850, TrLoss:  0.07225, VaAcc: 0.9558, VaLoss:  0.18211
383,  0 | TrAcc: 0.9856, TrLoss:  0.07268, VaAcc: 0.9573, VaLoss:  0.18164
384,  0 | TrAcc: 0.9844, TrLoss:  0.07328, VaAcc: 0.9526, VaLoss:  0.18339
385,  0 | TrAcc: 0.9850, TrLoss:  0.07403, VaAcc: 0.9518, VaLoss:  0.18637
386,  0 | TrAcc: 0.9853, TrLoss:  0.07130, VaAcc: 0.9526, VaLoss:  0.18581
387,  0 | TrAcc: 0.9836, TrLoss:  0.07364, VaAcc: 0.9542, VaLoss:  0.18435
388,  0 | TrAcc: 0.9837, TrLoss:  0.07376, VaAcc: 0.9581, VaLoss:  0.18192
389,  0 | TrAcc: 0.9829, TrLoss:  0.07214, VaAcc: 0.9573, VaLoss:  0.18306
390,  0 | TrAcc: 0.9867, TrLoss:  0.06783, VaAcc: 0.9558, VaLoss:  0.18170
391,  0 | TrAcc: 0.9845, TrLoss:  0.07343, VaAcc: 0.9550, VaLoss:  0.17942
392,  0 | TrAcc: 0.9845, TrLoss:  0.07163, VaAcc: 0.9566, VaLoss:  0.17449
393,  0 | TrAcc: 0.9840, TrLoss:  0.07378, VaAcc: 0.9573, VaLoss:  0.17266
394,  0 | TrAcc: 0.9848, TrLoss:  0.07291, VaAcc: 0.9573, VaLoss:  0.17396
395,  0 | TrAcc: 0.9845, TrLoss:  0.07112, VaAcc: 0.9566, VaLoss:  0.17358
396,  0 | TrAcc: 0.9844, TrLoss:  0.07062, VaAcc: 0.9581, VaLoss:  0.17388
397,  0 | TrAcc: 0.9853, TrLoss:  0.06996, VaAcc: 0.9589, VaLoss:  0.17500
398,  0 | TrAcc: 0.9867, TrLoss:  0.06876, VaAcc: 0.9605, VaLoss:  0.17788
399,  0 | TrAcc: 0.9860, TrLoss:  0.07015, VaAcc: 0.9573, VaLoss:  0.18370
400,  0 | TrAcc: 0.9864, TrLoss:  0.07072, VaAcc: 0.9534, VaLoss:  0.18832
401,  0 | TrAcc: 0.9861, TrLoss:  0.07083, VaAcc: 0.9526, VaLoss:  0.18746
402,  0 | TrAcc: 0.9840, TrLoss:  0.07199, VaAcc: 0.9526, VaLoss:  0.18680
403,  0 | TrAcc: 0.9856, TrLoss:  0.07049, VaAcc: 0.9526, VaLoss:  0.18523
404,  0 | TrAcc: 0.9853, TrLoss:  0.07365, VaAcc: 0.9534, VaLoss:  0.18412
405,  0 | TrAcc: 0.9850, TrLoss:  0.06981, VaAcc: 0.9534, VaLoss:  0.18273
406,  0 | TrAcc: 0.9842, TrLoss:  0.07120, VaAcc: 0.9494, VaLoss:  0.18794
407,  0 | TrAcc: 0.9866, TrLoss:  0.06907, VaAcc: 0.9518, VaLoss:  0.18453
408,  0 | TrAcc: 0.9848, TrLoss:  0.07154, VaAcc: 0.9542, VaLoss:  0.18328
409,  0 | TrAcc: 0.9858, TrLoss:  0.07020, VaAcc: 0.9550, VaLoss:  0.17966
410,  0 | TrAcc: 0.9858, TrLoss:  0.07008, VaAcc: 0.9566, VaLoss:  0.17865
411,  0 | TrAcc: 0.9860, TrLoss:  0.06936, VaAcc: 0.9542, VaLoss:  0.18305
412,  0 | TrAcc: 0.9848, TrLoss:  0.07406, VaAcc: 0.9542, VaLoss:  0.18348
413,  0 | TrAcc: 0.9836, TrLoss:  0.07228, VaAcc: 0.9534, VaLoss:  0.18269
414,  0 | TrAcc: 0.9864, TrLoss:  0.06836, VaAcc: 0.9550, VaLoss:  0.18174
415,  0 | TrAcc: 0.9852, TrLoss:  0.07239, VaAcc: 0.9550, VaLoss:  0.18217
416,  0 | TrAcc: 0.9872, TrLoss:  0.06873, VaAcc: 0.9510, VaLoss:  0.18475
417,  0 | TrAcc: 0.9877, TrLoss:  0.06744, VaAcc: 0.9510, VaLoss:  0.18647
418,  0 | TrAcc: 0.9871, TrLoss:  0.07047, VaAcc: 0.9510, VaLoss:  0.18865
419,  0 | TrAcc: 0.9869, TrLoss:  0.06775, VaAcc: 0.9526, VaLoss:  0.18584
420,  0 | TrAcc: 0.9871, TrLoss:  0.06761, VaAcc: 0.9566, VaLoss:  0.18231
421,  0 | TrAcc: 0.9858, TrLoss:  0.06971, VaAcc: 0.9581, VaLoss:  0.17895
422,  0 | TrAcc: 0.9869, TrLoss:  0.06791, VaAcc: 0.9613, VaLoss:  0.17126
423,  0 | TrAcc: 0.9866, TrLoss:  0.06645, VaAcc: 0.9637, VaLoss:  0.16437
424,  0 | TrAcc: 0.9863, TrLoss:  0.06905, VaAcc: 0.9645, VaLoss:  0.16171
425,  0 | TrAcc: 0.9855, TrLoss:  0.07166, VaAcc: 0.9652, VaLoss:  0.16018
426,  0 | TrAcc: 0.9864, TrLoss:  0.06899, VaAcc: 0.9629, VaLoss:  0.16007
427,  0 | TrAcc: 0.9848, TrLoss:  0.06791, VaAcc: 0.9621, VaLoss:  0.16518
428,  0 | TrAcc: 0.9861, TrLoss:  0.06818, VaAcc: 0.9597, VaLoss:  0.17428
429,  0 | TrAcc: 0.9874, TrLoss:  0.06407, VaAcc: 0.9542, VaLoss:  0.18551
430,  0 | TrAcc: 0.9863, TrLoss:  0.06870, VaAcc: 0.9518, VaLoss:  0.19002
431,  0 | TrAcc: 0.9863, TrLoss:  0.06468, VaAcc: 0.9542, VaLoss:  0.18651
432,  0 | TrAcc: 0.9866, TrLoss:  0.06434, VaAcc: 0.9558, VaLoss:  0.17925
433,  0 | TrAcc: 0.9869, TrLoss:  0.06559, VaAcc: 0.9597, VaLoss:  0.17573
434,  0 | TrAcc: 0.9890, TrLoss:  0.06817, VaAcc: 0.9581, VaLoss:  0.17580
435,  0 | TrAcc: 0.9860, TrLoss:  0.06894, VaAcc: 0.9558, VaLoss:  0.18197
436,  0 | TrAcc: 0.9858, TrLoss:  0.06643, VaAcc: 0.9566, VaLoss:  0.17993
437,  0 | TrAcc: 0.9850, TrLoss:  0.06893, VaAcc: 0.9550, VaLoss:  0.17887
438,  0 | TrAcc: 0.9880, TrLoss:  0.06384, VaAcc: 0.9558, VaLoss:  0.17994
439,  0 | TrAcc: 0.9850, TrLoss:  0.06631, VaAcc: 0.9534, VaLoss:  0.18316
440,  0 | TrAcc: 0.9877, TrLoss:  0.06334, VaAcc: 0.9518, VaLoss:  0.18576
441,  0 | TrAcc: 0.9869, TrLoss:  0.06592, VaAcc: 0.9518, VaLoss:  0.18520
442,  0 | TrAcc: 0.9879, TrLoss:  0.06467, VaAcc: 0.9526, VaLoss:  0.18632
443,  0 | TrAcc: 0.9861, TrLoss:  0.06742, VaAcc: 0.9494, VaLoss:  0.18769
444,  0 | TrAcc: 0.9879, TrLoss:  0.06457, VaAcc: 0.9518, VaLoss:  0.18644
445,  0 | TrAcc: 0.9861, TrLoss:  0.06737, VaAcc: 0.9502, VaLoss:  0.18833
446,  0 | TrAcc: 0.9863, TrLoss:  0.06736, VaAcc: 0.9518, VaLoss:  0.18219
447,  0 | TrAcc: 0.9890, TrLoss:  0.06404, VaAcc: 0.9558, VaLoss:  0.17720
448,  0 | TrAcc: 0.9867, TrLoss:  0.06611, VaAcc: 0.9605, VaLoss:  0.17446
449,  0 | TrAcc: 0.9864, TrLoss:  0.06616, VaAcc: 0.9605, VaLoss:  0.17117
450,  0 | TrAcc: 0.9875, TrLoss:  0.06327, VaAcc: 0.9597, VaLoss:  0.17199
451,  0 | TrAcc: 0.9864, TrLoss:  0.06524, VaAcc: 0.9573, VaLoss:  0.17265
452,  0 | TrAcc: 0.9863, TrLoss:  0.06449, VaAcc: 0.9558, VaLoss:  0.17283
453,  0 | TrAcc: 0.9858, TrLoss:  0.06769, VaAcc: 0.9566, VaLoss:  0.17456
454,  0 | TrAcc: 0.9863, TrLoss:  0.06439, VaAcc: 0.9558, VaLoss:  0.17900
455,  0 | TrAcc: 0.9877, TrLoss:  0.06584, VaAcc: 0.9558, VaLoss:  0.18340
456,  0 | TrAcc: 0.9871, TrLoss:  0.06746, VaAcc: 0.9542, VaLoss:  0.18944
457,  0 | TrAcc: 0.9877, TrLoss:  0.06460, VaAcc: 0.9494, VaLoss:  0.19272
458,  0 | TrAcc: 0.9872, TrLoss:  0.06417, VaAcc: 0.9494, VaLoss:  0.19265
459,  0 | TrAcc: 0.9867, TrLoss:  0.06591, VaAcc: 0.9526, VaLoss:  0.18848
460,  0 | TrAcc: 0.9869, TrLoss:  0.06461, VaAcc: 0.9558, VaLoss:  0.18276
461,  0 | TrAcc: 0.9888, TrLoss:  0.06233, VaAcc: 0.9573, VaLoss:  0.17751
462,  0 | TrAcc: 0.9872, TrLoss:  0.06415, VaAcc: 0.9605, VaLoss:  0.17154
463,  0 | TrAcc: 0.9869, TrLoss:  0.06652, VaAcc: 0.9613, VaLoss:  0.16866
464,  0 | TrAcc: 0.9885, TrLoss:  0.06345, VaAcc: 0.9637, VaLoss:  0.16778
465,  0 | TrAcc: 0.9890, TrLoss:  0.06171, VaAcc: 0.9621, VaLoss:  0.16869
466,  0 | TrAcc: 0.9879, TrLoss:  0.06461, VaAcc: 0.9581, VaLoss:  0.17136
467,  0 | TrAcc: 0.9866, TrLoss:  0.06334, VaAcc: 0.9573, VaLoss:  0.17583
468,  0 | TrAcc: 0.9874, TrLoss:  0.06492, VaAcc: 0.9558, VaLoss:  0.17569
469,  0 | TrAcc: 0.9885, TrLoss:  0.06323, VaAcc: 0.9573, VaLoss:  0.17394
470,  0 | TrAcc: 0.9879, TrLoss:  0.06372, VaAcc: 0.9566, VaLoss:  0.17429
471,  0 | TrAcc: 0.9872, TrLoss:  0.06455, VaAcc: 0.9550, VaLoss:  0.17880
472,  0 | TrAcc: 0.9882, TrLoss:  0.06317, VaAcc: 0.9526, VaLoss:  0.18480
473,  0 | TrAcc: 0.9885, TrLoss:  0.06351, VaAcc: 0.9534, VaLoss:  0.18727
474,  0 | TrAcc: 0.9874, TrLoss:  0.06344, VaAcc: 0.9558, VaLoss:  0.19184
475,  0 | TrAcc: 0.9853, TrLoss:  0.06575, VaAcc: 0.9526, VaLoss:  0.19616
476,  0 | TrAcc: 0.9882, TrLoss:  0.06207, VaAcc: 0.9502, VaLoss:  0.19701
477,  0 | TrAcc: 0.9864, TrLoss:  0.06406, VaAcc: 0.9494, VaLoss:  0.19477
478,  0 | TrAcc: 0.9866, TrLoss:  0.06386, VaAcc: 0.9494, VaLoss:  0.19007
479,  0 | TrAcc: 0.9906, TrLoss:  0.05861, VaAcc: 0.9534, VaLoss:  0.18667
480,  0 | TrAcc: 0.9880, TrLoss:  0.06058, VaAcc: 0.9558, VaLoss:  0.18657
481,  0 | TrAcc: 0.9869, TrLoss:  0.06229, VaAcc: 0.9542, VaLoss:  0.18670
482,  0 | TrAcc: 0.9883, TrLoss:  0.06177, VaAcc: 0.9542, VaLoss:  0.18892
483,  0 | TrAcc: 0.9874, TrLoss:  0.06180, VaAcc: 0.9550, VaLoss:  0.18931
484,  0 | TrAcc: 0.9883, TrLoss:  0.06068, VaAcc: 0.9566, VaLoss:  0.18879
485,  0 | TrAcc: 0.9883, TrLoss:  0.06117, VaAcc: 0.9542, VaLoss:  0.18964
486,  0 | TrAcc: 0.9883, TrLoss:  0.06094, VaAcc: 0.9550, VaLoss:  0.18543
487,  0 | TrAcc: 0.9883, TrLoss:  0.05951, VaAcc: 0.9566, VaLoss:  0.18362
488,  0 | TrAcc: 0.9880, TrLoss:  0.06158, VaAcc: 0.9558, VaLoss:  0.17992
489,  0 | TrAcc: 0.9887, TrLoss:  0.06374, VaAcc: 0.9566, VaLoss:  0.17637
490,  0 | TrAcc: 0.9882, TrLoss:  0.06037, VaAcc: 0.9542, VaLoss:  0.17815
491,  0 | TrAcc: 0.9874, TrLoss:  0.06127, VaAcc: 0.9518, VaLoss:  0.18018
492,  0 | TrAcc: 0.9882, TrLoss:  0.06148, VaAcc: 0.9542, VaLoss:  0.18002
493,  0 | TrAcc: 0.9880, TrLoss:  0.06077, VaAcc: 0.9550, VaLoss:  0.18358
494,  0 | TrAcc: 0.9904, TrLoss:  0.05932, VaAcc: 0.9526, VaLoss:  0.18672
495,  0 | TrAcc: 0.9895, TrLoss:  0.06107, VaAcc: 0.9550, VaLoss:  0.18512
496,  0 | TrAcc: 0.9890, TrLoss:  0.06126, VaAcc: 0.9558, VaLoss:  0.18444
497,  0 | TrAcc: 0.9887, TrLoss:  0.06020, VaAcc: 0.9550, VaLoss:  0.18893
498,  0 | TrAcc: 0.9877, TrLoss:  0.06070, VaAcc: 0.9550, VaLoss:  0.19127
499,  0 | TrAcc: 0.9888, TrLoss:  0.06035, VaAcc: 0.9550, VaLoss:  0.18938
----------------------------
Final Tr Acc   :   0.98883 +-     nan
Final Va Acc   :   0.95498 +-     nan
Final Tr Loss  :   0.06035 +-     nan
Final Va Loss  :   0.18938 +-     nan

TrAcc
Run:  0 | 99.06% in epoch  479

VaAcc
Run:  0 | 96.52% in epoch  425
(1, 500)
