{'learning_rate': 0.01, 'task_id': 8, 'mode': {'name': 'classic', 'max_epochs': 500, 'min_error': 0}}
{'dataset': 'penstroke', 'va': {'in_seq_len': 25, 'batch_size': 5000, 'out_seq_len': 1, 'extract_seqs': False, 'mini_batch_mode': False, 'zero_padding': 0}, 'tr': {'in_seq_len': 25, 'batch_size': 5000, 'out_seq_len': 1, 'extract_seqs': False, 'mini_batch_mode': False, 'zero_padding': 0}}
{'layout': [4, 60, 60, 10], 'gradient_clip_value': 0.5, 'layer_configs': [{'layer_type': 'input'}, {'var_scope': 'lstm_0', 'init_config': {'f': {'w': 'all_zero', 'b': 'all_one'}, 'o': {'w': 'xavier', 'b': 'all_zero'}, 'i': {'w': 'xavier', 'b': 'all_zero'}, 'c': {'w': 'xavier', 'b': 'all_zero'}}, 'layer_type': 'lstm', 'is_recurrent': True, 'is_output': False, 'regularization': {'state_zo_prob': 0.6, 'output_zo_prob': 0.15, 'mode': 'zoneout'}}, {'var_scope': 'lstm_1', 'init_config': {'c': {'w': 'xavier', 'b': 'all_zero'}, 'o': {'w': 'xavier', 'b': 'all_zero'}, 'i': {'w': 'xavier', 'b': 'all_zero'}, 'f': {'w': 'all_zero', 'b': 'all_one'}}, 'layer_type': 'lstm', 'is_recurrent': True, 'is_output': False, 'regularization': {'state_zo_prob': 0.6, 'output_zo_prob': 0.15, 'mode': 'zoneout'}}, {'var_scope': 'output_layer', 'init_config': {'w': 'xavier', 'b': 'all_zero'}, 'layer_type': 'fc', 'is_recurrent': False, 'is_output': True, 'regularization': {'strength': 0.003, 'mode': 'l2'}}], 'output_type': 'classification'}
{'include_pred': False, 'include_out': False, 'calc_performance_every': 1}

=============================
CONFIG FILE

RNN CONFIG
{'gradient_clip_value': 0.5,
 'layer_configs': [{'layer_type': 'input'},
                   {'init_config': {'c': {'b': 'all_zero', 'w': 'xavier'},
                                    'f': {'b': 'all_one', 'w': 'all_zero'},
                                    'i': {'b': 'all_zero', 'w': 'xavier'},
                                    'o': {'b': 'all_zero', 'w': 'xavier'}},
                    'is_output': False,
                    'is_recurrent': True,
                    'layer_type': 'lstm',
                    'regularization': {'mode': 'zoneout',
                                       'output_zo_prob': 0.15,
                                       'state_zo_prob': 0.6},
                    'var_scope': 'lstm_0'},
                   {'init_config': {'c': {'b': 'all_zero', 'w': 'xavier'},
                                    'f': {'b': 'all_one', 'w': 'all_zero'},
                                    'i': {'b': 'all_zero', 'w': 'xavier'},
                                    'o': {'b': 'all_zero', 'w': 'xavier'}},
                    'is_output': False,
                    'is_recurrent': True,
                    'layer_type': 'lstm',
                    'regularization': {'mode': 'zoneout',
                                       'output_zo_prob': 0.15,
                                       'state_zo_prob': 0.6},
                    'var_scope': 'lstm_1'},
                   {'init_config': {'b': 'all_zero', 'w': 'xavier'},
                    'is_output': True,
                    'is_recurrent': False,
                    'layer_type': 'fc',
                    'regularization': {'mode': 'l2', 'strength': 0.003},
                    'var_scope': 'output_layer'}],
 'layout': [4, 60, 60, 10],
 'output_type': 'classification'}

DATA CONFIG
{'dataset': 'penstroke',
 'tr': {'batch_size': 5000,
        'extract_seqs': False,
        'in_seq_len': 25,
        'mini_batch_mode': False,
        'out_seq_len': 1,
        'zero_padding': 0},
 'va': {'batch_size': 5000,
        'extract_seqs': False,
        'in_seq_len': 25,
        'mini_batch_mode': False,
        'out_seq_len': 1,
        'zero_padding': 0}}

TRAINING CONFIG
{'learning_rate': 0.01,
 'mode': {'max_epochs': 500, 'min_error': 0, 'name': 'classic'},
 'task_id': 8}
==============================


  0,  0 | TrAcc: 0.0134, TrLoss:  2.40765, VaAcc: 0.0079, VaLoss:  2.59617
  1,  0 | TrAcc: 0.8507, TrLoss:  1.96309, VaAcc: 0.8373, VaLoss:  1.68550
  2,  0 | TrAcc: 0.8511, TrLoss:  1.41874, VaAcc: 0.8381, VaLoss:  0.98391
  3,  0 | TrAcc: 0.8509, TrLoss:  0.81674, VaAcc: 0.8381, VaLoss:  0.80574
  4,  0 | TrAcc: 0.8512, TrLoss:  0.71550, VaAcc: 0.8397, VaLoss:  0.94016
  5,  0 | TrAcc: 0.8517, TrLoss:  0.77866, VaAcc: 0.8428, VaLoss:  0.97918
  6,  0 | TrAcc: 0.8538, TrLoss:  0.76058, VaAcc: 0.8444, VaLoss:  0.93313
  7,  0 | TrAcc: 0.8546, TrLoss:  0.69709, VaAcc: 0.8428, VaLoss:  0.84259
  8,  0 | TrAcc: 0.8557, TrLoss:  0.62832, VaAcc: 0.8428, VaLoss:  0.73563
  9,  0 | TrAcc: 0.8578, TrLoss:  0.60580, VaAcc: 0.8428, VaLoss:  0.68003
 10,  0 | TrAcc: 0.8582, TrLoss:  0.62750, VaAcc: 0.8412, VaLoss:  0.68645
 11,  0 | TrAcc: 0.8622, TrLoss:  0.63479, VaAcc: 0.8412, VaLoss:  0.68514
 12,  0 | TrAcc: 0.8629, TrLoss:  0.61086, VaAcc: 0.8483, VaLoss:  0.64085
 13,  0 | TrAcc: 0.8680, TrLoss:  0.56953, VaAcc: 0.8610, VaLoss:  0.58749
 14,  0 | TrAcc: 0.8855, TrLoss:  0.53307, VaAcc: 0.8997, VaLoss:  0.54192
 15,  0 | TrAcc: 0.9082, TrLoss:  0.50449, VaAcc: 0.9044, VaLoss:  0.50926
 16,  0 | TrAcc: 0.9101, TrLoss:  0.47648, VaAcc: 0.9052, VaLoss:  0.48804
 17,  0 | TrAcc: 0.9120, TrLoss:  0.45523, VaAcc: 0.9131, VaLoss:  0.47037
 18,  0 | TrAcc: 0.9178, TrLoss:  0.42754, VaAcc: 0.9147, VaLoss:  0.45494
 19,  0 | TrAcc: 0.9215, TrLoss:  0.40394, VaAcc: 0.9131, VaLoss:  0.44620
 20,  0 | TrAcc: 0.9267, TrLoss:  0.38667, VaAcc: 0.9115, VaLoss:  0.44373
 21,  0 | TrAcc: 0.9243, TrLoss:  0.38302, VaAcc: 0.9092, VaLoss:  0.45208
 22,  0 | TrAcc: 0.9229, TrLoss:  0.38500, VaAcc: 0.8942, VaLoss:  0.49347
 23,  0 | TrAcc: 0.9239, TrLoss:  0.37766, VaAcc: 0.9076, VaLoss:  0.45016
 24,  0 | TrAcc: 0.9253, TrLoss:  0.36703, VaAcc: 0.9107, VaLoss:  0.44094
 25,  0 | TrAcc: 0.9274, TrLoss:  0.36205, VaAcc: 0.9139, VaLoss:  0.43411
 26,  0 | TrAcc: 0.9277, TrLoss:  0.36063, VaAcc: 0.9139, VaLoss:  0.42933
 27,  0 | TrAcc: 0.9280, TrLoss:  0.35797, VaAcc: 0.9163, VaLoss:  0.42363
 28,  0 | TrAcc: 0.9267, TrLoss:  0.35752, VaAcc: 0.9147, VaLoss:  0.42632
 29,  0 | TrAcc: 0.9275, TrLoss:  0.35715, VaAcc: 0.9147, VaLoss:  0.42603
 30,  0 | TrAcc: 0.9270, TrLoss:  0.35627, VaAcc: 0.9147, VaLoss:  0.42341
 31,  0 | TrAcc: 0.9286, TrLoss:  0.35049, VaAcc: 0.9139, VaLoss:  0.41968
 32,  0 | TrAcc: 0.9288, TrLoss:  0.34573, VaAcc: 0.9155, VaLoss:  0.41449
 33,  0 | TrAcc: 0.9278, TrLoss:  0.34346, VaAcc: 0.9147, VaLoss:  0.40777
 34,  0 | TrAcc: 0.9282, TrLoss:  0.34271, VaAcc: 0.9139, VaLoss:  0.40960
 35,  0 | TrAcc: 0.9282, TrLoss:  0.33828, VaAcc: 0.9139, VaLoss:  0.40659
 36,  0 | TrAcc: 0.9277, TrLoss:  0.33784, VaAcc: 0.9139, VaLoss:  0.40369
 37,  0 | TrAcc: 0.9267, TrLoss:  0.33555, VaAcc: 0.9139, VaLoss:  0.39887
 38,  0 | TrAcc: 0.9270, TrLoss:  0.33381, VaAcc: 0.9131, VaLoss:  0.40073
 39,  0 | TrAcc: 0.9275, TrLoss:  0.33026, VaAcc: 0.9139, VaLoss:  0.41482
 40,  0 | TrAcc: 0.9283, TrLoss:  0.32907, VaAcc: 0.9123, VaLoss:  0.42239
 41,  0 | TrAcc: 0.9288, TrLoss:  0.32712, VaAcc: 0.9115, VaLoss:  0.42125
 42,  0 | TrAcc: 0.9278, TrLoss:  0.32166, VaAcc: 0.9115, VaLoss:  0.42966
 43,  0 | TrAcc: 0.9285, TrLoss:  0.32158, VaAcc: 0.9115, VaLoss:  0.44197
 44,  0 | TrAcc: 0.9286, TrLoss:  0.31509, VaAcc: 0.9115, VaLoss:  0.45033
 45,  0 | TrAcc: 0.9280, TrLoss:  0.31457, VaAcc: 0.9115, VaLoss:  0.45796
 46,  0 | TrAcc: 0.9285, TrLoss:  0.31169, VaAcc: 0.9115, VaLoss:  0.46906
 47,  0 | TrAcc: 0.9285, TrLoss:  0.30528, VaAcc: 0.9107, VaLoss:  0.48243
 48,  0 | TrAcc: 0.9285, TrLoss:  0.30125, VaAcc: 0.9123, VaLoss:  0.50267
 49,  0 | TrAcc: 0.9280, TrLoss:  0.30225, VaAcc: 0.9123, VaLoss:  0.52468
 50,  0 | TrAcc: 0.9286, TrLoss:  0.29581, VaAcc: 0.9131, VaLoss:  0.57252
 51,  0 | TrAcc: 0.9296, TrLoss:  0.28924, VaAcc: 0.9131, VaLoss:  0.62245
 52,  0 | TrAcc: 0.9293, TrLoss:  0.28845, VaAcc: 0.9139, VaLoss:  0.67107
 53,  0 | TrAcc: 0.9280, TrLoss:  0.28963, VaAcc: 0.9139, VaLoss:  0.76161
 54,  0 | TrAcc: 0.9293, TrLoss:  0.28407, VaAcc: 0.9147, VaLoss:  0.67591
 55,  0 | TrAcc: 0.9299, TrLoss:  0.27639, VaAcc: 0.9155, VaLoss:  0.87820
 56,  0 | TrAcc: 0.9302, TrLoss:  0.27274, VaAcc: 0.9147, VaLoss:  0.95342
 57,  0 | TrAcc: 0.9309, TrLoss:  0.27056, VaAcc: 0.7607, VaLoss:  0.77638
 58,  0 | TrAcc: 0.9322, TrLoss:  0.26778, VaAcc: 0.2796, VaLoss:  1.04521
 59,  0 | TrAcc: 0.9368, TrLoss:  0.26375, VaAcc: 0.2409, VaLoss:  1.11310
 60,  0 | TrAcc: 0.9347, TrLoss:  0.26064, VaAcc: 0.5387, VaLoss:  0.87723
 61,  0 | TrAcc: 0.9377, TrLoss:  0.25368, VaAcc: 0.3183, VaLoss:  1.09174
 62,  0 | TrAcc: 0.9397, TrLoss:  0.25482, VaAcc: 0.2125, VaLoss:  1.25148
 63,  0 | TrAcc: 0.9373, TrLoss:  0.25264, VaAcc: 0.6327, VaLoss:  0.75740
 64,  0 | TrAcc: 0.9397, TrLoss:  0.25303, VaAcc: 0.4921, VaLoss:  0.92613
 65,  0 | TrAcc: 0.9353, TrLoss:  0.25540, VaAcc: 0.1398, VaLoss:  1.44774
 66,  0 | TrAcc: 0.9408, TrLoss:  0.25024, VaAcc: 0.6833, VaLoss:  0.66984
 67,  0 | TrAcc: 0.9374, TrLoss:  0.25309, VaAcc: 0.8294, VaLoss:  0.44169
 68,  0 | TrAcc: 0.9382, TrLoss:  0.24735, VaAcc: 0.7180, VaLoss:  0.62593
 69,  0 | TrAcc: 0.9387, TrLoss:  0.24133, VaAcc: 0.2188, VaLoss:  1.38549
 70,  0 | TrAcc: 0.9374, TrLoss:  0.24669, VaAcc: 0.1461, VaLoss:  1.52209
 71,  0 | TrAcc: 0.9422, TrLoss:  0.23963, VaAcc: 0.4273, VaLoss:  1.04986
 72,  0 | TrAcc: 0.9417, TrLoss:  0.23950, VaAcc: 0.7709, VaLoss:  0.56207
 73,  0 | TrAcc: 0.9433, TrLoss:  0.23635, VaAcc: 0.7954, VaLoss:  0.52040
 74,  0 | TrAcc: 0.9416, TrLoss:  0.23396, VaAcc: 0.5671, VaLoss:  0.86527
 75,  0 | TrAcc: 0.9424, TrLoss:  0.23073, VaAcc: 0.2733, VaLoss:  1.33399
 76,  0 | TrAcc: 0.9392, TrLoss:  0.23273, VaAcc: 0.2322, VaLoss:  1.40506
 77,  0 | TrAcc: 0.9440, TrLoss:  0.22468, VaAcc: 0.3926, VaLoss:  1.13616
 78,  0 | TrAcc: 0.9422, TrLoss:  0.22674, VaAcc: 0.6390, VaLoss:  0.74248
 79,  0 | TrAcc: 0.9433, TrLoss:  0.22836, VaAcc: 0.7291, VaLoss:  0.61326
 80,  0 | TrAcc: 0.9440, TrLoss:  0.22569, VaAcc: 0.6461, VaLoss:  0.73628
 81,  0 | TrAcc: 0.9424, TrLoss:  0.22438, VaAcc: 0.4700, VaLoss:  1.01817
 82,  0 | TrAcc: 0.9419, TrLoss:  0.22039, VaAcc: 0.3254, VaLoss:  1.23773
 83,  0 | TrAcc: 0.9413, TrLoss:  0.21926, VaAcc: 0.3815, VaLoss:  1.13805
 84,  0 | TrAcc: 0.9449, TrLoss:  0.21598, VaAcc: 0.5158, VaLoss:  0.92501
 85,  0 | TrAcc: 0.9441, TrLoss:  0.21757, VaAcc: 0.6896, VaLoss:  0.66799
 86,  0 | TrAcc: 0.9440, TrLoss:  0.21212, VaAcc: 0.6896, VaLoss:  0.66323
 87,  0 | TrAcc: 0.9436, TrLoss:  0.21239, VaAcc: 0.5632, VaLoss:  0.85253
 88,  0 | TrAcc: 0.9449, TrLoss:  0.20847, VaAcc: 0.4479, VaLoss:  1.01479
 89,  0 | TrAcc: 0.9420, TrLoss:  0.21326, VaAcc: 0.3918, VaLoss:  1.11101
 90,  0 | TrAcc: 0.9444, TrLoss:  0.20920, VaAcc: 0.5055, VaLoss:  0.93972
 91,  0 | TrAcc: 0.9456, TrLoss:  0.20580, VaAcc: 0.6959, VaLoss:  0.65103
 92,  0 | TrAcc: 0.9478, TrLoss:  0.20536, VaAcc: 0.7306, VaLoss:  0.58500
 93,  0 | TrAcc: 0.9451, TrLoss:  0.20578, VaAcc: 0.7409, VaLoss:  0.57260
 94,  0 | TrAcc: 0.9472, TrLoss:  0.20315, VaAcc: 0.7306, VaLoss:  0.58891
 95,  0 | TrAcc: 0.9446, TrLoss:  0.20236, VaAcc: 0.7212, VaLoss:  0.60509
 96,  0 | TrAcc: 0.9456, TrLoss:  0.20332, VaAcc: 0.7188, VaLoss:  0.62066
 97,  0 | TrAcc: 0.9467, TrLoss:  0.20016, VaAcc: 0.7370, VaLoss:  0.58120
 98,  0 | TrAcc: 0.9462, TrLoss:  0.19746, VaAcc: 0.7820, VaLoss:  0.50750
 99,  0 | TrAcc: 0.9470, TrLoss:  0.19757, VaAcc: 0.8239, VaLoss:  0.43452
100,  0 | TrAcc: 0.9451, TrLoss:  0.19759, VaAcc: 0.8262, VaLoss:  0.43410
101,  0 | TrAcc: 0.9488, TrLoss:  0.19128, VaAcc: 0.7986, VaLoss:  0.48350
102,  0 | TrAcc: 0.9465, TrLoss:  0.19129, VaAcc: 0.7567, VaLoss:  0.56335
103,  0 | TrAcc: 0.9468, TrLoss:  0.19587, VaAcc: 0.7662, VaLoss:  0.54134
104,  0 | TrAcc: 0.9494, TrLoss:  0.19034, VaAcc: 0.8009, VaLoss:  0.48600
105,  0 | TrAcc: 0.9480, TrLoss:  0.19017, VaAcc: 0.8586, VaLoss:  0.38942
106,  0 | TrAcc: 0.9468, TrLoss:  0.19059, VaAcc: 0.8823, VaLoss:  0.34642
107,  0 | TrAcc: 0.9489, TrLoss:  0.18757, VaAcc: 0.8902, VaLoss:  0.34198
108,  0 | TrAcc: 0.9486, TrLoss:  0.19302, VaAcc: 0.8633, VaLoss:  0.39355
109,  0 | TrAcc: 0.9497, TrLoss:  0.18894, VaAcc: 0.8254, VaLoss:  0.45537
110,  0 | TrAcc: 0.9505, TrLoss:  0.19078, VaAcc: 0.8381, VaLoss:  0.43316
111,  0 | TrAcc: 0.9499, TrLoss:  0.18438, VaAcc: 0.8918, VaLoss:  0.33544
112,  0 | TrAcc: 0.9508, TrLoss:  0.18449, VaAcc: 0.9218, VaLoss:  0.27290
113,  0 | TrAcc: 0.9527, TrLoss:  0.18707, VaAcc: 0.9250, VaLoss:  0.27269
114,  0 | TrAcc: 0.9513, TrLoss:  0.18493, VaAcc: 0.9005, VaLoss:  0.32004
115,  0 | TrAcc: 0.9488, TrLoss:  0.18454, VaAcc: 0.8839, VaLoss:  0.35229
116,  0 | TrAcc: 0.9516, TrLoss:  0.18250, VaAcc: 0.8973, VaLoss:  0.32419
117,  0 | TrAcc: 0.9515, TrLoss:  0.18134, VaAcc: 0.9218, VaLoss:  0.27154
118,  0 | TrAcc: 0.9511, TrLoss:  0.17813, VaAcc: 0.9273, VaLoss:  0.26051
119,  0 | TrAcc: 0.9521, TrLoss:  0.17979, VaAcc: 0.9265, VaLoss:  0.26171
120,  0 | TrAcc: 0.9511, TrLoss:  0.18013, VaAcc: 0.9258, VaLoss:  0.27294
121,  0 | TrAcc: 0.9507, TrLoss:  0.18004, VaAcc: 0.9171, VaLoss:  0.28288
122,  0 | TrAcc: 0.9504, TrLoss:  0.17847, VaAcc: 0.9281, VaLoss:  0.25666
123,  0 | TrAcc: 0.9521, TrLoss:  0.17717, VaAcc: 0.9297, VaLoss:  0.25361
124,  0 | TrAcc: 0.9526, TrLoss:  0.17930, VaAcc: 0.9305, VaLoss:  0.25330
125,  0 | TrAcc: 0.9507, TrLoss:  0.17881, VaAcc: 0.9321, VaLoss:  0.24975
126,  0 | TrAcc: 0.9532, TrLoss:  0.17539, VaAcc: 0.9305, VaLoss:  0.25252
127,  0 | TrAcc: 0.9537, TrLoss:  0.16873, VaAcc: 0.9234, VaLoss:  0.25883
128,  0 | TrAcc: 0.9518, TrLoss:  0.17582, VaAcc: 0.9234, VaLoss:  0.25965
129,  0 | TrAcc: 0.9537, TrLoss:  0.16928, VaAcc: 0.9258, VaLoss:  0.26061
130,  0 | TrAcc: 0.9519, TrLoss:  0.17040, VaAcc: 0.9218, VaLoss:  0.26670
131,  0 | TrAcc: 0.9513, TrLoss:  0.17478, VaAcc: 0.9226, VaLoss:  0.26670
132,  0 | TrAcc: 0.9543, TrLoss:  0.16593, VaAcc: 0.9234, VaLoss:  0.25526
133,  0 | TrAcc: 0.9516, TrLoss:  0.16909, VaAcc: 0.9305, VaLoss:  0.24034
134,  0 | TrAcc: 0.9537, TrLoss:  0.17125, VaAcc: 0.9313, VaLoss:  0.24392
135,  0 | TrAcc: 0.9548, TrLoss:  0.16957, VaAcc: 0.9265, VaLoss:  0.25656
136,  0 | TrAcc: 0.9550, TrLoss:  0.16920, VaAcc: 0.9163, VaLoss:  0.28050
137,  0 | TrAcc: 0.9545, TrLoss:  0.16768, VaAcc: 0.8768, VaLoss:  0.34626
138,  0 | TrAcc: 0.9519, TrLoss:  0.16972, VaAcc: 0.8254, VaLoss:  0.43490
139,  0 | TrAcc: 0.9534, TrLoss:  0.16558, VaAcc: 0.8333, VaLoss:  0.41624
140,  0 | TrAcc: 0.9543, TrLoss:  0.16667, VaAcc: 0.8649, VaLoss:  0.35700
141,  0 | TrAcc: 0.9572, TrLoss:  0.16402, VaAcc: 0.8973, VaLoss:  0.29907
142,  0 | TrAcc: 0.9563, TrLoss:  0.16240, VaAcc: 0.9147, VaLoss:  0.26853
143,  0 | TrAcc: 0.9556, TrLoss:  0.16379, VaAcc: 0.9265, VaLoss:  0.25367
144,  0 | TrAcc: 0.9567, TrLoss:  0.16168, VaAcc: 0.9242, VaLoss:  0.25793
145,  0 | TrAcc: 0.9548, TrLoss:  0.16432, VaAcc: 0.9202, VaLoss:  0.27011
146,  0 | TrAcc: 0.9564, TrLoss:  0.16151, VaAcc: 0.9179, VaLoss:  0.27030
147,  0 | TrAcc: 0.9582, TrLoss:  0.15922, VaAcc: 0.9242, VaLoss:  0.26185
148,  0 | TrAcc: 0.9575, TrLoss:  0.15793, VaAcc: 0.9186, VaLoss:  0.27433
149,  0 | TrAcc: 0.9596, TrLoss:  0.15645, VaAcc: 0.8973, VaLoss:  0.31206
150,  0 | TrAcc: 0.9555, TrLoss:  0.15676, VaAcc: 0.8847, VaLoss:  0.35067
151,  0 | TrAcc: 0.9575, TrLoss:  0.15675, VaAcc: 0.8870, VaLoss:  0.34446
152,  0 | TrAcc: 0.9591, TrLoss:  0.15266, VaAcc: 0.9060, VaLoss:  0.30030
153,  0 | TrAcc: 0.9599, TrLoss:  0.14973, VaAcc: 0.9234, VaLoss:  0.27509
154,  0 | TrAcc: 0.9610, TrLoss:  0.15295, VaAcc: 0.9265, VaLoss:  0.26469
155,  0 | TrAcc: 0.9596, TrLoss:  0.15662, VaAcc: 0.9163, VaLoss:  0.28299
156,  0 | TrAcc: 0.9582, TrLoss:  0.15432, VaAcc: 0.9100, VaLoss:  0.29357
157,  0 | TrAcc: 0.9575, TrLoss:  0.15602, VaAcc: 0.9076, VaLoss:  0.29857
158,  0 | TrAcc: 0.9604, TrLoss:  0.14573, VaAcc: 0.9036, VaLoss:  0.31665
159,  0 | TrAcc: 0.9606, TrLoss:  0.14895, VaAcc: 0.8965, VaLoss:  0.33536
160,  0 | TrAcc: 0.9607, TrLoss:  0.15114, VaAcc: 0.8949, VaLoss:  0.33468
161,  0 | TrAcc: 0.9601, TrLoss:  0.15024, VaAcc: 0.9013, VaLoss:  0.32787
162,  0 | TrAcc: 0.9606, TrLoss:  0.14337, VaAcc: 0.8981, VaLoss:  0.33731
163,  0 | TrAcc: 0.9580, TrLoss:  0.14867, VaAcc: 0.8934, VaLoss:  0.35233
164,  0 | TrAcc: 0.9615, TrLoss:  0.14703, VaAcc: 0.8910, VaLoss:  0.35683
165,  0 | TrAcc: 0.9609, TrLoss:  0.15008, VaAcc: 0.8973, VaLoss:  0.32921
166,  0 | TrAcc: 0.9638, TrLoss:  0.14018, VaAcc: 0.9179, VaLoss:  0.28585
167,  0 | TrAcc: 0.9625, TrLoss:  0.13965, VaAcc: 0.9265, VaLoss:  0.26885
168,  0 | TrAcc: 0.9626, TrLoss:  0.14270, VaAcc: 0.9265, VaLoss:  0.26768
169,  0 | TrAcc: 0.9634, TrLoss:  0.14426, VaAcc: 0.9179, VaLoss:  0.28315
170,  0 | TrAcc: 0.9615, TrLoss:  0.14207, VaAcc: 0.9115, VaLoss:  0.29189
171,  0 | TrAcc: 0.9641, TrLoss:  0.14124, VaAcc: 0.9076, VaLoss:  0.29616
172,  0 | TrAcc: 0.9622, TrLoss:  0.14259, VaAcc: 0.9131, VaLoss:  0.28397
173,  0 | TrAcc: 0.9625, TrLoss:  0.14147, VaAcc: 0.9163, VaLoss:  0.27530
174,  0 | TrAcc: 0.9630, TrLoss:  0.14031, VaAcc: 0.9250, VaLoss:  0.27064
175,  0 | TrAcc: 0.9644, TrLoss:  0.14067, VaAcc: 0.9234, VaLoss:  0.27027
176,  0 | TrAcc: 0.9647, TrLoss:  0.13743, VaAcc: 0.9202, VaLoss:  0.28011
177,  0 | TrAcc: 0.9634, TrLoss:  0.13650, VaAcc: 0.9092, VaLoss:  0.31251
178,  0 | TrAcc: 0.9650, TrLoss:  0.13891, VaAcc: 0.9044, VaLoss:  0.34335
179,  0 | TrAcc: 0.9646, TrLoss:  0.13840, VaAcc: 0.8918, VaLoss:  0.36177
180,  0 | TrAcc: 0.9658, TrLoss:  0.13745, VaAcc: 0.9060, VaLoss:  0.33774
181,  0 | TrAcc: 0.9646, TrLoss:  0.13746, VaAcc: 0.9163, VaLoss:  0.30596
182,  0 | TrAcc: 0.9650, TrLoss:  0.13423, VaAcc: 0.9258, VaLoss:  0.27310
183,  0 | TrAcc: 0.9641, TrLoss:  0.13685, VaAcc: 0.9273, VaLoss:  0.25498
184,  0 | TrAcc: 0.9658, TrLoss:  0.13374, VaAcc: 0.9250, VaLoss:  0.25759
185,  0 | TrAcc: 0.9649, TrLoss:  0.13349, VaAcc: 0.9163, VaLoss:  0.29101
186,  0 | TrAcc: 0.9670, TrLoss:  0.12912, VaAcc: 0.9076, VaLoss:  0.31904
187,  0 | TrAcc: 0.9663, TrLoss:  0.13161, VaAcc: 0.9155, VaLoss:  0.29987
188,  0 | TrAcc: 0.9678, TrLoss:  0.12700, VaAcc: 0.9226, VaLoss:  0.26942
189,  0 | TrAcc: 0.9666, TrLoss:  0.13008, VaAcc: 0.9352, VaLoss:  0.23674
190,  0 | TrAcc: 0.9682, TrLoss:  0.12634, VaAcc: 0.9392, VaLoss:  0.22965
191,  0 | TrAcc: 0.9676, TrLoss:  0.13155, VaAcc: 0.9376, VaLoss:  0.24859
192,  0 | TrAcc: 0.9670, TrLoss:  0.13121, VaAcc: 0.9321, VaLoss:  0.25713
193,  0 | TrAcc: 0.9668, TrLoss:  0.12661, VaAcc: 0.9352, VaLoss:  0.24451
194,  0 | TrAcc: 0.9673, TrLoss:  0.12791, VaAcc: 0.9408, VaLoss:  0.22319
195,  0 | TrAcc: 0.9665, TrLoss:  0.12711, VaAcc: 0.9408, VaLoss:  0.22016
196,  0 | TrAcc: 0.9673, TrLoss:  0.12501, VaAcc: 0.9360, VaLoss:  0.24657
197,  0 | TrAcc: 0.9692, TrLoss:  0.12663, VaAcc: 0.9250, VaLoss:  0.28662
198,  0 | TrAcc: 0.9686, TrLoss:  0.12502, VaAcc: 0.9258, VaLoss:  0.28129
199,  0 | TrAcc: 0.9681, TrLoss:  0.12408, VaAcc: 0.9352, VaLoss:  0.25295
200,  0 | TrAcc: 0.9690, TrLoss:  0.12202, VaAcc: 0.9415, VaLoss:  0.23044
201,  0 | TrAcc: 0.9679, TrLoss:  0.12348, VaAcc: 0.9415, VaLoss:  0.23308
202,  0 | TrAcc: 0.9705, TrLoss:  0.12159, VaAcc: 0.9392, VaLoss:  0.23932
203,  0 | TrAcc: 0.9693, TrLoss:  0.12206, VaAcc: 0.9360, VaLoss:  0.24752
204,  0 | TrAcc: 0.9689, TrLoss:  0.12129, VaAcc: 0.9336, VaLoss:  0.25417
205,  0 | TrAcc: 0.9695, TrLoss:  0.12048, VaAcc: 0.9329, VaLoss:  0.25728
206,  0 | TrAcc: 0.9703, TrLoss:  0.12207, VaAcc: 0.9344, VaLoss:  0.25516
207,  0 | TrAcc: 0.9678, TrLoss:  0.12108, VaAcc: 0.9321, VaLoss:  0.25513
208,  0 | TrAcc: 0.9682, TrLoss:  0.12376, VaAcc: 0.9273, VaLoss:  0.25971
209,  0 | TrAcc: 0.9700, TrLoss:  0.11956, VaAcc: 0.9289, VaLoss:  0.26153
210,  0 | TrAcc: 0.9693, TrLoss:  0.12162, VaAcc: 0.9258, VaLoss:  0.26802
211,  0 | TrAcc: 0.9684, TrLoss:  0.12232, VaAcc: 0.9234, VaLoss:  0.26708
212,  0 | TrAcc: 0.9686, TrLoss:  0.12202, VaAcc: 0.9305, VaLoss:  0.25705
213,  0 | TrAcc: 0.9701, TrLoss:  0.12280, VaAcc: 0.9226, VaLoss:  0.28700
214,  0 | TrAcc: 0.9698, TrLoss:  0.12236, VaAcc: 0.8989, VaLoss:  0.35511
215,  0 | TrAcc: 0.9692, TrLoss:  0.11957, VaAcc: 0.9013, VaLoss:  0.34904
216,  0 | TrAcc: 0.9708, TrLoss:  0.11600, VaAcc: 0.9258, VaLoss:  0.28802
217,  0 | TrAcc: 0.9717, TrLoss:  0.11840, VaAcc: 0.9344, VaLoss:  0.25015
218,  0 | TrAcc: 0.9695, TrLoss:  0.11624, VaAcc: 0.9344, VaLoss:  0.25517
219,  0 | TrAcc: 0.9684, TrLoss:  0.12092, VaAcc: 0.9289, VaLoss:  0.27006
220,  0 | TrAcc: 0.9709, TrLoss:  0.12050, VaAcc: 0.9265, VaLoss:  0.27184
221,  0 | TrAcc: 0.9687, TrLoss:  0.11978, VaAcc: 0.9289, VaLoss:  0.25435
222,  0 | TrAcc: 0.9698, TrLoss:  0.11677, VaAcc: 0.9415, VaLoss:  0.23167
223,  0 | TrAcc: 0.9695, TrLoss:  0.11754, VaAcc: 0.9439, VaLoss:  0.22223
224,  0 | TrAcc: 0.9708, TrLoss:  0.11522, VaAcc: 0.9431, VaLoss:  0.22546
225,  0 | TrAcc: 0.9727, TrLoss:  0.11878, VaAcc: 0.9360, VaLoss:  0.24865
226,  0 | TrAcc: 0.9714, TrLoss:  0.11812, VaAcc: 0.9234, VaLoss:  0.28271
227,  0 | TrAcc: 0.9717, TrLoss:  0.11511, VaAcc: 0.9281, VaLoss:  0.27126
228,  0 | TrAcc: 0.9713, TrLoss:  0.11780, VaAcc: 0.9439, VaLoss:  0.22612
229,  0 | TrAcc: 0.9700, TrLoss:  0.11443, VaAcc: 0.9447, VaLoss:  0.21165
230,  0 | TrAcc: 0.9729, TrLoss:  0.11195, VaAcc: 0.9439, VaLoss:  0.22190
231,  0 | TrAcc: 0.9708, TrLoss:  0.11431, VaAcc: 0.9384, VaLoss:  0.24532
232,  0 | TrAcc: 0.9709, TrLoss:  0.11523, VaAcc: 0.9336, VaLoss:  0.26060
233,  0 | TrAcc: 0.9735, TrLoss:  0.10938, VaAcc: 0.9376, VaLoss:  0.24322
234,  0 | TrAcc: 0.9730, TrLoss:  0.11257, VaAcc: 0.9400, VaLoss:  0.22960
235,  0 | TrAcc: 0.9711, TrLoss:  0.11676, VaAcc: 0.9415, VaLoss:  0.23553
236,  0 | TrAcc: 0.9721, TrLoss:  0.11252, VaAcc: 0.9384, VaLoss:  0.24048
237,  0 | TrAcc: 0.9722, TrLoss:  0.11030, VaAcc: 0.9360, VaLoss:  0.24010
238,  0 | TrAcc: 0.9722, TrLoss:  0.11201, VaAcc: 0.9415, VaLoss:  0.22981
239,  0 | TrAcc: 0.9724, TrLoss:  0.10973, VaAcc: 0.9463, VaLoss:  0.21804
240,  0 | TrAcc: 0.9732, TrLoss:  0.10864, VaAcc: 0.9479, VaLoss:  0.20845
241,  0 | TrAcc: 0.9709, TrLoss:  0.11432, VaAcc: 0.9455, VaLoss:  0.21374
242,  0 | TrAcc: 0.9721, TrLoss:  0.11067, VaAcc: 0.9384, VaLoss:  0.23133
243,  0 | TrAcc: 0.9732, TrLoss:  0.10927, VaAcc: 0.9360, VaLoss:  0.24275
244,  0 | TrAcc: 0.9727, TrLoss:  0.11192, VaAcc: 0.9408, VaLoss:  0.22868
245,  0 | TrAcc: 0.9738, TrLoss:  0.10763, VaAcc: 0.9447, VaLoss:  0.21213
246,  0 | TrAcc: 0.9721, TrLoss:  0.11011, VaAcc: 0.9455, VaLoss:  0.20697
247,  0 | TrAcc: 0.9724, TrLoss:  0.11065, VaAcc: 0.9439, VaLoss:  0.20859
248,  0 | TrAcc: 0.9730, TrLoss:  0.11129, VaAcc: 0.9400, VaLoss:  0.21741
249,  0 | TrAcc: 0.9737, TrLoss:  0.10965, VaAcc: 0.9392, VaLoss:  0.22753
250,  0 | TrAcc: 0.9722, TrLoss:  0.11115, VaAcc: 0.9384, VaLoss:  0.23308
251,  0 | TrAcc: 0.9740, TrLoss:  0.10706, VaAcc: 0.9392, VaLoss:  0.22700
252,  0 | TrAcc: 0.9737, TrLoss:  0.10766, VaAcc: 0.9415, VaLoss:  0.21340
253,  0 | TrAcc: 0.9741, TrLoss:  0.10798, VaAcc: 0.9431, VaLoss:  0.21306
254,  0 | TrAcc: 0.9740, TrLoss:  0.10708, VaAcc: 0.9439, VaLoss:  0.22197
255,  0 | TrAcc: 0.9714, TrLoss:  0.11276, VaAcc: 0.9352, VaLoss:  0.23898
256,  0 | TrAcc: 0.9721, TrLoss:  0.11140, VaAcc: 0.9368, VaLoss:  0.23897
257,  0 | TrAcc: 0.9740, TrLoss:  0.11084, VaAcc: 0.9439, VaLoss:  0.22057
258,  0 | TrAcc: 0.9737, TrLoss:  0.10887, VaAcc: 0.9494, VaLoss:  0.20865
259,  0 | TrAcc: 0.9738, TrLoss:  0.10758, VaAcc: 0.9479, VaLoss:  0.21132
260,  0 | TrAcc: 0.9730, TrLoss:  0.10855, VaAcc: 0.9408, VaLoss:  0.22652
261,  0 | TrAcc: 0.9725, TrLoss:  0.10981, VaAcc: 0.9336, VaLoss:  0.24161
262,  0 | TrAcc: 0.9716, TrLoss:  0.10878, VaAcc: 0.9352, VaLoss:  0.23774
263,  0 | TrAcc: 0.9716, TrLoss:  0.10811, VaAcc: 0.9471, VaLoss:  0.20852
264,  0 | TrAcc: 0.9745, TrLoss:  0.10890, VaAcc: 0.9502, VaLoss:  0.19481
265,  0 | TrAcc: 0.9730, TrLoss:  0.10573, VaAcc: 0.9479, VaLoss:  0.19953
266,  0 | TrAcc: 0.9732, TrLoss:  0.10749, VaAcc: 0.9360, VaLoss:  0.22468
267,  0 | TrAcc: 0.9745, TrLoss:  0.10607, VaAcc: 0.9289, VaLoss:  0.23920
268,  0 | TrAcc: 0.9743, TrLoss:  0.10400, VaAcc: 0.9400, VaLoss:  0.21289
269,  0 | TrAcc: 0.9737, TrLoss:  0.10757, VaAcc: 0.9487, VaLoss:  0.20077
270,  0 | TrAcc: 0.9749, TrLoss:  0.10479, VaAcc: 0.9479, VaLoss:  0.19988
271,  0 | TrAcc: 0.9738, TrLoss:  0.10413, VaAcc: 0.9439, VaLoss:  0.21018
272,  0 | TrAcc: 0.9754, TrLoss:  0.10489, VaAcc: 0.9336, VaLoss:  0.22956
273,  0 | TrAcc: 0.9725, TrLoss:  0.10542, VaAcc: 0.9313, VaLoss:  0.23598
274,  0 | TrAcc: 0.9730, TrLoss:  0.10349, VaAcc: 0.9360, VaLoss:  0.22111
275,  0 | TrAcc: 0.9732, TrLoss:  0.10598, VaAcc: 0.9439, VaLoss:  0.20390
276,  0 | TrAcc: 0.9743, TrLoss:  0.10718, VaAcc: 0.9439, VaLoss:  0.19825
277,  0 | TrAcc: 0.9719, TrLoss:  0.10429, VaAcc: 0.9423, VaLoss:  0.20823
278,  0 | TrAcc: 0.9745, TrLoss:  0.10376, VaAcc: 0.9336, VaLoss:  0.23113
279,  0 | TrAcc: 0.9727, TrLoss:  0.10669, VaAcc: 0.9297, VaLoss:  0.24087
280,  0 | TrAcc: 0.9733, TrLoss:  0.10494, VaAcc: 0.9305, VaLoss:  0.23400
281,  0 | TrAcc: 0.9740, TrLoss:  0.10593, VaAcc: 0.9439, VaLoss:  0.21262
282,  0 | TrAcc: 0.9745, TrLoss:  0.10140, VaAcc: 0.9455, VaLoss:  0.20642
283,  0 | TrAcc: 0.9754, TrLoss:  0.10020, VaAcc: 0.9400, VaLoss:  0.21228
284,  0 | TrAcc: 0.9740, TrLoss:  0.10421, VaAcc: 0.9384, VaLoss:  0.22020
285,  0 | TrAcc: 0.9730, TrLoss:  0.10573, VaAcc: 0.9360, VaLoss:  0.22928
286,  0 | TrAcc: 0.9729, TrLoss:  0.10755, VaAcc: 0.9384, VaLoss:  0.23285
287,  0 | TrAcc: 0.9773, TrLoss:  0.09686, VaAcc: 0.9384, VaLoss:  0.21891
288,  0 | TrAcc: 0.9749, TrLoss:  0.10495, VaAcc: 0.9408, VaLoss:  0.21412
289,  0 | TrAcc: 0.9764, TrLoss:  0.10214, VaAcc: 0.9392, VaLoss:  0.21831
290,  0 | TrAcc: 0.9746, TrLoss:  0.10289, VaAcc: 0.9384, VaLoss:  0.23300
291,  0 | TrAcc: 0.9727, TrLoss:  0.10433, VaAcc: 0.9336, VaLoss:  0.23681
292,  0 | TrAcc: 0.9765, TrLoss:  0.10071, VaAcc: 0.9313, VaLoss:  0.23814
293,  0 | TrAcc: 0.9740, TrLoss:  0.10232, VaAcc: 0.9313, VaLoss:  0.23782
294,  0 | TrAcc: 0.9738, TrLoss:  0.10368, VaAcc: 0.9344, VaLoss:  0.22981
295,  0 | TrAcc: 0.9749, TrLoss:  0.10062, VaAcc: 0.9408, VaLoss:  0.21831
296,  0 | TrAcc: 0.9751, TrLoss:  0.10096, VaAcc: 0.9415, VaLoss:  0.21434
297,  0 | TrAcc: 0.9751, TrLoss:  0.10200, VaAcc: 0.9408, VaLoss:  0.22094
298,  0 | TrAcc: 0.9749, TrLoss:  0.09893, VaAcc: 0.9336, VaLoss:  0.23775
299,  0 | TrAcc: 0.9762, TrLoss:  0.10102, VaAcc: 0.9281, VaLoss:  0.25030
300,  0 | TrAcc: 0.9749, TrLoss:  0.10079, VaAcc: 0.9305, VaLoss:  0.23778
301,  0 | TrAcc: 0.9754, TrLoss:  0.10222, VaAcc: 0.9463, VaLoss:  0.20968
302,  0 | TrAcc: 0.9762, TrLoss:  0.09796, VaAcc: 0.9455, VaLoss:  0.20274
303,  0 | TrAcc: 0.9767, TrLoss:  0.09970, VaAcc: 0.9431, VaLoss:  0.20446
304,  0 | TrAcc: 0.9777, TrLoss:  0.09584, VaAcc: 0.9439, VaLoss:  0.20691
305,  0 | TrAcc: 0.9753, TrLoss:  0.09913, VaAcc: 0.9447, VaLoss:  0.20494
306,  0 | TrAcc: 0.9754, TrLoss:  0.09945, VaAcc: 0.9494, VaLoss:  0.19854
307,  0 | TrAcc: 0.9769, TrLoss:  0.09682, VaAcc: 0.9494, VaLoss:  0.19843
308,  0 | TrAcc: 0.9749, TrLoss:  0.09764, VaAcc: 0.9455, VaLoss:  0.21086
309,  0 | TrAcc: 0.9792, TrLoss:  0.09709, VaAcc: 0.9384, VaLoss:  0.23226
310,  0 | TrAcc: 0.9751, TrLoss:  0.09928, VaAcc: 0.9392, VaLoss:  0.23182
311,  0 | TrAcc: 0.9767, TrLoss:  0.09605, VaAcc: 0.9479, VaLoss:  0.20977
312,  0 | TrAcc: 0.9751, TrLoss:  0.09905, VaAcc: 0.9526, VaLoss:  0.19946
313,  0 | TrAcc: 0.9773, TrLoss:  0.09807, VaAcc: 0.9479, VaLoss:  0.20951
314,  0 | TrAcc: 0.9756, TrLoss:  0.10136, VaAcc: 0.9415, VaLoss:  0.22653
315,  0 | TrAcc: 0.9773, TrLoss:  0.10037, VaAcc: 0.9368, VaLoss:  0.23492
316,  0 | TrAcc: 0.9753, TrLoss:  0.09845, VaAcc: 0.9392, VaLoss:  0.22715
317,  0 | TrAcc: 0.9769, TrLoss:  0.09781, VaAcc: 0.9431, VaLoss:  0.21025
318,  0 | TrAcc: 0.9770, TrLoss:  0.09542, VaAcc: 0.9494, VaLoss:  0.19487
319,  0 | TrAcc: 0.9770, TrLoss:  0.09768, VaAcc: 0.9479, VaLoss:  0.19642
320,  0 | TrAcc: 0.9775, TrLoss:  0.09635, VaAcc: 0.9455, VaLoss:  0.21071
321,  0 | TrAcc: 0.9764, TrLoss:  0.09773, VaAcc: 0.9368, VaLoss:  0.22366
322,  0 | TrAcc: 0.9761, TrLoss:  0.09718, VaAcc: 0.9384, VaLoss:  0.22223
323,  0 | TrAcc: 0.9767, TrLoss:  0.09675, VaAcc: 0.9423, VaLoss:  0.20919
324,  0 | TrAcc: 0.9777, TrLoss:  0.09577, VaAcc: 0.9479, VaLoss:  0.19588
325,  0 | TrAcc: 0.9777, TrLoss:  0.09335, VaAcc: 0.9510, VaLoss:  0.18901
326,  0 | TrAcc: 0.9767, TrLoss:  0.09496, VaAcc: 0.9534, VaLoss:  0.19056
327,  0 | TrAcc: 0.9805, TrLoss:  0.09461, VaAcc: 0.9487, VaLoss:  0.19723
328,  0 | TrAcc: 0.9780, TrLoss:  0.09265, VaAcc: 0.9479, VaLoss:  0.19959
329,  0 | TrAcc: 0.9769, TrLoss:  0.09818, VaAcc: 0.9526, VaLoss:  0.18584
330,  0 | TrAcc: 0.9780, TrLoss:  0.09436, VaAcc: 0.9550, VaLoss:  0.17675
331,  0 | TrAcc: 0.9783, TrLoss:  0.09424, VaAcc: 0.9573, VaLoss:  0.17768
332,  0 | TrAcc: 0.9775, TrLoss:  0.09827, VaAcc: 0.9534, VaLoss:  0.18644
333,  0 | TrAcc: 0.9780, TrLoss:  0.09556, VaAcc: 0.9502, VaLoss:  0.19373
334,  0 | TrAcc: 0.9777, TrLoss:  0.09573, VaAcc: 0.9494, VaLoss:  0.19223
335,  0 | TrAcc: 0.9786, TrLoss:  0.09398, VaAcc: 0.9510, VaLoss:  0.18898
336,  0 | TrAcc: 0.9772, TrLoss:  0.09594, VaAcc: 0.9518, VaLoss:  0.19000
337,  0 | TrAcc: 0.9800, TrLoss:  0.09358, VaAcc: 0.9447, VaLoss:  0.20477
338,  0 | TrAcc: 0.9769, TrLoss:  0.09372, VaAcc: 0.9423, VaLoss:  0.21733
339,  0 | TrAcc: 0.9805, TrLoss:  0.09145, VaAcc: 0.9423, VaLoss:  0.21215
340,  0 | TrAcc: 0.9791, TrLoss:  0.09587, VaAcc: 0.9479, VaLoss:  0.20253
341,  0 | TrAcc: 0.9778, TrLoss:  0.09472, VaAcc: 0.9471, VaLoss:  0.19914
342,  0 | TrAcc: 0.9784, TrLoss:  0.09255, VaAcc: 0.9463, VaLoss:  0.19745
343,  0 | TrAcc: 0.9784, TrLoss:  0.09238, VaAcc: 0.9455, VaLoss:  0.19565
344,  0 | TrAcc: 0.9788, TrLoss:  0.09430, VaAcc: 0.9487, VaLoss:  0.18971
345,  0 | TrAcc: 0.9780, TrLoss:  0.09313, VaAcc: 0.9518, VaLoss:  0.18645
346,  0 | TrAcc: 0.9794, TrLoss:  0.09325, VaAcc: 0.9550, VaLoss:  0.18139
347,  0 | TrAcc: 0.9792, TrLoss:  0.08998, VaAcc: 0.9542, VaLoss:  0.18299
348,  0 | TrAcc: 0.9784, TrLoss:  0.09216, VaAcc: 0.9502, VaLoss:  0.18541
349,  0 | TrAcc: 0.9753, TrLoss:  0.09997, VaAcc: 0.9487, VaLoss:  0.19056
350,  0 | TrAcc: 0.9792, TrLoss:  0.09250, VaAcc: 0.9447, VaLoss:  0.19137
351,  0 | TrAcc: 0.9788, TrLoss:  0.08843, VaAcc: 0.9439, VaLoss:  0.19338
352,  0 | TrAcc: 0.9791, TrLoss:  0.08834, VaAcc: 0.9423, VaLoss:  0.20048
353,  0 | TrAcc: 0.9788, TrLoss:  0.09519, VaAcc: 0.9415, VaLoss:  0.20735
354,  0 | TrAcc: 0.9794, TrLoss:  0.09230, VaAcc: 0.9384, VaLoss:  0.21148
355,  0 | TrAcc: 0.9783, TrLoss:  0.09230, VaAcc: 0.9400, VaLoss:  0.20909
356,  0 | TrAcc: 0.9780, TrLoss:  0.09035, VaAcc: 0.9408, VaLoss:  0.21025
357,  0 | TrAcc: 0.9794, TrLoss:  0.09110, VaAcc: 0.9408, VaLoss:  0.20702
358,  0 | TrAcc: 0.9807, TrLoss:  0.08869, VaAcc: 0.9392, VaLoss:  0.20298
359,  0 | TrAcc: 0.9796, TrLoss:  0.09293, VaAcc: 0.9408, VaLoss:  0.19904
360,  0 | TrAcc: 0.9791, TrLoss:  0.09492, VaAcc: 0.9384, VaLoss:  0.20769
361,  0 | TrAcc: 0.9799, TrLoss:  0.08823, VaAcc: 0.9344, VaLoss:  0.21620
362,  0 | TrAcc: 0.9786, TrLoss:  0.09327, VaAcc: 0.9297, VaLoss:  0.23307
363,  0 | TrAcc: 0.9794, TrLoss:  0.09423, VaAcc: 0.9273, VaLoss:  0.23706
364,  0 | TrAcc: 0.9786, TrLoss:  0.09352, VaAcc: 0.9329, VaLoss:  0.22421
365,  0 | TrAcc: 0.9780, TrLoss:  0.09122, VaAcc: 0.9360, VaLoss:  0.21757
366,  0 | TrAcc: 0.9802, TrLoss:  0.08759, VaAcc: 0.9321, VaLoss:  0.22733
367,  0 | TrAcc: 0.9780, TrLoss:  0.08880, VaAcc: 0.9281, VaLoss:  0.23413
368,  0 | TrAcc: 0.9792, TrLoss:  0.09100, VaAcc: 0.9321, VaLoss:  0.23358
369,  0 | TrAcc: 0.9805, TrLoss:  0.08880, VaAcc: 0.9352, VaLoss:  0.22299
370,  0 | TrAcc: 0.9777, TrLoss:  0.08991, VaAcc: 0.9415, VaLoss:  0.20836
371,  0 | TrAcc: 0.9805, TrLoss:  0.08921, VaAcc: 0.9431, VaLoss:  0.20316
372,  0 | TrAcc: 0.9805, TrLoss:  0.09005, VaAcc: 0.9447, VaLoss:  0.20265
373,  0 | TrAcc: 0.9794, TrLoss:  0.09122, VaAcc: 0.9455, VaLoss:  0.20083
374,  0 | TrAcc: 0.9799, TrLoss:  0.08616, VaAcc: 0.9455, VaLoss:  0.19318
375,  0 | TrAcc: 0.9812, TrLoss:  0.08661, VaAcc: 0.9447, VaLoss:  0.19187
376,  0 | TrAcc: 0.9807, TrLoss:  0.08637, VaAcc: 0.9463, VaLoss:  0.18557
377,  0 | TrAcc: 0.9807, TrLoss:  0.08606, VaAcc: 0.9455, VaLoss:  0.18591
378,  0 | TrAcc: 0.9784, TrLoss:  0.09130, VaAcc: 0.9408, VaLoss:  0.19518
379,  0 | TrAcc: 0.9815, TrLoss:  0.08984, VaAcc: 0.9336, VaLoss:  0.22308
380,  0 | TrAcc: 0.9788, TrLoss:  0.09156, VaAcc: 0.9344, VaLoss:  0.22645
381,  0 | TrAcc: 0.9794, TrLoss:  0.08810, VaAcc: 0.9384, VaLoss:  0.20866
382,  0 | TrAcc: 0.9784, TrLoss:  0.09010, VaAcc: 0.9408, VaLoss:  0.20210
383,  0 | TrAcc: 0.9826, TrLoss:  0.08445, VaAcc: 0.9400, VaLoss:  0.20340
384,  0 | TrAcc: 0.9788, TrLoss:  0.08975, VaAcc: 0.9376, VaLoss:  0.20552
385,  0 | TrAcc: 0.9792, TrLoss:  0.08691, VaAcc: 0.9384, VaLoss:  0.20138
386,  0 | TrAcc: 0.9797, TrLoss:  0.08682, VaAcc: 0.9455, VaLoss:  0.18936
387,  0 | TrAcc: 0.9812, TrLoss:  0.08516, VaAcc: 0.9502, VaLoss:  0.17752
388,  0 | TrAcc: 0.9820, TrLoss:  0.08611, VaAcc: 0.9502, VaLoss:  0.17708
389,  0 | TrAcc: 0.9816, TrLoss:  0.08729, VaAcc: 0.9455, VaLoss:  0.18782
390,  0 | TrAcc: 0.9812, TrLoss:  0.08500, VaAcc: 0.9352, VaLoss:  0.21106
391,  0 | TrAcc: 0.9791, TrLoss:  0.08772, VaAcc: 0.9297, VaLoss:  0.22190
392,  0 | TrAcc: 0.9824, TrLoss:  0.08513, VaAcc: 0.9368, VaLoss:  0.21115
393,  0 | TrAcc: 0.9805, TrLoss:  0.08794, VaAcc: 0.9431, VaLoss:  0.20021
394,  0 | TrAcc: 0.9794, TrLoss:  0.08901, VaAcc: 0.9376, VaLoss:  0.21222
395,  0 | TrAcc: 0.9786, TrLoss:  0.08962, VaAcc: 0.9265, VaLoss:  0.23218
396,  0 | TrAcc: 0.9821, TrLoss:  0.08611, VaAcc: 0.9202, VaLoss:  0.26475
397,  0 | TrAcc: 0.9788, TrLoss:  0.08646, VaAcc: 0.9115, VaLoss:  0.28440
398,  0 | TrAcc: 0.9797, TrLoss:  0.08479, VaAcc: 0.9250, VaLoss:  0.25626
399,  0 | TrAcc: 0.9818, TrLoss:  0.08193, VaAcc: 0.9360, VaLoss:  0.21593
400,  0 | TrAcc: 0.9804, TrLoss:  0.08771, VaAcc: 0.9479, VaLoss:  0.19506
401,  0 | TrAcc: 0.9815, TrLoss:  0.08647, VaAcc: 0.9415, VaLoss:  0.20182
402,  0 | TrAcc: 0.9828, TrLoss:  0.08427, VaAcc: 0.9368, VaLoss:  0.21276
403,  0 | TrAcc: 0.9805, TrLoss:  0.08792, VaAcc: 0.9360, VaLoss:  0.22113
404,  0 | TrAcc: 0.9815, TrLoss:  0.08189, VaAcc: 0.9376, VaLoss:  0.22163
405,  0 | TrAcc: 0.9816, TrLoss:  0.08384, VaAcc: 0.9439, VaLoss:  0.20012
406,  0 | TrAcc: 0.9802, TrLoss:  0.08564, VaAcc: 0.9471, VaLoss:  0.19010
407,  0 | TrAcc: 0.9792, TrLoss:  0.08709, VaAcc: 0.9471, VaLoss:  0.19451
408,  0 | TrAcc: 0.9807, TrLoss:  0.08265, VaAcc: 0.9455, VaLoss:  0.20081
409,  0 | TrAcc: 0.9807, TrLoss:  0.08427, VaAcc: 0.9431, VaLoss:  0.20312
410,  0 | TrAcc: 0.9813, TrLoss:  0.08366, VaAcc: 0.9439, VaLoss:  0.20112
411,  0 | TrAcc: 0.9810, TrLoss:  0.08633, VaAcc: 0.9439, VaLoss:  0.20166
412,  0 | TrAcc: 0.9805, TrLoss:  0.08551, VaAcc: 0.9487, VaLoss:  0.18953
413,  0 | TrAcc: 0.9813, TrLoss:  0.07999, VaAcc: 0.9494, VaLoss:  0.18624
414,  0 | TrAcc: 0.9818, TrLoss:  0.08206, VaAcc: 0.9487, VaLoss:  0.18831
415,  0 | TrAcc: 0.9824, TrLoss:  0.08157, VaAcc: 0.9455, VaLoss:  0.19318
416,  0 | TrAcc: 0.9823, TrLoss:  0.08240, VaAcc: 0.9471, VaLoss:  0.18395
417,  0 | TrAcc: 0.9796, TrLoss:  0.08566, VaAcc: 0.9502, VaLoss:  0.17730
418,  0 | TrAcc: 0.9828, TrLoss:  0.08159, VaAcc: 0.9542, VaLoss:  0.17276
419,  0 | TrAcc: 0.9823, TrLoss:  0.08180, VaAcc: 0.9542, VaLoss:  0.17799
420,  0 | TrAcc: 0.9810, TrLoss:  0.08474, VaAcc: 0.9526, VaLoss:  0.18592
421,  0 | TrAcc: 0.9831, TrLoss:  0.08239, VaAcc: 0.9502, VaLoss:  0.19055
422,  0 | TrAcc: 0.9804, TrLoss:  0.08409, VaAcc: 0.9487, VaLoss:  0.18614
423,  0 | TrAcc: 0.9804, TrLoss:  0.08491, VaAcc: 0.9471, VaLoss:  0.17972
424,  0 | TrAcc: 0.9812, TrLoss:  0.08394, VaAcc: 0.9447, VaLoss:  0.18420
425,  0 | TrAcc: 0.9837, TrLoss:  0.08339, VaAcc: 0.9431, VaLoss:  0.18968
426,  0 | TrAcc: 0.9815, TrLoss:  0.08290, VaAcc: 0.9439, VaLoss:  0.20415
427,  0 | TrAcc: 0.9821, TrLoss:  0.08280, VaAcc: 0.9289, VaLoss:  0.22544
428,  0 | TrAcc: 0.9812, TrLoss:  0.08071, VaAcc: 0.9305, VaLoss:  0.22803
429,  0 | TrAcc: 0.9816, TrLoss:  0.08419, VaAcc: 0.9392, VaLoss:  0.20631
430,  0 | TrAcc: 0.9826, TrLoss:  0.08153, VaAcc: 0.9494, VaLoss:  0.18829
431,  0 | TrAcc: 0.9818, TrLoss:  0.08260, VaAcc: 0.9494, VaLoss:  0.18158
432,  0 | TrAcc: 0.9820, TrLoss:  0.08142, VaAcc: 0.9518, VaLoss:  0.18185
433,  0 | TrAcc: 0.9826, TrLoss:  0.08078, VaAcc: 0.9487, VaLoss:  0.18811
434,  0 | TrAcc: 0.9815, TrLoss:  0.08260, VaAcc: 0.9510, VaLoss:  0.18467
435,  0 | TrAcc: 0.9805, TrLoss:  0.08398, VaAcc: 0.9479, VaLoss:  0.18744
436,  0 | TrAcc: 0.9834, TrLoss:  0.07729, VaAcc: 0.9502, VaLoss:  0.18733
437,  0 | TrAcc: 0.9812, TrLoss:  0.08548, VaAcc: 0.9487, VaLoss:  0.19058
438,  0 | TrAcc: 0.9808, TrLoss:  0.08339, VaAcc: 0.9408, VaLoss:  0.20125
439,  0 | TrAcc: 0.9816, TrLoss:  0.08059, VaAcc: 0.9321, VaLoss:  0.21500
440,  0 | TrAcc: 0.9824, TrLoss:  0.08105, VaAcc: 0.9392, VaLoss:  0.21358
441,  0 | TrAcc: 0.9831, TrLoss:  0.08054, VaAcc: 0.9423, VaLoss:  0.20428
442,  0 | TrAcc: 0.9810, TrLoss:  0.08281, VaAcc: 0.9494, VaLoss:  0.18854
443,  0 | TrAcc: 0.9813, TrLoss:  0.08339, VaAcc: 0.9502, VaLoss:  0.18709
444,  0 | TrAcc: 0.9815, TrLoss:  0.08113, VaAcc: 0.9447, VaLoss:  0.19899
445,  0 | TrAcc: 0.9805, TrLoss:  0.08108, VaAcc: 0.9336, VaLoss:  0.22373
446,  0 | TrAcc: 0.9837, TrLoss:  0.08084, VaAcc: 0.9297, VaLoss:  0.22934
447,  0 | TrAcc: 0.9832, TrLoss:  0.07912, VaAcc: 0.9400, VaLoss:  0.21719
448,  0 | TrAcc: 0.9820, TrLoss:  0.08035, VaAcc: 0.9447, VaLoss:  0.20666
449,  0 | TrAcc: 0.9832, TrLoss:  0.07965, VaAcc: 0.9447, VaLoss:  0.19992
450,  0 | TrAcc: 0.9842, TrLoss:  0.07881, VaAcc: 0.9408, VaLoss:  0.20349
451,  0 | TrAcc: 0.9804, TrLoss:  0.08351, VaAcc: 0.9368, VaLoss:  0.21510
452,  0 | TrAcc: 0.9824, TrLoss:  0.08268, VaAcc: 0.9336, VaLoss:  0.21868
453,  0 | TrAcc: 0.9823, TrLoss:  0.08080, VaAcc: 0.9376, VaLoss:  0.20911
454,  0 | TrAcc: 0.9831, TrLoss:  0.07915, VaAcc: 0.9447, VaLoss:  0.19716
455,  0 | TrAcc: 0.9829, TrLoss:  0.07785, VaAcc: 0.9455, VaLoss:  0.19203
456,  0 | TrAcc: 0.9812, TrLoss:  0.08167, VaAcc: 0.9471, VaLoss:  0.19098
457,  0 | TrAcc: 0.9828, TrLoss:  0.07934, VaAcc: 0.9471, VaLoss:  0.19255
458,  0 | TrAcc: 0.9829, TrLoss:  0.08280, VaAcc: 0.9479, VaLoss:  0.19247
459,  0 | TrAcc: 0.9818, TrLoss:  0.08219, VaAcc: 0.9487, VaLoss:  0.18404
460,  0 | TrAcc: 0.9816, TrLoss:  0.08133, VaAcc: 0.9502, VaLoss:  0.17711
461,  0 | TrAcc: 0.9829, TrLoss:  0.08062, VaAcc: 0.9542, VaLoss:  0.17470
462,  0 | TrAcc: 0.9810, TrLoss:  0.08279, VaAcc: 0.9558, VaLoss:  0.17375
463,  0 | TrAcc: 0.9812, TrLoss:  0.08053, VaAcc: 0.9566, VaLoss:  0.17168
464,  0 | TrAcc: 0.9834, TrLoss:  0.07888, VaAcc: 0.9566, VaLoss:  0.17012
465,  0 | TrAcc: 0.9824, TrLoss:  0.08225, VaAcc: 0.9573, VaLoss:  0.16623
466,  0 | TrAcc: 0.9823, TrLoss:  0.07659, VaAcc: 0.9605, VaLoss:  0.16165
467,  0 | TrAcc: 0.9831, TrLoss:  0.08097, VaAcc: 0.9605, VaLoss:  0.16055
468,  0 | TrAcc: 0.9828, TrLoss:  0.08236, VaAcc: 0.9597, VaLoss:  0.15984
469,  0 | TrAcc: 0.9840, TrLoss:  0.08085, VaAcc: 0.9597, VaLoss:  0.15749
470,  0 | TrAcc: 0.9834, TrLoss:  0.07737, VaAcc: 0.9605, VaLoss:  0.15657
471,  0 | TrAcc: 0.9821, TrLoss:  0.08020, VaAcc: 0.9613, VaLoss:  0.15674
472,  0 | TrAcc: 0.9820, TrLoss:  0.07831, VaAcc: 0.9613, VaLoss:  0.15802
473,  0 | TrAcc: 0.9837, TrLoss:  0.07596, VaAcc: 0.9605, VaLoss:  0.16024
474,  0 | TrAcc: 0.9829, TrLoss:  0.07580, VaAcc: 0.9597, VaLoss:  0.16463
475,  0 | TrAcc: 0.9829, TrLoss:  0.07932, VaAcc: 0.9581, VaLoss:  0.16683
476,  0 | TrAcc: 0.9832, TrLoss:  0.07745, VaAcc: 0.9589, VaLoss:  0.17182
477,  0 | TrAcc: 0.9804, TrLoss:  0.08079, VaAcc: 0.9573, VaLoss:  0.17397
478,  0 | TrAcc: 0.9842, TrLoss:  0.07580, VaAcc: 0.9589, VaLoss:  0.17029
479,  0 | TrAcc: 0.9828, TrLoss:  0.08051, VaAcc: 0.9566, VaLoss:  0.16822
480,  0 | TrAcc: 0.9845, TrLoss:  0.07716, VaAcc: 0.9581, VaLoss:  0.16750
481,  0 | TrAcc: 0.9821, TrLoss:  0.07972, VaAcc: 0.9573, VaLoss:  0.16582
482,  0 | TrAcc: 0.9831, TrLoss:  0.07635, VaAcc: 0.9589, VaLoss:  0.16944
483,  0 | TrAcc: 0.9826, TrLoss:  0.07619, VaAcc: 0.9581, VaLoss:  0.17195
484,  0 | TrAcc: 0.9829, TrLoss:  0.07700, VaAcc: 0.9597, VaLoss:  0.16329
485,  0 | TrAcc: 0.9812, TrLoss:  0.07920, VaAcc: 0.9605, VaLoss:  0.16166
486,  0 | TrAcc: 0.9828, TrLoss:  0.07792, VaAcc: 0.9637, VaLoss:  0.15800
487,  0 | TrAcc: 0.9810, TrLoss:  0.08132, VaAcc: 0.9589, VaLoss:  0.16047
488,  0 | TrAcc: 0.9840, TrLoss:  0.07653, VaAcc: 0.9542, VaLoss:  0.17244
489,  0 | TrAcc: 0.9836, TrLoss:  0.07742, VaAcc: 0.9518, VaLoss:  0.18098
490,  0 | TrAcc: 0.9829, TrLoss:  0.07890, VaAcc: 0.9542, VaLoss:  0.17677
491,  0 | TrAcc: 0.9834, TrLoss:  0.07598, VaAcc: 0.9550, VaLoss:  0.17561
492,  0 | TrAcc: 0.9828, TrLoss:  0.07740, VaAcc: 0.9573, VaLoss:  0.17741
493,  0 | TrAcc: 0.9836, TrLoss:  0.07463, VaAcc: 0.9518, VaLoss:  0.18429
494,  0 | TrAcc: 0.9832, TrLoss:  0.07651, VaAcc: 0.9494, VaLoss:  0.19197
495,  0 | TrAcc: 0.9831, TrLoss:  0.07584, VaAcc: 0.9494, VaLoss:  0.18683
496,  0 | TrAcc: 0.9845, TrLoss:  0.07564, VaAcc: 0.9566, VaLoss:  0.17546
497,  0 | TrAcc: 0.9831, TrLoss:  0.07775, VaAcc: 0.9597, VaLoss:  0.16823
498,  0 | TrAcc: 0.9829, TrLoss:  0.07683, VaAcc: 0.9589, VaLoss:  0.16496
499,  0 | TrAcc: 0.9836, TrLoss:  0.07561, VaAcc: 0.9629, VaLoss:  0.16072
----------------------------
Final Tr Acc   :   0.98356 +-     nan
Final Va Acc   :   0.96288 +-     nan
Final Tr Loss  :   0.07561 +-     nan
Final Va Loss  :   0.16072 +-     nan

TrAcc
Run:  0 | 98.45% in epoch  480

VaAcc
Run:  0 | 96.37% in epoch  486
(1, 500)
