{'mode': {'max_epochs': 500, 'name': 'classic', 'min_error': 0}, 'learning_rate': 0.01, 'task_id': 4}
{'dataset': 'penstroke', 'va': {'out_seq_len': 1, 'mini_batch_mode': False, 'in_seq_len': 25, 'extract_seqs': False, 'zero_padding': 0, 'batch_size': 5000}, 'tr': {'out_seq_len': 1, 'mini_batch_mode': False, 'in_seq_len': 25, 'extract_seqs': False, 'zero_padding': 0, 'batch_size': 5000}}
{'gradient_clip_value': 0.5, 'output_type': 'classification', 'layout': [4, 60, 60, 10], 'layer_configs': [{'layer_type': 'input'}, {'layer_type': 'lstm', 'regularization': {'mode': 'zoneout', 'state_zo_prob': 0.45, 'output_zo_prob': 0.1}, 'is_output': False, 'var_scope': 'lstm_0', 'is_recurrent': True, 'init_config': {'f': {'w': 'all_zero', 'b': 'all_one'}, 'c': {'w': 'xavier', 'b': 'all_zero'}, 'i': {'w': 'xavier', 'b': 'all_zero'}, 'o': {'w': 'xavier', 'b': 'all_zero'}}}, {'layer_type': 'lstm', 'regularization': {'mode': 'zoneout', 'state_zo_prob': 0.45, 'output_zo_prob': 0.1}, 'is_output': False, 'var_scope': 'lstm_1', 'is_recurrent': True, 'init_config': {'o': {'w': 'xavier', 'b': 'all_zero'}, 'c': {'w': 'xavier', 'b': 'all_zero'}, 'i': {'w': 'xavier', 'b': 'all_zero'}, 'f': {'w': 'all_zero', 'b': 'all_one'}}}, {'layer_type': 'fc', 'regularization': {'mode': 'l2', 'strength': 0.003}, 'is_output': True, 'var_scope': 'output_layer', 'is_recurrent': False, 'init_config': {'w': 'xavier', 'b': 'all_zero'}}]}
{'calc_performance_every': 1, 'include_pred': False, 'include_out': False}

=============================
CONFIG FILE

RNN CONFIG
{'gradient_clip_value': 0.5,
 'layer_configs': [{'layer_type': 'input'},
                   {'init_config': {'c': {'b': 'all_zero', 'w': 'xavier'},
                                    'f': {'b': 'all_one', 'w': 'all_zero'},
                                    'i': {'b': 'all_zero', 'w': 'xavier'},
                                    'o': {'b': 'all_zero', 'w': 'xavier'}},
                    'is_output': False,
                    'is_recurrent': True,
                    'layer_type': 'lstm',
                    'regularization': {'mode': 'zoneout',
                                       'output_zo_prob': 0.1,
                                       'state_zo_prob': 0.45},
                    'var_scope': 'lstm_0'},
                   {'init_config': {'c': {'b': 'all_zero', 'w': 'xavier'},
                                    'f': {'b': 'all_one', 'w': 'all_zero'},
                                    'i': {'b': 'all_zero', 'w': 'xavier'},
                                    'o': {'b': 'all_zero', 'w': 'xavier'}},
                    'is_output': False,
                    'is_recurrent': True,
                    'layer_type': 'lstm',
                    'regularization': {'mode': 'zoneout',
                                       'output_zo_prob': 0.1,
                                       'state_zo_prob': 0.45},
                    'var_scope': 'lstm_1'},
                   {'init_config': {'b': 'all_zero', 'w': 'xavier'},
                    'is_output': True,
                    'is_recurrent': False,
                    'layer_type': 'fc',
                    'regularization': {'mode': 'l2', 'strength': 0.003},
                    'var_scope': 'output_layer'}],
 'layout': [4, 60, 60, 10],
 'output_type': 'classification'}

DATA CONFIG
{'dataset': 'penstroke',
 'tr': {'batch_size': 5000,
        'extract_seqs': False,
        'in_seq_len': 25,
        'mini_batch_mode': False,
        'out_seq_len': 1,
        'zero_padding': 0},
 'va': {'batch_size': 5000,
        'extract_seqs': False,
        'in_seq_len': 25,
        'mini_batch_mode': False,
        'out_seq_len': 1,
        'zero_padding': 0}}

TRAINING CONFIG
{'learning_rate': 0.01,
 'mode': {'max_epochs': 500, 'min_error': 0, 'name': 'classic'},
 'task_id': 4}
==============================


  0,  0 | TrAcc: 0.0115, TrLoss:  2.34794, VaAcc: 0.0190, VaLoss:  2.35713
  1,  0 | TrAcc: 0.8527, TrLoss:  1.61552, VaAcc: 0.8373, VaLoss:  1.35219
  2,  0 | TrAcc: 0.8511, TrLoss:  0.87163, VaAcc: 0.8365, VaLoss:  0.81722
  3,  0 | TrAcc: 0.8514, TrLoss:  0.71387, VaAcc: 0.8381, VaLoss:  0.94137
  4,  0 | TrAcc: 0.8590, TrLoss:  0.72063, VaAcc: 0.8420, VaLoss:  0.90425
  5,  0 | TrAcc: 0.8865, TrLoss:  0.62486, VaAcc: 0.8791, VaLoss:  0.71335
  6,  0 | TrAcc: 0.8997, TrLoss:  0.55333, VaAcc: 0.8728, VaLoss:  0.60776
  7,  0 | TrAcc: 0.9159, TrLoss:  0.51670, VaAcc: 0.8989, VaLoss:  0.56718
  8,  0 | TrAcc: 0.9179, TrLoss:  0.49740, VaAcc: 0.9076, VaLoss:  0.53585
  9,  0 | TrAcc: 0.9173, TrLoss:  0.48352, VaAcc: 0.9084, VaLoss:  0.51817
 10,  0 | TrAcc: 0.9160, TrLoss:  0.46362, VaAcc: 0.9107, VaLoss:  0.49059
 11,  0 | TrAcc: 0.9186, TrLoss:  0.43868, VaAcc: 0.9115, VaLoss:  0.47174
 12,  0 | TrAcc: 0.9199, TrLoss:  0.42333, VaAcc: 0.9115, VaLoss:  0.46181
 13,  0 | TrAcc: 0.9229, TrLoss:  0.40818, VaAcc: 0.9131, VaLoss:  0.45482
 14,  0 | TrAcc: 0.9237, TrLoss:  0.40174, VaAcc: 0.9147, VaLoss:  0.44724
 15,  0 | TrAcc: 0.9246, TrLoss:  0.39485, VaAcc: 0.9155, VaLoss:  0.44083
 16,  0 | TrAcc: 0.9254, TrLoss:  0.38819, VaAcc: 0.9155, VaLoss:  0.44346
 17,  0 | TrAcc: 0.9262, TrLoss:  0.38131, VaAcc: 0.9163, VaLoss:  0.44238
 18,  0 | TrAcc: 0.9272, TrLoss:  0.37694, VaAcc: 0.9147, VaLoss:  0.44482
 19,  0 | TrAcc: 0.9272, TrLoss:  0.37893, VaAcc: 0.9131, VaLoss:  0.44826
 20,  0 | TrAcc: 0.9280, TrLoss:  0.37391, VaAcc: 0.9131, VaLoss:  0.44915
 21,  0 | TrAcc: 0.9274, TrLoss:  0.37293, VaAcc: 0.9131, VaLoss:  0.44907
 22,  0 | TrAcc: 0.9270, TrLoss:  0.36840, VaAcc: 0.9131, VaLoss:  0.44046
 23,  0 | TrAcc: 0.9282, TrLoss:  0.36300, VaAcc: 0.9139, VaLoss:  0.42577
 24,  0 | TrAcc: 0.9285, TrLoss:  0.36183, VaAcc: 0.9147, VaLoss:  0.42097
 25,  0 | TrAcc: 0.9272, TrLoss:  0.35796, VaAcc: 0.9139, VaLoss:  0.41728
 26,  0 | TrAcc: 0.9262, TrLoss:  0.35255, VaAcc: 0.9139, VaLoss:  0.41238
 27,  0 | TrAcc: 0.9275, TrLoss:  0.34836, VaAcc: 0.9123, VaLoss:  0.41531
 28,  0 | TrAcc: 0.9264, TrLoss:  0.34771, VaAcc: 0.9123, VaLoss:  0.41782
 29,  0 | TrAcc: 0.9264, TrLoss:  0.34285, VaAcc: 0.9123, VaLoss:  0.41196
 30,  0 | TrAcc: 0.9259, TrLoss:  0.34117, VaAcc: 0.9131, VaLoss:  0.39650
 31,  0 | TrAcc: 0.9274, TrLoss:  0.33880, VaAcc: 0.9131, VaLoss:  0.38987
 32,  0 | TrAcc: 0.9267, TrLoss:  0.33421, VaAcc: 0.9131, VaLoss:  0.39310
 33,  0 | TrAcc: 0.9274, TrLoss:  0.33148, VaAcc: 0.9131, VaLoss:  0.41835
 34,  0 | TrAcc: 0.9274, TrLoss:  0.32748, VaAcc: 0.9123, VaLoss:  0.41374
 35,  0 | TrAcc: 0.9277, TrLoss:  0.32310, VaAcc: 0.9123, VaLoss:  0.38640
 36,  0 | TrAcc: 0.9277, TrLoss:  0.31693, VaAcc: 0.9115, VaLoss:  0.41158
 37,  0 | TrAcc: 0.9283, TrLoss:  0.31200, VaAcc: 0.9115, VaLoss:  0.46766
 38,  0 | TrAcc: 0.9282, TrLoss:  0.30608, VaAcc: 0.9123, VaLoss:  0.43197
 39,  0 | TrAcc: 0.9275, TrLoss:  0.30279, VaAcc: 0.9139, VaLoss:  0.43376
 40,  0 | TrAcc: 0.9283, TrLoss:  0.29832, VaAcc: 0.9139, VaLoss:  0.52811
 41,  0 | TrAcc: 0.9270, TrLoss:  0.29337, VaAcc: 0.9139, VaLoss:  0.43172
 42,  0 | TrAcc: 0.9286, TrLoss:  0.28435, VaAcc: 0.9139, VaLoss:  0.45205
 43,  0 | TrAcc: 0.9285, TrLoss:  0.28509, VaAcc: 0.9139, VaLoss:  0.61214
 44,  0 | TrAcc: 0.9301, TrLoss:  0.27674, VaAcc: 0.9147, VaLoss:  0.39316
 45,  0 | TrAcc: 0.9288, TrLoss:  0.27511, VaAcc: 0.9147, VaLoss:  0.42133
 46,  0 | TrAcc: 0.9291, TrLoss:  0.27451, VaAcc: 0.9147, VaLoss:  0.61144
 47,  0 | TrAcc: 0.9296, TrLoss:  0.26733, VaAcc: 0.9155, VaLoss:  0.40929
 48,  0 | TrAcc: 0.9309, TrLoss:  0.26188, VaAcc: 0.9163, VaLoss:  0.37192
 49,  0 | TrAcc: 0.9314, TrLoss:  0.25923, VaAcc: 0.9163, VaLoss:  0.58609
 50,  0 | TrAcc: 0.9326, TrLoss:  0.25638, VaAcc: 0.9226, VaLoss:  0.41068
 51,  0 | TrAcc: 0.9363, TrLoss:  0.25328, VaAcc: 0.9052, VaLoss:  0.43188
 52,  0 | TrAcc: 0.9395, TrLoss:  0.25156, VaAcc: 0.8389, VaLoss:  0.57405
 53,  0 | TrAcc: 0.9371, TrLoss:  0.24851, VaAcc: 0.9179, VaLoss:  0.32866
 54,  0 | TrAcc: 0.9401, TrLoss:  0.24422, VaAcc: 0.8807, VaLoss:  0.41137
 55,  0 | TrAcc: 0.9395, TrLoss:  0.24308, VaAcc: 0.8468, VaLoss:  0.47810
 56,  0 | TrAcc: 0.9385, TrLoss:  0.24423, VaAcc: 0.9226, VaLoss:  0.29292
 57,  0 | TrAcc: 0.9405, TrLoss:  0.23992, VaAcc: 0.9123, VaLoss:  0.32121
 58,  0 | TrAcc: 0.9400, TrLoss:  0.23640, VaAcc: 0.8460, VaLoss:  0.46285
 59,  0 | TrAcc: 0.9417, TrLoss:  0.23427, VaAcc: 0.9147, VaLoss:  0.31259
 60,  0 | TrAcc: 0.9405, TrLoss:  0.23413, VaAcc: 0.9194, VaLoss:  0.29750
 61,  0 | TrAcc: 0.9393, TrLoss:  0.23225, VaAcc: 0.9028, VaLoss:  0.34661
 62,  0 | TrAcc: 0.9409, TrLoss:  0.22719, VaAcc: 0.8791, VaLoss:  0.38797
 63,  0 | TrAcc: 0.9411, TrLoss:  0.22575, VaAcc: 0.9202, VaLoss:  0.30087
 64,  0 | TrAcc: 0.9435, TrLoss:  0.22598, VaAcc: 0.9265, VaLoss:  0.29081
 65,  0 | TrAcc: 0.9436, TrLoss:  0.22278, VaAcc: 0.9076, VaLoss:  0.33966
 66,  0 | TrAcc: 0.9416, TrLoss:  0.22705, VaAcc: 0.8460, VaLoss:  0.48410
 67,  0 | TrAcc: 0.9441, TrLoss:  0.22193, VaAcc: 0.9265, VaLoss:  0.28829
 68,  0 | TrAcc: 0.9459, TrLoss:  0.22075, VaAcc: 0.9273, VaLoss:  0.27750
 69,  0 | TrAcc: 0.9475, TrLoss:  0.21708, VaAcc: 0.9139, VaLoss:  0.32157
 70,  0 | TrAcc: 0.9444, TrLoss:  0.21622, VaAcc: 0.8365, VaLoss:  0.51955
 71,  0 | TrAcc: 0.9456, TrLoss:  0.21399, VaAcc: 0.9100, VaLoss:  0.34538
 72,  0 | TrAcc: 0.9460, TrLoss:  0.21495, VaAcc: 0.9297, VaLoss:  0.26938
 73,  0 | TrAcc: 0.9473, TrLoss:  0.21288, VaAcc: 0.9273, VaLoss:  0.27117
 74,  0 | TrAcc: 0.9475, TrLoss:  0.20959, VaAcc: 0.9123, VaLoss:  0.33269
 75,  0 | TrAcc: 0.9427, TrLoss:  0.21103, VaAcc: 0.8649, VaLoss:  0.45110
 76,  0 | TrAcc: 0.9473, TrLoss:  0.20446, VaAcc: 0.9092, VaLoss:  0.33325
 77,  0 | TrAcc: 0.9478, TrLoss:  0.20777, VaAcc: 0.9289, VaLoss:  0.27232
 78,  0 | TrAcc: 0.9481, TrLoss:  0.20381, VaAcc: 0.9352, VaLoss:  0.26233
 79,  0 | TrAcc: 0.9476, TrLoss:  0.20161, VaAcc: 0.9179, VaLoss:  0.29472
 80,  0 | TrAcc: 0.9457, TrLoss:  0.20570, VaAcc: 0.8815, VaLoss:  0.37079
 81,  0 | TrAcc: 0.9488, TrLoss:  0.19925, VaAcc: 0.8705, VaLoss:  0.38386
 82,  0 | TrAcc: 0.9486, TrLoss:  0.20137, VaAcc: 0.9242, VaLoss:  0.27497
 83,  0 | TrAcc: 0.9494, TrLoss:  0.20092, VaAcc: 0.9368, VaLoss:  0.24570
 84,  0 | TrAcc: 0.9515, TrLoss:  0.19769, VaAcc: 0.9289, VaLoss:  0.25948
 85,  0 | TrAcc: 0.9488, TrLoss:  0.19655, VaAcc: 0.8918, VaLoss:  0.33061
 86,  0 | TrAcc: 0.9496, TrLoss:  0.19565, VaAcc: 0.8586, VaLoss:  0.40454
 87,  0 | TrAcc: 0.9499, TrLoss:  0.19399, VaAcc: 0.9171, VaLoss:  0.28893
 88,  0 | TrAcc: 0.9510, TrLoss:  0.19265, VaAcc: 0.9423, VaLoss:  0.23473
 89,  0 | TrAcc: 0.9505, TrLoss:  0.19128, VaAcc: 0.9423, VaLoss:  0.23131
 90,  0 | TrAcc: 0.9502, TrLoss:  0.19042, VaAcc: 0.9384, VaLoss:  0.24611
 91,  0 | TrAcc: 0.9505, TrLoss:  0.18848, VaAcc: 0.9179, VaLoss:  0.29086
 92,  0 | TrAcc: 0.9515, TrLoss:  0.18907, VaAcc: 0.9242, VaLoss:  0.28331
 93,  0 | TrAcc: 0.9531, TrLoss:  0.18350, VaAcc: 0.9392, VaLoss:  0.25075
 94,  0 | TrAcc: 0.9510, TrLoss:  0.18282, VaAcc: 0.9471, VaLoss:  0.23366
 95,  0 | TrAcc: 0.9526, TrLoss:  0.18272, VaAcc: 0.9447, VaLoss:  0.24084
 96,  0 | TrAcc: 0.9518, TrLoss:  0.18167, VaAcc: 0.9352, VaLoss:  0.25730
 97,  0 | TrAcc: 0.9524, TrLoss:  0.18362, VaAcc: 0.9250, VaLoss:  0.27181
 98,  0 | TrAcc: 0.9532, TrLoss:  0.17949, VaAcc: 0.9423, VaLoss:  0.24693
 99,  0 | TrAcc: 0.9527, TrLoss:  0.17933, VaAcc: 0.9400, VaLoss:  0.23620
100,  0 | TrAcc: 0.9515, TrLoss:  0.17842, VaAcc: 0.9384, VaLoss:  0.24655
101,  0 | TrAcc: 0.9511, TrLoss:  0.18329, VaAcc: 0.9431, VaLoss:  0.24067
102,  0 | TrAcc: 0.9532, TrLoss:  0.17418, VaAcc: 0.9368, VaLoss:  0.25000
103,  0 | TrAcc: 0.9539, TrLoss:  0.18377, VaAcc: 0.9376, VaLoss:  0.24816
104,  0 | TrAcc: 0.9539, TrLoss:  0.17499, VaAcc: 0.9439, VaLoss:  0.22404
105,  0 | TrAcc: 0.9550, TrLoss:  0.17805, VaAcc: 0.9455, VaLoss:  0.22035
106,  0 | TrAcc: 0.9535, TrLoss:  0.17652, VaAcc: 0.9439, VaLoss:  0.22518
107,  0 | TrAcc: 0.9532, TrLoss:  0.17667, VaAcc: 0.9297, VaLoss:  0.25253
108,  0 | TrAcc: 0.9550, TrLoss:  0.16925, VaAcc: 0.9336, VaLoss:  0.24654
109,  0 | TrAcc: 0.9548, TrLoss:  0.17197, VaAcc: 0.9423, VaLoss:  0.23131
110,  0 | TrAcc: 0.9539, TrLoss:  0.17314, VaAcc: 0.9447, VaLoss:  0.22716
111,  0 | TrAcc: 0.9545, TrLoss:  0.16928, VaAcc: 0.9479, VaLoss:  0.22857
112,  0 | TrAcc: 0.9566, TrLoss:  0.16694, VaAcc: 0.9455, VaLoss:  0.23618
113,  0 | TrAcc: 0.9559, TrLoss:  0.16957, VaAcc: 0.9423, VaLoss:  0.23779
114,  0 | TrAcc: 0.9561, TrLoss:  0.16189, VaAcc: 0.9463, VaLoss:  0.23557
115,  0 | TrAcc: 0.9567, TrLoss:  0.16289, VaAcc: 0.9479, VaLoss:  0.22700
116,  0 | TrAcc: 0.9569, TrLoss:  0.16377, VaAcc: 0.9447, VaLoss:  0.23039
117,  0 | TrAcc: 0.9563, TrLoss:  0.16311, VaAcc: 0.9415, VaLoss:  0.24018
118,  0 | TrAcc: 0.9563, TrLoss:  0.16231, VaAcc: 0.9384, VaLoss:  0.24311
119,  0 | TrAcc: 0.9582, TrLoss:  0.16131, VaAcc: 0.9423, VaLoss:  0.23433
120,  0 | TrAcc: 0.9572, TrLoss:  0.15596, VaAcc: 0.9487, VaLoss:  0.22230
121,  0 | TrAcc: 0.9583, TrLoss:  0.16030, VaAcc: 0.9534, VaLoss:  0.21733
122,  0 | TrAcc: 0.9580, TrLoss:  0.15776, VaAcc: 0.9487, VaLoss:  0.21794
123,  0 | TrAcc: 0.9566, TrLoss:  0.16019, VaAcc: 0.9494, VaLoss:  0.22363
124,  0 | TrAcc: 0.9579, TrLoss:  0.15690, VaAcc: 0.9542, VaLoss:  0.21447
125,  0 | TrAcc: 0.9607, TrLoss:  0.15360, VaAcc: 0.9558, VaLoss:  0.20823
126,  0 | TrAcc: 0.9601, TrLoss:  0.15810, VaAcc: 0.9542, VaLoss:  0.20487
127,  0 | TrAcc: 0.9609, TrLoss:  0.15593, VaAcc: 0.9510, VaLoss:  0.20863
128,  0 | TrAcc: 0.9615, TrLoss:  0.15735, VaAcc: 0.9502, VaLoss:  0.21233
129,  0 | TrAcc: 0.9595, TrLoss:  0.15633, VaAcc: 0.9534, VaLoss:  0.20338
130,  0 | TrAcc: 0.9620, TrLoss:  0.15288, VaAcc: 0.9566, VaLoss:  0.20016
131,  0 | TrAcc: 0.9622, TrLoss:  0.14868, VaAcc: 0.9573, VaLoss:  0.19988
132,  0 | TrAcc: 0.9602, TrLoss:  0.15381, VaAcc: 0.9502, VaLoss:  0.21135
133,  0 | TrAcc: 0.9620, TrLoss:  0.14969, VaAcc: 0.9542, VaLoss:  0.20589
134,  0 | TrAcc: 0.9622, TrLoss:  0.14562, VaAcc: 0.9597, VaLoss:  0.19884
135,  0 | TrAcc: 0.9633, TrLoss:  0.14686, VaAcc: 0.9621, VaLoss:  0.19700
136,  0 | TrAcc: 0.9631, TrLoss:  0.14463, VaAcc: 0.9518, VaLoss:  0.20230
137,  0 | TrAcc: 0.9622, TrLoss:  0.14596, VaAcc: 0.9526, VaLoss:  0.20170
138,  0 | TrAcc: 0.9631, TrLoss:  0.14664, VaAcc: 0.9589, VaLoss:  0.19319
139,  0 | TrAcc: 0.9628, TrLoss:  0.14840, VaAcc: 0.9605, VaLoss:  0.19074
140,  0 | TrAcc: 0.9633, TrLoss:  0.14481, VaAcc: 0.9589, VaLoss:  0.19031
141,  0 | TrAcc: 0.9657, TrLoss:  0.14461, VaAcc: 0.9573, VaLoss:  0.19633
142,  0 | TrAcc: 0.9658, TrLoss:  0.13954, VaAcc: 0.9589, VaLoss:  0.19115
143,  0 | TrAcc: 0.9654, TrLoss:  0.14026, VaAcc: 0.9581, VaLoss:  0.18662
144,  0 | TrAcc: 0.9660, TrLoss:  0.14271, VaAcc: 0.9605, VaLoss:  0.18568
145,  0 | TrAcc: 0.9652, TrLoss:  0.14004, VaAcc: 0.9597, VaLoss:  0.18583
146,  0 | TrAcc: 0.9654, TrLoss:  0.13847, VaAcc: 0.9597, VaLoss:  0.18483
147,  0 | TrAcc: 0.9671, TrLoss:  0.13897, VaAcc: 0.9589, VaLoss:  0.18234
148,  0 | TrAcc: 0.9655, TrLoss:  0.13629, VaAcc: 0.9597, VaLoss:  0.18085
149,  0 | TrAcc: 0.9652, TrLoss:  0.13469, VaAcc: 0.9597, VaLoss:  0.18047
150,  0 | TrAcc: 0.9658, TrLoss:  0.13653, VaAcc: 0.9589, VaLoss:  0.18606
151,  0 | TrAcc: 0.9684, TrLoss:  0.13426, VaAcc: 0.9589, VaLoss:  0.18353
152,  0 | TrAcc: 0.9665, TrLoss:  0.13453, VaAcc: 0.9573, VaLoss:  0.18400
153,  0 | TrAcc: 0.9676, TrLoss:  0.13513, VaAcc: 0.9581, VaLoss:  0.18488
154,  0 | TrAcc: 0.9673, TrLoss:  0.13269, VaAcc: 0.9597, VaLoss:  0.18208
155,  0 | TrAcc: 0.9686, TrLoss:  0.13106, VaAcc: 0.9605, VaLoss:  0.17964
156,  0 | TrAcc: 0.9668, TrLoss:  0.13259, VaAcc: 0.9613, VaLoss:  0.17783
157,  0 | TrAcc: 0.9668, TrLoss:  0.12990, VaAcc: 0.9621, VaLoss:  0.17639
158,  0 | TrAcc: 0.9665, TrLoss:  0.12988, VaAcc: 0.9629, VaLoss:  0.17496
159,  0 | TrAcc: 0.9678, TrLoss:  0.12701, VaAcc: 0.9621, VaLoss:  0.17401
160,  0 | TrAcc: 0.9676, TrLoss:  0.13109, VaAcc: 0.9597, VaLoss:  0.17578
161,  0 | TrAcc: 0.9679, TrLoss:  0.13212, VaAcc: 0.9613, VaLoss:  0.17636
162,  0 | TrAcc: 0.9692, TrLoss:  0.12934, VaAcc: 0.9613, VaLoss:  0.17851
163,  0 | TrAcc: 0.9666, TrLoss:  0.12954, VaAcc: 0.9597, VaLoss:  0.17879
164,  0 | TrAcc: 0.9692, TrLoss:  0.12484, VaAcc: 0.9581, VaLoss:  0.17517
165,  0 | TrAcc: 0.9681, TrLoss:  0.12793, VaAcc: 0.9613, VaLoss:  0.17267
166,  0 | TrAcc: 0.9700, TrLoss:  0.12270, VaAcc: 0.9597, VaLoss:  0.17341
167,  0 | TrAcc: 0.9703, TrLoss:  0.12488, VaAcc: 0.9581, VaLoss:  0.17739
168,  0 | TrAcc: 0.9698, TrLoss:  0.12339, VaAcc: 0.9621, VaLoss:  0.17215
169,  0 | TrAcc: 0.9679, TrLoss:  0.12539, VaAcc: 0.9652, VaLoss:  0.17003
170,  0 | TrAcc: 0.9695, TrLoss:  0.12551, VaAcc: 0.9581, VaLoss:  0.17391
171,  0 | TrAcc: 0.9687, TrLoss:  0.12296, VaAcc: 0.9566, VaLoss:  0.17641
172,  0 | TrAcc: 0.9698, TrLoss:  0.12318, VaAcc: 0.9589, VaLoss:  0.17833
173,  0 | TrAcc: 0.9703, TrLoss:  0.12322, VaAcc: 0.9613, VaLoss:  0.16845
174,  0 | TrAcc: 0.9705, TrLoss:  0.12296, VaAcc: 0.9637, VaLoss:  0.16664
175,  0 | TrAcc: 0.9709, TrLoss:  0.12280, VaAcc: 0.9605, VaLoss:  0.16882
176,  0 | TrAcc: 0.9693, TrLoss:  0.11947, VaAcc: 0.9542, VaLoss:  0.18144
177,  0 | TrAcc: 0.9686, TrLoss:  0.12211, VaAcc: 0.9542, VaLoss:  0.18607
178,  0 | TrAcc: 0.9701, TrLoss:  0.12220, VaAcc: 0.9573, VaLoss:  0.17371
179,  0 | TrAcc: 0.9732, TrLoss:  0.11939, VaAcc: 0.9581, VaLoss:  0.17039
180,  0 | TrAcc: 0.9711, TrLoss:  0.12041, VaAcc: 0.9589, VaLoss:  0.17069
181,  0 | TrAcc: 0.9740, TrLoss:  0.11566, VaAcc: 0.9558, VaLoss:  0.17202
182,  0 | TrAcc: 0.9711, TrLoss:  0.11931, VaAcc: 0.9566, VaLoss:  0.17174
183,  0 | TrAcc: 0.9722, TrLoss:  0.11711, VaAcc: 0.9573, VaLoss:  0.17068
184,  0 | TrAcc: 0.9719, TrLoss:  0.11686, VaAcc: 0.9573, VaLoss:  0.16949
185,  0 | TrAcc: 0.9725, TrLoss:  0.11583, VaAcc: 0.9597, VaLoss:  0.16838
186,  0 | TrAcc: 0.9727, TrLoss:  0.11529, VaAcc: 0.9581, VaLoss:  0.17073
187,  0 | TrAcc: 0.9730, TrLoss:  0.11351, VaAcc: 0.9597, VaLoss:  0.16937
188,  0 | TrAcc: 0.9732, TrLoss:  0.11466, VaAcc: 0.9597, VaLoss:  0.17077
189,  0 | TrAcc: 0.9735, TrLoss:  0.11451, VaAcc: 0.9605, VaLoss:  0.17387
190,  0 | TrAcc: 0.9745, TrLoss:  0.11035, VaAcc: 0.9589, VaLoss:  0.17235
191,  0 | TrAcc: 0.9725, TrLoss:  0.11470, VaAcc: 0.9581, VaLoss:  0.17514
192,  0 | TrAcc: 0.9735, TrLoss:  0.11072, VaAcc: 0.9597, VaLoss:  0.17396
193,  0 | TrAcc: 0.9727, TrLoss:  0.11196, VaAcc: 0.9589, VaLoss:  0.17020
194,  0 | TrAcc: 0.9716, TrLoss:  0.11514, VaAcc: 0.9637, VaLoss:  0.16625
195,  0 | TrAcc: 0.9753, TrLoss:  0.11028, VaAcc: 0.9613, VaLoss:  0.16702
196,  0 | TrAcc: 0.9716, TrLoss:  0.11463, VaAcc: 0.9621, VaLoss:  0.17198
197,  0 | TrAcc: 0.9740, TrLoss:  0.11382, VaAcc: 0.9637, VaLoss:  0.16980
198,  0 | TrAcc: 0.9751, TrLoss:  0.11004, VaAcc: 0.9613, VaLoss:  0.16599
199,  0 | TrAcc: 0.9725, TrLoss:  0.11083, VaAcc: 0.9573, VaLoss:  0.16895
200,  0 | TrAcc: 0.9753, TrLoss:  0.10586, VaAcc: 0.9550, VaLoss:  0.17604
201,  0 | TrAcc: 0.9745, TrLoss:  0.11044, VaAcc: 0.9573, VaLoss:  0.17362
202,  0 | TrAcc: 0.9745, TrLoss:  0.10564, VaAcc: 0.9581, VaLoss:  0.17062
203,  0 | TrAcc: 0.9735, TrLoss:  0.10999, VaAcc: 0.9605, VaLoss:  0.16833
204,  0 | TrAcc: 0.9749, TrLoss:  0.10736, VaAcc: 0.9589, VaLoss:  0.16935
205,  0 | TrAcc: 0.9738, TrLoss:  0.11026, VaAcc: 0.9550, VaLoss:  0.17467
206,  0 | TrAcc: 0.9756, TrLoss:  0.10626, VaAcc: 0.9550, VaLoss:  0.17527
207,  0 | TrAcc: 0.9759, TrLoss:  0.10667, VaAcc: 0.9589, VaLoss:  0.17014
208,  0 | TrAcc: 0.9740, TrLoss:  0.10622, VaAcc: 0.9597, VaLoss:  0.16438
209,  0 | TrAcc: 0.9740, TrLoss:  0.10693, VaAcc: 0.9637, VaLoss:  0.16221
210,  0 | TrAcc: 0.9764, TrLoss:  0.10408, VaAcc: 0.9613, VaLoss:  0.16340
211,  0 | TrAcc: 0.9765, TrLoss:  0.10268, VaAcc: 0.9573, VaLoss:  0.16770
212,  0 | TrAcc: 0.9749, TrLoss:  0.10382, VaAcc: 0.9558, VaLoss:  0.17011
213,  0 | TrAcc: 0.9746, TrLoss:  0.10769, VaAcc: 0.9597, VaLoss:  0.16191
214,  0 | TrAcc: 0.9769, TrLoss:  0.10332, VaAcc: 0.9589, VaLoss:  0.16173
215,  0 | TrAcc: 0.9761, TrLoss:  0.10490, VaAcc: 0.9573, VaLoss:  0.16819
216,  0 | TrAcc: 0.9746, TrLoss:  0.10572, VaAcc: 0.9573, VaLoss:  0.17551
217,  0 | TrAcc: 0.9780, TrLoss:  0.10147, VaAcc: 0.9581, VaLoss:  0.17276
218,  0 | TrAcc: 0.9770, TrLoss:  0.10243, VaAcc: 0.9605, VaLoss:  0.17102
219,  0 | TrAcc: 0.9759, TrLoss:  0.10312, VaAcc: 0.9597, VaLoss:  0.16556
220,  0 | TrAcc: 0.9757, TrLoss:  0.10390, VaAcc: 0.9597, VaLoss:  0.16086
221,  0 | TrAcc: 0.9769, TrLoss:  0.10182, VaAcc: 0.9534, VaLoss:  0.16558
222,  0 | TrAcc: 0.9769, TrLoss:  0.10396, VaAcc: 0.9518, VaLoss:  0.18209
223,  0 | TrAcc: 0.9764, TrLoss:  0.10341, VaAcc: 0.9573, VaLoss:  0.17728
224,  0 | TrAcc: 0.9751, TrLoss:  0.10189, VaAcc: 0.9613, VaLoss:  0.16849
225,  0 | TrAcc: 0.9773, TrLoss:  0.10265, VaAcc: 0.9605, VaLoss:  0.16075
226,  0 | TrAcc: 0.9784, TrLoss:  0.09986, VaAcc: 0.9550, VaLoss:  0.16598
227,  0 | TrAcc: 0.9753, TrLoss:  0.10306, VaAcc: 0.9455, VaLoss:  0.18386
228,  0 | TrAcc: 0.9756, TrLoss:  0.09969, VaAcc: 0.9510, VaLoss:  0.17589
229,  0 | TrAcc: 0.9775, TrLoss:  0.09905, VaAcc: 0.9581, VaLoss:  0.16687
230,  0 | TrAcc: 0.9764, TrLoss:  0.10110, VaAcc: 0.9597, VaLoss:  0.17129
231,  0 | TrAcc: 0.9772, TrLoss:  0.10242, VaAcc: 0.9589, VaLoss:  0.17062
232,  0 | TrAcc: 0.9767, TrLoss:  0.10106, VaAcc: 0.9605, VaLoss:  0.16614
233,  0 | TrAcc: 0.9789, TrLoss:  0.09725, VaAcc: 0.9605, VaLoss:  0.16510
234,  0 | TrAcc: 0.9759, TrLoss:  0.10194, VaAcc: 0.9566, VaLoss:  0.16816
235,  0 | TrAcc: 0.9777, TrLoss:  0.09803, VaAcc: 0.9613, VaLoss:  0.17127
236,  0 | TrAcc: 0.9770, TrLoss:  0.09855, VaAcc: 0.9629, VaLoss:  0.16888
237,  0 | TrAcc: 0.9759, TrLoss:  0.10104, VaAcc: 0.9621, VaLoss:  0.16484
238,  0 | TrAcc: 0.9769, TrLoss:  0.10116, VaAcc: 0.9566, VaLoss:  0.17170
239,  0 | TrAcc: 0.9762, TrLoss:  0.09902, VaAcc: 0.9542, VaLoss:  0.17214
240,  0 | TrAcc: 0.9765, TrLoss:  0.09680, VaAcc: 0.9534, VaLoss:  0.17328
241,  0 | TrAcc: 0.9762, TrLoss:  0.10115, VaAcc: 0.9550, VaLoss:  0.17496
242,  0 | TrAcc: 0.9777, TrLoss:  0.09822, VaAcc: 0.9573, VaLoss:  0.17573
243,  0 | TrAcc: 0.9781, TrLoss:  0.09405, VaAcc: 0.9566, VaLoss:  0.17652
244,  0 | TrAcc: 0.9781, TrLoss:  0.09448, VaAcc: 0.9526, VaLoss:  0.17763
245,  0 | TrAcc: 0.9781, TrLoss:  0.09763, VaAcc: 0.9550, VaLoss:  0.17667
246,  0 | TrAcc: 0.9788, TrLoss:  0.09649, VaAcc: 0.9566, VaLoss:  0.17440
247,  0 | TrAcc: 0.9767, TrLoss:  0.09665, VaAcc: 0.9581, VaLoss:  0.16888
248,  0 | TrAcc: 0.9757, TrLoss:  0.09843, VaAcc: 0.9558, VaLoss:  0.17001
249,  0 | TrAcc: 0.9773, TrLoss:  0.09646, VaAcc: 0.9526, VaLoss:  0.17268
250,  0 | TrAcc: 0.9791, TrLoss:  0.09351, VaAcc: 0.9558, VaLoss:  0.16715
251,  0 | TrAcc: 0.9794, TrLoss:  0.09256, VaAcc: 0.9566, VaLoss:  0.16489
252,  0 | TrAcc: 0.9777, TrLoss:  0.09447, VaAcc: 0.9589, VaLoss:  0.16484
253,  0 | TrAcc: 0.9788, TrLoss:  0.09532, VaAcc: 0.9629, VaLoss:  0.16238
254,  0 | TrAcc: 0.9788, TrLoss:  0.09441, VaAcc: 0.9605, VaLoss:  0.16726
255,  0 | TrAcc: 0.9808, TrLoss:  0.09009, VaAcc: 0.9558, VaLoss:  0.17512
256,  0 | TrAcc: 0.9791, TrLoss:  0.09544, VaAcc: 0.9479, VaLoss:  0.18848
257,  0 | TrAcc: 0.9788, TrLoss:  0.09199, VaAcc: 0.9502, VaLoss:  0.18671
258,  0 | TrAcc: 0.9784, TrLoss:  0.09442, VaAcc: 0.9534, VaLoss:  0.18372
259,  0 | TrAcc: 0.9783, TrLoss:  0.09593, VaAcc: 0.9558, VaLoss:  0.18082
260,  0 | TrAcc: 0.9797, TrLoss:  0.09005, VaAcc: 0.9589, VaLoss:  0.17926
261,  0 | TrAcc: 0.9808, TrLoss:  0.09198, VaAcc: 0.9518, VaLoss:  0.18722
262,  0 | TrAcc: 0.9767, TrLoss:  0.09178, VaAcc: 0.9510, VaLoss:  0.19228
263,  0 | TrAcc: 0.9794, TrLoss:  0.08997, VaAcc: 0.9581, VaLoss:  0.17421
264,  0 | TrAcc: 0.9789, TrLoss:  0.09211, VaAcc: 0.9597, VaLoss:  0.16487
265,  0 | TrAcc: 0.9794, TrLoss:  0.09229, VaAcc: 0.9621, VaLoss:  0.16247
266,  0 | TrAcc: 0.9797, TrLoss:  0.09211, VaAcc: 0.9573, VaLoss:  0.16904
267,  0 | TrAcc: 0.9789, TrLoss:  0.09060, VaAcc: 0.9526, VaLoss:  0.18313
268,  0 | TrAcc: 0.9805, TrLoss:  0.08931, VaAcc: 0.9494, VaLoss:  0.18752
269,  0 | TrAcc: 0.9797, TrLoss:  0.08940, VaAcc: 0.9589, VaLoss:  0.17364
270,  0 | TrAcc: 0.9780, TrLoss:  0.09290, VaAcc: 0.9605, VaLoss:  0.17187
271,  0 | TrAcc: 0.9799, TrLoss:  0.09101, VaAcc: 0.9597, VaLoss:  0.17860
272,  0 | TrAcc: 0.9772, TrLoss:  0.09239, VaAcc: 0.9542, VaLoss:  0.19321
273,  0 | TrAcc: 0.9784, TrLoss:  0.09183, VaAcc: 0.9526, VaLoss:  0.19698
274,  0 | TrAcc: 0.9802, TrLoss:  0.08962, VaAcc: 0.9542, VaLoss:  0.18784
275,  0 | TrAcc: 0.9805, TrLoss:  0.08926, VaAcc: 0.9605, VaLoss:  0.17096
276,  0 | TrAcc: 0.9808, TrLoss:  0.08973, VaAcc: 0.9637, VaLoss:  0.16712
277,  0 | TrAcc: 0.9813, TrLoss:  0.08572, VaAcc: 0.9613, VaLoss:  0.16627
278,  0 | TrAcc: 0.9804, TrLoss:  0.08627, VaAcc: 0.9542, VaLoss:  0.18020
279,  0 | TrAcc: 0.9807, TrLoss:  0.08707, VaAcc: 0.9510, VaLoss:  0.19054
280,  0 | TrAcc: 0.9797, TrLoss:  0.08713, VaAcc: 0.9526, VaLoss:  0.17968
281,  0 | TrAcc: 0.9818, TrLoss:  0.08638, VaAcc: 0.9542, VaLoss:  0.17307
282,  0 | TrAcc: 0.9808, TrLoss:  0.08572, VaAcc: 0.9542, VaLoss:  0.17536
283,  0 | TrAcc: 0.9805, TrLoss:  0.08617, VaAcc: 0.9526, VaLoss:  0.18385
284,  0 | TrAcc: 0.9797, TrLoss:  0.08660, VaAcc: 0.9479, VaLoss:  0.19652
285,  0 | TrAcc: 0.9794, TrLoss:  0.08710, VaAcc: 0.9487, VaLoss:  0.20296
286,  0 | TrAcc: 0.9807, TrLoss:  0.08654, VaAcc: 0.9558, VaLoss:  0.19001
287,  0 | TrAcc: 0.9794, TrLoss:  0.08621, VaAcc: 0.9581, VaLoss:  0.18300
288,  0 | TrAcc: 0.9802, TrLoss:  0.08672, VaAcc: 0.9589, VaLoss:  0.18003
289,  0 | TrAcc: 0.9796, TrLoss:  0.08863, VaAcc: 0.9573, VaLoss:  0.18483
290,  0 | TrAcc: 0.9824, TrLoss:  0.08493, VaAcc: 0.9526, VaLoss:  0.19749
291,  0 | TrAcc: 0.9821, TrLoss:  0.08504, VaAcc: 0.9558, VaLoss:  0.18517
292,  0 | TrAcc: 0.9802, TrLoss:  0.08625, VaAcc: 0.9581, VaLoss:  0.17326
293,  0 | TrAcc: 0.9821, TrLoss:  0.08229, VaAcc: 0.9542, VaLoss:  0.18008
294,  0 | TrAcc: 0.9826, TrLoss:  0.08452, VaAcc: 0.9510, VaLoss:  0.18351
295,  0 | TrAcc: 0.9818, TrLoss:  0.08327, VaAcc: 0.9534, VaLoss:  0.18287
296,  0 | TrAcc: 0.9813, TrLoss:  0.08389, VaAcc: 0.9526, VaLoss:  0.18027
297,  0 | TrAcc: 0.9807, TrLoss:  0.08499, VaAcc: 0.9534, VaLoss:  0.18237
298,  0 | TrAcc: 0.9816, TrLoss:  0.08624, VaAcc: 0.9518, VaLoss:  0.18295
299,  0 | TrAcc: 0.9829, TrLoss:  0.08220, VaAcc: 0.9479, VaLoss:  0.18293
300,  0 | TrAcc: 0.9818, TrLoss:  0.08287, VaAcc: 0.9502, VaLoss:  0.18105
301,  0 | TrAcc: 0.9804, TrLoss:  0.08508, VaAcc: 0.9542, VaLoss:  0.17788
302,  0 | TrAcc: 0.9816, TrLoss:  0.08227, VaAcc: 0.9573, VaLoss:  0.17220
303,  0 | TrAcc: 0.9829, TrLoss:  0.08290, VaAcc: 0.9613, VaLoss:  0.17143
304,  0 | TrAcc: 0.9839, TrLoss:  0.07620, VaAcc: 0.9581, VaLoss:  0.17546
305,  0 | TrAcc: 0.9818, TrLoss:  0.08639, VaAcc: 0.9550, VaLoss:  0.18911
306,  0 | TrAcc: 0.9807, TrLoss:  0.08217, VaAcc: 0.9526, VaLoss:  0.18811
307,  0 | TrAcc: 0.9802, TrLoss:  0.08478, VaAcc: 0.9613, VaLoss:  0.17178
308,  0 | TrAcc: 0.9821, TrLoss:  0.08255, VaAcc: 0.9621, VaLoss:  0.16303
309,  0 | TrAcc: 0.9826, TrLoss:  0.08087, VaAcc: 0.9613, VaLoss:  0.15566
310,  0 | TrAcc: 0.9826, TrLoss:  0.08074, VaAcc: 0.9589, VaLoss:  0.16260
311,  0 | TrAcc: 0.9831, TrLoss:  0.08136, VaAcc: 0.9479, VaLoss:  0.18470
312,  0 | TrAcc: 0.9834, TrLoss:  0.08001, VaAcc: 0.9447, VaLoss:  0.19276
313,  0 | TrAcc: 0.9831, TrLoss:  0.08036, VaAcc: 0.9502, VaLoss:  0.18924
314,  0 | TrAcc: 0.9839, TrLoss:  0.07807, VaAcc: 0.9573, VaLoss:  0.17388
315,  0 | TrAcc: 0.9824, TrLoss:  0.07990, VaAcc: 0.9581, VaLoss:  0.17079
316,  0 | TrAcc: 0.9821, TrLoss:  0.08148, VaAcc: 0.9581, VaLoss:  0.17590
317,  0 | TrAcc: 0.9855, TrLoss:  0.07728, VaAcc: 0.9518, VaLoss:  0.18655
318,  0 | TrAcc: 0.9828, TrLoss:  0.07904, VaAcc: 0.9518, VaLoss:  0.19064
319,  0 | TrAcc: 0.9818, TrLoss:  0.08124, VaAcc: 0.9494, VaLoss:  0.19142
320,  0 | TrAcc: 0.9836, TrLoss:  0.07727, VaAcc: 0.9518, VaLoss:  0.18772
321,  0 | TrAcc: 0.9821, TrLoss:  0.08014, VaAcc: 0.9550, VaLoss:  0.18316
322,  0 | TrAcc: 0.9836, TrLoss:  0.07830, VaAcc: 0.9502, VaLoss:  0.19315
323,  0 | TrAcc: 0.9847, TrLoss:  0.07366, VaAcc: 0.9455, VaLoss:  0.21667
324,  0 | TrAcc: 0.9823, TrLoss:  0.08062, VaAcc: 0.9431, VaLoss:  0.22923
325,  0 | TrAcc: 0.9829, TrLoss:  0.07746, VaAcc: 0.9542, VaLoss:  0.19798
326,  0 | TrAcc: 0.9850, TrLoss:  0.07592, VaAcc: 0.9566, VaLoss:  0.17745
327,  0 | TrAcc: 0.9816, TrLoss:  0.08256, VaAcc: 0.9558, VaLoss:  0.17155
328,  0 | TrAcc: 0.9824, TrLoss:  0.07862, VaAcc: 0.9534, VaLoss:  0.17735
329,  0 | TrAcc: 0.9829, TrLoss:  0.07769, VaAcc: 0.9502, VaLoss:  0.18969
330,  0 | TrAcc: 0.9840, TrLoss:  0.07545, VaAcc: 0.9526, VaLoss:  0.18370
331,  0 | TrAcc: 0.9844, TrLoss:  0.07897, VaAcc: 0.9589, VaLoss:  0.17388
332,  0 | TrAcc: 0.9832, TrLoss:  0.07983, VaAcc: 0.9613, VaLoss:  0.17015
333,  0 | TrAcc: 0.9829, TrLoss:  0.07704, VaAcc: 0.9566, VaLoss:  0.17417
334,  0 | TrAcc: 0.9837, TrLoss:  0.07727, VaAcc: 0.9510, VaLoss:  0.20244
335,  0 | TrAcc: 0.9826, TrLoss:  0.07984, VaAcc: 0.9518, VaLoss:  0.20079
336,  0 | TrAcc: 0.9855, TrLoss:  0.07684, VaAcc: 0.9550, VaLoss:  0.18540
337,  0 | TrAcc: 0.9842, TrLoss:  0.07666, VaAcc: 0.9558, VaLoss:  0.18171
338,  0 | TrAcc: 0.9836, TrLoss:  0.07787, VaAcc: 0.9534, VaLoss:  0.18452
339,  0 | TrAcc: 0.9840, TrLoss:  0.07581, VaAcc: 0.9502, VaLoss:  0.19734
340,  0 | TrAcc: 0.9836, TrLoss:  0.07843, VaAcc: 0.9502, VaLoss:  0.18743
341,  0 | TrAcc: 0.9836, TrLoss:  0.07550, VaAcc: 0.9566, VaLoss:  0.17973
342,  0 | TrAcc: 0.9848, TrLoss:  0.07268, VaAcc: 0.9550, VaLoss:  0.18131
343,  0 | TrAcc: 0.9848, TrLoss:  0.07218, VaAcc: 0.9463, VaLoss:  0.19957
344,  0 | TrAcc: 0.9848, TrLoss:  0.07428, VaAcc: 0.9415, VaLoss:  0.21559
345,  0 | TrAcc: 0.9858, TrLoss:  0.07133, VaAcc: 0.9494, VaLoss:  0.18883
346,  0 | TrAcc: 0.9820, TrLoss:  0.07441, VaAcc: 0.9597, VaLoss:  0.17314
347,  0 | TrAcc: 0.9848, TrLoss:  0.07412, VaAcc: 0.9589, VaLoss:  0.17487
348,  0 | TrAcc: 0.9850, TrLoss:  0.07243, VaAcc: 0.9573, VaLoss:  0.17683
349,  0 | TrAcc: 0.9858, TrLoss:  0.07472, VaAcc: 0.9526, VaLoss:  0.18485
350,  0 | TrAcc: 0.9844, TrLoss:  0.07251, VaAcc: 0.9494, VaLoss:  0.19219
351,  0 | TrAcc: 0.9842, TrLoss:  0.07384, VaAcc: 0.9487, VaLoss:  0.19741
352,  0 | TrAcc: 0.9856, TrLoss:  0.07235, VaAcc: 0.9510, VaLoss:  0.19128
353,  0 | TrAcc: 0.9844, TrLoss:  0.07302, VaAcc: 0.9558, VaLoss:  0.18038
354,  0 | TrAcc: 0.9852, TrLoss:  0.07513, VaAcc: 0.9566, VaLoss:  0.18377
355,  0 | TrAcc: 0.9860, TrLoss:  0.07091, VaAcc: 0.9502, VaLoss:  0.19899
356,  0 | TrAcc: 0.9832, TrLoss:  0.07434, VaAcc: 0.9408, VaLoss:  0.22211
357,  0 | TrAcc: 0.9856, TrLoss:  0.07372, VaAcc: 0.9471, VaLoss:  0.20168
358,  0 | TrAcc: 0.9848, TrLoss:  0.07323, VaAcc: 0.9558, VaLoss:  0.17555
359,  0 | TrAcc: 0.9832, TrLoss:  0.07273, VaAcc: 0.9573, VaLoss:  0.17293
360,  0 | TrAcc: 0.9867, TrLoss:  0.07176, VaAcc: 0.9573, VaLoss:  0.18239
361,  0 | TrAcc: 0.9842, TrLoss:  0.07559, VaAcc: 0.9534, VaLoss:  0.19449
362,  0 | TrAcc: 0.9856, TrLoss:  0.07209, VaAcc: 0.9487, VaLoss:  0.19684
363,  0 | TrAcc: 0.9848, TrLoss:  0.07274, VaAcc: 0.9597, VaLoss:  0.18044
364,  0 | TrAcc: 0.9847, TrLoss:  0.07213, VaAcc: 0.9613, VaLoss:  0.17118
365,  0 | TrAcc: 0.9855, TrLoss:  0.07068, VaAcc: 0.9605, VaLoss:  0.17500
366,  0 | TrAcc: 0.9856, TrLoss:  0.07045, VaAcc: 0.9526, VaLoss:  0.19280
367,  0 | TrAcc: 0.9848, TrLoss:  0.07212, VaAcc: 0.9455, VaLoss:  0.21651
368,  0 | TrAcc: 0.9856, TrLoss:  0.06827, VaAcc: 0.9455, VaLoss:  0.21947
369,  0 | TrAcc: 0.9850, TrLoss:  0.07210, VaAcc: 0.9494, VaLoss:  0.19279
370,  0 | TrAcc: 0.9832, TrLoss:  0.07498, VaAcc: 0.9550, VaLoss:  0.18099
371,  0 | TrAcc: 0.9853, TrLoss:  0.07047, VaAcc: 0.9558, VaLoss:  0.17842
372,  0 | TrAcc: 0.9852, TrLoss:  0.06933, VaAcc: 0.9573, VaLoss:  0.18083
373,  0 | TrAcc: 0.9852, TrLoss:  0.07134, VaAcc: 0.9534, VaLoss:  0.18321
374,  0 | TrAcc: 0.9860, TrLoss:  0.07168, VaAcc: 0.9542, VaLoss:  0.18201
375,  0 | TrAcc: 0.9853, TrLoss:  0.07250, VaAcc: 0.9597, VaLoss:  0.17869
376,  0 | TrAcc: 0.9848, TrLoss:  0.07244, VaAcc: 0.9613, VaLoss:  0.17623
377,  0 | TrAcc: 0.9839, TrLoss:  0.07599, VaAcc: 0.9589, VaLoss:  0.17983
378,  0 | TrAcc: 0.9866, TrLoss:  0.06960, VaAcc: 0.9558, VaLoss:  0.18358
379,  0 | TrAcc: 0.9856, TrLoss:  0.07040, VaAcc: 0.9542, VaLoss:  0.18697
380,  0 | TrAcc: 0.9860, TrLoss:  0.06876, VaAcc: 0.9566, VaLoss:  0.17869
381,  0 | TrAcc: 0.9853, TrLoss:  0.06985, VaAcc: 0.9605, VaLoss:  0.16757
382,  0 | TrAcc: 0.9856, TrLoss:  0.07103, VaAcc: 0.9621, VaLoss:  0.16646
383,  0 | TrAcc: 0.9848, TrLoss:  0.07085, VaAcc: 0.9597, VaLoss:  0.17055
384,  0 | TrAcc: 0.9863, TrLoss:  0.06755, VaAcc: 0.9542, VaLoss:  0.18511
385,  0 | TrAcc: 0.9853, TrLoss:  0.07228, VaAcc: 0.9534, VaLoss:  0.19908
386,  0 | TrAcc: 0.9834, TrLoss:  0.07345, VaAcc: 0.9550, VaLoss:  0.18922
387,  0 | TrAcc: 0.9858, TrLoss:  0.06686, VaAcc: 0.9550, VaLoss:  0.17383
388,  0 | TrAcc: 0.9842, TrLoss:  0.07188, VaAcc: 0.9597, VaLoss:  0.16290
389,  0 | TrAcc: 0.9863, TrLoss:  0.06479, VaAcc: 0.9597, VaLoss:  0.16332
390,  0 | TrAcc: 0.9840, TrLoss:  0.07227, VaAcc: 0.9581, VaLoss:  0.17227
391,  0 | TrAcc: 0.9864, TrLoss:  0.06766, VaAcc: 0.9558, VaLoss:  0.17862
392,  0 | TrAcc: 0.9871, TrLoss:  0.07229, VaAcc: 0.9526, VaLoss:  0.18401
393,  0 | TrAcc: 0.9863, TrLoss:  0.06544, VaAcc: 0.9526, VaLoss:  0.18937
394,  0 | TrAcc: 0.9861, TrLoss:  0.06909, VaAcc: 0.9534, VaLoss:  0.19596
395,  0 | TrAcc: 0.9855, TrLoss:  0.06797, VaAcc: 0.9550, VaLoss:  0.19832
396,  0 | TrAcc: 0.9861, TrLoss:  0.06755, VaAcc: 0.9550, VaLoss:  0.19654
397,  0 | TrAcc: 0.9864, TrLoss:  0.06614, VaAcc: 0.9518, VaLoss:  0.19712
398,  0 | TrAcc: 0.9856, TrLoss:  0.07032, VaAcc: 0.9558, VaLoss:  0.19552
399,  0 | TrAcc: 0.9866, TrLoss:  0.06646, VaAcc: 0.9542, VaLoss:  0.18789
400,  0 | TrAcc: 0.9855, TrLoss:  0.06609, VaAcc: 0.9573, VaLoss:  0.18326
401,  0 | TrAcc: 0.9844, TrLoss:  0.07020, VaAcc: 0.9550, VaLoss:  0.18194
402,  0 | TrAcc: 0.9855, TrLoss:  0.06817, VaAcc: 0.9502, VaLoss:  0.19177
403,  0 | TrAcc: 0.9871, TrLoss:  0.06612, VaAcc: 0.9542, VaLoss:  0.18905
404,  0 | TrAcc: 0.9872, TrLoss:  0.06706, VaAcc: 0.9558, VaLoss:  0.18077
405,  0 | TrAcc: 0.9861, TrLoss:  0.06797, VaAcc: 0.9589, VaLoss:  0.17483
406,  0 | TrAcc: 0.9864, TrLoss:  0.06808, VaAcc: 0.9573, VaLoss:  0.17596
407,  0 | TrAcc: 0.9872, TrLoss:  0.06553, VaAcc: 0.9526, VaLoss:  0.17381
408,  0 | TrAcc: 0.9850, TrLoss:  0.06665, VaAcc: 0.9487, VaLoss:  0.17398
409,  0 | TrAcc: 0.9863, TrLoss:  0.06600, VaAcc: 0.9581, VaLoss:  0.16915
410,  0 | TrAcc: 0.9858, TrLoss:  0.06613, VaAcc: 0.9621, VaLoss:  0.17199
411,  0 | TrAcc: 0.9861, TrLoss:  0.06625, VaAcc: 0.9581, VaLoss:  0.17907
412,  0 | TrAcc: 0.9861, TrLoss:  0.06600, VaAcc: 0.9550, VaLoss:  0.18573
413,  0 | TrAcc: 0.9877, TrLoss:  0.06559, VaAcc: 0.9534, VaLoss:  0.19125
414,  0 | TrAcc: 0.9853, TrLoss:  0.06623, VaAcc: 0.9471, VaLoss:  0.19537
415,  0 | TrAcc: 0.9867, TrLoss:  0.06517, VaAcc: 0.9526, VaLoss:  0.18855
416,  0 | TrAcc: 0.9864, TrLoss:  0.06633, VaAcc: 0.9558, VaLoss:  0.17868
417,  0 | TrAcc: 0.9848, TrLoss:  0.06805, VaAcc: 0.9605, VaLoss:  0.17458
418,  0 | TrAcc: 0.9866, TrLoss:  0.06331, VaAcc: 0.9605, VaLoss:  0.17245
419,  0 | TrAcc: 0.9880, TrLoss:  0.06251, VaAcc: 0.9573, VaLoss:  0.17100
420,  0 | TrAcc: 0.9877, TrLoss:  0.06377, VaAcc: 0.9573, VaLoss:  0.17488
421,  0 | TrAcc: 0.9860, TrLoss:  0.06418, VaAcc: 0.9581, VaLoss:  0.17791
422,  0 | TrAcc: 0.9867, TrLoss:  0.06409, VaAcc: 0.9558, VaLoss:  0.18503
423,  0 | TrAcc: 0.9874, TrLoss:  0.06439, VaAcc: 0.9550, VaLoss:  0.18812
424,  0 | TrAcc: 0.9879, TrLoss:  0.06514, VaAcc: 0.9550, VaLoss:  0.18828
425,  0 | TrAcc: 0.9875, TrLoss:  0.06383, VaAcc: 0.9518, VaLoss:  0.18836
426,  0 | TrAcc: 0.9871, TrLoss:  0.06500, VaAcc: 0.9534, VaLoss:  0.18766
427,  0 | TrAcc: 0.9874, TrLoss:  0.06283, VaAcc: 0.9550, VaLoss:  0.18200
428,  0 | TrAcc: 0.9858, TrLoss:  0.06640, VaAcc: 0.9573, VaLoss:  0.17940
429,  0 | TrAcc: 0.9872, TrLoss:  0.06497, VaAcc: 0.9566, VaLoss:  0.18184
430,  0 | TrAcc: 0.9885, TrLoss:  0.06529, VaAcc: 0.9581, VaLoss:  0.18315
431,  0 | TrAcc: 0.9867, TrLoss:  0.06230, VaAcc: 0.9558, VaLoss:  0.18644
432,  0 | TrAcc: 0.9891, TrLoss:  0.06166, VaAcc: 0.9542, VaLoss:  0.19245
433,  0 | TrAcc: 0.9887, TrLoss:  0.06352, VaAcc: 0.9447, VaLoss:  0.20550
434,  0 | TrAcc: 0.9877, TrLoss:  0.06272, VaAcc: 0.9455, VaLoss:  0.20837
435,  0 | TrAcc: 0.9875, TrLoss:  0.06506, VaAcc: 0.9479, VaLoss:  0.19805
436,  0 | TrAcc: 0.9860, TrLoss:  0.06748, VaAcc: 0.9581, VaLoss:  0.18459
437,  0 | TrAcc: 0.9874, TrLoss:  0.06792, VaAcc: 0.9589, VaLoss:  0.17650
438,  0 | TrAcc: 0.9869, TrLoss:  0.06388, VaAcc: 0.9621, VaLoss:  0.17728
439,  0 | TrAcc: 0.9879, TrLoss:  0.06249, VaAcc: 0.9589, VaLoss:  0.18524
440,  0 | TrAcc: 0.9890, TrLoss:  0.06062, VaAcc: 0.9542, VaLoss:  0.19027
441,  0 | TrAcc: 0.9875, TrLoss:  0.06273, VaAcc: 0.9558, VaLoss:  0.19239
442,  0 | TrAcc: 0.9875, TrLoss:  0.06183, VaAcc: 0.9542, VaLoss:  0.20061
443,  0 | TrAcc: 0.9867, TrLoss:  0.06364, VaAcc: 0.9526, VaLoss:  0.20452
444,  0 | TrAcc: 0.9875, TrLoss:  0.06280, VaAcc: 0.9566, VaLoss:  0.19274
445,  0 | TrAcc: 0.9871, TrLoss:  0.06341, VaAcc: 0.9581, VaLoss:  0.17934
446,  0 | TrAcc: 0.9871, TrLoss:  0.06425, VaAcc: 0.9597, VaLoss:  0.17347
447,  0 | TrAcc: 0.9872, TrLoss:  0.06234, VaAcc: 0.9613, VaLoss:  0.17417
448,  0 | TrAcc: 0.9875, TrLoss:  0.06416, VaAcc: 0.9510, VaLoss:  0.18949
449,  0 | TrAcc: 0.9874, TrLoss:  0.06137, VaAcc: 0.9502, VaLoss:  0.19843
450,  0 | TrAcc: 0.9895, TrLoss:  0.05979, VaAcc: 0.9518, VaLoss:  0.19104
451,  0 | TrAcc: 0.9888, TrLoss:  0.05975, VaAcc: 0.9518, VaLoss:  0.18746
452,  0 | TrAcc: 0.9890, TrLoss:  0.05959, VaAcc: 0.9479, VaLoss:  0.19262
453,  0 | TrAcc: 0.9885, TrLoss:  0.06077, VaAcc: 0.9455, VaLoss:  0.20299
454,  0 | TrAcc: 0.9883, TrLoss:  0.06168, VaAcc: 0.9502, VaLoss:  0.19262
455,  0 | TrAcc: 0.9879, TrLoss:  0.05907, VaAcc: 0.9573, VaLoss:  0.17647
456,  0 | TrAcc: 0.9875, TrLoss:  0.06134, VaAcc: 0.9605, VaLoss:  0.17090
457,  0 | TrAcc: 0.9909, TrLoss:  0.05803, VaAcc: 0.9581, VaLoss:  0.17556
458,  0 | TrAcc: 0.9888, TrLoss:  0.06027, VaAcc: 0.9566, VaLoss:  0.18359
459,  0 | TrAcc: 0.9882, TrLoss:  0.06092, VaAcc: 0.9550, VaLoss:  0.19012
460,  0 | TrAcc: 0.9899, TrLoss:  0.05736, VaAcc: 0.9534, VaLoss:  0.19209
461,  0 | TrAcc: 0.9887, TrLoss:  0.05989, VaAcc: 0.9526, VaLoss:  0.19059
462,  0 | TrAcc: 0.9875, TrLoss:  0.06020, VaAcc: 0.9542, VaLoss:  0.19097
463,  0 | TrAcc: 0.9893, TrLoss:  0.06053, VaAcc: 0.9573, VaLoss:  0.19162
464,  0 | TrAcc: 0.9885, TrLoss:  0.05944, VaAcc: 0.9518, VaLoss:  0.19996
465,  0 | TrAcc: 0.9893, TrLoss:  0.06201, VaAcc: 0.9502, VaLoss:  0.20610
466,  0 | TrAcc: 0.9880, TrLoss:  0.06056, VaAcc: 0.9518, VaLoss:  0.20223
467,  0 | TrAcc: 0.9882, TrLoss:  0.05993, VaAcc: 0.9558, VaLoss:  0.19146
468,  0 | TrAcc: 0.9879, TrLoss:  0.06143, VaAcc: 0.9589, VaLoss:  0.18615
469,  0 | TrAcc: 0.9883, TrLoss:  0.05936, VaAcc: 0.9550, VaLoss:  0.18548
470,  0 | TrAcc: 0.9893, TrLoss:  0.05863, VaAcc: 0.9566, VaLoss:  0.18248
471,  0 | TrAcc: 0.9882, TrLoss:  0.05788, VaAcc: 0.9581, VaLoss:  0.17890
472,  0 | TrAcc: 0.9869, TrLoss:  0.06029, VaAcc: 0.9581, VaLoss:  0.17428
473,  0 | TrAcc: 0.9885, TrLoss:  0.05857, VaAcc: 0.9597, VaLoss:  0.17750
474,  0 | TrAcc: 0.9887, TrLoss:  0.06001, VaAcc: 0.9550, VaLoss:  0.18958
475,  0 | TrAcc: 0.9883, TrLoss:  0.05970, VaAcc: 0.9431, VaLoss:  0.21715
476,  0 | TrAcc: 0.9890, TrLoss:  0.05798, VaAcc: 0.9415, VaLoss:  0.22527
477,  0 | TrAcc: 0.9903, TrLoss:  0.05844, VaAcc: 0.9431, VaLoss:  0.21907
478,  0 | TrAcc: 0.9887, TrLoss:  0.05827, VaAcc: 0.9447, VaLoss:  0.20888
479,  0 | TrAcc: 0.9883, TrLoss:  0.06093, VaAcc: 0.9510, VaLoss:  0.19264
480,  0 | TrAcc: 0.9906, TrLoss:  0.05680, VaAcc: 0.9550, VaLoss:  0.18031
481,  0 | TrAcc: 0.9875, TrLoss:  0.05955, VaAcc: 0.9542, VaLoss:  0.17702
482,  0 | TrAcc: 0.9882, TrLoss:  0.05851, VaAcc: 0.9502, VaLoss:  0.18313
483,  0 | TrAcc: 0.9879, TrLoss:  0.05931, VaAcc: 0.9471, VaLoss:  0.19251
484,  0 | TrAcc: 0.9874, TrLoss:  0.06152, VaAcc: 0.9534, VaLoss:  0.18442
485,  0 | TrAcc: 0.9895, TrLoss:  0.05758, VaAcc: 0.9573, VaLoss:  0.17912
486,  0 | TrAcc: 0.9891, TrLoss:  0.05856, VaAcc: 0.9566, VaLoss:  0.18332
487,  0 | TrAcc: 0.9883, TrLoss:  0.05962, VaAcc: 0.9542, VaLoss:  0.18703
488,  0 | TrAcc: 0.9882, TrLoss:  0.06022, VaAcc: 0.9510, VaLoss:  0.18885
489,  0 | TrAcc: 0.9907, TrLoss:  0.05530, VaAcc: 0.9526, VaLoss:  0.18738
490,  0 | TrAcc: 0.9882, TrLoss:  0.05850, VaAcc: 0.9518, VaLoss:  0.18745
491,  0 | TrAcc: 0.9896, TrLoss:  0.05728, VaAcc: 0.9581, VaLoss:  0.18390
492,  0 | TrAcc: 0.9891, TrLoss:  0.05695, VaAcc: 0.9573, VaLoss:  0.18697
493,  0 | TrAcc: 0.9899, TrLoss:  0.05633, VaAcc: 0.9573, VaLoss:  0.18348
494,  0 | TrAcc: 0.9898, TrLoss:  0.05601, VaAcc: 0.9573, VaLoss:  0.17823
495,  0 | TrAcc: 0.9907, TrLoss:  0.05462, VaAcc: 0.9581, VaLoss:  0.18071
496,  0 | TrAcc: 0.9893, TrLoss:  0.05773, VaAcc: 0.9566, VaLoss:  0.18828
497,  0 | TrAcc: 0.9896, TrLoss:  0.05854, VaAcc: 0.9518, VaLoss:  0.18729
498,  0 | TrAcc: 0.9899, TrLoss:  0.05585, VaAcc: 0.9510, VaLoss:  0.19127
499,  0 | TrAcc: 0.9907, TrLoss:  0.05612, VaAcc: 0.9510, VaLoss:  0.19109
----------------------------
Final Tr Acc   :   0.99074 +-     nan
Final Va Acc   :   0.95103 +-     nan
Final Tr Loss  :   0.05612 +-     nan
Final Va Loss  :   0.19109 +-     nan

TrAcc
Run:  0 | 99.09% in epoch  457

VaAcc
Run:  0 | 96.52% in epoch  169
(1, 500)
