{'mode': {'max_epochs': 500, 'name': 'classic', 'min_error': 0}, 'task_id': 2, 'learning_rate': 0.01}
{'tr': {'zero_padding': 0, 'batch_size': 5000, 'in_seq_len': 25, 'mini_batch_mode': False, 'out_seq_len': 1, 'extract_seqs': False}, 'dataset': 'penstroke', 'va': {'zero_padding': 0, 'batch_size': 5000, 'in_seq_len': 25, 'mini_batch_mode': False, 'out_seq_len': 1, 'extract_seqs': False}}
{'layer_configs': [{'layer_type': 'input'}, {'regularization': {'mode': 'zoneout', 'state_zo_prob': 0.6, 'output_zo_prob': 0.05}, 'is_recurrent': True, 'layer_type': 'lstm', 'is_output': False, 'var_scope': 'lstm_0', 'init_config': {'c': {'b': 'all_zero', 'w': 'xavier'}, 'i': {'b': 'all_zero', 'w': 'xavier'}, 'o': {'b': 'all_zero', 'w': 'xavier'}, 'f': {'b': 'all_one', 'w': 'all_zero'}}}, {'regularization': {'mode': 'zoneout', 'state_zo_prob': 0.6, 'output_zo_prob': 0.05}, 'is_recurrent': True, 'layer_type': 'lstm', 'is_output': False, 'var_scope': 'lstm_1', 'init_config': {'c': {'b': 'all_zero', 'w': 'xavier'}, 'i': {'b': 'all_zero', 'w': 'xavier'}, 'o': {'b': 'all_zero', 'w': 'xavier'}, 'f': {'b': 'all_one', 'w': 'all_zero'}}}, {'regularization': {'mode': 'l2', 'strength': 0.003}, 'is_recurrent': False, 'layer_type': 'fc', 'is_output': True, 'var_scope': 'output_layer', 'init_config': {'b': 'all_zero', 'w': 'xavier'}}], 'output_type': 'classification', 'layout': [4, 60, 60, 10], 'gradient_clip_value': 0.5}
{'calc_performance_every': 1, 'include_pred': False, 'include_out': False}

=============================
CONFIG FILE

RNN CONFIG
{'gradient_clip_value': 0.5,
 'layer_configs': [{'layer_type': 'input'},
                   {'init_config': {'c': {'b': 'all_zero', 'w': 'xavier'},
                                    'f': {'b': 'all_one', 'w': 'all_zero'},
                                    'i': {'b': 'all_zero', 'w': 'xavier'},
                                    'o': {'b': 'all_zero', 'w': 'xavier'}},
                    'is_output': False,
                    'is_recurrent': True,
                    'layer_type': 'lstm',
                    'regularization': {'mode': 'zoneout',
                                       'output_zo_prob': 0.05,
                                       'state_zo_prob': 0.6},
                    'var_scope': 'lstm_0'},
                   {'init_config': {'c': {'b': 'all_zero', 'w': 'xavier'},
                                    'f': {'b': 'all_one', 'w': 'all_zero'},
                                    'i': {'b': 'all_zero', 'w': 'xavier'},
                                    'o': {'b': 'all_zero', 'w': 'xavier'}},
                    'is_output': False,
                    'is_recurrent': True,
                    'layer_type': 'lstm',
                    'regularization': {'mode': 'zoneout',
                                       'output_zo_prob': 0.05,
                                       'state_zo_prob': 0.6},
                    'var_scope': 'lstm_1'},
                   {'init_config': {'b': 'all_zero', 'w': 'xavier'},
                    'is_output': True,
                    'is_recurrent': False,
                    'layer_type': 'fc',
                    'regularization': {'mode': 'l2', 'strength': 0.003},
                    'var_scope': 'output_layer'}],
 'layout': [4, 60, 60, 10],
 'output_type': 'classification'}

DATA CONFIG
{'dataset': 'penstroke',
 'tr': {'batch_size': 5000,
        'extract_seqs': False,
        'in_seq_len': 25,
        'mini_batch_mode': False,
        'out_seq_len': 1,
        'zero_padding': 0},
 'va': {'batch_size': 5000,
        'extract_seqs': False,
        'in_seq_len': 25,
        'mini_batch_mode': False,
        'out_seq_len': 1,
        'zero_padding': 0}}

TRAINING CONFIG
{'learning_rate': 0.01,
 'mode': {'max_epochs': 500, 'min_error': 0, 'name': 'classic'},
 'task_id': 2}
==============================


  0,  0 | TrAcc: 0.0120, TrLoss:  2.36803, VaAcc: 0.0964, VaLoss:  2.26339
  1,  0 | TrAcc: 0.8541, TrLoss:  1.86286, VaAcc: 0.8404, VaLoss:  1.35034
  2,  0 | TrAcc: 0.8525, TrLoss:  1.18080, VaAcc: 0.8381, VaLoss:  0.78844
  3,  0 | TrAcc: 0.8520, TrLoss:  0.69443, VaAcc: 0.8381, VaLoss:  0.87395
  4,  0 | TrAcc: 0.8533, TrLoss:  0.71776, VaAcc: 0.8452, VaLoss:  0.89576
  5,  0 | TrAcc: 0.8643, TrLoss:  0.65071, VaAcc: 0.8847, VaLoss:  0.68522
  6,  0 | TrAcc: 0.8945, TrLoss:  0.53068, VaAcc: 0.8720, VaLoss:  0.60865
  7,  0 | TrAcc: 0.9148, TrLoss:  0.49292, VaAcc: 0.8626, VaLoss:  0.60578
  8,  0 | TrAcc: 0.9133, TrLoss:  0.51127, VaAcc: 0.8918, VaLoss:  0.60223
  9,  0 | TrAcc: 0.9132, TrLoss:  0.45391, VaAcc: 0.9044, VaLoss:  0.48361
 10,  0 | TrAcc: 0.9167, TrLoss:  0.41282, VaAcc: 0.9115, VaLoss:  0.46342
 11,  0 | TrAcc: 0.9203, TrLoss:  0.39806, VaAcc: 0.9123, VaLoss:  0.45519
 12,  0 | TrAcc: 0.9235, TrLoss:  0.39300, VaAcc: 0.9155, VaLoss:  0.44856
 13,  0 | TrAcc: 0.9227, TrLoss:  0.39518, VaAcc: 0.9155, VaLoss:  0.45065
 14,  0 | TrAcc: 0.9245, TrLoss:  0.39370, VaAcc: 0.9155, VaLoss:  0.45446
 15,  0 | TrAcc: 0.9258, TrLoss:  0.38950, VaAcc: 0.9155, VaLoss:  0.45555
 16,  0 | TrAcc: 0.9264, TrLoss:  0.38336, VaAcc: 0.9139, VaLoss:  0.45939
 17,  0 | TrAcc: 0.9270, TrLoss:  0.38030, VaAcc: 0.9131, VaLoss:  0.46304
 18,  0 | TrAcc: 0.9270, TrLoss:  0.37960, VaAcc: 0.9123, VaLoss:  0.46290
 19,  0 | TrAcc: 0.9266, TrLoss:  0.37891, VaAcc: 0.9131, VaLoss:  0.46171
 20,  0 | TrAcc: 0.9262, TrLoss:  0.37106, VaAcc: 0.9131, VaLoss:  0.46010
 21,  0 | TrAcc: 0.9274, TrLoss:  0.36598, VaAcc: 0.9131, VaLoss:  0.44940
 22,  0 | TrAcc: 0.9274, TrLoss:  0.35923, VaAcc: 0.9131, VaLoss:  0.44585
 23,  0 | TrAcc: 0.9267, TrLoss:  0.35818, VaAcc: 0.9139, VaLoss:  0.44040
 24,  0 | TrAcc: 0.9269, TrLoss:  0.35609, VaAcc: 0.9139, VaLoss:  0.43581
 25,  0 | TrAcc: 0.9259, TrLoss:  0.35528, VaAcc: 0.9123, VaLoss:  0.42785
 26,  0 | TrAcc: 0.9267, TrLoss:  0.35433, VaAcc: 0.9131, VaLoss:  0.42107
 27,  0 | TrAcc: 0.9267, TrLoss:  0.35291, VaAcc: 0.9131, VaLoss:  0.41706
 28,  0 | TrAcc: 0.9283, TrLoss:  0.34945, VaAcc: 0.9123, VaLoss:  0.41432
 29,  0 | TrAcc: 0.9272, TrLoss:  0.34712, VaAcc: 0.9123, VaLoss:  0.40824
 30,  0 | TrAcc: 0.9290, TrLoss:  0.34373, VaAcc: 0.9123, VaLoss:  0.40772
 31,  0 | TrAcc: 0.9283, TrLoss:  0.34190, VaAcc: 0.9123, VaLoss:  0.41003
 32,  0 | TrAcc: 0.9293, TrLoss:  0.33971, VaAcc: 0.9107, VaLoss:  0.40903
 33,  0 | TrAcc: 0.9277, TrLoss:  0.33783, VaAcc: 0.9107, VaLoss:  0.40548
 34,  0 | TrAcc: 0.9274, TrLoss:  0.33532, VaAcc: 0.9115, VaLoss:  0.40346
 35,  0 | TrAcc: 0.9290, TrLoss:  0.33262, VaAcc: 0.9115, VaLoss:  0.39759
 36,  0 | TrAcc: 0.9272, TrLoss:  0.32951, VaAcc: 0.9107, VaLoss:  0.39584
 37,  0 | TrAcc: 0.9288, TrLoss:  0.32803, VaAcc: 0.9107, VaLoss:  0.39989
 38,  0 | TrAcc: 0.9274, TrLoss:  0.32502, VaAcc: 0.9107, VaLoss:  0.40473
 39,  0 | TrAcc: 0.9285, TrLoss:  0.32224, VaAcc: 0.9107, VaLoss:  0.39783
 40,  0 | TrAcc: 0.9290, TrLoss:  0.31755, VaAcc: 0.9115, VaLoss:  0.38213
 41,  0 | TrAcc: 0.9290, TrLoss:  0.31419, VaAcc: 0.9115, VaLoss:  0.38125
 42,  0 | TrAcc: 0.9283, TrLoss:  0.30518, VaAcc: 0.9107, VaLoss:  0.39800
 43,  0 | TrAcc: 0.9283, TrLoss:  0.30019, VaAcc: 0.9107, VaLoss:  0.38718
 44,  0 | TrAcc: 0.9288, TrLoss:  0.29457, VaAcc: 0.9123, VaLoss:  0.34940
 45,  0 | TrAcc: 0.9298, TrLoss:  0.28954, VaAcc: 0.9131, VaLoss:  0.34394
 46,  0 | TrAcc: 0.9290, TrLoss:  0.28664, VaAcc: 0.9139, VaLoss:  0.34317
 47,  0 | TrAcc: 0.9299, TrLoss:  0.28107, VaAcc: 0.9139, VaLoss:  0.33208
 48,  0 | TrAcc: 0.9298, TrLoss:  0.27923, VaAcc: 0.9147, VaLoss:  0.32533
 49,  0 | TrAcc: 0.9304, TrLoss:  0.26885, VaAcc: 0.9147, VaLoss:  0.32030
 50,  0 | TrAcc: 0.9314, TrLoss:  0.26790, VaAcc: 0.9139, VaLoss:  0.30920
 51,  0 | TrAcc: 0.9304, TrLoss:  0.26449, VaAcc: 0.9242, VaLoss:  0.29747
 52,  0 | TrAcc: 0.9357, TrLoss:  0.26043, VaAcc: 0.9163, VaLoss:  0.31555
 53,  0 | TrAcc: 0.9350, TrLoss:  0.25832, VaAcc: 0.9258, VaLoss:  0.28292
 54,  0 | TrAcc: 0.9373, TrLoss:  0.24971, VaAcc: 0.9258, VaLoss:  0.28519
 55,  0 | TrAcc: 0.9397, TrLoss:  0.25051, VaAcc: 0.9194, VaLoss:  0.29482
 56,  0 | TrAcc: 0.9382, TrLoss:  0.24733, VaAcc: 0.9305, VaLoss:  0.27363
 57,  0 | TrAcc: 0.9403, TrLoss:  0.23913, VaAcc: 0.9289, VaLoss:  0.27236
 58,  0 | TrAcc: 0.9385, TrLoss:  0.24327, VaAcc: 0.9171, VaLoss:  0.29490
 59,  0 | TrAcc: 0.9413, TrLoss:  0.23803, VaAcc: 0.9281, VaLoss:  0.26919
 60,  0 | TrAcc: 0.9414, TrLoss:  0.23788, VaAcc: 0.9336, VaLoss:  0.25910
 61,  0 | TrAcc: 0.9428, TrLoss:  0.23164, VaAcc: 0.9273, VaLoss:  0.26942
 62,  0 | TrAcc: 0.9406, TrLoss:  0.23255, VaAcc: 0.9179, VaLoss:  0.29122
 63,  0 | TrAcc: 0.9422, TrLoss:  0.23017, VaAcc: 0.9281, VaLoss:  0.27449
 64,  0 | TrAcc: 0.9427, TrLoss:  0.22941, VaAcc: 0.9321, VaLoss:  0.25783
 65,  0 | TrAcc: 0.9428, TrLoss:  0.23000, VaAcc: 0.9297, VaLoss:  0.26544
 66,  0 | TrAcc: 0.9427, TrLoss:  0.22367, VaAcc: 0.9202, VaLoss:  0.28042
 67,  0 | TrAcc: 0.9444, TrLoss:  0.22655, VaAcc: 0.9123, VaLoss:  0.31434
 68,  0 | TrAcc: 0.9440, TrLoss:  0.22370, VaAcc: 0.9171, VaLoss:  0.29070
 69,  0 | TrAcc: 0.9443, TrLoss:  0.22250, VaAcc: 0.9258, VaLoss:  0.27494
 70,  0 | TrAcc: 0.9465, TrLoss:  0.21885, VaAcc: 0.9265, VaLoss:  0.26469
 71,  0 | TrAcc: 0.9460, TrLoss:  0.21969, VaAcc: 0.9226, VaLoss:  0.27567
 72,  0 | TrAcc: 0.9436, TrLoss:  0.21935, VaAcc: 0.9084, VaLoss:  0.31530
 73,  0 | TrAcc: 0.9444, TrLoss:  0.21490, VaAcc: 0.9202, VaLoss:  0.28741
 74,  0 | TrAcc: 0.9448, TrLoss:  0.21738, VaAcc: 0.9305, VaLoss:  0.25693
 75,  0 | TrAcc: 0.9464, TrLoss:  0.21473, VaAcc: 0.9344, VaLoss:  0.25094
 76,  0 | TrAcc: 0.9454, TrLoss:  0.21036, VaAcc: 0.9281, VaLoss:  0.26256
 77,  0 | TrAcc: 0.9470, TrLoss:  0.20649, VaAcc: 0.9210, VaLoss:  0.29025
 78,  0 | TrAcc: 0.9464, TrLoss:  0.20750, VaAcc: 0.9265, VaLoss:  0.26956
 79,  0 | TrAcc: 0.9486, TrLoss:  0.20534, VaAcc: 0.9352, VaLoss:  0.24479
 80,  0 | TrAcc: 0.9492, TrLoss:  0.20492, VaAcc: 0.9384, VaLoss:  0.24558
 81,  0 | TrAcc: 0.9494, TrLoss:  0.20341, VaAcc: 0.9360, VaLoss:  0.25342
 82,  0 | TrAcc: 0.9496, TrLoss:  0.20375, VaAcc: 0.9344, VaLoss:  0.25842
 83,  0 | TrAcc: 0.9500, TrLoss:  0.19914, VaAcc: 0.9368, VaLoss:  0.25381
 84,  0 | TrAcc: 0.9497, TrLoss:  0.19674, VaAcc: 0.9360, VaLoss:  0.25554
 85,  0 | TrAcc: 0.9508, TrLoss:  0.19391, VaAcc: 0.9415, VaLoss:  0.24774
 86,  0 | TrAcc: 0.9500, TrLoss:  0.19581, VaAcc: 0.9415, VaLoss:  0.24344
 87,  0 | TrAcc: 0.9504, TrLoss:  0.19226, VaAcc: 0.9400, VaLoss:  0.24393
 88,  0 | TrAcc: 0.9508, TrLoss:  0.18756, VaAcc: 0.9368, VaLoss:  0.24621
 89,  0 | TrAcc: 0.9511, TrLoss:  0.18909, VaAcc: 0.9384, VaLoss:  0.23986
 90,  0 | TrAcc: 0.9518, TrLoss:  0.18591, VaAcc: 0.9439, VaLoss:  0.23571
 91,  0 | TrAcc: 0.9524, TrLoss:  0.18800, VaAcc: 0.9431, VaLoss:  0.23760
 92,  0 | TrAcc: 0.9518, TrLoss:  0.19052, VaAcc: 0.9415, VaLoss:  0.24640
 93,  0 | TrAcc: 0.9518, TrLoss:  0.18963, VaAcc: 0.9439, VaLoss:  0.24294
 94,  0 | TrAcc: 0.9504, TrLoss:  0.18722, VaAcc: 0.9423, VaLoss:  0.23596
 95,  0 | TrAcc: 0.9539, TrLoss:  0.18479, VaAcc: 0.9408, VaLoss:  0.23084
 96,  0 | TrAcc: 0.9527, TrLoss:  0.18188, VaAcc: 0.9415, VaLoss:  0.23937
 97,  0 | TrAcc: 0.9518, TrLoss:  0.18229, VaAcc: 0.9336, VaLoss:  0.25094
 98,  0 | TrAcc: 0.9518, TrLoss:  0.18033, VaAcc: 0.9289, VaLoss:  0.27676
 99,  0 | TrAcc: 0.9518, TrLoss:  0.17843, VaAcc: 0.9273, VaLoss:  0.28250
100,  0 | TrAcc: 0.9500, TrLoss:  0.17948, VaAcc: 0.9281, VaLoss:  0.27730
101,  0 | TrAcc: 0.9527, TrLoss:  0.18333, VaAcc: 0.9250, VaLoss:  0.28800
102,  0 | TrAcc: 0.9543, TrLoss:  0.17750, VaAcc: 0.9242, VaLoss:  0.30642
103,  0 | TrAcc: 0.9521, TrLoss:  0.17524, VaAcc: 0.9305, VaLoss:  0.29966
104,  0 | TrAcc: 0.9535, TrLoss:  0.17582, VaAcc: 0.9242, VaLoss:  0.29331
105,  0 | TrAcc: 0.9535, TrLoss:  0.17303, VaAcc: 0.9242, VaLoss:  0.27777
106,  0 | TrAcc: 0.9535, TrLoss:  0.17250, VaAcc: 0.9179, VaLoss:  0.28218
107,  0 | TrAcc: 0.9523, TrLoss:  0.17621, VaAcc: 0.9139, VaLoss:  0.28295
108,  0 | TrAcc: 0.9567, TrLoss:  0.17332, VaAcc: 0.9194, VaLoss:  0.27172
109,  0 | TrAcc: 0.9534, TrLoss:  0.16828, VaAcc: 0.9273, VaLoss:  0.26238
110,  0 | TrAcc: 0.9531, TrLoss:  0.17117, VaAcc: 0.9250, VaLoss:  0.26149
111,  0 | TrAcc: 0.9548, TrLoss:  0.17110, VaAcc: 0.9258, VaLoss:  0.24906
112,  0 | TrAcc: 0.9531, TrLoss:  0.16954, VaAcc: 0.9265, VaLoss:  0.23941
113,  0 | TrAcc: 0.9543, TrLoss:  0.16945, VaAcc: 0.9265, VaLoss:  0.24547
114,  0 | TrAcc: 0.9550, TrLoss:  0.16612, VaAcc: 0.9115, VaLoss:  0.29392
115,  0 | TrAcc: 0.9553, TrLoss:  0.16580, VaAcc: 0.9115, VaLoss:  0.29062
116,  0 | TrAcc: 0.9571, TrLoss:  0.16232, VaAcc: 0.9258, VaLoss:  0.25350
117,  0 | TrAcc: 0.9561, TrLoss:  0.16561, VaAcc: 0.9258, VaLoss:  0.25056
118,  0 | TrAcc: 0.9585, TrLoss:  0.16055, VaAcc: 0.9147, VaLoss:  0.28247
119,  0 | TrAcc: 0.9574, TrLoss:  0.16189, VaAcc: 0.9147, VaLoss:  0.28290
120,  0 | TrAcc: 0.9572, TrLoss:  0.15926, VaAcc: 0.9210, VaLoss:  0.25782
121,  0 | TrAcc: 0.9567, TrLoss:  0.15669, VaAcc: 0.9258, VaLoss:  0.25128
122,  0 | TrAcc: 0.9566, TrLoss:  0.15711, VaAcc: 0.9179, VaLoss:  0.27725
123,  0 | TrAcc: 0.9591, TrLoss:  0.15651, VaAcc: 0.9131, VaLoss:  0.30386
124,  0 | TrAcc: 0.9590, TrLoss:  0.15620, VaAcc: 0.9131, VaLoss:  0.29123
125,  0 | TrAcc: 0.9571, TrLoss:  0.15645, VaAcc: 0.9107, VaLoss:  0.30172
126,  0 | TrAcc: 0.9585, TrLoss:  0.15758, VaAcc: 0.9044, VaLoss:  0.31646
127,  0 | TrAcc: 0.9591, TrLoss:  0.15731, VaAcc: 0.9107, VaLoss:  0.30488
128,  0 | TrAcc: 0.9564, TrLoss:  0.15754, VaAcc: 0.9329, VaLoss:  0.25785
129,  0 | TrAcc: 0.9590, TrLoss:  0.15334, VaAcc: 0.9376, VaLoss:  0.24264
130,  0 | TrAcc: 0.9587, TrLoss:  0.15275, VaAcc: 0.9273, VaLoss:  0.25318
131,  0 | TrAcc: 0.9614, TrLoss:  0.15005, VaAcc: 0.9392, VaLoss:  0.22257
132,  0 | TrAcc: 0.9596, TrLoss:  0.15220, VaAcc: 0.9455, VaLoss:  0.21001
133,  0 | TrAcc: 0.9604, TrLoss:  0.14944, VaAcc: 0.9360, VaLoss:  0.22461
134,  0 | TrAcc: 0.9588, TrLoss:  0.14841, VaAcc: 0.9265, VaLoss:  0.25214
135,  0 | TrAcc: 0.9595, TrLoss:  0.14725, VaAcc: 0.9423, VaLoss:  0.22059
136,  0 | TrAcc: 0.9580, TrLoss:  0.15085, VaAcc: 0.9439, VaLoss:  0.20817
137,  0 | TrAcc: 0.9604, TrLoss:  0.14828, VaAcc: 0.9423, VaLoss:  0.21964
138,  0 | TrAcc: 0.9614, TrLoss:  0.15048, VaAcc: 0.9226, VaLoss:  0.25954
139,  0 | TrAcc: 0.9612, TrLoss:  0.14353, VaAcc: 0.9423, VaLoss:  0.21406
140,  0 | TrAcc: 0.9612, TrLoss:  0.14149, VaAcc: 0.9502, VaLoss:  0.20212
141,  0 | TrAcc: 0.9626, TrLoss:  0.14242, VaAcc: 0.9368, VaLoss:  0.21919
142,  0 | TrAcc: 0.9630, TrLoss:  0.14408, VaAcc: 0.9273, VaLoss:  0.25015
143,  0 | TrAcc: 0.9647, TrLoss:  0.14160, VaAcc: 0.9415, VaLoss:  0.21706
144,  0 | TrAcc: 0.9641, TrLoss:  0.13909, VaAcc: 0.9447, VaLoss:  0.19961
145,  0 | TrAcc: 0.9646, TrLoss:  0.13994, VaAcc: 0.9447, VaLoss:  0.20463
146,  0 | TrAcc: 0.9647, TrLoss:  0.13861, VaAcc: 0.9376, VaLoss:  0.24359
147,  0 | TrAcc: 0.9628, TrLoss:  0.13766, VaAcc: 0.9321, VaLoss:  0.25623
148,  0 | TrAcc: 0.9639, TrLoss:  0.14069, VaAcc: 0.9439, VaLoss:  0.20838
149,  0 | TrAcc: 0.9647, TrLoss:  0.13493, VaAcc: 0.9447, VaLoss:  0.20389
150,  0 | TrAcc: 0.9655, TrLoss:  0.13596, VaAcc: 0.9439, VaLoss:  0.21155
151,  0 | TrAcc: 0.9646, TrLoss:  0.13375, VaAcc: 0.9202, VaLoss:  0.26553
152,  0 | TrAcc: 0.9658, TrLoss:  0.13717, VaAcc: 0.9321, VaLoss:  0.24905
153,  0 | TrAcc: 0.9670, TrLoss:  0.13264, VaAcc: 0.9408, VaLoss:  0.22013
154,  0 | TrAcc: 0.9665, TrLoss:  0.13450, VaAcc: 0.9439, VaLoss:  0.20865
155,  0 | TrAcc: 0.9681, TrLoss:  0.13010, VaAcc: 0.9447, VaLoss:  0.21479
156,  0 | TrAcc: 0.9682, TrLoss:  0.12768, VaAcc: 0.9431, VaLoss:  0.22713
157,  0 | TrAcc: 0.9662, TrLoss:  0.13283, VaAcc: 0.9447, VaLoss:  0.21807
158,  0 | TrAcc: 0.9686, TrLoss:  0.12945, VaAcc: 0.9455, VaLoss:  0.21005
159,  0 | TrAcc: 0.9665, TrLoss:  0.13057, VaAcc: 0.9479, VaLoss:  0.20633
160,  0 | TrAcc: 0.9697, TrLoss:  0.12699, VaAcc: 0.9463, VaLoss:  0.20777
161,  0 | TrAcc: 0.9678, TrLoss:  0.13038, VaAcc: 0.9471, VaLoss:  0.21320
162,  0 | TrAcc: 0.9700, TrLoss:  0.12589, VaAcc: 0.9494, VaLoss:  0.20785
163,  0 | TrAcc: 0.9708, TrLoss:  0.12385, VaAcc: 0.9510, VaLoss:  0.20184
164,  0 | TrAcc: 0.9693, TrLoss:  0.12819, VaAcc: 0.9494, VaLoss:  0.20005
165,  0 | TrAcc: 0.9692, TrLoss:  0.12570, VaAcc: 0.9447, VaLoss:  0.21655
166,  0 | TrAcc: 0.9709, TrLoss:  0.12746, VaAcc: 0.9281, VaLoss:  0.25710
167,  0 | TrAcc: 0.9706, TrLoss:  0.12224, VaAcc: 0.9431, VaLoss:  0.22252
168,  0 | TrAcc: 0.9698, TrLoss:  0.12330, VaAcc: 0.9439, VaLoss:  0.20233
169,  0 | TrAcc: 0.9717, TrLoss:  0.12009, VaAcc: 0.9471, VaLoss:  0.20505
170,  0 | TrAcc: 0.9686, TrLoss:  0.12162, VaAcc: 0.9384, VaLoss:  0.22229
171,  0 | TrAcc: 0.9711, TrLoss:  0.12024, VaAcc: 0.9360, VaLoss:  0.22862
172,  0 | TrAcc: 0.9708, TrLoss:  0.12213, VaAcc: 0.9344, VaLoss:  0.23396
173,  0 | TrAcc: 0.9714, TrLoss:  0.12108, VaAcc: 0.9384, VaLoss:  0.22680
174,  0 | TrAcc: 0.9713, TrLoss:  0.11739, VaAcc: 0.9352, VaLoss:  0.23206
175,  0 | TrAcc: 0.9703, TrLoss:  0.12006, VaAcc: 0.9344, VaLoss:  0.24045
176,  0 | TrAcc: 0.9730, TrLoss:  0.11642, VaAcc: 0.9392, VaLoss:  0.22934
177,  0 | TrAcc: 0.9708, TrLoss:  0.11806, VaAcc: 0.9384, VaLoss:  0.23262
178,  0 | TrAcc: 0.9716, TrLoss:  0.11636, VaAcc: 0.9368, VaLoss:  0.23294
179,  0 | TrAcc: 0.9733, TrLoss:  0.11348, VaAcc: 0.9321, VaLoss:  0.23943
180,  0 | TrAcc: 0.9706, TrLoss:  0.11790, VaAcc: 0.9336, VaLoss:  0.24521
181,  0 | TrAcc: 0.9716, TrLoss:  0.11696, VaAcc: 0.9305, VaLoss:  0.25467
182,  0 | TrAcc: 0.9721, TrLoss:  0.11463, VaAcc: 0.9250, VaLoss:  0.26276
183,  0 | TrAcc: 0.9701, TrLoss:  0.11577, VaAcc: 0.9297, VaLoss:  0.26261
184,  0 | TrAcc: 0.9719, TrLoss:  0.11434, VaAcc: 0.9336, VaLoss:  0.25468
185,  0 | TrAcc: 0.9716, TrLoss:  0.11203, VaAcc: 0.9336, VaLoss:  0.25838
186,  0 | TrAcc: 0.9724, TrLoss:  0.11418, VaAcc: 0.9305, VaLoss:  0.25640
187,  0 | TrAcc: 0.9743, TrLoss:  0.11465, VaAcc: 0.9289, VaLoss:  0.26924
188,  0 | TrAcc: 0.9717, TrLoss:  0.11632, VaAcc: 0.9321, VaLoss:  0.25967
189,  0 | TrAcc: 0.9716, TrLoss:  0.11468, VaAcc: 0.9321, VaLoss:  0.25647
190,  0 | TrAcc: 0.9735, TrLoss:  0.11162, VaAcc: 0.9313, VaLoss:  0.26116
191,  0 | TrAcc: 0.9738, TrLoss:  0.11046, VaAcc: 0.9305, VaLoss:  0.26014
192,  0 | TrAcc: 0.9727, TrLoss:  0.11219, VaAcc: 0.9273, VaLoss:  0.27746
193,  0 | TrAcc: 0.9722, TrLoss:  0.11296, VaAcc: 0.8981, VaLoss:  0.34724
194,  0 | TrAcc: 0.9725, TrLoss:  0.11210, VaAcc: 0.9036, VaLoss:  0.32447
195,  0 | TrAcc: 0.9754, TrLoss:  0.10832, VaAcc: 0.9123, VaLoss:  0.29691
196,  0 | TrAcc: 0.9717, TrLoss:  0.10913, VaAcc: 0.9021, VaLoss:  0.33125
197,  0 | TrAcc: 0.9714, TrLoss:  0.10897, VaAcc: 0.9076, VaLoss:  0.32002
198,  0 | TrAcc: 0.9733, TrLoss:  0.10980, VaAcc: 0.9013, VaLoss:  0.33832
199,  0 | TrAcc: 0.9717, TrLoss:  0.11146, VaAcc: 0.9258, VaLoss:  0.28381
200,  0 | TrAcc: 0.9746, TrLoss:  0.10906, VaAcc: 0.9344, VaLoss:  0.24297
201,  0 | TrAcc: 0.9735, TrLoss:  0.10827, VaAcc: 0.9431, VaLoss:  0.22656
202,  0 | TrAcc: 0.9743, TrLoss:  0.10830, VaAcc: 0.9344, VaLoss:  0.24229
203,  0 | TrAcc: 0.9735, TrLoss:  0.10859, VaAcc: 0.9218, VaLoss:  0.27183
204,  0 | TrAcc: 0.9754, TrLoss:  0.10762, VaAcc: 0.9131, VaLoss:  0.29252
205,  0 | TrAcc: 0.9740, TrLoss:  0.10775, VaAcc: 0.9107, VaLoss:  0.29501
206,  0 | TrAcc: 0.9741, TrLoss:  0.10757, VaAcc: 0.9163, VaLoss:  0.28749
207,  0 | TrAcc: 0.9753, TrLoss:  0.10681, VaAcc: 0.9163, VaLoss:  0.27940
208,  0 | TrAcc: 0.9729, TrLoss:  0.11155, VaAcc: 0.9194, VaLoss:  0.28129
209,  0 | TrAcc: 0.9759, TrLoss:  0.10411, VaAcc: 0.9202, VaLoss:  0.28051
210,  0 | TrAcc: 0.9757, TrLoss:  0.10861, VaAcc: 0.9155, VaLoss:  0.29560
211,  0 | TrAcc: 0.9743, TrLoss:  0.10668, VaAcc: 0.9163, VaLoss:  0.29089
212,  0 | TrAcc: 0.9748, TrLoss:  0.10957, VaAcc: 0.9250, VaLoss:  0.27431
213,  0 | TrAcc: 0.9740, TrLoss:  0.10738, VaAcc: 0.9258, VaLoss:  0.27430
214,  0 | TrAcc: 0.9762, TrLoss:  0.10265, VaAcc: 0.9250, VaLoss:  0.26778
215,  0 | TrAcc: 0.9762, TrLoss:  0.10245, VaAcc: 0.9163, VaLoss:  0.29867
216,  0 | TrAcc: 0.9743, TrLoss:  0.10271, VaAcc: 0.9210, VaLoss:  0.27754
217,  0 | TrAcc: 0.9746, TrLoss:  0.10673, VaAcc: 0.9265, VaLoss:  0.25711
218,  0 | TrAcc: 0.9775, TrLoss:  0.10080, VaAcc: 0.9242, VaLoss:  0.25758
219,  0 | TrAcc: 0.9770, TrLoss:  0.10070, VaAcc: 0.9163, VaLoss:  0.29019
220,  0 | TrAcc: 0.9764, TrLoss:  0.10391, VaAcc: 0.8997, VaLoss:  0.34559
221,  0 | TrAcc: 0.9753, TrLoss:  0.10310, VaAcc: 0.9021, VaLoss:  0.35093
222,  0 | TrAcc: 0.9765, TrLoss:  0.10357, VaAcc: 0.9076, VaLoss:  0.32265
223,  0 | TrAcc: 0.9749, TrLoss:  0.10388, VaAcc: 0.8997, VaLoss:  0.33671
224,  0 | TrAcc: 0.9765, TrLoss:  0.10282, VaAcc: 0.8918, VaLoss:  0.35866
225,  0 | TrAcc: 0.9764, TrLoss:  0.10062, VaAcc: 0.9100, VaLoss:  0.33600
226,  0 | TrAcc: 0.9761, TrLoss:  0.10079, VaAcc: 0.9194, VaLoss:  0.30543
227,  0 | TrAcc: 0.9741, TrLoss:  0.10422, VaAcc: 0.9265, VaLoss:  0.28073
228,  0 | TrAcc: 0.9786, TrLoss:  0.09838, VaAcc: 0.9265, VaLoss:  0.28437
229,  0 | TrAcc: 0.9765, TrLoss:  0.09981, VaAcc: 0.9155, VaLoss:  0.32682
230,  0 | TrAcc: 0.9754, TrLoss:  0.10044, VaAcc: 0.9123, VaLoss:  0.32902
231,  0 | TrAcc: 0.9756, TrLoss:  0.10279, VaAcc: 0.9226, VaLoss:  0.29259
232,  0 | TrAcc: 0.9781, TrLoss:  0.09703, VaAcc: 0.9321, VaLoss:  0.26528
233,  0 | TrAcc: 0.9762, TrLoss:  0.10034, VaAcc: 0.9352, VaLoss:  0.26079
234,  0 | TrAcc: 0.9775, TrLoss:  0.09795, VaAcc: 0.9360, VaLoss:  0.26690
235,  0 | TrAcc: 0.9784, TrLoss:  0.09695, VaAcc: 0.9226, VaLoss:  0.29210
236,  0 | TrAcc: 0.9780, TrLoss:  0.09505, VaAcc: 0.9210, VaLoss:  0.29782
237,  0 | TrAcc: 0.9759, TrLoss:  0.09570, VaAcc: 0.9297, VaLoss:  0.27409
238,  0 | TrAcc: 0.9788, TrLoss:  0.09520, VaAcc: 0.9218, VaLoss:  0.28700
239,  0 | TrAcc: 0.9751, TrLoss:  0.10174, VaAcc: 0.9179, VaLoss:  0.30983
240,  0 | TrAcc: 0.9762, TrLoss:  0.09670, VaAcc: 0.9265, VaLoss:  0.28820
241,  0 | TrAcc: 0.9764, TrLoss:  0.09805, VaAcc: 0.9305, VaLoss:  0.26605
242,  0 | TrAcc: 0.9769, TrLoss:  0.09665, VaAcc: 0.9297, VaLoss:  0.27835
243,  0 | TrAcc: 0.9780, TrLoss:  0.09881, VaAcc: 0.9234, VaLoss:  0.30219
244,  0 | TrAcc: 0.9759, TrLoss:  0.09917, VaAcc: 0.9147, VaLoss:  0.32412
245,  0 | TrAcc: 0.9780, TrLoss:  0.09324, VaAcc: 0.9139, VaLoss:  0.31200
246,  0 | TrAcc: 0.9778, TrLoss:  0.09793, VaAcc: 0.9171, VaLoss:  0.29583
247,  0 | TrAcc: 0.9777, TrLoss:  0.09510, VaAcc: 0.9179, VaLoss:  0.29381
248,  0 | TrAcc: 0.9780, TrLoss:  0.09496, VaAcc: 0.9147, VaLoss:  0.30419
249,  0 | TrAcc: 0.9764, TrLoss:  0.09562, VaAcc: 0.9107, VaLoss:  0.32437
250,  0 | TrAcc: 0.9767, TrLoss:  0.09451, VaAcc: 0.9100, VaLoss:  0.31773
251,  0 | TrAcc: 0.9780, TrLoss:  0.09159, VaAcc: 0.9202, VaLoss:  0.29174
252,  0 | TrAcc: 0.9764, TrLoss:  0.09572, VaAcc: 0.9226, VaLoss:  0.28882
253,  0 | TrAcc: 0.9777, TrLoss:  0.09458, VaAcc: 0.9202, VaLoss:  0.30369
254,  0 | TrAcc: 0.9777, TrLoss:  0.09100, VaAcc: 0.9123, VaLoss:  0.32257
255,  0 | TrAcc: 0.9772, TrLoss:  0.09604, VaAcc: 0.9171, VaLoss:  0.31407
256,  0 | TrAcc: 0.9797, TrLoss:  0.09084, VaAcc: 0.9313, VaLoss:  0.27154
257,  0 | TrAcc: 0.9777, TrLoss:  0.09457, VaAcc: 0.9344, VaLoss:  0.24642
258,  0 | TrAcc: 0.9756, TrLoss:  0.09883, VaAcc: 0.9281, VaLoss:  0.26752
259,  0 | TrAcc: 0.9770, TrLoss:  0.09581, VaAcc: 0.9250, VaLoss:  0.28896
260,  0 | TrAcc: 0.9789, TrLoss:  0.09360, VaAcc: 0.9281, VaLoss:  0.28047
261,  0 | TrAcc: 0.9815, TrLoss:  0.08952, VaAcc: 0.9352, VaLoss:  0.24681
262,  0 | TrAcc: 0.9791, TrLoss:  0.09325, VaAcc: 0.9384, VaLoss:  0.23253
263,  0 | TrAcc: 0.9784, TrLoss:  0.09526, VaAcc: 0.9392, VaLoss:  0.23628
264,  0 | TrAcc: 0.9769, TrLoss:  0.09544, VaAcc: 0.9289, VaLoss:  0.25863
265,  0 | TrAcc: 0.9773, TrLoss:  0.09559, VaAcc: 0.9186, VaLoss:  0.29174
266,  0 | TrAcc: 0.9757, TrLoss:  0.09330, VaAcc: 0.9123, VaLoss:  0.29863
267,  0 | TrAcc: 0.9761, TrLoss:  0.09644, VaAcc: 0.9281, VaLoss:  0.27069
268,  0 | TrAcc: 0.9775, TrLoss:  0.09429, VaAcc: 0.9186, VaLoss:  0.28195
269,  0 | TrAcc: 0.9786, TrLoss:  0.09126, VaAcc: 0.8965, VaLoss:  0.33088
270,  0 | TrAcc: 0.9786, TrLoss:  0.09341, VaAcc: 0.8965, VaLoss:  0.34677
271,  0 | TrAcc: 0.9788, TrLoss:  0.09026, VaAcc: 0.9115, VaLoss:  0.29792
272,  0 | TrAcc: 0.9796, TrLoss:  0.09148, VaAcc: 0.9171, VaLoss:  0.29170
273,  0 | TrAcc: 0.9788, TrLoss:  0.09081, VaAcc: 0.9226, VaLoss:  0.28265
274,  0 | TrAcc: 0.9780, TrLoss:  0.09311, VaAcc: 0.9186, VaLoss:  0.29008
275,  0 | TrAcc: 0.9804, TrLoss:  0.09093, VaAcc: 0.9218, VaLoss:  0.28809
276,  0 | TrAcc: 0.9802, TrLoss:  0.08828, VaAcc: 0.9179, VaLoss:  0.29033
277,  0 | TrAcc: 0.9791, TrLoss:  0.08782, VaAcc: 0.9210, VaLoss:  0.29078
278,  0 | TrAcc: 0.9784, TrLoss:  0.09129, VaAcc: 0.9273, VaLoss:  0.25752
279,  0 | TrAcc: 0.9791, TrLoss:  0.09171, VaAcc: 0.9258, VaLoss:  0.26230
280,  0 | TrAcc: 0.9794, TrLoss:  0.09012, VaAcc: 0.9210, VaLoss:  0.26433
281,  0 | TrAcc: 0.9791, TrLoss:  0.08831, VaAcc: 0.9289, VaLoss:  0.25083
282,  0 | TrAcc: 0.9789, TrLoss:  0.09120, VaAcc: 0.9289, VaLoss:  0.24793
283,  0 | TrAcc: 0.9789, TrLoss:  0.08826, VaAcc: 0.9352, VaLoss:  0.24006
284,  0 | TrAcc: 0.9796, TrLoss:  0.08877, VaAcc: 0.9352, VaLoss:  0.23579
285,  0 | TrAcc: 0.9796, TrLoss:  0.08837, VaAcc: 0.9368, VaLoss:  0.23579
286,  0 | TrAcc: 0.9816, TrLoss:  0.08601, VaAcc: 0.9384, VaLoss:  0.23816
287,  0 | TrAcc: 0.9796, TrLoss:  0.08893, VaAcc: 0.9360, VaLoss:  0.23828
288,  0 | TrAcc: 0.9789, TrLoss:  0.09060, VaAcc: 0.9321, VaLoss:  0.24869
289,  0 | TrAcc: 0.9808, TrLoss:  0.08523, VaAcc: 0.9265, VaLoss:  0.27083
290,  0 | TrAcc: 0.9796, TrLoss:  0.08670, VaAcc: 0.9265, VaLoss:  0.27745
291,  0 | TrAcc: 0.9804, TrLoss:  0.08728, VaAcc: 0.9313, VaLoss:  0.27023
292,  0 | TrAcc: 0.9800, TrLoss:  0.08475, VaAcc: 0.9376, VaLoss:  0.24482
293,  0 | TrAcc: 0.9796, TrLoss:  0.08780, VaAcc: 0.9392, VaLoss:  0.23977
294,  0 | TrAcc: 0.9784, TrLoss:  0.08754, VaAcc: 0.9336, VaLoss:  0.26540
295,  0 | TrAcc: 0.9784, TrLoss:  0.08719, VaAcc: 0.9218, VaLoss:  0.29051
296,  0 | TrAcc: 0.9810, TrLoss:  0.08560, VaAcc: 0.9297, VaLoss:  0.27345
297,  0 | TrAcc: 0.9796, TrLoss:  0.08808, VaAcc: 0.9376, VaLoss:  0.24669
298,  0 | TrAcc: 0.9796, TrLoss:  0.09049, VaAcc: 0.9408, VaLoss:  0.23071
299,  0 | TrAcc: 0.9778, TrLoss:  0.08932, VaAcc: 0.9431, VaLoss:  0.22543
300,  0 | TrAcc: 0.9799, TrLoss:  0.08676, VaAcc: 0.9392, VaLoss:  0.23871
301,  0 | TrAcc: 0.9800, TrLoss:  0.08593, VaAcc: 0.9329, VaLoss:  0.25656
302,  0 | TrAcc: 0.9802, TrLoss:  0.08432, VaAcc: 0.9297, VaLoss:  0.26202
303,  0 | TrAcc: 0.9813, TrLoss:  0.08593, VaAcc: 0.9352, VaLoss:  0.23868
304,  0 | TrAcc: 0.9792, TrLoss:  0.08684, VaAcc: 0.9400, VaLoss:  0.22514
305,  0 | TrAcc: 0.9791, TrLoss:  0.08475, VaAcc: 0.9439, VaLoss:  0.22383
306,  0 | TrAcc: 0.9816, TrLoss:  0.08324, VaAcc: 0.9336, VaLoss:  0.24378
307,  0 | TrAcc: 0.9823, TrLoss:  0.08464, VaAcc: 0.9313, VaLoss:  0.25763
308,  0 | TrAcc: 0.9802, TrLoss:  0.08641, VaAcc: 0.9344, VaLoss:  0.24708
309,  0 | TrAcc: 0.9810, TrLoss:  0.08621, VaAcc: 0.9431, VaLoss:  0.23456
310,  0 | TrAcc: 0.9777, TrLoss:  0.08673, VaAcc: 0.9439, VaLoss:  0.23109
311,  0 | TrAcc: 0.9802, TrLoss:  0.08701, VaAcc: 0.9360, VaLoss:  0.25074
312,  0 | TrAcc: 0.9808, TrLoss:  0.08570, VaAcc: 0.9352, VaLoss:  0.25875
313,  0 | TrAcc: 0.9791, TrLoss:  0.08837, VaAcc: 0.9415, VaLoss:  0.23813
314,  0 | TrAcc: 0.9797, TrLoss:  0.08692, VaAcc: 0.9463, VaLoss:  0.22446
315,  0 | TrAcc: 0.9805, TrLoss:  0.08534, VaAcc: 0.9447, VaLoss:  0.22951
316,  0 | TrAcc: 0.9820, TrLoss:  0.08204, VaAcc: 0.9384, VaLoss:  0.24082
317,  0 | TrAcc: 0.9804, TrLoss:  0.08175, VaAcc: 0.9400, VaLoss:  0.24295
318,  0 | TrAcc: 0.9802, TrLoss:  0.08709, VaAcc: 0.9423, VaLoss:  0.23475
319,  0 | TrAcc: 0.9821, TrLoss:  0.08380, VaAcc: 0.9439, VaLoss:  0.22768
320,  0 | TrAcc: 0.9802, TrLoss:  0.08302, VaAcc: 0.9423, VaLoss:  0.22633
321,  0 | TrAcc: 0.9810, TrLoss:  0.08375, VaAcc: 0.9360, VaLoss:  0.24110
322,  0 | TrAcc: 0.9813, TrLoss:  0.08228, VaAcc: 0.9313, VaLoss:  0.25221
323,  0 | TrAcc: 0.9831, TrLoss:  0.08412, VaAcc: 0.9360, VaLoss:  0.24931
324,  0 | TrAcc: 0.9805, TrLoss:  0.08078, VaAcc: 0.9392, VaLoss:  0.24015
325,  0 | TrAcc: 0.9816, TrLoss:  0.08280, VaAcc: 0.9423, VaLoss:  0.23686
326,  0 | TrAcc: 0.9799, TrLoss:  0.08416, VaAcc: 0.9423, VaLoss:  0.23717
327,  0 | TrAcc: 0.9816, TrLoss:  0.08326, VaAcc: 0.9400, VaLoss:  0.24531
328,  0 | TrAcc: 0.9815, TrLoss:  0.08241, VaAcc: 0.9336, VaLoss:  0.25711
329,  0 | TrAcc: 0.9832, TrLoss:  0.08139, VaAcc: 0.9400, VaLoss:  0.24731
330,  0 | TrAcc: 0.9836, TrLoss:  0.07792, VaAcc: 0.9431, VaLoss:  0.23283
331,  0 | TrAcc: 0.9810, TrLoss:  0.08032, VaAcc: 0.9463, VaLoss:  0.22492
332,  0 | TrAcc: 0.9826, TrLoss:  0.07933, VaAcc: 0.9439, VaLoss:  0.22681
333,  0 | TrAcc: 0.9813, TrLoss:  0.08122, VaAcc: 0.9415, VaLoss:  0.23416
334,  0 | TrAcc: 0.9823, TrLoss:  0.07946, VaAcc: 0.9408, VaLoss:  0.23800
335,  0 | TrAcc: 0.9821, TrLoss:  0.07874, VaAcc: 0.9415, VaLoss:  0.22744
336,  0 | TrAcc: 0.9816, TrLoss:  0.07767, VaAcc: 0.9455, VaLoss:  0.21635
337,  0 | TrAcc: 0.9836, TrLoss:  0.07675, VaAcc: 0.9439, VaLoss:  0.21485
338,  0 | TrAcc: 0.9813, TrLoss:  0.07899, VaAcc: 0.9431, VaLoss:  0.22228
339,  0 | TrAcc: 0.9820, TrLoss:  0.08030, VaAcc: 0.9415, VaLoss:  0.23132
340,  0 | TrAcc: 0.9797, TrLoss:  0.08366, VaAcc: 0.9408, VaLoss:  0.23922
341,  0 | TrAcc: 0.9818, TrLoss:  0.08124, VaAcc: 0.9384, VaLoss:  0.24041
342,  0 | TrAcc: 0.9821, TrLoss:  0.07718, VaAcc: 0.9392, VaLoss:  0.23808
343,  0 | TrAcc: 0.9813, TrLoss:  0.07809, VaAcc: 0.9376, VaLoss:  0.23513
344,  0 | TrAcc: 0.9836, TrLoss:  0.07830, VaAcc: 0.9400, VaLoss:  0.22990
345,  0 | TrAcc: 0.9821, TrLoss:  0.07762, VaAcc: 0.9400, VaLoss:  0.23032
346,  0 | TrAcc: 0.9815, TrLoss:  0.08044, VaAcc: 0.9368, VaLoss:  0.23590
347,  0 | TrAcc: 0.9818, TrLoss:  0.08140, VaAcc: 0.9352, VaLoss:  0.23462
348,  0 | TrAcc: 0.9821, TrLoss:  0.07967, VaAcc: 0.9384, VaLoss:  0.23197
349,  0 | TrAcc: 0.9836, TrLoss:  0.07900, VaAcc: 0.9392, VaLoss:  0.23502
350,  0 | TrAcc: 0.9823, TrLoss:  0.07870, VaAcc: 0.9431, VaLoss:  0.22835
351,  0 | TrAcc: 0.9837, TrLoss:  0.08113, VaAcc: 0.9408, VaLoss:  0.22962
352,  0 | TrAcc: 0.9828, TrLoss:  0.07827, VaAcc: 0.9431, VaLoss:  0.22669
353,  0 | TrAcc: 0.9818, TrLoss:  0.07785, VaAcc: 0.9431, VaLoss:  0.22479
354,  0 | TrAcc: 0.9829, TrLoss:  0.07894, VaAcc: 0.9463, VaLoss:  0.22381
355,  0 | TrAcc: 0.9839, TrLoss:  0.07714, VaAcc: 0.9455, VaLoss:  0.22275
356,  0 | TrAcc: 0.9788, TrLoss:  0.08265, VaAcc: 0.9463, VaLoss:  0.22110
357,  0 | TrAcc: 0.9826, TrLoss:  0.07738, VaAcc: 0.9487, VaLoss:  0.21685
358,  0 | TrAcc: 0.9837, TrLoss:  0.07453, VaAcc: 0.9479, VaLoss:  0.21460
359,  0 | TrAcc: 0.9832, TrLoss:  0.07716, VaAcc: 0.9463, VaLoss:  0.21581
360,  0 | TrAcc: 0.9834, TrLoss:  0.07621, VaAcc: 0.9471, VaLoss:  0.21442
361,  0 | TrAcc: 0.9826, TrLoss:  0.07810, VaAcc: 0.9494, VaLoss:  0.21378
362,  0 | TrAcc: 0.9821, TrLoss:  0.07904, VaAcc: 0.9471, VaLoss:  0.22386
363,  0 | TrAcc: 0.9820, TrLoss:  0.07935, VaAcc: 0.9431, VaLoss:  0.22941
364,  0 | TrAcc: 0.9836, TrLoss:  0.07467, VaAcc: 0.9415, VaLoss:  0.23313
365,  0 | TrAcc: 0.9823, TrLoss:  0.07844, VaAcc: 0.9439, VaLoss:  0.22826
366,  0 | TrAcc: 0.9829, TrLoss:  0.07842, VaAcc: 0.9431, VaLoss:  0.22875
367,  0 | TrAcc: 0.9842, TrLoss:  0.07955, VaAcc: 0.9400, VaLoss:  0.24323
368,  0 | TrAcc: 0.9820, TrLoss:  0.07707, VaAcc: 0.9368, VaLoss:  0.24380
369,  0 | TrAcc: 0.9818, TrLoss:  0.07741, VaAcc: 0.9392, VaLoss:  0.23249
370,  0 | TrAcc: 0.9815, TrLoss:  0.07728, VaAcc: 0.9463, VaLoss:  0.21680
371,  0 | TrAcc: 0.9847, TrLoss:  0.07533, VaAcc: 0.9471, VaLoss:  0.21046
372,  0 | TrAcc: 0.9831, TrLoss:  0.07782, VaAcc: 0.9447, VaLoss:  0.21731
373,  0 | TrAcc: 0.9829, TrLoss:  0.07766, VaAcc: 0.9463, VaLoss:  0.21754
374,  0 | TrAcc: 0.9818, TrLoss:  0.07916, VaAcc: 0.9487, VaLoss:  0.20828
375,  0 | TrAcc: 0.9829, TrLoss:  0.07855, VaAcc: 0.9479, VaLoss:  0.20588
376,  0 | TrAcc: 0.9840, TrLoss:  0.07460, VaAcc: 0.9479, VaLoss:  0.20378
377,  0 | TrAcc: 0.9837, TrLoss:  0.07326, VaAcc: 0.9487, VaLoss:  0.20863
378,  0 | TrAcc: 0.9821, TrLoss:  0.07627, VaAcc: 0.9494, VaLoss:  0.20873
379,  0 | TrAcc: 0.9821, TrLoss:  0.07833, VaAcc: 0.9502, VaLoss:  0.20825
380,  0 | TrAcc: 0.9831, TrLoss:  0.07689, VaAcc: 0.9463, VaLoss:  0.21246
381,  0 | TrAcc: 0.9847, TrLoss:  0.07274, VaAcc: 0.9463, VaLoss:  0.21652
382,  0 | TrAcc: 0.9815, TrLoss:  0.07762, VaAcc: 0.9463, VaLoss:  0.21880
383,  0 | TrAcc: 0.9828, TrLoss:  0.07500, VaAcc: 0.9439, VaLoss:  0.22217
384,  0 | TrAcc: 0.9829, TrLoss:  0.07571, VaAcc: 0.9423, VaLoss:  0.22341
385,  0 | TrAcc: 0.9831, TrLoss:  0.07728, VaAcc: 0.9447, VaLoss:  0.21781
386,  0 | TrAcc: 0.9840, TrLoss:  0.07275, VaAcc: 0.9487, VaLoss:  0.21054
387,  0 | TrAcc: 0.9840, TrLoss:  0.07402, VaAcc: 0.9518, VaLoss:  0.20451
388,  0 | TrAcc: 0.9834, TrLoss:  0.07743, VaAcc: 0.9518, VaLoss:  0.20230
389,  0 | TrAcc: 0.9844, TrLoss:  0.07410, VaAcc: 0.9502, VaLoss:  0.21055
390,  0 | TrAcc: 0.9824, TrLoss:  0.07749, VaAcc: 0.9487, VaLoss:  0.22195
391,  0 | TrAcc: 0.9816, TrLoss:  0.07730, VaAcc: 0.9447, VaLoss:  0.22689
392,  0 | TrAcc: 0.9807, TrLoss:  0.07915, VaAcc: 0.9439, VaLoss:  0.22510
393,  0 | TrAcc: 0.9840, TrLoss:  0.07363, VaAcc: 0.9447, VaLoss:  0.22384
394,  0 | TrAcc: 0.9810, TrLoss:  0.07931, VaAcc: 0.9455, VaLoss:  0.21867
395,  0 | TrAcc: 0.9837, TrLoss:  0.07404, VaAcc: 0.9479, VaLoss:  0.21086
396,  0 | TrAcc: 0.9840, TrLoss:  0.07579, VaAcc: 0.9502, VaLoss:  0.20587
397,  0 | TrAcc: 0.9823, TrLoss:  0.07661, VaAcc: 0.9534, VaLoss:  0.20043
398,  0 | TrAcc: 0.9826, TrLoss:  0.07647, VaAcc: 0.9534, VaLoss:  0.19937
399,  0 | TrAcc: 0.9839, TrLoss:  0.07646, VaAcc: 0.9510, VaLoss:  0.20323
400,  0 | TrAcc: 0.9850, TrLoss:  0.07329, VaAcc: 0.9558, VaLoss:  0.19350
401,  0 | TrAcc: 0.9836, TrLoss:  0.07102, VaAcc: 0.9566, VaLoss:  0.18869
402,  0 | TrAcc: 0.9850, TrLoss:  0.07194, VaAcc: 0.9542, VaLoss:  0.19256
403,  0 | TrAcc: 0.9826, TrLoss:  0.07349, VaAcc: 0.9526, VaLoss:  0.19908
404,  0 | TrAcc: 0.9828, TrLoss:  0.07596, VaAcc: 0.9526, VaLoss:  0.20568
405,  0 | TrAcc: 0.9828, TrLoss:  0.07698, VaAcc: 0.9518, VaLoss:  0.21200
406,  0 | TrAcc: 0.9842, TrLoss:  0.07435, VaAcc: 0.9510, VaLoss:  0.20743
407,  0 | TrAcc: 0.9836, TrLoss:  0.07506, VaAcc: 0.9510, VaLoss:  0.20032
408,  0 | TrAcc: 0.9844, TrLoss:  0.07053, VaAcc: 0.9558, VaLoss:  0.19320
409,  0 | TrAcc: 0.9839, TrLoss:  0.07386, VaAcc: 0.9526, VaLoss:  0.19345
410,  0 | TrAcc: 0.9832, TrLoss:  0.07173, VaAcc: 0.9455, VaLoss:  0.21032
411,  0 | TrAcc: 0.9826, TrLoss:  0.07376, VaAcc: 0.9392, VaLoss:  0.22824
412,  0 | TrAcc: 0.9836, TrLoss:  0.07404, VaAcc: 0.9415, VaLoss:  0.22045
413,  0 | TrAcc: 0.9844, TrLoss:  0.07447, VaAcc: 0.9510, VaLoss:  0.20032
414,  0 | TrAcc: 0.9848, TrLoss:  0.07145, VaAcc: 0.9526, VaLoss:  0.19326
415,  0 | TrAcc: 0.9861, TrLoss:  0.06997, VaAcc: 0.9518, VaLoss:  0.19569
416,  0 | TrAcc: 0.9850, TrLoss:  0.07174, VaAcc: 0.9494, VaLoss:  0.20573
417,  0 | TrAcc: 0.9828, TrLoss:  0.07381, VaAcc: 0.9479, VaLoss:  0.21621
418,  0 | TrAcc: 0.9831, TrLoss:  0.07228, VaAcc: 0.9455, VaLoss:  0.21698
419,  0 | TrAcc: 0.9844, TrLoss:  0.07255, VaAcc: 0.9494, VaLoss:  0.20632
420,  0 | TrAcc: 0.9852, TrLoss:  0.06956, VaAcc: 0.9534, VaLoss:  0.19745
421,  0 | TrAcc: 0.9848, TrLoss:  0.07163, VaAcc: 0.9566, VaLoss:  0.19505
422,  0 | TrAcc: 0.9850, TrLoss:  0.07012, VaAcc: 0.9573, VaLoss:  0.19782
423,  0 | TrAcc: 0.9847, TrLoss:  0.07214, VaAcc: 0.9526, VaLoss:  0.20115
424,  0 | TrAcc: 0.9848, TrLoss:  0.07278, VaAcc: 0.9463, VaLoss:  0.20656
425,  0 | TrAcc: 0.9860, TrLoss:  0.07141, VaAcc: 0.9455, VaLoss:  0.20610
426,  0 | TrAcc: 0.9847, TrLoss:  0.07088, VaAcc: 0.9494, VaLoss:  0.19977
427,  0 | TrAcc: 0.9837, TrLoss:  0.07228, VaAcc: 0.9542, VaLoss:  0.19259
428,  0 | TrAcc: 0.9848, TrLoss:  0.07379, VaAcc: 0.9542, VaLoss:  0.19446
429,  0 | TrAcc: 0.9842, TrLoss:  0.07158, VaAcc: 0.9502, VaLoss:  0.20443
430,  0 | TrAcc: 0.9853, TrLoss:  0.07120, VaAcc: 0.9415, VaLoss:  0.21887
431,  0 | TrAcc: 0.9848, TrLoss:  0.07240, VaAcc: 0.9431, VaLoss:  0.21830
432,  0 | TrAcc: 0.9842, TrLoss:  0.07529, VaAcc: 0.9494, VaLoss:  0.21181
433,  0 | TrAcc: 0.9856, TrLoss:  0.06817, VaAcc: 0.9494, VaLoss:  0.21066
434,  0 | TrAcc: 0.9855, TrLoss:  0.07090, VaAcc: 0.9487, VaLoss:  0.20811
435,  0 | TrAcc: 0.9850, TrLoss:  0.07164, VaAcc: 0.9463, VaLoss:  0.20802
436,  0 | TrAcc: 0.9847, TrLoss:  0.06873, VaAcc: 0.9463, VaLoss:  0.21014
437,  0 | TrAcc: 0.9840, TrLoss:  0.07075, VaAcc: 0.9494, VaLoss:  0.20699
438,  0 | TrAcc: 0.9861, TrLoss:  0.06920, VaAcc: 0.9502, VaLoss:  0.20259
439,  0 | TrAcc: 0.9858, TrLoss:  0.07076, VaAcc: 0.9510, VaLoss:  0.20197
440,  0 | TrAcc: 0.9845, TrLoss:  0.07298, VaAcc: 0.9518, VaLoss:  0.20490
441,  0 | TrAcc: 0.9848, TrLoss:  0.06760, VaAcc: 0.9479, VaLoss:  0.21199
442,  0 | TrAcc: 0.9855, TrLoss:  0.06901, VaAcc: 0.9439, VaLoss:  0.21368
443,  0 | TrAcc: 0.9867, TrLoss:  0.06793, VaAcc: 0.9455, VaLoss:  0.21579
444,  0 | TrAcc: 0.9847, TrLoss:  0.07088, VaAcc: 0.9479, VaLoss:  0.21590
445,  0 | TrAcc: 0.9853, TrLoss:  0.07041, VaAcc: 0.9471, VaLoss:  0.21747
446,  0 | TrAcc: 0.9852, TrLoss:  0.06954, VaAcc: 0.9487, VaLoss:  0.21882
447,  0 | TrAcc: 0.9852, TrLoss:  0.07104, VaAcc: 0.9487, VaLoss:  0.21552
448,  0 | TrAcc: 0.9837, TrLoss:  0.07331, VaAcc: 0.9526, VaLoss:  0.21263
449,  0 | TrAcc: 0.9839, TrLoss:  0.07025, VaAcc: 0.9510, VaLoss:  0.20983
450,  0 | TrAcc: 0.9856, TrLoss:  0.06839, VaAcc: 0.9518, VaLoss:  0.20706
451,  0 | TrAcc: 0.9848, TrLoss:  0.07157, VaAcc: 0.9510, VaLoss:  0.20895
452,  0 | TrAcc: 0.9829, TrLoss:  0.06899, VaAcc: 0.9510, VaLoss:  0.21100
453,  0 | TrAcc: 0.9856, TrLoss:  0.06951, VaAcc: 0.9502, VaLoss:  0.20744
454,  0 | TrAcc: 0.9860, TrLoss:  0.06713, VaAcc: 0.9510, VaLoss:  0.20356
455,  0 | TrAcc: 0.9855, TrLoss:  0.07139, VaAcc: 0.9502, VaLoss:  0.20508
456,  0 | TrAcc: 0.9858, TrLoss:  0.06659, VaAcc: 0.9502, VaLoss:  0.21118
457,  0 | TrAcc: 0.9845, TrLoss:  0.06981, VaAcc: 0.9447, VaLoss:  0.22273
458,  0 | TrAcc: 0.9856, TrLoss:  0.07085, VaAcc: 0.9431, VaLoss:  0.22009
459,  0 | TrAcc: 0.9848, TrLoss:  0.07067, VaAcc: 0.9439, VaLoss:  0.22215
460,  0 | TrAcc: 0.9850, TrLoss:  0.06868, VaAcc: 0.9431, VaLoss:  0.22772
461,  0 | TrAcc: 0.9861, TrLoss:  0.06879, VaAcc: 0.9408, VaLoss:  0.23323
462,  0 | TrAcc: 0.9852, TrLoss:  0.07010, VaAcc: 0.9439, VaLoss:  0.23036
463,  0 | TrAcc: 0.9848, TrLoss:  0.06893, VaAcc: 0.9471, VaLoss:  0.22246
464,  0 | TrAcc: 0.9856, TrLoss:  0.06925, VaAcc: 0.9494, VaLoss:  0.21074
465,  0 | TrAcc: 0.9856, TrLoss:  0.06774, VaAcc: 0.9542, VaLoss:  0.19887
466,  0 | TrAcc: 0.9850, TrLoss:  0.06945, VaAcc: 0.9550, VaLoss:  0.19165
467,  0 | TrAcc: 0.9852, TrLoss:  0.06807, VaAcc: 0.9526, VaLoss:  0.19177
468,  0 | TrAcc: 0.9848, TrLoss:  0.06998, VaAcc: 0.9510, VaLoss:  0.20224
469,  0 | TrAcc: 0.9853, TrLoss:  0.06874, VaAcc: 0.9526, VaLoss:  0.20323
470,  0 | TrAcc: 0.9844, TrLoss:  0.06951, VaAcc: 0.9558, VaLoss:  0.19464
471,  0 | TrAcc: 0.9871, TrLoss:  0.06472, VaAcc: 0.9581, VaLoss:  0.18305
472,  0 | TrAcc: 0.9869, TrLoss:  0.06867, VaAcc: 0.9621, VaLoss:  0.17763
473,  0 | TrAcc: 0.9852, TrLoss:  0.07032, VaAcc: 0.9613, VaLoss:  0.18088
474,  0 | TrAcc: 0.9860, TrLoss:  0.06882, VaAcc: 0.9558, VaLoss:  0.18712
475,  0 | TrAcc: 0.9864, TrLoss:  0.06741, VaAcc: 0.9479, VaLoss:  0.20344
476,  0 | TrAcc: 0.9836, TrLoss:  0.07127, VaAcc: 0.9542, VaLoss:  0.19908
477,  0 | TrAcc: 0.9864, TrLoss:  0.06620, VaAcc: 0.9566, VaLoss:  0.18574
478,  0 | TrAcc: 0.9852, TrLoss:  0.06818, VaAcc: 0.9597, VaLoss:  0.18151
479,  0 | TrAcc: 0.9855, TrLoss:  0.06882, VaAcc: 0.9597, VaLoss:  0.18032
480,  0 | TrAcc: 0.9861, TrLoss:  0.06667, VaAcc: 0.9597, VaLoss:  0.18063
481,  0 | TrAcc: 0.9864, TrLoss:  0.06725, VaAcc: 0.9589, VaLoss:  0.18190
482,  0 | TrAcc: 0.9860, TrLoss:  0.06748, VaAcc: 0.9581, VaLoss:  0.18767
483,  0 | TrAcc: 0.9848, TrLoss:  0.06640, VaAcc: 0.9550, VaLoss:  0.19339
484,  0 | TrAcc: 0.9860, TrLoss:  0.06772, VaAcc: 0.9494, VaLoss:  0.19735
485,  0 | TrAcc: 0.9861, TrLoss:  0.06671, VaAcc: 0.9502, VaLoss:  0.20270
486,  0 | TrAcc: 0.9850, TrLoss:  0.06934, VaAcc: 0.9487, VaLoss:  0.21080
487,  0 | TrAcc: 0.9858, TrLoss:  0.06975, VaAcc: 0.9447, VaLoss:  0.21364
488,  0 | TrAcc: 0.9847, TrLoss:  0.06829, VaAcc: 0.9487, VaLoss:  0.20748
489,  0 | TrAcc: 0.9863, TrLoss:  0.06625, VaAcc: 0.9534, VaLoss:  0.19708
490,  0 | TrAcc: 0.9861, TrLoss:  0.06748, VaAcc: 0.9573, VaLoss:  0.19254
491,  0 | TrAcc: 0.9853, TrLoss:  0.06689, VaAcc: 0.9581, VaLoss:  0.18863
492,  0 | TrAcc: 0.9869, TrLoss:  0.06374, VaAcc: 0.9558, VaLoss:  0.19342
493,  0 | TrAcc: 0.9861, TrLoss:  0.06716, VaAcc: 0.9558, VaLoss:  0.19706
494,  0 | TrAcc: 0.9853, TrLoss:  0.06717, VaAcc: 0.9526, VaLoss:  0.19689
495,  0 | TrAcc: 0.9866, TrLoss:  0.06454, VaAcc: 0.9550, VaLoss:  0.19088
496,  0 | TrAcc: 0.9867, TrLoss:  0.06585, VaAcc: 0.9566, VaLoss:  0.18917
497,  0 | TrAcc: 0.9875, TrLoss:  0.06461, VaAcc: 0.9558, VaLoss:  0.18952
498,  0 | TrAcc: 0.9848, TrLoss:  0.06745, VaAcc: 0.9534, VaLoss:  0.19565
499,  0 | TrAcc: 0.9861, TrLoss:  0.06586, VaAcc: 0.9502, VaLoss:  0.20291
----------------------------
Final Tr Acc   :   0.98611 +-     nan
Final Va Acc   :   0.95024 +-     nan
Final Tr Loss  :   0.06586 +-     nan
Final Va Loss  :   0.20291 +-     nan

TrAcc
Run:  0 | 98.75% in epoch  497

VaAcc
Run:  0 | 96.21% in epoch  472
(1, 500)
